=================================================
Project : lang_2	start : 18/01/12 19:05
Current failed test : org.apache.commons.lang3.LocaleUtilsTest::testParseAllLocales | 18/01/12 19:06
Fri Jan 12 19:06:44 AEDT 2018 org.apache.commons.lang3.LocaleUtils,122
Fri Jan 12 19:11:56 AEDT 2018 org.apache.commons.lang3.LocaleUtils,139
Fri Jan 12 19:16:32 AEDT 2018 org.apache.commons.lang3.LocaleUtils,141
Fri Jan 12 19:28:00 AEDT 2018 org.apache.commons.lang3.LocaleUtils,144
Fri Jan 12 19:32:55 AEDT 2018 org.apache.commons.lang3.LocaleUtils,147
Fri Jan 12 19:40:18 AEDT 2018 org.apache.commons.lang3.LocaleUtils,134
Fri Jan 12 19:55:37 AEDT 2018 org.apache.commons.lang3.LocaleUtils,135
Fri Jan 12 19:55:37 AEDT 2018 org.apache.commons.lang3.LocaleUtils,138
Fri Jan 12 19:55:38 AEDT 2018 org.apache.commons.lang3.LocaleUtils,127
Fri Jan 12 20:00:32 AEDT 2018 org.apache.commons.lang3.LocaleUtils,130
Fri Jan 12 20:19:36 AEDT 2018 org.apache.commons.lang3.LocaleUtils,131
Fri Jan 12 20:19:37 AEDT 2018 org.apache.commons.lang3.LocaleUtils,117
Fri Jan 12 21:04:25 AEDT 2018 org.apache.commons.lang3.LocaleUtils,118
Fri Jan 12 21:23:09 AEDT 2018 org.apache.commons.lang3.LocaleUtils,121
Fri Jan 12 21:23:09 AEDT 2018 org.apache.commons.lang3.LocaleUtils,124
Fri Jan 12 21:34:43 AEDT 2018 org.apache.commons.lang3.LocaleUtils,89
Fri Jan 12 21:35:38 AEDT 2018 org.apache.commons.lang3.LocaleUtils,92
Fri Jan 12 22:01:56 AEDT 2018 org.apache.commons.lang3.LocaleUtils,93
Fri Jan 12 22:01:56 AEDT 2018 org.apache.commons.lang3.LocaleUtils,96
Fri Jan 12 22:20:30 AEDT 2018 org.apache.commons.lang3.LocaleUtils,97
Fri Jan 12 23:01:24 AEDT 2018 org.apache.commons.lang3.LocaleUtils,214
Fri Jan 12 23:01:26 AEDT 2018 org.apache.commons.lang3.LocaleUtils,239
Fri Jan 12 23:01:35 AEDT 2018 Fri Jan 12 23:01:35 AEDT 2018 : org.apache.commons.lang3.LocaleUtils,309=>Find no block
Fri Jan 12 23:01:35 AEDT 2018 org.apache.commons.lang3.LocaleUtils,57
Fri Jan 12 23:01:37 AEDT 2018 Fri Jan 12 23:01:37 AEDT 2018 : org.apache.commons.lang3.LocaleUtils,58=>Find no block
Fri Jan 12 23:01:37 AEDT 2018 org.apache.commons.lang3.LocaleUtils,90
Fri Jan 12 23:01:38 AEDT 2018 org.apache.commons.lang3.LocaleUtils,94
Fri Jan 12 23:01:38 AEDT 2018 org.apache.commons.lang3.LocaleUtils,98
Fri Jan 12 23:01:38 AEDT 2018 org.apache.commons.lang3.LocaleUtils,99
Fri Jan 12 23:01:39 AEDT 2018 org.apache.commons.lang3.LocaleUtils,101
Fri Jan 12 23:29:03 AEDT 2018 org.apache.commons.lang3.LocaleUtils,102
Timeout time : 18/01/13 00:06
