=================================================
Project : lang_22	start : 18/01/12 19:05
Current failed test : org.apache.commons.lang3.math.FractionTest::testReducedFactory_int_int | 18/01/12 19:06
Fri Jan 12 19:06:43 AEDT 2018 org.apache.commons.lang3.math.Fraction,216
Fri Jan 12 19:08:28 AEDT 2018 org.apache.commons.lang3.math.Fraction,223
Fri Jan 12 19:16:06 AEDT 2018 org.apache.commons.lang3.math.Fraction,226
Fri Jan 12 19:18:23 AEDT 2018 org.apache.commons.lang3.math.Fraction,228
Fri Jan 12 19:18:23 AEDT 2018 org.apache.commons.lang3.math.Fraction,230
Fri Jan 12 19:23:39 AEDT 2018 org.apache.commons.lang3.math.Fraction,231
Fri Jan 12 19:23:40 AEDT 2018 org.apache.commons.lang3.math.Fraction,475
Fri Jan 12 19:25:49 AEDT 2018 org.apache.commons.lang3.math.Fraction,476
Fri Jan 12 19:25:49 AEDT 2018 org.apache.commons.lang3.math.Fraction,478
Fri Jan 12 19:30:11 AEDT 2018 org.apache.commons.lang3.math.Fraction,479
Fri Jan 12 19:30:12 AEDT 2018 org.apache.commons.lang3.math.Fraction,480
Fri Jan 12 19:30:13 AEDT 2018 org.apache.commons.lang3.math.Fraction,482
Fri Jan 12 19:30:14 AEDT 2018 org.apache.commons.lang3.math.Fraction,591
Fri Jan 12 19:31:11 AEDT 2018 org.apache.commons.lang3.math.Fraction,592
Fri Jan 12 19:32:15 AEDT 2018 org.apache.commons.lang3.math.Fraction,594
Fri Jan 12 19:37:48 AEDT 2018 org.apache.commons.lang3.math.Fraction,595
Fri Jan 12 19:37:48 AEDT 2018 org.apache.commons.lang3.math.Fraction,598
Fri Jan 12 19:37:50 AEDT 2018 org.apache.commons.lang3.math.Fraction,603
Fri Jan 12 19:37:51 AEDT 2018 org.apache.commons.lang3.math.Fraction,609
Fri Jan 12 19:38:46 AEDT 2018 org.apache.commons.lang3.math.Fraction,613
Fri Jan 12 19:53:07 AEDT 2018 org.apache.commons.lang3.math.Fraction,614
Fri Jan 12 19:53:07 AEDT 2018 org.apache.commons.lang3.math.Fraction,616
Fri Jan 12 19:53:08 AEDT 2018 org.apache.commons.lang3.math.Fraction,619
Fri Jan 12 19:53:17 AEDT 2018 org.apache.commons.lang3.math.Fraction,622
Fri Jan 12 19:53:17 AEDT 2018 org.apache.commons.lang3.math.Fraction,623
Fri Jan 12 19:53:22 AEDT 2018 org.apache.commons.lang3.math.Fraction,584
Fri Jan 12 19:53:33 AEDT 2018 org.apache.commons.lang3.math.Fraction,585
Fri Jan 12 19:53:34 AEDT 2018 org.apache.commons.lang3.math.Fraction,219
Fri Jan 12 19:55:24 AEDT 2018 org.apache.commons.lang3.math.Fraction,844
Fri Jan 12 19:57:07 AEDT 2018 org.apache.commons.lang3.math.Fraction,847
Fri Jan 12 19:58:51 AEDT 2018 org.apache.commons.lang3.math.Fraction,850
Fri Jan 12 20:04:03 AEDT 2018 org.apache.commons.lang3.math.Fraction,851
Fri Jan 12 20:04:03 AEDT 2018 org.apache.commons.lang3.math.Fraction,151
Fri Jan 12 20:04:03 AEDT 2018 org.apache.commons.lang3.math.Fraction,155
Fri Jan 12 20:04:04 AEDT 2018 org.apache.commons.lang3.math.Fraction,156
Fri Jan 12 20:04:04 AEDT 2018 org.apache.commons.lang3.math.Fraction,596
Fri Jan 12 20:04:04 AEDT 2018 org.apache.commons.lang3.math.Fraction,373
Fri Jan 12 20:04:36 AEDT 2018 org.apache.commons.lang3.math.Fraction,382
Fri Jan 12 20:05:08 AEDT 2018 org.apache.commons.lang3.math.Fraction,129
Fri Jan 12 20:06:40 AEDT 2018 Fri Jan 12 20:06:40 AEDT 2018 : org.apache.commons.lang3.math.Fraction,111=>Find no block
Fri Jan 12 20:06:40 AEDT 2018 Fri Jan 12 20:06:40 AEDT 2018 : org.apache.commons.lang3.math.Fraction,115=>Find no block
Fri Jan 12 20:06:40 AEDT 2018 Fri Jan 12 20:06:40 AEDT 2018 : org.apache.commons.lang3.math.Fraction,119=>Find no block
Fri Jan 12 20:06:40 AEDT 2018 org.apache.commons.lang3.math.Fraction,130
Fri Jan 12 20:06:41 AEDT 2018 org.apache.commons.lang3.math.Fraction,131
Fri Jan 12 20:06:41 AEDT 2018 Fri Jan 12 20:06:41 AEDT 2018 : org.apache.commons.lang3.math.Fraction,132=>Find no block
Fri Jan 12 20:06:41 AEDT 2018 org.apache.commons.lang3.math.Fraction,215
Fri Jan 12 20:06:41 AEDT 2018 org.apache.commons.lang3.math.Fraction,218
Fri Jan 12 20:06:42 AEDT 2018 org.apache.commons.lang3.math.Fraction,222
Fri Jan 12 20:06:42 AEDT 2018 org.apache.commons.lang3.math.Fraction,225
Fri Jan 12 20:06:42 AEDT 2018 org.apache.commons.lang3.math.Fraction,234
Fri Jan 12 20:10:21 AEDT 2018 org.apache.commons.lang3.math.Fraction,235
Fri Jan 12 20:13:58 AEDT 2018 org.apache.commons.lang3.math.Fraction,236
Fri Jan 12 20:16:33 AEDT 2018 org.apache.commons.lang3.math.Fraction,237
Fri Jan 12 20:16:35 AEDT 2018 org.apache.commons.lang3.math.Fraction,610
Fri Jan 12 20:16:35 AEDT 2018 org.apache.commons.lang3.math.Fraction,147
Fri Jan 12 20:16:35 AEDT 2018 org.apache.commons.lang3.math.Fraction,150
Fri Jan 12 20:16:35 AEDT 2018 org.apache.commons.lang3.math.Fraction,158
Fri Jan 12 20:20:24 AEDT 2018 org.apache.commons.lang3.math.Fraction,148
Fri Jan 12 20:20:24 AEDT 2018 org.apache.commons.lang3.math.Fraction,153
Fri Jan 12 20:20:24 AEDT 2018 org.apache.commons.lang3.math.Fraction,178
Fri Jan 12 20:20:24 AEDT 2018 org.apache.commons.lang3.math.Fraction,179
Fri Jan 12 20:20:25 AEDT 2018 org.apache.commons.lang3.math.Fraction,181
Fri Jan 12 20:22:01 AEDT 2018 org.apache.commons.lang3.math.Fraction,182
Fri Jan 12 20:22:01 AEDT 2018 org.apache.commons.lang3.math.Fraction,184
Fri Jan 12 20:24:10 AEDT 2018 org.apache.commons.lang3.math.Fraction,185
Fri Jan 12 20:24:11 AEDT 2018 org.apache.commons.lang3.math.Fraction,188
Fri Jan 12 20:25:16 AEDT 2018 org.apache.commons.lang3.math.Fraction,189
Fri Jan 12 20:25:17 AEDT 2018 org.apache.commons.lang3.math.Fraction,191
Fri Jan 12 20:25:17 AEDT 2018 org.apache.commons.lang3.math.Fraction,193
Fri Jan 12 20:25:18 AEDT 2018 org.apache.commons.lang3.math.Fraction,195
Fri Jan 12 20:25:18 AEDT 2018 org.apache.commons.lang3.math.Fraction,197
Fri Jan 12 20:26:28 AEDT 2018 org.apache.commons.lang3.math.Fraction,255
Fri Jan 12 20:29:10 AEDT 2018 org.apache.commons.lang3.math.Fraction,256
Fri Jan 12 20:29:10 AEDT 2018 org.apache.commons.lang3.math.Fraction,257
Fri Jan 12 20:30:11 AEDT 2018 org.apache.commons.lang3.math.Fraction,258
Fri Jan 12 20:30:11 AEDT 2018 org.apache.commons.lang3.math.Fraction,261
Fri Jan 12 20:32:13 AEDT 2018 org.apache.commons.lang3.math.Fraction,262
Fri Jan 12 20:34:31 AEDT 2018 org.apache.commons.lang3.math.Fraction,264
Fri Jan 12 20:36:43 AEDT 2018 org.apache.commons.lang3.math.Fraction,265
Fri Jan 12 20:36:45 AEDT 2018 org.apache.commons.lang3.math.Fraction,266
Fri Jan 12 20:36:46 AEDT 2018 org.apache.commons.lang3.math.Fraction,267
Fri Jan 12 20:36:47 AEDT 2018 org.apache.commons.lang3.math.Fraction,268
Fri Jan 12 20:36:48 AEDT 2018 org.apache.commons.lang3.math.Fraction,269
Fri Jan 12 20:39:26 AEDT 2018 org.apache.commons.lang3.math.Fraction,270
Fri Jan 12 20:42:15 AEDT 2018 org.apache.commons.lang3.math.Fraction,271
Fri Jan 12 20:43:56 AEDT 2018 org.apache.commons.lang3.math.Fraction,272
Fri Jan 12 20:44:30 AEDT 2018 org.apache.commons.lang3.math.Fraction,273
Fri Jan 12 20:46:55 AEDT 2018 org.apache.commons.lang3.math.Fraction,274
Fri Jan 12 20:48:45 AEDT 2018 org.apache.commons.lang3.math.Fraction,275
Fri Jan 12 20:50:14 AEDT 2018 org.apache.commons.lang3.math.Fraction,276
Fri Jan 12 20:50:23 AEDT 2018 org.apache.commons.lang3.math.Fraction,278
Fri Jan 12 20:53:44 AEDT 2018 org.apache.commons.lang3.math.Fraction,281
Fri Jan 12 20:55:36 AEDT 2018 org.apache.commons.lang3.math.Fraction,282
Fri Jan 12 20:55:37 AEDT 2018 org.apache.commons.lang3.math.Fraction,283
Fri Jan 12 20:58:10 AEDT 2018 org.apache.commons.lang3.math.Fraction,284
Fri Jan 12 21:04:57 AEDT 2018 org.apache.commons.lang3.math.Fraction,285
Fri Jan 12 21:08:26 AEDT 2018 org.apache.commons.lang3.math.Fraction,286
Fri Jan 12 21:13:03 AEDT 2018 org.apache.commons.lang3.math.Fraction,287
Fri Jan 12 21:18:55 AEDT 2018 org.apache.commons.lang3.math.Fraction,288
Fri Jan 12 21:30:01 AEDT 2018 org.apache.commons.lang3.math.Fraction,290
Fri Jan 12 21:36:46 AEDT 2018 org.apache.commons.lang3.math.Fraction,291
Fri Jan 12 21:38:04 AEDT 2018 org.apache.commons.lang3.math.Fraction,292
Fri Jan 12 21:42:29 AEDT 2018 org.apache.commons.lang3.math.Fraction,293
Fri Jan 12 21:44:51 AEDT 2018 org.apache.commons.lang3.math.Fraction,294
Fri Jan 12 21:55:13 AEDT 2018 org.apache.commons.lang3.math.Fraction,295
Fri Jan 12 21:57:52 AEDT 2018 org.apache.commons.lang3.math.Fraction,296
Fri Jan 12 22:17:16 AEDT 2018 org.apache.commons.lang3.math.Fraction,297
Fri Jan 12 22:17:17 AEDT 2018 org.apache.commons.lang3.math.Fraction,299
Fri Jan 12 22:20:44 AEDT 2018 org.apache.commons.lang3.math.Fraction,300
Fri Jan 12 22:22:25 AEDT 2018 org.apache.commons.lang3.math.Fraction,301
Fri Jan 12 22:22:26 AEDT 2018 org.apache.commons.lang3.math.Fraction,303
Fri Jan 12 22:24:56 AEDT 2018 org.apache.commons.lang3.math.Fraction,325
Fri Jan 12 22:29:36 AEDT 2018 org.apache.commons.lang3.math.Fraction,326
Fri Jan 12 22:29:37 AEDT 2018 org.apache.commons.lang3.math.Fraction,329
Fri Jan 12 22:49:56 AEDT 2018 org.apache.commons.lang3.math.Fraction,330
Fri Jan 12 22:49:57 AEDT 2018 org.apache.commons.lang3.math.Fraction,331
Fri Jan 12 22:49:57 AEDT 2018 org.apache.commons.lang3.math.Fraction,335
Fri Jan 12 22:59:48 AEDT 2018 org.apache.commons.lang3.math.Fraction,336
Fri Jan 12 23:29:28 AEDT 2018 org.apache.commons.lang3.math.Fraction,337
Fri Jan 12 23:41:07 AEDT 2018 org.apache.commons.lang3.math.Fraction,338
Fri Jan 12 23:41:08 AEDT 2018 org.apache.commons.lang3.math.Fraction,339
Sat Jan 13 00:02:13 AEDT 2018 org.apache.commons.lang3.math.Fraction,340
Sat Jan 13 00:02:13 AEDT 2018 org.apache.commons.lang3.math.Fraction,341
Sat Jan 13 00:02:13 AEDT 2018 org.apache.commons.lang3.math.Fraction,343
Sat Jan 13 00:02:13 AEDT 2018 org.apache.commons.lang3.math.Fraction,344
Sat Jan 13 00:02:14 AEDT 2018 org.apache.commons.lang3.math.Fraction,345
Sat Jan 13 00:02:14 AEDT 2018 org.apache.commons.lang3.math.Fraction,350
Timeout time : 18/01/13 00:06
