=================================================
Project : lang_29	start : 18/01/12 14:05
Current failed test : org.apache.commons.lang3.SystemUtilsTest::testJavaVersionAsInt | 18/01/12 14:05
Fri Jan 12 14:05:59 AEDT 2018 org.apache.commons.lang3.SystemUtils,1673
Fri Jan 12 14:06:26 AEDT 2018 org.apache.commons.lang3.SystemUtils,1717
Fri Jan 12 14:06:28 AEDT 2018 org.apache.commons.lang3.SystemUtils,1792
Fri Jan 12 14:07:06 AEDT 2018 org.apache.commons.lang3.SystemUtils,1795
Fri Jan 12 14:22:39 AEDT 2018 org.apache.commons.lang3.SystemUtils,1796
Fri Jan 12 14:52:31 AEDT 2018 org.apache.commons.lang3.SystemUtils,1797
Fri Jan 12 15:00:19 AEDT 2018 org.apache.commons.lang3.SystemUtils,1800
Fri Jan 12 15:16:10 AEDT 2018 org.apache.commons.lang3.SystemUtils,1803
Fri Jan 12 15:34:18 AEDT 2018 org.apache.commons.lang3.SystemUtils,1806
Fri Jan 12 15:49:37 AEDT 2018 org.apache.commons.lang3.SystemUtils,1716
Fri Jan 12 15:49:37 AEDT 2018 org.apache.commons.lang3.ArrayUtils,145
Fri Jan 12 15:49:39 AEDT 2018 Fri Jan 12 15:49:39 AEDT 2018 : org.apache.commons.lang3.ArrayUtils,146=>Find no block
Fri Jan 12 15:49:39 AEDT 2018 org.apache.commons.lang3.ArrayUtils,162
Fri Jan 12 15:51:21 AEDT 2018 org.apache.commons.lang3.ArrayUtils,178
Fri Jan 12 15:52:41 AEDT 2018 org.apache.commons.lang3.ArrayUtils,179
Fri Jan 12 15:52:42 AEDT 2018 org.apache.commons.lang3.ArrayUtils,181
Fri Jan 12 15:55:52 AEDT 2018 org.apache.commons.lang3.ArrayUtils,195
Fri Jan 12 15:56:01 AEDT 2018 org.apache.commons.lang3.ArrayUtils,226
Fri Jan 12 15:56:25 AEDT 2018 org.apache.commons.lang3.ArrayUtils,227
Fri Jan 12 15:56:25 AEDT 2018 org.apache.commons.lang3.ArrayUtils,229
Fri Jan 12 16:01:15 AEDT 2018 org.apache.commons.lang3.ArrayUtils,230
Fri Jan 12 17:44:10 AEDT 2018 org.apache.commons.lang3.ArrayUtils,231
Fri Jan 12 17:48:57 AEDT 2018 org.apache.commons.lang3.ArrayUtils,232
Fri Jan 12 17:48:57 AEDT 2018 org.apache.commons.lang3.ArrayUtils,233
Fri Jan 12 17:48:58 AEDT 2018 org.apache.commons.lang3.ArrayUtils,234
Fri Jan 12 17:48:58 AEDT 2018 org.apache.commons.lang3.ArrayUtils,235
Fri Jan 12 17:48:58 AEDT 2018 org.apache.commons.lang3.ArrayUtils,236
Fri Jan 12 17:48:59 AEDT 2018 org.apache.commons.lang3.ArrayUtils,237
Fri Jan 12 17:48:59 AEDT 2018 org.apache.commons.lang3.ArrayUtils,238
Fri Jan 12 17:48:59 AEDT 2018 org.apache.commons.lang3.ArrayUtils,242
Fri Jan 12 17:49:00 AEDT 2018 Fri Jan 12 17:49:00 AEDT 2018 : org.apache.commons.lang3.ArrayUtils,243=>Find no block
Fri Jan 12 17:49:00 AEDT 2018 org.apache.commons.lang3.ArrayUtils,244
Fri Jan 12 17:49:00 AEDT 2018 org.apache.commons.lang3.ArrayUtils,249
Fri Jan 12 18:04:08 AEDT 2018 org.apache.commons.lang3.ArrayUtils,294
Fri Jan 12 18:04:10 AEDT 2018 org.apache.commons.lang3.ArrayUtils,312
Fri Jan 12 18:04:10 AEDT 2018 org.apache.commons.lang3.ArrayUtils,313
Fri Jan 12 18:04:10 AEDT 2018 org.apache.commons.lang3.ArrayUtils,315
Fri Jan 12 18:05:05 AEDT 2018 org.apache.commons.lang3.ArrayUtils,328
Fri Jan 12 18:05:06 AEDT 2018 org.apache.commons.lang3.ArrayUtils,329
Fri Jan 12 18:05:07 AEDT 2018 org.apache.commons.lang3.ArrayUtils,331
Fri Jan 12 18:05:07 AEDT 2018 org.apache.commons.lang3.ArrayUtils,344
Fri Jan 12 18:05:08 AEDT 2018 org.apache.commons.lang3.ArrayUtils,345
Fri Jan 12 18:05:08 AEDT 2018 org.apache.commons.lang3.ArrayUtils,347
Fri Jan 12 18:05:08 AEDT 2018 org.apache.commons.lang3.ArrayUtils,360
Fri Jan 12 18:05:09 AEDT 2018 org.apache.commons.lang3.ArrayUtils,361
Fri Jan 12 18:05:09 AEDT 2018 org.apache.commons.lang3.ArrayUtils,363
Fri Jan 12 18:05:09 AEDT 2018 org.apache.commons.lang3.ArrayUtils,376
Fri Jan 12 18:05:09 AEDT 2018 org.apache.commons.lang3.ArrayUtils,377
Fri Jan 12 18:05:10 AEDT 2018 org.apache.commons.lang3.ArrayUtils,379
Fri Jan 12 18:05:10 AEDT 2018 org.apache.commons.lang3.ArrayUtils,392
Fri Jan 12 18:05:10 AEDT 2018 org.apache.commons.lang3.ArrayUtils,393
Fri Jan 12 18:05:11 AEDT 2018 org.apache.commons.lang3.ArrayUtils,395
Fri Jan 12 18:05:11 AEDT 2018 org.apache.commons.lang3.ArrayUtils,408
Fri Jan 12 18:05:11 AEDT 2018 org.apache.commons.lang3.ArrayUtils,409
Fri Jan 12 18:05:11 AEDT 2018 org.apache.commons.lang3.ArrayUtils,411
Fri Jan 12 18:05:12 AEDT 2018 org.apache.commons.lang3.ArrayUtils,424
Fri Jan 12 18:05:12 AEDT 2018 org.apache.commons.lang3.ArrayUtils,425
Fri Jan 12 18:05:12 AEDT 2018 org.apache.commons.lang3.ArrayUtils,427
Fri Jan 12 18:05:13 AEDT 2018 org.apache.commons.lang3.ArrayUtils,440
Fri Jan 12 18:05:13 AEDT 2018 org.apache.commons.lang3.ArrayUtils,441
Fri Jan 12 18:05:13 AEDT 2018 org.apache.commons.lang3.ArrayUtils,443
Fri Jan 12 18:05:13 AEDT 2018 org.apache.commons.lang3.ArrayUtils,462
Fri Jan 12 18:09:59 AEDT 2018 org.apache.commons.lang3.ArrayUtils,463
Fri Jan 12 18:10:00 AEDT 2018 org.apache.commons.lang3.ArrayUtils,465
Fri Jan 12 18:14:24 AEDT 2018 org.apache.commons.lang3.ArrayUtils,482
Fri Jan 12 18:19:13 AEDT 2018 org.apache.commons.lang3.ArrayUtils,483
Fri Jan 12 18:19:14 AEDT 2018 org.apache.commons.lang3.ArrayUtils,485
Fri Jan 12 18:24:00 AEDT 2018 org.apache.commons.lang3.ArrayUtils,502
Fri Jan 12 18:28:46 AEDT 2018 org.apache.commons.lang3.ArrayUtils,503
Fri Jan 12 18:28:46 AEDT 2018 org.apache.commons.lang3.ArrayUtils,505
Fri Jan 12 18:33:36 AEDT 2018 org.apache.commons.lang3.ArrayUtils,522
Fri Jan 12 18:38:13 AEDT 2018 org.apache.commons.lang3.ArrayUtils,523
Fri Jan 12 18:38:14 AEDT 2018 org.apache.commons.lang3.ArrayUtils,525
Fri Jan 12 18:42:57 AEDT 2018 org.apache.commons.lang3.ArrayUtils,542
Fri Jan 12 18:47:41 AEDT 2018 org.apache.commons.lang3.ArrayUtils,543
Fri Jan 12 18:47:41 AEDT 2018 org.apache.commons.lang3.ArrayUtils,545
Fri Jan 12 18:52:31 AEDT 2018 org.apache.commons.lang3.ArrayUtils,562
Fri Jan 12 18:57:04 AEDT 2018 org.apache.commons.lang3.ArrayUtils,563
Fri Jan 12 18:57:04 AEDT 2018 org.apache.commons.lang3.ArrayUtils,565
Fri Jan 12 19:02:46 AEDT 2018 org.apache.commons.lang3.ArrayUtils,582
Timeout time : 18/01/12 19:05
