=================================================
Project : lang_37	start : 18/01/12 23:15
Current failed test : org.apache.commons.lang3.ArrayUtilsAddTest::testJira567 | 18/01/12 23:15
Fri Jan 12 23:16:11 AEDT 2018 org.apache.commons.lang3.ArrayUtils,2954
Fri Jan 12 23:17:37 AEDT 2018 org.apache.commons.lang3.ArrayUtils,2956
Fri Jan 12 23:17:38 AEDT 2018 org.apache.commons.lang3.ArrayUtils,2959
Fri Jan 12 23:51:58 AEDT 2018 org.apache.commons.lang3.ArrayUtils,2960
Fri Jan 12 23:51:58 AEDT 2018 org.apache.commons.lang3.ArrayUtils,2961
Fri Jan 12 23:51:59 AEDT 2018 org.apache.commons.lang3.ArrayUtils,2962
Fri Jan 12 23:51:59 AEDT 2018 org.apache.commons.lang3.ArrayUtils,2964
Fri Jan 12 23:51:59 AEDT 2018 org.apache.commons.lang3.ArrayUtils,143
Fri Jan 12 23:52:00 AEDT 2018 Fri Jan 12 23:52:00 AEDT 2018 : org.apache.commons.lang3.ArrayUtils,144=>Find no block
Fri Jan 12 23:52:01 AEDT 2018 org.apache.commons.lang3.ArrayUtils,160
Fri Jan 12 23:53:45 AEDT 2018 org.apache.commons.lang3.ArrayUtils,176
Fri Jan 12 23:55:13 AEDT 2018 org.apache.commons.lang3.ArrayUtils,177
Fri Jan 12 23:55:13 AEDT 2018 org.apache.commons.lang3.ArrayUtils,179
Fri Jan 12 23:58:36 AEDT 2018 org.apache.commons.lang3.ArrayUtils,193
Fri Jan 12 23:58:37 AEDT 2018 org.apache.commons.lang3.ArrayUtils,224
Fri Jan 12 23:58:38 AEDT 2018 org.apache.commons.lang3.ArrayUtils,225
Fri Jan 12 23:58:39 AEDT 2018 org.apache.commons.lang3.ArrayUtils,227
Sat Jan 13 00:03:32 AEDT 2018 org.apache.commons.lang3.ArrayUtils,228
Sat Jan 13 01:41:53 AEDT 2018 org.apache.commons.lang3.ArrayUtils,229
Sat Jan 13 01:46:28 AEDT 2018 org.apache.commons.lang3.ArrayUtils,230
Sat Jan 13 01:46:28 AEDT 2018 org.apache.commons.lang3.ArrayUtils,231
Sat Jan 13 01:46:28 AEDT 2018 org.apache.commons.lang3.ArrayUtils,232
Sat Jan 13 01:46:28 AEDT 2018 org.apache.commons.lang3.ArrayUtils,233
Sat Jan 13 01:46:28 AEDT 2018 org.apache.commons.lang3.ArrayUtils,234
Sat Jan 13 01:46:29 AEDT 2018 org.apache.commons.lang3.ArrayUtils,235
Sat Jan 13 01:46:29 AEDT 2018 org.apache.commons.lang3.ArrayUtils,236
Sat Jan 13 01:46:29 AEDT 2018 org.apache.commons.lang3.ArrayUtils,240
Sat Jan 13 01:46:30 AEDT 2018 Sat Jan 13 01:46:30 AEDT 2018 : org.apache.commons.lang3.ArrayUtils,241=>Find no block
Sat Jan 13 01:46:30 AEDT 2018 org.apache.commons.lang3.ArrayUtils,242
Sat Jan 13 01:46:30 AEDT 2018 org.apache.commons.lang3.ArrayUtils,247
Sat Jan 13 02:00:03 AEDT 2018 org.apache.commons.lang3.ArrayUtils,265
Sat Jan 13 02:00:03 AEDT 2018 org.apache.commons.lang3.ArrayUtils,266
Sat Jan 13 02:00:04 AEDT 2018 org.apache.commons.lang3.ArrayUtils,268
Sat Jan 13 02:00:57 AEDT 2018 org.apache.commons.lang3.ArrayUtils,281
Sat Jan 13 02:00:57 AEDT 2018 org.apache.commons.lang3.ArrayUtils,282
Sat Jan 13 02:00:57 AEDT 2018 org.apache.commons.lang3.ArrayUtils,284
Sat Jan 13 02:00:57 AEDT 2018 org.apache.commons.lang3.ArrayUtils,297
Sat Jan 13 02:00:58 AEDT 2018 org.apache.commons.lang3.ArrayUtils,298
Sat Jan 13 02:00:58 AEDT 2018 org.apache.commons.lang3.ArrayUtils,300
Sat Jan 13 02:00:58 AEDT 2018 org.apache.commons.lang3.ArrayUtils,313
Sat Jan 13 02:00:58 AEDT 2018 org.apache.commons.lang3.ArrayUtils,314
Sat Jan 13 02:00:58 AEDT 2018 org.apache.commons.lang3.ArrayUtils,316
Sat Jan 13 02:00:59 AEDT 2018 org.apache.commons.lang3.ArrayUtils,329
Sat Jan 13 02:00:59 AEDT 2018 org.apache.commons.lang3.ArrayUtils,330
Sat Jan 13 02:00:59 AEDT 2018 org.apache.commons.lang3.ArrayUtils,332
Sat Jan 13 02:00:59 AEDT 2018 org.apache.commons.lang3.ArrayUtils,345
Sat Jan 13 02:00:59 AEDT 2018 org.apache.commons.lang3.ArrayUtils,346
Sat Jan 13 02:01:00 AEDT 2018 org.apache.commons.lang3.ArrayUtils,348
Sat Jan 13 02:01:00 AEDT 2018 org.apache.commons.lang3.ArrayUtils,361
Sat Jan 13 02:01:00 AEDT 2018 org.apache.commons.lang3.ArrayUtils,362
Sat Jan 13 02:01:00 AEDT 2018 org.apache.commons.lang3.ArrayUtils,364
Sat Jan 13 02:01:01 AEDT 2018 org.apache.commons.lang3.ArrayUtils,377
Sat Jan 13 02:01:01 AEDT 2018 org.apache.commons.lang3.ArrayUtils,378
Sat Jan 13 02:01:01 AEDT 2018 org.apache.commons.lang3.ArrayUtils,380
Sat Jan 13 02:01:01 AEDT 2018 org.apache.commons.lang3.ArrayUtils,393
Sat Jan 13 02:01:02 AEDT 2018 org.apache.commons.lang3.ArrayUtils,394
Sat Jan 13 02:01:02 AEDT 2018 org.apache.commons.lang3.ArrayUtils,396
Sat Jan 13 02:01:02 AEDT 2018 org.apache.commons.lang3.ArrayUtils,430
Sat Jan 13 02:01:02 AEDT 2018 org.apache.commons.lang3.ArrayUtils,431
Sat Jan 13 02:01:03 AEDT 2018 org.apache.commons.lang3.ArrayUtils,433
Sat Jan 13 02:02:02 AEDT 2018 org.apache.commons.lang3.ArrayUtils,434
Sat Jan 13 02:02:02 AEDT 2018 org.apache.commons.lang3.ArrayUtils,436
Sat Jan 13 02:08:44 AEDT 2018 org.apache.commons.lang3.ArrayUtils,437
Sat Jan 13 02:08:44 AEDT 2018 org.apache.commons.lang3.ArrayUtils,439
Sat Jan 13 02:37:45 AEDT 2018 org.apache.commons.lang3.ArrayUtils,440
Sat Jan 13 02:43:31 AEDT 2018 org.apache.commons.lang3.ArrayUtils,441
Sat Jan 13 02:44:50 AEDT 2018 org.apache.commons.lang3.ArrayUtils,442
Sat Jan 13 02:44:50 AEDT 2018 org.apache.commons.lang3.ArrayUtils,444
Sat Jan 13 02:55:13 AEDT 2018 org.apache.commons.lang3.ArrayUtils,445
Sat Jan 13 03:04:07 AEDT 2018 org.apache.commons.lang3.ArrayUtils,446
Sat Jan 13 03:04:08 AEDT 2018 org.apache.commons.lang3.ArrayUtils,469
Sat Jan 13 03:04:08 AEDT 2018 org.apache.commons.lang3.ArrayUtils,470
Sat Jan 13 03:04:08 AEDT 2018 org.apache.commons.lang3.ArrayUtils,472
Sat Jan 13 03:04:08 AEDT 2018 org.apache.commons.lang3.ArrayUtils,473
Sat Jan 13 03:04:08 AEDT 2018 org.apache.commons.lang3.ArrayUtils,475
Sat Jan 13 03:04:09 AEDT 2018 org.apache.commons.lang3.ArrayUtils,476
Sat Jan 13 03:04:09 AEDT 2018 org.apache.commons.lang3.ArrayUtils,478
Sat Jan 13 03:23:57 AEDT 2018 org.apache.commons.lang3.ArrayUtils,479
Sat Jan 13 03:23:57 AEDT 2018 org.apache.commons.lang3.ArrayUtils,480
Sat Jan 13 03:23:58 AEDT 2018 org.apache.commons.lang3.ArrayUtils,483
Sat Jan 13 03:34:59 AEDT 2018 org.apache.commons.lang3.ArrayUtils,484
Sat Jan 13 03:43:53 AEDT 2018 org.apache.commons.lang3.ArrayUtils,485
Sat Jan 13 03:43:53 AEDT 2018 org.apache.commons.lang3.ArrayUtils,508
Sat Jan 13 03:43:53 AEDT 2018 org.apache.commons.lang3.ArrayUtils,509
Sat Jan 13 03:43:53 AEDT 2018 org.apache.commons.lang3.ArrayUtils,511
Sat Jan 13 03:43:53 AEDT 2018 org.apache.commons.lang3.ArrayUtils,512
Sat Jan 13 03:43:53 AEDT 2018 org.apache.commons.lang3.ArrayUtils,514
Sat Jan 13 03:43:54 AEDT 2018 org.apache.commons.lang3.ArrayUtils,515
Sat Jan 13 03:43:54 AEDT 2018 org.apache.commons.lang3.ArrayUtils,517
Sat Jan 13 04:03:49 AEDT 2018 org.apache.commons.lang3.ArrayUtils,518
Sat Jan 13 04:03:49 AEDT 2018 org.apache.commons.lang3.ArrayUtils,519
Sat Jan 13 04:03:49 AEDT 2018 org.apache.commons.lang3.ArrayUtils,522
Sat Jan 13 04:15:22 AEDT 2018 org.apache.commons.lang3.ArrayUtils,523
Timeout time : 18/01/13 04:16
