=================================================
Project : lang_4	start : 18/01/12 14:05
Current failed test : org.apache.commons.lang3.text.translate.LookupTranslatorTest::testLang882_purify_1 | 18/01/12 14:05
Fri Jan 12 14:06:17 AEDT 2018 Fri Jan 12 14:06:17 AEDT 2018 : org.apache.commons.lang3.text.translate.LookupTranslator,45=>Find no block
Fri Jan 12 14:06:18 AEDT 2018 org.apache.commons.lang3.text.translate.LookupTranslator,46
Fri Jan 12 14:06:46 AEDT 2018 org.apache.commons.lang3.text.translate.LookupTranslator,47
Fri Jan 12 14:06:46 AEDT 2018 org.apache.commons.lang3.text.translate.LookupTranslator,48
Fri Jan 12 14:19:50 AEDT 2018 org.apache.commons.lang3.text.translate.LookupTranslator,49
Fri Jan 12 14:19:51 AEDT 2018 org.apache.commons.lang3.text.translate.LookupTranslator,50
Fri Jan 12 14:19:51 AEDT 2018 org.apache.commons.lang3.text.translate.LookupTranslator,51
Fri Jan 12 14:19:51 AEDT 2018 org.apache.commons.lang3.text.translate.LookupTranslator,52
Fri Jan 12 14:19:52 AEDT 2018 org.apache.commons.lang3.text.translate.LookupTranslator,53
Fri Jan 12 14:19:52 AEDT 2018 org.apache.commons.lang3.text.translate.LookupTranslator,54
Fri Jan 12 14:19:53 AEDT 2018 org.apache.commons.lang3.text.translate.LookupTranslator,56
Fri Jan 12 14:19:53 AEDT 2018 org.apache.commons.lang3.text.translate.LookupTranslator,57
Fri Jan 12 14:19:53 AEDT 2018 org.apache.commons.lang3.text.translate.LookupTranslator,61
Fri Jan 12 14:23:37 AEDT 2018 org.apache.commons.lang3.text.translate.LookupTranslator,62
Fri Jan 12 14:23:37 AEDT 2018 Fri Jan 12 14:23:37 AEDT 2018 : org.apache.commons.lang3.text.translate.LookupTranslator,63=>Find no block
Fri Jan 12 14:23:38 AEDT 2018 Fri Jan 12 14:23:38 AEDT 2018 : org.apache.commons.lang3.text.translate.CharSequenceTranslator,32=>Find no block
Fri Jan 12 14:23:38 AEDT 2018 org.apache.commons.lang3.text.translate.LookupTranslator,76
Fri Jan 12 14:35:36 AEDT 2018 org.apache.commons.lang3.text.translate.LookupTranslator,77
Fri Jan 12 14:35:37 AEDT 2018 org.apache.commons.lang3.text.translate.LookupTranslator,78
Fri Jan 12 14:35:37 AEDT 2018 org.apache.commons.lang3.text.translate.LookupTranslator,83
Fri Jan 12 14:45:59 AEDT 2018 org.apache.commons.lang3.text.translate.LookupTranslator,70
Fri Jan 12 14:59:06 AEDT 2018 org.apache.commons.lang3.text.translate.LookupTranslator,71
Fri Jan 12 15:10:30 AEDT 2018 org.apache.commons.lang3.text.translate.LookupTranslator,75
Fri Jan 12 15:10:30 AEDT 2018 Fri Jan 12 15:10:30 AEDT 2018 : org.apache.commons.lang3.text.translate.AggregateTranslator,40=>Find no block
Fri Jan 12 15:10:31 AEDT 2018 org.apache.commons.lang3.text.translate.AggregateTranslator,41
Fri Jan 12 15:11:10 AEDT 2018 Fri Jan 12 15:11:10 AEDT 2018 : org.apache.commons.lang3.text.translate.AggregateTranslator,42=>Find no block
Fri Jan 12 15:11:11 AEDT 2018 org.apache.commons.lang3.text.translate.AggregateTranslator,51
Fri Jan 12 15:12:52 AEDT 2018 org.apache.commons.lang3.text.translate.AggregateTranslator,52
Fri Jan 12 15:12:52 AEDT 2018 org.apache.commons.lang3.text.translate.AggregateTranslator,53
Fri Jan 12 15:12:53 AEDT 2018 org.apache.commons.lang3.text.translate.AggregateTranslator,54
Fri Jan 12 15:12:53 AEDT 2018 org.apache.commons.lang3.text.translate.AggregateTranslator,57
Fri Jan 12 15:14:33 AEDT 2018 org.apache.commons.lang3.text.translate.CharSequenceTranslator,54
Fri Jan 12 15:14:35 AEDT 2018 org.apache.commons.lang3.text.translate.CharSequenceTranslator,55
Fri Jan 12 15:14:35 AEDT 2018 org.apache.commons.lang3.text.translate.CharSequenceTranslator,58
Fri Jan 12 15:15:16 AEDT 2018 org.apache.commons.lang3.text.translate.CharSequenceTranslator,59
Fri Jan 12 15:15:16 AEDT 2018 org.apache.commons.lang3.text.translate.CharSequenceTranslator,60
Fri Jan 12 15:15:16 AEDT 2018 Fri Jan 12 15:15:16 AEDT 2018 : org.apache.commons.lang3.text.translate.CharSequenceTranslator,61=>Find no block
Fri Jan 12 15:15:17 AEDT 2018 org.apache.commons.lang3.text.translate.CharSequenceTranslator,63
Fri Jan 12 15:15:17 AEDT 2018 org.apache.commons.lang3.text.translate.CharSequenceTranslator,76
Fri Jan 12 15:15:19 AEDT 2018 org.apache.commons.lang3.text.translate.CharSequenceTranslator,77
Fri Jan 12 15:15:19 AEDT 2018 org.apache.commons.lang3.text.translate.CharSequenceTranslator,79
Fri Jan 12 15:15:28 AEDT 2018 org.apache.commons.lang3.text.translate.CharSequenceTranslator,80
Fri Jan 12 15:15:28 AEDT 2018 org.apache.commons.lang3.text.translate.CharSequenceTranslator,82
Fri Jan 12 15:22:02 AEDT 2018 org.apache.commons.lang3.text.translate.CharSequenceTranslator,83
Fri Jan 12 15:22:02 AEDT 2018 org.apache.commons.lang3.text.translate.CharSequenceTranslator,84
Fri Jan 12 15:45:26 AEDT 2018 org.apache.commons.lang3.text.translate.CharSequenceTranslator,85
Fri Jan 12 15:45:26 AEDT 2018 org.apache.commons.lang3.text.translate.CharSequenceTranslator,86
Fri Jan 12 15:45:27 AEDT 2018 org.apache.commons.lang3.text.translate.CharSequenceTranslator,87
Fri Jan 12 15:45:27 AEDT 2018 org.apache.commons.lang3.text.translate.CharSequenceTranslator,88
Fri Jan 12 15:45:28 AEDT 2018 org.apache.commons.lang3.text.translate.CharSequenceTranslator,89
Fri Jan 12 15:45:28 AEDT 2018 org.apache.commons.lang3.text.translate.CharSequenceTranslator,90
Fri Jan 12 15:45:29 AEDT 2018 org.apache.commons.lang3.text.translate.CharSequenceTranslator,94
Fri Jan 12 15:45:29 AEDT 2018 org.apache.commons.lang3.text.translate.CharSequenceTranslator,95
Fri Jan 12 15:45:29 AEDT 2018 Fri Jan 12 15:45:29 AEDT 2018 : org.apache.commons.lang3.text.translate.CharSequenceTranslator,97=>Find no block
Fri Jan 12 15:45:30 AEDT 2018 Fri Jan 12 15:45:30 AEDT 2018 : org.apache.commons.lang3.text.translate.CharSequenceTranslator,98=>Find no block
Fri Jan 12 15:45:30 AEDT 2018 org.apache.commons.lang3.text.translate.CharSequenceTranslator,108
Fri Jan 12 16:00:49 AEDT 2018 org.apache.commons.lang3.text.translate.CharSequenceTranslator,109
Fri Jan 12 16:00:49 AEDT 2018 org.apache.commons.lang3.text.translate.CharSequenceTranslator,110
Fri Jan 12 16:00:50 AEDT 2018 org.apache.commons.lang3.text.translate.CharSequenceTranslator,111
Fri Jan 12 16:00:50 AEDT 2018 org.apache.commons.lang3.text.translate.CharSequenceTranslator,122
Fri Jan 12 16:01:21 AEDT 2018 org.apache.commons.lang3.text.translate.LookupTranslator,72
Fri Jan 12 16:01:22 AEDT 2018 org.apache.commons.lang3.text.translate.LookupTranslator,79
Fri Jan 12 16:01:22 AEDT 2018 org.apache.commons.lang3.text.translate.LookupTranslator,80
Failed time : 18/01/12 16:01
Current failed test : org.apache.commons.lang3.text.translate.LookupTranslatorTest::testLang882_purify_2 | 18/01/12 16:01
Fri Jan 12 16:01:54 AEDT 2018 Fri Jan 12 16:01:54 AEDT 2018 : org.apache.commons.lang3.text.translate.LookupTranslator,45=>Find no block
Fri Jan 12 16:01:55 AEDT 2018 org.apache.commons.lang3.text.translate.LookupTranslator,46
Fri Jan 12 16:02:20 AEDT 2018 org.apache.commons.lang3.text.translate.LookupTranslator,47
Fri Jan 12 16:02:21 AEDT 2018 org.apache.commons.lang3.text.translate.LookupTranslator,48
Fri Jan 12 16:15:18 AEDT 2018 org.apache.commons.lang3.text.translate.LookupTranslator,49
Fri Jan 12 16:15:18 AEDT 2018 org.apache.commons.lang3.text.translate.LookupTranslator,50
Fri Jan 12 16:15:19 AEDT 2018 org.apache.commons.lang3.text.translate.LookupTranslator,51
Fri Jan 12 16:15:19 AEDT 2018 org.apache.commons.lang3.text.translate.LookupTranslator,52
Fri Jan 12 16:15:20 AEDT 2018 org.apache.commons.lang3.text.translate.LookupTranslator,53
Fri Jan 12 16:15:20 AEDT 2018 org.apache.commons.lang3.text.translate.LookupTranslator,54
Fri Jan 12 16:15:21 AEDT 2018 org.apache.commons.lang3.text.translate.LookupTranslator,56
Fri Jan 12 16:15:21 AEDT 2018 org.apache.commons.lang3.text.translate.LookupTranslator,57
Fri Jan 12 16:15:21 AEDT 2018 org.apache.commons.lang3.text.translate.LookupTranslator,61
Fri Jan 12 16:19:08 AEDT 2018 org.apache.commons.lang3.text.translate.LookupTranslator,62
Fri Jan 12 16:19:09 AEDT 2018 Fri Jan 12 16:19:09 AEDT 2018 : org.apache.commons.lang3.text.translate.LookupTranslator,63=>Find no block
Fri Jan 12 16:19:10 AEDT 2018 Fri Jan 12 16:19:10 AEDT 2018 : org.apache.commons.lang3.text.translate.CharSequenceTranslator,32=>Find no block
Fri Jan 12 16:19:10 AEDT 2018 org.apache.commons.lang3.text.translate.LookupTranslator,76
Fri Jan 12 16:31:09 AEDT 2018 org.apache.commons.lang3.text.translate.LookupTranslator,77
Fri Jan 12 16:31:10 AEDT 2018 org.apache.commons.lang3.text.translate.LookupTranslator,78
Fri Jan 12 16:31:10 AEDT 2018 org.apache.commons.lang3.text.translate.LookupTranslator,83
Fri Jan 12 16:41:30 AEDT 2018 org.apache.commons.lang3.text.translate.LookupTranslator,70
Fri Jan 12 16:54:41 AEDT 2018 org.apache.commons.lang3.text.translate.LookupTranslator,71
Fri Jan 12 17:06:06 AEDT 2018 org.apache.commons.lang3.text.translate.LookupTranslator,75
Fri Jan 12 17:06:07 AEDT 2018 Fri Jan 12 17:06:07 AEDT 2018 : org.apache.commons.lang3.text.translate.AggregateTranslator,40=>Find no block
Fri Jan 12 17:06:07 AEDT 2018 org.apache.commons.lang3.text.translate.AggregateTranslator,41
Fri Jan 12 17:06:45 AEDT 2018 Fri Jan 12 17:06:45 AEDT 2018 : org.apache.commons.lang3.text.translate.AggregateTranslator,42=>Find no block
Fri Jan 12 17:06:46 AEDT 2018 org.apache.commons.lang3.text.translate.AggregateTranslator,51
Fri Jan 12 17:08:28 AEDT 2018 org.apache.commons.lang3.text.translate.AggregateTranslator,52
Fri Jan 12 17:08:28 AEDT 2018 org.apache.commons.lang3.text.translate.AggregateTranslator,53
Fri Jan 12 17:08:29 AEDT 2018 org.apache.commons.lang3.text.translate.AggregateTranslator,54
Fri Jan 12 17:08:29 AEDT 2018 org.apache.commons.lang3.text.translate.AggregateTranslator,57
Fri Jan 12 17:10:08 AEDT 2018 org.apache.commons.lang3.text.translate.CharSequenceTranslator,54
Fri Jan 12 17:10:09 AEDT 2018 org.apache.commons.lang3.text.translate.CharSequenceTranslator,55
Fri Jan 12 17:10:10 AEDT 2018 org.apache.commons.lang3.text.translate.CharSequenceTranslator,58
Fri Jan 12 17:10:49 AEDT 2018 org.apache.commons.lang3.text.translate.CharSequenceTranslator,59
Fri Jan 12 17:10:50 AEDT 2018 org.apache.commons.lang3.text.translate.CharSequenceTranslator,60
Fri Jan 12 17:10:50 AEDT 2018 Fri Jan 12 17:10:50 AEDT 2018 : org.apache.commons.lang3.text.translate.CharSequenceTranslator,61=>Find no block
Fri Jan 12 17:10:51 AEDT 2018 org.apache.commons.lang3.text.translate.CharSequenceTranslator,63
Fri Jan 12 17:10:51 AEDT 2018 org.apache.commons.lang3.text.translate.CharSequenceTranslator,76
Fri Jan 12 17:10:53 AEDT 2018 org.apache.commons.lang3.text.translate.CharSequenceTranslator,77
Fri Jan 12 17:10:53 AEDT 2018 org.apache.commons.lang3.text.translate.CharSequenceTranslator,79
Fri Jan 12 17:11:02 AEDT 2018 org.apache.commons.lang3.text.translate.CharSequenceTranslator,80
Fri Jan 12 17:11:02 AEDT 2018 org.apache.commons.lang3.text.translate.CharSequenceTranslator,82
Fri Jan 12 17:17:39 AEDT 2018 org.apache.commons.lang3.text.translate.CharSequenceTranslator,83
Fri Jan 12 17:17:40 AEDT 2018 org.apache.commons.lang3.text.translate.CharSequenceTranslator,84
Fri Jan 12 17:41:14 AEDT 2018 org.apache.commons.lang3.text.translate.CharSequenceTranslator,85
Fri Jan 12 17:41:14 AEDT 2018 org.apache.commons.lang3.text.translate.CharSequenceTranslator,86
Fri Jan 12 17:41:15 AEDT 2018 org.apache.commons.lang3.text.translate.CharSequenceTranslator,87
Fri Jan 12 17:41:15 AEDT 2018 org.apache.commons.lang3.text.translate.CharSequenceTranslator,88
Fri Jan 12 17:41:16 AEDT 2018 org.apache.commons.lang3.text.translate.CharSequenceTranslator,89
Fri Jan 12 17:41:16 AEDT 2018 org.apache.commons.lang3.text.translate.CharSequenceTranslator,90
Fri Jan 12 17:41:16 AEDT 2018 org.apache.commons.lang3.text.translate.CharSequenceTranslator,94
Fri Jan 12 17:41:17 AEDT 2018 org.apache.commons.lang3.text.translate.CharSequenceTranslator,95
Fri Jan 12 17:41:17 AEDT 2018 Fri Jan 12 17:41:17 AEDT 2018 : org.apache.commons.lang3.text.translate.CharSequenceTranslator,97=>Find no block
Fri Jan 12 17:41:17 AEDT 2018 Fri Jan 12 17:41:17 AEDT 2018 : org.apache.commons.lang3.text.translate.CharSequenceTranslator,98=>Find no block
Fri Jan 12 17:41:18 AEDT 2018 org.apache.commons.lang3.text.translate.CharSequenceTranslator,108
Fri Jan 12 17:56:42 AEDT 2018 org.apache.commons.lang3.text.translate.CharSequenceTranslator,109
Fri Jan 12 17:56:43 AEDT 2018 org.apache.commons.lang3.text.translate.CharSequenceTranslator,110
Fri Jan 12 17:56:43 AEDT 2018 org.apache.commons.lang3.text.translate.CharSequenceTranslator,111
Fri Jan 12 17:56:43 AEDT 2018 org.apache.commons.lang3.text.translate.CharSequenceTranslator,122
Fri Jan 12 17:57:14 AEDT 2018 org.apache.commons.lang3.text.translate.LookupTranslator,72
Fri Jan 12 17:57:15 AEDT 2018 org.apache.commons.lang3.text.translate.LookupTranslator,79
Fri Jan 12 17:57:15 AEDT 2018 org.apache.commons.lang3.text.translate.LookupTranslator,80
Failed time : 18/01/12 17:57
