=================================================
Project : lang_42	start : 18/01/12 14:05
Current failed test : org.apache.commons.lang.StringEscapeUtilsTest::testEscapeHtmlHighUnicode | 18/01/12 14:05
Fri Jan 12 14:08:19 AEDT 2018 org.apache.commons.lang.StringEscapeUtils,455
Fri Jan 12 14:10:52 AEDT 2018 org.apache.commons.lang.StringEscapeUtils,459
Fri Jan 12 14:16:24 AEDT 2018 org.apache.commons.lang.StringEscapeUtils,460
Fri Jan 12 14:16:24 AEDT 2018 org.apache.commons.lang.StringEscapeUtils,461
Fri Jan 12 14:16:24 AEDT 2018 org.apache.commons.lang.StringEscapeUtils,498
Fri Jan 12 14:16:33 AEDT 2018 org.apache.commons.lang.StringEscapeUtils,501
Fri Jan 12 14:16:59 AEDT 2018 org.apache.commons.lang.StringEscapeUtils,504
Fri Jan 12 14:17:50 AEDT 2018 Fri Jan 12 14:17:50 AEDT 2018 : org.apache.commons.lang.StringEscapeUtils,505=>Find no block
Fri Jan 12 14:17:50 AEDT 2018 org.apache.commons.lang.Entities,832
Fri Jan 12 14:21:23 AEDT 2018 org.apache.commons.lang.Entities,833
Fri Jan 12 14:21:24 AEDT 2018 org.apache.commons.lang.Entities,834
Fri Jan 12 14:21:24 AEDT 2018 org.apache.commons.lang.Entities,536
Fri Jan 12 14:22:59 AEDT 2018 org.apache.commons.lang.Entities,831
Fri Jan 12 14:23:00 AEDT 2018 org.apache.commons.lang.Entities,961
Fri Jan 12 14:23:01 AEDT 2018 org.apache.commons.lang.Entities,951
Fri Jan 12 14:24:40 AEDT 2018 org.apache.commons.lang.Entities,952
Fri Jan 12 14:24:52 AEDT 2018 Fri Jan 12 14:24:52 AEDT 2018 : org.apache.commons.lang.Entities,954=>Find no block
Fri Jan 12 14:24:53 AEDT 2018 org.apache.commons.lang.Entities,964
Fri Jan 12 14:24:53 AEDT 2018 Fri Jan 12 14:24:53 AEDT 2018 : org.apache.commons.lang.Entities,969=>Find no block
Fri Jan 12 14:24:53 AEDT 2018 Fri Jan 12 14:24:53 AEDT 2018 : org.apache.commons.lang.Entities,970=>Find no block
Fri Jan 12 14:24:54 AEDT 2018 org.apache.commons.lang.StringEscapeUtils,525
Fri Jan 12 14:24:54 AEDT 2018 org.apache.commons.lang.StringEscapeUtils,529
Fri Jan 12 14:30:24 AEDT 2018 org.apache.commons.lang.StringEscapeUtils,530
Fri Jan 12 14:30:24 AEDT 2018 org.apache.commons.lang.StringEscapeUtils,531
Fri Jan 12 14:30:25 AEDT 2018 org.apache.commons.lang.StringEscapeUtils,557
Fri Jan 12 14:30:25 AEDT 2018 org.apache.commons.lang.StringEscapeUtils,560
Fri Jan 12 14:30:25 AEDT 2018 org.apache.commons.lang.StringEscapeUtils,563
Fri Jan 12 14:31:16 AEDT 2018 Fri Jan 12 14:31:16 AEDT 2018 : org.apache.commons.lang.StringEscapeUtils,564=>Find no block
Fri Jan 12 14:31:17 AEDT 2018 org.apache.commons.lang.Entities,826
Fri Jan 12 14:35:45 AEDT 2018 org.apache.commons.lang.Entities,827
Fri Jan 12 14:59:28 AEDT 2018 org.apache.commons.lang.Entities,828
Fri Jan 12 15:14:53 AEDT 2018 org.apache.commons.lang.Entities,829
Fri Jan 12 15:14:53 AEDT 2018 org.apache.commons.lang.Entities,830
Fri Jan 12 15:14:53 AEDT 2018 Fri Jan 12 15:14:53 AEDT 2018 : org.apache.commons.lang.Entities,844=>Find no block
Fri Jan 12 15:14:53 AEDT 2018 org.apache.commons.lang.IntHashMap,245
Fri Jan 12 15:29:36 AEDT 2018 org.apache.commons.lang.Entities,981
Fri Jan 12 15:34:49 AEDT 2018 org.apache.commons.lang.Entities,533
Fri Jan 12 15:36:45 AEDT 2018 org.apache.commons.lang.Entities,905
Fri Jan 12 15:57:38 AEDT 2018 org.apache.commons.lang.Entities,906
Fri Jan 12 16:07:50 AEDT 2018 org.apache.commons.lang.Entities,910
Fri Jan 12 16:07:51 AEDT 2018 Fri Jan 12 16:07:51 AEDT 2018 : org.apache.commons.lang.Entities,912=>Find no block
Fri Jan 12 16:07:51 AEDT 2018 org.apache.commons.lang.Entities,457
Fri Jan 12 16:09:41 AEDT 2018 org.apache.commons.lang.IntHashMap,237
Fri Jan 12 16:09:41 AEDT 2018 org.apache.commons.lang.IntHashMap,238
Fri Jan 12 16:09:41 AEDT 2018 org.apache.commons.lang.IntHashMap,239
Fri Jan 12 16:09:42 AEDT 2018 org.apache.commons.lang.IntHashMap,240
Fri Jan 12 16:09:42 AEDT 2018 org.apache.commons.lang.IntHashMap,241
Fri Jan 12 16:09:42 AEDT 2018 org.apache.commons.lang.Entities,928
Fri Jan 12 16:33:05 AEDT 2018 org.apache.commons.lang.Entities,929
Fri Jan 12 16:33:05 AEDT 2018 org.apache.commons.lang.Entities,930
Fri Jan 12 17:11:20 AEDT 2018 org.apache.commons.lang.Entities,931
Fri Jan 12 17:11:59 AEDT 2018 org.apache.commons.lang.Entities,932
Fri Jan 12 17:12:00 AEDT 2018 org.apache.commons.lang.Entities,933
Fri Jan 12 17:42:00 AEDT 2018 org.apache.commons.lang.Entities,934
Fri Jan 12 17:42:01 AEDT 2018 org.apache.commons.lang.Entities,935
Fri Jan 12 17:42:02 AEDT 2018 org.apache.commons.lang.Entities,939
Fri Jan 12 18:16:44 AEDT 2018 org.apache.commons.lang.Entities,940
Fri Jan 12 18:16:45 AEDT 2018 org.apache.commons.lang.Entities,945
Fri Jan 12 19:02:28 AEDT 2018 org.apache.commons.lang.Entities,946
Timeout time : 18/01/12 19:08
