=================================================
Project : lang_44	start : 18/01/12 14:13
Current failed test : org.apache.commons.lang.NumberUtilsTest::testLang457 | 18/01/12 14:13
Fri Jan 12 14:14:08 AEDT 2018 org.apache.commons.lang.NumberUtils,139
Fri Jan 12 14:14:10 AEDT 2018 org.apache.commons.lang.NumberUtils,142

----------------------------------------
----------------------------------------
Pass Single Test : [=>0,0]
if(val.length()!=0){
throw new NumberFormatException("\"\" is not a valid number.");
}

Time : 18/01/12 14:15
----------------------------------------
Fri Jan 12 14:17:58 AEDT 2018 org.apache.commons.lang.NumberUtils,145
Fri Jan 12 14:18:26 AEDT 2018 org.apache.commons.lang.NumberUtils,152
Fri Jan 12 14:19:30 AEDT 2018 org.apache.commons.lang.NumberUtils,155
Fri Jan 12 14:37:25 AEDT 2018 org.apache.commons.lang.NumberUtils,159
Fri Jan 12 14:42:11 AEDT 2018 org.apache.commons.lang.NumberUtils,160
Fri Jan 12 14:42:11 AEDT 2018 org.apache.commons.lang.NumberUtils,162
Fri Jan 12 15:21:23 AEDT 2018 org.apache.commons.lang.NumberUtils,174
Fri Jan 12 15:21:24 AEDT 2018 org.apache.commons.lang.NumberUtils,177
Fri Jan 12 15:21:24 AEDT 2018 org.apache.commons.lang.NumberUtils,179
Fri Jan 12 15:31:41 AEDT 2018 org.apache.commons.lang.NumberUtils,181

----------------------------------------
----------------------------------------
Pass Single Test : [=>0,0]
if(expPos>-1&&expPos<val.length()-1){
exp=val.substring(expPos+1,val.length()-1);
}else {
exp=mant=val;
}

Time : 18/01/12 15:35
----------------------------------------

----------------------------------------
----------------------------------------
Pass Single Test : [=>0,0]
if(expPos>(expPos-3)&&expPos<val.length()-1){
exp=val.substring(expPos+1,val.length()-1);
}else {
exp=null;
}

Time : 18/01/12 15:36
----------------------------------------

----------------------------------------
----------------------------------------
Pass Single Test : [=>0,0]
if(expPos>expPos-3&&expPos<val.length()-1){
exp=val.substring(expPos+1,val.length()-1);
}else {
exp=null;
}

Time : 18/01/12 15:37
----------------------------------------

----------------------------------------
----------------------------------------
Pass Single Test : [=>0,0]
if(0>-1&&expPos<val.length()-1){
exp=val.substring(expPos+1,val.length()-1);
}else {
exp=null;
}

Time : 18/01/12 15:38
----------------------------------------

----------------------------------------
----------------------------------------
Pass Single Test : [=>0,0]
if(2>-1&&expPos<val.length()-1){
exp=val.substring(expPos+1,val.length()-1);
}else {
exp=null;
}

Time : 18/01/12 15:41
----------------------------------------

----------------------------------------
----------------------------------------
Pass Single Test : [=>0,0]
if(2>-1&&expPos<7){
exp=val.substring(expPos+1,val.length()-1);
}else {
exp=null;
}

Time : 18/01/12 15:41
----------------------------------------

----------------------------------------
----------------------------------------
Pass Single Test : [=>0,0]
if(val==null){
return null;
}
if(2>-1&&expPos<val.length()-1){
exp=val.substring(expPos+1,val.length()-1);
}else {
exp=null;
}

Time : 18/01/12 15:42
----------------------------------------

----------------------------------------
----------------------------------------
Pass Single Test : [=>0,0]
if(val==null){
return null;
}
if(2>-1&&expPos<7){
exp=val.substring(expPos+1,val.length()-1);
}else {
exp=null;
}

Time : 18/01/12 15:43
----------------------------------------

----------------------------------------
----------------------------------------
Pass Single Test : [=>0,0]
if(expPos+1>-1&&expPos<val.length()-1){
exp=val.substring(expPos+1,val.length()-1);
}else {
exp=null;
}

Time : 18/01/12 15:50
----------------------------------------

----------------------------------------
----------------------------------------
Pass Single Test : [=>0,0]
if(1>-1&&expPos<val.length()-1){
exp=val.substring(expPos+1,val.length()-1);
}else {
exp=null;
}

Time : 18/01/12 15:50
----------------------------------------

----------------------------------------
----------------------------------------
Pass Single Test : [=>0,0]
if(expPos+1>decPos&&expPos<val.length()-1){
exp=val.substring(expPos+1,val.length()-1);
}else {
exp=null;
}

Time : 18/01/12 15:51
----------------------------------------

----------------------------------------
----------------------------------------
Pass Single Test : [=>0,0]
if(1>decPos&&expPos<val.length()-1){
exp=val.substring(expPos+1,val.length()-1);
}else {
exp=null;
}

Time : 18/01/12 15:51
----------------------------------------

----------------------------------------
----------------------------------------
Pass Single Test : [=>0,0]
if(expPos>(decPos+expPos)&&expPos<val.length()-1){
exp=val.substring(expPos+1,val.length()-1);
}else {
exp=null;
}

Time : 18/01/12 15:54
----------------------------------------

----------------------------------------
----------------------------------------
Pass Single Test : [=>0,0]
if(expPos>decPos+expPos&&expPos<val.length()-1){
exp=val.substring(expPos+1,val.length()-1);
}else {
exp=null;
}

Time : 18/01/12 15:54
----------------------------------------

----------------------------------------
----------------------------------------
Pass Single Test : [=>0,0]
if(0>-1&&(decPos+expPos)<0){
exp=val.substring(expPos+1,val.length()-1);
}else {
exp=null;
}

Time : 18/01/12 15:55
----------------------------------------

----------------------------------------
----------------------------------------
Pass Single Test : [=>0,0]
if(expPos>(decPos+expPos)&&(decPos+expPos)<0){
exp=val.substring(expPos+1,val.length()-1);
}else {
exp=null;
}

Time : 18/01/12 15:56
----------------------------------------

----------------------------------------
----------------------------------------
Pass Single Test : [=>0,0]
if(expPos>decPos+expPos&&(decPos+expPos)<0){
exp=val.substring(expPos+1,val.length()-1);
}else {
exp=null;
}

Time : 18/01/12 15:56
----------------------------------------

----------------------------------------
----------------------------------------
Pass Single Test : [=>0,0]
if(0>(decPos+expPos)&&expPos<val.length()-1){
exp=val.substring(expPos+1,val.length()-1);
}else {
exp=null;
}

Time : 18/01/12 15:57
----------------------------------------

----------------------------------------
----------------------------------------
Pass Single Test : [=>0,0]
if(0>decPos+expPos&&expPos<val.length()-1){
exp=val.substring(expPos+1,val.length()-1);
}else {
exp=null;
}

Time : 18/01/12 15:57
----------------------------------------

----------------------------------------
----------------------------------------
Pass Single Test : [=>0,0]
if(0>decPos&&expPos<val.length()-1){
exp=val.substring(expPos+1,val.length()-1);
}else {
exp=null;
}

Time : 18/01/12 15:58
----------------------------------------

----------------------------------------
----------------------------------------
Pass Single Test : [=>0,0]
if(0>-1&&(decPos+expPos)<val.length()-1){
exp=val.substring(expPos+1,val.length()-1);
}else {
exp=null;
}

Time : 18/01/12 15:58
----------------------------------------

----------------------------------------
----------------------------------------
Pass Single Test : [=>0,0]
if(0>-1&&decPos+expPos<val.length()-1){
exp=val.substring(expPos+1,val.length()-1);
}else {
exp=null;
}

Time : 18/01/12 15:59
----------------------------------------

----------------------------------------
----------------------------------------
Pass Single Test : [=>0,0]
if(expPos>(decPos+expPos)&&(decPos+expPos)<val.length()-1){
exp=val.substring(expPos+1,val.length()-1);
}else {
exp=null;
}

Time : 18/01/12 15:59
----------------------------------------

----------------------------------------
----------------------------------------
Pass Single Test : [=>0,0]
if(expPos>(decPos+expPos)&&decPos+expPos<val.length()-1){
exp=val.substring(expPos+1,val.length()-1);
}else {
exp=null;
}

Time : 18/01/12 16:00
----------------------------------------

----------------------------------------
----------------------------------------
Pass Single Test : [=>0,0]
if(expPos>decPos+expPos&&(decPos+expPos)<val.length()-1){
exp=val.substring(expPos+1,val.length()-1);
}else {
exp=null;
}

Time : 18/01/12 16:00
----------------------------------------

----------------------------------------
----------------------------------------
Pass Single Test : [=>0,0]
if(expPos>decPos+expPos&&decPos+expPos<val.length()-1){
exp=val.substring(expPos+1,val.length()-1);
}else {
exp=null;
}

Time : 18/01/12 16:01
----------------------------------------

----------------------------------------
----------------------------------------
Pass Single Test : [=>0,0]
if(0>(decPos+expPos)&&(decPos+expPos)<0){
exp=val.substring(expPos+1,val.length()-1);
}else {
exp=null;
}

Time : 18/01/12 16:03
----------------------------------------

----------------------------------------
----------------------------------------
Pass Single Test : [=>0,0]
if(0>decPos+expPos&&(decPos+expPos)<0){
exp=val.substring(expPos+1,val.length()-1);
}else {
exp=null;
}

Time : 18/01/12 16:03
----------------------------------------

----------------------------------------
----------------------------------------
Pass Single Test : [=>0,0]
if(0>decPos&&(decPos+expPos)<0){
exp=val.substring(expPos+1,val.length()-1);
}else {
exp=null;
}

Time : 18/01/12 16:04
----------------------------------------

----------------------------------------
----------------------------------------
Pass Single Test : [=>0,0]
if(0>(decPos+expPos)&&(decPos+expPos)<val.length()-1){
exp=val.substring(expPos+1,val.length()-1);
}else {
exp=null;
}

Time : 18/01/12 16:04
----------------------------------------

----------------------------------------
----------------------------------------
Pass Single Test : [=>0,0]
if(0>(decPos+expPos)&&decPos+expPos<val.length()-1){
exp=val.substring(expPos+1,val.length()-1);
}else {
exp=null;
}

Time : 18/01/12 16:05
----------------------------------------

----------------------------------------
----------------------------------------
Pass Single Test : [=>0,0]
if(0>decPos+expPos&&(decPos+expPos)<val.length()-1){
exp=val.substring(expPos+1,val.length()-1);
}else {
exp=null;
}

Time : 18/01/12 16:05
----------------------------------------

----------------------------------------
----------------------------------------
Pass Single Test : [=>0,0]
if(0>decPos+expPos&&decPos+expPos<val.length()-1){
exp=val.substring(expPos+1,val.length()-1);
}else {
exp=null;
}

Time : 18/01/12 16:06
----------------------------------------

----------------------------------------
----------------------------------------
Pass Single Test : [=>0,0]
if(0>decPos&&(decPos+expPos)<val.length()-1){
exp=val.substring(expPos+1,val.length()-1);
}else {
exp=null;
}

Time : 18/01/12 16:06
----------------------------------------

----------------------------------------
----------------------------------------
Pass Single Test : [=>0,0]
if(0>decPos&&decPos+expPos<val.length()-1){
exp=val.substring(expPos+1,val.length()-1);
}else {
exp=null;
}

Time : 18/01/12 16:07
----------------------------------------

----------------------------------------
----------------------------------------
Pass Single Test : [=>0,0]
if(dec==null&&exp==null&&expPos<numeric.length()-1){
try{
return createLong(numeric);
}catch (NumberFormatException nfe) {
}

return createBigInteger(numeric);
}

Time : 18/01/12 16:11
----------------------------------------

----------------------------------------
----------------------------------------
Similar code block : 1.2094681193855221 : [/home/hz985/jiajun/d4j/projects/lang/lang_44_buggy/src/java/org/apache/commons/lang/NumberUtils.java=>0,0]
if(expPos>-1&&expPos<str.length()-1){
exp=str.substring(expPos+1,str.length());
}else {
exp=null;
}

Time : 18/01/12 16:11
----------------------------------------

----------------------------------------
----------------------------------------
Original source code : [/home/hz985/jiajun/d4j/projects/lang/lang_44_buggy/src/java/org/apache/commons/lang/NumberUtils.java=>193,203]
if(dec==null&&exp==null&&(numeric.charAt(0)=='-'&&isDigits(numeric.substring(1))||isDigits(numeric))){
try{
return createLong(numeric);
}catch (NumberFormatException nfe) {
}

return createBigInteger(numeric);
}

Time : 18/01/12 16:11
----------------------------------------

----------------------------------------
----------------------------------------
Find a patch : [/home/hz985/jiajun/d4j/projects/lang/lang_44_buggy/src/java/org/apache/commons/lang/NumberUtils.java=>193,203]
if(dec==null&&exp==null&&expPos<numeric.length()-1){
try{
return createLong(numeric);
}catch (NumberFormatException nfe) {
}

return createBigInteger(numeric);
}

Time : 18/01/12 16:11
----------------------------------------
Success time : 18/01/12 16:11
