=================================================
Project : lang_62	start : 18/01/12 14:27
Current failed test : org.apache.commons.lang.EntitiesTest::testNumberOverflow | 18/01/12 14:27
Fri Jan 12 14:29:52 AEDT 2018 org.apache.commons.lang.Entities,840
Fri Jan 12 14:43:40 AEDT 2018 org.apache.commons.lang.Entities,843
Fri Jan 12 14:52:48 AEDT 2018 org.apache.commons.lang.Entities,845
Fri Jan 12 14:52:48 AEDT 2018 org.apache.commons.lang.Entities,848
Fri Jan 12 14:52:48 AEDT 2018 Fri Jan 12 14:52:48 AEDT 2018 : org.apache.commons.lang.Entities,852=>Find no block
Fri Jan 12 14:52:49 AEDT 2018 Fri Jan 12 14:52:49 AEDT 2018 : org.apache.commons.lang.Entities,853=>Find no block
Fri Jan 12 14:52:49 AEDT 2018 org.apache.commons.lang.Entities,862
Fri Jan 12 15:02:18 AEDT 2018 org.apache.commons.lang.Entities,819
Fri Jan 12 15:14:11 AEDT 2018 org.apache.commons.lang.Entities,820
Fri Jan 12 15:14:11 AEDT 2018 org.apache.commons.lang.Entities,821
Fri Jan 12 16:18:00 AEDT 2018 org.apache.commons.lang.Entities,822
Fri Jan 12 16:18:45 AEDT 2018 org.apache.commons.lang.Entities,823
Fri Jan 12 16:18:45 AEDT 2018 org.apache.commons.lang.Entities,824
Fri Jan 12 16:42:57 AEDT 2018 org.apache.commons.lang.Entities,825
Fri Jan 12 16:42:58 AEDT 2018 org.apache.commons.lang.Entities,829
Fri Jan 12 17:20:22 AEDT 2018 org.apache.commons.lang.Entities,830
Fri Jan 12 17:20:23 AEDT 2018 org.apache.commons.lang.Entities,835
Fri Jan 12 17:59:38 AEDT 2018 org.apache.commons.lang.Entities,837
Fri Jan 12 17:59:39 AEDT 2018 org.apache.commons.lang.Entities,839
Fri Jan 12 17:59:40 AEDT 2018 org.apache.commons.lang.Entities,857
Fri Jan 12 17:59:41 AEDT 2018 org.apache.commons.lang.Entities,864
Fri Jan 12 18:21:21 AEDT 2018 Fri Jan 12 18:21:21 AEDT 2018 : org.apache.commons.lang.Entities,865=>Find no block
Fri Jan 12 18:21:22 AEDT 2018 org.apache.commons.lang.Entities,869
Fri Jan 12 18:50:31 AEDT 2018 org.apache.commons.lang.Entities,814
Fri Jan 12 19:04:05 AEDT 2018 org.apache.commons.lang.Entities,815
Fri Jan 12 19:11:11 AEDT 2018 org.apache.commons.lang.Entities,427
Fri Jan 12 19:13:51 AEDT 2018 org.apache.commons.lang.Entities,428
Fri Jan 12 19:13:52 AEDT 2018 Fri Jan 12 19:13:52 AEDT 2018 : org.apache.commons.lang.Entities,429=>Find no block
Fri Jan 12 19:13:53 AEDT 2018 org.apache.commons.lang.IntHashMap,296
Fri Jan 12 19:21:21 AEDT 2018 org.apache.commons.lang.IntHashMap,297
Fri Jan 12 19:21:22 AEDT 2018 org.apache.commons.lang.IntHashMap,298
Timeout time : 18/01/12 19:29
