=================================================
Project : lang_63	start : 18/01/12 14:05
Current failed test : org.apache.commons.lang.time.DurationFormatUtilsTest::testJiraLang281 | 18/01/12 14:05
Fri Jan 12 14:06:10 AEDT 2018 org.apache.commons.lang.time.DurationFormatUtils,306
Fri Jan 12 14:18:29 AEDT 2018 org.apache.commons.lang.time.DurationFormatUtils,312
Fri Jan 12 14:18:29 AEDT 2018 org.apache.commons.lang.time.DurationFormatUtils,315
Fri Jan 12 14:26:21 AEDT 2018 org.apache.commons.lang.time.DurationFormatUtils,316
Fri Jan 12 14:26:22 AEDT 2018 org.apache.commons.lang.time.DurationFormatUtils,437

----------------------------------------
----------------------------------------
Pass Single Test : [=>0,0]
if(endValue<field){
int newdiff=startValue-endValue;
end.add(field,newdiff);
return newdiff;
}else {
return 0;
}

Time : 18/01/12 14:26
----------------------------------------

----------------------------------------
----------------------------------------
Similar code block : 2.2357987097133543 : [/home/hz985/jiajun/d4j/projects/lang/lang_63_buggy/src/java/org/apache/commons/lang/time/DurationFormatUtils.java=>0,0]
if(fields[i][j]==field){
if(round&&roundUp){
if(field==DateUtils.SEMI_MONTH){
if(val.get(Calendar.DATE)==1){
val.add(Calendar.DATE,15);
}else {
val.add(Calendar.DATE,-15);
val.add(Calendar.MONTH,1);
}
}else {
val.add(fields[i][0],1);
}
}
return ;
}

Time : 18/01/12 14:26
----------------------------------------

----------------------------------------
----------------------------------------
Original source code : [/home/hz985/jiajun/d4j/projects/lang/lang_63_buggy/src/java/org/apache/commons/lang/time/DurationFormatUtils.java=>436,442]
if(endValue<startValue){
int newdiff=startValue-endValue;
end.add(field,newdiff);
return newdiff;
}else {
return 0;
}

Time : 18/01/12 14:26
----------------------------------------

----------------------------------------
----------------------------------------
Find a patch : [/home/hz985/jiajun/d4j/projects/lang/lang_63_buggy/src/java/org/apache/commons/lang/time/DurationFormatUtils.java=>436,442]
if(endValue<field){
int newdiff=startValue-endValue;
end.add(field,newdiff);
return newdiff;
}else {
return 0;
}

Time : 18/01/12 14:26
----------------------------------------
Success time : 18/01/12 14:26
