=================================================
Project : lang_64	start : 18/01/12 14:05
Current failed test : org.apache.commons.lang.enums.ValuedEnumTest::testCompareTo_otherEnumType | 18/01/12 14:05
Fri Jan 12 14:06:14 AEDT 2018 org.apache.commons.lang.enums.ValuedEnum,126
Fri Jan 12 14:08:49 AEDT 2018 org.apache.commons.lang.enums.ValuedEnum,127
Fri Jan 12 14:08:49 AEDT 2018 Fri Jan 12 14:08:49 AEDT 2018 : org.apache.commons.lang.enums.ValuedEnum,128=>Find no block
Fri Jan 12 14:08:50 AEDT 2018 org.apache.commons.lang.enums.ValuedEnum,183
Fri Jan 12 14:09:43 AEDT 2018 org.apache.commons.lang.enums.Enum,314
Fri Jan 12 14:11:49 AEDT 2018 org.apache.commons.lang.enums.Enum,315
Fri Jan 12 14:11:50 AEDT 2018 Fri Jan 12 14:11:50 AEDT 2018 : org.apache.commons.lang.enums.Enum,317=>Find no block
Fri Jan 12 14:11:51 AEDT 2018 org.apache.commons.lang.enums.Enum,339
Fri Jan 12 14:12:47 AEDT 2018 org.apache.commons.lang.enums.Enum,340
Fri Jan 12 14:12:47 AEDT 2018 org.apache.commons.lang.enums.Enum,349
Fri Jan 12 14:17:02 AEDT 2018 org.apache.commons.lang.enums.Enum,350
Fri Jan 12 14:17:02 AEDT 2018 org.apache.commons.lang.enums.Enum,351
Fri Jan 12 14:17:02 AEDT 2018 org.apache.commons.lang.enums.Enum,352
Fri Jan 12 14:17:02 AEDT 2018 org.apache.commons.lang.enums.Enum,354
Fri Jan 12 14:17:46 AEDT 2018 org.apache.commons.lang.enums.Enum,357
Fri Jan 12 14:19:52 AEDT 2018 org.apache.commons.lang.enums.Enum,358
Fri Jan 12 14:19:53 AEDT 2018 Fri Jan 12 14:19:53 AEDT 2018 : org.apache.commons.lang.enums.Enum,359=>Find no block
Fri Jan 12 14:19:53 AEDT 2018 org.apache.commons.lang.enums.Enum,484
Fri Jan 12 14:27:32 AEDT 2018 org.apache.commons.lang.enums.Enum,485
Fri Jan 12 14:27:32 AEDT 2018 org.apache.commons.lang.enums.Enum,486
Fri Jan 12 14:27:33 AEDT 2018 org.apache.commons.lang.enums.Enum,495
Fri Jan 12 14:31:16 AEDT 2018 org.apache.commons.lang.enums.Enum,297
Fri Jan 12 14:31:17 AEDT 2018 Fri Jan 12 14:31:17 AEDT 2018 : org.apache.commons.lang.enums.Enum,279=>Find no block
Fri Jan 12 14:31:17 AEDT 2018 Fri Jan 12 14:31:17 AEDT 2018 : org.apache.commons.lang.enums.Enum,283=>Find no block
Fri Jan 12 14:31:17 AEDT 2018 Fri Jan 12 14:31:17 AEDT 2018 : org.apache.commons.lang.enums.Enum,287=>Find no block
Fri Jan 12 14:31:18 AEDT 2018 Fri Jan 12 14:31:18 AEDT 2018 : org.apache.commons.lang.enums.Enum,291=>Find no block
Fri Jan 12 14:31:18 AEDT 2018 Fri Jan 12 14:31:18 AEDT 2018 : org.apache.commons.lang.enums.Enum,298=>Find no block
Fri Jan 12 14:31:18 AEDT 2018 org.apache.commons.lang.enums.Enum,519
Fri Jan 12 14:31:20 AEDT 2018 org.apache.commons.lang.enums.Enum,335
Fri Jan 12 14:34:25 AEDT 2018 org.apache.commons.lang.enums.Enum,336
Fri Jan 12 14:37:16 AEDT 2018 org.apache.commons.lang.enums.Enum,337
Fri Jan 12 14:37:16 AEDT 2018 org.apache.commons.lang.enums.Enum,338
Fri Jan 12 14:37:17 AEDT 2018 org.apache.commons.lang.enums.Enum,344
Fri Jan 12 14:37:18 AEDT 2018 org.apache.commons.lang.enums.Enum,312
Fri Jan 12 14:37:19 AEDT 2018 Fri Jan 12 14:37:19 AEDT 2018 : org.apache.commons.lang.enums.Enum,270=>Find no block
Fri Jan 12 14:37:19 AEDT 2018 org.apache.commons.lang.enums.Enum,313
Fri Jan 12 14:37:19 AEDT 2018 org.apache.commons.lang.enums.Enum,327
Fri Jan 12 14:38:29 AEDT 2018 org.apache.commons.lang.enums.Enum,331
Fri Jan 12 14:43:00 AEDT 2018 org.apache.commons.lang.enums.Enum,332
Fri Jan 12 14:43:01 AEDT 2018 org.apache.commons.lang.StringUtils,185
Fri Jan 12 14:45:35 AEDT 2018 org.apache.commons.lang.enums.ValuedEnum,143
Fri Jan 12 14:46:20 AEDT 2018 org.apache.commons.lang.enums.ValuedEnum,144
Fri Jan 12 14:46:21 AEDT 2018 org.apache.commons.lang.enums.ValuedEnum,146
Fri Jan 12 14:52:04 AEDT 2018 org.apache.commons.lang.enums.ValuedEnum,147
Fri Jan 12 14:52:04 AEDT 2018 org.apache.commons.lang.enums.ValuedEnum,148
Fri Jan 12 14:52:04 AEDT 2018 org.apache.commons.lang.enums.ValuedEnum,149
Fri Jan 12 14:52:04 AEDT 2018 org.apache.commons.lang.enums.ValuedEnum,150
Fri Jan 12 14:52:04 AEDT 2018 Fri Jan 12 14:52:04 AEDT 2018 : org.apache.commons.lang.enums.ValuedEnum,152=>Find no block
Fri Jan 12 14:52:04 AEDT 2018 org.apache.commons.lang.enums.ValuedEnum,153
Fri Jan 12 14:52:05 AEDT 2018 org.apache.commons.lang.enums.ValuedEnum,162
Fri Jan 12 14:52:05 AEDT 2018 org.apache.commons.lang.enums.ValuedEnum,204
Fri Jan 12 14:52:36 AEDT 2018 org.apache.commons.lang.enums.ValuedEnum,205
Fri Jan 12 14:52:37 AEDT 2018 org.apache.commons.lang.enums.ValuedEnum,206
Fri Jan 12 14:52:37 AEDT 2018 org.apache.commons.lang.enums.ValuedEnum,208
Fri Jan 12 14:53:15 AEDT 2018 org.apache.commons.lang.enums.Enum,328
Fri Jan 12 14:53:16 AEDT 2018 org.apache.commons.lang.enums.Enum,333
Fri Jan 12 14:53:16 AEDT 2018 org.apache.commons.lang.enums.Enum,342
Fri Jan 12 14:53:16 AEDT 2018 org.apache.commons.lang.enums.Enum,345
Fri Jan 12 14:53:16 AEDT 2018 org.apache.commons.lang.enums.Enum,355
Fri Jan 12 14:53:16 AEDT 2018 org.apache.commons.lang.enums.Enum,368
Fri Jan 12 14:56:05 AEDT 2018 org.apache.commons.lang.enums.Enum,369
Fri Jan 12 14:56:15 AEDT 2018 org.apache.commons.lang.enums.Enum,370
Fri Jan 12 14:56:15 AEDT 2018 org.apache.commons.lang.enums.Enum,372
Fri Jan 12 14:56:16 AEDT 2018 org.apache.commons.lang.enums.Enum,389
Fri Jan 12 14:58:30 AEDT 2018 org.apache.commons.lang.enums.Enum,390
Fri Jan 12 14:58:30 AEDT 2018 org.apache.commons.lang.enums.Enum,391
Fri Jan 12 14:58:30 AEDT 2018 org.apache.commons.lang.enums.Enum,393
Fri Jan 12 14:58:31 AEDT 2018 org.apache.commons.lang.enums.Enum,410
Fri Jan 12 15:00:43 AEDT 2018 org.apache.commons.lang.enums.Enum,411
Fri Jan 12 15:01:29 AEDT 2018 org.apache.commons.lang.enums.Enum,412
Fri Jan 12 15:01:29 AEDT 2018 org.apache.commons.lang.enums.Enum,414
Fri Jan 12 15:01:29 AEDT 2018 org.apache.commons.lang.enums.Enum,432
Fri Jan 12 15:04:03 AEDT 2018 org.apache.commons.lang.enums.Enum,433
Fri Jan 12 15:04:40 AEDT 2018 org.apache.commons.lang.enums.Enum,434
Fri Jan 12 15:04:40 AEDT 2018 org.apache.commons.lang.enums.Enum,436
Fri Jan 12 15:04:40 AEDT 2018 org.apache.commons.lang.enums.Enum,454
Fri Jan 12 15:05:48 AEDT 2018 org.apache.commons.lang.enums.Enum,465
Fri Jan 12 15:05:48 AEDT 2018 org.apache.commons.lang.enums.Enum,466
Fri Jan 12 15:05:48 AEDT 2018 org.apache.commons.lang.enums.Enum,468
Fri Jan 12 15:06:27 AEDT 2018 org.apache.commons.lang.enums.Enum,469
Fri Jan 12 15:06:27 AEDT 2018 org.apache.commons.lang.enums.Enum,471
Fri Jan 12 15:09:33 AEDT 2018 org.apache.commons.lang.enums.Enum,472
Fri Jan 12 15:09:33 AEDT 2018 org.apache.commons.lang.enums.Enum,487
Fri Jan 12 15:09:33 AEDT 2018 org.apache.commons.lang.enums.Enum,488
Fri Jan 12 15:09:34 AEDT 2018 org.apache.commons.lang.enums.Enum,489
Fri Jan 12 15:09:34 AEDT 2018 org.apache.commons.lang.enums.Enum,490
Fri Jan 12 15:09:35 AEDT 2018 org.apache.commons.lang.enums.Enum,491
Fri Jan 12 15:09:35 AEDT 2018 org.apache.commons.lang.enums.Enum,493
Fri Jan 12 15:09:35 AEDT 2018 Fri Jan 12 15:09:35 AEDT 2018 : org.apache.commons.lang.enums.Enum,494=>Find no block
Fri Jan 12 15:09:35 AEDT 2018 org.apache.commons.lang.enums.Enum,505
Fri Jan 12 15:09:36 AEDT 2018 org.apache.commons.lang.enums.Enum,536
Fri Jan 12 15:15:17 AEDT 2018 org.apache.commons.lang.enums.Enum,537
Fri Jan 12 15:15:17 AEDT 2018 org.apache.commons.lang.enums.Enum,538
Fri Jan 12 15:15:17 AEDT 2018 org.apache.commons.lang.enums.Enum,539
Fri Jan 12 15:15:18 AEDT 2018 org.apache.commons.lang.enums.Enum,540
Fri Jan 12 15:15:18 AEDT 2018 org.apache.commons.lang.enums.Enum,544
Fri Jan 12 15:15:18 AEDT 2018 org.apache.commons.lang.enums.Enum,547
Fri Jan 12 15:15:18 AEDT 2018 org.apache.commons.lang.enums.Enum,548
Fri Jan 12 15:15:18 AEDT 2018 org.apache.commons.lang.enums.Enum,550
Fri Jan 12 15:15:19 AEDT 2018 org.apache.commons.lang.enums.Enum,560
Fri Jan 12 15:15:20 AEDT 2018 org.apache.commons.lang.enums.Enum,580
Fri Jan 12 15:15:56 AEDT 2018 org.apache.commons.lang.enums.Enum,581
Fri Jan 12 15:15:56 AEDT 2018 org.apache.commons.lang.enums.Enum,583
Fri Jan 12 15:20:38 AEDT 2018 org.apache.commons.lang.enums.Enum,584
Fri Jan 12 15:20:38 AEDT 2018 org.apache.commons.lang.enums.Enum,585
Fri Jan 12 15:20:38 AEDT 2018 org.apache.commons.lang.enums.Enum,587
Fri Jan 12 15:20:38 AEDT 2018 org.apache.commons.lang.enums.Enum,590
Fri Jan 12 15:23:57 AEDT 2018 org.apache.commons.lang.enums.Enum,601
Fri Jan 12 15:27:11 AEDT 2018 org.apache.commons.lang.enums.Enum,602
Fri Jan 12 15:27:11 AEDT 2018 org.apache.commons.lang.enums.Enum,603
Fri Jan 12 15:27:11 AEDT 2018 Fri Jan 12 15:27:11 AEDT 2018 : org.apache.commons.lang.enums.Enum,604=>Find no block
Fri Jan 12 15:27:12 AEDT 2018 Fri Jan 12 15:27:12 AEDT 2018 : org.apache.commons.lang.enums.Enum,610=>Find no block
Fri Jan 12 15:27:12 AEDT 2018 Fri Jan 12 15:27:12 AEDT 2018 : org.apache.commons.lang.enums.Enum,606=>Find no block
Fri Jan 12 15:27:13 AEDT 2018 Fri Jan 12 15:27:13 AEDT 2018 : org.apache.commons.lang.enums.Enum,608=>Find no block
Fri Jan 12 15:27:13 AEDT 2018 org.apache.commons.lang.enums.Enum,611
Fri Jan 12 15:27:14 AEDT 2018 org.apache.commons.lang.enums.Enum,622
Fri Jan 12 15:27:15 AEDT 2018 org.apache.commons.lang.enums.Enum,623
Fri Jan 12 15:27:15 AEDT 2018 org.apache.commons.lang.enums.Enum,624
Fri Jan 12 15:27:16 AEDT 2018 org.apache.commons.lang.enums.Enum,626
Fri Jan 12 15:27:16 AEDT 2018 org.apache.commons.lang.enums.Enum,337
Fri Jan 12 15:27:17 AEDT 2018 org.apache.commons.lang.NullArgumentException,60
Fri Jan 12 15:27:25 AEDT 2018 Fri Jan 12 15:27:25 AEDT 2018 : org.apache.commons.lang.NullArgumentException,61=>Find no block
Fri Jan 12 15:27:26 AEDT 2018 org.apache.commons.lang.ClassUtils,102
Fri Jan 12 15:27:26 AEDT 2018 Fri Jan 12 15:27:26 AEDT 2018 : org.apache.commons.lang.ClassUtils,103=>Find no block
Fri Jan 12 15:27:26 AEDT 2018 org.apache.commons.lang.ClassUtils,115
Fri Jan 12 15:28:01 AEDT 2018 org.apache.commons.lang.ClassUtils,116
Fri Jan 12 15:28:02 AEDT 2018 org.apache.commons.lang.ClassUtils,118
Fri Jan 12 15:29:51 AEDT 2018 org.apache.commons.lang.ClassUtils,128
Fri Jan 12 15:30:17 AEDT 2018 org.apache.commons.lang.ClassUtils,129
Fri Jan 12 15:30:18 AEDT 2018 org.apache.commons.lang.ClassUtils,131
Fri Jan 12 15:31:08 AEDT 2018 org.apache.commons.lang.ClassUtils,143
Fri Jan 12 15:31:34 AEDT 2018 org.apache.commons.lang.ClassUtils,144
Fri Jan 12 15:31:35 AEDT 2018 org.apache.commons.lang.ClassUtils,146
Fri Jan 12 15:33:39 AEDT 2018 org.apache.commons.lang.ClassUtils,147
Fri Jan 12 15:33:39 AEDT 2018 org.apache.commons.lang.ClassUtils,149
Fri Jan 12 15:50:08 AEDT 2018 org.apache.commons.lang.ClassUtils,150
Fri Jan 12 16:40:04 AEDT 2018 org.apache.commons.lang.ClassUtils,151
Fri Jan 12 16:40:04 AEDT 2018 org.apache.commons.lang.ClassUtils,152
Fri Jan 12 16:40:04 AEDT 2018 org.apache.commons.lang.ClassUtils,153
Fri Jan 12 16:40:04 AEDT 2018 org.apache.commons.lang.ClassUtils,154
Fri Jan 12 16:40:05 AEDT 2018 org.apache.commons.lang.ClassUtils,155
Fri Jan 12 16:40:05 AEDT 2018 org.apache.commons.lang.ClassUtils,158
Fri Jan 12 16:50:56 AEDT 2018 org.apache.commons.lang.ClassUtils,171
Fri Jan 12 16:50:56 AEDT 2018 org.apache.commons.lang.ClassUtils,172
Fri Jan 12 16:50:56 AEDT 2018 org.apache.commons.lang.ClassUtils,174
Fri Jan 12 16:52:18 AEDT 2018 org.apache.commons.lang.ClassUtils,184
Fri Jan 12 16:52:18 AEDT 2018 org.apache.commons.lang.ClassUtils,185
Fri Jan 12 16:52:19 AEDT 2018 org.apache.commons.lang.ClassUtils,187
Fri Jan 12 16:52:58 AEDT 2018 org.apache.commons.lang.ClassUtils,200
Fri Jan 12 16:52:59 AEDT 2018 org.apache.commons.lang.ClassUtils,201
Fri Jan 12 16:53:00 AEDT 2018 org.apache.commons.lang.ClassUtils,203
Fri Jan 12 17:09:16 AEDT 2018 org.apache.commons.lang.ClassUtils,204
Fri Jan 12 17:09:17 AEDT 2018 org.apache.commons.lang.ClassUtils,205
Fri Jan 12 17:09:17 AEDT 2018 org.apache.commons.lang.ClassUtils,207
Fri Jan 12 17:09:17 AEDT 2018 org.apache.commons.lang.ClassUtils,220
Fri Jan 12 17:09:25 AEDT 2018 org.apache.commons.lang.ClassUtils,221
Fri Jan 12 17:09:26 AEDT 2018 org.apache.commons.lang.ClassUtils,223
Fri Jan 12 17:17:35 AEDT 2018 org.apache.commons.lang.ClassUtils,224
Fri Jan 12 17:17:35 AEDT 2018 org.apache.commons.lang.ClassUtils,225
Fri Jan 12 17:17:35 AEDT 2018 org.apache.commons.lang.ClassUtils,226
Fri Jan 12 17:17:36 AEDT 2018 org.apache.commons.lang.ClassUtils,227
Fri Jan 12 17:17:36 AEDT 2018 org.apache.commons.lang.ClassUtils,229
Fri Jan 12 17:17:36 AEDT 2018 org.apache.commons.lang.ClassUtils,246
Fri Jan 12 17:17:36 AEDT 2018 org.apache.commons.lang.ClassUtils,247
Fri Jan 12 17:17:36 AEDT 2018 org.apache.commons.lang.ClassUtils,249
Fri Jan 12 17:18:46 AEDT 2018 org.apache.commons.lang.ClassUtils,250
Fri Jan 12 17:38:01 AEDT 2018 org.apache.commons.lang.ClassUtils,251
Fri Jan 12 17:49:42 AEDT 2018 org.apache.commons.lang.ClassUtils,252
Fri Jan 12 17:49:43 AEDT 2018 org.apache.commons.lang.ClassUtils,253
Fri Jan 12 17:49:44 AEDT 2018 org.apache.commons.lang.ClassUtils,254
Fri Jan 12 17:49:45 AEDT 2018 org.apache.commons.lang.ClassUtils,256
Fri Jan 12 17:49:45 AEDT 2018 org.apache.commons.lang.ClassUtils,257
Fri Jan 12 17:49:46 AEDT 2018 org.apache.commons.lang.ClassUtils,258
Fri Jan 12 17:49:47 AEDT 2018 org.apache.commons.lang.ClassUtils,259
Fri Jan 12 17:49:48 AEDT 2018 org.apache.commons.lang.ClassUtils,260
Fri Jan 12 17:49:49 AEDT 2018 Fri Jan 12 17:49:49 AEDT 2018 : org.apache.commons.lang.ClassUtils,262=>Find no block
Fri Jan 12 17:49:50 AEDT 2018 org.apache.commons.lang.ClassUtils,264
Fri Jan 12 17:58:37 AEDT 2018 Fri Jan 12 17:58:37 AEDT 2018 : org.apache.commons.lang.ClassUtils,265=>Find no block
Fri Jan 12 17:58:37 AEDT 2018 org.apache.commons.lang.ClassUtils,266
Fri Jan 12 18:06:28 AEDT 2018 org.apache.commons.lang.ClassUtils,284
Fri Jan 12 18:06:37 AEDT 2018 org.apache.commons.lang.ClassUtils,285
Fri Jan 12 18:06:38 AEDT 2018 org.apache.commons.lang.ClassUtils,287
Fri Jan 12 18:10:42 AEDT 2018 org.apache.commons.lang.ClassUtils,288
Fri Jan 12 18:10:43 AEDT 2018 org.apache.commons.lang.ClassUtils,289
Fri Jan 12 18:10:43 AEDT 2018 org.apache.commons.lang.ClassUtils,291
Fri Jan 12 18:10:43 AEDT 2018 Fri Jan 12 18:10:43 AEDT 2018 : org.apache.commons.lang.ClassUtils,294=>Find no block
Fri Jan 12 18:10:44 AEDT 2018 Fri Jan 12 18:10:44 AEDT 2018 : org.apache.commons.lang.ClassUtils,292=>Find no block
Fri Jan 12 18:10:44 AEDT 2018 org.apache.commons.lang.ClassUtils,293
Fri Jan 12 18:10:44 AEDT 2018 Fri Jan 12 18:10:44 AEDT 2018 : org.apache.commons.lang.ClassUtils,295=>Find no block
Fri Jan 12 18:10:44 AEDT 2018 org.apache.commons.lang.ClassUtils,296
Fri Jan 12 18:12:55 AEDT 2018 org.apache.commons.lang.ClassUtils,312
Fri Jan 12 18:13:03 AEDT 2018 org.apache.commons.lang.ClassUtils,313
Fri Jan 12 18:13:04 AEDT 2018 org.apache.commons.lang.ClassUtils,315
Fri Jan 12 18:17:11 AEDT 2018 org.apache.commons.lang.ClassUtils,316
Fri Jan 12 18:17:11 AEDT 2018 org.apache.commons.lang.ClassUtils,317
Fri Jan 12 18:17:11 AEDT 2018 org.apache.commons.lang.ClassUtils,318
Fri Jan 12 18:17:11 AEDT 2018 org.apache.commons.lang.ClassUtils,319
Fri Jan 12 18:17:11 AEDT 2018 org.apache.commons.lang.ClassUtils,321
Fri Jan 12 18:17:11 AEDT 2018 Fri Jan 12 18:17:11 AEDT 2018 : org.apache.commons.lang.ClassUtils,323=>Find no block
Fri Jan 12 18:17:12 AEDT 2018 org.apache.commons.lang.ClassUtils,324
Failed time : 18/01/12 18:19
