=================================================
Project : lang_8	start : 18/01/12 19:06
Current failed test : org.apache.commons.lang3.time.FastDatePrinterTest::testCalendarTimezoneRespected_purify_2 | 18/01/12 19:06
Fri Jan 12 19:07:14 AEDT 2018 org.apache.commons.lang3.time.FastDatePrinter,1004
Fri Jan 12 19:12:00 AEDT 2018 org.apache.commons.lang3.time.FastDatePrinter,1005
Fri Jan 12 19:13:29 AEDT 2018 org.apache.commons.lang3.time.FastDatePrinter,1006
Fri Jan 12 19:13:29 AEDT 2018 org.apache.commons.lang3.time.FastDatePrinter,1008
Fri Jan 12 19:13:29 AEDT 2018 Fri Jan 12 19:13:29 AEDT 2018 : org.apache.commons.lang3.time.FastDatePrinter,1009=>Find no block
Fri Jan 12 19:13:30 AEDT 2018 org.apache.commons.lang3.time.FastDateParser,570
Fri Jan 12 19:13:31 AEDT 2018 org.apache.commons.lang3.time.FastDatePrinter,1134
Fri Jan 12 19:14:39 AEDT 2018 org.apache.commons.lang3.time.FastDatePrinter,1138
Fri Jan 12 19:14:39 AEDT 2018 Fri Jan 12 19:14:39 AEDT 2018 : org.apache.commons.lang3.time.FastDatePrinter,1140=>Find no block
Fri Jan 12 19:14:39 AEDT 2018 org.apache.commons.lang3.time.FastDatePrinter,734
Fri Jan 12 19:19:35 AEDT 2018 org.apache.commons.lang3.time.FastDatePrinter,735
Fri Jan 12 19:19:36 AEDT 2018 org.apache.commons.lang3.time.FastDatePrinter,736
Fri Jan 12 19:19:37 AEDT 2018 Fri Jan 12 19:19:37 AEDT 2018 : org.apache.commons.lang3.time.FastDatePrinter,1109=>Find no block
Fri Jan 12 19:19:37 AEDT 2018 org.apache.commons.lang3.time.FastDatePrinter,1110
Fri Jan 12 19:21:32 AEDT 2018 org.apache.commons.lang3.time.FastDatePrinter,1111
Fri Jan 12 19:21:33 AEDT 2018 org.apache.commons.lang3.time.FastDatePrinter,1112
Fri Jan 12 19:21:33 AEDT 2018 org.apache.commons.lang3.time.FastDatePrinter,1114
Fri Jan 12 19:21:33 AEDT 2018 org.apache.commons.lang3.time.FastDatePrinter,1115
Fri Jan 12 19:21:34 AEDT 2018 Fri Jan 12 19:21:34 AEDT 2018 : org.apache.commons.lang3.time.FastDatePrinter,1116=>Find no block
Fri Jan 12 19:21:34 AEDT 2018 org.apache.commons.lang3.time.FastDatePrinter,1126
Fri Jan 12 19:22:54 AEDT 2018 org.apache.commons.lang3.time.FastDatePrinter,692
Fri Jan 12 19:24:42 AEDT 2018 Fri Jan 12 19:24:42 AEDT 2018 : org.apache.commons.lang3.time.FastDatePrinter,693=>Find no block
Fri Jan 12 19:24:42 AEDT 2018 org.apache.commons.lang3.time.FastDatePrinter,259
Fri Jan 12 19:26:53 AEDT 2018 org.apache.commons.lang3.time.FastDatePrinter,262
Fri Jan 12 19:26:53 AEDT 2018 org.apache.commons.lang3.time.FastDatePrinter,264
Fri Jan 12 19:28:56 AEDT 2018 org.apache.commons.lang3.time.FastDatePrinter,1079
Fri Jan 12 19:33:28 AEDT 2018 org.apache.commons.lang3.time.FastDatePrinter,1080
Fri Jan 12 19:33:28 AEDT 2018 org.apache.commons.lang3.time.FastDatePrinter,1081
Fri Jan 12 19:33:29 AEDT 2018 org.apache.commons.lang3.time.FastDatePrinter,1083
Fri Jan 12 19:33:29 AEDT 2018 org.apache.commons.lang3.time.FastDatePrinter,1084
Fri Jan 12 19:33:29 AEDT 2018 org.apache.commons.lang3.time.FastDatePrinter,1085
Fri Jan 12 19:33:30 AEDT 2018 org.apache.commons.lang3.time.FastDatePrinter,1089
Fri Jan 12 19:33:30 AEDT 2018 Fri Jan 12 19:33:30 AEDT 2018 : org.apache.commons.lang3.time.FastDatePrinter,1216=>Find no block
Fri Jan 12 19:33:31 AEDT 2018 org.apache.commons.lang3.time.FastDatePrinter,1217
Fri Jan 12 19:34:58 AEDT 2018 org.apache.commons.lang3.time.FastDatePrinter,1218
Fri Jan 12 19:34:58 AEDT 2018 org.apache.commons.lang3.time.FastDatePrinter,1219
Fri Jan 12 19:34:58 AEDT 2018 org.apache.commons.lang3.time.FastDatePrinter,1221
Fri Jan 12 19:34:58 AEDT 2018 org.apache.commons.lang3.time.FastDatePrinter,1222
Fri Jan 12 19:34:58 AEDT 2018 Fri Jan 12 19:34:58 AEDT 2018 : org.apache.commons.lang3.time.FastDatePrinter,1223=>Find no block
Fri Jan 12 19:34:59 AEDT 2018 org.apache.commons.lang3.time.FastDatePrinter,1230
Fri Jan 12 19:35:15 AEDT 2018 org.apache.commons.lang3.time.FastDatePrinter,1238
Fri Jan 12 19:37:44 AEDT 2018 org.apache.commons.lang3.time.FastDatePrinter,1241
Fri Jan 12 19:43:22 AEDT 2018 org.apache.commons.lang3.time.FastDatePrinter,1242
Fri Jan 12 19:43:22 AEDT 2018 org.apache.commons.lang3.time.FastDatePrinter,1243
Fri Jan 12 19:43:23 AEDT 2018 org.apache.commons.lang3.time.FastDatePrinter,732
Fri Jan 12 19:50:38 AEDT 2018 Fri Jan 12 19:50:38 AEDT 2018 : org.apache.commons.lang3.time.FastDatePrinter,740=>Find no block
Fri Jan 12 19:50:38 AEDT 2018 org.apache.commons.lang3.time.FastDateFormat,119
Fri Jan 12 19:51:17 AEDT 2018 org.apache.commons.lang3.time.FastDateParser,450
Fri Jan 12 19:51:20 AEDT 2018 org.apache.commons.lang3.time.FastDatePrinter,220
Fri Jan 12 19:52:27 AEDT 2018 org.apache.commons.lang3.time.FastDatePrinter,221
Fri Jan 12 19:53:20 AEDT 2018 Fri Jan 12 19:53:20 AEDT 2018 : org.apache.commons.lang3.time.FastDatePrinter,987=>Find no block
Fri Jan 12 19:53:21 AEDT 2018 org.apache.commons.lang3.time.FastDatePrinter,988
Fri Jan 12 19:53:22 AEDT 2018 Fri Jan 12 19:53:22 AEDT 2018 : org.apache.commons.lang3.time.FastDatePrinter,989=>Find no block
Fri Jan 12 19:53:22 AEDT 2018 org.apache.commons.lang3.time.FastDatePrinter,996
Fri Jan 12 19:53:23 AEDT 2018 org.apache.commons.lang3.time.FastDateParser,446
Fri Jan 12 19:54:45 AEDT 2018 org.apache.commons.lang3.time.FastDateParser,478
Fri Jan 12 19:55:03 AEDT 2018 org.apache.commons.lang3.time.FastDatePrinter,250
Fri Jan 12 19:56:10 AEDT 2018 org.apache.commons.lang3.time.FastDatePrinter,251
Fri Jan 12 19:57:01 AEDT 2018 org.apache.commons.lang3.time.FormatCache,77
Fri Jan 12 19:57:31 AEDT 2018 org.apache.commons.lang3.time.FastDateParser,503
Fri Jan 12 20:02:03 AEDT 2018 org.apache.commons.lang3.time.FormatCache,74
Fri Jan 12 20:02:04 AEDT 2018 org.apache.commons.lang3.time.FastDatePrinter,359
Fri Jan 12 20:02:17 AEDT 2018 Fri Jan 12 20:02:17 AEDT 2018 : org.apache.commons.lang3.time.FastDatePrinter,707=>Find no block
Fri Jan 12 20:02:17 AEDT 2018 org.apache.commons.lang3.time.FastDatePrinter,708
Fri Jan 12 20:02:34 AEDT 2018 Fri Jan 12 20:02:34 AEDT 2018 : org.apache.commons.lang3.time.FastDatePrinter,709=>Find no block
Fri Jan 12 20:02:35 AEDT 2018 org.apache.commons.lang3.time.FastDatePrinter,716
Fri Jan 12 20:02:35 AEDT 2018 org.apache.commons.lang3.time.FastDateParser,346
Fri Jan 12 20:03:03 AEDT 2018 Fri Jan 12 20:03:03 AEDT 2018 : org.apache.commons.lang3.time.FastDateParser,560=>Find no block
Fri Jan 12 20:03:03 AEDT 2018 org.apache.commons.lang3.time.FastDateParser,561
Fri Jan 12 20:04:34 AEDT 2018 org.apache.commons.lang3.time.FastDateParser,562
Fri Jan 12 20:04:34 AEDT 2018 Fri Jan 12 20:04:34 AEDT 2018 : org.apache.commons.lang3.time.FastDateParser,563=>Find no block
Fri Jan 12 20:04:35 AEDT 2018 org.apache.commons.lang3.time.FastDateParser,578
Fri Jan 12 20:10:56 AEDT 2018 org.apache.commons.lang3.time.FastDateParser,579
Fri Jan 12 20:10:56 AEDT 2018 org.apache.commons.lang3.time.FastDateParser,580
Fri Jan 12 20:10:56 AEDT 2018 Fri Jan 12 20:10:56 AEDT 2018 : org.apache.commons.lang3.time.FastDateParser,581=>Find no block
Fri Jan 12 20:10:56 AEDT 2018 org.apache.commons.lang3.time.FastDateParser,582
Fri Jan 12 20:10:57 AEDT 2018 org.apache.commons.lang3.time.FastDateParser,583
Fri Jan 12 20:10:57 AEDT 2018 org.apache.commons.lang3.time.FastDateParser,463
Fri Jan 12 20:11:57 AEDT 2018 Fri Jan 12 20:11:57 AEDT 2018 : org.apache.commons.lang3.time.FastDatePrinter,667=>Find no block
Fri Jan 12 20:11:57 AEDT 2018 org.apache.commons.lang3.time.FastDatePrinter,668
Fri Jan 12 20:12:15 AEDT 2018 org.apache.commons.lang3.time.FastDatePrinter,669
Fri Jan 12 20:12:15 AEDT 2018 Fri Jan 12 20:12:15 AEDT 2018 : org.apache.commons.lang3.time.FastDatePrinter,670=>Find no block
Fri Jan 12 20:12:15 AEDT 2018 org.apache.commons.lang3.time.FastDatePrinter,677
Fri Jan 12 20:53:37 AEDT 2018 org.apache.commons.lang3.time.FastDatePrinter,678
Fri Jan 12 20:53:37 AEDT 2018 org.apache.commons.lang3.time.FastDatePrinter,679
Fri Jan 12 20:53:37 AEDT 2018 org.apache.commons.lang3.time.FastDatePrinter,680
Fri Jan 12 20:53:37 AEDT 2018 org.apache.commons.lang3.time.FastDatePrinter,681
Fri Jan 12 20:53:38 AEDT 2018 Fri Jan 12 20:53:38 AEDT 2018 : org.apache.commons.lang3.time.FastDatePrinter,683=>Find no block
Fri Jan 12 20:53:38 AEDT 2018 org.apache.commons.lang3.time.FastDatePrinter,684
Fri Jan 12 20:53:39 AEDT 2018 Fri Jan 12 20:53:39 AEDT 2018 : org.apache.commons.lang3.time.FastDateParser,686=>Find no block
Fri Jan 12 20:53:39 AEDT 2018 Fri Jan 12 20:53:39 AEDT 2018 : org.apache.commons.lang3.time.FastDateParser,680=>Find no block
Fri Jan 12 20:53:39 AEDT 2018 org.apache.commons.lang3.time.FastDateParser,687
Fri Jan 12 20:55:07 AEDT 2018 org.apache.commons.lang3.time.FastDateParser,688
Fri Jan 12 20:55:07 AEDT 2018 org.apache.commons.lang3.time.FastDateParser,689
Fri Jan 12 20:55:07 AEDT 2018 org.apache.commons.lang3.time.FastDateParser,691
Fri Jan 12 20:55:08 AEDT 2018 org.apache.commons.lang3.time.FastDateParser,692
Fri Jan 12 20:55:08 AEDT 2018 org.apache.commons.lang3.time.FastDateParser,693
Fri Jan 12 20:55:08 AEDT 2018 org.apache.commons.lang3.time.FastDateParser,694
Fri Jan 12 20:55:09 AEDT 2018 org.apache.commons.lang3.time.FastDateParser,695
Fri Jan 12 20:55:09 AEDT 2018 org.apache.commons.lang3.time.FastDateParser,696
Fri Jan 12 20:55:09 AEDT 2018 org.apache.commons.lang3.time.FastDateParser,699
Fri Jan 12 20:56:14 AEDT 2018 org.apache.commons.lang3.time.FastDateParser,700
Fri Jan 12 20:58:04 AEDT 2018 org.apache.commons.lang3.time.FastDateParser,701
Fri Jan 12 20:59:43 AEDT 2018 org.apache.commons.lang3.time.FastDateParser,702
Fri Jan 12 20:59:44 AEDT 2018 Fri Jan 12 20:59:44 AEDT 2018 : org.apache.commons.lang3.time.FastDateParser,703=>Find no block
Fri Jan 12 20:59:44 AEDT 2018 org.apache.commons.lang3.time.FastDateParser,704
Fri Jan 12 21:06:30 AEDT 2018 org.apache.commons.lang3.time.FastDateParser,705
Fri Jan 12 21:06:31 AEDT 2018 Fri Jan 12 21:06:31 AEDT 2018 : org.apache.commons.lang3.time.FastDateParser,706=>Find no block
Fri Jan 12 21:06:32 AEDT 2018 org.apache.commons.lang3.time.FastDateParser,721
Fri Jan 12 21:08:04 AEDT 2018 org.apache.commons.lang3.time.FastDateParser,722
Fri Jan 12 21:08:05 AEDT 2018 org.apache.commons.lang3.time.FastDateParser,305
Fri Jan 12 21:17:27 AEDT 2018 org.apache.commons.lang3.time.FastDateParser,454
Fri Jan 12 21:17:30 AEDT 2018 org.apache.commons.lang3.time.FastDatePrinter,226
Fri Jan 12 21:18:46 AEDT 2018 org.apache.commons.lang3.time.FastDatePrinter,227
Fri Jan 12 21:19:49 AEDT 2018 Fri Jan 12 21:19:49 AEDT 2018 : org.apache.commons.lang3.time.FastDateParser,616=>Find no block
Fri Jan 12 21:19:49 AEDT 2018 org.apache.commons.lang3.time.FastDateParser,617
Fri Jan 12 21:20:08 AEDT 2018 Fri Jan 12 21:20:08 AEDT 2018 : org.apache.commons.lang3.time.FastDateParser,618=>Find no block
Fri Jan 12 21:20:08 AEDT 2018 Fri Jan 12 21:20:08 AEDT 2018 : org.apache.commons.lang3.time.FastDateParser,476=>Find no block
Fri Jan 12 21:20:09 AEDT 2018 org.apache.commons.lang3.time.FastDateParser,477
Fri Jan 12 21:20:09 AEDT 2018 org.apache.commons.lang3.time.FastDateParser,480
Fri Jan 12 21:20:10 AEDT 2018 org.apache.commons.lang3.time.FastDateParser,492
Fri Jan 12 21:20:10 AEDT 2018 org.apache.commons.lang3.time.FastDateParser,493
Fri Jan 12 21:20:11 AEDT 2018 org.apache.commons.lang3.time.FastDateParser,494
Fri Jan 12 21:20:11 AEDT 2018 org.apache.commons.lang3.time.FastDateParser,495
Fri Jan 12 21:20:11 AEDT 2018 org.apache.commons.lang3.time.FastDateParser,498
Fri Jan 12 21:20:11 AEDT 2018 org.apache.commons.lang3.time.FastDateParser,499
Fri Jan 12 21:20:12 AEDT 2018 Fri Jan 12 21:20:12 AEDT 2018 : org.apache.commons.lang3.time.FastDateParser,766=>Find no block
Fri Jan 12 21:20:12 AEDT 2018 Fri Jan 12 21:20:12 AEDT 2018 : org.apache.commons.lang3.time.FormatCache,35=>Find no block
Fri Jan 12 21:20:12 AEDT 2018 Fri Jan 12 21:20:12 AEDT 2018 : org.apache.commons.lang3.time.FormatCache,41=>Find no block
Fri Jan 12 21:20:13 AEDT 2018 Fri Jan 12 21:20:13 AEDT 2018 : org.apache.commons.lang3.time.FormatCache,171=>Find no block
Fri Jan 12 21:20:13 AEDT 2018 Fri Jan 12 21:20:13 AEDT 2018 : org.apache.commons.lang3.time.FastDateFormat,88=>Find no block
Fri Jan 12 21:20:13 AEDT 2018 Fri Jan 12 21:20:13 AEDT 2018 : org.apache.commons.lang3.time.FastDateParser,760=>Find no block
Fri Jan 12 21:20:14 AEDT 2018 Fri Jan 12 21:20:14 AEDT 2018 : org.apache.commons.lang3.time.FastDateParser,660=>Find no block
Fri Jan 12 21:20:14 AEDT 2018 Fri Jan 12 21:20:14 AEDT 2018 : org.apache.commons.lang3.time.FastDateParser,747=>Find no block
Fri Jan 12 21:20:14 AEDT 2018 org.apache.commons.lang3.time.FastDateFormat,420
Fri Jan 12 21:20:38 AEDT 2018 org.apache.commons.lang3.time.FastDatePrinter,415
Fri Jan 12 21:21:30 AEDT 2018 org.apache.commons.lang3.time.FastDatePrinter,441
Fri Jan 12 21:22:01 AEDT 2018 org.apache.commons.lang3.time.FastDatePrinter,616
Fri Jan 12 21:23:33 AEDT 2018 Fri Jan 12 21:23:33 AEDT 2018 : org.apache.commons.lang3.time.FastDatePrinter,617=>Find no block
Fri Jan 12 21:23:34 AEDT 2018 org.apache.commons.lang3.time.FastDatePrinter,880
Fri Jan 12 21:23:55 AEDT 2018 Fri Jan 12 21:23:55 AEDT 2018 : org.apache.commons.lang3.time.FastDatePrinter,881=>Find no block
Fri Jan 12 21:23:56 AEDT 2018 org.apache.commons.lang3.time.FastDatePrinter,888
Fri Jan 12 21:23:56 AEDT 2018 org.apache.commons.lang3.time.FastDatePrinter,889
Fri Jan 12 21:23:56 AEDT 2018 org.apache.commons.lang3.time.FastDatePrinter,890
Fri Jan 12 21:23:56 AEDT 2018 Fri Jan 12 21:23:56 AEDT 2018 : org.apache.commons.lang3.time.FastDatePrinter,894=>Find no block
Fri Jan 12 21:23:57 AEDT 2018 org.apache.commons.lang3.time.FastDatePrinter,453
Fri Jan 12 21:25:21 AEDT 2018 org.apache.commons.lang3.time.FastDatePrinter,454
Fri Jan 12 21:25:21 AEDT 2018 org.apache.commons.lang3.time.FastDatePrinter,456
Fri Jan 12 21:26:16 AEDT 2018 org.apache.commons.lang3.time.FastDateParser,525
Fri Jan 12 21:31:19 AEDT 2018 org.apache.commons.lang3.time.FastDateParser,526
Fri Jan 12 21:32:53 AEDT 2018 org.apache.commons.lang3.time.FastDateParser,529
Fri Jan 12 21:32:53 AEDT 2018 Fri Jan 12 21:32:53 AEDT 2018 : org.apache.commons.lang3.time.FastDateParser,97=>Find no block
Fri Jan 12 21:32:53 AEDT 2018 org.apache.commons.lang3.time.FastDateParser,98
Fri Jan 12 21:34:45 AEDT 2018 org.apache.commons.lang3.time.FastDateParser,99
Fri Jan 12 21:34:46 AEDT 2018 org.apache.commons.lang3.time.FastDateParser,100
Fri Jan 12 21:34:47 AEDT 2018 org.apache.commons.lang3.time.FastDateParser,101
Fri Jan 12 21:34:47 AEDT 2018 Fri Jan 12 21:34:47 AEDT 2018 : org.apache.commons.lang3.time.FastDateParser,102=>Find no block
Fri Jan 12 21:34:47 AEDT 2018 org.apache.commons.lang3.time.FastDateParser,141
Fri Jan 12 21:36:01 AEDT 2018 org.apache.commons.lang3.time.FastDateParser,300
Fri Jan 12 21:44:56 AEDT 2018 org.apache.commons.lang3.time.FastDateParser,301
Fri Jan 12 21:58:05 AEDT 2018 org.apache.commons.lang3.time.FastDateParser,302
Fri Jan 12 21:58:47 AEDT 2018 Fri Jan 12 21:58:47 AEDT 2018 : org.apache.commons.lang3.time.FastDateParser,303=>Find no block
Fri Jan 12 21:58:48 AEDT 2018 org.apache.commons.lang3.time.FastDateParser,331
Fri Jan 12 22:06:47 AEDT 2018 org.apache.commons.lang3.time.FastDateParser,333
Fri Jan 12 22:23:05 AEDT 2018 org.apache.commons.lang3.time.FastDateParser,334
Fri Jan 12 22:23:05 AEDT 2018 org.apache.commons.lang3.time.FastDateParser,426
Fri Jan 12 22:23:20 AEDT 2018 Fri Jan 12 22:23:20 AEDT 2018 : org.apache.commons.lang3.time.FastDateFormat,368=>Find no block
Fri Jan 12 22:23:20 AEDT 2018 org.apache.commons.lang3.time.FastDateFormat,369
Fri Jan 12 22:24:45 AEDT 2018 org.apache.commons.lang3.time.FastDateFormat,370
Fri Jan 12 22:24:45 AEDT 2018 Fri Jan 12 22:24:45 AEDT 2018 : org.apache.commons.lang3.time.FastDateFormat,371=>Find no block
Fri Jan 12 22:24:46 AEDT 2018 org.apache.commons.lang3.time.FormatCache,82
Fri Jan 12 22:25:10 AEDT 2018 org.apache.commons.lang3.time.FormatCache,83
Fri Jan 12 22:25:10 AEDT 2018 org.apache.commons.lang3.time.FormatCache,84
Fri Jan 12 22:25:10 AEDT 2018 Fri Jan 12 22:25:10 AEDT 2018 : org.apache.commons.lang3.time.FastDateFormat,91=>Find no block
Fri Jan 12 22:25:10 AEDT 2018 Fri Jan 12 22:25:10 AEDT 2018 : org.apache.commons.lang3.time.FastDateParser,516=>Find no block
Fri Jan 12 22:25:10 AEDT 2018 org.apache.commons.lang3.time.FastDateParser,517
Fri Jan 12 22:25:19 AEDT 2018 Fri Jan 12 22:25:19 AEDT 2018 : org.apache.commons.lang3.time.FastDateParser,518=>Find no block
Fri Jan 12 22:25:20 AEDT 2018 org.apache.commons.lang3.time.FastDateParser,537
Fri Jan 12 22:25:58 AEDT 2018 org.apache.commons.lang3.time.FastDateParser,538
Fri Jan 12 22:25:58 AEDT 2018 org.apache.commons.lang3.time.FastDateParser,132
Fri Jan 12 22:25:58 AEDT 2018 org.apache.commons.lang3.time.FastDateParser,633
Fri Jan 12 22:29:55 AEDT 2018 org.apache.commons.lang3.time.FastDateParser,637
Fri Jan 12 22:29:56 AEDT 2018 org.apache.commons.lang3.time.FastDateParser,639
Fri Jan 12 22:35:27 AEDT 2018 org.apache.commons.lang3.time.FastDateParser,109
Fri Jan 12 22:41:02 AEDT 2018 org.apache.commons.lang3.time.FastDateParser,110
Fri Jan 12 22:41:03 AEDT 2018 org.apache.commons.lang3.time.FastDateParser,112
Fri Jan 12 22:45:12 AEDT 2018 org.apache.commons.lang3.time.FastDateParser,113
Fri Jan 12 22:46:40 AEDT 2018 org.apache.commons.lang3.time.FastDateParser,115
Fri Jan 12 22:49:30 AEDT 2018 org.apache.commons.lang3.time.FastDateParser,116
Fri Jan 12 22:51:10 AEDT 2018 org.apache.commons.lang3.time.FastDateParser,121
Fri Jan 12 22:54:30 AEDT 2018 org.apache.commons.lang3.time.FastDateParser,122
Fri Jan 12 22:54:31 AEDT 2018 org.apache.commons.lang3.time.FastDateParser,124
Fri Jan 12 23:01:19 AEDT 2018 org.apache.commons.lang3.time.FastDateParser,125
Fri Jan 12 23:01:44 AEDT 2018 org.apache.commons.lang3.time.FastDateParser,126
Fri Jan 12 23:01:44 AEDT 2018 org.apache.commons.lang3.time.FastDateParser,127
Fri Jan 12 23:01:44 AEDT 2018 org.apache.commons.lang3.time.FastDateParser,129
Fri Jan 12 23:02:45 AEDT 2018 org.apache.commons.lang3.time.FastDateParser,130
Fri Jan 12 23:04:45 AEDT 2018 org.apache.commons.lang3.time.FastDateParser,131
Fri Jan 12 23:04:45 AEDT 2018 org.apache.commons.lang3.time.FastDateParser,134
Fri Jan 12 23:07:08 AEDT 2018 org.apache.commons.lang3.time.FastDateParser,135
Failed time : 18/01/12 23:07
