=================================================
Project : chart_13	start : 18/01/15 13:48
Current failed test : org.jfree.chart.block.junit.BorderArrangementTests::testSizingWithWidthConstraint | 18/01/15 13:49
Mon Jan 15 13:51:43 AEDT 2018 org.jfree.chart.block.BorderArrangement,147
Mon Jan 15 14:38:17 AEDT 2018 org.jfree.chart.block.BorderArrangement,148
Mon Jan 15 14:38:25 AEDT 2018 org.jfree.chart.block.BorderArrangement,149
Mon Jan 15 14:38:32 AEDT 2018 org.jfree.chart.block.BorderArrangement,151
Mon Jan 15 14:38:39 AEDT 2018 org.jfree.chart.block.BorderArrangement,152
Mon Jan 15 14:38:46 AEDT 2018 org.jfree.chart.block.BorderArrangement,277
Mon Jan 15 14:41:32 AEDT 2018 org.jfree.chart.block.BorderArrangement,278
Mon Jan 15 14:41:40 AEDT 2018 org.jfree.chart.block.BorderArrangement,279
Mon Jan 15 14:46:53 AEDT 2018 org.jfree.chart.block.BorderArrangement,282
Mon Jan 15 14:48:48 AEDT 2018 org.jfree.chart.block.BorderArrangement,287
Mon Jan 15 14:50:47 AEDT 2018 org.jfree.chart.block.BorderArrangement,292
Mon Jan 15 15:04:15 AEDT 2018 org.jfree.chart.block.BorderArrangement,295
Mon Jan 15 15:04:22 AEDT 2018 org.jfree.chart.block.BorderArrangement,296
Mon Jan 15 15:04:30 AEDT 2018 org.jfree.chart.block.BorderArrangement,297
Mon Jan 15 15:04:38 AEDT 2018 org.jfree.chart.block.BorderArrangement,298
Mon Jan 15 15:04:45 AEDT 2018 org.jfree.chart.block.BorderArrangement,300
Mon Jan 15 15:10:42 AEDT 2018 org.jfree.chart.block.BorderArrangement,301
Mon Jan 15 15:10:49 AEDT 2018 org.jfree.chart.block.BorderArrangement,302
Mon Jan 15 15:10:56 AEDT 2018 org.jfree.chart.block.BorderArrangement,306
Mon Jan 15 15:11:03 AEDT 2018 org.jfree.chart.block.BorderArrangement,307
Mon Jan 15 15:11:11 AEDT 2018 org.jfree.chart.block.BorderArrangement,308
Mon Jan 15 15:11:18 AEDT 2018 org.jfree.chart.block.BorderArrangement,311
Mon Jan 15 15:28:24 AEDT 2018 org.jfree.chart.block.BorderArrangement,312
Mon Jan 15 15:40:05 AEDT 2018 org.jfree.chart.block.BorderArrangement,314
Mon Jan 15 15:49:18 AEDT 2018 org.jfree.chart.block.BorderArrangement,315
Mon Jan 15 15:49:26 AEDT 2018 org.jfree.chart.block.BorderArrangement,318
Mon Jan 15 15:49:33 AEDT 2018 org.jfree.chart.block.BorderArrangement,319
Mon Jan 15 15:49:41 AEDT 2018 org.jfree.chart.block.BorderArrangement,320
Mon Jan 15 15:49:49 AEDT 2018 org.jfree.chart.block.BorderArrangement,322
Mon Jan 15 15:59:05 AEDT 2018 org.jfree.chart.block.BorderArrangement,323
Mon Jan 15 15:59:06 AEDT 2018 org.jfree.chart.block.BorderArrangement,424
Mon Jan 15 16:01:22 AEDT 2018 org.jfree.chart.block.BorderArrangement,425
Mon Jan 15 16:01:23 AEDT 2018 org.jfree.chart.block.BorderArrangement,426
Mon Jan 15 16:11:04 AEDT 2018 org.jfree.chart.block.BorderArrangement,427
Mon Jan 15 16:16:13 AEDT 2018 org.jfree.chart.block.BorderArrangement,435
Mon Jan 15 16:35:43 AEDT 2018 org.jfree.chart.block.BorderArrangement,436
Mon Jan 15 16:35:45 AEDT 2018 org.jfree.chart.block.BorderArrangement,443

----------------------------------------
----------------------------------------
Pass Single Test : [=>0,0]
if(this.bottomBlock!=null){
RectangleConstraint c2=new RectangleConstraint(w[0],null,LengthConstraintType.FIXED,0.0,new Range(0.0,constraint.getHeight()-h[0]),LengthConstraintType.RANGE);
Size2D size=this.bottomBlock.arrange(g2,c2);
h[1]=size.height;
}
h[2]=constraint.getHeight()-h[1];

Time : 18/01/15 16:43
----------------------------------------

----------------------------------------
----------------------------------------
Similar code block : 3.2355712231126645 : [/home/hz985/jiajun/d4j/projects/chart/chart_13_buggy/source/org/jfree/chart/block/BorderArrangement.java=>0,0]
if(this.rightBlock!=null){
double maxW=Math.max(width-w[2],0.0);
RectangleConstraint c3=new RectangleConstraint(0.0,new Range(Math.min(w[2],maxW),maxW),LengthConstraintType.RANGE,0.0,null,LengthConstraintType.NONE);
Size2D size=this.rightBlock.arrange(g2,c3);
w[3]=size.width;
h[3]=size.height;
}
h[2]=Math.max(h[2],h[3]);
h[3]=h[2];
if(this.centerBlock!=null){
RectangleConstraint c4=new RectangleConstraint(width-w[2],null,LengthConstraintType.FIXED,0.0,null,LengthConstraintType.NONE);
Size2D size=this.centerBlock.arrange(g2,c4);
w[4]=size.width;
h[4]=size.height;
}
double height=h[0]+h[1];
return arrange(container,g2,new RectangleConstraint(width,height));

Time : 18/01/15 16:44
----------------------------------------

----------------------------------------
----------------------------------------
Original source code : [/home/hz985/jiajun/d4j/projects/chart/chart_13_buggy/source/org/jfree/chart/block/BorderArrangement.java=>436,451]
if(this.bottomBlock!=null){
RectangleConstraint c2=new RectangleConstraint(w[0],null,LengthConstraintType.FIXED,0.0,new Range(0.0,constraint.getHeight()-h[0]),LengthConstraintType.RANGE);
Size2D size=this.bottomBlock.arrange(g2,c2);
h[1]=size.height;
}
h[2]=constraint.getHeight()-h[1];
if(this.leftBlock!=null){
RectangleConstraint c3=new RectangleConstraint(0.0,new Range(0.0,constraint.getWidth()),LengthConstraintType.RANGE,h[2],null,LengthConstraintType.FIXED);
Size2D size=this.leftBlock.arrange(g2,c3);
w[2]=size.width;
}

Time : 18/01/15 16:44
----------------------------------------

----------------------------------------
----------------------------------------
Find a patch : [/home/hz985/jiajun/d4j/projects/chart/chart_13_buggy/source/org/jfree/chart/block/BorderArrangement.java=>436,451]
if(this.bottomBlock!=null){
RectangleConstraint c2=new RectangleConstraint(w[0],null,LengthConstraintType.FIXED,0.0,new Range(0.0,constraint.getHeight()-h[0]),LengthConstraintType.RANGE);
Size2D size=this.bottomBlock.arrange(g2,c2);
h[1]=size.height;
}
h[2]=constraint.getHeight()-h[1];

Time : 18/01/15 16:44
----------------------------------------
Success time : 18/01/15 16:44
