=================================================
Project : chart_2	start : 18/01/15 18:38
Current failed test : org.jfree.data.general.junit.DatasetUtilitiesTests::testBug2849731_3_purify_1 | 18/01/15 18:41
Mon Jan 15 18:44:55 AEDT 2018 Mon Jan 15 18:44:55 AEDT 2018 : org.jfree.data.xy.XYInterval,78=>Find no block
Mon Jan 15 18:45:03 AEDT 2018 org.jfree.data.xy.XYInterval,79
Mon Jan 15 19:08:10 AEDT 2018 org.jfree.data.xy.XYInterval,80
Mon Jan 15 19:08:18 AEDT 2018 org.jfree.data.xy.XYInterval,81
Mon Jan 15 19:08:26 AEDT 2018 org.jfree.data.xy.XYInterval,82
Mon Jan 15 19:08:33 AEDT 2018 org.jfree.data.xy.XYInterval,83
Mon Jan 15 19:08:41 AEDT 2018 Mon Jan 15 19:08:41 AEDT 2018 : org.jfree.data.xy.XYInterval,84=>Find no block
Mon Jan 15 19:08:50 AEDT 2018 org.jfree.data.xy.XYInterval,119
Mon Jan 15 19:09:12 AEDT 2018 org.jfree.data.xy.XYInterval,128
Mon Jan 15 19:09:34 AEDT 2018 Mon Jan 15 19:09:34 AEDT 2018 : org.jfree.data.xy.XYIntervalSeriesCollection,73=>Find no block
Mon Jan 15 19:09:42 AEDT 2018 org.jfree.data.xy.XYIntervalSeriesCollection,74
Timeout time : 18/01/15 19:09
Current failed test : org.jfree.data.general.junit.DatasetUtilitiesTests::testBug2849731_3_purify_2 | 18/01/15 19:09
Mon Jan 15 19:12:20 AEDT 2018 Mon Jan 15 19:12:20 AEDT 2018 : org.jfree.data.xy.XYInterval,78=>Find no block
Mon Jan 15 19:12:30 AEDT 2018 org.jfree.data.xy.XYInterval,79
Mon Jan 15 19:34:22 AEDT 2018 org.jfree.data.xy.XYInterval,80
Mon Jan 15 19:34:29 AEDT 2018 org.jfree.data.xy.XYInterval,81
Mon Jan 15 19:34:37 AEDT 2018 org.jfree.data.xy.XYInterval,82
Mon Jan 15 19:34:44 AEDT 2018 org.jfree.data.xy.XYInterval,83
Mon Jan 15 19:34:52 AEDT 2018 Mon Jan 15 19:34:52 AEDT 2018 : org.jfree.data.xy.XYInterval,84=>Find no block
Mon Jan 15 19:34:59 AEDT 2018 org.jfree.data.xy.XYInterval,119
Mon Jan 15 19:35:18 AEDT 2018 org.jfree.data.xy.XYInterval,128
Mon Jan 15 19:35:41 AEDT 2018 Mon Jan 15 19:35:41 AEDT 2018 : org.jfree.data.xy.XYIntervalSeriesCollection,73=>Find no block
Mon Jan 15 19:35:48 AEDT 2018 org.jfree.data.xy.XYIntervalSeriesCollection,74
Mon Jan 15 19:36:40 AEDT 2018 Mon Jan 15 19:36:40 AEDT 2018 : org.jfree.data.xy.XYIntervalSeriesCollection,75=>Find no block
Mon Jan 15 19:36:47 AEDT 2018 org.jfree.data.xy.XYIntervalSeriesCollection,84
Mon Jan 15 19:37:06 AEDT 2018 org.jfree.data.xy.XYIntervalSeriesCollection,87
Timeout time : 18/01/15 19:37
Current failed test : org.jfree.data.general.junit.DatasetUtilitiesTests::testBug2849731_3_purify_3 | 18/01/15 19:37
Mon Jan 15 19:39:50 AEDT 2018 Mon Jan 15 19:39:50 AEDT 2018 : org.jfree.data.xy.XYInterval,78=>Find no block
Mon Jan 15 19:39:57 AEDT 2018 org.jfree.data.xy.XYInterval,79
Mon Jan 15 19:57:39 AEDT 2018 org.jfree.data.xy.XYInterval,80
Mon Jan 15 19:57:47 AEDT 2018 org.jfree.data.xy.XYInterval,81
Mon Jan 15 19:57:54 AEDT 2018 org.jfree.data.xy.XYInterval,82
Mon Jan 15 19:58:02 AEDT 2018 org.jfree.data.xy.XYInterval,83
Mon Jan 15 19:58:11 AEDT 2018 Mon Jan 15 19:58:11 AEDT 2018 : org.jfree.data.xy.XYInterval,84=>Find no block
Mon Jan 15 19:58:18 AEDT 2018 org.jfree.data.xy.XYInterval,119
Mon Jan 15 19:58:36 AEDT 2018 org.jfree.data.xy.XYInterval,128
Mon Jan 15 19:58:55 AEDT 2018 Mon Jan 15 19:58:55 AEDT 2018 : org.jfree.data.xy.XYIntervalSeriesCollection,73=>Find no block
Mon Jan 15 19:59:03 AEDT 2018 org.jfree.data.xy.XYIntervalSeriesCollection,74
Mon Jan 15 19:59:48 AEDT 2018 Mon Jan 15 19:59:48 AEDT 2018 : org.jfree.data.xy.XYIntervalSeriesCollection,75=>Find no block
Mon Jan 15 19:59:56 AEDT 2018 org.jfree.data.xy.XYIntervalSeriesCollection,84
Mon Jan 15 20:00:15 AEDT 2018 org.jfree.data.xy.XYIntervalSeriesCollection,87
Timeout time : 18/01/15 20:04
Current failed test : org.jfree.data.general.junit.DatasetUtilitiesTests::testBug2849731_3_purify_4 | 18/01/15 20:04
Mon Jan 15 20:06:58 AEDT 2018 Mon Jan 15 20:06:58 AEDT 2018 : org.jfree.data.xy.XYInterval,78=>Find no block
Mon Jan 15 20:07:02 AEDT 2018 org.jfree.data.xy.XYInterval,79
Mon Jan 15 20:24:30 AEDT 2018 org.jfree.data.xy.XYInterval,80
Mon Jan 15 20:24:37 AEDT 2018 org.jfree.data.xy.XYInterval,81
Mon Jan 15 20:24:45 AEDT 2018 org.jfree.data.xy.XYInterval,82
Mon Jan 15 20:24:52 AEDT 2018 org.jfree.data.xy.XYInterval,83
Mon Jan 15 20:24:59 AEDT 2018 Mon Jan 15 20:24:59 AEDT 2018 : org.jfree.data.xy.XYInterval,84=>Find no block
Mon Jan 15 20:25:07 AEDT 2018 org.jfree.data.xy.XYInterval,119
Mon Jan 15 20:25:25 AEDT 2018 org.jfree.data.xy.XYInterval,128
Mon Jan 15 20:25:42 AEDT 2018 Mon Jan 15 20:25:42 AEDT 2018 : org.jfree.data.xy.XYIntervalSeriesCollection,73=>Find no block
Mon Jan 15 20:25:48 AEDT 2018 org.jfree.data.xy.XYIntervalSeriesCollection,74
Mon Jan 15 20:26:18 AEDT 2018 Mon Jan 15 20:26:18 AEDT 2018 : org.jfree.data.xy.XYIntervalSeriesCollection,75=>Find no block
Mon Jan 15 20:26:20 AEDT 2018 org.jfree.data.xy.XYIntervalSeriesCollection,84
Mon Jan 15 20:26:29 AEDT 2018 org.jfree.data.xy.XYIntervalSeriesCollection,87
Timeout time : 18/01/15 20:31
Current failed test : org.jfree.data.general.junit.DatasetUtilitiesTests::testBug2849731_3_purify_5 | 18/01/15 20:31
Mon Jan 15 20:34:09 AEDT 2018 org.jfree.data.Range,88
Mon Jan 15 20:40:27 AEDT 2018 org.jfree.data.Range,90
Mon Jan 15 20:40:30 AEDT 2018 Mon Jan 15 20:40:30 AEDT 2018 : org.jfree.data.xy.XYInterval,78=>Find no block
Mon Jan 15 20:40:32 AEDT 2018 org.jfree.data.xy.XYInterval,79
Mon Jan 15 20:57:46 AEDT 2018 org.jfree.data.xy.XYInterval,80
Mon Jan 15 20:57:53 AEDT 2018 org.jfree.data.xy.XYInterval,81
Mon Jan 15 20:58:00 AEDT 2018 org.jfree.data.xy.XYInterval,82
Mon Jan 15 20:58:08 AEDT 2018 org.jfree.data.xy.XYInterval,83
Mon Jan 15 20:58:15 AEDT 2018 Mon Jan 15 20:58:15 AEDT 2018 : org.jfree.data.xy.XYInterval,84=>Find no block
Mon Jan 15 20:58:21 AEDT 2018 org.jfree.data.xy.XYInterval,119
Mon Jan 15 20:58:41 AEDT 2018 org.jfree.data.xy.XYInterval,128
Mon Jan 15 20:59:00 AEDT 2018 Mon Jan 15 20:59:00 AEDT 2018 : org.jfree.data.xy.XYIntervalSeriesCollection,73=>Find no block
Timeout time : 18/01/15 20:59
Current failed test : org.jfree.data.general.junit.DatasetUtilitiesTests::testBug2849731_3_purify_6 | 18/01/15 20:59
Mon Jan 15 21:01:15 AEDT 2018 org.jfree.data.Range,88
Mon Jan 15 21:07:52 AEDT 2018 org.jfree.data.Range,90
Mon Jan 15 21:07:59 AEDT 2018 Mon Jan 15 21:07:59 AEDT 2018 : org.jfree.data.xy.XYInterval,78=>Find no block
Mon Jan 15 21:08:09 AEDT 2018 org.jfree.data.xy.XYInterval,79
Timeout time : 18/01/15 21:26
Current failed test : org.jfree.data.general.junit.DatasetUtilitiesTests::testBug2849731_2_purify_1 | 18/01/15 21:26
Mon Jan 15 21:28:17 AEDT 2018 Mon Jan 15 21:28:17 AEDT 2018 : org.jfree.data.xy.XYInterval,78=>Find no block
Mon Jan 15 21:28:25 AEDT 2018 org.jfree.data.xy.XYInterval,79
Mon Jan 15 21:45:51 AEDT 2018 org.jfree.data.xy.XYInterval,80
Mon Jan 15 21:46:00 AEDT 2018 org.jfree.data.xy.XYInterval,81
Mon Jan 15 21:46:08 AEDT 2018 org.jfree.data.xy.XYInterval,82
Mon Jan 15 21:46:15 AEDT 2018 org.jfree.data.xy.XYInterval,83
Mon Jan 15 21:46:22 AEDT 2018 Mon Jan 15 21:46:22 AEDT 2018 : org.jfree.data.xy.XYInterval,84=>Find no block
Mon Jan 15 21:46:29 AEDT 2018 org.jfree.data.xy.XYInterval,92
Mon Jan 15 21:46:42 AEDT 2018 org.jfree.data.xy.XYInterval,101
Mon Jan 15 21:46:59 AEDT 2018 Mon Jan 15 21:46:59 AEDT 2018 : org.jfree.data.xy.XYIntervalSeriesCollection,73=>Find no block
Mon Jan 15 21:47:07 AEDT 2018 org.jfree.data.xy.XYIntervalSeriesCollection,74
Mon Jan 15 21:47:52 AEDT 2018 Mon Jan 15 21:47:52 AEDT 2018 : org.jfree.data.xy.XYIntervalSeriesCollection,75=>Find no block
Mon Jan 15 21:48:00 AEDT 2018 org.jfree.data.xy.XYIntervalSeriesCollection,84
Mon Jan 15 21:48:13 AEDT 2018 org.jfree.data.xy.XYIntervalSeriesCollection,87
Timeout time : 18/01/15 21:53
Current failed test : org.jfree.data.general.junit.DatasetUtilitiesTests::testBug2849731_2_purify_2 | 18/01/15 21:53
Mon Jan 15 21:55:29 AEDT 2018 Mon Jan 15 21:55:29 AEDT 2018 : org.jfree.data.xy.XYInterval,78=>Find no block
Mon Jan 15 21:55:36 AEDT 2018 org.jfree.data.xy.XYInterval,79
Mon Jan 15 22:13:13 AEDT 2018 org.jfree.data.xy.XYInterval,80
Mon Jan 15 22:13:20 AEDT 2018 org.jfree.data.xy.XYInterval,81
Mon Jan 15 22:13:27 AEDT 2018 org.jfree.data.xy.XYInterval,82
Mon Jan 15 22:13:35 AEDT 2018 org.jfree.data.xy.XYInterval,83
Mon Jan 15 22:13:42 AEDT 2018 Mon Jan 15 22:13:42 AEDT 2018 : org.jfree.data.xy.XYInterval,84=>Find no block
Mon Jan 15 22:13:50 AEDT 2018 org.jfree.data.xy.XYInterval,92
Mon Jan 15 22:14:08 AEDT 2018 org.jfree.data.xy.XYInterval,101
Mon Jan 15 22:14:26 AEDT 2018 Mon Jan 15 22:14:26 AEDT 2018 : org.jfree.data.xy.XYIntervalSeriesCollection,73=>Find no block
Mon Jan 15 22:14:34 AEDT 2018 org.jfree.data.xy.XYIntervalSeriesCollection,74
Mon Jan 15 22:15:18 AEDT 2018 Mon Jan 15 22:15:18 AEDT 2018 : org.jfree.data.xy.XYIntervalSeriesCollection,75=>Find no block
Mon Jan 15 22:15:24 AEDT 2018 org.jfree.data.xy.XYIntervalSeriesCollection,84
Mon Jan 15 22:15:42 AEDT 2018 org.jfree.data.xy.XYIntervalSeriesCollection,87
Timeout time : 18/01/15 22:20
Current failed test : org.jfree.data.general.junit.DatasetUtilitiesTests::testBug2849731_2_purify_3 | 18/01/15 22:20
Mon Jan 15 22:22:31 AEDT 2018 Mon Jan 15 22:22:31 AEDT 2018 : org.jfree.data.xy.XYInterval,78=>Find no block
Mon Jan 15 22:22:35 AEDT 2018 org.jfree.data.xy.XYInterval,79
Mon Jan 15 22:40:19 AEDT 2018 org.jfree.data.xy.XYInterval,80
Mon Jan 15 22:40:21 AEDT 2018 org.jfree.data.xy.XYInterval,81
Mon Jan 15 22:40:27 AEDT 2018 org.jfree.data.xy.XYInterval,82
Mon Jan 15 22:40:34 AEDT 2018 org.jfree.data.xy.XYInterval,83
Mon Jan 15 22:40:41 AEDT 2018 Mon Jan 15 22:40:41 AEDT 2018 : org.jfree.data.xy.XYInterval,84=>Find no block
Mon Jan 15 22:40:48 AEDT 2018 org.jfree.data.xy.XYInterval,92
Mon Jan 15 22:41:09 AEDT 2018 org.jfree.data.xy.XYInterval,101
Mon Jan 15 22:41:26 AEDT 2018 Mon Jan 15 22:41:26 AEDT 2018 : org.jfree.data.xy.XYIntervalSeriesCollection,73=>Find no block
Mon Jan 15 22:41:33 AEDT 2018 org.jfree.data.xy.XYIntervalSeriesCollection,74
Mon Jan 15 22:42:20 AEDT 2018 Mon Jan 15 22:42:20 AEDT 2018 : org.jfree.data.xy.XYIntervalSeriesCollection,75=>Find no block
Mon Jan 15 22:42:28 AEDT 2018 org.jfree.data.xy.XYIntervalSeriesCollection,84
Mon Jan 15 22:42:46 AEDT 2018 org.jfree.data.xy.XYIntervalSeriesCollection,87
Timeout time : 18/01/15 22:47
Current failed test : org.jfree.data.general.junit.DatasetUtilitiesTests::testBug2849731_2_purify_4 | 18/01/15 22:47
Mon Jan 15 22:50:13 AEDT 2018 Mon Jan 15 22:50:13 AEDT 2018 : org.jfree.data.xy.XYInterval,78=>Find no block
Mon Jan 15 22:50:21 AEDT 2018 org.jfree.data.xy.XYInterval,79
Mon Jan 15 23:07:50 AEDT 2018 org.jfree.data.xy.XYInterval,80
Mon Jan 15 23:07:58 AEDT 2018 org.jfree.data.xy.XYInterval,81
Mon Jan 15 23:08:06 AEDT 2018 org.jfree.data.xy.XYInterval,82
Mon Jan 15 23:08:12 AEDT 2018 org.jfree.data.xy.XYInterval,83
Mon Jan 15 23:08:19 AEDT 2018 Mon Jan 15 23:08:19 AEDT 2018 : org.jfree.data.xy.XYInterval,84=>Find no block
Mon Jan 15 23:08:21 AEDT 2018 org.jfree.data.xy.XYInterval,92
Mon Jan 15 23:08:32 AEDT 2018 org.jfree.data.xy.XYInterval,101
Mon Jan 15 23:08:49 AEDT 2018 Mon Jan 15 23:08:49 AEDT 2018 : org.jfree.data.xy.XYIntervalSeriesCollection,73=>Find no block
Mon Jan 15 23:08:56 AEDT 2018 org.jfree.data.xy.XYIntervalSeriesCollection,74
Mon Jan 15 23:09:55 AEDT 2018 Mon Jan 15 23:09:55 AEDT 2018 : org.jfree.data.xy.XYIntervalSeriesCollection,75=>Find no block
Mon Jan 15 23:10:02 AEDT 2018 org.jfree.data.xy.XYIntervalSeriesCollection,84
Mon Jan 15 23:10:17 AEDT 2018 org.jfree.data.xy.XYIntervalSeriesCollection,87
Timeout time : 18/01/15 23:15
Current failed test : org.jfree.data.general.junit.DatasetUtilitiesTests::testBug2849731_2_purify_5 | 18/01/15 23:15
Mon Jan 15 23:18:57 AEDT 2018 Mon Jan 15 23:18:57 AEDT 2018 : org.jfree.data.xy.XYInterval,78=>Find no block
Mon Jan 15 23:19:06 AEDT 2018 org.jfree.data.xy.XYInterval,79
Mon Jan 15 23:37:06 AEDT 2018 org.jfree.data.xy.XYInterval,80
Mon Jan 15 23:37:14 AEDT 2018 org.jfree.data.xy.XYInterval,81
Mon Jan 15 23:37:22 AEDT 2018 org.jfree.data.xy.XYInterval,82
Mon Jan 15 23:37:30 AEDT 2018 org.jfree.data.xy.XYInterval,83
Mon Jan 15 23:37:38 AEDT 2018 Mon Jan 15 23:37:38 AEDT 2018 : org.jfree.data.xy.XYInterval,84=>Find no block
Mon Jan 15 23:37:48 AEDT 2018 org.jfree.data.xy.XYInterval,92
Mon Jan 15 23:38:08 AEDT 2018 org.jfree.data.xy.XYInterval,101
Mon Jan 15 23:38:28 AEDT 2018 Mon Jan 15 23:38:28 AEDT 2018 : org.jfree.data.xy.XYIntervalSeriesCollection,73=>Find no block
Mon Jan 15 23:38:35 AEDT 2018 org.jfree.data.xy.XYIntervalSeriesCollection,74
Mon Jan 15 23:39:23 AEDT 2018 Mon Jan 15 23:39:23 AEDT 2018 : org.jfree.data.xy.XYIntervalSeriesCollection,75=>Find no block
Mon Jan 15 23:39:31 AEDT 2018 org.jfree.data.xy.XYIntervalSeriesCollection,84
Mon Jan 15 23:39:52 AEDT 2018 org.jfree.data.xy.XYIntervalSeriesCollection,87
Timeout time : 18/01/15 23:43
Current failed test : org.jfree.data.general.junit.DatasetUtilitiesTests::testBug2849731_2_purify_6 | 18/01/15 23:43
Mon Jan 15 23:48:23 AEDT 2018 Mon Jan 15 23:48:23 AEDT 2018 : org.jfree.data.xy.XYInterval,78=>Find no block
Mon Jan 15 23:48:31 AEDT 2018 org.jfree.data.xy.XYInterval,79
Tue Jan 16 00:06:17 AEDT 2018 org.jfree.data.xy.XYInterval,80
Tue Jan 16 00:06:25 AEDT 2018 org.jfree.data.xy.XYInterval,81
Tue Jan 16 00:06:33 AEDT 2018 org.jfree.data.xy.XYInterval,82
Tue Jan 16 00:06:40 AEDT 2018 org.jfree.data.xy.XYInterval,83
Tue Jan 16 00:06:47 AEDT 2018 Tue Jan 16 00:06:47 AEDT 2018 : org.jfree.data.xy.XYInterval,84=>Find no block
Tue Jan 16 00:06:55 AEDT 2018 org.jfree.data.xy.XYInterval,92
Tue Jan 16 00:07:13 AEDT 2018 org.jfree.data.xy.XYInterval,101
Tue Jan 16 00:07:32 AEDT 2018 Tue Jan 16 00:07:32 AEDT 2018 : org.jfree.data.xy.XYIntervalSeriesCollection,73=>Find no block
Tue Jan 16 00:07:39 AEDT 2018 org.jfree.data.xy.XYIntervalSeriesCollection,74
Tue Jan 16 00:08:24 AEDT 2018 Tue Jan 16 00:08:24 AEDT 2018 : org.jfree.data.xy.XYIntervalSeriesCollection,75=>Find no block
Tue Jan 16 00:08:31 AEDT 2018 org.jfree.data.xy.XYIntervalSeriesCollection,84
Tue Jan 16 00:08:43 AEDT 2018 org.jfree.data.xy.XYIntervalSeriesCollection,87
Timeout time : 18/01/16 00:13
