=================================================
Project : chart_25	start : 18/01/15 13:48
Current failed test : org.jfree.chart.renderer.category.junit.StatisticalBarRendererTests::testDrawWithNullMeanVertical | 18/01/15 13:50
Mon Jan 15 13:53:22 AEDT 2018 org.jfree.chart.event.ChartChangeEvent,133
Mon Jan 15 13:54:59 AEDT 2018 Mon Jan 15 13:54:59 AEDT 2018 : org.jfree.chart.event.ChartChangeEvent,134=>Find no block
Mon Jan 15 13:55:06 AEDT 2018 org.jfree.chart.JFreeChart,327
Mon Jan 15 13:56:02 AEDT 2018 Mon Jan 15 13:56:02 AEDT 2018 : org.jfree.chart.JFreeChart,328=>Find no block
Mon Jan 15 13:56:08 AEDT 2018 Mon Jan 15 13:56:08 AEDT 2018 : org.jfree.chart.JFreeChart,364=>Find no block
Mon Jan 15 13:56:13 AEDT 2018 Mon Jan 15 13:56:13 AEDT 2018 : org.jfree.chart.JFreeChart,298=>Find no block
Mon Jan 15 13:56:19 AEDT 2018 Mon Jan 15 13:56:19 AEDT 2018 : org.jfree.chart.JFreeChart,301=>Find no block
Mon Jan 15 13:56:26 AEDT 2018 org.jfree.chart.JFreeChart,366
Mon Jan 15 13:57:26 AEDT 2018 org.jfree.chart.JFreeChart,371
Mon Jan 15 14:03:02 AEDT 2018 org.jfree.chart.JFreeChart,372
Mon Jan 15 14:17:17 AEDT 2018 org.jfree.chart.JFreeChart,373
Mon Jan 15 14:33:21 AEDT 2018 org.jfree.chart.JFreeChart,376
Mon Jan 15 14:50:10 AEDT 2018 org.jfree.chart.JFreeChart,380
Mon Jan 15 14:53:40 AEDT 2018 org.jfree.chart.JFreeChart,381
Mon Jan 15 14:58:21 AEDT 2018 org.jfree.chart.JFreeChart,382
Mon Jan 15 15:06:22 AEDT 2018 org.jfree.chart.JFreeChart,384
Timeout time : 18/01/15 15:08
Current failed test : org.jfree.chart.renderer.category.junit.StatisticalBarRendererTests::testDrawWithNullDeviationVertical | 18/01/15 15:08
Mon Jan 15 15:09:54 AEDT 2018 org.jfree.chart.event.ChartChangeEvent,133
Mon Jan 15 15:10:50 AEDT 2018 Mon Jan 15 15:10:50 AEDT 2018 : org.jfree.chart.event.ChartChangeEvent,134=>Find no block
Mon Jan 15 15:10:55 AEDT 2018 org.jfree.chart.JFreeChart,327
Mon Jan 15 15:11:07 AEDT 2018 Mon Jan 15 15:11:07 AEDT 2018 : org.jfree.chart.JFreeChart,328=>Find no block
Mon Jan 15 15:11:12 AEDT 2018 Mon Jan 15 15:11:12 AEDT 2018 : org.jfree.chart.JFreeChart,364=>Find no block
Mon Jan 15 15:11:16 AEDT 2018 Mon Jan 15 15:11:16 AEDT 2018 : org.jfree.chart.JFreeChart,298=>Find no block
Mon Jan 15 15:11:20 AEDT 2018 Mon Jan 15 15:11:20 AEDT 2018 : org.jfree.chart.JFreeChart,301=>Find no block
Mon Jan 15 15:11:25 AEDT 2018 org.jfree.chart.JFreeChart,366
Mon Jan 15 15:12:21 AEDT 2018 org.jfree.chart.JFreeChart,371
Mon Jan 15 15:16:49 AEDT 2018 org.jfree.chart.JFreeChart,372
Mon Jan 15 15:27:35 AEDT 2018 org.jfree.chart.JFreeChart,373
Mon Jan 15 15:42:13 AEDT 2018 org.jfree.chart.JFreeChart,376
Mon Jan 15 15:57:27 AEDT 2018 org.jfree.chart.JFreeChart,380
Mon Jan 15 16:00:36 AEDT 2018 org.jfree.chart.JFreeChart,381
Mon Jan 15 16:05:19 AEDT 2018 org.jfree.chart.JFreeChart,382
Mon Jan 15 16:13:27 AEDT 2018 org.jfree.chart.JFreeChart,384
Timeout time : 18/01/15 16:24
Current failed test : org.jfree.chart.renderer.category.junit.StatisticalBarRendererTests::testDrawWithNullDeviationHorizontal | 18/01/15 16:24
Mon Jan 15 16:26:34 AEDT 2018 org.jfree.chart.axis.Axis,1114
Mon Jan 15 16:39:16 AEDT 2018 org.jfree.chart.axis.Axis,1117
Mon Jan 15 16:39:21 AEDT 2018 org.jfree.chart.axis.Axis,1118
Mon Jan 15 17:03:13 AEDT 2018 org.jfree.chart.axis.Axis,1119
Mon Jan 15 17:11:35 AEDT 2018 org.jfree.chart.axis.Axis,1120
Mon Jan 15 17:20:17 AEDT 2018 org.jfree.chart.axis.Axis,1121
Mon Jan 15 17:27:18 AEDT 2018 org.jfree.chart.axis.Axis,1122
Timeout time : 18/01/15 17:41
Current failed test : org.jfree.chart.renderer.category.junit.StatisticalBarRendererTests::testDrawWithNullMeanHorizontal | 18/01/15 17:41
Mon Jan 15 17:44:20 AEDT 2018 org.jfree.chart.axis.Axis,1114
Mon Jan 15 18:01:35 AEDT 2018 org.jfree.chart.axis.Axis,1117
Mon Jan 15 18:01:43 AEDT 2018 org.jfree.chart.axis.Axis,1118
Mon Jan 15 18:32:38 AEDT 2018 org.jfree.chart.axis.Axis,1119
Mon Jan 15 18:40:47 AEDT 2018 org.jfree.chart.axis.Axis,1120
Mon Jan 15 18:52:51 AEDT 2018 org.jfree.chart.axis.Axis,1121
Timeout time : 18/01/15 18:59
