=================================================
Project : chart_8	start : 18/01/15 15:40
Current failed test : org.jfree.data.time.junit.WeekTests::testConstructor | 18/01/15 15:41
Mon Jan 15 15:42:29 AEDT 2018 org.jfree.data.time.Week,175
Mon Jan 15 15:42:59 AEDT 2018 Mon Jan 15 15:42:59 AEDT 2018 : org.jfree.data.time.Week,176=>Find no block
Mon Jan 15 15:43:02 AEDT 2018 Mon Jan 15 15:43:02 AEDT 2018 : org.jfree.data.time.Week,188=>Find no block
Mon Jan 15 15:43:04 AEDT 2018 org.jfree.data.time.Week,189
Mon Jan 15 15:43:11 AEDT 2018 org.jfree.data.time.Week,192
Mon Jan 15 15:43:16 AEDT 2018 org.jfree.data.time.Week,195
Mon Jan 15 15:43:21 AEDT 2018 org.jfree.data.time.Week,198
Mon Jan 15 15:48:39 AEDT 2018 org.jfree.data.time.Week,199
Mon Jan 15 15:59:28 AEDT 2018 org.jfree.data.time.Week,204
Mon Jan 15 15:59:30 AEDT 2018 org.jfree.data.time.Week,205
Mon Jan 15 16:03:43 AEDT 2018 org.jfree.data.time.Week,211
Mon Jan 15 16:03:45 AEDT 2018 org.jfree.data.time.Week,212
Mon Jan 15 16:03:47 AEDT 2018 org.jfree.data.time.Week,215
Mon Jan 15 16:03:50 AEDT 2018 org.jfree.data.time.Week,219
Mon Jan 15 16:03:52 AEDT 2018 org.jfree.data.time.Week,221
Mon Jan 15 16:08:13 AEDT 2018 Mon Jan 15 16:08:13 AEDT 2018 : org.jfree.data.time.Week,222=>Find no block
Mon Jan 15 16:08:15 AEDT 2018 org.jfree.data.time.Week,248
Mon Jan 15 16:08:20 AEDT 2018 Mon Jan 15 16:08:20 AEDT 2018 : org.jfree.data.time.RegularTimePeriod,70=>Find no block
Mon Jan 15 16:08:22 AEDT 2018 Mon Jan 15 16:08:22 AEDT 2018 : org.jfree.data.time.Week,127=>Find no block
Mon Jan 15 16:08:23 AEDT 2018 org.jfree.data.time.Week,128
Mon Jan 15 16:08:28 AEDT 2018 org.jfree.data.time.Week,132
Mon Jan 15 16:52:51 AEDT 2018 org.jfree.data.time.Week,133
Mon Jan 15 16:52:53 AEDT 2018 org.jfree.data.time.Week,134
Mon Jan 15 16:52:54 AEDT 2018 Mon Jan 15 16:52:54 AEDT 2018 : org.jfree.data.time.Week,135=>Find no block
Mon Jan 15 16:52:55 AEDT 2018 org.jfree.data.time.Week,288
Mon Jan 15 16:53:51 AEDT 2018 org.jfree.data.time.Week,289
Mon Jan 15 16:53:53 AEDT 2018 Mon Jan 15 16:53:53 AEDT 2018 : org.jfree.data.time.Week,290=>Find no block
Mon Jan 15 16:53:54 AEDT 2018 org.jfree.data.time.Week,380
Mon Jan 15 17:05:24 AEDT 2018 org.jfree.data.time.Week,381
Mon Jan 15 17:05:26 AEDT 2018 org.jfree.data.time.Week,382
Mon Jan 15 17:24:49 AEDT 2018 org.jfree.data.time.Week,383
Mon Jan 15 17:44:48 AEDT 2018 org.jfree.data.time.Week,384
Mon Jan 15 18:08:43 AEDT 2018 org.jfree.data.time.Week,385
Mon Jan 15 18:26:51 AEDT 2018 org.jfree.data.time.Week,386
Mon Jan 15 18:45:46 AEDT 2018 org.jfree.data.time.Week,387
Mon Jan 15 19:06:35 AEDT 2018 org.jfree.data.time.Week,388
Mon Jan 15 19:24:00 AEDT 2018 org.jfree.data.time.Week,390
Mon Jan 15 19:24:03 AEDT 2018 org.jfree.data.time.Week,405
Mon Jan 15 19:24:05 AEDT 2018 org.jfree.data.time.Week,406
Mon Jan 15 19:24:08 AEDT 2018 org.jfree.data.time.Week,407
Mon Jan 15 19:44:09 AEDT 2018 org.jfree.data.time.Week,408
Mon Jan 15 20:11:24 AEDT 2018 org.jfree.data.time.Week,409
Mon Jan 15 20:38:46 AEDT 2018 org.jfree.data.time.Week,410
Mon Jan 15 20:38:48 AEDT 2018 org.jfree.data.time.Week,411
Mon Jan 15 20:38:50 AEDT 2018 org.jfree.data.time.Week,412
Mon Jan 15 20:38:53 AEDT 2018 org.jfree.data.time.Week,413
Timeout time : 18/01/15 20:42
