=================================================
Project : chart_18	start : 18/01/15 17:47
Current failed test : org.jfree.data.category.junit.DefaultCategoryDatasetTests::testBug1835955 | 18/01/15 17:49
Mon Jan 15 17:51:06 AEDT 2018 org.jfree.data.category.DefaultCategoryDataset,350

----------------------------------------
----------------------------------------
Pass Single Test : [=>0,0]
this.data.removeColumn(columnKey);
this.data.clear();
fireDatasetChanged();

Time : 18/01/15 17:52
----------------------------------------

----------------------------------------
----------------------------------------
Similar code block : 1.2412407071619302 : [/home/hz985/jiajun/d4j/projects/chart/chart_18_buggy/source/org/jfree/data/category/DefaultCategoryDataset.java=>0,0]
Iterator iterator=this.data.iterator();
while(iterator.hasNext()){
TaskSeries series=(TaskSeries)iterator.next();
series.removeChangeListener(this);
}
this.data.clear();
fireDatasetChanged();

Time : 18/01/15 17:52
----------------------------------------

----------------------------------------
----------------------------------------
Original source code : [/home/hz985/jiajun/d4j/projects/chart/chart_18_buggy/source/org/jfree/data/category/DefaultCategoryDataset.java=>350,351]
this.data.removeColumn(columnKey);
fireDatasetChanged();

Time : 18/01/15 17:52
----------------------------------------

----------------------------------------
----------------------------------------
Find a patch : [/home/hz985/jiajun/d4j/projects/chart/chart_18_buggy/source/org/jfree/data/category/DefaultCategoryDataset.java=>350,351]
this.data.removeColumn(columnKey);
this.data.clear();
fireDatasetChanged();

Time : 18/01/15 17:52
----------------------------------------
Success time : 18/01/15 17:52
Current failed test : org.jfree.data.junit.DefaultKeyedValuesTests::testRemoveValue_purify_3 | 18/01/15 17:52
Mon Jan 15 17:54:58 AEDT 2018 org.jfree.data.DefaultKeyedValues,335
Mon Jan 15 17:56:23 AEDT 2018 org.jfree.data.DefaultKeyedValues,316
Mon Jan 15 18:01:36 AEDT 2018 org.jfree.data.DefaultKeyedValues,317
Mon Jan 15 18:01:41 AEDT 2018 org.jfree.data.DefaultKeyedValues,318
Mon Jan 15 18:03:52 AEDT 2018 org.jfree.data.DefaultKeyedValues,319
Mon Jan 15 18:04:00 AEDT 2018 Mon Jan 15 18:04:00 AEDT 2018 : org.jfree.data.DefaultKeyedValues,321=>Find no block
Mon Jan 15 18:04:07 AEDT 2018 org.jfree.data.DefaultKeyedValues,333
Mon Jan 15 18:10:02 AEDT 2018 org.jfree.data.DefaultKeyedValues,334
Mon Jan 15 18:10:03 AEDT 2018 org.jfree.data.DefaultKeyedValues,337
Mon Jan 15 18:10:05 AEDT 2018 Mon Jan 15 18:10:05 AEDT 2018 : org.jfree.data.DefaultKeyedValues,338=>Find no block
Mon Jan 15 18:10:07 AEDT 2018 org.jfree.data.DefaultKeyedValues,299
Mon Jan 15 18:14:19 AEDT 2018 org.jfree.data.DefaultKeyedValues,300
Mon Jan 15 18:20:22 AEDT 2018 org.jfree.data.DefaultKeyedValues,301
Mon Jan 15 18:20:23 AEDT 2018 org.jfree.data.DefaultKeyedValues,302
Mon Jan 15 18:20:24 AEDT 2018 Mon Jan 15 18:20:24 AEDT 2018 : org.jfree.data.DefaultKeyedValues,304=>Find no block
Mon Jan 15 18:20:26 AEDT 2018 org.jfree.data.DefaultKeyedValues,209
Mon Jan 15 18:22:07 AEDT 2018 Mon Jan 15 18:22:07 AEDT 2018 : org.jfree.data.DefaultKeyedValues,210=>Find no block
Mon Jan 15 18:22:08 AEDT 2018 org.jfree.data.DefaultKeyedValues,157
Mon Jan 15 18:31:26 AEDT 2018 org.jfree.data.DefaultKeyedValues,229
Mon Jan 15 18:31:28 AEDT 2018 org.jfree.data.DefaultKeyedValues,232
Mon Jan 15 18:40:13 AEDT 2018 org.jfree.data.DefaultKeyedValues,233
Mon Jan 15 18:40:14 AEDT 2018 org.jfree.data.DefaultKeyedValues,238
Mon Jan 15 18:40:15 AEDT 2018 org.jfree.data.DefaultKeyedValues,239
Mon Jan 15 18:40:16 AEDT 2018 org.jfree.data.DefaultKeyedValues,240
Mon Jan 15 18:40:18 AEDT 2018 Mon Jan 15 18:40:18 AEDT 2018 : org.jfree.data.DefaultKeyedValues,242=>Find no block
Mon Jan 15 18:40:19 AEDT 2018 org.jfree.data.DefaultKeyedValues,150
Mon Jan 15 18:40:20 AEDT 2018 org.jfree.data.DefaultKeyedValues,153
Mon Jan 15 18:40:21 AEDT 2018 org.jfree.data.DefaultKeyedValues,154
Mon Jan 15 18:40:23 AEDT 2018 org.jfree.data.DefaultKeyedValues,155
Mon Jan 15 18:40:24 AEDT 2018 Mon Jan 15 18:40:24 AEDT 2018 : org.jfree.data.DefaultKeyedValues,98=>Find no block
Mon Jan 15 18:40:25 AEDT 2018 org.jfree.data.DefaultKeyedValues,99
Mon Jan 15 18:41:45 AEDT 2018 org.jfree.data.DefaultKeyedValues,100
Mon Jan 15 18:41:46 AEDT 2018 org.jfree.data.DefaultKeyedValues,101
Mon Jan 15 18:41:47 AEDT 2018 Mon Jan 15 18:41:47 AEDT 2018 : org.jfree.data.DefaultKeyedValues,102=>Find no block
Mon Jan 15 18:41:48 AEDT 2018 Mon Jan 15 18:41:48 AEDT 2018 : org.jfree.data.category.DefaultCategoryDataset,73=>Find no block
Mon Jan 15 18:41:50 AEDT 2018 org.jfree.data.category.DefaultCategoryDataset,74
Mon Jan 15 18:41:55 AEDT 2018 Mon Jan 15 18:41:55 AEDT 2018 : org.jfree.data.category.DefaultCategoryDataset,75=>Find no block
Mon Jan 15 18:41:57 AEDT 2018 org.jfree.data.category.DefaultCategoryDataset,85
Mon Jan 15 18:42:02 AEDT 2018 org.jfree.data.category.DefaultCategoryDataset,96
Mon Jan 15 18:42:07 AEDT 2018 org.jfree.data.category.DefaultCategoryDataset,110
Mon Jan 15 18:42:46 AEDT 2018 org.jfree.data.category.DefaultCategoryDataset,124
Mon Jan 15 18:43:22 AEDT 2018 org.jfree.data.category.DefaultCategoryDataset,138
Mon Jan 15 18:43:27 AEDT 2018 org.jfree.data.category.DefaultCategoryDataset,149
Mon Jan 15 18:43:32 AEDT 2018 org.jfree.data.category.DefaultCategoryDataset,162
Mon Jan 15 18:44:10 AEDT 2018 org.jfree.data.category.DefaultCategoryDataset,176
Mon Jan 15 18:44:15 AEDT 2018 org.jfree.data.category.DefaultCategoryDataset,187
Mon Jan 15 18:44:20 AEDT 2018 org.jfree.data.category.DefaultCategoryDataset,203
Mon Jan 15 18:45:04 AEDT 2018 org.jfree.data.category.DefaultCategoryDataset,218
Mon Jan 15 18:46:18 AEDT 2018 org.jfree.data.category.DefaultCategoryDataset,219
Mon Jan 15 18:46:20 AEDT 2018 Mon Jan 15 18:46:20 AEDT 2018 : org.jfree.data.category.DefaultCategoryDataset,220=>Find no block
Mon Jan 15 18:46:21 AEDT 2018 org.jfree.data.category.DefaultCategoryDataset,233
Mon Jan 15 18:47:23 AEDT 2018 Mon Jan 15 18:47:23 AEDT 2018 : org.jfree.data.category.DefaultCategoryDataset,234=>Find no block
Mon Jan 15 18:47:24 AEDT 2018 org.jfree.data.category.DefaultCategoryDataset,248
Mon Jan 15 18:49:09 AEDT 2018 org.jfree.data.category.DefaultCategoryDataset,249
Mon Jan 15 18:49:10 AEDT 2018 Mon Jan 15 18:49:10 AEDT 2018 : org.jfree.data.category.DefaultCategoryDataset,250=>Find no block
Mon Jan 15 18:49:12 AEDT 2018 org.jfree.data.category.DefaultCategoryDataset,264
Mon Jan 15 18:50:44 AEDT 2018 Mon Jan 15 18:50:44 AEDT 2018 : org.jfree.data.category.DefaultCategoryDataset,265=>Find no block
Mon Jan 15 18:50:45 AEDT 2018 org.jfree.data.category.DefaultCategoryDataset,280
Timeout time : 18/01/15 18:54
Current failed test : org.jfree.data.junit.DefaultKeyedValuesTests::testGetIndex2_purify_3 | 18/01/15 18:54
Mon Jan 15 18:55:55 AEDT 2018 org.jfree.data.DefaultKeyedValues,316
Mon Jan 15 19:00:30 AEDT 2018 org.jfree.data.DefaultKeyedValues,317
Mon Jan 15 19:00:32 AEDT 2018 org.jfree.data.DefaultKeyedValues,318

----------------------------------------
----------------------------------------
Pass Single Test : [=>0,0]
if(index<=this.keys.size()){
rebuildIndex();
}

Time : 18/01/15 19:01
----------------------------------------

----------------------------------------
----------------------------------------
Similar code block : 1.2981462390204985 : [/home/hz985/jiajun/d4j/projects/chart/chart_18_buggy/source/org/jfree/data/DefaultKeyedValues.java=>0,0]
if(position<=this.data.size()){
this.data.add(position,item);
}else {
this.data.add(item);
}

Time : 18/01/15 19:02
----------------------------------------

----------------------------------------
----------------------------------------
Original source code : [/home/hz985/jiajun/d4j/projects/chart/chart_18_buggy/source/org/jfree/data/DefaultKeyedValues.java=>318,320]
if(index<this.keys.size()){
rebuildIndex();
}

Time : 18/01/15 19:02
----------------------------------------

----------------------------------------
----------------------------------------
Find a patch : [/home/hz985/jiajun/d4j/projects/chart/chart_18_buggy/source/org/jfree/data/DefaultKeyedValues.java=>318,320]
if(index<=this.keys.size()){
rebuildIndex();
}

Time : 18/01/15 19:02
----------------------------------------
Success time : 18/01/15 19:02
Current failed test : org.jfree.data.junit.DefaultKeyedValues2DTests::testRemoveColumnByKey_purify_1 | 18/01/15 19:02
Already fixed : org.jfree.data.junit.DefaultKeyedValues2DTests::testRemoveColumnByKey_purify_1
Current failed test : org.jfree.data.junit.DefaultKeyedValues2DTests::testRemoveColumnByKey_purify_2 | 18/01/15 19:02
Mon Jan 15 19:03:29 AEDT 2018 org.jfree.data.DefaultKeyedValues2D,455
Mon Jan 15 19:08:59 AEDT 2018 org.jfree.data.DefaultKeyedValues2D,456
Mon Jan 15 19:11:46 AEDT 2018 org.jfree.data.DefaultKeyedValues2D,457
Mon Jan 15 19:11:47 AEDT 2018 org.jfree.data.DefaultKeyedValues2D,458
Mon Jan 15 19:11:48 AEDT 2018 Mon Jan 15 19:11:48 AEDT 2018 : org.jfree.data.DefaultKeyedValues2D,459=>Find no block
Mon Jan 15 19:11:49 AEDT 2018 org.jfree.data.DefaultKeyedValues2D,460
Mon Jan 15 19:11:51 AEDT 2018 Mon Jan 15 19:11:51 AEDT 2018 : org.jfree.data.DefaultKeyedValues2D,461=>Find no block
Mon Jan 15 19:11:52 AEDT 2018 org.jfree.data.DefaultKeyedValues,335
Mon Jan 15 19:12:54 AEDT 2018 org.jfree.data.DefaultKeyedValues,316
Mon Jan 15 19:17:27 AEDT 2018 org.jfree.data.DefaultKeyedValues,317
Mon Jan 15 19:17:28 AEDT 2018 org.jfree.data.DefaultKeyedValues,318
Mon Jan 15 19:19:12 AEDT 2018 Mon Jan 15 19:19:12 AEDT 2018 : org.jfree.data.DefaultKeyedValues,321=>Find no block
Mon Jan 15 19:19:14 AEDT 2018 org.jfree.data.DefaultKeyedValues,333
Mon Jan 15 19:24:38 AEDT 2018 org.jfree.data.DefaultKeyedValues,334
Mon Jan 15 19:24:39 AEDT 2018 org.jfree.data.DefaultKeyedValues,337
Mon Jan 15 19:24:40 AEDT 2018 Mon Jan 15 19:24:40 AEDT 2018 : org.jfree.data.DefaultKeyedValues,338=>Find no block
Mon Jan 15 19:24:43 AEDT 2018 org.jfree.data.DefaultKeyedValues,234
Mon Jan 15 19:27:14 AEDT 2018 org.jfree.data.DefaultKeyedValues2D,323
Mon Jan 15 19:27:20 AEDT 2018 org.jfree.data.DefaultKeyedValues2D,189
Mon Jan 15 19:28:10 AEDT 2018 org.jfree.data.DefaultKeyedValues2D,303
Mon Jan 15 19:29:44 AEDT 2018 Mon Jan 15 19:29:44 AEDT 2018 : org.jfree.data.DefaultKeyedValues2D,304=>Find no block
Mon Jan 15 19:29:45 AEDT 2018 org.jfree.data.DefaultKeyedValues2D,333
Mon Jan 15 19:31:44 AEDT 2018 org.jfree.data.DefaultKeyedValues2D,334
Mon Jan 15 19:31:46 AEDT 2018 org.jfree.data.DefaultKeyedValues2D,182
Mon Jan 15 19:32:44 AEDT 2018 org.jfree.data.DefaultKeyedValues2D,185
Mon Jan 15 19:32:45 AEDT 2018 org.jfree.data.DefaultKeyedValues2D,320
Mon Jan 15 19:36:24 AEDT 2018 org.jfree.data.DefaultKeyedValues2D,322
Mon Jan 15 19:36:25 AEDT 2018 org.jfree.data.DefaultKeyedValues2D,326
Mon Jan 15 19:38:14 AEDT 2018 org.jfree.data.DefaultKeyedValues2D,327
Mon Jan 15 19:38:15 AEDT 2018 org.jfree.data.DefaultKeyedValues2D,337
Mon Jan 15 19:45:35 AEDT 2018 org.jfree.data.DefaultKeyedValues2D,339
Mon Jan 15 19:45:37 AEDT 2018 org.jfree.data.DefaultKeyedValues2D,340
Mon Jan 15 19:50:28 AEDT 2018 org.jfree.data.DefaultKeyedValues2D,341
Mon Jan 15 19:50:29 AEDT 2018 Mon Jan 15 19:50:29 AEDT 2018 : org.jfree.data.DefaultKeyedValues2D,343=>Find no block
Mon Jan 15 19:50:30 AEDT 2018 org.jfree.data.DefaultKeyedValues2D,95
Mon Jan 15 19:50:36 AEDT 2018 Mon Jan 15 19:50:36 AEDT 2018 : org.jfree.data.DefaultKeyedValues2D,96=>Find no block
Mon Jan 15 19:50:37 AEDT 2018 org.jfree.data.DefaultKeyedValues,157
Mon Jan 15 19:59:37 AEDT 2018 Mon Jan 15 19:59:37 AEDT 2018 : org.jfree.data.DefaultKeyedValues2D,103=>Find no block
Mon Jan 15 19:59:39 AEDT 2018 org.jfree.data.DefaultKeyedValues2D,104
Mon Jan 15 20:01:57 AEDT 2018 org.jfree.data.DefaultKeyedValues2D,105
Mon Jan 15 20:01:58 AEDT 2018 org.jfree.data.DefaultKeyedValues2D,106
Mon Jan 15 20:02:00 AEDT 2018 org.jfree.data.DefaultKeyedValues2D,107
Mon Jan 15 20:02:01 AEDT 2018 Mon Jan 15 20:02:01 AEDT 2018 : org.jfree.data.DefaultKeyedValues2D,108=>Find no block
Mon Jan 15 20:02:02 AEDT 2018 org.jfree.data.DefaultKeyedValues,229
Mon Jan 15 20:02:03 AEDT 2018 org.jfree.data.DefaultKeyedValues,232
Timeout time : 18/01/15 20:03
