=================================================
Project : chart_26	start : 18/01/15 18:59
Current failed test : org.jfree.chart.junit.AreaChartTests::testDrawWithNullInfo | 18/01/15 19:00
Mon Jan 15 19:06:36 AEDT 2018 org.jfree.chart.plot.CategoryPlot,2547
Mon Jan 15 19:06:54 AEDT 2018 org.jfree.chart.plot.Plot,1385
Mon Jan 15 19:16:31 AEDT 2018 org.jfree.chart.plot.CategoryPlot,708
Mon Jan 15 19:16:48 AEDT 2018 org.jfree.chart.plot.CategoryPlot,721
Mon Jan 15 19:51:35 AEDT 2018 org.jfree.chart.plot.CategoryPlot,722
Mon Jan 15 19:51:42 AEDT 2018 org.jfree.chart.plot.CategoryPlot,723
Mon Jan 15 19:51:49 AEDT 2018 org.jfree.chart.plot.CategoryPlot,725
Mon Jan 15 19:51:56 AEDT 2018 org.jfree.chart.plot.CategoryPlot,728
Mon Jan 15 19:52:03 AEDT 2018 org.jfree.chart.plot.CategoryPlot,815
Mon Jan 15 20:19:49 AEDT 2018 org.jfree.chart.plot.CategoryPlot,816
Mon Jan 15 20:19:55 AEDT 2018 org.jfree.chart.plot.CategoryPlot,817
Mon Jan 15 20:20:02 AEDT 2018 org.jfree.chart.plot.CategoryPlot,818
Mon Jan 15 20:20:07 AEDT 2018 org.jfree.chart.plot.CategoryPlot,823
Mon Jan 15 20:20:13 AEDT 2018 org.jfree.chart.plot.CategoryPlot,976
Mon Jan 15 21:00:18 AEDT 2018 org.jfree.chart.plot.CategoryPlot,977
Mon Jan 15 21:00:24 AEDT 2018 org.jfree.chart.plot.CategoryPlot,978
Mon Jan 15 21:00:30 AEDT 2018 org.jfree.chart.plot.CategoryPlot,980
Mon Jan 15 21:00:35 AEDT 2018 org.jfree.chart.plot.CategoryPlot,983
Mon Jan 15 21:00:41 AEDT 2018 org.jfree.chart.plot.CategoryPlot,1067
Mon Jan 15 21:18:22 AEDT 2018 org.jfree.chart.plot.CategoryPlot,1068
Mon Jan 15 21:18:28 AEDT 2018 org.jfree.chart.plot.CategoryPlot,1070
Mon Jan 15 21:18:33 AEDT 2018 org.jfree.chart.plot.CategoryPlot,1073
Mon Jan 15 21:18:39 AEDT 2018 org.jfree.chart.plot.CategoryPlot,1727
Mon Jan 15 22:16:25 AEDT 2018 org.jfree.chart.plot.CategoryPlot,1728
Mon Jan 15 22:19:07 AEDT 2018 org.jfree.chart.plot.CategoryPlot,1729
Mon Jan 15 22:21:17 AEDT 2018 org.jfree.chart.plot.CategoryPlot,1731
Mon Jan 15 22:21:23 AEDT 2018 org.jfree.chart.plot.CategoryPlot,1732
Mon Jan 15 22:21:28 AEDT 2018 org.jfree.chart.plot.CategoryPlot,1733
Mon Jan 15 22:31:46 AEDT 2018 org.jfree.chart.plot.CategoryPlot,1734
Mon Jan 15 22:31:52 AEDT 2018 org.jfree.chart.plot.CategoryPlot,1749
Mon Jan 15 22:35:45 AEDT 2018 org.jfree.chart.plot.CategoryPlot,2410
Mon Jan 15 22:35:59 AEDT 2018 org.jfree.chart.plot.CategoryPlot,2415
Tue Jan 16 00:01:11 AEDT 2018 org.jfree.chart.plot.CategoryPlot,2431
Timeout time : 18/01/16 00:06
