=================================================
Project : chart_25	start : 18/01/13 21:20
Current failed test : org.jfree.chart.renderer.category.junit.StatisticalBarRendererTests::testDrawWithNullMeanVertical | 18/01/13 21:21
Sat Jan 13 21:23:08 AEDT 2018 org.jfree.chart.event.ChartChangeEvent,133
Sat Jan 13 21:24:13 AEDT 2018 Sat Jan 13 21:24:13 AEDT 2018 : org.jfree.chart.event.ChartChangeEvent,134=>Find no block
Sat Jan 13 21:24:20 AEDT 2018 org.jfree.chart.JFreeChart,327
Sat Jan 13 21:24:37 AEDT 2018 Sat Jan 13 21:24:37 AEDT 2018 : org.jfree.chart.JFreeChart,328=>Find no block
Sat Jan 13 21:24:43 AEDT 2018 Sat Jan 13 21:24:43 AEDT 2018 : org.jfree.chart.JFreeChart,364=>Find no block
Sat Jan 13 21:24:51 AEDT 2018 Sat Jan 13 21:24:51 AEDT 2018 : org.jfree.chart.JFreeChart,298=>Find no block
Sat Jan 13 21:24:58 AEDT 2018 Sat Jan 13 21:24:58 AEDT 2018 : org.jfree.chart.JFreeChart,301=>Find no block
Sat Jan 13 21:25:05 AEDT 2018 org.jfree.chart.JFreeChart,366
Sat Jan 13 21:26:06 AEDT 2018 org.jfree.chart.JFreeChart,371
Sat Jan 13 21:28:21 AEDT 2018 org.jfree.chart.JFreeChart,372
Sat Jan 13 21:31:44 AEDT 2018 org.jfree.chart.JFreeChart,373
Sat Jan 13 21:35:27 AEDT 2018 org.jfree.chart.JFreeChart,376
Sat Jan 13 21:39:29 AEDT 2018 org.jfree.chart.JFreeChart,380
Sat Jan 13 21:41:12 AEDT 2018 org.jfree.chart.JFreeChart,381
Sat Jan 13 21:44:25 AEDT 2018 org.jfree.chart.JFreeChart,382
Sat Jan 13 21:50:51 AEDT 2018 org.jfree.chart.JFreeChart,384
Sat Jan 13 21:56:09 AEDT 2018 org.jfree.chart.JFreeChart,386
Sat Jan 13 22:00:18 AEDT 2018 org.jfree.chart.JFreeChart,387
Sat Jan 13 22:03:39 AEDT 2018 org.jfree.chart.JFreeChart,389
Sat Jan 13 22:19:14 AEDT 2018 org.jfree.chart.JFreeChart,392
Sat Jan 13 22:24:47 AEDT 2018 org.jfree.chart.JFreeChart,393
Sat Jan 13 22:24:54 AEDT 2018 org.jfree.chart.JFreeChart,394
Sat Jan 13 22:25:03 AEDT 2018 org.jfree.chart.JFreeChart,395
Sat Jan 13 22:25:10 AEDT 2018 org.jfree.chart.JFreeChart,396
Sat Jan 13 22:25:19 AEDT 2018 org.jfree.chart.JFreeChart,397
Sat Jan 13 22:25:26 AEDT 2018 org.jfree.chart.JFreeChart,398
Sat Jan 13 22:25:34 AEDT 2018 org.jfree.chart.JFreeChart,399
Sat Jan 13 22:25:40 AEDT 2018 org.jfree.chart.JFreeChart,403
Sat Jan 13 22:27:26 AEDT 2018 org.jfree.chart.JFreeChart,411
Sat Jan 13 22:32:34 AEDT 2018 org.jfree.chart.JFreeChart,413
Sat Jan 13 22:35:36 AEDT 2018 org.jfree.chart.JFreeChart,414
Sat Jan 13 22:37:03 AEDT 2018 org.jfree.chart.JFreeChart,415
Sat Jan 13 22:37:09 AEDT 2018 Sat Jan 13 22:37:09 AEDT 2018 : org.jfree.chart.JFreeChart,417=>Find no block
Sat Jan 13 22:37:17 AEDT 2018 org.jfree.chart.JFreeChart,457
Sat Jan 13 22:37:31 AEDT 2018 org.jfree.chart.JFreeChart,1136
Timeout time : 18/01/13 22:38
Current failed test : org.jfree.chart.renderer.category.junit.StatisticalBarRendererTests::testDrawWithNullDeviationVertical | 18/01/13 22:38
Sat Jan 13 22:39:39 AEDT 2018 org.jfree.chart.event.ChartChangeEvent,133
Sat Jan 13 22:40:37 AEDT 2018 Sat Jan 13 22:40:37 AEDT 2018 : org.jfree.chart.event.ChartChangeEvent,134=>Find no block
Sat Jan 13 22:40:42 AEDT 2018 org.jfree.chart.JFreeChart,327
Sat Jan 13 22:40:53 AEDT 2018 Sat Jan 13 22:40:53 AEDT 2018 : org.jfree.chart.JFreeChart,328=>Find no block
Sat Jan 13 22:41:00 AEDT 2018 Sat Jan 13 22:41:00 AEDT 2018 : org.jfree.chart.JFreeChart,364=>Find no block
Sat Jan 13 22:41:07 AEDT 2018 Sat Jan 13 22:41:07 AEDT 2018 : org.jfree.chart.JFreeChart,298=>Find no block
Sat Jan 13 22:41:13 AEDT 2018 Sat Jan 13 22:41:13 AEDT 2018 : org.jfree.chart.JFreeChart,301=>Find no block
Sat Jan 13 22:41:20 AEDT 2018 org.jfree.chart.JFreeChart,366
Sat Jan 13 22:42:17 AEDT 2018 org.jfree.chart.JFreeChart,371
Sat Jan 13 22:44:32 AEDT 2018 org.jfree.chart.JFreeChart,372
Sat Jan 13 22:47:53 AEDT 2018 org.jfree.chart.JFreeChart,373
Sat Jan 13 22:51:38 AEDT 2018 org.jfree.chart.JFreeChart,376
Sat Jan 13 22:55:40 AEDT 2018 org.jfree.chart.JFreeChart,380
Sat Jan 13 22:57:23 AEDT 2018 org.jfree.chart.JFreeChart,381
Sat Jan 13 23:00:26 AEDT 2018 org.jfree.chart.JFreeChart,382
Sat Jan 13 23:06:48 AEDT 2018 org.jfree.chart.JFreeChart,384
Sat Jan 13 23:11:55 AEDT 2018 org.jfree.chart.JFreeChart,386
Sat Jan 13 23:16:08 AEDT 2018 org.jfree.chart.JFreeChart,387
Sat Jan 13 23:19:32 AEDT 2018 org.jfree.chart.JFreeChart,389
Sat Jan 13 23:35:09 AEDT 2018 org.jfree.chart.JFreeChart,392
Sat Jan 13 23:40:40 AEDT 2018 org.jfree.chart.JFreeChart,393
Sat Jan 13 23:40:46 AEDT 2018 org.jfree.chart.JFreeChart,394
Sat Jan 13 23:40:54 AEDT 2018 org.jfree.chart.JFreeChart,395
Sat Jan 13 23:40:59 AEDT 2018 org.jfree.chart.JFreeChart,396
Sat Jan 13 23:41:05 AEDT 2018 org.jfree.chart.JFreeChart,397
Sat Jan 13 23:41:10 AEDT 2018 org.jfree.chart.JFreeChart,398
Sat Jan 13 23:41:17 AEDT 2018 org.jfree.chart.JFreeChart,399
Sat Jan 13 23:41:23 AEDT 2018 org.jfree.chart.JFreeChart,403
Sat Jan 13 23:43:05 AEDT 2018 org.jfree.chart.JFreeChart,411
Sat Jan 13 23:48:03 AEDT 2018 org.jfree.chart.JFreeChart,413
Sat Jan 13 23:50:59 AEDT 2018 org.jfree.chart.JFreeChart,414
Sat Jan 13 23:52:22 AEDT 2018 org.jfree.chart.JFreeChart,415
Sat Jan 13 23:52:28 AEDT 2018 Sat Jan 13 23:52:28 AEDT 2018 : org.jfree.chart.JFreeChart,417=>Find no block
Sat Jan 13 23:52:34 AEDT 2018 org.jfree.chart.JFreeChart,457
Sat Jan 13 23:52:49 AEDT 2018 org.jfree.chart.JFreeChart,1136
Timeout time : 18/01/13 23:54
Current failed test : org.jfree.chart.renderer.category.junit.StatisticalBarRendererTests::testDrawWithNullDeviationHorizontal | 18/01/13 23:54
Sat Jan 13 23:55:57 AEDT 2018 org.jfree.chart.axis.Axis,1114
Sun Jan 14 00:00:42 AEDT 2018 org.jfree.chart.axis.Axis,1117
Sun Jan 14 00:00:49 AEDT 2018 org.jfree.chart.axis.Axis,1118
Sun Jan 14 00:09:55 AEDT 2018 org.jfree.chart.axis.Axis,1119
Sun Jan 14 00:13:29 AEDT 2018 org.jfree.chart.axis.Axis,1120
Sun Jan 14 00:18:09 AEDT 2018 org.jfree.chart.axis.Axis,1121
Sun Jan 14 00:21:25 AEDT 2018 org.jfree.chart.axis.Axis,1122
Sun Jan 14 00:38:21 AEDT 2018 org.jfree.chart.axis.Axis,1124
Timeout time : 18/01/14 01:10
Current failed test : org.jfree.chart.renderer.category.junit.StatisticalBarRendererTests::testDrawWithNullMeanHorizontal | 18/01/14 01:10
Sun Jan 14 01:12:08 AEDT 2018 org.jfree.chart.axis.Axis,1114
Sun Jan 14 01:16:54 AEDT 2018 org.jfree.chart.axis.Axis,1117
Sun Jan 14 01:16:56 AEDT 2018 org.jfree.chart.axis.Axis,1118
Sun Jan 14 01:26:02 AEDT 2018 org.jfree.chart.axis.Axis,1119
Sun Jan 14 01:29:42 AEDT 2018 org.jfree.chart.axis.Axis,1120
Sun Jan 14 01:34:18 AEDT 2018 org.jfree.chart.axis.Axis,1121
Sun Jan 14 01:37:27 AEDT 2018 org.jfree.chart.axis.Axis,1122
Sun Jan 14 01:54:16 AEDT 2018 org.jfree.chart.axis.Axis,1124
Timeout time : 18/01/14 02:27
