=================================================
Project : chart_3	start : 18/01/14 04:16
Current failed test : org.jfree.data.time.junit.TimeSeriesTests::testCreateCopy3 | 18/01/14 04:18
Sun Jan 14 04:19:13 AEDT 2018 org.jfree.data.time.TimeSeries,1050
Sun Jan 14 04:20:39 AEDT 2018 org.jfree.data.time.TimeSeries,1053
Sun Jan 14 04:22:02 AEDT 2018 org.jfree.data.time.TimeSeries,1056
Sun Jan 14 04:45:16 AEDT 2018 org.jfree.data.time.TimeSeries,1057
Sun Jan 14 05:13:57 AEDT 2018 org.jfree.data.time.TimeSeries,1058
Sun Jan 14 05:14:03 AEDT 2018 org.jfree.data.time.TimeSeries,1059
Sun Jan 14 05:14:08 AEDT 2018 org.jfree.data.time.TimeSeries,1060
Sun Jan 14 05:14:12 AEDT 2018 org.jfree.data.time.TimeSeries,1062
Sun Jan 14 05:14:16 AEDT 2018 org.jfree.data.time.TimeSeries,1064
Sun Jan 14 05:14:17 AEDT 2018 Sun Jan 14 05:14:17 AEDT 2018 : org.jfree.data.time.TimeSeries,1068=>Find no block
Sun Jan 14 05:14:19 AEDT 2018 org.jfree.data.time.TimeSeries,1071
Sun Jan 14 05:18:25 AEDT 2018 org.jfree.data.time.TimeSeries,564
Sun Jan 14 05:20:53 AEDT 2018 Sun Jan 14 05:20:53 AEDT 2018 : org.jfree.data.time.TimeSeries,565=>Find no block
Sun Jan 14 05:20:55 AEDT 2018 org.jfree.data.general.Series,243
Sun Jan 14 05:29:43 AEDT 2018 org.jfree.data.general.Series,244
Sun Jan 14 05:29:45 AEDT 2018 org.jfree.data.general.Series,245
Sun Jan 14 05:29:47 AEDT 2018 org.jfree.data.general.Series,246
Sun Jan 14 05:29:49 AEDT 2018 org.jfree.data.time.TimeSeries,345
Sun Jan 14 05:30:01 AEDT 2018 org.jfree.data.time.TimeSeries,360
Sun Jan 14 05:30:08 AEDT 2018 org.jfree.data.time.TimeSeries,653
Sun Jan 14 05:32:21 AEDT 2018 Sun Jan 14 05:32:21 AEDT 2018 : org.jfree.data.time.TimeSeries,654=>Find no block
Sun Jan 14 05:32:26 AEDT 2018 org.jfree.data.time.TimeSeries,666
Sun Jan 14 05:37:05 AEDT 2018 org.jfree.data.time.TimeSeries,667
Sun Jan 14 05:37:06 AEDT 2018 Sun Jan 14 05:37:06 AEDT 2018 : org.jfree.data.time.TimeSeries,668=>Find no block
Sun Jan 14 05:37:10 AEDT 2018 org.jfree.data.time.Year,171
Sun Jan 14 05:37:23 AEDT 2018 org.jfree.data.time.Year,253
Sun Jan 14 05:37:24 AEDT 2018 org.jfree.data.time.Year,348
Sun Jan 14 05:38:22 AEDT 2018 org.jfree.data.time.Year,349
Sun Jan 14 05:38:25 AEDT 2018 org.jfree.data.time.Year,350
Sun Jan 14 05:38:28 AEDT 2018 Sun Jan 14 05:38:28 AEDT 2018 : org.jfree.data.time.Year,351=>Find no block
Sun Jan 14 05:38:29 AEDT 2018 org.jfree.data.time.Year,367
Sun Jan 14 05:42:23 AEDT 2018 org.jfree.data.time.TimeSeriesDataItem,121
Sun Jan 14 05:42:50 AEDT 2018 Sun Jan 14 05:42:50 AEDT 2018 : org.jfree.data.time.TimeSeriesDataItem,122=>Find no block
Sun Jan 14 05:42:55 AEDT 2018 Sun Jan 14 05:42:55 AEDT 2018 : org.jfree.data.time.Year,114=>Find no block
Sun Jan 14 05:42:59 AEDT 2018 org.jfree.data.time.Year,115
Sun Jan 14 05:54:17 AEDT 2018 org.jfree.data.time.Year,119
Sun Jan 14 06:04:54 AEDT 2018 org.jfree.data.time.Year,120
Sun Jan 14 06:04:59 AEDT 2018 Sun Jan 14 06:04:59 AEDT 2018 : org.jfree.data.time.Year,121=>Find no block
Sun Jan 14 06:05:01 AEDT 2018 org.jfree.data.time.Year,211
Sun Jan 14 06:05:58 AEDT 2018 org.jfree.data.time.Year,212
Sun Jan 14 06:06:03 AEDT 2018 Sun Jan 14 06:06:03 AEDT 2018 : org.jfree.data.time.Year,213=>Find no block
Sun Jan 14 06:06:04 AEDT 2018 org.jfree.data.time.Year,268
Sun Jan 14 06:10:52 AEDT 2018 org.jfree.data.time.Year,269
Sun Jan 14 06:10:58 AEDT 2018 org.jfree.data.time.Year,272
Sun Jan 14 06:11:01 AEDT 2018 org.jfree.data.time.Year,287
Sun Jan 14 06:15:51 AEDT 2018 org.jfree.data.time.Year,288
Sun Jan 14 06:15:55 AEDT 2018 org.jfree.data.time.Year,291
Sun Jan 14 06:15:58 AEDT 2018 org.jfree.data.time.TimeSeries,680
Sun Jan 14 06:16:04 AEDT 2018 Sun Jan 14 06:16:04 AEDT 2018 : org.jfree.data.time.TimeSeries,681=>Find no block
Sun Jan 14 06:16:08 AEDT 2018 org.jfree.data.time.TimeSeries,693
Sun Jan 14 06:16:11 AEDT 2018 org.jfree.data.time.TimeSeries,694
Sun Jan 14 06:16:13 AEDT 2018 Sun Jan 14 06:16:13 AEDT 2018 : org.jfree.data.time.TimeSeries,695=>Find no block
Sun Jan 14 06:16:14 AEDT 2018 org.jfree.data.time.TimeSeries,429
Sun Jan 14 06:17:13 AEDT 2018 org.jfree.data.time.TimeSeries,463
Sun Jan 14 06:17:37 AEDT 2018 org.jfree.data.time.TimeSeries,584
Sun Jan 14 06:29:27 AEDT 2018 org.jfree.data.time.TimeSeries,603
Sun Jan 14 06:49:07 AEDT 2018 org.jfree.data.time.TimeSeries,604
Sun Jan 14 06:52:45 AEDT 2018 org.jfree.data.time.TimeSeries,605
Sun Jan 14 06:53:09 AEDT 2018 org.jfree.data.time.TimeSeries,606
Sun Jan 14 06:53:11 AEDT 2018 org.jfree.data.time.TimeSeries,878
Sun Jan 14 07:07:41 AEDT 2018 org.jfree.data.time.TimeSeries,879
Sun Jan 14 07:07:44 AEDT 2018 Sun Jan 14 07:07:44 AEDT 2018 : org.jfree.data.time.TimeSeries,881=>Find no block
Sun Jan 14 07:07:48 AEDT 2018 org.jfree.data.time.TimeSeries,885
Sun Jan 14 07:15:13 AEDT 2018 org.jfree.data.time.TimeSeries,1269
Sun Jan 14 07:17:17 AEDT 2018 org.jfree.data.time.TimeSeries,1273
Sun Jan 14 07:17:18 AEDT 2018 org.jfree.data.time.TimeSeries,1292
Sun Jan 14 07:19:32 AEDT 2018 org.jfree.data.time.TimeSeries,1296
Sun Jan 14 07:19:37 AEDT 2018 org.jfree.data.event.SeriesChangeEvent,70
Sun Jan 14 07:19:49 AEDT 2018 Sun Jan 14 07:19:49 AEDT 2018 : org.jfree.data.event.SeriesChangeEvent,71=>Find no block
Sun Jan 14 07:19:51 AEDT 2018 org.jfree.data.event.SeriesChangeEvent,82
Sun Jan 14 07:19:58 AEDT 2018 org.jfree.data.event.SeriesChangeEvent,83
Sun Jan 14 07:20:02 AEDT 2018 Sun Jan 14 07:20:02 AEDT 2018 : org.jfree.data.event.SeriesChangeEvent,84=>Find no block
Sun Jan 14 07:20:07 AEDT 2018 org.jfree.data.general.Series,315
Sun Jan 14 07:22:06 AEDT 2018 org.jfree.data.general.Series,316
Sun Jan 14 07:22:11 AEDT 2018 Sun Jan 14 07:22:11 AEDT 2018 : org.jfree.data.general.Series,318=>Find no block
Sun Jan 14 07:22:14 AEDT 2018 org.jfree.data.general.Series,328
Sun Jan 14 07:42:06 AEDT 2018 org.jfree.data.general.Series,329
Sun Jan 14 07:42:11 AEDT 2018 Sun Jan 14 07:42:11 AEDT 2018 : org.jfree.data.general.Series,336=>Find no block
Sun Jan 14 07:42:14 AEDT 2018 Sun Jan 14 07:42:14 AEDT 2018 : org.jfree.data.time.RegularTimePeriod,71=>Find no block
Sun Jan 14 07:42:16 AEDT 2018 Sun Jan 14 07:42:16 AEDT 2018 : org.jfree.data.time.TimeSeriesDataItem,105=>Find no block
Sun Jan 14 07:42:19 AEDT 2018 org.jfree.data.time.TimeSeriesDataItem,106
Sun Jan 14 07:42:25 AEDT 2018 org.jfree.data.time.TimeSeriesDataItem,109
Sun Jan 14 07:43:45 AEDT 2018 org.jfree.data.time.TimeSeriesDataItem,110
Sun Jan 14 07:43:46 AEDT 2018 org.jfree.data.time.TimeSeriesDataItem,111
Sun Jan 14 07:43:48 AEDT 2018 Sun Jan 14 07:43:48 AEDT 2018 : org.jfree.data.time.TimeSeriesDataItem,112=>Find no block
Sun Jan 14 07:43:49 AEDT 2018 org.jfree.data.time.TimeSeriesDataItem,130
Sun Jan 14 07:44:01 AEDT 2018 org.jfree.data.time.TimeSeriesDataItem,141
Sun Jan 14 07:44:09 AEDT 2018 org.jfree.data.time.TimeSeriesDataItem,266
Sun Jan 14 07:51:39 AEDT 2018 org.jfree.data.time.TimeSeriesDataItem,268
Sun Jan 14 07:51:44 AEDT 2018 Sun Jan 14 07:51:44 AEDT 2018 : org.jfree.data.time.TimeSeriesDataItem,272=>Find no block
Sun Jan 14 07:51:49 AEDT 2018 org.jfree.data.time.TimeSeriesDataItem,273
Sun Jan 14 07:51:52 AEDT 2018 org.jfree.data.time.TimeSeries,576
Sun Jan 14 07:53:04 AEDT 2018 org.jfree.data.time.TimeSeries,579
Sun Jan 14 07:56:33 AEDT 2018 org.jfree.data.time.TimeSeries,580
Sun Jan 14 07:56:36 AEDT 2018 org.jfree.data.time.TimeSeries,581
Sun Jan 14 07:58:07 AEDT 2018 org.jfree.data.time.TimeSeries,582
Sun Jan 14 07:58:18 AEDT 2018 org.jfree.data.time.TimeSeries,596
Sun Jan 14 08:01:16 AEDT 2018 org.jfree.data.time.TimeSeries,597
Sun Jan 14 08:01:18 AEDT 2018 org.jfree.data.time.TimeSeries,598
Sun Jan 14 08:25:08 AEDT 2018 org.jfree.data.time.TimeSeries,599
Sun Jan 14 08:25:12 AEDT 2018 org.jfree.data.time.TimeSeries,600
Sun Jan 14 08:25:14 AEDT 2018 org.jfree.data.time.TimeSeries,626

----------------------------------------
----------------------------------------
Pass Single Test : [=>0,0]
findBoundsByIteration();
if(added){
updateBoundsForAddedItem(item);
if(getItemCount()>this.maximumItemCount){
TimeSeriesDataItem d=(TimeSeriesDataItem)this.data.remove(0);
updateBoundsForRemovedItem(d);
}
removeAgedItems(false);
if(notify){
fireSeriesChanged();
}
}

Time : 18/01/14 08:28
----------------------------------------

----------------------------------------
----------------------------------------
Similar code block : 1.5145909208469572 : [/home/hz985/jiajun/d4j/projects/chart/chart_3_buggy/source/org/jfree/data/time/TimeSeries.java=>0,0]
if(end<start){
throw new IllegalArgumentException("Requires start <= end.");
}
for(int i=0;i<=(end-start);i++){
this.data.remove(start);
}
findBoundsByIteration();
if(this.data.isEmpty()){
this.timePeriodClass=null;
}
if(notify){
fireSeriesChanged();
}

Time : 18/01/14 08:29
----------------------------------------

----------------------------------------
----------------------------------------
Original source code : [/home/hz985/jiajun/d4j/projects/chart/chart_3_buggy/source/org/jfree/data/time/TimeSeries.java=>626,640]
if(added){
updateBoundsForAddedItem(item);
if(getItemCount()>this.maximumItemCount){
TimeSeriesDataItem d=(TimeSeriesDataItem)this.data.remove(0);
updateBoundsForRemovedItem(d);
}
removeAgedItems(false);
if(notify){
fireSeriesChanged();
}
}

Time : 18/01/14 08:29
----------------------------------------

----------------------------------------
----------------------------------------
Find a patch : [/home/hz985/jiajun/d4j/projects/chart/chart_3_buggy/source/org/jfree/data/time/TimeSeries.java=>626,640]
findBoundsByIteration();
if(added){
updateBoundsForAddedItem(item);
if(getItemCount()>this.maximumItemCount){
TimeSeriesDataItem d=(TimeSeriesDataItem)this.data.remove(0);
updateBoundsForRemovedItem(d);
}
removeAgedItems(false);
if(notify){
fireSeriesChanged();
}
}

Time : 18/01/14 08:29
----------------------------------------
Success time : 18/01/14 08:29
