=================================================
Project : chart_5	start : 18/01/14 02:23
Current failed test : org.jfree.data.xy.junit.XYSeriesTests::testBug1955483 | 18/01/14 02:23
Sun Jan 14 02:25:05 AEDT 2018 org.jfree.data.xy.XYSeries,527
Sun Jan 14 02:25:19 AEDT 2018 org.jfree.data.xy.XYSeries,564
Sun Jan 14 02:29:17 AEDT 2018 org.jfree.data.xy.XYSeries,563
Sun Jan 14 02:29:19 AEDT 2018 org.jfree.data.xy.XYSeries,570
Sun Jan 14 02:35:00 AEDT 2018 org.jfree.data.xy.XYSeries,541
Sun Jan 14 02:35:50 AEDT 2018 org.jfree.data.xy.XYSeries,546
Sun Jan 14 02:39:05 AEDT 2018 org.jfree.data.xy.XYSeries,547
Sun Jan 14 02:39:08 AEDT 2018 org.jfree.data.xy.XYSeries,548
Sun Jan 14 02:48:12 AEDT 2018 org.jfree.data.xy.XYSeries,574
Sun Jan 14 03:01:01 AEDT 2018 org.jfree.data.xy.XYSeries,575
Sun Jan 14 03:01:06 AEDT 2018 org.jfree.data.xy.XYSeries,590
Sun Jan 14 03:15:50 AEDT 2018 org.jfree.data.xy.XYDataItem,191
Sun Jan 14 03:16:57 AEDT 2018 org.jfree.data.xy.XYSeries,589
Sun Jan 14 03:17:01 AEDT 2018 org.jfree.data.xy.XYDataItem,179
Sun Jan 14 03:18:53 AEDT 2018 org.jfree.data.xy.XYDataItem,180
Sun Jan 14 03:21:03 AEDT 2018 org.jfree.data.xy.XYDataItem,181
Sun Jan 14 03:21:04 AEDT 2018 org.jfree.data.xy.XYDataItem,183
Sun Jan 14 03:21:06 AEDT 2018 org.jfree.data.xy.XYDataItem,187
Sun Jan 14 03:21:08 AEDT 2018 Sun Jan 14 03:21:08 AEDT 2018 : org.jfree.data.xy.XYDataItem,194=>Find no block
Sun Jan 14 03:21:11 AEDT 2018 org.jfree.data.xy.XYDataItem,203
Sun Jan 14 03:25:05 AEDT 2018 org.jfree.data.xy.XYDataItem,96
Sun Jan 14 03:25:12 AEDT 2018 Sun Jan 14 03:25:12 AEDT 2018 : org.jfree.data.xy.XYDataItem,72=>Find no block
Sun Jan 14 03:25:18 AEDT 2018 org.jfree.data.xy.XYDataItem,73
Sun Jan 14 03:25:23 AEDT 2018 org.jfree.data.xy.XYDataItem,76
Sun Jan 14 03:27:07 AEDT 2018 org.jfree.data.xy.XYDataItem,77
Sun Jan 14 03:27:12 AEDT 2018 Sun Jan 14 03:27:12 AEDT 2018 : org.jfree.data.xy.XYDataItem,78=>Find no block
Sun Jan 14 03:27:16 AEDT 2018 org.jfree.data.xy.XYSeries,186
Sun Jan 14 03:28:36 AEDT 2018 org.jfree.data.general.Series,313
Sun Jan 14 03:30:35 AEDT 2018 org.jfree.data.general.Series,314
Sun Jan 14 03:30:40 AEDT 2018 Sun Jan 14 03:30:40 AEDT 2018 : org.jfree.data.general.Series,316=>Find no block
Sun Jan 14 03:30:44 AEDT 2018 org.jfree.data.general.Series,326
Sun Jan 14 03:51:07 AEDT 2018 org.jfree.data.general.Series,327
Sun Jan 14 03:51:08 AEDT 2018 Sun Jan 14 03:51:08 AEDT 2018 : org.jfree.data.general.Series,334=>Find no block
Sun Jan 14 03:51:10 AEDT 2018 org.jfree.data.general.SeriesChangeEvent,61
Sun Jan 14 03:51:19 AEDT 2018 Sun Jan 14 03:51:19 AEDT 2018 : org.jfree.data.general.SeriesChangeEvent,62=>Find no block
Sun Jan 14 03:51:25 AEDT 2018 org.jfree.data.xy.XYSeries,153
Sun Jan 14 03:53:43 AEDT 2018 Sun Jan 14 03:53:43 AEDT 2018 : org.jfree.data.xy.XYSeries,109=>Find no block
Sun Jan 14 03:53:45 AEDT 2018 org.jfree.data.xy.XYSeries,154
Sun Jan 14 03:53:50 AEDT 2018 org.jfree.data.xy.XYSeries,155
Sun Jan 14 03:53:55 AEDT 2018 org.jfree.data.xy.XYSeries,156
Sun Jan 14 03:53:58 AEDT 2018 Sun Jan 14 03:53:58 AEDT 2018 : org.jfree.data.xy.XYSeries,157=>Find no block
Sun Jan 14 03:54:03 AEDT 2018 org.jfree.data.general.Series,102
Sun Jan 14 03:54:12 AEDT 2018 Sun Jan 14 03:54:12 AEDT 2018 : org.jfree.data.general.Series,103=>Find no block
Sun Jan 14 03:54:16 AEDT 2018 Sun Jan 14 03:54:16 AEDT 2018 : org.jfree.data.general.Series,111=>Find no block
Sun Jan 14 03:54:20 AEDT 2018 org.jfree.data.general.Series,112
Sun Jan 14 03:55:09 AEDT 2018 org.jfree.data.general.Series,115
Sun Jan 14 03:58:16 AEDT 2018 org.jfree.data.general.Series,116
Sun Jan 14 03:58:18 AEDT 2018 org.jfree.data.general.Series,117
Sun Jan 14 03:58:19 AEDT 2018 org.jfree.data.general.Series,118
Sun Jan 14 03:58:22 AEDT 2018 org.jfree.data.general.Series,119
Sun Jan 14 03:58:26 AEDT 2018 Sun Jan 14 03:58:26 AEDT 2018 : org.jfree.data.general.Series,120=>Find no block
Sun Jan 14 03:58:31 AEDT 2018 org.jfree.data.xy.XYDataItem,74
Sun Jan 14 03:58:36 AEDT 2018 org.jfree.data.xy.XYDataItem,87
Sun Jan 14 03:58:44 AEDT 2018 Sun Jan 14 03:58:44 AEDT 2018 : org.jfree.data.xy.XYDataItem,88=>Find no block
Sun Jan 14 03:58:50 AEDT 2018 org.jfree.data.xy.XYDataItem,111
Sun Jan 14 03:58:59 AEDT 2018 org.jfree.data.xy.XYDataItem,120
Sun Jan 14 03:59:08 AEDT 2018 org.jfree.data.xy.XYDataItem,134
Sun Jan 14 04:03:10 AEDT 2018 org.jfree.data.xy.XYDataItem,135
Sun Jan 14 04:05:25 AEDT 2018 org.jfree.data.xy.XYDataItem,136
Sun Jan 14 04:05:27 AEDT 2018 org.jfree.data.xy.XYDataItem,138
Sun Jan 14 04:05:30 AEDT 2018 org.jfree.data.xy.XYDataItem,148
Sun Jan 14 04:06:09 AEDT 2018 Sun Jan 14 04:06:09 AEDT 2018 : org.jfree.data.xy.XYDataItem,149=>Find no block
Sun Jan 14 04:06:14 AEDT 2018 org.jfree.data.xy.XYDataItem,158
Sun Jan 14 04:07:23 AEDT 2018 Sun Jan 14 04:07:23 AEDT 2018 : org.jfree.data.xy.XYDataItem,159=>Find no block
Sun Jan 14 04:07:28 AEDT 2018 org.jfree.data.xy.XYDataItem,184
Sun Jan 14 04:07:31 AEDT 2018 org.jfree.data.xy.XYDataItem,188
Sun Jan 14 04:07:33 AEDT 2018 org.jfree.data.xy.XYDataItem,200
Sun Jan 14 04:08:15 AEDT 2018 org.jfree.data.xy.XYDataItem,216
Sun Jan 14 04:08:28 AEDT 2018 org.jfree.data.xy.XYDataItem,228
Sun Jan 14 04:10:43 AEDT 2018 org.jfree.data.xy.XYDataItem,229
Sun Jan 14 04:10:46 AEDT 2018 org.jfree.data.xy.XYDataItem,231
Sun Jan 14 04:11:45 AEDT 2018 org.jfree.data.xy.XYDataItem,232
Sun Jan 14 04:11:49 AEDT 2018 org.jfree.data.xy.XYDataItem,234
Sun Jan 14 04:26:24 AEDT 2018 org.jfree.data.xy.XYDataItem,235
Sun Jan 14 04:26:26 AEDT 2018 org.jfree.data.xy.XYDataItem,236
Sun Jan 14 04:26:31 AEDT 2018 org.jfree.data.xy.XYDataItem,238
Sun Jan 14 04:41:20 AEDT 2018 org.jfree.data.xy.XYDataItem,239
Sun Jan 14 04:41:22 AEDT 2018 org.jfree.data.xy.XYDataItem,241
Sun Jan 14 04:54:29 AEDT 2018 org.jfree.data.xy.XYDataItem,251
Sun Jan 14 04:55:59 AEDT 2018 org.jfree.data.xy.XYDataItem,252
Sun Jan 14 04:56:04 AEDT 2018 org.jfree.data.xy.XYDataItem,253
Sun Jan 14 04:56:05 AEDT 2018 org.jfree.data.xy.XYDataItem,263
Sun Jan 14 04:56:16 AEDT 2018 org.jfree.data.xy.XYSeries,125
Sun Jan 14 04:56:46 AEDT 2018 Sun Jan 14 04:56:46 AEDT 2018 : org.jfree.data.xy.XYSeries,126=>Find no block
Sun Jan 14 04:56:48 AEDT 2018 org.jfree.data.xy.XYSeries,137
Sun Jan 14 04:57:35 AEDT 2018 Sun Jan 14 04:57:35 AEDT 2018 : org.jfree.data.xy.XYSeries,138=>Find no block
Sun Jan 14 04:57:36 AEDT 2018 org.jfree.data.xy.XYSeries,167
Sun Jan 14 04:57:47 AEDT 2018 org.jfree.data.xy.XYSeries,177
Sun Jan 14 04:57:56 AEDT 2018 org.jfree.data.xy.XYSeries,196
Sun Jan 14 04:59:18 AEDT 2018 org.jfree.data.xy.XYSeries,207
Sun Jan 14 04:59:28 AEDT 2018 org.jfree.data.xy.XYSeries,225
Sun Jan 14 05:10:30 AEDT 2018 org.jfree.data.xy.XYSeries,226
Sun Jan 14 05:10:32 AEDT 2018 org.jfree.data.xy.XYSeries,227
Sun Jan 14 05:10:35 AEDT 2018 org.jfree.data.xy.XYSeries,228
Sun Jan 14 05:10:39 AEDT 2018 org.jfree.data.xy.XYSeries,229
Sun Jan 14 05:10:44 AEDT 2018 org.jfree.data.xy.XYSeries,231
Sun Jan 14 05:10:45 AEDT 2018 org.jfree.data.xy.XYSeries,232
Sun Jan 14 05:10:47 AEDT 2018 Sun Jan 14 05:10:47 AEDT 2018 : org.jfree.data.xy.XYSeries,234=>Find no block
Sun Jan 14 05:10:50 AEDT 2018 org.jfree.data.xy.XYSeries,244
Sun Jan 14 05:12:48 AEDT 2018 Sun Jan 14 05:12:48 AEDT 2018 : org.jfree.data.xy.XYSeries,245=>Find no block
Sun Jan 14 05:12:51 AEDT 2018 org.jfree.data.xy.XYSeries,255
Sun Jan 14 05:13:54 AEDT 2018 Sun Jan 14 05:13:54 AEDT 2018 : org.jfree.data.xy.XYSeries,256=>Find no block
Sun Jan 14 05:13:56 AEDT 2018 org.jfree.data.xy.XYSeries,269
Sun Jan 14 05:15:25 AEDT 2018 Sun Jan 14 05:15:25 AEDT 2018 : org.jfree.data.xy.XYSeries,270=>Find no block
Sun Jan 14 05:15:29 AEDT 2018 org.jfree.data.xy.XYSeries,281
Sun Jan 14 05:16:51 AEDT 2018 Sun Jan 14 05:16:51 AEDT 2018 : org.jfree.data.xy.XYSeries,282=>Find no block
Sun Jan 14 05:16:56 AEDT 2018 org.jfree.data.xy.XYSeries,296
Sun Jan 14 05:18:37 AEDT 2018 Sun Jan 14 05:18:37 AEDT 2018 : org.jfree.data.xy.XYSeries,297=>Find no block
Sun Jan 14 05:18:41 AEDT 2018 org.jfree.data.xy.XYSeries,315
Sun Jan 14 05:19:53 AEDT 2018 Sun Jan 14 05:19:53 AEDT 2018 : org.jfree.data.xy.XYSeries,316=>Find no block
Sun Jan 14 05:19:54 AEDT 2018 org.jfree.data.xy.XYSeries,333
Sun Jan 14 05:22:33 AEDT 2018 org.jfree.data.xy.XYSeries,334
Sun Jan 14 05:22:35 AEDT 2018 Sun Jan 14 05:22:35 AEDT 2018 : org.jfree.data.xy.XYSeries,335=>Find no block
Sun Jan 14 05:22:36 AEDT 2018 org.jfree.data.xy.XYSeries,348
Sun Jan 14 05:23:31 AEDT 2018 org.jfree.data.xy.XYSeries,349
Sun Jan 14 05:23:34 AEDT 2018 org.jfree.data.xy.XYSeries,352
Sun Jan 14 06:36:20 AEDT 2018 org.jfree.data.xy.XYSeries,353
Sun Jan 14 06:36:42 AEDT 2018 org.jfree.data.xy.XYSeries,354
Sun Jan 14 06:36:44 AEDT 2018 org.jfree.data.xy.XYSeries,355
Sun Jan 14 06:36:55 AEDT 2018 org.jfree.data.xy.XYSeries,358
Sun Jan 14 06:37:01 AEDT 2018 org.jfree.data.xy.XYSeries,360
Sun Jan 14 06:48:41 AEDT 2018 Sun Jan 14 06:48:41 AEDT 2018 : org.jfree.data.xy.XYSeries,362=>Find no block
Sun Jan 14 06:48:43 AEDT 2018 org.jfree.data.xy.XYSeries,363
Sun Jan 14 06:48:48 AEDT 2018 org.jfree.data.xy.XYSeries,365
Sun Jan 14 06:48:52 AEDT 2018 org.jfree.data.xy.XYSeries,366
Sun Jan 14 06:48:58 AEDT 2018 org.jfree.data.xy.XYSeries,369
Sun Jan 14 06:49:00 AEDT 2018 Sun Jan 14 06:49:00 AEDT 2018 : org.jfree.data.xy.XYSeries,371=>Find no block
Sun Jan 14 06:49:01 AEDT 2018 org.jfree.data.xy.XYSeries,373
Sun Jan 14 06:49:03 AEDT 2018 Sun Jan 14 06:49:03 AEDT 2018 : org.jfree.data.xy.XYSeries,376=>Find no block
Sun Jan 14 06:49:04 AEDT 2018 org.jfree.data.xy.XYSeries,378
Sun Jan 14 06:49:07 AEDT 2018 org.jfree.data.xy.XYSeries,381
Sun Jan 14 06:49:12 AEDT 2018 org.jfree.data.xy.XYSeries,382
Sun Jan 14 06:49:16 AEDT 2018 org.jfree.data.xy.XYSeries,383
Sun Jan 14 06:49:20 AEDT 2018 org.jfree.data.xy.XYSeries,386
Sun Jan 14 06:53:33 AEDT 2018 org.jfree.data.xy.XYSeries,388
Sun Jan 14 06:53:34 AEDT 2018 org.jfree.data.xy.XYSeries,389
Sun Jan 14 06:53:36 AEDT 2018 org.jfree.data.xy.XYSeries,391
Sun Jan 14 06:56:17 AEDT 2018 org.jfree.data.xy.XYSeries,392
Sun Jan 14 06:56:22 AEDT 2018 Sun Jan 14 06:56:22 AEDT 2018 : org.jfree.data.xy.XYSeries,394=>Find no block
Sun Jan 14 06:56:25 AEDT 2018 org.jfree.data.xy.XYSeries,404
Sun Jan 14 07:12:05 AEDT 2018 org.jfree.data.xy.XYSeries,405
Sun Jan 14 07:12:07 AEDT 2018 org.jfree.data.xy.XYSeries,407
Timeout time : 18/01/14 07:25
