=================================================
Project : closure_104	start : 18/01/15 19:42
Current failed test : com.google.javascript.rhino.jstype.UnionTypeTest::testGreatestSubtypeUnionTypes5 | 18/01/15 19:42
Mon Jan 15 19:59:26 AEDT 2018 com.google.javascript.rhino.jstype.UnionType,287
Mon Jan 15 20:01:42 AEDT 2018 com.google.javascript.rhino.jstype.JSType,592

----------------------------------------
----------------------------------------
Pass Single Test : [=>0,0]
if(thatType.isUnionType()){
return ((UnionType)thisType).meet(thatType);
}else if(thatType.isUnionType()){
return ((UnionType)thatType).meet(thisType);
}else if(thisType.isObject()&&thatType.isObject()){
return thisType.getNativeType(JSTypeNative.NO_OBJECT_TYPE);
}

Time : 18/01/15 20:08
----------------------------------------
Mon Jan 15 20:13:32 AEDT 2018 com.google.javascript.rhino.jstype.UnionType,274
Mon Jan 15 20:15:52 AEDT 2018 com.google.javascript.rhino.jstype.UnionType,275
Mon Jan 15 20:15:53 AEDT 2018 com.google.javascript.rhino.jstype.UnionType,276
Mon Jan 15 20:15:53 AEDT 2018 Mon Jan 15 20:15:53 AEDT 2018 : com.google.javascript.rhino.jstype.UnionType,279=>Find no block
Mon Jan 15 20:15:55 AEDT 2018 com.google.javascript.rhino.jstype.UnionType,281
Mon Jan 15 20:17:53 AEDT 2018 com.google.javascript.rhino.jstype.UnionType,290
Mon Jan 15 20:19:38 AEDT 2018 com.google.javascript.rhino.jstype.UnionType,291

----------------------------------------
----------------------------------------
Pass Single Test : [=>0,0]
if(result==null){
return result;
}else if(this.isObject()&&that.isObject()){
return getNativeType(JSTypeNative.NO_OBJECT_TYPE);
}else {
return getNativeType(JSTypeNative.NO_TYPE);
}

Time : 18/01/15 21:58
----------------------------------------

----------------------------------------
----------------------------------------
Pass Single Test : [=>0,0]
if(result!=null&&that.isSubtype(result)){
return result;
}else if(this.isObject()&&that.isObject()){
return getNativeType(JSTypeNative.NO_OBJECT_TYPE);
}else {
return getNativeType(JSTypeNative.NO_TYPE);
}

Time : 18/01/15 22:02
----------------------------------------

----------------------------------------
----------------------------------------
Pass Single Test : [=>0,0]
if(result!=null&&(that.isUnknownType()||result.isUnknownType())){
return result;
}else if(this.isObject()&&that.isObject()){
return getNativeType(JSTypeNative.NO_OBJECT_TYPE);
}else {
return getNativeType(JSTypeNative.NO_TYPE);
}

Time : 18/01/15 22:05
----------------------------------------
Mon Jan 15 22:08:50 AEDT 2018 com.google.javascript.rhino.jstype.UnionType,292
Mon Jan 15 22:08:55 AEDT 2018 com.google.javascript.rhino.jstype.UnionTypeBuilder,157
Mon Jan 15 22:11:08 AEDT 2018 com.google.javascript.rhino.jstype.NoObjectType,342
Mon Jan 15 22:11:19 AEDT 2018 com.google.javascript.rhino.jstype.NoType,129
Mon Jan 15 22:11:30 AEDT 2018 com.google.javascript.rhino.jstype.JSType,591
Mon Jan 15 22:11:33 AEDT 2018 com.google.javascript.rhino.jstype.PrototypeObjectType,370
Mon Jan 15 22:12:33 AEDT 2018 com.google.javascript.rhino.jstype.JSType,589
Mon Jan 15 22:17:54 AEDT 2018 com.google.javascript.rhino.jstype.JSType,587
Mon Jan 15 22:23:49 AEDT 2018 com.google.javascript.rhino.jstype.JSType,566
Mon Jan 15 22:27:45 AEDT 2018 com.google.javascript.rhino.jstype.JSType,570
Mon Jan 15 22:31:42 AEDT 2018 com.google.javascript.rhino.jstype.JSType,578
Mon Jan 15 22:43:49 AEDT 2018 com.google.javascript.rhino.jstype.JSType,582
Mon Jan 15 22:43:50 AEDT 2018 com.google.javascript.rhino.jstype.JSType,249
Mon Jan 15 22:43:53 AEDT 2018 com.google.javascript.rhino.jstype.UnionType,394
Mon Jan 15 22:44:55 AEDT 2018 com.google.javascript.rhino.jstype.NoObjectType,285
Mon Jan 15 22:44:57 AEDT 2018 com.google.javascript.rhino.jstype.UnionType,392
Mon Jan 15 22:46:03 AEDT 2018 com.google.javascript.rhino.jstype.UnionType,393
Mon Jan 15 22:46:04 AEDT 2018 com.google.javascript.rhino.jstype.UnionType,321
Mon Jan 15 22:46:07 AEDT 2018 com.google.javascript.rhino.jstype.NamedType,104
Mon Jan 15 23:06:26 AEDT 2018 Mon Jan 15 23:06:26 AEDT 2018 : com.google.javascript.rhino.jstype.NamedType,97=>Find no block
Mon Jan 15 23:06:27 AEDT 2018 com.google.javascript.rhino.jstype.NamedType,106
Mon Jan 15 23:06:27 AEDT 2018 com.google.javascript.rhino.jstype.NamedType,107
Mon Jan 15 23:06:28 AEDT 2018 com.google.javascript.rhino.jstype.NamedType,108
Mon Jan 15 23:06:29 AEDT 2018 com.google.javascript.rhino.jstype.NamedType,109
Mon Jan 15 23:06:29 AEDT 2018 com.google.javascript.rhino.jstype.NamedType,110
Mon Jan 15 23:06:30 AEDT 2018 Mon Jan 15 23:06:30 AEDT 2018 : com.google.javascript.rhino.jstype.NamedType,111=>Find no block
Mon Jan 15 23:06:30 AEDT 2018 com.google.javascript.rhino.jstype.InstanceObjectType,157
Mon Jan 15 23:07:52 AEDT 2018 Mon Jan 15 23:07:52 AEDT 2018 : com.google.javascript.rhino.jstype.JSType,826=>Find no block
Mon Jan 15 23:07:53 AEDT 2018 com.google.javascript.rhino.jstype.JSType,821
Mon Jan 15 23:10:26 AEDT 2018 com.google.javascript.rhino.jstype.JSType,822
Mon Jan 15 23:10:26 AEDT 2018 com.google.javascript.rhino.jstype.JSType,823
Mon Jan 15 23:10:27 AEDT 2018 com.google.javascript.rhino.jstype.UnionType,257
Mon Jan 15 23:11:39 AEDT 2018 Mon Jan 15 23:11:39 AEDT 2018 : com.google.javascript.rhino.jstype.UnionType,256=>Find no block
Mon Jan 15 23:11:40 AEDT 2018 com.google.javascript.rhino.jstype.UnionType,252
Mon Jan 15 23:11:40 AEDT 2018 com.google.javascript.rhino.jstype.UnionType,253
Mon Jan 15 23:11:41 AEDT 2018 com.google.javascript.rhino.jstype.UnionTypeBuilder,154
Mon Jan 15 23:11:42 AEDT 2018 com.google.javascript.rhino.jstype.ProxyObjectType,62
Mon Jan 15 23:12:20 AEDT 2018 com.google.javascript.rhino.jstype.ProxyObjectType,63
Mon Jan 15 23:12:21 AEDT 2018 Mon Jan 15 23:12:21 AEDT 2018 : com.google.javascript.rhino.jstype.ProxyObjectType,64=>Find no block
Mon Jan 15 23:12:21 AEDT 2018 com.google.javascript.rhino.jstype.PrototypeObjectType,118
Mon Jan 15 23:21:54 AEDT 2018 com.google.javascript.rhino.jstype.PrototypeObjectType,119
Mon Jan 15 23:21:55 AEDT 2018 com.google.javascript.rhino.jstype.PrototypeObjectType,120
Mon Jan 15 23:21:56 AEDT 2018 com.google.javascript.rhino.jstype.PrototypeObjectType,122
Mon Jan 15 23:21:56 AEDT 2018 com.google.javascript.rhino.jstype.PrototypeObjectType,123
Mon Jan 15 23:21:57 AEDT 2018 com.google.javascript.rhino.jstype.PrototypeObjectType,124
Mon Jan 15 23:21:58 AEDT 2018 com.google.javascript.rhino.jstype.PrototypeObjectType,125
Mon Jan 15 23:21:58 AEDT 2018 Mon Jan 15 23:21:58 AEDT 2018 : com.google.javascript.rhino.jstype.PrototypeObjectType,127=>Find no block
Mon Jan 15 23:21:59 AEDT 2018 com.google.javascript.rhino.jstype.PrototypeObjectType,128
Mon Jan 15 23:22:00 AEDT 2018 com.google.javascript.rhino.jstype.PrototypeObjectType,140
Mon Jan 15 23:30:59 AEDT 2018 com.google.javascript.rhino.jstype.PrototypeObjectType,136
Mon Jan 15 23:31:00 AEDT 2018 com.google.javascript.rhino.jstype.PrototypeObjectType,137
Mon Jan 15 23:31:01 AEDT 2018 com.google.javascript.rhino.jstype.PrototypeObjectType,133
Mon Jan 15 23:31:02 AEDT 2018 com.google.javascript.rhino.jstype.InstanceObjectType,93
Mon Jan 15 23:35:48 AEDT 2018 com.google.javascript.rhino.jstype.InstanceObjectType,94
Mon Jan 15 23:37:06 AEDT 2018 com.google.javascript.rhino.jstype.InstanceObjectType,97
Mon Jan 15 23:37:07 AEDT 2018 com.google.javascript.rhino.jstype.JSTypeRegistry,689
Mon Jan 15 23:37:10 AEDT 2018 com.google.javascript.rhino.jstype.ObjectType,340
Mon Jan 15 23:39:15 AEDT 2018 com.google.javascript.rhino.jstype.PrototypeObjectType,145
Mon Jan 15 23:39:18 AEDT 2018 com.google.javascript.rhino.jstype.PrototypeObjectType,221
Mon Jan 15 23:40:01 AEDT 2018 com.google.javascript.rhino.jstype.PrototypeObjectType,224
Mon Jan 15 23:49:00 AEDT 2018 com.google.javascript.rhino.jstype.PrototypeObjectType,225
Mon Jan 15 23:49:01 AEDT 2018 Mon Jan 15 23:49:01 AEDT 2018 : com.google.javascript.rhino.jstype.PrototypeObjectType,438=>Find no block
Mon Jan 15 23:49:02 AEDT 2018 Mon Jan 15 23:49:02 AEDT 2018 : com.google.javascript.rhino.jstype.PrototypeObjectType,436=>Find no block
Mon Jan 15 23:49:02 AEDT 2018 com.google.javascript.rhino.jstype.PrototypeObjectType,439
Mon Jan 15 23:51:20 AEDT 2018 com.google.javascript.rhino.jstype.PrototypeObjectType,440
Mon Jan 15 23:51:20 AEDT 2018 com.google.javascript.rhino.jstype.PrototypeObjectType,441
Mon Jan 15 23:51:21 AEDT 2018 Mon Jan 15 23:51:21 AEDT 2018 : com.google.javascript.rhino.jstype.PrototypeObjectType,442=>Find no block
Mon Jan 15 23:51:22 AEDT 2018 com.google.javascript.rhino.jstype.JSTypeRegistry,761
Mon Jan 15 23:51:57 AEDT 2018 com.google.javascript.rhino.Node,587
Timeout time : 18/01/16 00:59
