=================================================
Project : closure_114	start : 18/01/15 14:14
Current failed test : com.google.javascript.jscomp.NameAnalyzerTest::testAssignWithCall | 18/01/15 14:14
Mon Jan 15 14:15:12 AEDT 2018 com.google.javascript.rhino.Node,1430
Mon Jan 15 14:15:25 AEDT 2018 com.google.javascript.rhino.Node,1446
Mon Jan 15 14:15:36 AEDT 2018 com.google.javascript.rhino.Node,1459
Mon Jan 15 14:15:45 AEDT 2018 Mon Jan 15 14:15:45 AEDT 2018 : com.google.javascript.rhino.Node,2194=>Find no block
Mon Jan 15 14:15:49 AEDT 2018 com.google.javascript.rhino.Node,2195
Mon Jan 15 14:15:59 AEDT 2018 com.google.javascript.rhino.Node,2196
Mon Jan 15 14:16:02 AEDT 2018 Mon Jan 15 14:16:02 AEDT 2018 : com.google.javascript.rhino.Node,2197=>Find no block
Mon Jan 15 14:16:05 AEDT 2018 com.google.javascript.jscomp.NameAnalyzer,1722
Mon Jan 15 14:41:29 AEDT 2018 com.google.javascript.jscomp.NameAnalyzer,1723
Mon Jan 15 14:41:33 AEDT 2018 com.google.javascript.jscomp.NameAnalyzer,1724
Mon Jan 15 14:41:36 AEDT 2018 Mon Jan 15 14:41:36 AEDT 2018 : com.google.javascript.jscomp.NameAnalyzer,1725=>Find no block
Mon Jan 15 14:41:39 AEDT 2018 com.google.javascript.jscomp.NameAnalyzer,1611
Mon Jan 15 14:45:44 AEDT 2018 com.google.javascript.jscomp.CodeGenerator,314
Mon Jan 15 14:47:33 AEDT 2018 com.google.javascript.jscomp.CodeGenerator,325
Mon Jan 15 14:49:23 AEDT 2018 com.google.javascript.jscomp.NameAnalyzer,1864
Mon Jan 15 14:50:21 AEDT 2018 com.google.javascript.jscomp.NameAnalyzer,949
Mon Jan 15 14:54:28 AEDT 2018 com.google.javascript.jscomp.NameAnalyzer,950
Mon Jan 15 14:54:31 AEDT 2018 Mon Jan 15 14:54:31 AEDT 2018 : com.google.javascript.jscomp.NameAnalyzer,951=>Find no block
Mon Jan 15 14:54:34 AEDT 2018 com.google.javascript.jscomp.NameAnalyzer,330
Mon Jan 15 15:08:04 AEDT 2018 com.google.javascript.jscomp.NameAnalyzer,332
Mon Jan 15 15:18:23 AEDT 2018 com.google.javascript.jscomp.NameAnalyzer,1610
Mon Jan 15 15:18:29 AEDT 2018 com.google.javascript.jscomp.AstChangeProxy,88
Mon Jan 15 15:19:42 AEDT 2018 Mon Jan 15 15:19:42 AEDT 2018 : com.google.javascript.jscomp.AstChangeProxy,89=>Find no block
Mon Jan 15 15:19:45 AEDT 2018 com.google.javascript.jscomp.NameAnalyzer,1498
Mon Jan 15 15:19:53 AEDT 2018 com.google.javascript.jscomp.NameAnalyzer,1598
Mon Jan 15 16:13:37 AEDT 2018 com.google.javascript.jscomp.NameAnalyzer,1599
Mon Jan 15 16:13:41 AEDT 2018 com.google.javascript.jscomp.NameAnalyzer,1602
Mon Jan 15 16:13:45 AEDT 2018 com.google.javascript.jscomp.NameAnalyzer,1606
Mon Jan 15 16:13:48 AEDT 2018 com.google.javascript.jscomp.parsing.TypeSafeDispatcher,244
Mon Jan 15 16:15:22 AEDT 2018 com.google.javascript.jscomp.parsing.IRFactory,1024
Mon Jan 15 16:17:44 AEDT 2018 com.google.javascript.jscomp.parsing.IRFactory,1025
Mon Jan 15 16:17:48 AEDT 2018 com.google.javascript.jscomp.NameAnalyzer,1591
Mon Jan 15 16:31:31 AEDT 2018 com.google.javascript.jscomp.NameAnalyzer,1592
Mon Jan 15 16:31:35 AEDT 2018 com.google.javascript.rhino.Node,133
Mon Jan 15 16:31:59 AEDT 2018 com.google.javascript.jscomp.NodeTraversal,586
Mon Jan 15 16:33:40 AEDT 2018 com.google.javascript.rhino.Node,1588
Mon Jan 15 16:34:25 AEDT 2018 com.google.javascript.jscomp.NameAnalyzer,1554
Mon Jan 15 16:34:56 AEDT 2018 com.google.javascript.jscomp.MarkNoSideEffectCalls,148
Mon Jan 15 16:35:26 AEDT 2018 com.google.javascript.jscomp.MarkNoSideEffectCalls,152
Mon Jan 15 16:49:17 AEDT 2018 com.google.javascript.jscomp.Normalize,304
Mon Jan 15 16:51:32 AEDT 2018 com.google.javascript.rhino.Node,956
Mon Jan 15 17:17:10 AEDT 2018 com.google.javascript.rhino.Node,960
Mon Jan 15 17:17:14 AEDT 2018 com.google.javascript.rhino.Node,963
Mon Jan 15 17:17:18 AEDT 2018 com.google.javascript.rhino.Token,230
Mon Jan 15 17:17:40 AEDT 2018 com.google.javascript.rhino.Token,249
Mon Jan 15 17:18:02 AEDT 2018 com.google.javascript.jscomp.NameAnalyzer,327
Mon Jan 15 17:18:05 AEDT 2018 com.google.javascript.jscomp.AstChangeProxy,120
Mon Jan 15 17:29:03 AEDT 2018 com.google.javascript.jscomp.AstChangeProxy,121
Mon Jan 15 17:29:07 AEDT 2018 Mon Jan 15 17:29:07 AEDT 2018 : com.google.javascript.jscomp.AstChangeProxy,122=>Find no block
Mon Jan 15 17:29:10 AEDT 2018 com.google.javascript.jscomp.NodeTraversal,585
Mon Jan 15 17:29:13 AEDT 2018 com.google.javascript.rhino.Node,1585
Mon Jan 15 17:29:17 AEDT 2018 com.google.javascript.jscomp.MarkNoSideEffectCalls,182
Mon Jan 15 17:29:27 AEDT 2018 com.google.javascript.jscomp.NameAnalyzer,799
Mon Jan 15 17:52:36 AEDT 2018 com.google.javascript.rhino.Token,232
Mon Jan 15 17:52:59 AEDT 2018 com.google.javascript.jscomp.NameAnalyzer,521
Mon Jan 15 18:15:24 AEDT 2018 com.google.javascript.jscomp.NameAnalyzer,522
Mon Jan 15 18:15:29 AEDT 2018 com.google.javascript.jscomp.NameAnalyzer,523
Mon Jan 15 18:15:33 AEDT 2018 com.google.javascript.jscomp.NameAnalyzer,524
Mon Jan 15 18:15:38 AEDT 2018 com.google.javascript.jscomp.NodeUtil,3370
Mon Jan 15 18:26:37 AEDT 2018 com.google.javascript.jscomp.NodeUtil,3371
Mon Jan 15 18:26:41 AEDT 2018 com.google.javascript.jscomp.NodeUtil,3373
Mon Jan 15 18:26:45 AEDT 2018 com.google.javascript.jscomp.NameAnalyzer,797
Mon Jan 15 18:26:49 AEDT 2018 com.google.javascript.jscomp.CodeConsumer,184
Mon Jan 15 18:28:05 AEDT 2018 com.google.javascript.rhino.Token,265
Mon Jan 15 18:28:30 AEDT 2018 com.google.javascript.jscomp.SimpleDefinitionFinder,142
Mon Jan 15 18:31:59 AEDT 2018 com.google.javascript.rhino.Token,259
Mon Jan 15 18:32:25 AEDT 2018 com.google.javascript.jscomp.NameAnalyzer,320
Mon Jan 15 18:38:50 AEDT 2018 com.google.javascript.jscomp.NameAnalyzer,321
Mon Jan 15 18:47:13 AEDT 2018 com.google.javascript.jscomp.NameAnalyzer,322
Mon Jan 15 18:53:19 AEDT 2018 com.google.javascript.jscomp.NameAnalyzer,1860
Timeout time : 18/01/15 19:15
