=================================================
Project : closure_116	start : 18/01/15 19:16
Current failed test : com.google.javascript.jscomp.FunctionInjectorTest::testIssue1101a | 18/01/15 19:18
Mon Jan 15 19:18:26 AEDT 2018 com.google.javascript.rhino.Node,1430
Mon Jan 15 19:18:31 AEDT 2018 com.google.javascript.rhino.Node,1446
Mon Jan 15 19:18:35 AEDT 2018 com.google.javascript.rhino.Node,1459
Mon Jan 15 19:18:39 AEDT 2018 Mon Jan 15 19:18:39 AEDT 2018 : com.google.javascript.rhino.Node,2194=>Find no block
Mon Jan 15 19:18:40 AEDT 2018 com.google.javascript.rhino.Node,2195
Mon Jan 15 19:18:44 AEDT 2018 com.google.javascript.rhino.Node,2196
Mon Jan 15 19:18:45 AEDT 2018 Mon Jan 15 19:18:45 AEDT 2018 : com.google.javascript.rhino.Node,2197=>Find no block
Mon Jan 15 19:18:46 AEDT 2018 com.google.javascript.jscomp.FunctionInjector,744
Mon Jan 15 19:38:13 AEDT 2018 com.google.javascript.jscomp.FunctionInjector,735
Timeout time : 18/01/15 19:55
Current failed test : com.google.javascript.jscomp.FunctionInjectorTest::testIssue1101b | 18/01/15 19:55
Mon Jan 15 19:55:46 AEDT 2018 com.google.javascript.rhino.Node,1430
Mon Jan 15 19:55:50 AEDT 2018 com.google.javascript.rhino.Node,1446
Mon Jan 15 19:55:54 AEDT 2018 com.google.javascript.rhino.Node,1459
Mon Jan 15 19:55:57 AEDT 2018 Mon Jan 15 19:55:57 AEDT 2018 : com.google.javascript.rhino.Node,2194=>Find no block
Mon Jan 15 19:55:58 AEDT 2018 com.google.javascript.rhino.Node,2195
Mon Jan 15 19:56:02 AEDT 2018 com.google.javascript.rhino.Node,2196
Mon Jan 15 19:56:03 AEDT 2018 Mon Jan 15 19:56:03 AEDT 2018 : com.google.javascript.rhino.Node,2197=>Find no block
Mon Jan 15 19:56:04 AEDT 2018 com.google.javascript.jscomp.FunctionInjector,744
Mon Jan 15 20:15:33 AEDT 2018 com.google.javascript.jscomp.FunctionInjector,735
Timeout time : 18/01/15 20:32
Current failed test : com.google.javascript.jscomp.InlineFunctionsTest::testIssue1101 | 18/01/15 20:32
Mon Jan 15 20:33:01 AEDT 2018 com.google.javascript.rhino.Node,1430
Mon Jan 15 20:33:05 AEDT 2018 com.google.javascript.rhino.Node,1446
Mon Jan 15 20:33:09 AEDT 2018 com.google.javascript.rhino.Node,1459
Mon Jan 15 20:33:12 AEDT 2018 Mon Jan 15 20:33:12 AEDT 2018 : com.google.javascript.rhino.Node,2194=>Find no block
Mon Jan 15 20:33:13 AEDT 2018 com.google.javascript.rhino.Node,2195
Mon Jan 15 20:33:17 AEDT 2018 com.google.javascript.rhino.Node,2196
Mon Jan 15 20:33:18 AEDT 2018 Mon Jan 15 20:33:18 AEDT 2018 : com.google.javascript.rhino.Node,2197=>Find no block
Mon Jan 15 20:33:19 AEDT 2018 com.google.javascript.jscomp.FunctionInjector,744
Mon Jan 15 20:50:30 AEDT 2018 com.google.javascript.jscomp.FunctionInjector,735
Timeout time : 18/01/15 21:10
Current failed test : com.google.javascript.jscomp.InlineFunctionsTest::testInlineFunctions6 | 18/01/15 21:10
Mon Jan 15 21:10:16 AEDT 2018 com.google.javascript.rhino.Node,1430
Mon Jan 15 21:10:21 AEDT 2018 com.google.javascript.rhino.Node,1446
Mon Jan 15 21:10:26 AEDT 2018 com.google.javascript.rhino.Node,1459
Mon Jan 15 21:10:30 AEDT 2018 Mon Jan 15 21:10:30 AEDT 2018 : com.google.javascript.rhino.Node,2194=>Find no block
Mon Jan 15 21:10:31 AEDT 2018 com.google.javascript.rhino.Node,2195
Mon Jan 15 21:10:35 AEDT 2018 com.google.javascript.rhino.Node,2196
Mon Jan 15 21:10:36 AEDT 2018 Mon Jan 15 21:10:36 AEDT 2018 : com.google.javascript.rhino.Node,2197=>Find no block
Mon Jan 15 21:10:37 AEDT 2018 com.google.javascript.jscomp.FunctionInjector,744
Mon Jan 15 21:29:23 AEDT 2018 com.google.javascript.jscomp.FunctionInjector,735
Timeout time : 18/01/15 21:47
Current failed test : com.google.javascript.jscomp.InlineFunctionsTest::testBug4944818 | 18/01/15 21:47
Mon Jan 15 21:47:30 AEDT 2018 com.google.javascript.rhino.Node,1430
Mon Jan 15 21:47:34 AEDT 2018 com.google.javascript.rhino.Node,1446
Mon Jan 15 21:47:38 AEDT 2018 com.google.javascript.rhino.Node,1459
Mon Jan 15 21:47:42 AEDT 2018 Mon Jan 15 21:47:42 AEDT 2018 : com.google.javascript.rhino.Node,2194=>Find no block
Mon Jan 15 21:47:43 AEDT 2018 com.google.javascript.rhino.Node,2195
Mon Jan 15 21:47:47 AEDT 2018 com.google.javascript.rhino.Node,2196
Mon Jan 15 21:47:48 AEDT 2018 Mon Jan 15 21:47:48 AEDT 2018 : com.google.javascript.rhino.Node,2197=>Find no block
Mon Jan 15 21:47:48 AEDT 2018 com.google.javascript.jscomp.FunctionInjector,744
Mon Jan 15 21:55:32 AEDT 2018 com.google.javascript.jscomp.FunctionInjector,735
Mon Jan 15 22:06:32 AEDT 2018 com.google.javascript.jscomp.ExpressionDecomposer,195
Timeout time : 18/01/15 22:24
Current failed test : com.google.javascript.jscomp.InlineFunctionsTest::testInlineIfParametersModified9 | 18/01/15 22:24
Mon Jan 15 22:24:37 AEDT 2018 com.google.javascript.rhino.Node,1430
Mon Jan 15 22:24:41 AEDT 2018 com.google.javascript.rhino.Node,1446
Mon Jan 15 22:24:45 AEDT 2018 com.google.javascript.rhino.Node,1459
Mon Jan 15 22:24:50 AEDT 2018 Mon Jan 15 22:24:50 AEDT 2018 : com.google.javascript.rhino.Node,2194=>Find no block
Mon Jan 15 22:24:51 AEDT 2018 com.google.javascript.rhino.Node,2195
Mon Jan 15 22:24:54 AEDT 2018 com.google.javascript.rhino.Node,2196
Mon Jan 15 22:24:56 AEDT 2018 Mon Jan 15 22:24:56 AEDT 2018 : com.google.javascript.rhino.Node,2197=>Find no block
Mon Jan 15 22:24:57 AEDT 2018 com.google.javascript.jscomp.FunctionInjector,744
Mon Jan 15 22:43:52 AEDT 2018 com.google.javascript.jscomp.FunctionInjector,735
Timeout time : 18/01/15 23:01
Current failed test : com.google.javascript.jscomp.InlineFunctionsTest::testInlineIfParametersModified8 | 18/01/15 23:01
Mon Jan 15 23:01:54 AEDT 2018 com.google.javascript.rhino.Node,1430
Mon Jan 15 23:02:14 AEDT 2018 com.google.javascript.rhino.Node,1446
Mon Jan 15 23:02:33 AEDT 2018 com.google.javascript.rhino.Node,1459
Mon Jan 15 23:02:38 AEDT 2018 Mon Jan 15 23:02:38 AEDT 2018 : com.google.javascript.rhino.Node,2194=>Find no block
Mon Jan 15 23:02:39 AEDT 2018 com.google.javascript.rhino.Node,2195
Mon Jan 15 23:02:44 AEDT 2018 com.google.javascript.rhino.Node,2196
Mon Jan 15 23:02:46 AEDT 2018 Mon Jan 15 23:02:46 AEDT 2018 : com.google.javascript.rhino.Node,2197=>Find no block
Mon Jan 15 23:02:47 AEDT 2018 com.google.javascript.jscomp.FunctionInjector,744
Mon Jan 15 23:11:23 AEDT 2018 com.google.javascript.jscomp.FunctionInjector,735
Mon Jan 15 23:23:39 AEDT 2018 com.google.javascript.jscomp.ExpressionDecomposer,195
Timeout time : 18/01/15 23:38
Current failed test : com.google.javascript.jscomp.InlineFunctionsTest::testDoubleInlining2 | 18/01/15 23:38
Mon Jan 15 23:39:04 AEDT 2018 com.google.javascript.rhino.Node,1430
Mon Jan 15 23:39:11 AEDT 2018 com.google.javascript.rhino.Node,1446
Mon Jan 15 23:39:18 AEDT 2018 com.google.javascript.rhino.Node,1459
Mon Jan 15 23:39:23 AEDT 2018 Mon Jan 15 23:39:23 AEDT 2018 : com.google.javascript.rhino.Node,2194=>Find no block
Mon Jan 15 23:39:23 AEDT 2018 com.google.javascript.rhino.Node,2195
Mon Jan 15 23:39:28 AEDT 2018 com.google.javascript.rhino.Node,2196
Mon Jan 15 23:39:29 AEDT 2018 Mon Jan 15 23:39:29 AEDT 2018 : com.google.javascript.rhino.Node,2197=>Find no block
Mon Jan 15 23:39:31 AEDT 2018 com.google.javascript.jscomp.FunctionInjector,744
Mon Jan 15 23:48:00 AEDT 2018 com.google.javascript.jscomp.FunctionInjector,735
Tue Jan 16 00:00:34 AEDT 2018 com.google.javascript.jscomp.ExpressionDecomposer,195
Timeout time : 18/01/16 00:16
