=================================================
Project : closure_123	start : 18/01/15 14:16
Current failed test : com.google.javascript.jscomp.CodePrinterTest::testPrintInOperatorInForLoop | 18/01/15 14:17
Mon Jan 15 14:18:02 AEDT 2018 com.google.javascript.jscomp.NodeUtil,2191
Mon Jan 15 14:18:29 AEDT 2018 com.google.javascript.jscomp.parsing.IRFactory,1397
Mon Jan 15 14:18:51 AEDT 2018 com.google.javascript.jscomp.NodeUtil,2205
Mon Jan 15 14:19:13 AEDT 2018 com.google.javascript.jscomp.CodeGenerator,267
Mon Jan 15 14:44:08 AEDT 2018 com.google.javascript.jscomp.CodeGenerator,272
Mon Jan 15 15:00:27 AEDT 2018 com.google.javascript.jscomp.CodeGenerator,275
Mon Jan 15 15:00:31 AEDT 2018 com.google.javascript.jscomp.CodeGenerator,276
Mon Jan 15 15:00:33 AEDT 2018 com.google.javascript.jscomp.CodeGenerator,279
Mon Jan 15 15:26:06 AEDT 2018 com.google.javascript.jscomp.CodeGenerator,422
Mon Jan 15 15:32:43 AEDT 2018 com.google.javascript.jscomp.CodeGenerator,135
Mon Jan 15 15:35:07 AEDT 2018 com.google.javascript.jscomp.CodeGenerator,136
Mon Jan 15 15:35:11 AEDT 2018 com.google.javascript.jscomp.CodeGenerator,137
Mon Jan 15 15:35:13 AEDT 2018 com.google.javascript.jscomp.NodeUtil,1201
Mon Jan 15 15:35:32 AEDT 2018 com.google.javascript.jscomp.CodeConsumer,222
Mon Jan 15 15:36:36 AEDT 2018 com.google.javascript.jscomp.parsing.IRFactory,1361
Mon Jan 15 15:36:56 AEDT 2018 com.google.javascript.jscomp.NodeUtil,1490
Mon Jan 15 15:37:19 AEDT 2018 com.google.javascript.jscomp.CompilerOptions,2060
Mon Jan 15 15:37:31 AEDT 2018 Mon Jan 15 15:37:31 AEDT 2018 : com.google.javascript.jscomp.CompilerOptions,2061=>Find no block
Mon Jan 15 15:37:34 AEDT 2018 com.google.javascript.jscomp.CompilerOptions,1649
Mon Jan 15 15:37:48 AEDT 2018 Mon Jan 15 15:37:48 AEDT 2018 : com.google.javascript.jscomp.CompilerOptions,1650=>Find no block
Mon Jan 15 15:37:51 AEDT 2018 com.google.javascript.jscomp.CompilerOptions,2092
Mon Jan 15 15:38:08 AEDT 2018 Mon Jan 15 15:38:08 AEDT 2018 : com.google.javascript.jscomp.CompilerOptions,2093=>Find no block
Mon Jan 15 15:38:12 AEDT 2018 com.google.javascript.jscomp.CodeGenerator,244
Mon Jan 15 15:48:15 AEDT 2018 com.google.javascript.jscomp.CodeGenerator,245
Mon Jan 15 16:01:10 AEDT 2018 com.google.javascript.jscomp.CodeGenerator,247
Mon Jan 15 16:09:56 AEDT 2018 com.google.javascript.jscomp.parsing.IRFactory,1410
Mon Jan 15 16:10:15 AEDT 2018 com.google.javascript.rhino.Node,1984
Mon Jan 15 16:11:17 AEDT 2018 Mon Jan 15 16:11:17 AEDT 2018 : com.google.javascript.rhino.Node,1985=>Find no block
Mon Jan 15 16:11:20 AEDT 2018 com.google.javascript.jscomp.NodeUtil,1229
Mon Jan 15 16:11:46 AEDT 2018 com.google.javascript.jscomp.parsing.IRFactory,234
Mon Jan 15 16:15:47 AEDT 2018 com.google.javascript.jscomp.parsing.IRFactory,235
Mon Jan 15 16:15:52 AEDT 2018 com.google.javascript.jscomp.parsing.IRFactory,706
Mon Jan 15 16:18:41 AEDT 2018 com.google.javascript.jscomp.parsing.IRFactory,707
Mon Jan 15 16:18:45 AEDT 2018 Mon Jan 15 16:18:45 AEDT 2018 : com.google.javascript.jscomp.NodeUtil,1483=>Find no block
Mon Jan 15 16:18:49 AEDT 2018 com.google.javascript.jscomp.CodeGenerator,424
Mon Jan 15 16:18:53 AEDT 2018 com.google.javascript.jscomp.parsing.TypeSafeDispatcher,223
Mon Jan 15 16:19:05 AEDT 2018 com.google.javascript.jscomp.parsing.TypeSafeDispatcher,224
Mon Jan 15 16:19:08 AEDT 2018 com.google.javascript.jscomp.parsing.IRFactory,743
Mon Jan 15 16:30:24 AEDT 2018 com.google.javascript.jscomp.parsing.IRFactory,748
Mon Jan 15 16:30:25 AEDT 2018 com.google.javascript.jscomp.parsing.IRFactory,749
Mon Jan 15 16:30:25 AEDT 2018 com.google.javascript.jscomp.NodeUtil,1214
Mon Jan 15 16:30:34 AEDT 2018 com.google.javascript.jscomp.CodeGenerator,283
Mon Jan 15 16:47:37 AEDT 2018 com.google.javascript.jscomp.CodeGenerator,284
Mon Jan 15 16:47:38 AEDT 2018 com.google.javascript.jscomp.CodeGenerator,285
Mon Jan 15 16:52:23 AEDT 2018 com.google.javascript.jscomp.CodeGenerator,286
Mon Jan 15 16:56:19 AEDT 2018 com.google.javascript.jscomp.CodeGenerator,287
Mon Jan 15 16:59:19 AEDT 2018 com.google.javascript.jscomp.CodeGenerator,288
Mon Jan 15 17:01:51 AEDT 2018 com.google.javascript.jscomp.CodeGenerator,289
Mon Jan 15 17:04:47 AEDT 2018 com.google.javascript.jscomp.CodeGenerator,290
Mon Jan 15 17:06:26 AEDT 2018 com.google.javascript.jscomp.CodeGenerator,291
Mon Jan 15 17:06:27 AEDT 2018 com.google.javascript.rhino.Node,2330
Mon Jan 15 17:06:31 AEDT 2018 com.google.javascript.jscomp.CodeGenerator,420
Mon Jan 15 17:11:07 AEDT 2018 com.google.javascript.jscomp.CodeGenerator,421
Mon Jan 15 17:11:08 AEDT 2018 com.google.javascript.jscomp.CodeGenerator,426
Mon Jan 15 17:38:01 AEDT 2018 com.google.javascript.jscomp.CodeGenerator,427
Mon Jan 15 17:41:09 AEDT 2018 com.google.javascript.jscomp.CodeGenerator,428
Mon Jan 15 17:45:06 AEDT 2018 com.google.javascript.jscomp.CodeGenerator,429
Mon Jan 15 17:47:59 AEDT 2018 com.google.javascript.jscomp.CodeGenerator,430
Mon Jan 15 17:52:17 AEDT 2018 com.google.javascript.jscomp.CodeGenerator,431
Mon Jan 15 17:52:21 AEDT 2018 com.google.javascript.jscomp.NodeUtil,2181
Mon Jan 15 17:52:38 AEDT 2018 com.google.javascript.jscomp.NodeUtil,1215
Mon Jan 15 17:53:01 AEDT 2018 com.google.javascript.jscomp.parsing.IRFactory,1438
Mon Jan 15 17:53:26 AEDT 2018 com.google.javascript.jscomp.parsing.TypeSafeDispatcher,238
Mon Jan 15 17:54:56 AEDT 2018 com.google.javascript.jscomp.parsing.IRFactory,669
Mon Jan 15 17:55:04 AEDT 2018 com.google.javascript.jscomp.CodeGenerator,858
Mon Jan 15 18:08:21 AEDT 2018 com.google.javascript.jscomp.CodeGenerator,854
Mon Jan 15 18:08:25 AEDT 2018 com.google.javascript.jscomp.CodeGenerator,860
Mon Jan 15 18:13:29 AEDT 2018 com.google.javascript.jscomp.parsing.TypeSafeDispatcher,221
Mon Jan 15 18:13:37 AEDT 2018 com.google.javascript.jscomp.CodeGenerator,419
Mon Jan 15 18:18:59 AEDT 2018 com.google.javascript.jscomp.CompilerOptions,770
Mon Jan 15 18:19:15 AEDT 2018 Mon Jan 15 18:19:15 AEDT 2018 : com.google.javascript.jscomp.CompilerOptions,771=>Find no block
Mon Jan 15 18:19:19 AEDT 2018 com.google.javascript.jscomp.NodeUtil,2234
Mon Jan 15 18:19:49 AEDT 2018 com.google.javascript.jscomp.NodeUtil,2235
Mon Jan 15 18:20:01 AEDT 2018 com.google.javascript.jscomp.NodeUtil,2239
Mon Jan 15 18:20:06 AEDT 2018 com.google.javascript.jscomp.CodeConsumer,139
Mon Jan 15 18:21:31 AEDT 2018 com.google.javascript.jscomp.CodeConsumer,140
Mon Jan 15 18:21:36 AEDT 2018 com.google.javascript.jscomp.CodeConsumer,141
Mon Jan 15 18:21:41 AEDT 2018 com.google.javascript.jscomp.CodeGenerator,928
Mon Jan 15 18:39:55 AEDT 2018 com.google.javascript.jscomp.CodeGenerator,929
Mon Jan 15 18:40:00 AEDT 2018 com.google.javascript.jscomp.CodeGenerator,930
Mon Jan 15 18:40:05 AEDT 2018 com.google.javascript.jscomp.parsing.IRFactory,237
Mon Jan 15 18:40:10 AEDT 2018 com.google.javascript.jscomp.parsing.IRFactory,238
Mon Jan 15 18:40:15 AEDT 2018 com.google.javascript.jscomp.parsing.IRFactory,239
Mon Jan 15 18:40:19 AEDT 2018 com.google.javascript.jscomp.parsing.IRFactory,240
Mon Jan 15 18:40:24 AEDT 2018 com.google.javascript.jscomp.parsing.IRFactory,241
Mon Jan 15 18:40:29 AEDT 2018 com.google.javascript.jscomp.Compiler,1608
Mon Jan 15 18:40:41 AEDT 2018 com.google.javascript.jscomp.Compiler,1604
Mon Jan 15 18:43:03 AEDT 2018 com.google.javascript.jscomp.Compiler,1605
Mon Jan 15 18:43:08 AEDT 2018 com.google.javascript.jscomp.Compiler,1607
Mon Jan 15 18:43:13 AEDT 2018 com.google.javascript.jscomp.Compiler,1610
Mon Jan 15 18:43:19 AEDT 2018 com.google.javascript.jscomp.Compiler,1611
Mon Jan 15 18:43:24 AEDT 2018 com.google.javascript.jscomp.parsing.IRFactory,233
Mon Jan 15 18:43:28 AEDT 2018 com.google.javascript.jscomp.parsing.IRFactory,1512
Mon Jan 15 18:43:43 AEDT 2018 com.google.javascript.jscomp.NodeUtil,2202
Mon Jan 15 18:44:06 AEDT 2018 com.google.javascript.jscomp.NodeUtil,1234
Mon Jan 15 18:44:31 AEDT 2018 com.google.javascript.jscomp.CodeGenerator,877
Mon Jan 15 18:54:38 AEDT 2018 com.google.javascript.jscomp.CodeGenerator,1254
Mon Jan 15 18:54:48 AEDT 2018 com.google.javascript.jscomp.CodeGenerator,904
Mon Jan 15 19:16:16 AEDT 2018 com.google.javascript.jscomp.CodeGenerator,921
Mon Jan 15 19:16:32 AEDT 2018 com.google.javascript.jscomp.CodeGenerator,867
Timeout time : 18/01/15 19:18
