=================================================
Project : closure_16	start : 18/01/15 18:49
Current failed test : com.google.javascript.jscomp.IntegrationTest::testIssue772 | 18/01/15 18:50
Mon Jan 15 18:50:46 AEDT 2018 com.google.javascript.rhino.jstype.JSTypeRegistry,845
Mon Jan 15 18:54:09 AEDT 2018 com.google.javascript.rhino.jstype.JSTypeRegistry,846
Mon Jan 15 18:54:13 AEDT 2018 Mon Jan 15 18:54:13 AEDT 2018 : com.google.javascript.rhino.jstype.JSTypeRegistry,847=>Find no block
Mon Jan 15 18:54:18 AEDT 2018 com.google.javascript.jscomp.TypedScopeCreator,1822
Mon Jan 15 19:03:44 AEDT 2018 com.google.javascript.jscomp.TypedScopeCreator,1823
Mon Jan 15 19:03:49 AEDT 2018 com.google.javascript.jscomp.TypedScopeCreator,1830
Mon Jan 15 19:10:15 AEDT 2018 com.google.javascript.jscomp.TypedScopeCreator,1832
Mon Jan 15 19:27:07 AEDT 2018 com.google.javascript.jscomp.TypedScopeCreator,1833
Mon Jan 15 19:28:34 AEDT 2018 com.google.javascript.jscomp.TypedScopeCreator,1839
Mon Jan 15 20:04:27 AEDT 2018 com.google.javascript.jscomp.TypedScopeCreator,1840
Mon Jan 15 20:04:32 AEDT 2018 com.google.javascript.jscomp.TypedScopeCreator,1841
Mon Jan 15 20:04:35 AEDT 2018 Mon Jan 15 20:04:35 AEDT 2018 : com.google.javascript.jscomp.TypedScopeCreator,1844=>Find no block
Mon Jan 15 20:04:39 AEDT 2018 com.google.javascript.jscomp.TypedScopeCreator,1678
Mon Jan 15 20:05:10 AEDT 2018 com.google.javascript.rhino.JSDocInfo,1098
Mon Jan 15 20:05:29 AEDT 2018 com.google.javascript.jscomp.TypedScopeCreator,383
Mon Jan 15 20:07:10 AEDT 2018 com.google.javascript.rhino.jstype.NamedType,188
Mon Jan 15 20:07:19 AEDT 2018 Mon Jan 15 20:07:19 AEDT 2018 : com.google.javascript.rhino.Node,117=>Find no block
Mon Jan 15 20:07:20 AEDT 2018 com.google.javascript.rhino.Node,142
Mon Jan 15 20:07:37 AEDT 2018 com.google.javascript.rhino.Node,144
Mon Jan 15 20:07:51 AEDT 2018 com.google.javascript.rhino.Node,879
Mon Jan 15 20:25:16 AEDT 2018 com.google.javascript.rhino.Node,880
Mon Jan 15 20:25:18 AEDT 2018 com.google.javascript.rhino.Node,881
Mon Jan 15 20:25:23 AEDT 2018 com.google.javascript.rhino.Node,884
Mon Jan 15 20:25:26 AEDT 2018 com.google.javascript.rhino.Node,885
Mon Jan 15 20:25:31 AEDT 2018 com.google.javascript.rhino.Node,886
Mon Jan 15 20:25:34 AEDT 2018 com.google.javascript.rhino.Node,887
Mon Jan 15 20:25:38 AEDT 2018 com.google.javascript.rhino.Node,890
Mon Jan 15 20:25:42 AEDT 2018 com.google.javascript.rhino.Node,891
Mon Jan 15 20:25:46 AEDT 2018 com.google.javascript.rhino.Node,936
Mon Jan 15 20:25:58 AEDT 2018 com.google.javascript.rhino.Node,972
Mon Jan 15 20:31:15 AEDT 2018 com.google.javascript.rhino.Node,973
Mon Jan 15 20:31:16 AEDT 2018 com.google.javascript.rhino.Node,974
Mon Jan 15 20:31:17 AEDT 2018 com.google.javascript.rhino.Node,975
Mon Jan 15 20:31:17 AEDT 2018 com.google.javascript.rhino.Node,980
Mon Jan 15 20:32:09 AEDT 2018 com.google.javascript.rhino.Node,981
Mon Jan 15 20:48:39 AEDT 2018 com.google.javascript.rhino.Node,982
Mon Jan 15 20:58:09 AEDT 2018 com.google.javascript.rhino.Node,983
Mon Jan 15 20:58:11 AEDT 2018 com.google.javascript.rhino.Node,984
Mon Jan 15 21:04:31 AEDT 2018 com.google.javascript.rhino.Node,985
Mon Jan 15 21:10:48 AEDT 2018 com.google.javascript.rhino.Node,986
Mon Jan 15 21:17:26 AEDT 2018 Mon Jan 15 21:17:26 AEDT 2018 : com.google.javascript.rhino.Node,988=>Find no block
Mon Jan 15 21:17:31 AEDT 2018 com.google.javascript.rhino.Node,990
Mon Jan 15 21:17:35 AEDT 2018 com.google.javascript.rhino.Node,993
Timeout time : 18/01/15 21:20
Current failed test : com.google.javascript.jscomp.ScopedAliasesTest::testIssue772 | 18/01/15 21:20
Mon Jan 15 21:20:59 AEDT 2018 com.google.javascript.rhino.jstype.JSTypeRegistry,845
Mon Jan 15 21:24:13 AEDT 2018 com.google.javascript.rhino.jstype.JSTypeRegistry,846
Mon Jan 15 21:24:17 AEDT 2018 Mon Jan 15 21:24:17 AEDT 2018 : com.google.javascript.rhino.jstype.JSTypeRegistry,847=>Find no block
Mon Jan 15 21:24:20 AEDT 2018 com.google.javascript.jscomp.TypedScopeCreator,1822
Mon Jan 15 21:33:27 AEDT 2018 com.google.javascript.jscomp.TypedScopeCreator,1823
Mon Jan 15 21:33:31 AEDT 2018 com.google.javascript.jscomp.TypedScopeCreator,1830
Mon Jan 15 21:39:45 AEDT 2018 com.google.javascript.jscomp.TypedScopeCreator,1832
Mon Jan 15 21:54:58 AEDT 2018 com.google.javascript.jscomp.TypedScopeCreator,1833
Mon Jan 15 21:56:07 AEDT 2018 com.google.javascript.jscomp.TypedScopeCreator,1839
Mon Jan 15 22:27:16 AEDT 2018 com.google.javascript.jscomp.TypedScopeCreator,1840
Mon Jan 15 22:27:16 AEDT 2018 com.google.javascript.jscomp.TypedScopeCreator,1841
Mon Jan 15 22:27:17 AEDT 2018 Mon Jan 15 22:27:17 AEDT 2018 : com.google.javascript.jscomp.TypedScopeCreator,1844=>Find no block
Mon Jan 15 22:27:18 AEDT 2018 com.google.javascript.jscomp.TypedScopeCreator,1678
Mon Jan 15 22:27:38 AEDT 2018 com.google.javascript.rhino.JSDocInfo,1098
Mon Jan 15 22:27:49 AEDT 2018 com.google.javascript.jscomp.TypedScopeCreator,383
Mon Jan 15 22:29:09 AEDT 2018 com.google.javascript.rhino.jstype.NamedType,188
Mon Jan 15 22:29:16 AEDT 2018 Mon Jan 15 22:29:16 AEDT 2018 : com.google.javascript.rhino.Node,117=>Find no block
Mon Jan 15 22:29:17 AEDT 2018 com.google.javascript.rhino.Node,142
Mon Jan 15 22:29:26 AEDT 2018 com.google.javascript.rhino.Node,144
Mon Jan 15 22:29:34 AEDT 2018 com.google.javascript.rhino.Node,879
Mon Jan 15 22:44:31 AEDT 2018 com.google.javascript.rhino.Node,880
Mon Jan 15 22:44:31 AEDT 2018 com.google.javascript.rhino.Node,881
Mon Jan 15 22:44:32 AEDT 2018 com.google.javascript.rhino.Node,884
Mon Jan 15 22:44:33 AEDT 2018 com.google.javascript.rhino.Node,885
Mon Jan 15 22:44:34 AEDT 2018 com.google.javascript.rhino.Node,886
Mon Jan 15 22:44:35 AEDT 2018 com.google.javascript.rhino.Node,887
Mon Jan 15 22:44:36 AEDT 2018 com.google.javascript.rhino.Node,890
Mon Jan 15 22:44:37 AEDT 2018 com.google.javascript.rhino.Node,891
Mon Jan 15 22:44:38 AEDT 2018 com.google.javascript.rhino.Node,936
Mon Jan 15 22:44:41 AEDT 2018 com.google.javascript.rhino.Node,972
Mon Jan 15 22:49:13 AEDT 2018 com.google.javascript.rhino.Node,973
Mon Jan 15 22:49:14 AEDT 2018 com.google.javascript.rhino.Node,974
Mon Jan 15 22:49:15 AEDT 2018 com.google.javascript.rhino.Node,975
Mon Jan 15 22:49:16 AEDT 2018 com.google.javascript.rhino.Node,980
Mon Jan 15 22:49:57 AEDT 2018 com.google.javascript.rhino.Node,981
Mon Jan 15 23:04:18 AEDT 2018 com.google.javascript.rhino.Node,982
Mon Jan 15 23:12:19 AEDT 2018 com.google.javascript.rhino.Node,983
Mon Jan 15 23:12:19 AEDT 2018 com.google.javascript.rhino.Node,984
Mon Jan 15 23:17:47 AEDT 2018 com.google.javascript.rhino.Node,985
Mon Jan 15 23:23:12 AEDT 2018 com.google.javascript.rhino.Node,986
Mon Jan 15 23:28:50 AEDT 2018 Mon Jan 15 23:28:50 AEDT 2018 : com.google.javascript.rhino.Node,988=>Find no block
Mon Jan 15 23:28:51 AEDT 2018 com.google.javascript.rhino.Node,990
Mon Jan 15 23:28:52 AEDT 2018 com.google.javascript.rhino.Node,993
Mon Jan 15 23:39:02 AEDT 2018 com.google.javascript.rhino.Node,994
Mon Jan 15 23:39:03 AEDT 2018 com.google.javascript.rhino.Node,999
Mon Jan 15 23:40:24 AEDT 2018 com.google.javascript.rhino.Node,1011
Mon Jan 15 23:40:28 AEDT 2018 com.google.javascript.rhino.Node,1016
Mon Jan 15 23:40:32 AEDT 2018 com.google.javascript.rhino.Node,1017
Mon Jan 15 23:40:33 AEDT 2018 com.google.javascript.rhino.Node,1018
Mon Jan 15 23:40:34 AEDT 2018 com.google.javascript.rhino.Node,1025
Mon Jan 15 23:40:37 AEDT 2018 Mon Jan 15 23:40:37 AEDT 2018 : com.google.javascript.rhino.Node,1026=>Find no block
Mon Jan 15 23:40:38 AEDT 2018 com.google.javascript.rhino.Node,1030
Mon Jan 15 23:45:53 AEDT 2018 com.google.javascript.rhino.Node,1033
Timeout time : 18/01/15 23:50
