=================================================
Project : closure_17	start : 18/01/15 13:48
Current failed test : com.google.javascript.jscomp.TypeCheckTest::testIssue688 | 18/01/15 13:49
Mon Jan 15 13:49:47 AEDT 2018 com.google.javascript.rhino.jstype.PrototypeObjectType,375
Mon Jan 15 13:52:24 AEDT 2018 com.google.javascript.jscomp.BasicErrorManager,161
Mon Jan 15 13:53:04 AEDT 2018 com.google.javascript.jscomp.TypedScopeCreator,1295
Mon Jan 15 14:24:40 AEDT 2018 com.google.javascript.jscomp.TypedScopeCreator,1291
Mon Jan 15 14:24:44 AEDT 2018 com.google.javascript.rhino.jstype.PrototypeObjectType,374
Mon Jan 15 14:24:48 AEDT 2018 com.google.javascript.rhino.jstype.PrototypeObjectType,378
Mon Jan 15 14:37:10 AEDT 2018 com.google.javascript.rhino.jstype.PrototypeObjectType,379
Mon Jan 15 14:44:05 AEDT 2018 com.google.javascript.rhino.jstype.PrototypeObjectType,380
Mon Jan 15 14:50:26 AEDT 2018 com.google.javascript.rhino.jstype.PrototypeObjectType,382
Mon Jan 15 14:56:27 AEDT 2018 com.google.javascript.rhino.jstype.PrototypeObjectType,383
Mon Jan 15 14:59:44 AEDT 2018 Mon Jan 15 14:59:44 AEDT 2018 : com.google.javascript.rhino.jstype.PrototypeObjectType,387=>Find no block
Mon Jan 15 14:59:48 AEDT 2018 com.google.javascript.rhino.JSDocInfo,832
Mon Jan 15 14:59:59 AEDT 2018 com.google.javascript.jscomp.parsing.JsDocInfoParser,208
Mon Jan 15 15:01:21 AEDT 2018 com.google.javascript.rhino.jstype.PrototypeObjectType,356
Mon Jan 15 15:15:44 AEDT 2018 com.google.javascript.rhino.jstype.PrototypeObjectType,358
Mon Jan 15 15:19:09 AEDT 2018 com.google.javascript.rhino.jstype.PrototypeObjectType,361
Mon Jan 15 15:19:13 AEDT 2018 Mon Jan 15 15:19:13 AEDT 2018 : com.google.javascript.rhino.jstype.PrototypeObjectType,362=>Find no block
Mon Jan 15 15:19:17 AEDT 2018 com.google.javascript.rhino.jstype.PrototypeObjectType,363
Mon Jan 15 15:19:21 AEDT 2018 com.google.javascript.rhino.jstype.PrototypeObjectType,366
Mon Jan 15 15:19:24 AEDT 2018 Mon Jan 15 15:19:24 AEDT 2018 : com.google.javascript.rhino.jstype.PrototypeObjectType,365=>Find no block
Mon Jan 15 15:19:28 AEDT 2018 com.google.javascript.rhino.jstype.PrototypeObjectType,369
Mon Jan 15 15:34:58 AEDT 2018 com.google.javascript.rhino.jstype.PrototypeObjectType,370
Mon Jan 15 15:45:19 AEDT 2018 com.google.javascript.rhino.jstype.PrototypeObjectType,372
Mon Jan 15 15:45:23 AEDT 2018 com.google.javascript.rhino.jstype.PrototypeObjectType,373
Mon Jan 15 15:45:27 AEDT 2018 com.google.javascript.rhino.jstype.PrototypeObjectType,389
Mon Jan 15 15:53:30 AEDT 2018 com.google.javascript.rhino.jstype.PrototypeObjectType,391
Mon Jan 15 15:53:35 AEDT 2018 com.google.javascript.rhino.jstype.PrototypeObjectType,392
Mon Jan 15 15:53:38 AEDT 2018 com.google.javascript.rhino.jstype.PrototypeObjectType,467
Mon Jan 15 15:55:31 AEDT 2018 com.google.javascript.rhino.jstype.PrototypeObjectType,468
Mon Jan 15 15:55:36 AEDT 2018 com.google.javascript.rhino.JSDocInfo,831
Mon Jan 15 15:55:40 AEDT 2018 com.google.javascript.rhino.JSDocInfoBuilder,240
Mon Jan 15 15:55:57 AEDT 2018 com.google.javascript.rhino.JSDocInfoBuilder,241
Mon Jan 15 15:56:01 AEDT 2018 com.google.javascript.jscomp.TypedScopeCreator,1289
Mon Jan 15 16:14:49 AEDT 2018 com.google.javascript.jscomp.TypedScopeCreator,1290
Mon Jan 15 16:14:53 AEDT 2018 com.google.javascript.jscomp.TypeCheck,1841
Mon Jan 15 16:16:19 AEDT 2018 com.google.javascript.jscomp.TypeInference,691
Mon Jan 15 16:17:34 AEDT 2018 com.google.javascript.rhino.jstype.PrototypeObjectType,476
Mon Jan 15 16:18:02 AEDT 2018 com.google.javascript.rhino.jstype.PrototypeObjectType,354
Mon Jan 15 16:19:24 AEDT 2018 com.google.javascript.jscomp.TypeInference,687
Mon Jan 15 16:23:12 AEDT 2018 com.google.javascript.jscomp.TypeInference,688
Mon Jan 15 16:23:15 AEDT 2018 com.google.javascript.jscomp.TypeInference,689
Mon Jan 15 16:23:18 AEDT 2018 com.google.javascript.jscomp.TypeInference,690
Mon Jan 15 16:23:22 AEDT 2018 com.google.javascript.jscomp.TypeInference,695
Mon Jan 15 16:23:27 AEDT 2018 com.google.javascript.jscomp.TypeCheck,1038
Mon Jan 15 16:25:40 AEDT 2018 com.google.javascript.rhino.jstype.FunctionType,212
Mon Jan 15 16:26:36 AEDT 2018 com.google.javascript.rhino.jstype.FunctionType,215
Mon Jan 15 16:31:56 AEDT 2018 com.google.javascript.rhino.jstype.FunctionType,217
Mon Jan 15 16:31:59 AEDT 2018 com.google.javascript.rhino.jstype.FunctionType,220
Mon Jan 15 16:32:03 AEDT 2018 com.google.javascript.rhino.jstype.FunctionType,518
Mon Jan 15 16:32:22 AEDT 2018 com.google.javascript.jscomp.TypeCheck,1557
Mon Jan 15 16:39:27 AEDT 2018 com.google.javascript.jscomp.TypeCheck,1565
Mon Jan 15 16:43:53 AEDT 2018 com.google.javascript.jscomp.TypeCheck,1570
Mon Jan 15 16:55:33 AEDT 2018 com.google.javascript.rhino.JSDocInfo,1289
Mon Jan 15 16:56:02 AEDT 2018 com.google.javascript.jscomp.parsing.JsDocInfoParser,257
Mon Jan 15 16:56:29 AEDT 2018 com.google.javascript.jscomp.parsing.JsDocInfoParser,261
Mon Jan 15 16:58:45 AEDT 2018 com.google.javascript.jscomp.parsing.JsDocInfoParser,262
Mon Jan 15 17:00:41 AEDT 2018 com.google.javascript.rhino.jstype.FunctionType,841
Mon Jan 15 17:01:30 AEDT 2018 com.google.javascript.rhino.jstype.FunctionType,844
Mon Jan 15 17:02:22 AEDT 2018 com.google.javascript.jscomp.FunctionTypeBuilder,612
Mon Jan 15 17:03:07 AEDT 2018 com.google.javascript.jscomp.TypeInference,674
Mon Jan 15 17:08:17 AEDT 2018 com.google.javascript.jscomp.TypeInference,675
Mon Jan 15 17:08:21 AEDT 2018 com.google.javascript.jscomp.TypeInference,676
Mon Jan 15 17:19:02 AEDT 2018 com.google.javascript.jscomp.TypeInference,677
Mon Jan 15 17:27:21 AEDT 2018 com.google.javascript.jscomp.TypeInference,678
Mon Jan 15 17:27:25 AEDT 2018 com.google.javascript.jscomp.TypeInference,680
Mon Jan 15 17:27:29 AEDT 2018 com.google.javascript.jscomp.TypeInference,683
Mon Jan 15 17:35:28 AEDT 2018 com.google.javascript.jscomp.TypeInference,686
Mon Jan 15 17:35:30 AEDT 2018 Mon Jan 15 17:35:30 AEDT 2018 : com.google.javascript.jscomp.TypeInference,699=>Find no block
Mon Jan 15 17:35:33 AEDT 2018 Mon Jan 15 17:35:33 AEDT 2018 : com.google.javascript.jscomp.TypeInference,673=>Find no block
Mon Jan 15 17:35:37 AEDT 2018 com.google.javascript.rhino.JSDocInfo,1288
Mon Jan 15 17:35:41 AEDT 2018 com.google.javascript.rhino.jstype.FunctionType,160
Timeout time : 18/01/15 18:49
