=================================================
Project : closure_29	start : 18/01/15 13:48
Current failed test : com.google.javascript.jscomp.IntegrationTest::testIssue724 | 18/01/15 13:49
Mon Jan 15 13:50:10 AEDT 2018 Mon Jan 15 13:50:10 AEDT 2018 : com.google.javascript.rhino.Node,117=>Find no block
Mon Jan 15 13:50:15 AEDT 2018 com.google.javascript.rhino.Node,129
Mon Jan 15 13:50:46 AEDT 2018 com.google.javascript.rhino.Node,142
Mon Jan 15 13:51:13 AEDT 2018 com.google.javascript.rhino.Node,143
Mon Jan 15 13:51:39 AEDT 2018 com.google.javascript.rhino.Node,879
Mon Jan 15 14:08:29 AEDT 2018 com.google.javascript.rhino.Node,880
Mon Jan 15 14:08:33 AEDT 2018 com.google.javascript.rhino.Node,881
Mon Jan 15 14:08:38 AEDT 2018 com.google.javascript.rhino.Node,884
Mon Jan 15 14:08:42 AEDT 2018 com.google.javascript.rhino.Node,885
Mon Jan 15 14:08:47 AEDT 2018 com.google.javascript.rhino.Node,886
Mon Jan 15 14:08:52 AEDT 2018 com.google.javascript.rhino.Node,887
Mon Jan 15 14:08:56 AEDT 2018 com.google.javascript.rhino.Node,890
Mon Jan 15 14:09:01 AEDT 2018 com.google.javascript.rhino.Node,891
Mon Jan 15 14:09:05 AEDT 2018 com.google.javascript.rhino.Node,936
Mon Jan 15 14:09:18 AEDT 2018 com.google.javascript.rhino.Node,958
Mon Jan 15 14:30:40 AEDT 2018 com.google.javascript.rhino.Node,962
Mon Jan 15 14:30:44 AEDT 2018 com.google.javascript.rhino.Node,965
Mon Jan 15 14:30:49 AEDT 2018 com.google.javascript.rhino.Node,968
Mon Jan 15 14:30:54 AEDT 2018 com.google.javascript.rhino.Node,969
Mon Jan 15 14:30:59 AEDT 2018 com.google.javascript.rhino.Node,972
Mon Jan 15 14:36:04 AEDT 2018 com.google.javascript.rhino.Node,973
Mon Jan 15 14:36:09 AEDT 2018 com.google.javascript.rhino.Node,974
Mon Jan 15 14:36:14 AEDT 2018 com.google.javascript.rhino.Node,975
Mon Jan 15 14:36:20 AEDT 2018 com.google.javascript.rhino.Node,980
Mon Jan 15 14:37:19 AEDT 2018 com.google.javascript.rhino.Node,981
Timeout time : 18/01/15 14:50
Current failed test : com.google.javascript.jscomp.InlineObjectLiteralsTest::testIssue724 | 18/01/15 14:50
Mon Jan 15 14:50:24 AEDT 2018 Mon Jan 15 14:50:24 AEDT 2018 : com.google.javascript.rhino.Node,117=>Find no block
Mon Jan 15 14:50:29 AEDT 2018 com.google.javascript.rhino.Node,129
Mon Jan 15 14:50:56 AEDT 2018 com.google.javascript.rhino.Node,142
Mon Jan 15 14:51:24 AEDT 2018 com.google.javascript.rhino.Node,143
Mon Jan 15 14:51:51 AEDT 2018 com.google.javascript.rhino.Node,879
Mon Jan 15 15:08:34 AEDT 2018 com.google.javascript.rhino.Node,880
Mon Jan 15 15:08:38 AEDT 2018 com.google.javascript.rhino.Node,881
Mon Jan 15 15:08:44 AEDT 2018 com.google.javascript.rhino.Node,884
Mon Jan 15 15:08:49 AEDT 2018 com.google.javascript.rhino.Node,885
Mon Jan 15 15:08:54 AEDT 2018 com.google.javascript.rhino.Node,886
Mon Jan 15 15:09:00 AEDT 2018 com.google.javascript.rhino.Node,887
Mon Jan 15 15:09:05 AEDT 2018 com.google.javascript.rhino.Node,890
Mon Jan 15 15:09:10 AEDT 2018 com.google.javascript.rhino.Node,891
Mon Jan 15 15:09:15 AEDT 2018 com.google.javascript.rhino.Node,936
Mon Jan 15 15:09:30 AEDT 2018 com.google.javascript.rhino.Node,958
Mon Jan 15 15:30:53 AEDT 2018 com.google.javascript.rhino.Node,962
Mon Jan 15 15:30:58 AEDT 2018 com.google.javascript.rhino.Node,965
Mon Jan 15 15:31:03 AEDT 2018 com.google.javascript.rhino.Node,968
Mon Jan 15 15:31:07 AEDT 2018 com.google.javascript.rhino.Node,969
Mon Jan 15 15:31:12 AEDT 2018 com.google.javascript.rhino.Node,972
Mon Jan 15 15:36:16 AEDT 2018 com.google.javascript.rhino.Node,973
Mon Jan 15 15:36:21 AEDT 2018 com.google.javascript.rhino.Node,974
Mon Jan 15 15:36:26 AEDT 2018 com.google.javascript.rhino.Node,975
Mon Jan 15 15:36:31 AEDT 2018 com.google.javascript.rhino.Node,980
Mon Jan 15 15:37:30 AEDT 2018 com.google.javascript.rhino.Node,981
Timeout time : 18/01/15 15:50
Current failed test : com.google.javascript.jscomp.InlineObjectLiteralsTest::testObject10 | 18/01/15 15:50
Mon Jan 15 15:50:37 AEDT 2018 Mon Jan 15 15:50:37 AEDT 2018 : com.google.javascript.rhino.Node,117=>Find no block
Mon Jan 15 15:50:42 AEDT 2018 com.google.javascript.rhino.Node,129
Mon Jan 15 15:51:10 AEDT 2018 com.google.javascript.rhino.Node,142
Mon Jan 15 15:51:37 AEDT 2018 com.google.javascript.rhino.Node,143
Mon Jan 15 15:52:04 AEDT 2018 com.google.javascript.rhino.Node,879
Mon Jan 15 16:08:49 AEDT 2018 com.google.javascript.rhino.Node,880
Mon Jan 15 16:08:55 AEDT 2018 com.google.javascript.rhino.Node,881
Mon Jan 15 16:09:00 AEDT 2018 com.google.javascript.rhino.Node,884
Mon Jan 15 16:09:05 AEDT 2018 com.google.javascript.rhino.Node,885
Mon Jan 15 16:09:10 AEDT 2018 com.google.javascript.rhino.Node,886
Mon Jan 15 16:09:15 AEDT 2018 com.google.javascript.rhino.Node,887
Mon Jan 15 16:09:20 AEDT 2018 com.google.javascript.rhino.Node,890
Mon Jan 15 16:09:25 AEDT 2018 com.google.javascript.rhino.Node,891
Mon Jan 15 16:09:30 AEDT 2018 com.google.javascript.rhino.Node,936
Mon Jan 15 16:09:43 AEDT 2018 com.google.javascript.rhino.Node,958
Mon Jan 15 16:29:12 AEDT 2018 com.google.javascript.rhino.Node,962
Mon Jan 15 16:29:13 AEDT 2018 com.google.javascript.rhino.Node,965
Mon Jan 15 16:29:13 AEDT 2018 com.google.javascript.rhino.Node,968
Mon Jan 15 16:29:14 AEDT 2018 com.google.javascript.rhino.Node,969
Mon Jan 15 16:29:15 AEDT 2018 com.google.javascript.rhino.Node,972
Mon Jan 15 16:33:38 AEDT 2018 com.google.javascript.rhino.Node,973
Mon Jan 15 16:33:39 AEDT 2018 com.google.javascript.rhino.Node,974
Mon Jan 15 16:33:40 AEDT 2018 com.google.javascript.rhino.Node,975
Mon Jan 15 16:33:40 AEDT 2018 com.google.javascript.rhino.Node,980
Mon Jan 15 16:34:21 AEDT 2018 com.google.javascript.rhino.Node,981
Mon Jan 15 16:48:08 AEDT 2018 com.google.javascript.rhino.Node,982
Timeout time : 18/01/15 16:50
Current failed test : com.google.javascript.jscomp.InlineObjectLiteralsTest::testObject22 | 18/01/15 16:50
Mon Jan 15 16:50:39 AEDT 2018 Mon Jan 15 16:50:39 AEDT 2018 : com.google.javascript.rhino.Node,117=>Find no block
Mon Jan 15 16:50:40 AEDT 2018 com.google.javascript.rhino.Node,129
Mon Jan 15 16:50:47 AEDT 2018 com.google.javascript.rhino.Node,142
Mon Jan 15 16:50:55 AEDT 2018 com.google.javascript.rhino.Node,143
Mon Jan 15 16:51:02 AEDT 2018 com.google.javascript.rhino.Node,879
Mon Jan 15 17:05:35 AEDT 2018 com.google.javascript.rhino.Node,880
Mon Jan 15 17:05:35 AEDT 2018 com.google.javascript.rhino.Node,881
Mon Jan 15 17:05:36 AEDT 2018 com.google.javascript.rhino.Node,884
Mon Jan 15 17:05:36 AEDT 2018 com.google.javascript.rhino.Node,885
Mon Jan 15 17:05:37 AEDT 2018 com.google.javascript.rhino.Node,886
Mon Jan 15 17:05:38 AEDT 2018 com.google.javascript.rhino.Node,887
Mon Jan 15 17:05:38 AEDT 2018 com.google.javascript.rhino.Node,890
Mon Jan 15 17:05:39 AEDT 2018 com.google.javascript.rhino.Node,891
Mon Jan 15 17:05:39 AEDT 2018 com.google.javascript.rhino.Node,936
Mon Jan 15 17:05:43 AEDT 2018 com.google.javascript.rhino.Node,958
Mon Jan 15 17:26:27 AEDT 2018 com.google.javascript.rhino.Node,962
Mon Jan 15 17:26:32 AEDT 2018 com.google.javascript.rhino.Node,965
Mon Jan 15 17:26:37 AEDT 2018 com.google.javascript.rhino.Node,968
Mon Jan 15 17:26:43 AEDT 2018 com.google.javascript.rhino.Node,969
Mon Jan 15 17:26:48 AEDT 2018 com.google.javascript.rhino.Node,972
Mon Jan 15 17:31:58 AEDT 2018 com.google.javascript.rhino.Node,973
Mon Jan 15 17:32:03 AEDT 2018 com.google.javascript.rhino.Node,974
Mon Jan 15 17:32:08 AEDT 2018 com.google.javascript.rhino.Node,975
Mon Jan 15 17:32:13 AEDT 2018 com.google.javascript.rhino.Node,980
Mon Jan 15 17:33:12 AEDT 2018 com.google.javascript.rhino.Node,981
Mon Jan 15 17:49:11 AEDT 2018 com.google.javascript.rhino.Node,982
Timeout time : 18/01/15 17:50
Current failed test : com.google.javascript.jscomp.InlineObjectLiteralsTest::testObject12 | 18/01/15 17:50
Mon Jan 15 17:50:59 AEDT 2018 Mon Jan 15 17:50:59 AEDT 2018 : com.google.javascript.rhino.Node,117=>Find no block
Mon Jan 15 17:51:05 AEDT 2018 com.google.javascript.rhino.Node,129
Mon Jan 15 17:51:34 AEDT 2018 com.google.javascript.rhino.Node,142
Mon Jan 15 17:52:04 AEDT 2018 com.google.javascript.rhino.Node,143
Mon Jan 15 17:52:33 AEDT 2018 com.google.javascript.rhino.Node,879
Mon Jan 15 18:08:04 AEDT 2018 com.google.javascript.rhino.Node,880
Mon Jan 15 18:08:05 AEDT 2018 com.google.javascript.rhino.Node,881
Mon Jan 15 18:08:06 AEDT 2018 com.google.javascript.rhino.Node,884
Mon Jan 15 18:08:07 AEDT 2018 com.google.javascript.rhino.Node,885
Mon Jan 15 18:08:08 AEDT 2018 com.google.javascript.rhino.Node,886
Mon Jan 15 18:08:09 AEDT 2018 com.google.javascript.rhino.Node,887
Mon Jan 15 18:08:10 AEDT 2018 com.google.javascript.rhino.Node,890
Mon Jan 15 18:08:11 AEDT 2018 com.google.javascript.rhino.Node,891
Mon Jan 15 18:08:12 AEDT 2018 com.google.javascript.rhino.Node,936
Mon Jan 15 18:08:16 AEDT 2018 com.google.javascript.rhino.Node,958
Mon Jan 15 18:27:35 AEDT 2018 com.google.javascript.rhino.Node,962
Mon Jan 15 18:27:36 AEDT 2018 com.google.javascript.rhino.Node,965
Mon Jan 15 18:27:37 AEDT 2018 com.google.javascript.rhino.Node,968
Mon Jan 15 18:27:37 AEDT 2018 com.google.javascript.rhino.Node,969
Mon Jan 15 18:27:38 AEDT 2018 com.google.javascript.rhino.Node,972
Mon Jan 15 18:32:02 AEDT 2018 com.google.javascript.rhino.Node,973
Mon Jan 15 18:32:03 AEDT 2018 com.google.javascript.rhino.Node,974
Mon Jan 15 18:32:04 AEDT 2018 com.google.javascript.rhino.Node,975
Mon Jan 15 18:32:05 AEDT 2018 com.google.javascript.rhino.Node,980
Mon Jan 15 18:32:46 AEDT 2018 com.google.javascript.rhino.Node,981
Mon Jan 15 18:46:49 AEDT 2018 com.google.javascript.rhino.Node,982
Timeout time : 18/01/15 18:50
