=================================================
Project : closure_35	start : 18/01/15 18:49
Current failed test : com.google.javascript.jscomp.TypeCheckTest::testIssue669 | 18/01/15 18:50
Mon Jan 15 18:50:57 AEDT 2018 com.google.javascript.rhino.jstype.RecordType,249
Mon Jan 15 18:51:22 AEDT 2018 com.google.javascript.rhino.jstype.RecordType,98
Mon Jan 15 18:51:36 AEDT 2018 com.google.javascript.rhino.jstype.RecordType,213
Mon Jan 15 18:52:10 AEDT 2018 com.google.javascript.rhino.jstype.RecordType,221
Mon Jan 15 18:52:31 AEDT 2018 com.google.javascript.rhino.jstype.RecordType,222
Mon Jan 15 18:52:35 AEDT 2018 com.google.javascript.jscomp.TypeInference,1122
Mon Jan 15 19:03:01 AEDT 2018 com.google.javascript.jscomp.TypeInference,1123
Mon Jan 15 19:03:05 AEDT 2018 com.google.javascript.rhino.jstype.RecordType,208
Mon Jan 15 19:03:15 AEDT 2018 com.google.javascript.rhino.jstype.RecordType,97
Mon Jan 15 19:03:18 AEDT 2018 com.google.javascript.rhino.jstype.RecordType,260
Mon Jan 15 19:04:07 AEDT 2018 Mon Jan 15 19:04:07 AEDT 2018 : com.google.javascript.rhino.jstype.RecordType,265=>Find no block
Mon Jan 15 19:04:11 AEDT 2018 com.google.javascript.rhino.jstype.RecordType,267
Mon Jan 15 19:11:05 AEDT 2018 com.google.javascript.rhino.jstype.PrototypeObjectType,458
Mon Jan 15 19:12:37 AEDT 2018 com.google.javascript.rhino.jstype.RecordType,247
Mon Jan 15 19:12:39 AEDT 2018 com.google.javascript.rhino.jstype.RecordType,248
Mon Jan 15 19:12:43 AEDT 2018 com.google.javascript.rhino.jstype.RecordType,252
Mon Jan 15 19:15:04 AEDT 2018 com.google.javascript.rhino.jstype.RecordType,253
Mon Jan 15 19:23:45 AEDT 2018 com.google.javascript.rhino.jstype.RecordType,254
Mon Jan 15 19:23:49 AEDT 2018 com.google.javascript.rhino.jstype.RecordType,255
Mon Jan 15 19:23:50 AEDT 2018 com.google.javascript.rhino.jstype.RecordType,203
Mon Jan 15 19:23:57 AEDT 2018 com.google.javascript.rhino.jstype.JSTypeRegistry,1629
Mon Jan 15 19:30:18 AEDT 2018 com.google.javascript.rhino.jstype.JSTypeRegistry,1630
Mon Jan 15 19:30:22 AEDT 2018 com.google.javascript.rhino.jstype.JSTypeRegistry,1647
Mon Jan 15 19:32:03 AEDT 2018 com.google.javascript.jscomp.parsing.JsDocInfoParser,2125
Mon Jan 15 19:36:50 AEDT 2018 com.google.javascript.jscomp.parsing.JsDocInfoParser,2129
Mon Jan 15 19:39:56 AEDT 2018 com.google.javascript.jscomp.parsing.JsDocInfoParser,2130
Mon Jan 15 19:50:39 AEDT 2018 com.google.javascript.jscomp.parsing.JsDocInfoParser,2132
Mon Jan 15 19:50:46 AEDT 2018 com.google.javascript.jscomp.parsing.JsDocInfoParser,2136
Mon Jan 15 20:03:47 AEDT 2018 com.google.javascript.jscomp.parsing.JsDocInfoParser,2137
Mon Jan 15 20:23:33 AEDT 2018 com.google.javascript.jscomp.parsing.JsDocInfoParser,2138
Mon Jan 15 20:33:53 AEDT 2018 com.google.javascript.jscomp.parsing.JsDocInfoParser,2139
Mon Jan 15 20:33:56 AEDT 2018 com.google.javascript.rhino.jstype.RecordType,79
Mon Jan 15 20:41:16 AEDT 2018 Mon Jan 15 20:41:16 AEDT 2018 : com.google.javascript.rhino.jstype.RecordType,67=>Find no block
Mon Jan 15 20:41:17 AEDT 2018 Mon Jan 15 20:41:17 AEDT 2018 : com.google.javascript.rhino.jstype.RecordType,68=>Find no block
Mon Jan 15 20:41:18 AEDT 2018 com.google.javascript.rhino.jstype.RecordType,80
Mon Jan 15 20:41:19 AEDT 2018 com.google.javascript.rhino.jstype.RecordType,82
Mon Jan 15 20:41:20 AEDT 2018 com.google.javascript.rhino.jstype.RecordType,83
Mon Jan 15 20:41:20 AEDT 2018 com.google.javascript.rhino.jstype.RecordType,84
Mon Jan 15 20:41:21 AEDT 2018 com.google.javascript.rhino.jstype.RecordType,88
Mon Jan 15 20:41:22 AEDT 2018 Mon Jan 15 20:41:22 AEDT 2018 : com.google.javascript.rhino.jstype.RecordType,89=>Find no block
Mon Jan 15 20:41:24 AEDT 2018 com.google.javascript.rhino.jstype.RecordType,92
Mon Jan 15 20:41:24 AEDT 2018 Mon Jan 15 20:41:24 AEDT 2018 : com.google.javascript.rhino.jstype.RecordType,93=>Find no block
Mon Jan 15 20:41:25 AEDT 2018 com.google.javascript.rhino.jstype.RecordType,122
Mon Jan 15 20:41:31 AEDT 2018 com.google.javascript.rhino.jstype.RecordType,128
Mon Jan 15 20:41:37 AEDT 2018 com.google.javascript.rhino.jstype.RecordType,132
Mon Jan 15 20:43:02 AEDT 2018 com.google.javascript.rhino.jstype.RecordType,133
Mon Jan 15 20:43:03 AEDT 2018 com.google.javascript.rhino.jstype.RecordType,136
Mon Jan 15 20:43:44 AEDT 2018 com.google.javascript.rhino.jstype.RecordType,272
Mon Jan 15 20:46:42 AEDT 2018 com.google.javascript.rhino.jstype.RecordType,273
Mon Jan 15 20:46:43 AEDT 2018 com.google.javascript.rhino.jstype.RecordType,274
Mon Jan 15 20:46:43 AEDT 2018 com.google.javascript.rhino.jstype.RecordType,275
Mon Jan 15 20:46:44 AEDT 2018 Mon Jan 15 20:46:44 AEDT 2018 : com.google.javascript.rhino.jstype.RecordType,278=>Find no block
Mon Jan 15 20:46:45 AEDT 2018 com.google.javascript.rhino.jstype.RecordType,279
Mon Jan 15 20:48:33 AEDT 2018 com.google.javascript.rhino.jstype.JSTypeRegistry,1314
Mon Jan 15 20:48:39 AEDT 2018 com.google.javascript.rhino.jstype.JSTypeRegistry,1456
Mon Jan 15 20:50:06 AEDT 2018 com.google.javascript.rhino.jstype.JSTypeRegistry,1617
Mon Jan 15 20:53:30 AEDT 2018 Mon Jan 15 20:53:30 AEDT 2018 : com.google.javascript.rhino.jstype.JSTypeRegistry,1620=>Find no block
Mon Jan 15 20:53:31 AEDT 2018 com.google.javascript.rhino.jstype.JSTypeRegistry,1621
Mon Jan 15 21:19:16 AEDT 2018 com.google.javascript.rhino.jstype.JSTypeRegistry,1625
Mon Jan 15 21:49:49 AEDT 2018 com.google.javascript.rhino.jstype.JSTypeRegistry,1626
Mon Jan 15 21:49:50 AEDT 2018 com.google.javascript.rhino.jstype.JSTypeRegistry,1628
Mon Jan 15 21:49:50 AEDT 2018 com.google.javascript.rhino.jstype.JSTypeRegistry,1633
Mon Jan 15 22:06:39 AEDT 2018 com.google.javascript.rhino.jstype.JSTypeRegistry,1638
Mon Jan 15 22:06:40 AEDT 2018 com.google.javascript.rhino.jstype.JSTypeRegistry,1643
Mon Jan 15 22:16:13 AEDT 2018 com.google.javascript.rhino.jstype.JSTypeRegistry,1645
Mon Jan 15 22:16:14 AEDT 2018 com.google.javascript.rhino.jstype.JSTypeRegistry,1655
Mon Jan 15 22:16:15 AEDT 2018 Mon Jan 15 22:16:15 AEDT 2018 : com.google.javascript.rhino.jstype.JSTypeRegistry,1622=>Find no block
Mon Jan 15 22:16:15 AEDT 2018 com.google.javascript.rhino.jstype.JSTypeRegistry,1664
Mon Jan 15 22:37:04 AEDT 2018 Mon Jan 15 22:37:04 AEDT 2018 : com.google.javascript.rhino.jstype.RecordTypeBuilder,96=>Find no block
Mon Jan 15 22:37:05 AEDT 2018 com.google.javascript.rhino.jstype.RecordTypeBuilder,97
Mon Jan 15 22:37:43 AEDT 2018 com.google.javascript.rhino.jstype.RecordTypeBuilder,98
Mon Jan 15 22:37:44 AEDT 2018 Mon Jan 15 22:37:44 AEDT 2018 : com.google.javascript.rhino.jstype.RecordTypeBuilder,99=>Find no block
Mon Jan 15 22:37:44 AEDT 2018 com.google.javascript.rhino.jstype.RecordTypeBuilder,102
Mon Jan 15 22:38:06 AEDT 2018 com.google.javascript.rhino.jstype.RecordTypeBuilder,106
Mon Jan 15 22:38:10 AEDT 2018 Mon Jan 15 22:38:10 AEDT 2018 : com.google.javascript.rhino.jstype.RecordTypeBuilder,57=>Find no block
Mon Jan 15 22:38:10 AEDT 2018 Mon Jan 15 22:38:10 AEDT 2018 : com.google.javascript.rhino.jstype.RecordTypeBuilder,53=>Find no block
Mon Jan 15 22:38:11 AEDT 2018 Mon Jan 15 22:38:11 AEDT 2018 : com.google.javascript.rhino.jstype.RecordTypeBuilder,55=>Find no block
Mon Jan 15 22:38:12 AEDT 2018 com.google.javascript.rhino.jstype.RecordTypeBuilder,58
Mon Jan 15 22:38:33 AEDT 2018 Mon Jan 15 22:38:33 AEDT 2018 : com.google.javascript.rhino.jstype.RecordTypeBuilder,59=>Find no block
Mon Jan 15 22:38:34 AEDT 2018 com.google.javascript.rhino.jstype.RecordTypeBuilder,71
Mon Jan 15 22:48:22 AEDT 2018 com.google.javascript.rhino.jstype.RecordTypeBuilder,72
Mon Jan 15 22:48:23 AEDT 2018 com.google.javascript.rhino.jstype.RecordTypeBuilder,75
Mon Jan 15 22:48:24 AEDT 2018 com.google.javascript.rhino.jstype.RecordTypeBuilder,76
Mon Jan 15 22:48:24 AEDT 2018 com.google.javascript.rhino.jstype.RecordTypeBuilder,85
Mon Jan 15 22:48:28 AEDT 2018 com.google.javascript.rhino.jstype.RecordTypeBuilder,89
Mon Jan 15 22:48:31 AEDT 2018 com.google.javascript.jscomp.parsing.JsDocInfoParser,1713
Mon Jan 15 22:48:41 AEDT 2018 com.google.javascript.jscomp.parsing.JsDocInfoParser,1714
Mon Jan 15 22:48:42 AEDT 2018 com.google.javascript.jscomp.parsing.JsDocInfoParser,2060
Mon Jan 15 22:49:54 AEDT 2018 com.google.javascript.jscomp.parsing.JsDocInfoParser,2061
Mon Jan 15 22:49:54 AEDT 2018 com.google.javascript.jscomp.parsing.JsDocInfoParser,2063
Mon Jan 15 22:50:08 AEDT 2018 com.google.javascript.jscomp.parsing.JsDocInfoParser,2067
Mon Jan 15 22:52:34 AEDT 2018 com.google.javascript.jscomp.parsing.JsDocInfoParser,2068
Mon Jan 15 22:52:35 AEDT 2018 com.google.javascript.jscomp.parsing.JsDocInfoParser,2072
Mon Jan 15 22:59:22 AEDT 2018 com.google.javascript.jscomp.parsing.JsDocInfoParser,2074
Mon Jan 15 23:07:47 AEDT 2018 com.google.javascript.jscomp.parsing.JsDocInfoParser,2075
Mon Jan 15 23:07:47 AEDT 2018 com.google.javascript.jscomp.parsing.JsDocInfoParser,2082
Mon Jan 15 23:08:41 AEDT 2018 com.google.javascript.jscomp.parsing.JsDocInfoParser,2085
Mon Jan 15 23:09:20 AEDT 2018 com.google.javascript.jscomp.parsing.JsDocInfoParser,2087
Mon Jan 15 23:09:21 AEDT 2018 com.google.javascript.jscomp.parsing.JsDocInfoParser,2091
Mon Jan 15 23:15:15 AEDT 2018 com.google.javascript.jscomp.parsing.JsDocInfoParser,2093
Mon Jan 15 23:20:49 AEDT 2018 com.google.javascript.jscomp.parsing.JsDocInfoParser,2094
Mon Jan 15 23:20:49 AEDT 2018 com.google.javascript.jscomp.parsing.JsDocInfoParser,2095
Mon Jan 15 23:20:52 AEDT 2018 com.google.javascript.jscomp.parsing.JsDocInfoParser,2106
Mon Jan 15 23:39:16 AEDT 2018 com.google.javascript.jscomp.parsing.JsDocInfoParser,2113
Mon Jan 15 23:39:55 AEDT 2018 com.google.javascript.jscomp.parsing.JsDocInfoParser,2115
Mon Jan 15 23:39:58 AEDT 2018 com.google.javascript.jscomp.parsing.JsDocInfoParser,2119
Mon Jan 15 23:42:11 AEDT 2018 com.google.javascript.jscomp.parsing.JsDocInfoParser,2120
Mon Jan 15 23:42:12 AEDT 2018 Mon Jan 15 23:42:12 AEDT 2018 : com.google.javascript.jscomp.parsing.JsDocInfoParser,2147=>Find no block
Mon Jan 15 23:42:12 AEDT 2018 com.google.javascript.jscomp.parsing.JsDocInfoParser,2149
Mon Jan 15 23:44:21 AEDT 2018 com.google.javascript.jscomp.parsing.JsDocInfoParser,2150
Mon Jan 15 23:44:21 AEDT 2018 com.google.javascript.rhino.jstype.PrototypeObjectType,374
Mon Jan 15 23:46:18 AEDT 2018 com.google.javascript.rhino.jstype.PrototypeObjectType,378
Timeout time : 18/01/15 23:50
