=================================================
Project : closure_46	start : 18/01/15 18:50
Current failed test : com.google.javascript.rhino.jstype.JSTypeTest::testRecordTypeLeastSuperType2 | 18/01/15 18:50
Mon Jan 15 18:50:37 AEDT 2018 com.google.javascript.rhino.jstype.RecordType,145
Mon Jan 15 18:54:57 AEDT 2018 com.google.javascript.rhino.jstype.RecordType,146
Mon Jan 15 18:54:58 AEDT 2018 com.google.javascript.rhino.jstype.RecordType,147
Mon Jan 15 18:54:58 AEDT 2018 Mon Jan 15 18:54:58 AEDT 2018 : com.google.javascript.rhino.jstype.RecordType,153=>Find no block
Mon Jan 15 18:55:00 AEDT 2018 com.google.javascript.rhino.jstype.RecordType,154
Mon Jan 15 18:55:00 AEDT 2018 com.google.javascript.rhino.jstype.RecordType,142
Mon Jan 15 18:55:01 AEDT 2018 com.google.javascript.rhino.jstype.RecordType,110
Mon Jan 15 18:55:23 AEDT 2018 com.google.javascript.rhino.jstype.RecordType,241
Mon Jan 15 18:57:43 AEDT 2018 com.google.javascript.rhino.jstype.RecordType,171
Mon Jan 15 18:58:54 AEDT 2018 Mon Jan 15 18:58:54 AEDT 2018 : com.google.javascript.rhino.jstype.RecordType,173=>Find no block
Mon Jan 15 18:58:54 AEDT 2018 com.google.javascript.rhino.jstype.RecordType,175
Mon Jan 15 18:59:19 AEDT 2018 com.google.javascript.rhino.jstype.RecordType,176
Mon Jan 15 18:59:20 AEDT 2018 com.google.javascript.rhino.jstype.RecordType,177
Mon Jan 15 18:59:21 AEDT 2018 Mon Jan 15 18:59:21 AEDT 2018 : com.google.javascript.rhino.jstype.RecordType,180=>Find no block
Mon Jan 15 18:59:22 AEDT 2018 com.google.javascript.rhino.jstype.RecordType,182
Mon Jan 15 19:00:01 AEDT 2018 com.google.javascript.rhino.jstype.RecordTypeBuilder,86
Mon Jan 15 19:00:06 AEDT 2018 com.google.javascript.rhino.jstype.PrototypeObjectType,375
Mon Jan 15 19:02:38 AEDT 2018 com.google.javascript.rhino.jstype.RecordType,150
Mon Jan 15 19:02:39 AEDT 2018 com.google.javascript.rhino.jstype.PrototypeObjectType,258
Mon Jan 15 19:14:28 AEDT 2018 com.google.javascript.rhino.jstype.PrototypeObjectType,259
Mon Jan 15 19:14:29 AEDT 2018 com.google.javascript.rhino.jstype.PrototypeObjectType,260
Mon Jan 15 19:14:30 AEDT 2018 com.google.javascript.rhino.jstype.RecordType,107
Mon Jan 15 19:15:42 AEDT 2018 com.google.javascript.rhino.jstype.RecordType,108
Mon Jan 15 19:17:03 AEDT 2018 com.google.javascript.rhino.jstype.RecordType,109
Mon Jan 15 19:17:03 AEDT 2018 com.google.javascript.rhino.jstype.RecordType,158
Mon Jan 15 19:18:39 AEDT 2018 com.google.javascript.rhino.jstype.RecordType,159
Mon Jan 15 19:18:39 AEDT 2018 com.google.javascript.rhino.jstype.RecordType,164
Mon Jan 15 19:18:40 AEDT 2018 com.google.javascript.rhino.jstype.RecordType,165
Mon Jan 15 19:18:41 AEDT 2018 com.google.javascript.rhino.jstype.RecordType,102
Mon Jan 15 19:19:19 AEDT 2018 com.google.javascript.rhino.jstype.RecordType,103
Mon Jan 15 19:19:20 AEDT 2018 com.google.javascript.rhino.jstype.RecordType,265
Mon Jan 15 19:19:32 AEDT 2018 com.google.javascript.rhino.jstype.RecordType,237
Mon Jan 15 19:19:33 AEDT 2018 com.google.javascript.rhino.jstype.RecordType,229
Mon Jan 15 19:19:34 AEDT 2018 com.google.javascript.rhino.jstype.PrototypeObjectType,374
Mon Jan 15 19:19:34 AEDT 2018 com.google.javascript.rhino.jstype.PrototypeObjectType,378
Mon Jan 15 19:28:51 AEDT 2018 com.google.javascript.rhino.jstype.PrototypeObjectType,379
Mon Jan 15 19:35:35 AEDT 2018 com.google.javascript.rhino.jstype.PrototypeObjectType,380
Mon Jan 15 19:42:29 AEDT 2018 com.google.javascript.rhino.jstype.PrototypeObjectType,382
Mon Jan 15 19:50:41 AEDT 2018 com.google.javascript.rhino.jstype.PrototypeObjectType,383
Mon Jan 15 19:54:41 AEDT 2018 Mon Jan 15 19:54:41 AEDT 2018 : com.google.javascript.rhino.jstype.PrototypeObjectType,387=>Find no block
Mon Jan 15 19:54:41 AEDT 2018 com.google.javascript.rhino.jstype.PrototypeObjectType,458
Mon Jan 15 19:55:32 AEDT 2018 com.google.javascript.rhino.jstype.RecordType,224
Mon Jan 15 19:55:33 AEDT 2018 com.google.javascript.rhino.jstype.RecordType,263
Mon Jan 15 19:59:54 AEDT 2018 com.google.javascript.rhino.jstype.RecordType,264
Mon Jan 15 19:59:54 AEDT 2018 com.google.javascript.rhino.jstype.RecordType,97
Mon Jan 15 19:59:55 AEDT 2018 com.google.javascript.rhino.jstype.RecordType,219
Mon Jan 15 19:59:58 AEDT 2018 com.google.javascript.rhino.jstype.RecordType,272
Mon Jan 15 19:59:59 AEDT 2018 com.google.javascript.rhino.jstype.PrototypeObjectType,358
Mon Jan 15 20:03:06 AEDT 2018 com.google.javascript.rhino.jstype.PrototypeObjectType,361
Mon Jan 15 20:03:06 AEDT 2018 Mon Jan 15 20:03:06 AEDT 2018 : com.google.javascript.rhino.jstype.PrototypeObjectType,362=>Find no block
Mon Jan 15 20:03:07 AEDT 2018 com.google.javascript.rhino.jstype.PrototypeObjectType,363
Mon Jan 15 20:05:04 AEDT 2018 com.google.javascript.rhino.jstype.PrototypeObjectType,366
Mon Jan 15 20:05:05 AEDT 2018 Mon Jan 15 20:05:05 AEDT 2018 : com.google.javascript.rhino.jstype.PrototypeObjectType,365=>Find no block
Mon Jan 15 20:05:06 AEDT 2018 com.google.javascript.rhino.jstype.PrototypeObjectType,369
Mon Jan 15 20:17:30 AEDT 2018 com.google.javascript.rhino.jstype.PrototypeObjectType,370
Mon Jan 15 20:27:10 AEDT 2018 com.google.javascript.rhino.jstype.PrototypeObjectType,372
Mon Jan 15 20:27:11 AEDT 2018 com.google.javascript.rhino.jstype.PrototypeObjectType,373
Mon Jan 15 20:33:00 AEDT 2018 com.google.javascript.rhino.jstype.PrototypeObjectType,389
Mon Jan 15 20:39:46 AEDT 2018 com.google.javascript.rhino.jstype.PrototypeObjectType,391
Mon Jan 15 20:39:47 AEDT 2018 com.google.javascript.rhino.jstype.PrototypeObjectType,392
Mon Jan 15 20:39:48 AEDT 2018 com.google.javascript.rhino.jstype.RecordType,122
Mon Jan 15 20:39:53 AEDT 2018 com.google.javascript.rhino.jstype.PrototypeObjectType,356
Mon Jan 15 20:45:39 AEDT 2018 com.google.javascript.rhino.jstype.RecordType,283
Mon Jan 15 20:47:20 AEDT 2018 Mon Jan 15 20:47:20 AEDT 2018 : com.google.javascript.rhino.jstype.RecordType,281=>Find no block
Mon Jan 15 20:47:21 AEDT 2018 com.google.javascript.rhino.jstype.RecordType,271
Mon Jan 15 20:47:22 AEDT 2018 com.google.javascript.rhino.jstype.JSType,747
Mon Jan 15 20:48:22 AEDT 2018 com.google.javascript.rhino.jstype.RecordType,268
Mon Jan 15 20:49:32 AEDT 2018 com.google.javascript.rhino.jstype.RecordType,269
Mon Jan 15 20:53:37 AEDT 2018 com.google.javascript.rhino.jstype.RecordType,270
Mon Jan 15 20:53:37 AEDT 2018 com.google.javascript.rhino.jstype.RecordType,157
Mon Jan 15 20:55:15 AEDT 2018 com.google.javascript.rhino.jstype.PrototypeObjectType,354
Mon Jan 15 20:56:21 AEDT 2018 com.google.javascript.rhino.jstype.PrototypeObjectType,179
Mon Jan 15 20:56:30 AEDT 2018 com.google.javascript.rhino.jstype.RecordType,79
Mon Jan 15 21:04:06 AEDT 2018 Mon Jan 15 21:04:06 AEDT 2018 : com.google.javascript.rhino.jstype.RecordType,67=>Find no block
Mon Jan 15 21:04:07 AEDT 2018 Mon Jan 15 21:04:07 AEDT 2018 : com.google.javascript.rhino.jstype.RecordType,68=>Find no block
Mon Jan 15 21:04:08 AEDT 2018 com.google.javascript.rhino.jstype.RecordType,80
Mon Jan 15 21:04:09 AEDT 2018 com.google.javascript.rhino.jstype.RecordType,82
Mon Jan 15 21:04:09 AEDT 2018 com.google.javascript.rhino.jstype.RecordType,83
Mon Jan 15 21:04:10 AEDT 2018 com.google.javascript.rhino.jstype.RecordType,84
Mon Jan 15 21:04:11 AEDT 2018 com.google.javascript.rhino.jstype.RecordType,88
Mon Jan 15 21:04:12 AEDT 2018 Mon Jan 15 21:04:12 AEDT 2018 : com.google.javascript.rhino.jstype.RecordType,89=>Find no block
Mon Jan 15 21:04:12 AEDT 2018 com.google.javascript.rhino.jstype.RecordType,92
Mon Jan 15 21:04:13 AEDT 2018 Mon Jan 15 21:04:13 AEDT 2018 : com.google.javascript.rhino.jstype.RecordType,93=>Find no block
Mon Jan 15 21:04:14 AEDT 2018 com.google.javascript.rhino.jstype.RecordType,128
Mon Jan 15 21:04:20 AEDT 2018 com.google.javascript.rhino.jstype.RecordType,132
Mon Jan 15 21:05:57 AEDT 2018 com.google.javascript.rhino.jstype.RecordType,133
Mon Jan 15 21:05:57 AEDT 2018 com.google.javascript.rhino.jstype.RecordType,136
Mon Jan 15 21:06:37 AEDT 2018 com.google.javascript.rhino.jstype.JSTypeRegistry,1314
Mon Jan 15 21:06:41 AEDT 2018 Mon Jan 15 21:06:41 AEDT 2018 : com.google.javascript.rhino.jstype.RecordTypeBuilder,57=>Find no block
Mon Jan 15 21:06:42 AEDT 2018 Mon Jan 15 21:06:42 AEDT 2018 : com.google.javascript.rhino.jstype.RecordTypeBuilder,53=>Find no block
Mon Jan 15 21:06:42 AEDT 2018 Mon Jan 15 21:06:42 AEDT 2018 : com.google.javascript.rhino.jstype.RecordTypeBuilder,55=>Find no block
Mon Jan 15 21:06:43 AEDT 2018 com.google.javascript.rhino.jstype.RecordTypeBuilder,58
Mon Jan 15 21:07:07 AEDT 2018 Mon Jan 15 21:07:07 AEDT 2018 : com.google.javascript.rhino.jstype.RecordTypeBuilder,59=>Find no block
Mon Jan 15 21:07:08 AEDT 2018 com.google.javascript.rhino.jstype.RecordTypeBuilder,71
Mon Jan 15 21:18:33 AEDT 2018 com.google.javascript.rhino.jstype.RecordTypeBuilder,72
Mon Jan 15 21:18:34 AEDT 2018 com.google.javascript.rhino.jstype.RecordTypeBuilder,75
Mon Jan 15 21:18:35 AEDT 2018 com.google.javascript.rhino.jstype.RecordTypeBuilder,76
Mon Jan 15 21:18:35 AEDT 2018 com.google.javascript.rhino.jstype.RecordTypeBuilder,85
Mon Jan 15 21:18:36 AEDT 2018 com.google.javascript.rhino.jstype.RecordTypeBuilder,89
Mon Jan 15 21:18:41 AEDT 2018 Mon Jan 15 21:18:41 AEDT 2018 : com.google.javascript.rhino.jstype.RecordTypeBuilder,96=>Find no block
Mon Jan 15 21:18:42 AEDT 2018 com.google.javascript.rhino.jstype.RecordTypeBuilder,97
Mon Jan 15 21:19:27 AEDT 2018 com.google.javascript.rhino.jstype.RecordTypeBuilder,98
Mon Jan 15 21:19:28 AEDT 2018 Mon Jan 15 21:19:28 AEDT 2018 : com.google.javascript.rhino.jstype.RecordTypeBuilder,99=>Find no block
Mon Jan 15 21:19:28 AEDT 2018 com.google.javascript.rhino.jstype.RecordTypeBuilder,102
Mon Jan 15 21:19:52 AEDT 2018 com.google.javascript.rhino.jstype.RecordTypeBuilder,106
Mon Jan 15 21:19:56 AEDT 2018 Mon Jan 15 21:19:56 AEDT 2018 : com.google.javascript.rhino.jstype.RecordType,116=>Find no block
Mon Jan 15 21:19:57 AEDT 2018 com.google.javascript.rhino.jstype.RecordType,117
Mon Jan 15 21:21:15 AEDT 2018 com.google.javascript.rhino.jstype.RecordType,112
Mon Jan 15 21:21:16 AEDT 2018 com.google.javascript.rhino.jstype.RecordType,113
Mon Jan 15 21:21:16 AEDT 2018 com.google.javascript.rhino.jstype.UnionType,405
Mon Jan 15 21:29:37 AEDT 2018 com.google.javascript.rhino.jstype.UnionType,406
Mon Jan 15 21:29:38 AEDT 2018 com.google.javascript.rhino.jstype.UnionType,408
Mon Jan 15 21:37:19 AEDT 2018 com.google.javascript.rhino.jstype.UnionType,409
Mon Jan 15 21:41:54 AEDT 2018 com.google.javascript.rhino.jstype.UnionType,410
Mon Jan 15 21:52:01 AEDT 2018 com.google.javascript.rhino.jstype.UnionType,411
Mon Jan 15 21:52:02 AEDT 2018 com.google.javascript.rhino.jstype.UnionType,412
Mon Jan 15 21:52:03 AEDT 2018 com.google.javascript.rhino.jstype.UnionType,413
Mon Jan 15 21:52:04 AEDT 2018 com.google.javascript.rhino.jstype.UnionType,415
Mon Jan 15 21:52:05 AEDT 2018 com.google.javascript.rhino.jstype.UnionType,416
Mon Jan 15 21:52:06 AEDT 2018 Mon Jan 15 21:52:06 AEDT 2018 : com.google.javascript.rhino.jstype.UnionType,417=>Find no block
Mon Jan 15 21:52:07 AEDT 2018 com.google.javascript.rhino.jstype.UnionType,418
Mon Jan 15 22:03:29 AEDT 2018 com.google.javascript.rhino.jstype.UnionType,419
Mon Jan 15 22:03:29 AEDT 2018 Mon Jan 15 22:03:29 AEDT 2018 : com.google.javascript.rhino.jstype.JSType,93=>Find no block
Mon Jan 15 22:03:30 AEDT 2018 com.google.javascript.rhino.jstype.UnionType,330
Mon Jan 15 22:05:42 AEDT 2018 com.google.javascript.rhino.jstype.RecordType,225
Mon Jan 15 22:05:43 AEDT 2018 com.google.javascript.rhino.jstype.NamedType,263
Mon Jan 15 22:10:21 AEDT 2018 com.google.javascript.rhino.jstype.NamedType,264
Mon Jan 15 22:10:21 AEDT 2018 com.google.javascript.rhino.jstype.NamedType,266
Mon Jan 15 22:10:22 AEDT 2018 com.google.javascript.rhino.jstype.UnionType,315
Mon Jan 15 22:10:26 AEDT 2018 com.google.javascript.rhino.jstype.UnionType,318
Mon Jan 15 22:10:27 AEDT 2018 com.google.javascript.rhino.jstype.PrototypeObjectType,434
Mon Jan 15 22:10:35 AEDT 2018 Mon Jan 15 22:10:35 AEDT 2018 : com.google.javascript.rhino.SimpleErrorReporter,50=>Find no block
Mon Jan 15 22:10:36 AEDT 2018 Mon Jan 15 22:10:36 AEDT 2018 : com.google.javascript.rhino.SimpleErrorReporter,51=>Find no block
Mon Jan 15 22:10:37 AEDT 2018 Mon Jan 15 22:10:37 AEDT 2018 : com.google.javascript.rhino.SimpleErrorReporter,52=>Find no block
Mon Jan 15 22:10:38 AEDT 2018 com.google.javascript.rhino.jstype.NamedType,314
Mon Jan 15 22:17:26 AEDT 2018 com.google.javascript.rhino.jstype.NamedType,315
Mon Jan 15 22:17:27 AEDT 2018 com.google.javascript.rhino.jstype.NamedType,318
Mon Jan 15 22:17:28 AEDT 2018 com.google.javascript.rhino.jstype.NamedType,321
Mon Jan 15 22:17:29 AEDT 2018 com.google.javascript.rhino.jstype.NamedType,307
Mon Jan 15 22:20:47 AEDT 2018 com.google.javascript.rhino.jstype.NamedType,308
Mon Jan 15 22:20:48 AEDT 2018 com.google.javascript.rhino.jstype.NamedType,313
Mon Jan 15 22:20:49 AEDT 2018 com.google.javascript.rhino.jstype.NamedType,323
Mon Jan 15 22:28:09 AEDT 2018 com.google.javascript.rhino.jstype.NamedType,380
Mon Jan 15 22:36:38 AEDT 2018 com.google.javascript.rhino.jstype.NamedType,381
Mon Jan 15 22:36:38 AEDT 2018 com.google.javascript.rhino.jstype.NamedType,382
Mon Jan 15 22:36:39 AEDT 2018 com.google.javascript.rhino.jstype.NamedType,364
Mon Jan 15 22:37:59 AEDT 2018 com.google.javascript.rhino.jstype.NamedType,368
Mon Jan 15 22:38:00 AEDT 2018 com.google.javascript.rhino.jstype.JSTypeRegistry,844
Mon Jan 15 22:43:46 AEDT 2018 Mon Jan 15 22:43:46 AEDT 2018 : com.google.javascript.rhino.jstype.JSTypeRegistry,845=>Find no block
Mon Jan 15 22:43:46 AEDT 2018 com.google.javascript.rhino.jstype.NamedType,303
Mon Jan 15 22:46:59 AEDT 2018 com.google.javascript.rhino.jstype.NamedType,304
Mon Jan 15 22:47:00 AEDT 2018 com.google.javascript.rhino.jstype.NamedType,162
Mon Jan 15 22:47:04 AEDT 2018 com.google.javascript.rhino.jstype.NamedType,298
Mon Jan 15 22:47:04 AEDT 2018 com.google.javascript.rhino.jstype.ProxyObjectType,375
Mon Jan 15 22:47:15 AEDT 2018 com.google.javascript.rhino.jstype.JSTypeRegistry,851
Mon Jan 15 22:48:32 AEDT 2018 com.google.javascript.rhino.jstype.NamedType,357
Mon Jan 15 22:49:18 AEDT 2018 com.google.javascript.rhino.jstype.NamedType,360
Mon Jan 15 22:49:19 AEDT 2018 com.google.javascript.rhino.jstype.NamedType,373
Mon Jan 15 22:51:10 AEDT 2018 Mon Jan 15 22:51:10 AEDT 2018 : com.google.javascript.rhino.jstype.NamedType,374=>Find no block
Mon Jan 15 22:51:11 AEDT 2018 com.google.javascript.rhino.jstype.NamedType,270
Mon Jan 15 22:51:11 AEDT 2018 com.google.javascript.rhino.jstype.NamedType,280
Mon Jan 15 22:51:12 AEDT 2018 com.google.javascript.rhino.jstype.NamedType,356
Mon Jan 15 22:52:29 AEDT 2018 Mon Jan 15 22:52:29 AEDT 2018 : com.google.javascript.rhino.jstype.NamedType,377=>Find no block
Mon Jan 15 22:52:30 AEDT 2018 com.google.javascript.rhino.jstype.NamedType,225
Mon Jan 15 22:53:56 AEDT 2018 com.google.javascript.rhino.jstype.NamedType,226
Mon Jan 15 22:53:57 AEDT 2018 com.google.javascript.rhino.jstype.NamedType,230
Mon Jan 15 22:54:26 AEDT 2018 com.google.javascript.rhino.jstype.NamedType,231
Mon Jan 15 22:54:26 AEDT 2018 com.google.javascript.rhino.jstype.NamedType,232
Mon Jan 15 22:54:27 AEDT 2018 com.google.javascript.rhino.jstype.NamedType,234
Mon Jan 15 22:54:37 AEDT 2018 com.google.javascript.rhino.jstype.NamedType,249
Mon Jan 15 23:02:27 AEDT 2018 com.google.javascript.rhino.jstype.NamedType,259
Mon Jan 15 23:04:28 AEDT 2018 com.google.javascript.rhino.jstype.NamedType,261
Mon Jan 15 23:04:29 AEDT 2018 Mon Jan 15 23:04:29 AEDT 2018 : com.google.javascript.rhino.jstype.NamedType,282=>Find no block
Mon Jan 15 23:04:30 AEDT 2018 com.google.javascript.rhino.jstype.NamedType,292
Mon Jan 15 23:06:35 AEDT 2018 com.google.javascript.rhino.jstype.NamedType,293
Mon Jan 15 23:06:39 AEDT 2018 com.google.javascript.rhino.jstype.NamedType,296
Mon Jan 15 23:09:06 AEDT 2018 com.google.javascript.rhino.jstype.NamedType,297
Mon Jan 15 23:09:07 AEDT 2018 com.google.javascript.rhino.jstype.ObjectType,169
Mon Jan 15 23:09:11 AEDT 2018 com.google.javascript.rhino.jstype.ObjectType,172
Mon Jan 15 23:09:11 AEDT 2018 com.google.javascript.rhino.jstype.ObjectType,174
Mon Jan 15 23:10:04 AEDT 2018 com.google.javascript.rhino.jstype.UnknownType,161
Mon Jan 15 23:10:08 AEDT 2018 com.google.javascript.rhino.jstype.FunctionType,456
Mon Jan 15 23:10:26 AEDT 2018 Mon Jan 15 23:10:26 AEDT 2018 : com.google.javascript.rhino.jstype.FunctionType,457=>Find no block
Mon Jan 15 23:10:26 AEDT 2018 com.google.javascript.rhino.jstype.JSTypeRegistry,800
Mon Jan 15 23:13:00 AEDT 2018 Mon Jan 15 23:13:00 AEDT 2018 : com.google.javascript.rhino.jstype.JSTypeRegistry,801=>Find no block
Mon Jan 15 23:13:01 AEDT 2018 com.google.javascript.rhino.jstype.JSType,1105
Mon Jan 15 23:13:05 AEDT 2018 com.google.javascript.rhino.jstype.NamedType,136
Mon Jan 15 23:13:17 AEDT 2018 com.google.javascript.rhino.jstype.NamedType,328
Mon Jan 15 23:13:35 AEDT 2018 com.google.javascript.rhino.jstype.NamedType,331
Mon Jan 15 23:15:38 AEDT 2018 com.google.javascript.rhino.jstype.NamedType,332
Mon Jan 15 23:15:39 AEDT 2018 com.google.javascript.rhino.jstype.NamedType,333
Mon Jan 15 23:15:40 AEDT 2018 Mon Jan 15 23:15:40 AEDT 2018 : com.google.javascript.rhino.jstype.NamedType,334=>Find no block
Mon Jan 15 23:15:41 AEDT 2018 com.google.javascript.rhino.jstype.NamedType,345
Mon Jan 15 23:16:36 AEDT 2018 com.google.javascript.rhino.jstype.NamedType,346
Mon Jan 15 23:17:16 AEDT 2018 Mon Jan 15 23:17:16 AEDT 2018 : com.google.javascript.rhino.jstype.NamedType,350=>Find no block
Mon Jan 15 23:17:16 AEDT 2018 com.google.javascript.rhino.jstype.EnumElementType,71
Mon Jan 15 23:20:06 AEDT 2018 com.google.javascript.rhino.jstype.EnumElementType,72
Mon Jan 15 23:20:07 AEDT 2018 com.google.javascript.rhino.jstype.EnumElementType,73
Mon Jan 15 23:20:08 AEDT 2018 com.google.javascript.rhino.jstype.EnumElementType,74
Mon Jan 15 23:20:09 AEDT 2018 Mon Jan 15 23:20:09 AEDT 2018 : com.google.javascript.rhino.jstype.EnumElementType,75=>Find no block
Failed time : 18/01/15 23:20
