=================================================
Project : closure_48	start : 18/01/15 13:48
Current failed test : com.google.javascript.jscomp.TypeCheckTest::testIssue586 | 18/01/15 13:49
Mon Jan 15 13:50:04 AEDT 2018 com.google.javascript.jscomp.TypedScopeCreator,899
Mon Jan 15 13:53:10 AEDT 2018 com.google.javascript.jscomp.TypedScopeCreator,900
Mon Jan 15 13:53:11 AEDT 2018 com.google.javascript.jscomp.TypedScopeCreator,1214
Mon Jan 15 14:17:58 AEDT 2018 com.google.javascript.jscomp.NodeUtil,2340
Mon Jan 15 14:35:08 AEDT 2018 com.google.javascript.jscomp.NodeUtil,2342
Mon Jan 15 14:35:08 AEDT 2018 com.google.javascript.jscomp.NodeUtil,2343
Mon Jan 15 14:35:09 AEDT 2018 com.google.javascript.jscomp.NodeUtil,2345
Mon Jan 15 14:35:10 AEDT 2018 Mon Jan 15 14:35:10 AEDT 2018 : com.google.javascript.jscomp.NodeUtil,2341=>Find no block
Mon Jan 15 14:35:11 AEDT 2018 com.google.javascript.jscomp.TypedScopeCreator,1199
Mon Jan 15 14:35:45 AEDT 2018 com.google.javascript.jscomp.TypedScopeCreator,1200
Mon Jan 15 14:35:46 AEDT 2018 com.google.javascript.jscomp.TypedScopeCreator,1207
Mon Jan 15 14:35:47 AEDT 2018 com.google.javascript.jscomp.TypedScopeCreator,1208
Mon Jan 15 14:35:48 AEDT 2018 com.google.javascript.rhino.jstype.ArrowType,139
Mon Jan 15 14:49:04 AEDT 2018 com.google.javascript.rhino.jstype.ArrowType,95
Mon Jan 15 15:06:38 AEDT 2018 com.google.javascript.rhino.jstype.ArrowType,96
Mon Jan 15 15:06:39 AEDT 2018 com.google.javascript.rhino.jstype.ArrowType,97
Mon Jan 15 15:06:40 AEDT 2018 com.google.javascript.jscomp.TypedScopeCreator,1652
Mon Jan 15 15:14:59 AEDT 2018 com.google.javascript.rhino.jstype.FunctionType,270
Mon Jan 15 15:15:03 AEDT 2018 com.google.javascript.rhino.jstype.ArrowType,81
Mon Jan 15 15:15:07 AEDT 2018 com.google.javascript.rhino.jstype.ArrowType,85
Mon Jan 15 15:16:13 AEDT 2018 com.google.javascript.rhino.jstype.ArrowType,88
Mon Jan 15 15:16:14 AEDT 2018 com.google.javascript.rhino.jstype.FunctionType,883
Mon Jan 15 15:16:32 AEDT 2018 com.google.javascript.rhino.jstype.FunctionType,894
Mon Jan 15 15:21:37 AEDT 2018 com.google.javascript.rhino.jstype.FunctionType,909
Mon Jan 15 15:21:38 AEDT 2018 com.google.javascript.rhino.jstype.FunctionType,878
Mon Jan 15 15:21:39 AEDT 2018 com.google.javascript.rhino.jstype.FunctionType,879
Mon Jan 15 15:21:40 AEDT 2018 com.google.javascript.jscomp.TypedScopeCreator,1632
Mon Jan 15 15:51:43 AEDT 2018 com.google.javascript.jscomp.TypedScopeCreator,1634
Mon Jan 15 15:51:43 AEDT 2018 com.google.javascript.jscomp.TypedScopeCreator,1644
Timeout time : 18/01/15 18:49
