=================================================
Project : closure_57	start : 18/01/16 21:48
Current failed test : com.google.javascript.jscomp.ClosureCodingConventionTest::testRequire | 18/01/16 21:48
Tue Jan 16 21:56:44 EST 2018 com.google.javascript.jscomp.ClosureCodingConvention,185
Tue Jan 16 21:57:14 EST 2018 com.google.javascript.jscomp.ClosureCodingConvention,192

----------------------------------------
----------------------------------------
Pass Single Test : [=>0,0]
if(target!=null&&target.getType()==Token.STRING){
className=target.getString();
}

Time : 18/01/16 21:58
----------------------------------------

----------------------------------------
----------------------------------------
Similar code block : 1.4285714285714286 : [/home/jiajun/d4j/projects/closure/closure_57_buggy/src/com/google/javascript/jscomp/ClosureCodingConvention.java=>0,0]
if(last!=null&&last.getType()==Token.STRING){
String propName=last.getString();
return (propName.equals(methodName));
}

Time : 18/01/16 22:00
----------------------------------------

----------------------------------------
----------------------------------------
Original source code : [/home/jiajun/d4j/projects/closure/closure_57_buggy/src/com/google/javascript/jscomp/ClosureCodingConvention.java=>197,199]
if(target!=null){
className=target.getString();
}

Time : 18/01/16 22:00
----------------------------------------

----------------------------------------
----------------------------------------
Find a patch : [/home/jiajun/d4j/projects/closure/closure_57_buggy/src/com/google/javascript/jscomp/ClosureCodingConvention.java=>197,199]
if(target!=null&&target.getType()==Token.STRING){
className=target.getString();
}

Time : 18/01/16 22:00
----------------------------------------
Success time : 18/01/16 22:00
