=================================================
Project : closure_81	start : 18/01/15 13:57
Current failed test : com.google.javascript.jscomp.parsing.ParserTest::testUnnamedFunctionStatement | 18/01/15 13:58
Mon Jan 15 14:07:46 AEDT 2018 com.google.javascript.jscomp.parsing.ParserRunner,107
Mon Jan 15 14:09:24 AEDT 2018 com.google.javascript.jscomp.parsing.ParserRunner,108
Mon Jan 15 14:09:28 AEDT 2018 com.google.javascript.rhino.jstype.JSTypeRegistry,189
Mon Jan 15 14:09:54 AEDT 2018 Mon Jan 15 14:09:54 AEDT 2018 : com.google.javascript.rhino.jstype.JSTypeRegistry,190=>Find no block
Mon Jan 15 14:09:58 AEDT 2018 com.google.javascript.jscomp.parsing.TypeSafeDispatcher,198
Mon Jan 15 14:14:08 AEDT 2018 com.google.javascript.jscomp.parsing.IRFactory,467
Mon Jan 15 14:24:07 AEDT 2018 com.google.javascript.jscomp.parsing.IRFactory,468
Mon Jan 15 14:24:10 AEDT 2018 com.google.javascript.rhino.jstype.PrototypeObjectType,127
Mon Jan 15 14:43:18 AEDT 2018 com.google.javascript.rhino.jstype.PrototypeObjectType,128
Mon Jan 15 14:43:21 AEDT 2018 com.google.javascript.rhino.jstype.PrototypeObjectType,129
Mon Jan 15 14:43:25 AEDT 2018 com.google.javascript.rhino.jstype.PrototypeObjectType,131
Mon Jan 15 14:43:29 AEDT 2018 com.google.javascript.rhino.jstype.PrototypeObjectType,132
Mon Jan 15 14:43:30 AEDT 2018 com.google.javascript.rhino.jstype.PrototypeObjectType,133
Mon Jan 15 14:43:32 AEDT 2018 com.google.javascript.rhino.jstype.PrototypeObjectType,134
Mon Jan 15 14:43:37 AEDT 2018 Mon Jan 15 14:43:37 AEDT 2018 : com.google.javascript.rhino.jstype.PrototypeObjectType,136=>Find no block
Mon Jan 15 14:43:41 AEDT 2018 com.google.javascript.rhino.jstype.PrototypeObjectType,137
Mon Jan 15 14:43:42 AEDT 2018 com.google.javascript.jscomp.parsing.IRFactory,517
Mon Jan 15 14:44:38 AEDT 2018 com.google.javascript.jscomp.parsing.IRFactory,518
Mon Jan 15 14:44:42 AEDT 2018 com.google.javascript.jscomp.parsing.IRFactory,519
Mon Jan 15 14:44:46 AEDT 2018 com.google.javascript.jscomp.parsing.IRFactory,526
Mon Jan 15 14:47:36 AEDT 2018 com.google.javascript.jscomp.parsing.IRFactory,530
Mon Jan 15 14:47:40 AEDT 2018 com.google.javascript.jscomp.parsing.IRFactory,532
Mon Jan 15 14:47:44 AEDT 2018 com.google.javascript.jscomp.parsing.IRFactory,547
Mon Jan 15 14:50:07 AEDT 2018 com.google.javascript.rhino.Node,1148
Mon Jan 15 14:57:02 AEDT 2018 com.google.javascript.rhino.jstype.PrototypeObjectType,149
Mon Jan 15 15:08:52 AEDT 2018 com.google.javascript.rhino.jstype.PrototypeObjectType,145
Mon Jan 15 15:08:55 AEDT 2018 com.google.javascript.rhino.jstype.PrototypeObjectType,146
Mon Jan 15 15:08:58 AEDT 2018 com.google.javascript.rhino.jstype.PrototypeObjectType,142
Mon Jan 15 15:09:02 AEDT 2018 com.google.javascript.jscomp.parsing.TypeSafeDispatcher,229
Mon Jan 15 15:12:19 AEDT 2018 com.google.javascript.jscomp.parsing.IRFactory,215
Mon Jan 15 17:27:33 AEDT 2018 com.google.javascript.jscomp.parsing.IRFactory,216
Mon Jan 15 17:27:36 AEDT 2018 com.google.javascript.jscomp.parsing.IRFactory,514
Mon Jan 15 17:32:39 AEDT 2018 com.google.javascript.jscomp.parsing.IRFactory,515
Mon Jan 15 17:32:44 AEDT 2018 com.google.javascript.jscomp.parsing.IRFactory,516
Mon Jan 15 17:32:48 AEDT 2018 com.google.javascript.jscomp.parsing.IRFactory,521
Mon Jan 15 17:52:04 AEDT 2018 com.google.javascript.jscomp.parsing.IRFactory,522
Mon Jan 15 18:23:44 AEDT 2018 com.google.javascript.jscomp.parsing.IRFactory,523
Mon Jan 15 18:23:48 AEDT 2018 com.google.javascript.jscomp.parsing.IRFactory,535
Timeout time : 18/01/15 19:07
