=================================================
Project : closure_83	start : 18/01/15 19:13
Current failed test : com.google.javascript.jscomp.CommandLineRunnerTest::testVersionFlag2 | 18/01/15 19:14
Mon Jan 15 19:18:39 AEDT 2018 Mon Jan 15 19:18:39 AEDT 2018 : com.google.javascript.jscomp.CommandLineRunner,432=>Find no block
Mon Jan 15 19:18:43 AEDT 2018 com.google.javascript.jscomp.CommandLineRunner,433
Mon Jan 15 19:38:50 AEDT 2018 com.google.javascript.jscomp.CommandLineRunner,434
Mon Jan 15 19:38:52 AEDT 2018 com.google.javascript.jscomp.CommandLineRunner,355
Mon Jan 15 19:38:59 AEDT 2018 com.google.javascript.jscomp.CommandLineRunner,447
Mon Jan 15 19:41:18 AEDT 2018 com.google.javascript.jscomp.CommandLineRunner,448
Mon Jan 15 19:41:20 AEDT 2018 com.google.javascript.jscomp.CommandLineRunner,334
Mon Jan 15 19:58:09 AEDT 2018 com.google.javascript.jscomp.CommandLineRunner,329
Mon Jan 15 19:58:12 AEDT 2018 Mon Jan 15 19:58:12 AEDT 2018 : com.google.javascript.jscomp.CommandLineRunner,330=>Find no block
Mon Jan 15 19:58:12 AEDT 2018 Mon Jan 15 19:58:12 AEDT 2018 : com.google.javascript.jscomp.CommandLineRunner,83=>Find no block
Mon Jan 15 19:58:13 AEDT 2018 Mon Jan 15 19:58:13 AEDT 2018 : com.google.javascript.jscomp.CommandLineRunner,84=>Find no block
Mon Jan 15 19:58:14 AEDT 2018 Mon Jan 15 19:58:14 AEDT 2018 : com.google.javascript.jscomp.CommandLineRunner,89=>Find no block
Mon Jan 15 19:58:15 AEDT 2018 Mon Jan 15 19:58:15 AEDT 2018 : com.google.javascript.jscomp.CommandLineRunner,94=>Find no block
Mon Jan 15 19:58:15 AEDT 2018 Mon Jan 15 19:58:15 AEDT 2018 : com.google.javascript.jscomp.CommandLineRunner,100=>Find no block
Mon Jan 15 19:58:16 AEDT 2018 Mon Jan 15 19:58:16 AEDT 2018 : com.google.javascript.jscomp.CommandLineRunner,106=>Find no block
Mon Jan 15 19:58:17 AEDT 2018 Mon Jan 15 19:58:17 AEDT 2018 : com.google.javascript.jscomp.CommandLineRunner,112=>Find no block
Mon Jan 15 19:58:17 AEDT 2018 Mon Jan 15 19:58:17 AEDT 2018 : com.google.javascript.jscomp.CommandLineRunner,119=>Find no block
Mon Jan 15 19:58:18 AEDT 2018 Mon Jan 15 19:58:18 AEDT 2018 : com.google.javascript.jscomp.CommandLineRunner,125=>Find no block
Mon Jan 15 19:58:18 AEDT 2018 Mon Jan 15 19:58:18 AEDT 2018 : com.google.javascript.jscomp.CommandLineRunner,130=>Find no block
Mon Jan 15 19:58:19 AEDT 2018 Mon Jan 15 19:58:19 AEDT 2018 : com.google.javascript.jscomp.CommandLineRunner,134=>Find no block
Mon Jan 15 19:58:20 AEDT 2018 Mon Jan 15 19:58:20 AEDT 2018 : com.google.javascript.jscomp.CommandLineRunner,139=>Find no block
Mon Jan 15 19:58:21 AEDT 2018 Mon Jan 15 19:58:21 AEDT 2018 : com.google.javascript.jscomp.CommandLineRunner,148=>Find no block
Mon Jan 15 19:58:21 AEDT 2018 Mon Jan 15 19:58:21 AEDT 2018 : com.google.javascript.jscomp.CommandLineRunner,153=>Find no block
Mon Jan 15 19:58:22 AEDT 2018 Mon Jan 15 19:58:22 AEDT 2018 : com.google.javascript.jscomp.CommandLineRunner,158=>Find no block
Mon Jan 15 19:58:23 AEDT 2018 Mon Jan 15 19:58:23 AEDT 2018 : com.google.javascript.jscomp.CommandLineRunner,163=>Find no block
Mon Jan 15 19:58:23 AEDT 2018 Mon Jan 15 19:58:23 AEDT 2018 : com.google.javascript.jscomp.CommandLineRunner,172=>Find no block
Mon Jan 15 19:58:24 AEDT 2018 Mon Jan 15 19:58:24 AEDT 2018 : com.google.javascript.jscomp.CommandLineRunner,177=>Find no block
Mon Jan 15 19:58:24 AEDT 2018 Mon Jan 15 19:58:24 AEDT 2018 : com.google.javascript.jscomp.CommandLineRunner,184=>Find no block
Mon Jan 15 19:58:25 AEDT 2018 Mon Jan 15 19:58:25 AEDT 2018 : com.google.javascript.jscomp.CommandLineRunner,192=>Find no block
Mon Jan 15 19:58:26 AEDT 2018 Mon Jan 15 19:58:26 AEDT 2018 : com.google.javascript.jscomp.CommandLineRunner,197=>Find no block
Mon Jan 15 19:58:26 AEDT 2018 Mon Jan 15 19:58:26 AEDT 2018 : com.google.javascript.jscomp.CommandLineRunner,202=>Find no block
Mon Jan 15 19:58:27 AEDT 2018 Mon Jan 15 19:58:27 AEDT 2018 : com.google.javascript.jscomp.CommandLineRunner,209=>Find no block
Mon Jan 15 19:58:28 AEDT 2018 Mon Jan 15 19:58:28 AEDT 2018 : com.google.javascript.jscomp.CommandLineRunner,215=>Find no block
Mon Jan 15 19:58:28 AEDT 2018 Mon Jan 15 19:58:28 AEDT 2018 : com.google.javascript.jscomp.CommandLineRunner,223=>Find no block
Mon Jan 15 19:58:29 AEDT 2018 Mon Jan 15 19:58:29 AEDT 2018 : com.google.javascript.jscomp.CommandLineRunner,228=>Find no block
Mon Jan 15 19:58:29 AEDT 2018 Mon Jan 15 19:58:29 AEDT 2018 : com.google.javascript.jscomp.CommandLineRunner,233=>Find no block
Mon Jan 15 19:58:30 AEDT 2018 Mon Jan 15 19:58:30 AEDT 2018 : com.google.javascript.jscomp.CommandLineRunner,238=>Find no block
Mon Jan 15 19:58:30 AEDT 2018 Mon Jan 15 19:58:30 AEDT 2018 : com.google.javascript.jscomp.CommandLineRunner,247=>Find no block
Mon Jan 15 19:58:31 AEDT 2018 Mon Jan 15 19:58:31 AEDT 2018 : com.google.javascript.jscomp.CommandLineRunner,252=>Find no block
Mon Jan 15 19:58:32 AEDT 2018 Mon Jan 15 19:58:32 AEDT 2018 : com.google.javascript.jscomp.CommandLineRunner,258=>Find no block
Mon Jan 15 19:58:32 AEDT 2018 Mon Jan 15 19:58:32 AEDT 2018 : com.google.javascript.jscomp.CommandLineRunner,263=>Find no block
Mon Jan 15 19:58:33 AEDT 2018 Mon Jan 15 19:58:33 AEDT 2018 : com.google.javascript.jscomp.CommandLineRunner,268=>Find no block
Mon Jan 15 19:58:33 AEDT 2018 Mon Jan 15 19:58:33 AEDT 2018 : com.google.javascript.jscomp.CommandLineRunner,273=>Find no block
Mon Jan 15 19:58:34 AEDT 2018 Mon Jan 15 19:58:34 AEDT 2018 : com.google.javascript.jscomp.CommandLineRunner,279=>Find no block
Mon Jan 15 19:58:34 AEDT 2018 Mon Jan 15 19:58:34 AEDT 2018 : com.google.javascript.jscomp.CommandLineRunner,285=>Find no block
Mon Jan 15 19:58:35 AEDT 2018 Mon Jan 15 19:58:35 AEDT 2018 : com.google.javascript.jscomp.CommandLineRunner,294=>Find no block
Mon Jan 15 19:58:35 AEDT 2018 Mon Jan 15 19:58:35 AEDT 2018 : com.google.javascript.jscomp.CommandLineRunner,304=>Find no block
Mon Jan 15 19:58:36 AEDT 2018 Mon Jan 15 19:58:36 AEDT 2018 : com.google.javascript.jscomp.CommandLineRunner,313=>Find no block
Mon Jan 15 19:58:36 AEDT 2018 Mon Jan 15 19:58:36 AEDT 2018 : com.google.javascript.jscomp.CommandLineRunner,320=>Find no block
Mon Jan 15 19:58:37 AEDT 2018 Mon Jan 15 19:58:37 AEDT 2018 : com.google.javascript.jscomp.CommandLineRunner,382=>Find no block
Mon Jan 15 19:58:37 AEDT 2018 Mon Jan 15 19:58:37 AEDT 2018 : com.google.javascript.jscomp.CommandLineRunner,387=>Find no block
Mon Jan 15 19:58:38 AEDT 2018 com.google.javascript.jscomp.CommandLineRunner,400
Mon Jan 15 20:00:03 AEDT 2018 com.google.javascript.jscomp.CommandLineRunner,401
Mon Jan 15 20:00:04 AEDT 2018 Mon Jan 15 20:00:04 AEDT 2018 : com.google.javascript.jscomp.CommandLineRunner,402=>Find no block
Mon Jan 15 20:00:05 AEDT 2018 com.google.javascript.jscomp.CommandLineRunner,408
Mon Jan 15 20:07:52 AEDT 2018 com.google.javascript.jscomp.CommandLineRunner,409
Mon Jan 15 20:07:53 AEDT 2018 com.google.javascript.jscomp.CommandLineRunner,410
Mon Jan 15 20:07:54 AEDT 2018 com.google.javascript.jscomp.CommandLineRunner,411
Mon Jan 15 20:37:14 AEDT 2018 com.google.javascript.jscomp.CommandLineRunner,412
Mon Jan 15 20:37:18 AEDT 2018 com.google.javascript.jscomp.CommandLineRunner,413
Mon Jan 15 20:37:19 AEDT 2018 com.google.javascript.jscomp.CommandLineRunner,424
Mon Jan 15 20:37:20 AEDT 2018 com.google.javascript.jscomp.CommandLineRunner,428
Mon Jan 15 20:40:46 AEDT 2018 com.google.javascript.jscomp.CommandLineRunner,429
Mon Jan 15 20:40:48 AEDT 2018 com.google.javascript.jscomp.CommandLineRunner,431
Mon Jan 15 20:40:51 AEDT 2018 com.google.javascript.jscomp.CommandLineRunner,437
Mon Jan 15 20:51:19 AEDT 2018 com.google.javascript.jscomp.CommandLineRunner,446
Mon Jan 15 20:51:20 AEDT 2018 Mon Jan 15 20:51:20 AEDT 2018 : com.google.javascript.jscomp.CommandLineRunner,484=>Find no block
Mon Jan 15 20:51:20 AEDT 2018 com.google.javascript.jscomp.CommandLineRunner,610
Mon Jan 15 20:51:24 AEDT 2018 Mon Jan 15 20:51:24 AEDT 2018 : com.google.javascript.jscomp.AbstractCommandLineRunner,113=>Find no block
Mon Jan 15 20:51:24 AEDT 2018 Mon Jan 15 20:51:24 AEDT 2018 : com.google.javascript.jscomp.AbstractCommandLineRunner,98=>Find no block
Mon Jan 15 20:51:25 AEDT 2018 Mon Jan 15 20:51:25 AEDT 2018 : com.google.javascript.jscomp.AbstractCommandLineRunner,99=>Find no block
Mon Jan 15 20:51:26 AEDT 2018 Mon Jan 15 20:51:26 AEDT 2018 : com.google.javascript.jscomp.AbstractCommandLineRunner,100=>Find no block
Mon Jan 15 20:51:27 AEDT 2018 Mon Jan 15 20:51:27 AEDT 2018 : com.google.javascript.jscomp.AbstractCommandLineRunner,101=>Find no block
Mon Jan 15 20:51:27 AEDT 2018 Mon Jan 15 20:51:27 AEDT 2018 : com.google.javascript.jscomp.AbstractCommandLineRunner,102=>Find no block
Mon Jan 15 20:51:28 AEDT 2018 Mon Jan 15 20:51:28 AEDT 2018 : com.google.javascript.jscomp.AbstractCommandLineRunner,107=>Find no block
Mon Jan 15 20:51:30 AEDT 2018 com.google.javascript.jscomp.AbstractCommandLineRunner,114
Mon Jan 15 20:54:15 AEDT 2018 com.google.javascript.jscomp.AbstractCommandLineRunner,115
Mon Jan 15 20:54:16 AEDT 2018 com.google.javascript.jscomp.AbstractCommandLineRunner,116
Mon Jan 15 20:54:16 AEDT 2018 Mon Jan 15 20:54:16 AEDT 2018 : com.google.javascript.jscomp.AbstractCommandLineRunner,117=>Find no block
Mon Jan 15 20:54:17 AEDT 2018 Mon Jan 15 20:54:17 AEDT 2018 : com.google.javascript.jscomp.AbstractCommandLineRunner,1188=>Find no block
Mon Jan 15 20:54:18 AEDT 2018 Mon Jan 15 20:54:18 AEDT 2018 : com.google.javascript.jscomp.AbstractCommandLineRunner,1189=>Find no block
Mon Jan 15 20:54:19 AEDT 2018 Mon Jan 15 20:54:19 AEDT 2018 : com.google.javascript.jscomp.AbstractCommandLineRunner,1197=>Find no block
Mon Jan 15 20:54:19 AEDT 2018 Mon Jan 15 20:54:19 AEDT 2018 : com.google.javascript.jscomp.AbstractCommandLineRunner,1208=>Find no block
Mon Jan 15 20:54:20 AEDT 2018 Mon Jan 15 20:54:20 AEDT 2018 : com.google.javascript.jscomp.AbstractCommandLineRunner,1219=>Find no block
Mon Jan 15 20:54:20 AEDT 2018 Mon Jan 15 20:54:20 AEDT 2018 : com.google.javascript.jscomp.AbstractCommandLineRunner,1227=>Find no block
Mon Jan 15 20:54:21 AEDT 2018 Mon Jan 15 20:54:21 AEDT 2018 : com.google.javascript.jscomp.AbstractCommandLineRunner,1235=>Find no block
Mon Jan 15 20:54:22 AEDT 2018 Mon Jan 15 20:54:22 AEDT 2018 : com.google.javascript.jscomp.AbstractCommandLineRunner,1247=>Find no block
Mon Jan 15 20:54:22 AEDT 2018 Mon Jan 15 20:54:22 AEDT 2018 : com.google.javascript.jscomp.AbstractCommandLineRunner,1258=>Find no block
Mon Jan 15 20:54:23 AEDT 2018 Mon Jan 15 20:54:23 AEDT 2018 : com.google.javascript.jscomp.AbstractCommandLineRunner,1269=>Find no block
Mon Jan 15 20:54:24 AEDT 2018 Mon Jan 15 20:54:24 AEDT 2018 : com.google.javascript.jscomp.AbstractCommandLineRunner,1279=>Find no block
Mon Jan 15 20:54:24 AEDT 2018 Mon Jan 15 20:54:24 AEDT 2018 : com.google.javascript.jscomp.AbstractCommandLineRunner,1295=>Find no block
Mon Jan 15 20:54:25 AEDT 2018 Mon Jan 15 20:54:25 AEDT 2018 : com.google.javascript.jscomp.AbstractCommandLineRunner,1306=>Find no block
Mon Jan 15 20:54:26 AEDT 2018 Mon Jan 15 20:54:26 AEDT 2018 : com.google.javascript.jscomp.AbstractCommandLineRunner,1317=>Find no block
Mon Jan 15 20:54:26 AEDT 2018 Mon Jan 15 20:54:26 AEDT 2018 : com.google.javascript.jscomp.AbstractCommandLineRunner,1328=>Find no block
Mon Jan 15 20:54:27 AEDT 2018 Mon Jan 15 20:54:27 AEDT 2018 : com.google.javascript.jscomp.AbstractCommandLineRunner,1342=>Find no block
Mon Jan 15 20:54:27 AEDT 2018 Mon Jan 15 20:54:27 AEDT 2018 : com.google.javascript.jscomp.AbstractCommandLineRunner,1353=>Find no block
Mon Jan 15 20:54:28 AEDT 2018 Mon Jan 15 20:54:28 AEDT 2018 : com.google.javascript.jscomp.AbstractCommandLineRunner,1363=>Find no block
Mon Jan 15 20:54:28 AEDT 2018 Mon Jan 15 20:54:28 AEDT 2018 : com.google.javascript.jscomp.AbstractCommandLineRunner,1377=>Find no block
Mon Jan 15 20:54:29 AEDT 2018 Mon Jan 15 20:54:29 AEDT 2018 : com.google.javascript.jscomp.AbstractCommandLineRunner,1388=>Find no block
Mon Jan 15 20:54:30 AEDT 2018 Mon Jan 15 20:54:30 AEDT 2018 : com.google.javascript.jscomp.AbstractCommandLineRunner,1399=>Find no block
Mon Jan 15 20:54:31 AEDT 2018 Mon Jan 15 20:54:31 AEDT 2018 : com.google.javascript.jscomp.AbstractCommandLineRunner,1413=>Find no block
Mon Jan 15 20:54:32 AEDT 2018 Mon Jan 15 20:54:32 AEDT 2018 : com.google.javascript.jscomp.AbstractCommandLineRunner,1425=>Find no block
Mon Jan 15 20:54:32 AEDT 2018 Mon Jan 15 20:54:32 AEDT 2018 : com.google.javascript.jscomp.AbstractCommandLineRunner,1439=>Find no block
Mon Jan 15 20:54:33 AEDT 2018 Mon Jan 15 20:54:33 AEDT 2018 : com.google.javascript.jscomp.AbstractCommandLineRunner,1450=>Find no block
Mon Jan 15 20:54:34 AEDT 2018 Mon Jan 15 20:54:34 AEDT 2018 : com.google.javascript.jscomp.AbstractCommandLineRunner,1461=>Find no block
Mon Jan 15 20:54:34 AEDT 2018 Mon Jan 15 20:54:34 AEDT 2018 : com.google.javascript.jscomp.AbstractCommandLineRunner,1472=>Find no block
Mon Jan 15 20:54:35 AEDT 2018 Mon Jan 15 20:54:35 AEDT 2018 : com.google.javascript.jscomp.AbstractCommandLineRunner,1483=>Find no block
Mon Jan 15 20:54:35 AEDT 2018 Mon Jan 15 20:54:35 AEDT 2018 : com.google.javascript.jscomp.AbstractCommandLineRunner,1494=>Find no block
Mon Jan 15 20:54:36 AEDT 2018 Mon Jan 15 20:54:36 AEDT 2018 : com.google.javascript.jscomp.AbstractCommandLineRunner,1509=>Find no block
Mon Jan 15 20:54:36 AEDT 2018 Mon Jan 15 20:54:36 AEDT 2018 : com.google.javascript.jscomp.AbstractCommandLineRunner,1523=>Find no block
Mon Jan 15 20:54:37 AEDT 2018 Mon Jan 15 20:54:37 AEDT 2018 : com.google.javascript.jscomp.AbstractCommandLineRunner,1533=>Find no block
Mon Jan 15 20:54:37 AEDT 2018 Mon Jan 15 20:54:37 AEDT 2018 : com.google.javascript.jscomp.AbstractCommandLineRunner,1543=>Find no block
Mon Jan 15 20:54:38 AEDT 2018 Mon Jan 15 20:54:38 AEDT 2018 : com.google.javascript.jscomp.AbstractCommandLineRunner,1554=>Find no block
Mon Jan 15 20:54:39 AEDT 2018 Mon Jan 15 20:54:39 AEDT 2018 : com.google.javascript.jscomp.AbstractCommandLineRunner,1566=>Find no block
Mon Jan 15 20:54:40 AEDT 2018 Mon Jan 15 20:54:40 AEDT 2018 : com.google.javascript.jscomp.AbstractCommandLineRunner,1134=>Find no block
Mon Jan 15 20:54:40 AEDT 2018 Mon Jan 15 20:54:40 AEDT 2018 : com.google.javascript.jscomp.AbstractCommandLineRunner,1135=>Find no block
Mon Jan 15 20:54:41 AEDT 2018 Mon Jan 15 20:54:41 AEDT 2018 : com.google.javascript.jscomp.AbstractCommandLineRunner,1136=>Find no block
Mon Jan 15 20:54:42 AEDT 2018 Mon Jan 15 20:54:42 AEDT 2018 : com.google.javascript.jscomp.AbstractCommandLineRunner,1137=>Find no block
Mon Jan 15 20:54:43 AEDT 2018 Mon Jan 15 20:54:43 AEDT 2018 : com.google.javascript.jscomp.AbstractCommandLineRunner,1138=>Find no block
Mon Jan 15 20:54:44 AEDT 2018 Mon Jan 15 20:54:44 AEDT 2018 : com.google.javascript.jscomp.DefaultCodingConvention,32=>Find no block
Mon Jan 15 20:54:45 AEDT 2018 Mon Jan 15 20:54:45 AEDT 2018 : com.google.javascript.rhino.Node,1222=>Find no block
Mon Jan 15 20:54:46 AEDT 2018 com.google.javascript.rhino.Node,1223
Mon Jan 15 21:00:39 AEDT 2018 com.google.javascript.rhino.Node,1224
Mon Jan 15 21:00:40 AEDT 2018 com.google.javascript.rhino.Node,1225
Mon Jan 15 21:00:40 AEDT 2018 Mon Jan 15 21:00:40 AEDT 2018 : com.google.javascript.rhino.Node,1226=>Find no block
Mon Jan 15 21:00:41 AEDT 2018 com.google.javascript.rhino.Node,1229
Mon Jan 15 21:01:40 AEDT 2018 com.google.javascript.rhino.Node,1230
Mon Jan 15 21:01:40 AEDT 2018 com.google.javascript.rhino.Node,1231
Mon Jan 15 21:01:41 AEDT 2018 com.google.javascript.rhino.Node,1239
Mon Jan 15 21:01:42 AEDT 2018 com.google.javascript.rhino.Node,1244
Mon Jan 15 21:02:07 AEDT 2018 com.google.javascript.rhino.Node,1248
Mon Jan 15 21:05:51 AEDT 2018 com.google.javascript.rhino.Node,1249
Mon Jan 15 21:05:51 AEDT 2018 com.google.javascript.rhino.Node,1252
Mon Jan 15 21:09:05 AEDT 2018 com.google.javascript.rhino.Node,1254
Mon Jan 15 21:09:06 AEDT 2018 com.google.javascript.rhino.Node,1259
Mon Jan 15 21:09:10 AEDT 2018 Mon Jan 15 21:09:10 AEDT 2018 : com.google.javascript.rhino.Node,368=>Find no block
Mon Jan 15 21:09:10 AEDT 2018 com.google.javascript.rhino.Node,369
Mon Jan 15 21:47:35 AEDT 2018 com.google.javascript.rhino.Node,370
Mon Jan 15 21:47:35 AEDT 2018 com.google.javascript.rhino.Node,371
Mon Jan 15 21:47:36 AEDT 2018 Mon Jan 15 21:47:36 AEDT 2018 : com.google.javascript.rhino.Node,372=>Find no block
Mon Jan 15 21:47:36 AEDT 2018 Mon Jan 15 21:47:36 AEDT 2018 : com.google.javascript.rhino.Node,374=>Find no block
Mon Jan 15 21:47:37 AEDT 2018 com.google.javascript.rhino.Node,375
Timeout time : 18/01/16 00:18
