=================================================
Project : closure_93	start : 18/01/15 14:08
Current failed test : com.google.javascript.jscomp.ProcessClosurePrimitivesTest::testProvideInIndependentModules4 | 18/01/15 14:09
Mon Jan 15 14:14:23 AEDT 2018 Mon Jan 15 14:14:23 AEDT 2018 : com.google.javascript.rhino.Node,175=>Find no block
Mon Jan 15 14:14:27 AEDT 2018 com.google.javascript.rhino.Node,195
Mon Jan 15 14:15:00 AEDT 2018 com.google.javascript.rhino.Node,220
Mon Jan 15 14:15:30 AEDT 2018 com.google.javascript.rhino.Node,222
Mon Jan 15 14:15:53 AEDT 2018 com.google.javascript.rhino.Node,225
Mon Jan 15 14:16:00 AEDT 2018 com.google.javascript.rhino.Node,228
Mon Jan 15 14:16:20 AEDT 2018 com.google.javascript.rhino.Node,843
Mon Jan 15 15:17:38 AEDT 2018 com.google.javascript.rhino.Node,844
Mon Jan 15 15:17:42 AEDT 2018 com.google.javascript.rhino.Node,845
Mon Jan 15 15:17:47 AEDT 2018 com.google.javascript.rhino.Node,848
Mon Jan 15 15:17:51 AEDT 2018 com.google.javascript.rhino.Node,849
Mon Jan 15 15:17:55 AEDT 2018 com.google.javascript.rhino.Node,850
Mon Jan 15 15:18:00 AEDT 2018 com.google.javascript.rhino.Node,851
Mon Jan 15 15:18:07 AEDT 2018 com.google.javascript.rhino.Node,854
Mon Jan 15 15:18:12 AEDT 2018 com.google.javascript.rhino.Node,855
Mon Jan 15 15:18:16 AEDT 2018 com.google.javascript.rhino.Node,908
Mon Jan 15 15:18:30 AEDT 2018 com.google.javascript.rhino.Node,916
Mon Jan 15 15:23:58 AEDT 2018 com.google.javascript.rhino.Node,917
Mon Jan 15 15:24:02 AEDT 2018 com.google.javascript.rhino.Node,918
Mon Jan 15 15:24:07 AEDT 2018 com.google.javascript.rhino.Node,929
Mon Jan 15 17:33:00 AEDT 2018 com.google.javascript.rhino.Node,930
Mon Jan 15 17:33:02 AEDT 2018 com.google.javascript.rhino.Node,931
Mon Jan 15 17:33:42 AEDT 2018 com.google.javascript.rhino.Node,932
Mon Jan 15 17:33:47 AEDT 2018 com.google.javascript.rhino.Node,933
Mon Jan 15 17:33:51 AEDT 2018 com.google.javascript.rhino.Node,941
Mon Jan 15 17:33:54 AEDT 2018 com.google.javascript.rhino.Node,963
Mon Jan 15 17:33:54 AEDT 2018 com.google.javascript.rhino.Node,964
Mon Jan 15 17:33:55 AEDT 2018 com.google.javascript.rhino.Node,965
Mon Jan 15 17:33:59 AEDT 2018 com.google.javascript.rhino.Node,966
Mon Jan 15 17:34:02 AEDT 2018 com.google.javascript.rhino.Node,967
Mon Jan 15 17:34:04 AEDT 2018 com.google.javascript.rhino.Node,971
Mon Jan 15 17:34:04 AEDT 2018 com.google.javascript.rhino.Node,972
Mon Jan 15 17:34:10 AEDT 2018 com.google.javascript.rhino.Node,973
Mon Jan 15 17:34:10 AEDT 2018 com.google.javascript.rhino.Node,974
Mon Jan 15 18:15:30 AEDT 2018 com.google.javascript.rhino.Node,975
Mon Jan 15 18:15:34 AEDT 2018 com.google.javascript.rhino.Node,976
Mon Jan 15 18:35:36 AEDT 2018 com.google.javascript.rhino.Node,977
Mon Jan 15 18:52:29 AEDT 2018 com.google.javascript.rhino.Node,978
Mon Jan 15 19:11:59 AEDT 2018 Mon Jan 15 19:11:59 AEDT 2018 : com.google.javascript.rhino.Node,980=>Find no block
Mon Jan 15 19:12:04 AEDT 2018 com.google.javascript.rhino.Node,1016
Timeout time : 18/01/15 19:14
