=================================================
Project : closure_97	start : 18/01/16 00:26
Current failed test : com.google.javascript.jscomp.PeepholeFoldConstantsTest::testFoldBitShifts | 18/01/16 00:27
Tue Jan 16 00:32:40 AEDT 2018 com.google.javascript.rhino.Node,202
Tue Jan 16 00:33:02 AEDT 2018 com.google.javascript.rhino.Node,227
Tue Jan 16 00:33:22 AEDT 2018 com.google.javascript.rhino.Node,939
Tue Jan 16 00:34:22 AEDT 2018 com.google.javascript.rhino.Node,940
Tue Jan 16 00:34:24 AEDT 2018 com.google.javascript.rhino.Node,1028
Tue Jan 16 00:37:57 AEDT 2018 com.google.javascript.rhino.Node,1051
Tue Jan 16 00:38:07 AEDT 2018 com.google.javascript.rhino.Node,1056
Tue Jan 16 00:38:44 AEDT 2018 com.google.javascript.rhino.Node,1057
Tue Jan 16 00:38:50 AEDT 2018 com.google.javascript.rhino.Node,1058
Tue Jan 16 00:38:54 AEDT 2018 com.google.javascript.rhino.Node,1065
Tue Jan 16 00:39:03 AEDT 2018 Tue Jan 16 00:39:03 AEDT 2018 : com.google.javascript.rhino.Node,1066=>Find no block
Tue Jan 16 00:39:07 AEDT 2018 com.google.javascript.rhino.Node,1071
Tue Jan 16 01:00:19 AEDT 2018 com.google.javascript.rhino.Node,1072
Tue Jan 16 01:00:23 AEDT 2018 com.google.javascript.rhino.Node,1074
Tue Jan 16 02:40:32 AEDT 2018 com.google.javascript.rhino.Node,1075
Tue Jan 16 02:40:37 AEDT 2018 Tue Jan 16 02:40:37 AEDT 2018 : com.google.javascript.rhino.Node,1076=>Find no block
Tue Jan 16 02:40:40 AEDT 2018 com.google.javascript.rhino.Node,1077
Tue Jan 16 02:40:43 AEDT 2018 com.google.javascript.rhino.Node,1079
Tue Jan 16 02:40:44 AEDT 2018 Tue Jan 16 02:40:44 AEDT 2018 : com.google.javascript.rhino.Node,1078=>Find no block
Tue Jan 16 02:40:46 AEDT 2018 Tue Jan 16 02:40:46 AEDT 2018 : com.google.javascript.rhino.Node,1082=>Find no block
Tue Jan 16 02:40:48 AEDT 2018 com.google.javascript.rhino.Node,1377
Tue Jan 16 02:40:55 AEDT 2018 com.google.javascript.rhino.Token,364
Tue Jan 16 02:41:10 AEDT 2018 com.google.javascript.rhino.Token,402
Tue Jan 16 02:41:30 AEDT 2018 com.google.javascript.rhino.Token,407
Tue Jan 16 02:41:48 AEDT 2018 com.google.javascript.rhino.Token,409
Tue Jan 16 02:42:07 AEDT 2018 com.google.javascript.jscomp.PeepholeFoldConstants,698
Tue Jan 16 02:45:35 AEDT 2018 com.google.javascript.jscomp.PeepholeFoldConstants,699
Tue Jan 16 02:47:18 AEDT 2018 com.google.javascript.jscomp.parsing.IRFactory,935
Tue Jan 16 02:47:40 AEDT 2018 com.google.javascript.rhino.Token,315
Tue Jan 16 02:47:58 AEDT 2018 com.google.javascript.jscomp.PeepholeFoldConstants,123
Tue Jan 16 02:55:13 AEDT 2018 com.google.javascript.jscomp.PeepholeFoldConstants,653
Tue Jan 16 04:10:15 AEDT 2018 com.google.javascript.jscomp.PeepholeFoldConstants,657
Tue Jan 16 04:14:45 AEDT 2018 com.google.javascript.jscomp.PeepholeFoldConstants,658
Tue Jan 16 04:25:04 AEDT 2018 com.google.javascript.jscomp.PeepholeFoldConstants,662
Tue Jan 16 04:25:05 AEDT 2018 com.google.javascript.jscomp.PeepholeFoldConstants,669
Tue Jan 16 04:25:05 AEDT 2018 com.google.javascript.jscomp.PeepholeFoldConstants,675
Tue Jan 16 05:19:16 AEDT 2018 com.google.javascript.jscomp.PeepholeFoldConstants,676
Tue Jan 16 05:19:16 AEDT 2018 com.google.javascript.jscomp.PeepholeFoldConstants,681
Timeout time : 18/01/16 05:32
