=================================================
Project : lang_13	start : 18/01/15 16:57
Current failed test : org.apache.commons.lang3.SerializationUtilsTest::testPrimitiveTypeClassSerialization | 18/01/15 16:58
Mon Jan 15 16:59:13 AEDT 2018 Mon Jan 15 16:59:13 AEDT 2018 : org.apache.commons.lang3.SerializationUtils,267=>Find no block
Mon Jan 15 16:59:14 AEDT 2018 org.apache.commons.lang3.SerializationUtils,268
Mon Jan 15 16:59:29 AEDT 2018 Mon Jan 15 16:59:29 AEDT 2018 : org.apache.commons.lang3.SerializationUtils,98=>Find no block
Mon Jan 15 16:59:31 AEDT 2018 org.apache.commons.lang3.SerializationUtils,99
Mon Jan 15 16:59:32 AEDT 2018 Mon Jan 15 16:59:32 AEDT 2018 : org.apache.commons.lang3.SerializationUtils,103=>Find no block
Mon Jan 15 16:59:33 AEDT 2018 org.apache.commons.lang3.SerializationException,75
Mon Jan 15 17:00:15 AEDT 2018 Mon Jan 15 17:00:15 AEDT 2018 : org.apache.commons.lang3.SerializationException,76=>Find no block
Mon Jan 15 17:00:17 AEDT 2018 org.apache.commons.lang3.SerializationUtils,249
Mon Jan 15 17:00:20 AEDT 2018 org.apache.commons.lang3.SerializationUtils,250
Mon Jan 15 17:00:22 AEDT 2018 Mon Jan 15 17:00:22 AEDT 2018 : org.apache.commons.lang3.SerializationUtils,252=>Find no block
Mon Jan 15 17:00:23 AEDT 2018 org.apache.commons.lang3.SerializationUtils,264
Mon Jan 15 17:00:24 AEDT 2018 org.apache.commons.lang3.SerializationUtils,266
Mon Jan 15 17:00:26 AEDT 2018 org.apache.commons.lang3.SerializationUtils,83
Mon Jan 15 17:01:12 AEDT 2018 org.apache.commons.lang3.SerializationUtils,85
Mon Jan 15 17:01:14 AEDT 2018 org.apache.commons.lang3.SerializationUtils,88
Mon Jan 15 17:01:40 AEDT 2018 Mon Jan 15 17:01:40 AEDT 2018 : org.apache.commons.lang3.SerializationUtils,95=>Find no block
Mon Jan 15 17:01:41 AEDT 2018 org.apache.commons.lang3.SerializationUtils,82
Mon Jan 15 17:02:45 AEDT 2018 org.apache.commons.lang3.SerializationUtils,79
Mon Jan 15 17:02:59 AEDT 2018 org.apache.commons.lang3.SerializationUtils,164
Mon Jan 15 17:04:16 AEDT 2018 org.apache.commons.lang3.SerializationUtils,144
Mon Jan 15 17:04:21 AEDT 2018 org.apache.commons.lang3.SerializationUtils,145
Mon Jan 15 17:04:23 AEDT 2018 Mon Jan 15 17:04:23 AEDT 2018 : org.apache.commons.lang3.SerializationUtils,149=>Find no block
Mon Jan 15 17:04:24 AEDT 2018 Mon Jan 15 17:04:24 AEDT 2018 : org.apache.commons.lang3.SerializationUtils,151=>Find no block
Mon Jan 15 17:04:26 AEDT 2018 org.apache.commons.lang3.SerializationUtils,162
Mon Jan 15 17:04:27 AEDT 2018 org.apache.commons.lang3.SerializationUtils,163
Mon Jan 15 17:04:29 AEDT 2018 org.apache.commons.lang3.SerializationUtils,138
Mon Jan 15 17:05:02 AEDT 2018 org.apache.commons.lang3.SerializationUtils,134
Mon Jan 15 17:05:06 AEDT 2018 org.apache.commons.lang3.SerializationUtils,137
Mon Jan 15 17:05:07 AEDT 2018 org.apache.commons.lang3.SerializationUtils,131
Mon Jan 15 17:05:11 AEDT 2018 org.apache.commons.lang3.SerializationException,42
Mon Jan 15 17:05:16 AEDT 2018 Mon Jan 15 17:05:16 AEDT 2018 : org.apache.commons.lang3.SerializationException,43=>Find no block
Mon Jan 15 17:05:17 AEDT 2018 org.apache.commons.lang3.SerializationException,52
Mon Jan 15 17:05:21 AEDT 2018 Mon Jan 15 17:05:21 AEDT 2018 : org.apache.commons.lang3.SerializationException,53=>Find no block
Mon Jan 15 17:05:23 AEDT 2018 org.apache.commons.lang3.SerializationException,63
Mon Jan 15 17:05:26 AEDT 2018 Mon Jan 15 17:05:26 AEDT 2018 : org.apache.commons.lang3.SerializationException,64=>Find no block
Mon Jan 15 17:05:28 AEDT 2018 org.apache.commons.lang3.SerializationUtils,59
Mon Jan 15 17:05:29 AEDT 2018 Mon Jan 15 17:05:29 AEDT 2018 : org.apache.commons.lang3.SerializationUtils,60=>Find no block
Mon Jan 15 17:05:31 AEDT 2018 org.apache.commons.lang3.SerializationUtils,80
Mon Jan 15 17:05:32 AEDT 2018 org.apache.commons.lang3.SerializationUtils,96
Mon Jan 15 17:05:34 AEDT 2018 org.apache.commons.lang3.SerializationUtils,104
Mon Jan 15 17:05:38 AEDT 2018 org.apache.commons.lang3.SerializationUtils,105
Mon Jan 15 17:05:39 AEDT 2018 Mon Jan 15 17:05:39 AEDT 2018 : org.apache.commons.lang3.SerializationUtils,109=>Find no block
Mon Jan 15 17:05:41 AEDT 2018 Mon Jan 15 17:05:41 AEDT 2018 : org.apache.commons.lang3.SerializationUtils,107=>Find no block
Mon Jan 15 17:05:42 AEDT 2018 org.apache.commons.lang3.SerializationUtils,108
Mon Jan 15 17:05:46 AEDT 2018 Mon Jan 15 17:05:46 AEDT 2018 : org.apache.commons.lang3.SerializationUtils,100=>Find no block
Mon Jan 15 17:05:48 AEDT 2018 org.apache.commons.lang3.SerializationUtils,101
Mon Jan 15 17:05:50 AEDT 2018 org.apache.commons.lang3.SerializationUtils,132
Mon Jan 15 17:05:51 AEDT 2018 Mon Jan 15 17:05:51 AEDT 2018 : org.apache.commons.lang3.SerializationUtils,147=>Find no block
Mon Jan 15 17:05:53 AEDT 2018 Mon Jan 15 17:05:53 AEDT 2018 : org.apache.commons.lang3.SerializationUtils,150=>Find no block
Mon Jan 15 17:05:54 AEDT 2018 Mon Jan 15 17:05:54 AEDT 2018 : org.apache.commons.lang3.SerializationUtils,140=>Find no block
Mon Jan 15 17:05:56 AEDT 2018 org.apache.commons.lang3.SerializationUtils,141
Mon Jan 15 17:07:21 AEDT 2018 Mon Jan 15 17:07:21 AEDT 2018 : org.apache.commons.lang3.SerializationUtils,143=>Find no block
Mon Jan 15 17:07:23 AEDT 2018 org.apache.commons.lang3.SerializationUtils,185
Mon Jan 15 17:07:26 AEDT 2018 org.apache.commons.lang3.SerializationUtils,186
Mon Jan 15 17:07:28 AEDT 2018 org.apache.commons.lang3.SerializationUtils,188
Mon Jan 15 17:07:32 AEDT 2018 org.apache.commons.lang3.SerializationUtils,191
Mon Jan 15 17:07:36 AEDT 2018 org.apache.commons.lang3.SerializationUtils,192
Mon Jan 15 17:07:37 AEDT 2018 org.apache.commons.lang3.SerializationUtils,200
Mon Jan 15 17:07:39 AEDT 2018 org.apache.commons.lang3.SerializationUtils,201
Mon Jan 15 17:07:41 AEDT 2018 Mon Jan 15 17:07:41 AEDT 2018 : org.apache.commons.lang3.SerializationUtils,205=>Find no block
Mon Jan 15 17:07:42 AEDT 2018 Mon Jan 15 17:07:42 AEDT 2018 : org.apache.commons.lang3.SerializationUtils,203=>Find no block
Mon Jan 15 17:07:44 AEDT 2018 Mon Jan 15 17:07:44 AEDT 2018 : org.apache.commons.lang3.SerializationUtils,194=>Find no block
Mon Jan 15 17:07:45 AEDT 2018 org.apache.commons.lang3.SerializationUtils,195
Mon Jan 15 17:07:46 AEDT 2018 Mon Jan 15 17:07:46 AEDT 2018 : org.apache.commons.lang3.SerializationUtils,196=>Find no block
Mon Jan 15 17:07:48 AEDT 2018 org.apache.commons.lang3.SerializationUtils,197
Mon Jan 15 17:07:49 AEDT 2018 Mon Jan 15 17:07:49 AEDT 2018 : org.apache.commons.lang3.SerializationUtils,199=>Find no block
Mon Jan 15 17:07:51 AEDT 2018 org.apache.commons.lang3.SerializationUtils,218
Mon Jan 15 17:07:55 AEDT 2018 org.apache.commons.lang3.SerializationUtils,219
Mon Jan 15 17:07:56 AEDT 2018 org.apache.commons.lang3.SerializationUtils,221
Mon Jan 15 17:08:47 AEDT 2018 org.apache.commons.lang3.SerializationUtils,222
Failed time : 18/01/15 17:08
