=================================================
Project : lang_31	start : 18/01/15 22:04
Current failed test : org.apache.commons.lang3.StringUtilsEqualsIndexOfTest::testContainsAnyCharArrayWithSupplementaryChars | 18/01/15 22:05
Mon Jan 15 22:05:51 AEDT 2018 org.apache.commons.lang3.StringUtils,1441
Mon Jan 15 22:07:20 AEDT 2018 org.apache.commons.lang3.StringUtils,1444
Mon Jan 15 22:20:23 AEDT 2018 org.apache.commons.lang3.StringUtils,1445
Mon Jan 15 22:40:52 AEDT 2018 org.apache.commons.lang3.StringUtils,1446
Mon Jan 15 22:40:52 AEDT 2018 org.apache.commons.lang3.StringUtils,1447
Mon Jan 15 22:40:52 AEDT 2018 org.apache.commons.lang3.StringUtils,1448
Mon Jan 15 22:40:53 AEDT 2018 org.apache.commons.lang3.StringUtils,1449
Mon Jan 15 22:40:53 AEDT 2018 org.apache.commons.lang3.StringUtils,1452
Mon Jan 15 22:40:53 AEDT 2018 org.apache.commons.lang3.StringUtils,1487
Mon Jan 15 22:40:54 AEDT 2018 org.apache.commons.lang3.StringUtils,1490
Mon Jan 15 22:42:00 AEDT 2018 org.apache.commons.lang3.ArrayUtils,3279
Mon Jan 15 22:44:52 AEDT 2018 org.apache.commons.lang3.ArrayUtils,3282
Mon Jan 15 22:48:12 AEDT 2018 org.apache.commons.lang3.StringUtils,194
Mon Jan 15 22:48:14 AEDT 2018 org.apache.commons.lang3.ArrayUtils,145
Mon Jan 15 22:48:14 AEDT 2018 Mon Jan 15 22:48:14 AEDT 2018 : org.apache.commons.lang3.ArrayUtils,146=>Find no block
Mon Jan 15 22:48:14 AEDT 2018 org.apache.commons.lang3.ArrayUtils,162
Mon Jan 15 22:48:53 AEDT 2018 org.apache.commons.lang3.ArrayUtils,178
Mon Jan 15 22:50:10 AEDT 2018 org.apache.commons.lang3.ArrayUtils,179
Mon Jan 15 22:50:10 AEDT 2018 org.apache.commons.lang3.ArrayUtils,181
Mon Jan 15 22:52:15 AEDT 2018 org.apache.commons.lang3.ArrayUtils,195
Mon Jan 15 22:52:16 AEDT 2018 org.apache.commons.lang3.ArrayUtils,226
Mon Jan 15 22:52:39 AEDT 2018 org.apache.commons.lang3.ArrayUtils,227
Mon Jan 15 22:52:40 AEDT 2018 org.apache.commons.lang3.ArrayUtils,229
Mon Jan 15 22:53:46 AEDT 2018 org.apache.commons.lang3.ArrayUtils,230
Mon Jan 15 23:04:42 AEDT 2018 org.apache.commons.lang3.ArrayUtils,231
Mon Jan 15 23:04:44 AEDT 2018 org.apache.commons.lang3.ArrayUtils,232
Mon Jan 15 23:04:44 AEDT 2018 org.apache.commons.lang3.ArrayUtils,233
Mon Jan 15 23:04:45 AEDT 2018 org.apache.commons.lang3.ArrayUtils,234
Mon Jan 15 23:04:45 AEDT 2018 org.apache.commons.lang3.ArrayUtils,235
Mon Jan 15 23:04:45 AEDT 2018 org.apache.commons.lang3.ArrayUtils,236
Mon Jan 15 23:04:45 AEDT 2018 org.apache.commons.lang3.ArrayUtils,237
Mon Jan 15 23:04:45 AEDT 2018 org.apache.commons.lang3.ArrayUtils,238
Mon Jan 15 23:04:45 AEDT 2018 org.apache.commons.lang3.ArrayUtils,242
Mon Jan 15 23:04:46 AEDT 2018 Mon Jan 15 23:04:46 AEDT 2018 : org.apache.commons.lang3.ArrayUtils,243=>Find no block
Mon Jan 15 23:04:46 AEDT 2018 org.apache.commons.lang3.ArrayUtils,244
Mon Jan 15 23:04:46 AEDT 2018 org.apache.commons.lang3.ArrayUtils,249
Mon Jan 15 23:09:00 AEDT 2018 org.apache.commons.lang3.ArrayUtils,294
Mon Jan 15 23:09:01 AEDT 2018 org.apache.commons.lang3.ArrayUtils,312
Mon Jan 15 23:09:01 AEDT 2018 org.apache.commons.lang3.ArrayUtils,313
Mon Jan 15 23:09:01 AEDT 2018 org.apache.commons.lang3.ArrayUtils,315
Mon Jan 15 23:09:43 AEDT 2018 org.apache.commons.lang3.ArrayUtils,328
Mon Jan 15 23:09:43 AEDT 2018 org.apache.commons.lang3.ArrayUtils,329
Mon Jan 15 23:09:43 AEDT 2018 org.apache.commons.lang3.ArrayUtils,331
Mon Jan 15 23:09:43 AEDT 2018 org.apache.commons.lang3.ArrayUtils,344
Mon Jan 15 23:09:43 AEDT 2018 org.apache.commons.lang3.ArrayUtils,345
Mon Jan 15 23:09:44 AEDT 2018 org.apache.commons.lang3.ArrayUtils,347
Mon Jan 15 23:09:44 AEDT 2018 org.apache.commons.lang3.ArrayUtils,360
Mon Jan 15 23:09:44 AEDT 2018 org.apache.commons.lang3.ArrayUtils,361
Mon Jan 15 23:09:45 AEDT 2018 org.apache.commons.lang3.ArrayUtils,363
Mon Jan 15 23:09:45 AEDT 2018 org.apache.commons.lang3.ArrayUtils,376
Mon Jan 15 23:09:45 AEDT 2018 org.apache.commons.lang3.ArrayUtils,377
Mon Jan 15 23:09:45 AEDT 2018 org.apache.commons.lang3.ArrayUtils,379
Mon Jan 15 23:09:45 AEDT 2018 org.apache.commons.lang3.ArrayUtils,392
Mon Jan 15 23:09:45 AEDT 2018 org.apache.commons.lang3.ArrayUtils,393
Mon Jan 15 23:09:46 AEDT 2018 org.apache.commons.lang3.ArrayUtils,395
Mon Jan 15 23:09:46 AEDT 2018 org.apache.commons.lang3.ArrayUtils,408
Mon Jan 15 23:09:46 AEDT 2018 org.apache.commons.lang3.ArrayUtils,409
Mon Jan 15 23:09:46 AEDT 2018 org.apache.commons.lang3.ArrayUtils,411
Mon Jan 15 23:09:46 AEDT 2018 org.apache.commons.lang3.ArrayUtils,424
Mon Jan 15 23:09:47 AEDT 2018 org.apache.commons.lang3.ArrayUtils,425
Mon Jan 15 23:09:47 AEDT 2018 org.apache.commons.lang3.ArrayUtils,427
Mon Jan 15 23:09:47 AEDT 2018 org.apache.commons.lang3.ArrayUtils,440
Mon Jan 15 23:09:47 AEDT 2018 org.apache.commons.lang3.ArrayUtils,441
Mon Jan 15 23:09:47 AEDT 2018 org.apache.commons.lang3.ArrayUtils,443
Mon Jan 15 23:09:48 AEDT 2018 org.apache.commons.lang3.ArrayUtils,462
Mon Jan 15 23:12:56 AEDT 2018 org.apache.commons.lang3.ArrayUtils,463
Mon Jan 15 23:12:56 AEDT 2018 org.apache.commons.lang3.ArrayUtils,465
Mon Jan 15 23:15:45 AEDT 2018 org.apache.commons.lang3.ArrayUtils,482
Mon Jan 15 23:18:58 AEDT 2018 org.apache.commons.lang3.ArrayUtils,483
Mon Jan 15 23:18:58 AEDT 2018 org.apache.commons.lang3.ArrayUtils,485
Mon Jan 15 23:22:06 AEDT 2018 org.apache.commons.lang3.ArrayUtils,502
Mon Jan 15 23:25:11 AEDT 2018 org.apache.commons.lang3.ArrayUtils,503
Mon Jan 15 23:25:11 AEDT 2018 org.apache.commons.lang3.ArrayUtils,505
Mon Jan 15 23:28:33 AEDT 2018 org.apache.commons.lang3.ArrayUtils,522
Mon Jan 15 23:31:42 AEDT 2018 org.apache.commons.lang3.ArrayUtils,523
Mon Jan 15 23:31:42 AEDT 2018 org.apache.commons.lang3.ArrayUtils,525
Mon Jan 15 23:35:10 AEDT 2018 org.apache.commons.lang3.ArrayUtils,542
Mon Jan 15 23:38:18 AEDT 2018 org.apache.commons.lang3.ArrayUtils,543
Mon Jan 15 23:38:19 AEDT 2018 org.apache.commons.lang3.ArrayUtils,545
Mon Jan 15 23:41:38 AEDT 2018 org.apache.commons.lang3.ArrayUtils,562
Mon Jan 15 23:44:35 AEDT 2018 org.apache.commons.lang3.ArrayUtils,563
Mon Jan 15 23:44:35 AEDT 2018 org.apache.commons.lang3.ArrayUtils,565
Mon Jan 15 23:48:06 AEDT 2018 org.apache.commons.lang3.ArrayUtils,582
Mon Jan 15 23:51:13 AEDT 2018 org.apache.commons.lang3.ArrayUtils,583
Mon Jan 15 23:51:13 AEDT 2018 org.apache.commons.lang3.ArrayUtils,585
Mon Jan 15 23:54:35 AEDT 2018 org.apache.commons.lang3.ArrayUtils,602
Mon Jan 15 23:57:42 AEDT 2018 org.apache.commons.lang3.ArrayUtils,603
Mon Jan 15 23:57:42 AEDT 2018 org.apache.commons.lang3.ArrayUtils,605
Tue Jan 16 00:01:02 AEDT 2018 org.apache.commons.lang3.ArrayUtils,622
Tue Jan 16 00:04:08 AEDT 2018 org.apache.commons.lang3.ArrayUtils,623
Tue Jan 16 00:04:08 AEDT 2018 org.apache.commons.lang3.ArrayUtils,625
Tue Jan 16 00:07:28 AEDT 2018 org.apache.commons.lang3.ArrayUtils,642
Tue Jan 16 00:10:35 AEDT 2018 org.apache.commons.lang3.ArrayUtils,643
Tue Jan 16 00:10:35 AEDT 2018 org.apache.commons.lang3.ArrayUtils,645
Tue Jan 16 00:13:58 AEDT 2018 org.apache.commons.lang3.ArrayUtils,662
Tue Jan 16 00:17:00 AEDT 2018 org.apache.commons.lang3.ArrayUtils,663
Tue Jan 16 00:17:00 AEDT 2018 org.apache.commons.lang3.ArrayUtils,665
Tue Jan 16 00:19:49 AEDT 2018 org.apache.commons.lang3.ArrayUtils,682
Tue Jan 16 00:22:48 AEDT 2018 org.apache.commons.lang3.ArrayUtils,683
Tue Jan 16 00:22:48 AEDT 2018 org.apache.commons.lang3.ArrayUtils,685
Tue Jan 16 00:25:37 AEDT 2018 org.apache.commons.lang3.ArrayUtils,702
Tue Jan 16 00:28:41 AEDT 2018 org.apache.commons.lang3.ArrayUtils,703
Tue Jan 16 00:28:41 AEDT 2018 org.apache.commons.lang3.ArrayUtils,705
Tue Jan 16 00:31:30 AEDT 2018 org.apache.commons.lang3.ArrayUtils,722
Tue Jan 16 00:34:31 AEDT 2018 org.apache.commons.lang3.ArrayUtils,723
Tue Jan 16 00:34:31 AEDT 2018 org.apache.commons.lang3.ArrayUtils,725
Tue Jan 16 00:37:17 AEDT 2018 org.apache.commons.lang3.ArrayUtils,742
Tue Jan 16 00:40:19 AEDT 2018 org.apache.commons.lang3.ArrayUtils,743
Tue Jan 16 00:40:19 AEDT 2018 org.apache.commons.lang3.ArrayUtils,745
Tue Jan 16 00:43:10 AEDT 2018 org.apache.commons.lang3.ArrayUtils,762
Tue Jan 16 00:46:13 AEDT 2018 org.apache.commons.lang3.ArrayUtils,763
Tue Jan 16 00:46:13 AEDT 2018 org.apache.commons.lang3.ArrayUtils,765
Tue Jan 16 00:49:02 AEDT 2018 org.apache.commons.lang3.ArrayUtils,782
Tue Jan 16 00:52:04 AEDT 2018 org.apache.commons.lang3.ArrayUtils,783
Tue Jan 16 00:52:04 AEDT 2018 org.apache.commons.lang3.ArrayUtils,785
Tue Jan 16 00:54:49 AEDT 2018 org.apache.commons.lang3.ArrayUtils,802
Tue Jan 16 00:57:50 AEDT 2018 org.apache.commons.lang3.ArrayUtils,803
Tue Jan 16 00:57:50 AEDT 2018 org.apache.commons.lang3.ArrayUtils,805
Tue Jan 16 01:00:39 AEDT 2018 org.apache.commons.lang3.ArrayUtils,838
Tue Jan 16 01:00:40 AEDT 2018 org.apache.commons.lang3.ArrayUtils,839
Tue Jan 16 01:00:40 AEDT 2018 org.apache.commons.lang3.ArrayUtils,841
Tue Jan 16 01:01:24 AEDT 2018 org.apache.commons.lang3.ArrayUtils,842
Tue Jan 16 01:01:24 AEDT 2018 org.apache.commons.lang3.ArrayUtils,844
Tue Jan 16 01:04:54 AEDT 2018 org.apache.commons.lang3.ArrayUtils,845
Tue Jan 16 01:04:54 AEDT 2018 org.apache.commons.lang3.ArrayUtils,847
Tue Jan 16 01:19:06 AEDT 2018 org.apache.commons.lang3.ArrayUtils,848
Tue Jan 16 01:22:11 AEDT 2018 org.apache.commons.lang3.ArrayUtils,849
Tue Jan 16 01:24:07 AEDT 2018 Tue Jan 16 01:24:07 AEDT 2018 : org.apache.commons.lang3.ArrayUtils,851=>Find no block
Tue Jan 16 01:24:07 AEDT 2018 org.apache.commons.lang3.ArrayUtils,852
Tue Jan 16 01:24:07 AEDT 2018 Tue Jan 16 01:24:07 AEDT 2018 : org.apache.commons.lang3.ArrayUtils,855=>Find no block
Tue Jan 16 01:24:08 AEDT 2018 org.apache.commons.lang3.ArrayUtils,856
Tue Jan 16 01:35:58 AEDT 2018 org.apache.commons.lang3.ArrayUtils,857
Tue Jan 16 01:35:58 AEDT 2018 org.apache.commons.lang3.ArrayUtils,880
Tue Jan 16 01:35:58 AEDT 2018 org.apache.commons.lang3.ArrayUtils,881
Tue Jan 16 01:35:59 AEDT 2018 org.apache.commons.lang3.ArrayUtils,883
Tue Jan 16 01:35:59 AEDT 2018 org.apache.commons.lang3.ArrayUtils,884
Tue Jan 16 01:35:59 AEDT 2018 org.apache.commons.lang3.ArrayUtils,886
Tue Jan 16 01:35:59 AEDT 2018 org.apache.commons.lang3.ArrayUtils,887
Tue Jan 16 01:35:59 AEDT 2018 org.apache.commons.lang3.ArrayUtils,889
Tue Jan 16 01:51:18 AEDT 2018 org.apache.commons.lang3.ArrayUtils,890
Tue Jan 16 01:51:18 AEDT 2018 org.apache.commons.lang3.ArrayUtils,891
Tue Jan 16 01:51:18 AEDT 2018 org.apache.commons.lang3.ArrayUtils,894
Tue Jan 16 02:02:19 AEDT 2018 org.apache.commons.lang3.ArrayUtils,895
Tue Jan 16 02:13:16 AEDT 2018 org.apache.commons.lang3.ArrayUtils,896
Tue Jan 16 02:13:17 AEDT 2018 org.apache.commons.lang3.ArrayUtils,919
Tue Jan 16 02:13:17 AEDT 2018 org.apache.commons.lang3.ArrayUtils,920
Tue Jan 16 02:13:17 AEDT 2018 org.apache.commons.lang3.ArrayUtils,922
Tue Jan 16 02:13:17 AEDT 2018 org.apache.commons.lang3.ArrayUtils,923
Tue Jan 16 02:13:18 AEDT 2018 org.apache.commons.lang3.ArrayUtils,925
Tue Jan 16 02:13:18 AEDT 2018 org.apache.commons.lang3.ArrayUtils,926
Tue Jan 16 02:13:18 AEDT 2018 org.apache.commons.lang3.ArrayUtils,928
Tue Jan 16 02:28:32 AEDT 2018 org.apache.commons.lang3.ArrayUtils,929
Tue Jan 16 02:28:33 AEDT 2018 org.apache.commons.lang3.ArrayUtils,930
Tue Jan 16 02:28:33 AEDT 2018 org.apache.commons.lang3.ArrayUtils,933
Tue Jan 16 02:39:47 AEDT 2018 org.apache.commons.lang3.ArrayUtils,934
Tue Jan 16 02:50:49 AEDT 2018 org.apache.commons.lang3.ArrayUtils,935
Tue Jan 16 02:50:50 AEDT 2018 org.apache.commons.lang3.ArrayUtils,958
Tue Jan 16 02:50:50 AEDT 2018 org.apache.commons.lang3.ArrayUtils,959
Tue Jan 16 02:50:50 AEDT 2018 org.apache.commons.lang3.ArrayUtils,961
Tue Jan 16 02:50:50 AEDT 2018 org.apache.commons.lang3.ArrayUtils,962
Tue Jan 16 02:50:50 AEDT 2018 org.apache.commons.lang3.ArrayUtils,964
Tue Jan 16 02:50:51 AEDT 2018 org.apache.commons.lang3.ArrayUtils,965
Tue Jan 16 02:50:51 AEDT 2018 org.apache.commons.lang3.ArrayUtils,967
Timeout time : 18/01/16 03:05
