=================================================
Project : lang_34	start : 18/01/15 17:04
Current failed test : org.apache.commons.lang3.builder.ToStringBuilderTest::testSelfInstanceVarReflectionObjectCycle | 18/01/15 17:07
Mon Jan 15 17:08:32 AEDT 2018 org.apache.commons.lang3.builder.ToStringStyle,471
Mon Jan 15 17:15:39 AEDT 2018 org.apache.commons.lang3.builder.ToStringStyle,472
Mon Jan 15 17:15:40 AEDT 2018 org.apache.commons.lang3.builder.ToStringStyle,580
Mon Jan 15 17:16:52 AEDT 2018 Mon Jan 15 17:16:52 AEDT 2018 : org.apache.commons.lang3.builder.ToStringStyle,581=>Find no block
Mon Jan 15 17:16:53 AEDT 2018 org.apache.commons.lang3.ObjectUtils,215
Mon Jan 15 17:17:39 AEDT 2018 org.apache.commons.lang3.ObjectUtils,218
Mon Jan 15 17:20:54 AEDT 2018 Mon Jan 15 17:20:54 AEDT 2018 : org.apache.commons.lang3.ObjectUtils,221=>Find no block
Mon Jan 15 17:20:55 AEDT 2018 org.apache.commons.lang3.builder.ToStringBuilder,155
Mon Jan 15 17:21:38 AEDT 2018 org.apache.commons.lang3.builder.ReflectionToStringBuilder,123
Mon Jan 15 17:21:41 AEDT 2018 org.apache.commons.lang3.builder.ReflectionToStringBuilder,492
Mon Jan 15 17:22:17 AEDT 2018 org.apache.commons.lang3.builder.ReflectionToStringBuilder,496
Mon Jan 15 17:23:22 AEDT 2018 org.apache.commons.lang3.builder.ReflectionToStringBuilder,500
Mon Jan 15 17:24:25 AEDT 2018 org.apache.commons.lang3.builder.ReflectionToStringBuilder,504
Mon Jan 15 17:25:01 AEDT 2018 org.apache.commons.lang3.builder.ReflectionToStringBuilder,509
Mon Jan 15 17:35:00 AEDT 2018 org.apache.commons.lang3.builder.ReflectionToStringBuilder,533
Mon Jan 15 17:36:07 AEDT 2018 org.apache.commons.lang3.builder.ReflectionToStringBuilder,534
Mon Jan 15 17:36:08 AEDT 2018 org.apache.commons.lang3.builder.ReflectionToStringBuilder,538
Mon Jan 15 17:36:09 AEDT 2018 org.apache.commons.lang3.builder.ReflectionToStringBuilder,539
Mon Jan 15 17:36:10 AEDT 2018 Mon Jan 15 17:36:10 AEDT 2018 : org.apache.commons.lang3.builder.ReflectionToStringBuilder,546=>Find no block
Mon Jan 15 17:36:12 AEDT 2018 org.apache.commons.lang3.builder.ReflectionToStringBuilder,586
Mon Jan 15 17:36:23 AEDT 2018 org.apache.commons.lang3.builder.ReflectionToStringBuilder,473
Mon Jan 15 17:44:25 AEDT 2018 org.apache.commons.lang3.builder.ReflectionToStringBuilder,474
Mon Jan 15 17:44:26 AEDT 2018 org.apache.commons.lang3.builder.ReflectionToStringBuilder,475
Mon Jan 15 17:44:27 AEDT 2018 org.apache.commons.lang3.builder.ReflectionToStringBuilder,476
Mon Jan 15 17:44:30 AEDT 2018 Mon Jan 15 17:44:30 AEDT 2018 : org.apache.commons.lang3.builder.ReflectionToStringBuilder,477=>Find no block
Mon Jan 15 17:44:31 AEDT 2018 org.apache.commons.lang3.builder.ReflectionToStringBuilder,290
Mon Jan 15 17:44:34 AEDT 2018 org.apache.commons.lang3.builder.ReflectionToStringBuilder,636
Mon Jan 15 17:44:36 AEDT 2018 Mon Jan 15 17:44:36 AEDT 2018 : org.apache.commons.lang3.builder.ReflectionToStringBuilder,637=>Find no block
Mon Jan 15 17:44:38 AEDT 2018 org.apache.commons.lang3.builder.ReflectionToStringBuilder,648
Mon Jan 15 17:44:40 AEDT 2018 Mon Jan 15 17:44:40 AEDT 2018 : org.apache.commons.lang3.builder.ReflectionToStringBuilder,649=>Find no block
Mon Jan 15 17:44:41 AEDT 2018 org.apache.commons.lang3.builder.ReflectionToStringBuilder,683
Mon Jan 15 17:45:45 AEDT 2018 Mon Jan 15 17:45:45 AEDT 2018 : org.apache.commons.lang3.builder.ReflectionToStringBuilder,684=>Find no block
Mon Jan 15 17:45:46 AEDT 2018 org.apache.commons.lang3.builder.ReflectionToStringBuilder,677
Mon Jan 15 17:45:47 AEDT 2018 org.apache.commons.lang3.builder.ReflectionToStringBuilder,701
Mon Jan 15 17:47:19 AEDT 2018 org.apache.commons.lang3.builder.ReflectionToStringBuilder,702
Mon Jan 15 17:47:20 AEDT 2018 org.apache.commons.lang3.builder.ReflectionToStringBuilder,526
Mon Jan 15 17:47:22 AEDT 2018 org.apache.commons.lang3.builder.ReflectionToStringBuilder,530
Mon Jan 15 17:48:38 AEDT 2018 org.apache.commons.lang3.builder.ReflectionToStringBuilder,531
Timeout time : 18/01/15 17:50
Current failed test : org.apache.commons.lang3.builder.ToStringBuilderTest::testSimpleReflectionObjectCycle | 18/01/15 17:50
Mon Jan 15 17:51:11 AEDT 2018 org.apache.commons.lang3.builder.ToStringStyle,471
Mon Jan 15 17:58:13 AEDT 2018 org.apache.commons.lang3.builder.ToStringStyle,472
Mon Jan 15 17:58:15 AEDT 2018 org.apache.commons.lang3.builder.ToStringStyle,580
Mon Jan 15 17:59:26 AEDT 2018 Mon Jan 15 17:59:26 AEDT 2018 : org.apache.commons.lang3.builder.ToStringStyle,581=>Find no block
Mon Jan 15 17:59:26 AEDT 2018 org.apache.commons.lang3.ObjectUtils,215
Mon Jan 15 18:00:09 AEDT 2018 org.apache.commons.lang3.ObjectUtils,218
Mon Jan 15 18:03:28 AEDT 2018 Mon Jan 15 18:03:28 AEDT 2018 : org.apache.commons.lang3.ObjectUtils,221=>Find no block
Mon Jan 15 18:03:29 AEDT 2018 org.apache.commons.lang3.builder.ToStringBuilder,155
Mon Jan 15 18:04:11 AEDT 2018 org.apache.commons.lang3.builder.ReflectionToStringBuilder,123
Mon Jan 15 18:04:13 AEDT 2018 org.apache.commons.lang3.builder.ReflectionToStringBuilder,492
Mon Jan 15 18:04:50 AEDT 2018 org.apache.commons.lang3.builder.ReflectionToStringBuilder,496
Mon Jan 15 18:05:57 AEDT 2018 org.apache.commons.lang3.builder.ReflectionToStringBuilder,500
Mon Jan 15 18:07:01 AEDT 2018 org.apache.commons.lang3.builder.ReflectionToStringBuilder,504
Mon Jan 15 18:07:36 AEDT 2018 org.apache.commons.lang3.builder.ReflectionToStringBuilder,509
Mon Jan 15 18:17:35 AEDT 2018 org.apache.commons.lang3.builder.ReflectionToStringBuilder,533
Mon Jan 15 18:18:41 AEDT 2018 org.apache.commons.lang3.builder.ReflectionToStringBuilder,534
Mon Jan 15 18:18:42 AEDT 2018 org.apache.commons.lang3.builder.ReflectionToStringBuilder,538
Mon Jan 15 18:18:43 AEDT 2018 org.apache.commons.lang3.builder.ReflectionToStringBuilder,539
Mon Jan 15 18:18:44 AEDT 2018 Mon Jan 15 18:18:44 AEDT 2018 : org.apache.commons.lang3.builder.ReflectionToStringBuilder,546=>Find no block
Mon Jan 15 18:18:45 AEDT 2018 org.apache.commons.lang3.builder.ReflectionToStringBuilder,586
Mon Jan 15 18:18:56 AEDT 2018 org.apache.commons.lang3.builder.ReflectionToStringBuilder,473
Mon Jan 15 18:26:59 AEDT 2018 org.apache.commons.lang3.builder.ReflectionToStringBuilder,474
Mon Jan 15 18:27:00 AEDT 2018 org.apache.commons.lang3.builder.ReflectionToStringBuilder,475
Mon Jan 15 18:27:01 AEDT 2018 org.apache.commons.lang3.builder.ReflectionToStringBuilder,476
Mon Jan 15 18:27:02 AEDT 2018 Mon Jan 15 18:27:02 AEDT 2018 : org.apache.commons.lang3.builder.ReflectionToStringBuilder,477=>Find no block
Mon Jan 15 18:27:02 AEDT 2018 org.apache.commons.lang3.builder.ReflectionToStringBuilder,290
Mon Jan 15 18:27:05 AEDT 2018 org.apache.commons.lang3.builder.ReflectionToStringBuilder,636
Mon Jan 15 18:27:08 AEDT 2018 Mon Jan 15 18:27:08 AEDT 2018 : org.apache.commons.lang3.builder.ReflectionToStringBuilder,637=>Find no block
Mon Jan 15 18:27:09 AEDT 2018 org.apache.commons.lang3.builder.ReflectionToStringBuilder,648
Mon Jan 15 18:27:12 AEDT 2018 Mon Jan 15 18:27:12 AEDT 2018 : org.apache.commons.lang3.builder.ReflectionToStringBuilder,649=>Find no block
Mon Jan 15 18:27:13 AEDT 2018 org.apache.commons.lang3.builder.ReflectionToStringBuilder,683
Mon Jan 15 18:28:16 AEDT 2018 Mon Jan 15 18:28:16 AEDT 2018 : org.apache.commons.lang3.builder.ReflectionToStringBuilder,684=>Find no block
Mon Jan 15 18:28:17 AEDT 2018 org.apache.commons.lang3.builder.ReflectionToStringBuilder,677
Mon Jan 15 18:28:18 AEDT 2018 org.apache.commons.lang3.builder.ReflectionToStringBuilder,701
Mon Jan 15 18:29:49 AEDT 2018 org.apache.commons.lang3.builder.ReflectionToStringBuilder,702
Mon Jan 15 18:29:50 AEDT 2018 org.apache.commons.lang3.builder.ReflectionToStringBuilder,526
Mon Jan 15 18:29:53 AEDT 2018 org.apache.commons.lang3.builder.ReflectionToStringBuilder,530
Mon Jan 15 18:31:08 AEDT 2018 org.apache.commons.lang3.builder.ReflectionToStringBuilder,531
Timeout time : 18/01/15 18:33
Current failed test : org.apache.commons.lang3.builder.ToStringBuilderTest::testReflectionArrayCycle | 18/01/15 18:33
Mon Jan 15 18:33:49 AEDT 2018 org.apache.commons.lang3.builder.ToStringStyle,471
Mon Jan 15 18:40:47 AEDT 2018 org.apache.commons.lang3.builder.ToStringStyle,472
Mon Jan 15 18:40:48 AEDT 2018 org.apache.commons.lang3.builder.ToStringStyle,580
Mon Jan 15 18:41:59 AEDT 2018 Mon Jan 15 18:41:59 AEDT 2018 : org.apache.commons.lang3.builder.ToStringStyle,581=>Find no block
Mon Jan 15 18:42:01 AEDT 2018 org.apache.commons.lang3.ObjectUtils,215
Mon Jan 15 18:42:46 AEDT 2018 org.apache.commons.lang3.ObjectUtils,218
Mon Jan 15 18:46:01 AEDT 2018 Mon Jan 15 18:46:01 AEDT 2018 : org.apache.commons.lang3.ObjectUtils,221=>Find no block
Mon Jan 15 18:46:02 AEDT 2018 org.apache.commons.lang3.builder.ToStringStyle,923
Timeout time : 18/01/15 19:15
Current failed test : org.apache.commons.lang3.builder.ToStringBuilderTest::testSelfInstanceTwoVarsReflectionObjectCycle | 18/01/15 19:15
Mon Jan 15 19:16:29 AEDT 2018 org.apache.commons.lang3.ObjectUtils,341
Mon Jan 15 19:16:32 AEDT 2018 Mon Jan 15 19:16:32 AEDT 2018 : org.apache.commons.lang3.ObjectUtils,342=>Find no block
Mon Jan 15 19:16:34 AEDT 2018 org.apache.commons.lang3.builder.ToStringStyle,471
Mon Jan 15 19:23:36 AEDT 2018 org.apache.commons.lang3.builder.ToStringStyle,472
Mon Jan 15 19:23:37 AEDT 2018 org.apache.commons.lang3.builder.ToStringStyle,580
Mon Jan 15 19:24:48 AEDT 2018 Mon Jan 15 19:24:48 AEDT 2018 : org.apache.commons.lang3.builder.ToStringStyle,581=>Find no block
Mon Jan 15 19:24:49 AEDT 2018 org.apache.commons.lang3.ObjectUtils,215
Mon Jan 15 19:25:33 AEDT 2018 org.apache.commons.lang3.ObjectUtils,218
Mon Jan 15 19:28:48 AEDT 2018 Mon Jan 15 19:28:48 AEDT 2018 : org.apache.commons.lang3.ObjectUtils,221=>Find no block
Mon Jan 15 19:28:49 AEDT 2018 org.apache.commons.lang3.builder.ToStringBuilder,155
Mon Jan 15 19:29:31 AEDT 2018 org.apache.commons.lang3.builder.ReflectionToStringBuilder,123
Mon Jan 15 19:29:34 AEDT 2018 org.apache.commons.lang3.builder.ReflectionToStringBuilder,492
Mon Jan 15 19:30:11 AEDT 2018 org.apache.commons.lang3.builder.ReflectionToStringBuilder,496
Mon Jan 15 19:31:15 AEDT 2018 org.apache.commons.lang3.builder.ReflectionToStringBuilder,500
Mon Jan 15 19:32:16 AEDT 2018 org.apache.commons.lang3.builder.ReflectionToStringBuilder,504
Mon Jan 15 19:32:52 AEDT 2018 org.apache.commons.lang3.builder.ReflectionToStringBuilder,509
Mon Jan 15 19:42:57 AEDT 2018 org.apache.commons.lang3.builder.ReflectionToStringBuilder,533
Mon Jan 15 19:44:02 AEDT 2018 org.apache.commons.lang3.builder.ReflectionToStringBuilder,534
Mon Jan 15 19:44:04 AEDT 2018 org.apache.commons.lang3.builder.ReflectionToStringBuilder,538
Mon Jan 15 19:44:05 AEDT 2018 org.apache.commons.lang3.builder.ReflectionToStringBuilder,539
Mon Jan 15 19:44:05 AEDT 2018 Mon Jan 15 19:44:05 AEDT 2018 : org.apache.commons.lang3.builder.ReflectionToStringBuilder,546=>Find no block
Mon Jan 15 19:44:06 AEDT 2018 org.apache.commons.lang3.builder.ReflectionToStringBuilder,586
Mon Jan 15 19:44:17 AEDT 2018 org.apache.commons.lang3.builder.ReflectionToStringBuilder,473
Mon Jan 15 19:52:20 AEDT 2018 org.apache.commons.lang3.builder.ReflectionToStringBuilder,474
Mon Jan 15 19:52:21 AEDT 2018 org.apache.commons.lang3.builder.ReflectionToStringBuilder,475
Mon Jan 15 19:52:21 AEDT 2018 org.apache.commons.lang3.builder.ReflectionToStringBuilder,476
Mon Jan 15 19:52:22 AEDT 2018 Mon Jan 15 19:52:22 AEDT 2018 : org.apache.commons.lang3.builder.ReflectionToStringBuilder,477=>Find no block
Mon Jan 15 19:52:22 AEDT 2018 org.apache.commons.lang3.builder.ReflectionToStringBuilder,290
Mon Jan 15 19:52:25 AEDT 2018 org.apache.commons.lang3.builder.ReflectionToStringBuilder,636
Mon Jan 15 19:52:27 AEDT 2018 Mon Jan 15 19:52:27 AEDT 2018 : org.apache.commons.lang3.builder.ReflectionToStringBuilder,637=>Find no block
Mon Jan 15 19:52:28 AEDT 2018 org.apache.commons.lang3.builder.ReflectionToStringBuilder,648
Mon Jan 15 19:52:30 AEDT 2018 Mon Jan 15 19:52:30 AEDT 2018 : org.apache.commons.lang3.builder.ReflectionToStringBuilder,649=>Find no block
Mon Jan 15 19:52:31 AEDT 2018 org.apache.commons.lang3.builder.ReflectionToStringBuilder,683
Mon Jan 15 19:53:31 AEDT 2018 Mon Jan 15 19:53:31 AEDT 2018 : org.apache.commons.lang3.builder.ReflectionToStringBuilder,684=>Find no block
Mon Jan 15 19:53:32 AEDT 2018 org.apache.commons.lang3.builder.ReflectionToStringBuilder,677
Mon Jan 15 19:53:33 AEDT 2018 org.apache.commons.lang3.builder.ReflectionToStringBuilder,701
Mon Jan 15 19:55:05 AEDT 2018 org.apache.commons.lang3.builder.ReflectionToStringBuilder,702
Mon Jan 15 19:55:06 AEDT 2018 org.apache.commons.lang3.builder.ReflectionToStringBuilder,526
Mon Jan 15 19:55:09 AEDT 2018 org.apache.commons.lang3.builder.ReflectionToStringBuilder,530
Mon Jan 15 19:56:26 AEDT 2018 org.apache.commons.lang3.builder.ReflectionToStringBuilder,531
Timeout time : 18/01/15 19:58
Current failed test : org.apache.commons.lang3.builder.ToStringBuilderTest::testObjectCycle | 18/01/15 19:58
Mon Jan 15 19:59:07 AEDT 2018 org.apache.commons.lang3.ObjectUtils,341
Mon Jan 15 19:59:10 AEDT 2018 Mon Jan 15 19:59:10 AEDT 2018 : org.apache.commons.lang3.ObjectUtils,342=>Find no block
Mon Jan 15 19:59:11 AEDT 2018 org.apache.commons.lang3.builder.ToStringStyle,471
Mon Jan 15 20:06:12 AEDT 2018 org.apache.commons.lang3.builder.ToStringStyle,472
Mon Jan 15 20:06:13 AEDT 2018 org.apache.commons.lang3.builder.ToStringStyle,580
Mon Jan 15 20:07:25 AEDT 2018 Mon Jan 15 20:07:25 AEDT 2018 : org.apache.commons.lang3.builder.ToStringStyle,581=>Find no block
Mon Jan 15 20:07:25 AEDT 2018 org.apache.commons.lang3.ObjectUtils,215
Mon Jan 15 20:08:09 AEDT 2018 org.apache.commons.lang3.ObjectUtils,218
Mon Jan 15 20:11:24 AEDT 2018 Mon Jan 15 20:11:24 AEDT 2018 : org.apache.commons.lang3.ObjectUtils,221=>Find no block
Mon Jan 15 20:11:25 AEDT 2018 org.apache.commons.lang3.builder.ToStringBuilder,474
Mon Jan 15 20:11:58 AEDT 2018 org.apache.commons.lang3.builder.ToStringBuilder,475
Mon Jan 15 20:12:00 AEDT 2018 org.apache.commons.lang3.builder.ToStringStyle,556
Mon Jan 15 20:18:58 AEDT 2018 org.apache.commons.lang3.builder.ToStringStyle,557
Mon Jan 15 20:18:59 AEDT 2018 org.apache.commons.lang3.builder.ToStringStyle,593
Mon Jan 15 20:21:59 AEDT 2018 Mon Jan 15 20:21:59 AEDT 2018 : org.apache.commons.lang3.builder.ToStringStyle,594=>Find no block
Mon Jan 15 20:22:00 AEDT 2018 org.apache.commons.lang3.builder.ToStringBuilder,228
Mon Jan 15 20:22:03 AEDT 2018 Mon Jan 15 20:22:03 AEDT 2018 : org.apache.commons.lang3.builder.ToStringBuilder,229=>Find no block
Mon Jan 15 20:22:04 AEDT 2018 org.apache.commons.lang3.builder.ToStringStyle,548
Mon Jan 15 20:29:18 AEDT 2018 org.apache.commons.lang3.builder.ToStringStyle,437
Mon Jan 15 20:34:02 AEDT 2018 org.apache.commons.lang3.builder.ToStringStyle,439
Timeout time : 18/01/15 20:41
Current failed test : org.apache.commons.lang3.builder.ToStringBuilderTest::testReflectionArrayArrayCycle | 18/01/15 20:41
Mon Jan 15 20:41:42 AEDT 2018 org.apache.commons.lang3.builder.ToStringStyle,471
Mon Jan 15 20:48:41 AEDT 2018 org.apache.commons.lang3.builder.ToStringStyle,472
Mon Jan 15 20:48:42 AEDT 2018 org.apache.commons.lang3.builder.ToStringStyle,580
Mon Jan 15 20:49:54 AEDT 2018 Mon Jan 15 20:49:54 AEDT 2018 : org.apache.commons.lang3.builder.ToStringStyle,581=>Find no block
Mon Jan 15 20:49:55 AEDT 2018 org.apache.commons.lang3.ObjectUtils,215
Mon Jan 15 20:50:41 AEDT 2018 org.apache.commons.lang3.ObjectUtils,218
Mon Jan 15 20:53:54 AEDT 2018 Mon Jan 15 20:53:54 AEDT 2018 : org.apache.commons.lang3.ObjectUtils,221=>Find no block
Mon Jan 15 20:53:55 AEDT 2018 org.apache.commons.lang3.builder.ToStringStyle,928
Mon Jan 15 20:58:45 AEDT 2018 org.apache.commons.lang3.builder.ToStringStyle,923
Timeout time : 18/01/15 21:23
Current failed test : org.apache.commons.lang3.builder.ToStringBuilderTest::testReflectionObjectCycle | 18/01/15 21:23
Mon Jan 15 21:24:22 AEDT 2018 org.apache.commons.lang3.builder.ToStringStyle,471
Mon Jan 15 21:31:24 AEDT 2018 org.apache.commons.lang3.builder.ToStringStyle,472
Mon Jan 15 21:31:25 AEDT 2018 org.apache.commons.lang3.builder.ToStringStyle,580
Mon Jan 15 21:32:33 AEDT 2018 Mon Jan 15 21:32:33 AEDT 2018 : org.apache.commons.lang3.builder.ToStringStyle,581=>Find no block
Mon Jan 15 21:32:34 AEDT 2018 org.apache.commons.lang3.ObjectUtils,215
Mon Jan 15 21:33:16 AEDT 2018 org.apache.commons.lang3.ObjectUtils,218
Mon Jan 15 21:36:30 AEDT 2018 Mon Jan 15 21:36:30 AEDT 2018 : org.apache.commons.lang3.ObjectUtils,221=>Find no block
Mon Jan 15 21:36:31 AEDT 2018 org.apache.commons.lang3.builder.ToStringBuilder,155
Mon Jan 15 21:37:12 AEDT 2018 org.apache.commons.lang3.builder.ReflectionToStringBuilder,123
Mon Jan 15 21:37:15 AEDT 2018 org.apache.commons.lang3.builder.ReflectionToStringBuilder,492
Mon Jan 15 21:37:52 AEDT 2018 org.apache.commons.lang3.builder.ReflectionToStringBuilder,496
Mon Jan 15 21:38:55 AEDT 2018 org.apache.commons.lang3.builder.ReflectionToStringBuilder,500
Mon Jan 15 21:39:59 AEDT 2018 org.apache.commons.lang3.builder.ReflectionToStringBuilder,504
Mon Jan 15 21:40:34 AEDT 2018 org.apache.commons.lang3.builder.ReflectionToStringBuilder,509
Mon Jan 15 21:50:30 AEDT 2018 org.apache.commons.lang3.builder.ReflectionToStringBuilder,533
Mon Jan 15 21:51:36 AEDT 2018 org.apache.commons.lang3.builder.ReflectionToStringBuilder,534
Mon Jan 15 21:51:37 AEDT 2018 org.apache.commons.lang3.builder.ReflectionToStringBuilder,538
Mon Jan 15 21:51:38 AEDT 2018 org.apache.commons.lang3.builder.ReflectionToStringBuilder,539
Mon Jan 15 21:51:38 AEDT 2018 Mon Jan 15 21:51:38 AEDT 2018 : org.apache.commons.lang3.builder.ReflectionToStringBuilder,546=>Find no block
Mon Jan 15 21:51:40 AEDT 2018 org.apache.commons.lang3.builder.ReflectionToStringBuilder,586
Mon Jan 15 21:51:51 AEDT 2018 org.apache.commons.lang3.builder.ReflectionToStringBuilder,473
Mon Jan 15 21:59:54 AEDT 2018 org.apache.commons.lang3.builder.ReflectionToStringBuilder,474
Mon Jan 15 21:59:55 AEDT 2018 org.apache.commons.lang3.builder.ReflectionToStringBuilder,475
Mon Jan 15 21:59:56 AEDT 2018 org.apache.commons.lang3.builder.ReflectionToStringBuilder,476
Mon Jan 15 21:59:57 AEDT 2018 Mon Jan 15 21:59:57 AEDT 2018 : org.apache.commons.lang3.builder.ReflectionToStringBuilder,477=>Find no block
Mon Jan 15 21:59:58 AEDT 2018 org.apache.commons.lang3.builder.ReflectionToStringBuilder,290
Mon Jan 15 22:00:01 AEDT 2018 org.apache.commons.lang3.builder.ReflectionToStringBuilder,636
Mon Jan 15 22:00:03 AEDT 2018 Mon Jan 15 22:00:03 AEDT 2018 : org.apache.commons.lang3.builder.ReflectionToStringBuilder,637=>Find no block
Mon Jan 15 22:00:04 AEDT 2018 org.apache.commons.lang3.builder.ReflectionToStringBuilder,648
Mon Jan 15 22:00:07 AEDT 2018 Mon Jan 15 22:00:07 AEDT 2018 : org.apache.commons.lang3.builder.ReflectionToStringBuilder,649=>Find no block
Mon Jan 15 22:00:08 AEDT 2018 org.apache.commons.lang3.builder.ReflectionToStringBuilder,683
Mon Jan 15 22:01:11 AEDT 2018 Mon Jan 15 22:01:11 AEDT 2018 : org.apache.commons.lang3.builder.ReflectionToStringBuilder,684=>Find no block
Mon Jan 15 22:01:11 AEDT 2018 org.apache.commons.lang3.builder.ReflectionToStringBuilder,677
Mon Jan 15 22:01:12 AEDT 2018 org.apache.commons.lang3.builder.ReflectionToStringBuilder,701
Mon Jan 15 22:02:42 AEDT 2018 org.apache.commons.lang3.builder.ReflectionToStringBuilder,702
Mon Jan 15 22:02:44 AEDT 2018 org.apache.commons.lang3.builder.ReflectionToStringBuilder,526
Mon Jan 15 22:02:46 AEDT 2018 org.apache.commons.lang3.builder.ReflectionToStringBuilder,530
Mon Jan 15 22:04:02 AEDT 2018 org.apache.commons.lang3.builder.ReflectionToStringBuilder,531
Mon Jan 15 22:06:20 AEDT 2018 org.apache.commons.lang3.builder.ReflectionToStringBuilder,532
Timeout time : 18/01/15 22:06
