=================================================
Project : lang_4	start : 18/01/15 16:51
Current failed test : org.apache.commons.lang3.text.translate.LookupTranslatorTest::testLang882_purify_1 | 18/01/15 16:51
Mon Jan 15 16:52:29 AEDT 2018 Mon Jan 15 16:52:29 AEDT 2018 : org.apache.commons.lang3.text.translate.LookupTranslator,45=>Find no block
Mon Jan 15 16:52:29 AEDT 2018 org.apache.commons.lang3.text.translate.LookupTranslator,46
Mon Jan 15 16:52:54 AEDT 2018 org.apache.commons.lang3.text.translate.LookupTranslator,47
Mon Jan 15 16:52:54 AEDT 2018 org.apache.commons.lang3.text.translate.LookupTranslator,48
Mon Jan 15 16:59:01 AEDT 2018 org.apache.commons.lang3.text.translate.LookupTranslator,49
Mon Jan 15 16:59:01 AEDT 2018 org.apache.commons.lang3.text.translate.LookupTranslator,50
Mon Jan 15 16:59:01 AEDT 2018 org.apache.commons.lang3.text.translate.LookupTranslator,51
Mon Jan 15 16:59:01 AEDT 2018 org.apache.commons.lang3.text.translate.LookupTranslator,52
Mon Jan 15 16:59:02 AEDT 2018 org.apache.commons.lang3.text.translate.LookupTranslator,53
Mon Jan 15 16:59:02 AEDT 2018 org.apache.commons.lang3.text.translate.LookupTranslator,54
Mon Jan 15 16:59:02 AEDT 2018 org.apache.commons.lang3.text.translate.LookupTranslator,56
Mon Jan 15 16:59:02 AEDT 2018 org.apache.commons.lang3.text.translate.LookupTranslator,57
Mon Jan 15 16:59:03 AEDT 2018 org.apache.commons.lang3.text.translate.LookupTranslator,61
Mon Jan 15 17:00:15 AEDT 2018 org.apache.commons.lang3.text.translate.LookupTranslator,62
Mon Jan 15 17:00:15 AEDT 2018 Mon Jan 15 17:00:15 AEDT 2018 : org.apache.commons.lang3.text.translate.LookupTranslator,63=>Find no block
Mon Jan 15 17:00:15 AEDT 2018 Mon Jan 15 17:00:15 AEDT 2018 : org.apache.commons.lang3.text.translate.CharSequenceTranslator,32=>Find no block
Mon Jan 15 17:00:16 AEDT 2018 org.apache.commons.lang3.text.translate.LookupTranslator,76
Mon Jan 15 17:05:36 AEDT 2018 org.apache.commons.lang3.text.translate.LookupTranslator,77
Mon Jan 15 17:05:37 AEDT 2018 org.apache.commons.lang3.text.translate.LookupTranslator,78
Mon Jan 15 17:05:37 AEDT 2018 org.apache.commons.lang3.text.translate.LookupTranslator,83
Mon Jan 15 17:10:08 AEDT 2018 org.apache.commons.lang3.text.translate.LookupTranslator,70
Mon Jan 15 17:13:27 AEDT 2018 org.apache.commons.lang3.text.translate.LookupTranslator,71
Mon Jan 15 17:17:25 AEDT 2018 org.apache.commons.lang3.text.translate.LookupTranslator,75
Mon Jan 15 17:17:25 AEDT 2018 Mon Jan 15 17:17:25 AEDT 2018 : org.apache.commons.lang3.text.translate.AggregateTranslator,40=>Find no block
Mon Jan 15 17:17:26 AEDT 2018 org.apache.commons.lang3.text.translate.AggregateTranslator,41
Mon Jan 15 17:17:56 AEDT 2018 Mon Jan 15 17:17:56 AEDT 2018 : org.apache.commons.lang3.text.translate.AggregateTranslator,42=>Find no block
Mon Jan 15 17:17:57 AEDT 2018 org.apache.commons.lang3.text.translate.AggregateTranslator,51
Mon Jan 15 17:18:51 AEDT 2018 org.apache.commons.lang3.text.translate.AggregateTranslator,52
Mon Jan 15 17:18:52 AEDT 2018 org.apache.commons.lang3.text.translate.AggregateTranslator,53
Mon Jan 15 17:18:52 AEDT 2018 org.apache.commons.lang3.text.translate.AggregateTranslator,54
Mon Jan 15 17:18:52 AEDT 2018 org.apache.commons.lang3.text.translate.AggregateTranslator,57
Mon Jan 15 17:19:50 AEDT 2018 org.apache.commons.lang3.text.translate.CharSequenceTranslator,54
Mon Jan 15 17:19:51 AEDT 2018 org.apache.commons.lang3.text.translate.CharSequenceTranslator,55
Mon Jan 15 17:19:52 AEDT 2018 org.apache.commons.lang3.text.translate.CharSequenceTranslator,58
Mon Jan 15 17:20:34 AEDT 2018 org.apache.commons.lang3.text.translate.CharSequenceTranslator,59
Mon Jan 15 17:20:34 AEDT 2018 org.apache.commons.lang3.text.translate.CharSequenceTranslator,60
Mon Jan 15 17:20:35 AEDT 2018 Mon Jan 15 17:20:35 AEDT 2018 : org.apache.commons.lang3.text.translate.CharSequenceTranslator,61=>Find no block
Mon Jan 15 17:20:35 AEDT 2018 org.apache.commons.lang3.text.translate.CharSequenceTranslator,63
Mon Jan 15 17:20:36 AEDT 2018 org.apache.commons.lang3.text.translate.CharSequenceTranslator,76
Mon Jan 15 17:20:37 AEDT 2018 org.apache.commons.lang3.text.translate.CharSequenceTranslator,77
Mon Jan 15 17:20:38 AEDT 2018 org.apache.commons.lang3.text.translate.CharSequenceTranslator,79
Mon Jan 15 17:20:49 AEDT 2018 org.apache.commons.lang3.text.translate.CharSequenceTranslator,80
Mon Jan 15 17:20:49 AEDT 2018 org.apache.commons.lang3.text.translate.CharSequenceTranslator,82
Mon Jan 15 17:25:19 AEDT 2018 org.apache.commons.lang3.text.translate.CharSequenceTranslator,83
Mon Jan 15 17:25:20 AEDT 2018 org.apache.commons.lang3.text.translate.CharSequenceTranslator,84
Mon Jan 15 17:35:04 AEDT 2018 org.apache.commons.lang3.text.translate.CharSequenceTranslator,85
Mon Jan 15 17:35:04 AEDT 2018 org.apache.commons.lang3.text.translate.CharSequenceTranslator,86
Mon Jan 15 17:35:05 AEDT 2018 org.apache.commons.lang3.text.translate.CharSequenceTranslator,87
Mon Jan 15 17:35:05 AEDT 2018 org.apache.commons.lang3.text.translate.CharSequenceTranslator,88
Mon Jan 15 17:35:05 AEDT 2018 org.apache.commons.lang3.text.translate.CharSequenceTranslator,89
Mon Jan 15 17:35:06 AEDT 2018 org.apache.commons.lang3.text.translate.CharSequenceTranslator,90
Mon Jan 15 17:35:06 AEDT 2018 org.apache.commons.lang3.text.translate.CharSequenceTranslator,94
Mon Jan 15 17:35:06 AEDT 2018 org.apache.commons.lang3.text.translate.CharSequenceTranslator,95
Mon Jan 15 17:35:07 AEDT 2018 Mon Jan 15 17:35:07 AEDT 2018 : org.apache.commons.lang3.text.translate.CharSequenceTranslator,97=>Find no block
Mon Jan 15 17:35:08 AEDT 2018 Mon Jan 15 17:35:08 AEDT 2018 : org.apache.commons.lang3.text.translate.CharSequenceTranslator,98=>Find no block
Mon Jan 15 17:35:08 AEDT 2018 org.apache.commons.lang3.text.translate.CharSequenceTranslator,108
Mon Jan 15 17:39:01 AEDT 2018 org.apache.commons.lang3.text.translate.CharSequenceTranslator,109
Mon Jan 15 17:39:01 AEDT 2018 org.apache.commons.lang3.text.translate.CharSequenceTranslator,110
Mon Jan 15 17:39:02 AEDT 2018 org.apache.commons.lang3.text.translate.CharSequenceTranslator,111
Mon Jan 15 17:39:02 AEDT 2018 org.apache.commons.lang3.text.translate.CharSequenceTranslator,122
Mon Jan 15 17:39:03 AEDT 2018 org.apache.commons.lang3.text.translate.LookupTranslator,72
Mon Jan 15 17:39:04 AEDT 2018 org.apache.commons.lang3.text.translate.LookupTranslator,79
Mon Jan 15 17:39:04 AEDT 2018 org.apache.commons.lang3.text.translate.LookupTranslator,80
Failed time : 18/01/15 17:39
Current failed test : org.apache.commons.lang3.text.translate.LookupTranslatorTest::testLang882_purify_2 | 18/01/15 17:39
Mon Jan 15 17:39:42 AEDT 2018 Mon Jan 15 17:39:42 AEDT 2018 : org.apache.commons.lang3.text.translate.LookupTranslator,45=>Find no block
Mon Jan 15 17:39:42 AEDT 2018 org.apache.commons.lang3.text.translate.LookupTranslator,46
Mon Jan 15 17:40:05 AEDT 2018 org.apache.commons.lang3.text.translate.LookupTranslator,47
Mon Jan 15 17:40:05 AEDT 2018 org.apache.commons.lang3.text.translate.LookupTranslator,48
Mon Jan 15 17:46:42 AEDT 2018 org.apache.commons.lang3.text.translate.LookupTranslator,49
Mon Jan 15 17:46:42 AEDT 2018 org.apache.commons.lang3.text.translate.LookupTranslator,50
Mon Jan 15 17:46:42 AEDT 2018 org.apache.commons.lang3.text.translate.LookupTranslator,51
Mon Jan 15 17:46:43 AEDT 2018 org.apache.commons.lang3.text.translate.LookupTranslator,52
Mon Jan 15 17:46:43 AEDT 2018 org.apache.commons.lang3.text.translate.LookupTranslator,53
Mon Jan 15 17:46:44 AEDT 2018 org.apache.commons.lang3.text.translate.LookupTranslator,54
Mon Jan 15 17:46:44 AEDT 2018 org.apache.commons.lang3.text.translate.LookupTranslator,56
Mon Jan 15 17:46:45 AEDT 2018 org.apache.commons.lang3.text.translate.LookupTranslator,57
Mon Jan 15 17:46:45 AEDT 2018 org.apache.commons.lang3.text.translate.LookupTranslator,61
Mon Jan 15 17:48:04 AEDT 2018 org.apache.commons.lang3.text.translate.LookupTranslator,62
Mon Jan 15 17:48:04 AEDT 2018 Mon Jan 15 17:48:04 AEDT 2018 : org.apache.commons.lang3.text.translate.LookupTranslator,63=>Find no block
Mon Jan 15 17:48:05 AEDT 2018 Mon Jan 15 17:48:05 AEDT 2018 : org.apache.commons.lang3.text.translate.CharSequenceTranslator,32=>Find no block
Mon Jan 15 17:48:05 AEDT 2018 org.apache.commons.lang3.text.translate.LookupTranslator,76
Mon Jan 15 17:54:09 AEDT 2018 org.apache.commons.lang3.text.translate.LookupTranslator,77
Mon Jan 15 17:54:09 AEDT 2018 org.apache.commons.lang3.text.translate.LookupTranslator,78
Mon Jan 15 17:54:10 AEDT 2018 org.apache.commons.lang3.text.translate.LookupTranslator,83
Mon Jan 15 17:59:35 AEDT 2018 org.apache.commons.lang3.text.translate.LookupTranslator,70
Mon Jan 15 18:03:23 AEDT 2018 org.apache.commons.lang3.text.translate.LookupTranslator,71
Mon Jan 15 18:07:49 AEDT 2018 org.apache.commons.lang3.text.translate.LookupTranslator,75
Mon Jan 15 18:07:50 AEDT 2018 Mon Jan 15 18:07:50 AEDT 2018 : org.apache.commons.lang3.text.translate.AggregateTranslator,40=>Find no block
Mon Jan 15 18:07:50 AEDT 2018 org.apache.commons.lang3.text.translate.AggregateTranslator,41
Mon Jan 15 18:08:28 AEDT 2018 Mon Jan 15 18:08:28 AEDT 2018 : org.apache.commons.lang3.text.translate.AggregateTranslator,42=>Find no block
Mon Jan 15 18:08:29 AEDT 2018 org.apache.commons.lang3.text.translate.AggregateTranslator,51
Mon Jan 15 18:09:26 AEDT 2018 org.apache.commons.lang3.text.translate.AggregateTranslator,52
Mon Jan 15 18:09:27 AEDT 2018 org.apache.commons.lang3.text.translate.AggregateTranslator,53
Mon Jan 15 18:09:27 AEDT 2018 org.apache.commons.lang3.text.translate.AggregateTranslator,54
Mon Jan 15 18:09:27 AEDT 2018 org.apache.commons.lang3.text.translate.AggregateTranslator,57
Mon Jan 15 18:10:28 AEDT 2018 org.apache.commons.lang3.text.translate.CharSequenceTranslator,54
Mon Jan 15 18:10:29 AEDT 2018 org.apache.commons.lang3.text.translate.CharSequenceTranslator,55
Mon Jan 15 18:10:30 AEDT 2018 org.apache.commons.lang3.text.translate.CharSequenceTranslator,58
Mon Jan 15 18:11:16 AEDT 2018 org.apache.commons.lang3.text.translate.CharSequenceTranslator,59
Mon Jan 15 18:11:16 AEDT 2018 org.apache.commons.lang3.text.translate.CharSequenceTranslator,60
Mon Jan 15 18:11:17 AEDT 2018 Mon Jan 15 18:11:17 AEDT 2018 : org.apache.commons.lang3.text.translate.CharSequenceTranslator,61=>Find no block
Mon Jan 15 18:11:17 AEDT 2018 org.apache.commons.lang3.text.translate.CharSequenceTranslator,63
Mon Jan 15 18:11:18 AEDT 2018 org.apache.commons.lang3.text.translate.CharSequenceTranslator,76
Mon Jan 15 18:11:19 AEDT 2018 org.apache.commons.lang3.text.translate.CharSequenceTranslator,77
Mon Jan 15 18:11:20 AEDT 2018 org.apache.commons.lang3.text.translate.CharSequenceTranslator,79
Mon Jan 15 18:11:36 AEDT 2018 org.apache.commons.lang3.text.translate.CharSequenceTranslator,80
Mon Jan 15 18:11:37 AEDT 2018 org.apache.commons.lang3.text.translate.CharSequenceTranslator,82
Mon Jan 15 18:16:46 AEDT 2018 org.apache.commons.lang3.text.translate.CharSequenceTranslator,83
Mon Jan 15 18:16:47 AEDT 2018 org.apache.commons.lang3.text.translate.CharSequenceTranslator,84
Mon Jan 15 18:26:35 AEDT 2018 org.apache.commons.lang3.text.translate.CharSequenceTranslator,85
Mon Jan 15 18:26:35 AEDT 2018 org.apache.commons.lang3.text.translate.CharSequenceTranslator,86
Mon Jan 15 18:26:36 AEDT 2018 org.apache.commons.lang3.text.translate.CharSequenceTranslator,87
Mon Jan 15 18:26:36 AEDT 2018 org.apache.commons.lang3.text.translate.CharSequenceTranslator,88
Mon Jan 15 18:26:37 AEDT 2018 org.apache.commons.lang3.text.translate.CharSequenceTranslator,89
Mon Jan 15 18:26:37 AEDT 2018 org.apache.commons.lang3.text.translate.CharSequenceTranslator,90
Mon Jan 15 18:26:38 AEDT 2018 org.apache.commons.lang3.text.translate.CharSequenceTranslator,94
Mon Jan 15 18:26:38 AEDT 2018 org.apache.commons.lang3.text.translate.CharSequenceTranslator,95
Mon Jan 15 18:26:39 AEDT 2018 Mon Jan 15 18:26:39 AEDT 2018 : org.apache.commons.lang3.text.translate.CharSequenceTranslator,97=>Find no block
Mon Jan 15 18:26:40 AEDT 2018 Mon Jan 15 18:26:40 AEDT 2018 : org.apache.commons.lang3.text.translate.CharSequenceTranslator,98=>Find no block
Mon Jan 15 18:26:40 AEDT 2018 org.apache.commons.lang3.text.translate.CharSequenceTranslator,108
Mon Jan 15 18:30:26 AEDT 2018 org.apache.commons.lang3.text.translate.CharSequenceTranslator,109
Mon Jan 15 18:30:26 AEDT 2018 org.apache.commons.lang3.text.translate.CharSequenceTranslator,110
Mon Jan 15 18:30:27 AEDT 2018 org.apache.commons.lang3.text.translate.CharSequenceTranslator,111
Mon Jan 15 18:30:27 AEDT 2018 org.apache.commons.lang3.text.translate.CharSequenceTranslator,122
Mon Jan 15 18:30:29 AEDT 2018 org.apache.commons.lang3.text.translate.LookupTranslator,72
Mon Jan 15 18:30:30 AEDT 2018 org.apache.commons.lang3.text.translate.LookupTranslator,79
Mon Jan 15 18:30:30 AEDT 2018 org.apache.commons.lang3.text.translate.LookupTranslator,80
Failed time : 18/01/15 18:30
