=================================================
Project : lang_52	start : 18/01/16 03:08
Current failed test : org.apache.commons.lang.StringEscapeUtilsTest::testEscapeJavaScript | 18/01/16 03:08
Tue Jan 16 03:09:37 AEDT 2018 org.apache.commons.lang.StringEscapeUtils,122
Tue Jan 16 03:09:38 AEDT 2018 org.apache.commons.lang.StringEscapeUtils,138
Tue Jan 16 03:09:39 AEDT 2018 org.apache.commons.lang.StringEscapeUtils,224
Tue Jan 16 03:11:15 AEDT 2018 org.apache.commons.lang.StringEscapeUtils,150
Tue Jan 16 03:13:31 AEDT 2018 org.apache.commons.lang.StringEscapeUtils,173
Tue Jan 16 03:13:32 AEDT 2018 org.apache.commons.lang.StringEscapeUtils,229
Tue Jan 16 03:14:52 AEDT 2018 org.apache.commons.lang.StringEscapeUtils,230
Tue Jan 16 03:16:38 AEDT 2018 org.apache.commons.lang.StringEscapeUtils,231
Tue Jan 16 03:17:50 AEDT 2018 org.apache.commons.lang.StringEscapeUtils,223
Tue Jan 16 03:17:50 AEDT 2018 org.apache.commons.lang.StringEscapeUtils,226
Tue Jan 16 03:20:21 AEDT 2018 org.apache.commons.lang.StringEscapeUtils,227
Tue Jan 16 03:21:29 AEDT 2018 org.apache.commons.lang.StringEscapeUtils,149
Tue Jan 16 03:21:29 AEDT 2018 org.apache.commons.lang.StringEscapeUtils,153
Tue Jan 16 03:25:47 AEDT 2018 org.apache.commons.lang.StringEscapeUtils,154
Tue Jan 16 03:25:47 AEDT 2018 org.apache.commons.lang.StringEscapeUtils,155
Tue Jan 16 03:25:48 AEDT 2018 org.apache.commons.lang.StringEscapeUtils,172
Tue Jan 16 03:25:48 AEDT 2018 org.apache.commons.lang.StringEscapeUtils,175
Tue Jan 16 03:27:28 AEDT 2018 org.apache.commons.lang.StringEscapeUtils,179
Tue Jan 16 03:35:20 AEDT 2018 org.apache.commons.lang.StringEscapeUtils,180
Timeout time : 18/01/16 08:12
