=================================================
Project : lang_9	start : 18/01/15 23:57
Current failed test : org.apache.commons.lang3.time.FastDateFormat_ParserTest::testLANG_832 | 18/01/15 23:57
Mon Jan 15 23:58:26 AEDT 2018 org.apache.commons.lang3.time.FastDateParser,180
Mon Jan 15 23:58:29 AEDT 2018 org.apache.commons.lang3.time.FastDateParser,537
Mon Jan 15 23:59:55 AEDT 2018 org.apache.commons.lang3.time.FastDateParser,538
Mon Jan 15 23:59:56 AEDT 2018 org.apache.commons.lang3.time.FastDateParser,260
Tue Jan 16 00:04:26 AEDT 2018 org.apache.commons.lang3.time.FastDateParser,732
Tue Jan 16 00:04:48 AEDT 2018 Tue Jan 16 00:04:48 AEDT 2018 : org.apache.commons.lang3.time.FastDateParser,733=>Find no block
Tue Jan 16 00:04:49 AEDT 2018 org.apache.commons.lang3.time.FastDateParser,741
Tue Jan 16 00:04:53 AEDT 2018 org.apache.commons.lang3.time.FastDateParser,282
Tue Jan 16 00:07:20 AEDT 2018 org.apache.commons.lang3.time.FastDateParser,283
Tue Jan 16 00:14:28 AEDT 2018 org.apache.commons.lang3.time.FastDateParser,285
Tue Jan 16 00:19:21 AEDT 2018 org.apache.commons.lang3.time.FastDateParser,286
Tue Jan 16 00:19:23 AEDT 2018 org.apache.commons.lang3.time.FastDateParser,287
Tue Jan 16 00:19:24 AEDT 2018 Tue Jan 16 00:19:24 AEDT 2018 : org.apache.commons.lang3.time.FastDateParser,288=>Find no block
Tue Jan 16 00:19:25 AEDT 2018 org.apache.commons.lang3.time.FastDateParser,289
Tue Jan 16 00:34:12 AEDT 2018 org.apache.commons.lang3.time.FastDateParser,290
Tue Jan 16 00:34:13 AEDT 2018 org.apache.commons.lang3.time.FastDateParser,250
Tue Jan 16 00:34:14 AEDT 2018 org.apache.commons.lang3.time.FastDateParser,251
Tue Jan 16 00:34:16 AEDT 2018 org.apache.commons.lang3.time.FastDateParser,276
Tue Jan 16 00:36:09 AEDT 2018 org.apache.commons.lang3.time.FastDateParser,277
Tue Jan 16 00:36:10 AEDT 2018 org.apache.commons.lang3.time.FastDateParser,278
Tue Jan 16 00:36:23 AEDT 2018 Tue Jan 16 00:36:23 AEDT 2018 : org.apache.commons.lang3.time.FastDatePrinter,632=>Find no block
Tue Jan 16 00:36:25 AEDT 2018 org.apache.commons.lang3.time.FastDatePrinter,633
Tue Jan 16 00:37:00 AEDT 2018 Tue Jan 16 00:37:00 AEDT 2018 : org.apache.commons.lang3.time.FastDatePrinter,634=>Find no block
Tue Jan 16 00:37:01 AEDT 2018 org.apache.commons.lang3.time.FastDatePrinter,641
Tue Jan 16 00:37:23 AEDT 2018 org.apache.commons.lang3.time.FastDatePrinter,277
Tue Jan 16 00:39:26 AEDT 2018 org.apache.commons.lang3.time.FastDatePrinter,279
Tue Jan 16 00:44:50 AEDT 2018 org.apache.commons.lang3.time.FastDatePrinter,359
Tue Jan 16 00:45:47 AEDT 2018 Tue Jan 16 00:45:47 AEDT 2018 : org.apache.commons.lang3.time.FastDatePrinter,707=>Find no block
Tue Jan 16 00:45:49 AEDT 2018 org.apache.commons.lang3.time.FastDatePrinter,708
Tue Jan 16 00:46:08 AEDT 2018 Tue Jan 16 00:46:08 AEDT 2018 : org.apache.commons.lang3.time.FastDatePrinter,709=>Find no block
Tue Jan 16 00:46:09 AEDT 2018 org.apache.commons.lang3.time.FastDatePrinter,716
Tue Jan 16 00:46:13 AEDT 2018 org.apache.commons.lang3.time.FastDateParser,566
Tue Jan 16 00:46:21 AEDT 2018 org.apache.commons.lang3.time.FastDatePrinter,328
Tue Jan 16 00:52:25 AEDT 2018 org.apache.commons.lang3.time.FastDatePrinter,333
Tue Jan 16 00:52:26 AEDT 2018 org.apache.commons.lang3.time.FastDateParser,145
Tue Jan 16 00:53:16 AEDT 2018 org.apache.commons.lang3.time.FastDateParser,304
Tue Jan 16 01:04:30 AEDT 2018 org.apache.commons.lang3.time.FastDateParser,305
Tue Jan 16 01:04:40 AEDT 2018 Tue Jan 16 01:04:40 AEDT 2018 : org.apache.commons.lang3.time.FastDateParser,306=>Find no block
Tue Jan 16 01:04:42 AEDT 2018 org.apache.commons.lang3.time.FastDateParser,331
Tue Jan 16 01:06:56 AEDT 2018 org.apache.commons.lang3.time.FastDateParser,333
Tue Jan 16 01:17:41 AEDT 2018 org.apache.commons.lang3.time.FastDateParser,542
Tue Jan 16 01:18:31 AEDT 2018 Tue Jan 16 01:18:31 AEDT 2018 : org.apache.commons.lang3.time.FastDateParser,603=>Find no block
Tue Jan 16 01:18:33 AEDT 2018 org.apache.commons.lang3.time.FastDateParser,604
Tue Jan 16 01:18:36 AEDT 2018 Tue Jan 16 01:18:36 AEDT 2018 : org.apache.commons.lang3.time.FastDateParser,605=>Find no block
Tue Jan 16 01:18:38 AEDT 2018 org.apache.commons.lang3.time.FastDateParser,624
Tue Jan 16 01:19:21 AEDT 2018 org.apache.commons.lang3.time.FastDateParser,625
Tue Jan 16 01:19:22 AEDT 2018 Tue Jan 16 01:19:22 AEDT 2018 : org.apache.commons.lang3.time.FastDateParser,104=>Find no block
Tue Jan 16 01:19:22 AEDT 2018 org.apache.commons.lang3.time.FastDateParser,105
Tue Jan 16 01:21:06 AEDT 2018 org.apache.commons.lang3.time.FastDateParser,106
Tue Jan 16 01:21:06 AEDT 2018 org.apache.commons.lang3.time.FastDateParser,107
Tue Jan 16 01:21:07 AEDT 2018 org.apache.commons.lang3.time.FastDateParser,108
Tue Jan 16 01:21:08 AEDT 2018 Tue Jan 16 01:21:08 AEDT 2018 : org.apache.commons.lang3.time.FastDateParser,109=>Find no block
Tue Jan 16 01:21:09 AEDT 2018 org.apache.commons.lang3.time.FastDateParser,718
Tue Jan 16 01:21:25 AEDT 2018 org.apache.commons.lang3.time.FastDateParser,722
Tue Jan 16 01:21:27 AEDT 2018 org.apache.commons.lang3.time.FastDateParser,724
Tue Jan 16 01:22:27 AEDT 2018 org.apache.commons.lang3.time.FastDateParser,116
Tue Jan 16 01:25:02 AEDT 2018 org.apache.commons.lang3.time.FastDateParser,118
Tue Jan 16 01:25:04 AEDT 2018 org.apache.commons.lang3.time.FastDateParser,120
Tue Jan 16 01:26:07 AEDT 2018 org.apache.commons.lang3.time.FastDateParser,121
Tue Jan 16 01:27:17 AEDT 2018 org.apache.commons.lang3.time.FastDateParser,123
Tue Jan 16 01:28:26 AEDT 2018 org.apache.commons.lang3.time.FastDateParser,124
Tue Jan 16 01:28:42 AEDT 2018 org.apache.commons.lang3.time.FastDateParser,128
Tue Jan 16 01:30:14 AEDT 2018 org.apache.commons.lang3.time.FastDateParser,129
Tue Jan 16 01:30:15 AEDT 2018 org.apache.commons.lang3.time.FastDateParser,131
Tue Jan 16 01:31:37 AEDT 2018 org.apache.commons.lang3.time.FastDateParser,132
Tue Jan 16 01:32:10 AEDT 2018 org.apache.commons.lang3.time.FastDateParser,133
Tue Jan 16 01:32:11 AEDT 2018 org.apache.commons.lang3.time.FastDateParser,134
Tue Jan 16 01:32:12 AEDT 2018 org.apache.commons.lang3.time.FastDateParser,136
Tue Jan 16 01:32:58 AEDT 2018 org.apache.commons.lang3.time.FastDateParser,137
Tue Jan 16 01:34:20 AEDT 2018 org.apache.commons.lang3.time.FastDateParser,138
Tue Jan 16 01:34:21 AEDT 2018 org.apache.commons.lang3.time.FastDateParser,141
Tue Jan 16 01:36:37 AEDT 2018 org.apache.commons.lang3.time.FastDateParser,142
Tue Jan 16 01:36:37 AEDT 2018 Tue Jan 16 01:36:37 AEDT 2018 : org.apache.commons.lang3.time.FastDateParser,143=>Find no block
Tue Jan 16 01:36:38 AEDT 2018 org.apache.commons.lang3.time.FastDateParser,144
Tue Jan 16 01:36:38 AEDT 2018 org.apache.commons.lang3.time.FastDateParser,147
Tue Jan 16 01:38:12 AEDT 2018 org.apache.commons.lang3.time.FastDateParser,148
Tue Jan 16 01:42:04 AEDT 2018 org.apache.commons.lang3.time.FastDateParser,149
Tue Jan 16 01:42:06 AEDT 2018 Tue Jan 16 01:42:06 AEDT 2018 : org.apache.commons.lang3.time.FastDateParser,150=>Find no block
Tue Jan 16 01:42:07 AEDT 2018 org.apache.commons.lang3.time.FastDateParser,485
Tue Jan 16 01:42:11 AEDT 2018 Tue Jan 16 01:42:11 AEDT 2018 : org.apache.commons.lang3.time.FastDateParser,535=>Find no block
Tue Jan 16 01:42:12 AEDT 2018 org.apache.commons.lang3.time.FastDateFormat,472
Tue Jan 16 01:42:16 AEDT 2018 org.apache.commons.lang3.time.FastDatePrinter,217
Tue Jan 16 01:43:30 AEDT 2018 org.apache.commons.lang3.time.FastDatePrinter,218
Tue Jan 16 01:44:26 AEDT 2018 org.apache.commons.lang3.time.FastDateFormat,165
Tue Jan 16 01:44:56 AEDT 2018 org.apache.commons.lang3.time.FastDatePrinter,275
Tue Jan 16 01:44:57 AEDT 2018 Tue Jan 16 01:44:57 AEDT 2018 : org.apache.commons.lang3.time.FastDatePrinter,599=>Find no block
Tue Jan 16 01:44:57 AEDT 2018 org.apache.commons.lang3.time.FastDatePrinter,600
Tue Jan 16 01:44:58 AEDT 2018 Tue Jan 16 01:44:58 AEDT 2018 : org.apache.commons.lang3.time.FastDatePrinter,601=>Find no block
Tue Jan 16 01:44:59 AEDT 2018 org.apache.commons.lang3.time.FastDatePrinter,608
Tue Jan 16 01:45:02 AEDT 2018 Tue Jan 16 01:45:02 AEDT 2018 : org.apache.commons.lang3.time.FastDateFormat,368=>Find no block
Tue Jan 16 01:45:04 AEDT 2018 org.apache.commons.lang3.time.FastDateFormat,369
Tue Jan 16 01:45:43 AEDT 2018 org.apache.commons.lang3.time.FastDateFormat,370
Tue Jan 16 01:45:45 AEDT 2018 Tue Jan 16 01:45:45 AEDT 2018 : org.apache.commons.lang3.time.FastDateFormat,371=>Find no block
Tue Jan 16 01:45:46 AEDT 2018 org.apache.commons.lang3.time.FormatCache,82
Tue Jan 16 01:46:01 AEDT 2018 org.apache.commons.lang3.time.FormatCache,83
Tue Jan 16 01:46:03 AEDT 2018 org.apache.commons.lang3.time.FormatCache,84
Tue Jan 16 01:46:04 AEDT 2018 Tue Jan 16 01:46:04 AEDT 2018 : org.apache.commons.lang3.time.FastDateFormat,91=>Find no block
Tue Jan 16 01:46:06 AEDT 2018 Tue Jan 16 01:46:06 AEDT 2018 : org.apache.commons.lang3.time.FastDatePrinter,136=>Find no block
Tue Jan 16 01:46:07 AEDT 2018 org.apache.commons.lang3.time.FastDatePrinter,137
Tue Jan 16 01:48:14 AEDT 2018 org.apache.commons.lang3.time.FastDatePrinter,138
Tue Jan 16 01:48:16 AEDT 2018 org.apache.commons.lang3.time.FastDatePrinter,139
Tue Jan 16 01:48:17 AEDT 2018 org.apache.commons.lang3.time.FastDatePrinter,141
Tue Jan 16 01:48:19 AEDT 2018 Tue Jan 16 01:48:19 AEDT 2018 : org.apache.commons.lang3.time.FastDatePrinter,142=>Find no block
Tue Jan 16 01:48:20 AEDT 2018 org.apache.commons.lang3.time.FastDatePrinter,273
Tue Jan 16 01:48:54 AEDT 2018 org.apache.commons.lang3.time.FastDatePrinter,274
Tue Jan 16 01:48:55 AEDT 2018 org.apache.commons.lang3.time.FastDatePrinter,320
Tue Jan 16 01:51:38 AEDT 2018 org.apache.commons.lang3.time.FastDatePrinter,322
Tue Jan 16 01:51:40 AEDT 2018 org.apache.commons.lang3.time.FastDatePrinter,324
Tue Jan 16 01:57:30 AEDT 2018 org.apache.commons.lang3.time.FastDatePrinter,325
Tue Jan 16 01:57:35 AEDT 2018 org.apache.commons.lang3.time.FastDatePrinter,327
Tue Jan 16 01:57:37 AEDT 2018 org.apache.commons.lang3.time.FastDatePrinter,335
Tue Jan 16 01:57:38 AEDT 2018 org.apache.commons.lang3.time.FastDatePrinter,337
Tue Jan 16 01:57:40 AEDT 2018 org.apache.commons.lang3.time.FastDatePrinter,338
Tue Jan 16 01:57:41 AEDT 2018 org.apache.commons.lang3.time.FastDatePrinter,340
Tue Jan 16 01:57:43 AEDT 2018 Tue Jan 16 01:57:43 AEDT 2018 : org.apache.commons.lang3.time.FastDatePrinter,357=>Find no block
Tue Jan 16 01:57:44 AEDT 2018 org.apache.commons.lang3.time.FastDatePrinter,148
Tue Jan 16 02:24:38 AEDT 2018 org.apache.commons.lang3.time.FastDatePrinter,149
Tue Jan 16 02:24:40 AEDT 2018 org.apache.commons.lang3.time.FastDatePrinter,151
Tue Jan 16 02:24:41 AEDT 2018 org.apache.commons.lang3.time.FastDatePrinter,152
Tue Jan 16 02:24:43 AEDT 2018 org.apache.commons.lang3.time.FastDatePrinter,153
Tue Jan 16 02:24:44 AEDT 2018 org.apache.commons.lang3.time.FastDatePrinter,156
Tue Jan 16 02:24:46 AEDT 2018 Tue Jan 16 02:24:46 AEDT 2018 : org.apache.commons.lang3.time.FastDatePrinter,157=>Find no block
Tue Jan 16 02:24:47 AEDT 2018 org.apache.commons.lang3.time.FastDatePrinter,168
Tue Jan 16 02:25:14 AEDT 2018 org.apache.commons.lang3.time.FastDatePrinter,169
Tue Jan 16 02:25:15 AEDT 2018 org.apache.commons.lang3.time.FastDatePrinter,171
Tue Jan 16 02:25:42 AEDT 2018 org.apache.commons.lang3.time.FastDatePrinter,172
Tue Jan 16 02:26:09 AEDT 2018 org.apache.commons.lang3.time.FastDatePrinter,173
Tue Jan 16 02:26:36 AEDT 2018 org.apache.commons.lang3.time.FastDatePrinter,174
Tue Jan 16 02:27:02 AEDT 2018 org.apache.commons.lang3.time.FastDatePrinter,175
Tue Jan 16 02:27:29 AEDT 2018 org.apache.commons.lang3.time.FastDatePrinter,176
Tue Jan 16 02:31:44 AEDT 2018 org.apache.commons.lang3.time.FastDatePrinter,178
Tue Jan 16 02:36:28 AEDT 2018 org.apache.commons.lang3.time.FastDatePrinter,179
Tue Jan 16 02:36:29 AEDT 2018 org.apache.commons.lang3.time.FastDatePrinter,181
Tue Jan 16 03:05:27 AEDT 2018 org.apache.commons.lang3.time.FastDatePrinter,182
Tue Jan 16 03:06:48 AEDT 2018 org.apache.commons.lang3.time.FastDatePrinter,183
Tue Jan 16 03:06:49 AEDT 2018 org.apache.commons.lang3.time.FastDatePrinter,184
Tue Jan 16 03:16:02 AEDT 2018 org.apache.commons.lang3.time.FastDatePrinter,186
Tue Jan 16 03:29:47 AEDT 2018 org.apache.commons.lang3.time.FastDatePrinter,187
Tue Jan 16 03:29:48 AEDT 2018 org.apache.commons.lang3.time.FastDatePrinter,192
Tue Jan 16 03:33:31 AEDT 2018 Tue Jan 16 03:33:31 AEDT 2018 : org.apache.commons.lang3.time.FastDatePrinter,194=>Find no block
Tue Jan 16 03:33:32 AEDT 2018 org.apache.commons.lang3.time.FastDatePrinter,284
Timeout time : 18/01/16 04:58
