=================================================
Project : lang_17	start : 18/01/15 16:57
Current failed test : org.apache.commons.lang3.StringEscapeUtilsTest::testLang720 | 18/01/15 16:58
Mon Jan 15 16:58:54 AEDT 2018 org.apache.commons.lang3.StringEscapeUtils,506

----------------------------------------
----------------------------------------
Pass Single Test : [=>0,0]
return ESCAPE_CSV.translate(input);

Time : 18/01/15 17:00
----------------------------------------

----------------------------------------
----------------------------------------
Pass Single Test : [=>0,0]
return UNESCAPE_CSV.translate(input);

Time : 18/01/15 17:01
----------------------------------------
Mon Jan 15 17:01:24 AEDT 2018 org.apache.commons.lang3.text.translate.AggregateTranslator,57
Mon Jan 15 17:02:55 AEDT 2018 org.apache.commons.lang3.text.translate.AggregateTranslator,51
Mon Jan 15 17:02:59 AEDT 2018 org.apache.commons.lang3.text.translate.AggregateTranslator,52
Mon Jan 15 17:03:00 AEDT 2018 org.apache.commons.lang3.text.translate.AggregateTranslator,53
Mon Jan 15 17:03:01 AEDT 2018 org.apache.commons.lang3.text.translate.LookupTranslator,78
Mon Jan 15 17:15:07 AEDT 2018 org.apache.commons.lang3.text.translate.LookupTranslator,65
Mon Jan 15 17:19:11 AEDT 2018 org.apache.commons.lang3.text.translate.LookupTranslator,66
Mon Jan 15 17:24:18 AEDT 2018 org.apache.commons.lang3.text.translate.LookupTranslator,70
Mon Jan 15 17:24:19 AEDT 2018 org.apache.commons.lang3.text.translate.LookupTranslator,71
Mon Jan 15 17:24:21 AEDT 2018 org.apache.commons.lang3.text.translate.LookupTranslator,72
Mon Jan 15 17:24:22 AEDT 2018 org.apache.commons.lang3.text.translate.LookupTranslator,73
Mon Jan 15 17:24:23 AEDT 2018 org.apache.commons.lang3.text.translate.CharSequenceTranslator,87
Mon Jan 15 18:08:39 AEDT 2018 org.apache.commons.lang3.text.translate.CharSequenceTranslator,88
Mon Jan 15 18:08:40 AEDT 2018 Mon Jan 15 18:08:40 AEDT 2018 : org.apache.commons.lang3.text.translate.CharSequenceTranslator,89=>Find no block
Mon Jan 15 18:08:41 AEDT 2018 org.apache.commons.lang3.text.translate.CharSequenceTranslator,60
Mon Jan 15 18:09:40 AEDT 2018 org.apache.commons.lang3.text.translate.CharSequenceTranslator,54
Mon Jan 15 18:09:44 AEDT 2018 org.apache.commons.lang3.text.translate.CharSequenceTranslator,58
Mon Jan 15 18:09:45 AEDT 2018 org.apache.commons.lang3.text.translate.CharSequenceTranslator,59
Mon Jan 15 18:09:46 AEDT 2018 Mon Jan 15 18:09:46 AEDT 2018 : org.apache.commons.lang3.text.translate.CharSequenceTranslator,104=>Find no block
Mon Jan 15 18:09:48 AEDT 2018 org.apache.commons.lang3.text.translate.CharSequenceTranslator,76
Mon Jan 15 18:09:52 AEDT 2018 org.apache.commons.lang3.text.translate.CharSequenceTranslator,79
Mon Jan 15 18:10:08 AEDT 2018 org.apache.commons.lang3.text.translate.CharSequenceTranslator,82
Mon Jan 15 18:15:41 AEDT 2018 org.apache.commons.lang3.text.translate.CharSequenceTranslator,83
Mon Jan 15 18:15:43 AEDT 2018 org.apache.commons.lang3.text.translate.CharSequenceTranslator,84
Mon Jan 15 18:55:09 AEDT 2018 org.apache.commons.lang3.text.translate.CharSequenceTranslator,85
Mon Jan 15 18:55:15 AEDT 2018 org.apache.commons.lang3.text.translate.CharSequenceTranslator,86
Mon Jan 15 18:55:16 AEDT 2018 org.apache.commons.lang3.text.translate.CharSequenceTranslator,102
Mon Jan 15 19:30:59 AEDT 2018 Mon Jan 15 19:30:59 AEDT 2018 : org.apache.commons.lang3.text.translate.CharSequenceTranslator,103=>Find no block
Mon Jan 15 19:31:01 AEDT 2018 org.apache.commons.lang3.ArrayUtils,135
Mon Jan 15 19:31:04 AEDT 2018 Mon Jan 15 19:31:04 AEDT 2018 : org.apache.commons.lang3.ArrayUtils,136=>Find no block
Mon Jan 15 19:31:05 AEDT 2018 org.apache.commons.lang3.ArrayUtils,156
Mon Jan 15 19:32:05 AEDT 2018 org.apache.commons.lang3.ArrayUtils,172
Mon Jan 15 19:34:01 AEDT 2018 org.apache.commons.lang3.ArrayUtils,173
Mon Jan 15 19:34:02 AEDT 2018 org.apache.commons.lang3.ArrayUtils,175
Mon Jan 15 19:37:18 AEDT 2018 org.apache.commons.lang3.ArrayUtils,187
Mon Jan 15 19:37:22 AEDT 2018 org.apache.commons.lang3.ArrayUtils,201
Mon Jan 15 19:37:27 AEDT 2018 org.apache.commons.lang3.ArrayUtils,232
Mon Jan 15 19:38:08 AEDT 2018 org.apache.commons.lang3.ArrayUtils,233
Mon Jan 15 19:38:10 AEDT 2018 org.apache.commons.lang3.ArrayUtils,235
Mon Jan 15 19:39:50 AEDT 2018 org.apache.commons.lang3.ArrayUtils,236
Mon Jan 15 19:56:57 AEDT 2018 org.apache.commons.lang3.ArrayUtils,237
Mon Jan 15 19:57:02 AEDT 2018 org.apache.commons.lang3.ArrayUtils,238
Mon Jan 15 19:57:03 AEDT 2018 org.apache.commons.lang3.ArrayUtils,239
Mon Jan 15 19:57:05 AEDT 2018 org.apache.commons.lang3.ArrayUtils,240
Mon Jan 15 19:57:06 AEDT 2018 org.apache.commons.lang3.ArrayUtils,241
Mon Jan 15 19:57:07 AEDT 2018 org.apache.commons.lang3.ArrayUtils,242
Mon Jan 15 19:57:09 AEDT 2018 org.apache.commons.lang3.ArrayUtils,243
Mon Jan 15 19:57:10 AEDT 2018 org.apache.commons.lang3.ArrayUtils,244
Mon Jan 15 19:57:12 AEDT 2018 org.apache.commons.lang3.ArrayUtils,248
Mon Jan 15 19:57:13 AEDT 2018 Mon Jan 15 19:57:13 AEDT 2018 : org.apache.commons.lang3.ArrayUtils,249=>Find no block
Mon Jan 15 19:57:14 AEDT 2018 org.apache.commons.lang3.ArrayUtils,250
Mon Jan 15 19:57:16 AEDT 2018 org.apache.commons.lang3.ArrayUtils,255
Mon Jan 15 20:03:41 AEDT 2018 org.apache.commons.lang3.ArrayUtils,298
Mon Jan 15 20:03:45 AEDT 2018 org.apache.commons.lang3.ArrayUtils,317
Mon Jan 15 20:03:46 AEDT 2018 org.apache.commons.lang3.ArrayUtils,318
Mon Jan 15 20:03:47 AEDT 2018 org.apache.commons.lang3.ArrayUtils,320
Mon Jan 15 20:04:47 AEDT 2018 org.apache.commons.lang3.ArrayUtils,333
Mon Jan 15 20:04:49 AEDT 2018 org.apache.commons.lang3.ArrayUtils,334
Mon Jan 15 20:04:50 AEDT 2018 org.apache.commons.lang3.ArrayUtils,336
Mon Jan 15 20:04:52 AEDT 2018 org.apache.commons.lang3.ArrayUtils,349
Mon Jan 15 20:04:53 AEDT 2018 org.apache.commons.lang3.ArrayUtils,350
Mon Jan 15 20:04:55 AEDT 2018 org.apache.commons.lang3.ArrayUtils,352
Mon Jan 15 20:04:56 AEDT 2018 org.apache.commons.lang3.ArrayUtils,365
Mon Jan 15 20:04:57 AEDT 2018 org.apache.commons.lang3.ArrayUtils,366
Mon Jan 15 20:04:58 AEDT 2018 org.apache.commons.lang3.ArrayUtils,368
Mon Jan 15 20:05:00 AEDT 2018 org.apache.commons.lang3.ArrayUtils,381
Mon Jan 15 20:05:01 AEDT 2018 org.apache.commons.lang3.ArrayUtils,382
Mon Jan 15 20:05:03 AEDT 2018 org.apache.commons.lang3.ArrayUtils,384
Mon Jan 15 20:05:04 AEDT 2018 org.apache.commons.lang3.ArrayUtils,397
Mon Jan 15 20:05:05 AEDT 2018 org.apache.commons.lang3.ArrayUtils,398
Mon Jan 15 20:05:07 AEDT 2018 org.apache.commons.lang3.ArrayUtils,400
Mon Jan 15 20:05:08 AEDT 2018 org.apache.commons.lang3.ArrayUtils,413
Mon Jan 15 20:05:09 AEDT 2018 org.apache.commons.lang3.ArrayUtils,414
Mon Jan 15 20:05:11 AEDT 2018 org.apache.commons.lang3.ArrayUtils,416
Mon Jan 15 20:05:12 AEDT 2018 org.apache.commons.lang3.ArrayUtils,429
Mon Jan 15 20:05:13 AEDT 2018 org.apache.commons.lang3.ArrayUtils,430
Mon Jan 15 20:05:15 AEDT 2018 org.apache.commons.lang3.ArrayUtils,432
Mon Jan 15 20:05:17 AEDT 2018 org.apache.commons.lang3.ArrayUtils,445
Mon Jan 15 20:05:18 AEDT 2018 org.apache.commons.lang3.ArrayUtils,446
Mon Jan 15 20:05:19 AEDT 2018 org.apache.commons.lang3.ArrayUtils,448
Mon Jan 15 20:05:21 AEDT 2018 org.apache.commons.lang3.ArrayUtils,467
Mon Jan 15 20:09:48 AEDT 2018 org.apache.commons.lang3.ArrayUtils,468
Mon Jan 15 20:09:49 AEDT 2018 org.apache.commons.lang3.ArrayUtils,470
Mon Jan 15 20:13:56 AEDT 2018 org.apache.commons.lang3.ArrayUtils,487
Mon Jan 15 20:18:46 AEDT 2018 org.apache.commons.lang3.ArrayUtils,488
Mon Jan 15 20:18:48 AEDT 2018 org.apache.commons.lang3.ArrayUtils,490
Mon Jan 15 20:23:43 AEDT 2018 org.apache.commons.lang3.ArrayUtils,507
Mon Jan 15 20:28:19 AEDT 2018 org.apache.commons.lang3.ArrayUtils,508
Mon Jan 15 20:28:20 AEDT 2018 org.apache.commons.lang3.ArrayUtils,510
Mon Jan 15 20:33:02 AEDT 2018 org.apache.commons.lang3.ArrayUtils,527
Mon Jan 15 20:37:26 AEDT 2018 org.apache.commons.lang3.ArrayUtils,528
Mon Jan 15 20:37:27 AEDT 2018 org.apache.commons.lang3.ArrayUtils,530
Mon Jan 15 20:42:34 AEDT 2018 org.apache.commons.lang3.ArrayUtils,547
Mon Jan 15 20:47:03 AEDT 2018 org.apache.commons.lang3.ArrayUtils,548
Mon Jan 15 20:47:04 AEDT 2018 org.apache.commons.lang3.ArrayUtils,550
Mon Jan 15 20:51:51 AEDT 2018 org.apache.commons.lang3.ArrayUtils,567
Mon Jan 15 20:56:00 AEDT 2018 org.apache.commons.lang3.ArrayUtils,568
Mon Jan 15 20:56:02 AEDT 2018 org.apache.commons.lang3.ArrayUtils,570
Mon Jan 15 21:01:16 AEDT 2018 org.apache.commons.lang3.ArrayUtils,587
Mon Jan 15 21:05:37 AEDT 2018 org.apache.commons.lang3.ArrayUtils,588
Mon Jan 15 21:05:38 AEDT 2018 org.apache.commons.lang3.ArrayUtils,590
Mon Jan 15 21:10:19 AEDT 2018 org.apache.commons.lang3.ArrayUtils,607
Mon Jan 15 21:14:38 AEDT 2018 org.apache.commons.lang3.ArrayUtils,608
Mon Jan 15 21:14:39 AEDT 2018 org.apache.commons.lang3.ArrayUtils,610
Mon Jan 15 21:19:36 AEDT 2018 org.apache.commons.lang3.ArrayUtils,627
Mon Jan 15 21:24:04 AEDT 2018 org.apache.commons.lang3.ArrayUtils,628
Mon Jan 15 21:24:05 AEDT 2018 org.apache.commons.lang3.ArrayUtils,630
Mon Jan 15 21:29:01 AEDT 2018 org.apache.commons.lang3.ArrayUtils,647
Mon Jan 15 21:33:24 AEDT 2018 org.apache.commons.lang3.ArrayUtils,648
Mon Jan 15 21:33:25 AEDT 2018 org.apache.commons.lang3.ArrayUtils,650
Mon Jan 15 21:38:15 AEDT 2018 org.apache.commons.lang3.ArrayUtils,667
Mon Jan 15 21:42:47 AEDT 2018 org.apache.commons.lang3.ArrayUtils,668
Mon Jan 15 21:42:48 AEDT 2018 org.apache.commons.lang3.ArrayUtils,670
Mon Jan 15 21:46:54 AEDT 2018 org.apache.commons.lang3.ArrayUtils,687
Mon Jan 15 21:51:13 AEDT 2018 org.apache.commons.lang3.ArrayUtils,688
Mon Jan 15 21:51:15 AEDT 2018 org.apache.commons.lang3.ArrayUtils,690
Mon Jan 15 21:55:18 AEDT 2018 org.apache.commons.lang3.ArrayUtils,707
Timeout time : 18/01/15 21:58
