=================================================
Project : lang_18	start : 18/01/15 23:53
Current failed test : org.apache.commons.lang3.time.FastDateFormatTest::testFormat | 18/01/15 23:53
Mon Jan 15 23:55:11 AEDT 2018 org.apache.commons.lang3.time.FastDateFormat,492
Mon Jan 15 23:55:50 AEDT 2018 org.apache.commons.lang3.time.FastDateFormat,493
Mon Jan 15 23:55:55 AEDT 2018 org.apache.commons.lang3.time.FastDateFormat,556
Mon Jan 15 23:57:05 AEDT 2018 org.apache.commons.lang3.time.FastDateFormat,696
Mon Jan 15 23:57:08 AEDT 2018 org.apache.commons.lang3.time.FastDateFormat,1506
Mon Jan 15 23:59:03 AEDT 2018 org.apache.commons.lang3.time.FastDateFormat,1509
Tue Jan 16 00:00:06 AEDT 2018 org.apache.commons.lang3.time.FastDateFormat,1510
Tue Jan 16 00:00:07 AEDT 2018 org.apache.commons.lang3.time.FastDateFormat,1511
Tue Jan 16 00:00:09 AEDT 2018 org.apache.commons.lang3.time.FastDateFormat,1405
Tue Jan 16 00:00:53 AEDT 2018 org.apache.commons.lang3.time.FastDateFormat,1408
Tue Jan 16 00:00:54 AEDT 2018 Tue Jan 16 00:00:54 AEDT 2018 : org.apache.commons.lang3.time.FastDateFormat,1410=>Find no block
Tue Jan 16 00:00:56 AEDT 2018 org.apache.commons.lang3.time.FastDateFormat,409
Tue Jan 16 00:10:25 AEDT 2018 org.apache.commons.lang3.time.FastDateFormat,410
Tue Jan 16 00:10:27 AEDT 2018 org.apache.commons.lang3.time.FastDateFormat,411
Tue Jan 16 00:10:29 AEDT 2018 org.apache.commons.lang3.time.FastDateFormat,413
Tue Jan 16 00:10:30 AEDT 2018 org.apache.commons.lang3.time.FastDateFormat,414
Tue Jan 16 00:10:32 AEDT 2018 org.apache.commons.lang3.time.FastDateFormat,415
Tue Jan 16 00:10:33 AEDT 2018 org.apache.commons.lang3.time.FastDateFormat,419
Tue Jan 16 00:10:35 AEDT 2018 org.apache.commons.lang3.time.FastDateFormat,555
Tue Jan 16 00:10:36 AEDT 2018 org.apache.commons.lang3.time.FastDateFormat,558
Tue Jan 16 00:10:38 AEDT 2018 org.apache.commons.lang3.time.FastDateFormat,560
Tue Jan 16 00:14:09 AEDT 2018 Tue Jan 16 00:14:09 AEDT 2018 : org.apache.commons.lang3.time.FastDateFormat,1484=>Find no block
Tue Jan 16 00:14:11 AEDT 2018 org.apache.commons.lang3.time.FastDateFormat,1485
Tue Jan 16 00:15:37 AEDT 2018 org.apache.commons.lang3.time.FastDateFormat,1486
Tue Jan 16 00:15:39 AEDT 2018 org.apache.commons.lang3.time.FastDateFormat,1487
Tue Jan 16 00:15:40 AEDT 2018 org.apache.commons.lang3.time.FastDateFormat,1489
Tue Jan 16 00:15:42 AEDT 2018 org.apache.commons.lang3.time.FastDateFormat,1490
Tue Jan 16 00:15:43 AEDT 2018 Tue Jan 16 00:15:43 AEDT 2018 : org.apache.commons.lang3.time.FastDateFormat,1491=>Find no block
Tue Jan 16 00:15:45 AEDT 2018 org.apache.commons.lang3.time.FastDateFormat,1498
Tue Jan 16 00:15:50 AEDT 2018 Tue Jan 16 00:15:50 AEDT 2018 : org.apache.commons.lang3.time.FastDateFormat,1387=>Find no block
Tue Jan 16 00:15:52 AEDT 2018 org.apache.commons.lang3.time.FastDateFormat,1388
Tue Jan 16 00:16:37 AEDT 2018 org.apache.commons.lang3.time.FastDateFormat,1390
Tue Jan 16 00:16:39 AEDT 2018 org.apache.commons.lang3.time.FastDateFormat,1391
Tue Jan 16 00:16:41 AEDT 2018 Tue Jan 16 00:16:41 AEDT 2018 : org.apache.commons.lang3.time.FastDateFormat,1392=>Find no block
Tue Jan 16 00:16:42 AEDT 2018 org.apache.commons.lang3.time.FastDateFormat,1398
Tue Jan 16 00:17:00 AEDT 2018 org.apache.commons.lang3.time.FastDateFormat,1240
Tue Jan 16 00:17:39 AEDT 2018 Tue Jan 16 00:17:39 AEDT 2018 : org.apache.commons.lang3.time.FastDateFormat,1241=>Find no block
Tue Jan 16 00:17:40 AEDT 2018 org.apache.commons.lang3.time.FastDateFormat,1247
Tue Jan 16 00:19:16 AEDT 2018 org.apache.commons.lang3.time.FastDateFormat,1248
Tue Jan 16 00:19:18 AEDT 2018 Tue Jan 16 00:19:18 AEDT 2018 : org.apache.commons.lang3.time.FastDateFormat,1249=>Find no block
Tue Jan 16 00:19:19 AEDT 2018 org.apache.commons.lang3.time.FastDateFormat,1023
Tue Jan 16 00:20:25 AEDT 2018 Tue Jan 16 00:20:25 AEDT 2018 : org.apache.commons.lang3.time.FastDateFormat,1024=>Find no block
Tue Jan 16 00:20:27 AEDT 2018 org.apache.commons.lang3.time.FastDateFormat,498
Tue Jan 16 00:21:40 AEDT 2018 org.apache.commons.lang3.time.FastDateFormat,500
Tue Jan 16 00:25:04 AEDT 2018 org.apache.commons.lang3.time.FastDateFormat,503
Tue Jan 16 00:29:27 AEDT 2018 org.apache.commons.lang3.time.FastDateFormat,546
Tue Jan 16 00:30:06 AEDT 2018 org.apache.commons.lang3.time.FastDateFormat,547
Tue Jan 16 00:30:13 AEDT 2018 org.apache.commons.lang3.time.FastDateFormat,1062
Tue Jan 16 00:34:38 AEDT 2018 org.apache.commons.lang3.time.FastDateFormat,1063
Tue Jan 16 00:34:39 AEDT 2018 org.apache.commons.lang3.time.FastDateFormat,1064
Tue Jan 16 00:34:41 AEDT 2018 org.apache.commons.lang3.time.FastDateFormat,1233
Tue Jan 16 00:34:44 AEDT 2018 org.apache.commons.lang3.time.FastDateFormat,509
Tue Jan 16 00:34:45 AEDT 2018 org.apache.commons.lang3.time.FastDateFormat,511
Tue Jan 16 00:38:21 AEDT 2018 org.apache.commons.lang3.time.FastDateFormat,1053
Tue Jan 16 00:38:58 AEDT 2018 Tue Jan 16 00:38:58 AEDT 2018 : org.apache.commons.lang3.time.FastDateFormat,1054=>Find no block
Tue Jan 16 00:38:59 AEDT 2018 org.apache.commons.lang3.time.FastDateFormat,1060
Tue Jan 16 00:48:02 AEDT 2018 Tue Jan 16 00:48:02 AEDT 2018 : org.apache.commons.lang3.time.FastDateFormat,1068=>Find no block
Tue Jan 16 00:48:04 AEDT 2018 org.apache.commons.lang3.time.FastDateFormat,1089
Tue Jan 16 00:48:04 AEDT 2018 org.apache.commons.lang3.time.FastDateFormat,1096
Tue Jan 16 00:48:45 AEDT 2018 Tue Jan 16 00:48:45 AEDT 2018 : org.apache.commons.lang3.time.FastDateFormat,1097=>Find no block
Tue Jan 16 00:48:46 AEDT 2018 org.apache.commons.lang3.time.FastDateFormat,1103
Tue Jan 16 00:52:24 AEDT 2018 org.apache.commons.lang3.time.FastDateFormat,1104
Tue Jan 16 00:52:26 AEDT 2018 Tue Jan 16 00:52:26 AEDT 2018 : org.apache.commons.lang3.time.FastDateFormat,1109=>Find no block
Tue Jan 16 00:52:27 AEDT 2018 org.apache.commons.lang3.time.FastDateFormat,1153
Tue Jan 16 01:01:57 AEDT 2018 org.apache.commons.lang3.time.FastDateFormat,1154
Tue Jan 16 01:01:59 AEDT 2018 org.apache.commons.lang3.time.FastDateFormat,1156
Tue Jan 16 01:44:13 AEDT 2018 org.apache.commons.lang3.time.FastDateFormat,1157
Tue Jan 16 01:44:15 AEDT 2018 Tue Jan 16 01:44:15 AEDT 2018 : org.apache.commons.lang3.time.FastDateFormat,1428=>Find no block
Tue Jan 16 01:44:16 AEDT 2018 org.apache.commons.lang3.time.FastDateFormat,1429
Tue Jan 16 01:44:19 AEDT 2018 Tue Jan 16 01:44:19 AEDT 2018 : org.apache.commons.lang3.time.FastDateFormat,1430=>Find no block
Tue Jan 16 01:44:20 AEDT 2018 org.apache.commons.lang3.time.FastDateFormat,505
Tue Jan 16 01:44:21 AEDT 2018 org.apache.commons.lang3.time.FastDateFormat,534
Tue Jan 16 01:46:08 AEDT 2018 org.apache.commons.lang3.time.FastDateFormat,535
Tue Jan 16 01:47:28 AEDT 2018 org.apache.commons.lang3.time.FastDateFormat,563
Tue Jan 16 01:48:59 AEDT 2018 org.apache.commons.lang3.time.FastDateFormat,655
Tue Jan 16 01:50:04 AEDT 2018 Tue Jan 16 01:50:04 AEDT 2018 : org.apache.commons.lang3.time.FastDateFormat,1038=>Find no block
Tue Jan 16 01:50:06 AEDT 2018 org.apache.commons.lang3.time.FastDateFormat,1039
Tue Jan 16 01:50:32 AEDT 2018 Tue Jan 16 01:50:32 AEDT 2018 : org.apache.commons.lang3.time.FastDateFormat,1040=>Find no block
Tue Jan 16 01:50:33 AEDT 2018 org.apache.commons.lang3.time.FastDateFormat,1046
Tue Jan 16 01:50:36 AEDT 2018 org.apache.commons.lang3.time.FastDateFormat,1457
Tue Jan 16 01:52:12 AEDT 2018 org.apache.commons.lang3.time.FastDateFormat,1443
Tue Jan 16 01:54:19 AEDT 2018 org.apache.commons.lang3.time.FastDateFormat,1445
Tue Jan 16 01:56:50 AEDT 2018 org.apache.commons.lang3.time.FastDateFormat,1446
Tue Jan 16 01:56:51 AEDT 2018 org.apache.commons.lang3.time.FastDateFormat,1447
Tue Jan 16 01:56:53 AEDT 2018 org.apache.commons.lang3.time.FastDateFormat,1452
Tue Jan 16 02:04:25 AEDT 2018 org.apache.commons.lang3.time.FastDateFormat,1453
Tue Jan 16 02:09:45 AEDT 2018 org.apache.commons.lang3.time.FastDateFormat,1454
Tue Jan 16 02:14:19 AEDT 2018 org.apache.commons.lang3.time.FastDateFormat,1456
Tue Jan 16 02:14:20 AEDT 2018 org.apache.commons.lang3.time.FastDateFormat,1460
Tue Jan 16 02:22:47 AEDT 2018 org.apache.commons.lang3.time.FastDateFormat,1461
Tue Jan 16 02:27:59 AEDT 2018 org.apache.commons.lang3.time.FastDateFormat,1462
Tue Jan 16 02:28:01 AEDT 2018 Tue Jan 16 02:28:01 AEDT 2018 : org.apache.commons.lang3.time.FastDateFormat,1463=>Find no block
Tue Jan 16 02:28:02 AEDT 2018 org.apache.commons.lang3.time.FastDateFormat,531
Tue Jan 16 02:28:52 AEDT 2018 org.apache.commons.lang3.time.FastDateFormat,532
Tue Jan 16 02:28:58 AEDT 2018 org.apache.commons.lang3.time.FastDateFormat,565
Tue Jan 16 02:28:59 AEDT 2018 org.apache.commons.lang3.time.FastDateFormat,567
Tue Jan 16 02:33:26 AEDT 2018 Tue Jan 16 02:33:26 AEDT 2018 : org.apache.commons.lang3.time.FastDateFormat,1000=>Find no block
Tue Jan 16 02:33:28 AEDT 2018 org.apache.commons.lang3.time.FastDateFormat,1001
Tue Jan 16 02:33:53 AEDT 2018 org.apache.commons.lang3.time.FastDateFormat,1002
Tue Jan 16 02:33:54 AEDT 2018 Tue Jan 16 02:33:54 AEDT 2018 : org.apache.commons.lang3.time.FastDateFormat,1003=>Find no block
Tue Jan 16 02:33:55 AEDT 2018 org.apache.commons.lang3.time.FastDateFormat,1009
Tue Jan 16 02:54:56 AEDT 2018 org.apache.commons.lang3.time.FastDateFormat,1010
Tue Jan 16 02:54:57 AEDT 2018 org.apache.commons.lang3.time.FastDateFormat,1011
Tue Jan 16 02:54:59 AEDT 2018 org.apache.commons.lang3.time.FastDateFormat,1012
Tue Jan 16 02:55:01 AEDT 2018 org.apache.commons.lang3.time.FastDateFormat,1013
Tue Jan 16 02:55:02 AEDT 2018 Tue Jan 16 02:55:02 AEDT 2018 : org.apache.commons.lang3.time.FastDateFormat,1015=>Find no block
Tue Jan 16 02:55:03 AEDT 2018 org.apache.commons.lang3.time.FastDateFormat,1016
Tue Jan 16 02:55:05 AEDT 2018 org.apache.commons.lang3.time.FastDateFormat,1436
Tue Jan 16 02:55:08 AEDT 2018 org.apache.commons.lang3.time.FastDateFormat,562
Tue Jan 16 02:55:10 AEDT 2018 org.apache.commons.lang3.time.FastDateFormat,624
Tue Jan 16 03:03:55 AEDT 2018 org.apache.commons.lang3.time.FastDateFormat,629
Tue Jan 16 03:03:56 AEDT 2018 org.apache.commons.lang3.time.FastDateFormat,525
Tue Jan 16 03:05:58 AEDT 2018 org.apache.commons.lang3.time.FastDateFormat,526
Tue Jan 16 03:07:34 AEDT 2018 org.apache.commons.lang3.time.FastDateFormat,159
Tue Jan 16 03:07:37 AEDT 2018 org.apache.commons.lang3.time.FastDateFormat,519
Tue Jan 16 03:09:33 AEDT 2018 org.apache.commons.lang3.time.FastDateFormat,520
Tue Jan 16 03:10:56 AEDT 2018 org.apache.commons.lang3.time.FastDateFormat,522
Tue Jan 16 03:12:52 AEDT 2018 org.apache.commons.lang3.time.FastDateFormat,523
Tue Jan 16 03:14:25 AEDT 2018 org.apache.commons.lang3.time.FastDateFormat,507
Tue Jan 16 03:14:26 AEDT 2018 org.apache.commons.lang3.time.FastDateFormat,513
Tue Jan 16 03:16:14 AEDT 2018 org.apache.commons.lang3.time.FastDateFormat,514
Tue Jan 16 03:17:38 AEDT 2018 org.apache.commons.lang3.time.FastDateFormat,1269
Tue Jan 16 03:17:40 AEDT 2018 org.apache.commons.lang3.time.FastDateFormat,506
Tue Jan 16 03:17:41 AEDT 2018 org.apache.commons.lang3.time.FormatCache,77
Tue Jan 16 03:18:21 AEDT 2018 org.apache.commons.lang3.time.FastDateFormat,504
Tue Jan 16 03:18:22 AEDT 2018 org.apache.commons.lang3.time.FormatCache,74
Tue Jan 16 03:18:25 AEDT 2018 org.apache.commons.lang3.time.FastDateFormat,496
Tue Jan 16 03:18:26 AEDT 2018 org.apache.commons.lang3.time.FastDateFormat,659
Tue Jan 16 03:18:27 AEDT 2018 Tue Jan 16 03:18:27 AEDT 2018 : org.apache.commons.lang3.time.FastDateFormat,1125=>Find no block
Tue Jan 16 03:18:28 AEDT 2018 org.apache.commons.lang3.time.FastDateFormat,1126
Tue Jan 16 03:21:25 AEDT 2018 org.apache.commons.lang3.time.FastDateFormat,1130
Tue Jan 16 03:27:01 AEDT 2018 org.apache.commons.lang3.time.FastDateFormat,1131
Tue Jan 16 03:27:02 AEDT 2018 Tue Jan 16 03:27:02 AEDT 2018 : org.apache.commons.lang3.time.FastDateFormat,1132=>Find no block
Tue Jan 16 03:27:04 AEDT 2018 org.apache.commons.lang3.time.FastDateFormat,1138
Tue Jan 16 03:27:05 AEDT 2018 org.apache.commons.lang3.time.FastDateFormat,495
Tue Jan 16 03:27:06 AEDT 2018 org.apache.commons.lang3.time.FastDateFormat,502
Tue Jan 16 03:27:08 AEDT 2018 Tue Jan 16 03:27:08 AEDT 2018 : org.apache.commons.lang3.time.FastDateFormat,936=>Find no block
Tue Jan 16 03:27:09 AEDT 2018 org.apache.commons.lang3.time.FastDateFormat,937
Tue Jan 16 03:27:21 AEDT 2018 Tue Jan 16 03:27:21 AEDT 2018 : org.apache.commons.lang3.time.FastDateFormat,938=>Find no block
Tue Jan 16 03:27:22 AEDT 2018 org.apache.commons.lang3.time.FastDateFormat,944
Tue Jan 16 03:27:26 AEDT 2018 Tue Jan 16 03:27:26 AEDT 2018 : org.apache.commons.lang3.time.FastDateFormat,1185=>Find no block
Tue Jan 16 03:27:27 AEDT 2018 org.apache.commons.lang3.time.FastDateFormat,1186
Tue Jan 16 03:27:28 AEDT 2018 Tue Jan 16 03:27:28 AEDT 2018 : org.apache.commons.lang3.time.FastDateFormat,1187=>Find no block
Tue Jan 16 03:27:29 AEDT 2018 org.apache.commons.lang3.time.FastDateFormat,1193
Tue Jan 16 03:27:30 AEDT 2018 org.apache.commons.lang3.time.FastDateFormat,571
Tue Jan 16 03:29:28 AEDT 2018 org.apache.commons.lang3.time.FastDateFormat,657
Tue Jan 16 03:29:29 AEDT 2018 Tue Jan 16 03:29:29 AEDT 2018 : org.apache.commons.lang3.time.FastDateFormat,432=>Find no block
Tue Jan 16 03:29:30 AEDT 2018 org.apache.commons.lang3.time.FastDateFormat,433
Tue Jan 16 03:31:23 AEDT 2018 org.apache.commons.lang3.time.FastDateFormat,434
Tue Jan 16 03:31:24 AEDT 2018 org.apache.commons.lang3.time.FastDateFormat,435
Tue Jan 16 03:31:25 AEDT 2018 org.apache.commons.lang3.time.FastDateFormat,437
Tue Jan 16 03:31:26 AEDT 2018 Tue Jan 16 03:31:26 AEDT 2018 : org.apache.commons.lang3.time.FastDateFormat,438=>Find no block
Tue Jan 16 03:31:28 AEDT 2018 org.apache.commons.lang3.time.FastDateFormat,569
Tue Jan 16 03:31:59 AEDT 2018 org.apache.commons.lang3.time.FastDateFormat,570
Tue Jan 16 03:32:00 AEDT 2018 org.apache.commons.lang3.time.FastDateFormat,616
Tue Jan 16 03:34:50 AEDT 2018 org.apache.commons.lang3.time.FastDateFormat,618
Tue Jan 16 03:34:51 AEDT 2018 org.apache.commons.lang3.time.FastDateFormat,620
Tue Jan 16 03:40:02 AEDT 2018 org.apache.commons.lang3.time.FastDateFormat,621
Tue Jan 16 03:40:07 AEDT 2018 org.apache.commons.lang3.time.FastDateFormat,623
Tue Jan 16 03:40:07 AEDT 2018 org.apache.commons.lang3.time.FastDateFormat,631
Tue Jan 16 03:40:08 AEDT 2018 org.apache.commons.lang3.time.FastDateFormat,633
Tue Jan 16 03:40:09 AEDT 2018 org.apache.commons.lang3.time.FastDateFormat,634
Tue Jan 16 03:40:10 AEDT 2018 org.apache.commons.lang3.time.FastDateFormat,636
Tue Jan 16 03:40:11 AEDT 2018 org.apache.commons.lang3.time.FormatCache,82
Tue Jan 16 03:40:15 AEDT 2018 org.apache.commons.lang3.time.FormatCache,83
Tue Jan 16 03:40:16 AEDT 2018 org.apache.commons.lang3.time.FormatCache,84
Tue Jan 16 03:40:17 AEDT 2018 Tue Jan 16 03:40:17 AEDT 2018 : org.apache.commons.lang3.time.FastDateFormat,110=>Find no block
Tue Jan 16 03:40:18 AEDT 2018 org.apache.commons.lang3.time.FastDateFormat,444
Tue Jan 16 04:05:53 AEDT 2018 org.apache.commons.lang3.time.FastDateFormat,445
Tue Jan 16 04:05:54 AEDT 2018 org.apache.commons.lang3.time.FastDateFormat,447
Tue Jan 16 04:05:55 AEDT 2018 org.apache.commons.lang3.time.FastDateFormat,448
Tue Jan 16 04:05:56 AEDT 2018 org.apache.commons.lang3.time.FastDateFormat,449
Tue Jan 16 04:05:58 AEDT 2018 org.apache.commons.lang3.time.FastDateFormat,452
Tue Jan 16 04:05:59 AEDT 2018 Tue Jan 16 04:05:59 AEDT 2018 : org.apache.commons.lang3.time.FastDateFormat,453=>Find no block
Tue Jan 16 04:06:00 AEDT 2018 org.apache.commons.lang3.time.FastDateFormat,464
Tue Jan 16 04:06:25 AEDT 2018 org.apache.commons.lang3.time.FastDateFormat,465
Tue Jan 16 04:06:27 AEDT 2018 org.apache.commons.lang3.time.FastDateFormat,467
Tue Jan 16 04:06:45 AEDT 2018 org.apache.commons.lang3.time.FastDateFormat,468
Tue Jan 16 04:07:03 AEDT 2018 org.apache.commons.lang3.time.FastDateFormat,469
Tue Jan 16 04:07:30 AEDT 2018 org.apache.commons.lang3.time.FastDateFormat,470
Tue Jan 16 04:08:04 AEDT 2018 org.apache.commons.lang3.time.FastDateFormat,471
Tue Jan 16 04:08:27 AEDT 2018 org.apache.commons.lang3.time.FastDateFormat,472
Tue Jan 16 04:15:14 AEDT 2018 org.apache.commons.lang3.time.FastDateFormat,474
Tue Jan 16 04:24:51 AEDT 2018 org.apache.commons.lang3.time.FastDateFormat,475
Tue Jan 16 04:24:52 AEDT 2018 org.apache.commons.lang3.time.FastDateFormat,477
Tue Jan 16 04:47:28 AEDT 2018 org.apache.commons.lang3.time.FastDateFormat,478
Tue Jan 16 04:50:20 AEDT 2018 org.apache.commons.lang3.time.FastDateFormat,479
Tue Jan 16 04:50:21 AEDT 2018 org.apache.commons.lang3.time.FastDateFormat,480
Timeout time : 18/01/16 04:55
