=================================================
Project : lang_24	start : 18/01/16 02:57
Current failed test : org.apache.commons.lang3.math.NumberUtilsTest::testIsNumber | 18/01/16 02:57
Tue Jan 16 02:58:08 AEDT 2018 org.apache.commons.lang3.math.NumberUtils,457
Tue Jan 16 03:00:30 AEDT 2018 org.apache.commons.lang3.math.NumberUtils,464
Tue Jan 16 03:01:41 AEDT 2018 org.apache.commons.lang3.math.NumberUtils,480
Tue Jan 16 03:22:33 AEDT 2018 org.apache.commons.lang3.math.NumberUtils,492
Tue Jan 16 03:40:42 AEDT 2018 org.apache.commons.lang3.math.NumberUtils,521
Tue Jan 16 03:50:51 AEDT 2018 Tue Jan 16 03:50:51 AEDT 2018 : org.apache.commons.lang3.math.NumberUtils,532=>Find no block
Tue Jan 16 03:50:52 AEDT 2018 Tue Jan 16 03:50:52 AEDT 2018 : org.apache.commons.lang3.math.NumberUtils,543=>Find no block
Tue Jan 16 03:50:53 AEDT 2018 Tue Jan 16 03:50:53 AEDT 2018 : org.apache.commons.lang3.math.NumberUtils,548=>Find no block
Tue Jan 16 03:50:54 AEDT 2018 org.apache.commons.lang3.math.NumberUtils,553
Tue Jan 16 03:53:10 AEDT 2018 Tue Jan 16 03:53:10 AEDT 2018 : org.apache.commons.lang3.math.NumberUtils,586=>Find no block
Tue Jan 16 03:53:10 AEDT 2018 Tue Jan 16 03:53:10 AEDT 2018 : org.apache.commons.lang3.math.NumberUtils,594=>Find no block
Tue Jan 16 03:53:11 AEDT 2018 org.apache.commons.lang3.math.NumberUtils,598
Tue Jan 16 03:53:48 AEDT 2018 org.apache.commons.lang3.math.NumberUtils,621
Tue Jan 16 04:07:49 AEDT 2018 org.apache.commons.lang3.math.NumberUtils,1320
Tue Jan 16 04:08:59 AEDT 2018 org.apache.commons.lang3.math.NumberUtils,1321
Tue Jan 16 04:09:00 AEDT 2018 org.apache.commons.lang3.math.NumberUtils,1323
Tue Jan 16 04:16:33 AEDT 2018 org.apache.commons.lang3.math.NumberUtils,1324
Tue Jan 16 04:22:39 AEDT 2018 org.apache.commons.lang3.math.NumberUtils,1325
Tue Jan 16 04:29:36 AEDT 2018 org.apache.commons.lang3.math.NumberUtils,1326
Tue Jan 16 04:30:15 AEDT 2018 org.apache.commons.lang3.math.NumberUtils,1327
Tue Jan 16 04:30:53 AEDT 2018 org.apache.commons.lang3.math.NumberUtils,1328
Tue Jan 16 04:31:37 AEDT 2018 org.apache.commons.lang3.math.NumberUtils,1330
Tue Jan 16 04:31:38 AEDT 2018 org.apache.commons.lang3.math.NumberUtils,1331
Tue Jan 16 05:15:34 AEDT 2018 org.apache.commons.lang3.math.NumberUtils,1332
Tue Jan 16 05:15:36 AEDT 2018 org.apache.commons.lang3.math.NumberUtils,1333
Tue Jan 16 05:15:37 AEDT 2018 org.apache.commons.lang3.math.NumberUtils,1334
Tue Jan 16 05:15:38 AEDT 2018 org.apache.commons.lang3.math.NumberUtils,1338
Tue Jan 16 05:15:40 AEDT 2018 org.apache.commons.lang3.math.NumberUtils,1339
Tue Jan 16 05:15:41 AEDT 2018 org.apache.commons.lang3.math.NumberUtils,1342
Tue Jan 16 05:15:42 AEDT 2018 org.apache.commons.lang3.math.NumberUtils,1345
Tue Jan 16 05:15:43 AEDT 2018 org.apache.commons.lang3.math.NumberUtils,1348
Tue Jan 16 05:21:45 AEDT 2018 org.apache.commons.lang3.math.NumberUtils,1350
Tue Jan 16 05:48:42 AEDT 2018 org.apache.commons.lang3.math.NumberUtils,1353
Tue Jan 16 06:13:17 AEDT 2018 org.apache.commons.lang3.math.NumberUtils,1354
Tue Jan 16 06:13:19 AEDT 2018 org.apache.commons.lang3.math.NumberUtils,1355
Tue Jan 16 06:13:22 AEDT 2018 org.apache.commons.lang3.math.NumberUtils,1356
Tue Jan 16 06:13:23 AEDT 2018 org.apache.commons.lang3.math.NumberUtils,1358
Tue Jan 16 06:13:24 AEDT 2018 org.apache.commons.lang3.math.NumberUtils,1359
Tue Jan 16 06:13:25 AEDT 2018 org.apache.commons.lang3.math.NumberUtils,1361
Tue Jan 16 06:13:26 AEDT 2018 org.apache.commons.lang3.math.NumberUtils,1363
Tue Jan 16 06:14:00 AEDT 2018 org.apache.commons.lang3.math.NumberUtils,1364
Tue Jan 16 06:14:02 AEDT 2018 org.apache.commons.lang3.math.NumberUtils,1366
Tue Jan 16 06:14:03 AEDT 2018 org.apache.commons.lang3.math.NumberUtils,1370
Tue Jan 16 06:14:04 AEDT 2018 org.apache.commons.lang3.math.NumberUtils,1373
Tue Jan 16 06:15:59 AEDT 2018 org.apache.commons.lang3.math.NumberUtils,1374
Tue Jan 16 06:16:00 AEDT 2018 org.apache.commons.lang3.math.NumberUtils,1375
Tue Jan 16 06:16:01 AEDT 2018 org.apache.commons.lang3.math.NumberUtils,1376
Tue Jan 16 06:16:02 AEDT 2018 org.apache.commons.lang3.math.NumberUtils,1377
Tue Jan 16 06:16:03 AEDT 2018 org.apache.commons.lang3.math.NumberUtils,1379
Tue Jan 16 06:16:05 AEDT 2018 org.apache.commons.lang3.math.NumberUtils,1380
Tue Jan 16 06:16:06 AEDT 2018 org.apache.commons.lang3.math.NumberUtils,1382
Tue Jan 16 06:16:07 AEDT 2018 org.apache.commons.lang3.math.NumberUtils,1384
Tue Jan 16 06:17:43 AEDT 2018 org.apache.commons.lang3.math.NumberUtils,1386
Tue Jan 16 06:37:23 AEDT 2018 org.apache.commons.lang3.math.NumberUtils,1387
Tue Jan 16 06:37:25 AEDT 2018 org.apache.commons.lang3.math.NumberUtils,1389
Tue Jan 16 06:37:26 AEDT 2018 org.apache.commons.lang3.math.NumberUtils,1391
Tue Jan 16 06:37:27 AEDT 2018 org.apache.commons.lang3.math.NumberUtils,1393
Tue Jan 16 06:37:28 AEDT 2018 org.apache.commons.lang3.math.NumberUtils,1395
Tue Jan 16 06:37:29 AEDT 2018 org.apache.commons.lang3.math.NumberUtils,1396
Tue Jan 16 06:37:30 AEDT 2018 org.apache.commons.lang3.math.NumberUtils,1401
Tue Jan 16 06:37:32 AEDT 2018 org.apache.commons.lang3.math.NumberUtils,1403
Tue Jan 16 06:37:33 AEDT 2018 org.apache.commons.lang3.math.NumberUtils,1408
Tue Jan 16 06:37:34 AEDT 2018 org.apache.commons.lang3.math.NumberUtils,1410
Tue Jan 16 06:37:35 AEDT 2018 org.apache.commons.lang3.math.NumberUtils,1413
Tue Jan 16 06:37:37 AEDT 2018 org.apache.commons.lang3.math.NumberUtils,1416
Tue Jan 16 06:43:30 AEDT 2018 org.apache.commons.lang3.math.NumberUtils,454
Tue Jan 16 06:44:37 AEDT 2018 org.apache.commons.lang3.math.NumberUtils,467
Tue Jan 16 06:46:03 AEDT 2018 org.apache.commons.lang3.math.NumberUtils,478
Tue Jan 16 06:50:53 AEDT 2018 org.apache.commons.lang3.math.NumberUtils,479
Tue Jan 16 06:50:55 AEDT 2018 org.apache.commons.lang3.math.NumberUtils,482
Tue Jan 16 06:50:56 AEDT 2018 org.apache.commons.lang3.math.NumberUtils,484
Tue Jan 16 06:50:57 AEDT 2018 org.apache.commons.lang3.math.NumberUtils,486
Tue Jan 16 06:57:48 AEDT 2018 org.apache.commons.lang3.math.NumberUtils,489
Tue Jan 16 06:57:50 AEDT 2018 org.apache.commons.lang3.math.NumberUtils,500
Tue Jan 16 07:03:12 AEDT 2018 org.apache.commons.lang3.math.NumberUtils,525
Tue Jan 16 07:03:41 AEDT 2018 org.apache.commons.lang3.math.NumberUtils,526
Tue Jan 16 07:04:11 AEDT 2018 org.apache.commons.lang3.math.NumberUtils,529
Tue Jan 16 07:04:12 AEDT 2018 org.apache.commons.lang3.math.NumberUtils,539
Tue Jan 16 07:04:47 AEDT 2018 org.apache.commons.lang3.math.NumberUtils,540
Tue Jan 16 07:05:16 AEDT 2018 org.apache.commons.lang3.math.NumberUtils,541
Tue Jan 16 07:05:17 AEDT 2018 org.apache.commons.lang3.math.NumberUtils,547
Tue Jan 16 07:05:55 AEDT 2018 org.apache.commons.lang3.math.NumberUtils,559
Tue Jan 16 07:11:12 AEDT 2018 org.apache.commons.lang3.math.NumberUtils,560
Tue Jan 16 07:11:13 AEDT 2018 org.apache.commons.lang3.math.NumberUtils,562
Tue Jan 16 07:11:15 AEDT 2018 org.apache.commons.lang3.math.NumberUtils,564
Tue Jan 16 07:14:35 AEDT 2018 org.apache.commons.lang3.math.NumberUtils,567
Tue Jan 16 07:14:59 AEDT 2018 Tue Jan 16 07:14:59 AEDT 2018 : org.apache.commons.lang3.math.NumberUtils,568=>Find no block
Tue Jan 16 07:15:00 AEDT 2018 org.apache.commons.lang3.math.NumberUtils,572
Tue Jan 16 07:15:55 AEDT 2018 Tue Jan 16 07:15:55 AEDT 2018 : org.apache.commons.lang3.math.NumberUtils,573=>Find no block
Tue Jan 16 07:15:56 AEDT 2018 org.apache.commons.lang3.math.NumberUtils,576
Tue Jan 16 07:16:27 AEDT 2018 org.apache.commons.lang3.math.NumberUtils,580
Tue Jan 16 07:16:55 AEDT 2018 org.apache.commons.lang3.math.NumberUtils,582
Tue Jan 16 07:17:24 AEDT 2018 org.apache.commons.lang3.math.NumberUtils,583
Tue Jan 16 07:17:25 AEDT 2018 org.apache.commons.lang3.math.NumberUtils,584
Tue Jan 16 07:17:27 AEDT 2018 org.apache.commons.lang3.math.NumberUtils,590
Tue Jan 16 07:18:01 AEDT 2018 org.apache.commons.lang3.StringUtils,240
Tue Jan 16 07:20:28 AEDT 2018 org.apache.commons.lang3.math.NumberUtils,453
Tue Jan 16 07:20:29 AEDT 2018 org.apache.commons.lang3.math.NumberUtils,456
Tue Jan 16 07:20:30 AEDT 2018 org.apache.commons.lang3.math.NumberUtils,459
Tue Jan 16 07:20:31 AEDT 2018 org.apache.commons.lang3.math.NumberUtils,466
Tue Jan 16 07:20:33 AEDT 2018 org.apache.commons.lang3.math.NumberUtils,469
Tue Jan 16 07:27:57 AEDT 2018 org.apache.commons.lang3.math.NumberUtils,473
Tue Jan 16 07:34:43 AEDT 2018 org.apache.commons.lang3.math.NumberUtils,474
Tue Jan 16 07:34:44 AEDT 2018 org.apache.commons.lang3.math.NumberUtils,476
Tue Jan 16 07:46:35 AEDT 2018 org.apache.commons.lang3.math.NumberUtils,488
Tue Jan 16 07:46:36 AEDT 2018 org.apache.commons.lang3.math.NumberUtils,494
Tue Jan 16 07:46:37 AEDT 2018 org.apache.commons.lang3.math.NumberUtils,496
Tue Jan 16 07:54:58 AEDT 2018 org.apache.commons.lang3.math.NumberUtils,498
Tue Jan 16 07:55:59 AEDT 2018 org.apache.commons.lang3.math.NumberUtils,499
Tue Jan 16 07:56:00 AEDT 2018 org.apache.commons.lang3.math.NumberUtils,502
Tue Jan 16 07:56:01 AEDT 2018 org.apache.commons.lang3.math.NumberUtils,505
Timeout time : 18/01/16 07:58
