=================================================
Project : lang_57	start : 18/01/15 18:05
Current failed test : org.apache.commons.lang.LocaleUtilsTest::testAvailableLocaleSet | 18/01/15 18:06
Mon Jan 15 18:06:36 AEDT 2018 org.apache.commons.lang.LocaleUtils,223
Mon Jan 15 18:06:39 AEDT 2018 org.apache.commons.lang.SystemUtils,1083
Mon Jan 15 18:06:42 AEDT 2018 Mon Jan 15 18:06:42 AEDT 2018 : org.apache.commons.lang.SystemUtils,1084=>Find no block
Mon Jan 15 18:06:42 AEDT 2018 org.apache.commons.lang.SystemUtils,1101
Mon Jan 15 18:06:45 AEDT 2018 org.apache.commons.lang.SystemUtils,1119
Mon Jan 15 18:06:48 AEDT 2018 org.apache.commons.lang.SystemUtils,1120
Mon Jan 15 18:06:49 AEDT 2018 org.apache.commons.lang.SystemUtils,1122
Mon Jan 15 18:29:29 AEDT 2018 org.apache.commons.lang.SystemUtils,1123
Mon Jan 15 18:29:29 AEDT 2018 org.apache.commons.lang.SystemUtils,1124
Mon Jan 15 18:29:29 AEDT 2018 org.apache.commons.lang.SystemUtils,1127
Mon Jan 15 18:29:29 AEDT 2018 Mon Jan 15 18:29:29 AEDT 2018 : org.apache.commons.lang.SystemUtils,1128=>Find no block
Mon Jan 15 18:29:29 AEDT 2018 org.apache.commons.lang.SystemUtils,1129
Mon Jan 15 18:29:30 AEDT 2018 org.apache.commons.lang.SystemUtils,1148
Mon Jan 15 18:29:30 AEDT 2018 org.apache.commons.lang.SystemUtils,1149
Mon Jan 15 18:29:31 AEDT 2018 org.apache.commons.lang.SystemUtils,1151
Mon Jan 15 18:38:10 AEDT 2018 org.apache.commons.lang.SystemUtils,1152
Mon Jan 15 18:51:34 AEDT 2018 org.apache.commons.lang.SystemUtils,1153
Mon Jan 15 18:51:37 AEDT 2018 org.apache.commons.lang.SystemUtils,1154
Mon Jan 15 18:51:38 AEDT 2018 org.apache.commons.lang.SystemUtils,1156
Mon Jan 15 18:51:39 AEDT 2018 org.apache.commons.lang.SystemUtils,1159
Mon Jan 15 18:52:59 AEDT 2018 Mon Jan 15 18:52:59 AEDT 2018 : org.apache.commons.lang.SystemUtils,1160=>Find no block
Mon Jan 15 18:53:01 AEDT 2018 org.apache.commons.lang.SystemUtils,1161
Mon Jan 15 18:53:01 AEDT 2018 org.apache.commons.lang.SystemUtils,1171
Mon Jan 15 18:58:51 AEDT 2018 org.apache.commons.lang.SystemUtils,1172
Mon Jan 15 18:58:52 AEDT 2018 org.apache.commons.lang.SystemUtils,1173
Mon Jan 15 18:58:53 AEDT 2018 org.apache.commons.lang.SystemUtils,1174
Mon Jan 15 18:58:53 AEDT 2018 org.apache.commons.lang.SystemUtils,1175
Mon Jan 15 18:58:54 AEDT 2018 org.apache.commons.lang.SystemUtils,1179
Mon Jan 15 19:00:37 AEDT 2018 org.apache.commons.lang.SystemUtils,1189
Mon Jan 15 19:00:39 AEDT 2018 org.apache.commons.lang.SystemUtils,1190
Mon Jan 15 19:00:40 AEDT 2018 org.apache.commons.lang.SystemUtils,1192
Mon Jan 15 19:02:34 AEDT 2018 org.apache.commons.lang.SystemUtils,1202
Mon Jan 15 19:02:37 AEDT 2018 org.apache.commons.lang.SystemUtils,1203
Mon Jan 15 19:02:38 AEDT 2018 org.apache.commons.lang.SystemUtils,1205
Mon Jan 15 19:04:13 AEDT 2018 org.apache.commons.lang.SystemUtils,1216
Mon Jan 15 19:04:16 AEDT 2018 org.apache.commons.lang.SystemUtils,1217
Mon Jan 15 19:04:16 AEDT 2018 org.apache.commons.lang.SystemUtils,1219
Mon Jan 15 19:04:44 AEDT 2018 org.apache.commons.lang.SystemUtils,1235
Mon Jan 15 19:04:46 AEDT 2018 Mon Jan 15 19:04:46 AEDT 2018 : org.apache.commons.lang.SystemUtils,1236=>Find no block
Mon Jan 15 19:04:48 AEDT 2018 org.apache.commons.lang.SystemUtils,1238
Mon Jan 15 19:04:49 AEDT 2018 org.apache.commons.lang.SystemUtils,1242
Mon Jan 15 19:04:50 AEDT 2018 org.apache.commons.lang.SystemUtils,1260
Mon Jan 15 19:04:52 AEDT 2018 org.apache.commons.lang.SystemUtils,1278
Mon Jan 15 19:04:55 AEDT 2018 org.apache.commons.lang.SystemUtils,1292
Mon Jan 15 19:04:58 AEDT 2018 org.apache.commons.lang.SystemUtils,1305
Mon Jan 15 19:05:01 AEDT 2018 org.apache.commons.lang.SystemUtils,1319
Mon Jan 15 19:05:03 AEDT 2018 org.apache.commons.lang.SystemUtils,1333
Mon Jan 15 19:05:06 AEDT 2018 org.apache.commons.lang.SystemUtils,1347
Mon Jan 15 19:05:09 AEDT 2018 org.apache.commons.lang.LocaleUtils,63
Mon Jan 15 19:05:09 AEDT 2018 Mon Jan 15 19:05:09 AEDT 2018 : org.apache.commons.lang.LocaleUtils,64=>Find no block
Mon Jan 15 19:05:10 AEDT 2018 org.apache.commons.lang.LocaleUtils,95
Mon Jan 15 19:07:00 AEDT 2018 org.apache.commons.lang.LocaleUtils,96
Mon Jan 15 19:07:01 AEDT 2018 org.apache.commons.lang.LocaleUtils,98
Mon Jan 15 19:29:59 AEDT 2018 org.apache.commons.lang.LocaleUtils,99
Mon Jan 15 19:30:00 AEDT 2018 org.apache.commons.lang.LocaleUtils,100
Mon Jan 15 19:30:01 AEDT 2018 org.apache.commons.lang.LocaleUtils,102
Mon Jan 15 19:53:55 AEDT 2018 org.apache.commons.lang.LocaleUtils,103
Mon Jan 15 20:11:36 AEDT 2018 org.apache.commons.lang.LocaleUtils,104
Mon Jan 15 20:16:31 AEDT 2018 org.apache.commons.lang.LocaleUtils,105
Mon Jan 15 20:16:32 AEDT 2018 org.apache.commons.lang.LocaleUtils,107
Mon Jan 15 20:49:53 AEDT 2018 org.apache.commons.lang.LocaleUtils,108
Mon Jan 15 20:49:55 AEDT 2018 org.apache.commons.lang.LocaleUtils,110
Mon Jan 15 20:49:56 AEDT 2018 org.apache.commons.lang.LocaleUtils,111
Mon Jan 15 20:49:57 AEDT 2018 org.apache.commons.lang.LocaleUtils,113
Mon Jan 15 21:19:25 AEDT 2018 org.apache.commons.lang.LocaleUtils,114
Mon Jan 15 22:18:24 AEDT 2018 org.apache.commons.lang.LocaleUtils,115
Mon Jan 15 22:18:25 AEDT 2018 org.apache.commons.lang.LocaleUtils,116
Mon Jan 15 22:18:26 AEDT 2018 org.apache.commons.lang.LocaleUtils,118
Mon Jan 15 22:18:27 AEDT 2018 org.apache.commons.lang.LocaleUtils,119
Mon Jan 15 22:18:28 AEDT 2018 org.apache.commons.lang.LocaleUtils,121
Mon Jan 15 22:18:30 AEDT 2018 org.apache.commons.lang.LocaleUtils,122
Mon Jan 15 22:18:31 AEDT 2018 org.apache.commons.lang.LocaleUtils,124
Mon Jan 15 22:18:34 AEDT 2018 org.apache.commons.lang.LocaleUtils,143
Mon Jan 15 22:18:38 AEDT 2018 org.apache.commons.lang.LocaleUtils,165
Mon Jan 15 22:20:05 AEDT 2018 org.apache.commons.lang.LocaleUtils,166
Mon Jan 15 22:20:06 AEDT 2018 org.apache.commons.lang.LocaleUtils,167
Mon Jan 15 22:20:07 AEDT 2018 org.apache.commons.lang.LocaleUtils,168
Mon Jan 15 22:20:09 AEDT 2018 org.apache.commons.lang.LocaleUtils,169
Mon Jan 15 22:20:10 AEDT 2018 org.apache.commons.lang.LocaleUtils,171
Mon Jan 15 22:20:12 AEDT 2018 org.apache.commons.lang.LocaleUtils,172
Mon Jan 15 22:20:13 AEDT 2018 org.apache.commons.lang.LocaleUtils,174
Mon Jan 15 22:20:14 AEDT 2018 org.apache.commons.lang.LocaleUtils,175
Mon Jan 15 22:20:15 AEDT 2018 org.apache.commons.lang.LocaleUtils,178
Mon Jan 15 22:21:04 AEDT 2018 org.apache.commons.lang.LocaleUtils,192
Mon Jan 15 22:21:07 AEDT 2018 org.apache.commons.lang.LocaleUtils,206
Mon Jan 15 22:21:54 AEDT 2018 org.apache.commons.lang.LocaleUtils,207
Mon Jan 15 22:22:22 AEDT 2018 org.apache.commons.lang.LocaleUtils,208
Mon Jan 15 22:22:23 AEDT 2018 org.apache.commons.lang.LocaleUtils,209
Mon Jan 15 22:22:23 AEDT 2018 org.apache.commons.lang.LocaleUtils,210
Mon Jan 15 22:22:23 AEDT 2018 org.apache.commons.lang.LocaleUtils,212
Mon Jan 15 22:22:24 AEDT 2018 org.apache.commons.lang.LocaleUtils,237
Mon Jan 15 22:28:13 AEDT 2018 org.apache.commons.lang.LocaleUtils,238
Mon Jan 15 22:29:18 AEDT 2018 org.apache.commons.lang.LocaleUtils,239
Mon Jan 15 22:29:19 AEDT 2018 org.apache.commons.lang.LocaleUtils,240
Mon Jan 15 22:32:21 AEDT 2018 org.apache.commons.lang.LocaleUtils,241
Mon Jan 15 22:32:23 AEDT 2018 org.apache.commons.lang.LocaleUtils,242
Mon Jan 15 22:32:24 AEDT 2018 org.apache.commons.lang.LocaleUtils,243
Mon Jan 15 22:32:25 AEDT 2018 org.apache.commons.lang.LocaleUtils,244
Mon Jan 15 22:32:26 AEDT 2018 org.apache.commons.lang.LocaleUtils,246
Mon Jan 15 22:32:27 AEDT 2018 org.apache.commons.lang.LocaleUtils,249
Mon Jan 15 22:35:23 AEDT 2018 Mon Jan 15 22:35:23 AEDT 2018 : org.apache.commons.lang.LocaleUtils,250=>Find no block
Mon Jan 15 22:35:24 AEDT 2018 org.apache.commons.lang.LocaleUtils,251
Mon Jan 15 22:35:25 AEDT 2018 org.apache.commons.lang.LocaleUtils,253
Mon Jan 15 22:40:03 AEDT 2018 org.apache.commons.lang.LocaleUtils,255
Mon Jan 15 22:42:12 AEDT 2018 org.apache.commons.lang.LocaleUtils,269
Mon Jan 15 22:47:38 AEDT 2018 org.apache.commons.lang.LocaleUtils,270
Mon Jan 15 22:48:29 AEDT 2018 org.apache.commons.lang.LocaleUtils,271
Mon Jan 15 22:48:30 AEDT 2018 org.apache.commons.lang.LocaleUtils,272
Mon Jan 15 22:51:22 AEDT 2018 org.apache.commons.lang.LocaleUtils,273
Mon Jan 15 22:51:23 AEDT 2018 org.apache.commons.lang.LocaleUtils,274
Mon Jan 15 22:51:24 AEDT 2018 org.apache.commons.lang.LocaleUtils,275
Mon Jan 15 22:51:25 AEDT 2018 org.apache.commons.lang.LocaleUtils,276
Mon Jan 15 22:51:26 AEDT 2018 org.apache.commons.lang.LocaleUtils,279
Mon Jan 15 22:51:27 AEDT 2018 org.apache.commons.lang.LocaleUtils,282
Mon Jan 15 22:53:13 AEDT 2018 Mon Jan 15 22:53:13 AEDT 2018 : org.apache.commons.lang.LocaleUtils,283=>Find no block
Mon Jan 15 22:53:14 AEDT 2018 org.apache.commons.lang.LocaleUtils,284
Mon Jan 15 22:53:15 AEDT 2018 org.apache.commons.lang.LocaleUtils,286
Mon Jan 15 22:57:58 AEDT 2018 org.apache.commons.lang.LocaleUtils,288
Failed time : 18/01/15 22:59
