=================================================
Project : math_103	start : 18/01/15 16:48
Current failed test : org.apache.commons.math.distribution.NormalDistributionTest::testExtremeValues | 18/01/15 16:48
Mon Jan 15 17:02:15 AEDT 2018 org.apache.commons.math.MaxIterationsExceededException,36
Mon Jan 15 17:02:19 AEDT 2018 org.apache.commons.math.MaxIterationsExceededException,38
Mon Jan 15 17:02:20 AEDT 2018 Mon Jan 15 17:02:20 AEDT 2018 : org.apache.commons.math.MaxIterationsExceededException,39=>Find no block
Mon Jan 15 17:02:20 AEDT 2018 org.apache.commons.math.ConvergenceException,44
Mon Jan 15 17:29:57 AEDT 2018 Mon Jan 15 17:29:57 AEDT 2018 : org.apache.commons.math.ConvergenceException,45=>Find no block
Mon Jan 15 17:30:01 AEDT 2018 org.apache.commons.math.MathException,151
Mon Jan 15 18:10:12 AEDT 2018 org.apache.commons.math.MathException,152
Mon Jan 15 18:10:15 AEDT 2018 org.apache.commons.math.MathException,153
Mon Jan 15 18:10:18 AEDT 2018 org.apache.commons.math.MathException,154
Mon Jan 15 18:10:21 AEDT 2018 Mon Jan 15 18:10:21 AEDT 2018 : org.apache.commons.math.MathException,155=>Find no block
Mon Jan 15 18:10:24 AEDT 2018 org.apache.commons.math.MathException,83
Mon Jan 15 18:10:29 AEDT 2018 org.apache.commons.math.MathException,85
Mon Jan 15 18:10:29 AEDT 2018 Mon Jan 15 18:10:29 AEDT 2018 : org.apache.commons.math.MathException,94=>Find no block
Mon Jan 15 18:10:31 AEDT 2018 org.apache.commons.math.MathException,100
Mon Jan 15 18:10:43 AEDT 2018 org.apache.commons.math.MathException,113
Mon Jan 15 18:38:23 AEDT 2018 org.apache.commons.math.MathException,114
Mon Jan 15 18:38:27 AEDT 2018 org.apache.commons.math.MathException,115
Mon Jan 15 18:38:30 AEDT 2018 org.apache.commons.math.MathException,235
Mon Jan 15 18:38:38 AEDT 2018 Mon Jan 15 18:38:38 AEDT 2018 : org.apache.commons.math.MathException,265=>Find no block
Mon Jan 15 18:38:41 AEDT 2018 org.apache.commons.math.MathException,266
Mon Jan 15 18:38:49 AEDT 2018 org.apache.commons.math.MathException,267
Mon Jan 15 18:38:57 AEDT 2018 Mon Jan 15 18:38:57 AEDT 2018 : org.apache.commons.math.MathException,271=>Find no block
Mon Jan 15 18:39:00 AEDT 2018 Mon Jan 15 18:39:00 AEDT 2018 : org.apache.commons.math.MathException,272=>Find no block
Mon Jan 15 18:39:04 AEDT 2018 org.apache.commons.math.special.Gamma,180
Mon Jan 15 21:04:27 AEDT 2018 org.apache.commons.math.special.Gamma,161
Mon Jan 15 21:12:23 AEDT 2018 org.apache.commons.math.distribution.NormalDistributionImpl,109
Mon Jan 15 21:14:55 AEDT 2018 org.apache.commons.math.special.Erf,56
Timeout time : 18/01/15 22:02
