=================================================
Project : math_78	start : 18/01/16 00:04
Current failed test : org.apache.commons.math.ode.events.EventStateTest::closeEvents_purify_1 | 18/01/16 00:05
Tue Jan 16 00:07:13 AEDT 2018 org.apache.commons.math.ode.sampling.DummyStepInterpolator,99
Tue Jan 16 00:12:25 AEDT 2018 Tue Jan 16 00:12:25 AEDT 2018 : org.apache.commons.math.ode.sampling.DummyStepInterpolator,100=>Find no block
Tue Jan 16 00:12:28 AEDT 2018 org.apache.commons.math.ode.sampling.DummyStepInterpolator,66
Tue Jan 16 00:12:38 AEDT 2018 Tue Jan 16 00:12:38 AEDT 2018 : org.apache.commons.math.ode.sampling.DummyStepInterpolator,67=>Find no block
Tue Jan 16 00:12:41 AEDT 2018 Tue Jan 16 00:12:41 AEDT 2018 : org.apache.commons.math.ode.sampling.AbstractStepInterpolator,107=>Find no block
Tue Jan 16 00:12:45 AEDT 2018 org.apache.commons.math.ode.sampling.AbstractStepInterpolator,109
Tue Jan 16 00:16:36 AEDT 2018 org.apache.commons.math.ode.sampling.AbstractStepInterpolator,110
Tue Jan 16 00:16:41 AEDT 2018 org.apache.commons.math.ode.sampling.AbstractStepInterpolator,111
Tue Jan 16 00:22:34 AEDT 2018 org.apache.commons.math.ode.sampling.AbstractStepInterpolator,112
Tue Jan 16 00:28:07 AEDT 2018 org.apache.commons.math.ode.sampling.AbstractStepInterpolator,114
Tue Jan 16 00:36:10 AEDT 2018 org.apache.commons.math.ode.sampling.AbstractStepInterpolator,115
Tue Jan 16 00:41:38 AEDT 2018 org.apache.commons.math.ode.sampling.AbstractStepInterpolator,116
Tue Jan 16 00:48:37 AEDT 2018 org.apache.commons.math.ode.sampling.AbstractStepInterpolator,118
Tue Jan 16 00:58:52 AEDT 2018 org.apache.commons.math.ode.sampling.AbstractStepInterpolator,119
Tue Jan 16 01:07:05 AEDT 2018 org.apache.commons.math.ode.sampling.AbstractStepInterpolator,120
Tue Jan 16 01:07:08 AEDT 2018 Tue Jan 16 01:07:08 AEDT 2018 : org.apache.commons.math.ode.sampling.AbstractStepInterpolator,122=>Find no block
Tue Jan 16 01:07:12 AEDT 2018 org.apache.commons.math.ode.events.EventState,271
Tue Jan 16 01:07:20 AEDT 2018 org.apache.commons.math.ode.events.EventState,242
Tue Jan 16 01:07:29 AEDT 2018 org.apache.commons.math.ode.events.EventState,243
Tue Jan 16 01:07:32 AEDT 2018 org.apache.commons.math.ode.events.EventState,249
Tue Jan 16 01:08:37 AEDT 2018 org.apache.commons.math.ode.events.EventState,250
Tue Jan 16 01:08:41 AEDT 2018 org.apache.commons.math.ode.events.EventState,251
Tue Jan 16 01:08:45 AEDT 2018 org.apache.commons.math.ode.events.EventState,285

----------------------------------------
----------------------------------------
Pass Single Test : [=>0,0]
g0=handler.g(t,y);
if(pendingEvent){
previousEventTime=t;
g0Positive=increasing;
nextAction=handler.eventOccurred(t,y,!(increasing^forward));
}else {
g0Positive=g0>=0;
nextAction=EventHandler.CONTINUE;
}

Time : 18/01/16 01:10
----------------------------------------

----------------------------------------
----------------------------------------
Pass Single Test : [=>0,0]
if(pendingEvent){
previousEventTime=t;
g0Positive=increasing;
nextAction=handler.eventOccurred(t,y,!(increasing^forward));
}else {
g0Positive=g0>=0;
nextAction=EventHandler.CONTINUE;
}

Time : 18/01/16 01:11
----------------------------------------

----------------------------------------
----------------------------------------
Pass Single Test : [=>0,0]
g0=handler.g(t,y);

Time : 18/01/16 01:21
----------------------------------------

----------------------------------------
----------------------------------------
Pass Single Test : [=>0,0]

Time : 18/01/16 01:32
----------------------------------------

----------------------------------------
----------------------------------------
Pass Single Test : [=>0,0]
t0=t;
g0=handler.g(t,y);
pendingEvent=nextAction>0;
if(pendingEvent){
previousEventTime=t;
g0Positive=increasing;
nextAction=handler.eventOccurred(t,y,!(increasing^forward));
}else {
g0Positive=g0>=0;
nextAction=EventHandler.CONTINUE;
}

Time : 18/01/16 01:45
----------------------------------------

----------------------------------------
----------------------------------------
Pass Single Test : [=>0,0]
g0=handler.g(t,y);
pendingEvent=nextAction>0;
if(pendingEvent){
previousEventTime=t;
g0Positive=increasing;
nextAction=handler.eventOccurred(t,y,!(increasing^forward));
}else {
g0Positive=g0>=0;
nextAction=EventHandler.CONTINUE;
}

Time : 18/01/16 01:45
----------------------------------------

----------------------------------------
----------------------------------------
Pass Single Test : [=>0,0]
t0=t;
pendingEvent=nextAction>0;
if(pendingEvent){
previousEventTime=t;
g0Positive=increasing;
nextAction=handler.eventOccurred(t,y,!(increasing^forward));
}else {
g0Positive=g0>=0;
nextAction=EventHandler.CONTINUE;
}

Time : 18/01/16 01:46
----------------------------------------

----------------------------------------
----------------------------------------
Pass Single Test : [=>0,0]
pendingEvent=nextAction>0;
if(pendingEvent){
previousEventTime=t;
g0Positive=increasing;
nextAction=handler.eventOccurred(t,y,!(increasing^forward));
}else {
g0Positive=g0>=0;
nextAction=EventHandler.CONTINUE;
}

Time : 18/01/16 01:46
----------------------------------------
Timeout time : 18/01/16 01:47
Current failed test : org.apache.commons.math.ode.events.EventStateTest::closeEvents_purify_2 | 18/01/16 01:47
Tue Jan 16 01:48:06 AEDT 2018 org.apache.commons.math.ode.sampling.DummyStepInterpolator,66
Tue Jan 16 01:48:23 AEDT 2018 Tue Jan 16 01:48:23 AEDT 2018 : org.apache.commons.math.ode.sampling.DummyStepInterpolator,67=>Find no block
Tue Jan 16 01:48:24 AEDT 2018 Tue Jan 16 01:48:24 AEDT 2018 : org.apache.commons.math.ode.sampling.AbstractStepInterpolator,107=>Find no block
Tue Jan 16 01:48:24 AEDT 2018 org.apache.commons.math.ode.sampling.AbstractStepInterpolator,109
Tue Jan 16 01:51:48 AEDT 2018 org.apache.commons.math.ode.sampling.AbstractStepInterpolator,110
Tue Jan 16 01:51:49 AEDT 2018 org.apache.commons.math.ode.sampling.AbstractStepInterpolator,111
Tue Jan 16 01:57:06 AEDT 2018 org.apache.commons.math.ode.sampling.AbstractStepInterpolator,112
Tue Jan 16 02:02:14 AEDT 2018 org.apache.commons.math.ode.sampling.AbstractStepInterpolator,114
Tue Jan 16 02:09:43 AEDT 2018 org.apache.commons.math.ode.sampling.AbstractStepInterpolator,115
Tue Jan 16 02:14:41 AEDT 2018 org.apache.commons.math.ode.sampling.AbstractStepInterpolator,116
Tue Jan 16 02:21:02 AEDT 2018 org.apache.commons.math.ode.sampling.AbstractStepInterpolator,118
Tue Jan 16 02:30:24 AEDT 2018 org.apache.commons.math.ode.sampling.AbstractStepInterpolator,119
Tue Jan 16 02:37:54 AEDT 2018 org.apache.commons.math.ode.sampling.AbstractStepInterpolator,120
Tue Jan 16 02:37:55 AEDT 2018 Tue Jan 16 02:37:55 AEDT 2018 : org.apache.commons.math.ode.sampling.AbstractStepInterpolator,122=>Find no block
Tue Jan 16 02:37:56 AEDT 2018 org.apache.commons.math.ode.events.EventState,271
Tue Jan 16 02:37:59 AEDT 2018 org.apache.commons.math.ode.events.EventState,285
Tue Jan 16 02:46:23 AEDT 2018 org.apache.commons.math.ode.events.EventState,286
Tue Jan 16 02:46:24 AEDT 2018 org.apache.commons.math.ode.events.EventState,288
Tue Jan 16 02:51:40 AEDT 2018 org.apache.commons.math.ode.events.EventState,294
Tue Jan 16 02:51:41 AEDT 2018 org.apache.commons.math.ode.events.EventState,295
Tue Jan 16 02:51:42 AEDT 2018 Tue Jan 16 02:51:42 AEDT 2018 : org.apache.commons.math.ode.events.EventState,297=>Find no block
Tue Jan 16 02:51:43 AEDT 2018 org.apache.commons.math.ode.events.EventState,151
Tue Jan 16 02:54:37 AEDT 2018 org.apache.commons.math.ode.events.EventState,152
Tue Jan 16 02:54:38 AEDT 2018 org.apache.commons.math.ode.events.EventState,153
Tue Jan 16 02:54:39 AEDT 2018 Tue Jan 16 02:54:39 AEDT 2018 : org.apache.commons.math.ode.events.EventState,154=>Find no block
Tue Jan 16 02:54:40 AEDT 2018 Tue Jan 16 02:54:40 AEDT 2018 : org.apache.commons.math.ode.events.EventState,95=>Find no block
Tue Jan 16 02:54:41 AEDT 2018 org.apache.commons.math.ode.events.EventState,96
Tue Jan 16 02:57:40 AEDT 2018 org.apache.commons.math.ode.events.EventState,97
Tue Jan 16 02:57:40 AEDT 2018 org.apache.commons.math.ode.events.EventState,98
Tue Jan 16 03:01:06 AEDT 2018 org.apache.commons.math.ode.events.EventState,99
Tue Jan 16 03:03:18 AEDT 2018 org.apache.commons.math.ode.events.EventState,102
Tue Jan 16 03:05:13 AEDT 2018 org.apache.commons.math.ode.events.EventState,103
Tue Jan 16 03:07:34 AEDT 2018 org.apache.commons.math.ode.events.EventState,104
Tue Jan 16 03:09:03 AEDT 2018 org.apache.commons.math.ode.events.EventState,105
Tue Jan 16 03:11:25 AEDT 2018 org.apache.commons.math.ode.events.EventState,106
Tue Jan 16 03:13:33 AEDT 2018 org.apache.commons.math.ode.events.EventState,107
Tue Jan 16 03:15:00 AEDT 2018 org.apache.commons.math.ode.events.EventState,108
Tue Jan 16 03:16:12 AEDT 2018 org.apache.commons.math.ode.events.EventState,109
Tue Jan 16 03:16:13 AEDT 2018 Tue Jan 16 03:16:13 AEDT 2018 : org.apache.commons.math.ode.events.EventState,111=>Find no block
Tue Jan 16 03:16:14 AEDT 2018 org.apache.commons.math.ode.sampling.AbstractStepInterpolator,211
Tue Jan 16 03:17:39 AEDT 2018 Tue Jan 16 03:17:39 AEDT 2018 : org.apache.commons.math.ode.sampling.AbstractStepInterpolator,212=>Find no block
Tue Jan 16 03:17:39 AEDT 2018 org.apache.commons.math.ode.sampling.AbstractStepInterpolator,219
Timeout time : 18/01/16 03:28
Current failed test : org.apache.commons.math.ode.events.EventStateTest::closeEvents_purify_4 | 18/01/16 03:28
Tue Jan 16 03:29:04 AEDT 2018 org.apache.commons.math.ode.sampling.DummyStepInterpolator,66
Tue Jan 16 03:29:06 AEDT 2018 Tue Jan 16 03:29:06 AEDT 2018 : org.apache.commons.math.ode.sampling.DummyStepInterpolator,67=>Find no block
Tue Jan 16 03:29:07 AEDT 2018 Tue Jan 16 03:29:07 AEDT 2018 : org.apache.commons.math.ode.sampling.AbstractStepInterpolator,107=>Find no block
Tue Jan 16 03:29:08 AEDT 2018 org.apache.commons.math.ode.sampling.AbstractStepInterpolator,109
Tue Jan 16 03:32:31 AEDT 2018 org.apache.commons.math.ode.sampling.AbstractStepInterpolator,110
Tue Jan 16 03:32:32 AEDT 2018 org.apache.commons.math.ode.sampling.AbstractStepInterpolator,111
Tue Jan 16 03:37:51 AEDT 2018 org.apache.commons.math.ode.sampling.AbstractStepInterpolator,112
Tue Jan 16 03:42:56 AEDT 2018 org.apache.commons.math.ode.sampling.AbstractStepInterpolator,114
Tue Jan 16 03:50:12 AEDT 2018 org.apache.commons.math.ode.sampling.AbstractStepInterpolator,115
Tue Jan 16 03:55:04 AEDT 2018 org.apache.commons.math.ode.sampling.AbstractStepInterpolator,116
Tue Jan 16 04:01:16 AEDT 2018 org.apache.commons.math.ode.sampling.AbstractStepInterpolator,118
Tue Jan 16 04:10:30 AEDT 2018 org.apache.commons.math.ode.sampling.AbstractStepInterpolator,119
Tue Jan 16 04:17:54 AEDT 2018 org.apache.commons.math.ode.sampling.AbstractStepInterpolator,120
Tue Jan 16 04:17:54 AEDT 2018 Tue Jan 16 04:17:54 AEDT 2018 : org.apache.commons.math.ode.sampling.AbstractStepInterpolator,122=>Find no block
Tue Jan 16 04:17:55 AEDT 2018 org.apache.commons.math.ode.events.EventState,271
Tue Jan 16 04:17:57 AEDT 2018 org.apache.commons.math.ode.events.EventState,151
Tue Jan 16 04:20:47 AEDT 2018 org.apache.commons.math.ode.events.EventState,152
Tue Jan 16 04:20:47 AEDT 2018 org.apache.commons.math.ode.events.EventState,153
Tue Jan 16 04:20:48 AEDT 2018 Tue Jan 16 04:20:48 AEDT 2018 : org.apache.commons.math.ode.events.EventState,154=>Find no block
Tue Jan 16 04:20:49 AEDT 2018 Tue Jan 16 04:20:49 AEDT 2018 : org.apache.commons.math.ode.events.EventState,95=>Find no block
Tue Jan 16 04:20:49 AEDT 2018 org.apache.commons.math.ode.events.EventState,96
Tue Jan 16 04:23:44 AEDT 2018 org.apache.commons.math.ode.events.EventState,97
Tue Jan 16 04:23:45 AEDT 2018 org.apache.commons.math.ode.events.EventState,98
Tue Jan 16 04:27:05 AEDT 2018 org.apache.commons.math.ode.events.EventState,99
Tue Jan 16 04:29:10 AEDT 2018 org.apache.commons.math.ode.events.EventState,102
Tue Jan 16 04:31:00 AEDT 2018 org.apache.commons.math.ode.events.EventState,103
Tue Jan 16 04:33:15 AEDT 2018 org.apache.commons.math.ode.events.EventState,104
Tue Jan 16 04:34:43 AEDT 2018 org.apache.commons.math.ode.events.EventState,105
Tue Jan 16 04:36:58 AEDT 2018 org.apache.commons.math.ode.events.EventState,106
Tue Jan 16 04:39:00 AEDT 2018 org.apache.commons.math.ode.events.EventState,107
Tue Jan 16 04:40:24 AEDT 2018 org.apache.commons.math.ode.events.EventState,108
Tue Jan 16 04:41:34 AEDT 2018 org.apache.commons.math.ode.events.EventState,109
Tue Jan 16 04:41:35 AEDT 2018 Tue Jan 16 04:41:35 AEDT 2018 : org.apache.commons.math.ode.events.EventState,111=>Find no block
Tue Jan 16 04:41:35 AEDT 2018 org.apache.commons.math.ode.sampling.AbstractStepInterpolator,211
Tue Jan 16 04:42:54 AEDT 2018 Tue Jan 16 04:42:54 AEDT 2018 : org.apache.commons.math.ode.sampling.AbstractStepInterpolator,212=>Find no block
Tue Jan 16 04:42:55 AEDT 2018 org.apache.commons.math.ode.sampling.AbstractStepInterpolator,219
Tue Jan 16 04:55:10 AEDT 2018 org.apache.commons.math.ode.sampling.AbstractStepInterpolator,220
Tue Jan 16 04:55:11 AEDT 2018 org.apache.commons.math.ode.sampling.AbstractStepInterpolator,221
Tue Jan 16 04:55:12 AEDT 2018 org.apache.commons.math.ode.sampling.AbstractStepInterpolator,224
Tue Jan 16 04:55:12 AEDT 2018 Tue Jan 16 04:55:12 AEDT 2018 : org.apache.commons.math.ode.sampling.AbstractStepInterpolator,226=>Find no block
Tue Jan 16 04:55:13 AEDT 2018 org.apache.commons.math.ode.sampling.AbstractStepInterpolator,245
Tue Jan 16 04:57:10 AEDT 2018 org.apache.commons.math.ode.sampling.AbstractStepInterpolator,246
Tue Jan 16 04:57:10 AEDT 2018 Tue Jan 16 04:57:10 AEDT 2018 : org.apache.commons.math.ode.sampling.AbstractStepInterpolator,247=>Find no block
Tue Jan 16 04:57:11 AEDT 2018 org.apache.commons.math.MaxIterationsExceededException,43
Tue Jan 16 04:57:14 AEDT 2018 org.apache.commons.math.MaxIterationsExceededException,44
Tue Jan 16 04:57:14 AEDT 2018 Tue Jan 16 04:57:14 AEDT 2018 : org.apache.commons.math.MaxIterationsExceededException,45=>Find no block
Tue Jan 16 04:57:15 AEDT 2018 org.apache.commons.math.MaxIterationsExceededException,56
Tue Jan 16 04:57:57 AEDT 2018 org.apache.commons.math.MaxIterationsExceededException,57
Tue Jan 16 04:57:58 AEDT 2018 Tue Jan 16 04:57:58 AEDT 2018 : org.apache.commons.math.MaxIterationsExceededException,58=>Find no block
Tue Jan 16 04:57:58 AEDT 2018 org.apache.commons.math.MaxIterationsExceededException,64
Tue Jan 16 04:58:00 AEDT 2018 org.apache.commons.math.ConvergenceException,34
Tue Jan 16 04:58:03 AEDT 2018 Tue Jan 16 04:58:03 AEDT 2018 : org.apache.commons.math.ConvergenceException,35=>Find no block
Tue Jan 16 04:58:03 AEDT 2018 org.apache.commons.math.ConvergenceException,45
Tue Jan 16 04:59:02 AEDT 2018 Tue Jan 16 04:59:02 AEDT 2018 : org.apache.commons.math.ConvergenceException,46=>Find no block
Tue Jan 16 04:59:03 AEDT 2018 org.apache.commons.math.ConvergenceException,53
Tue Jan 16 04:59:05 AEDT 2018 Tue Jan 16 04:59:05 AEDT 2018 : org.apache.commons.math.ConvergenceException,54=>Find no block
Tue Jan 16 04:59:06 AEDT 2018 org.apache.commons.math.ConvergenceException,65
Tue Jan 16 04:59:50 AEDT 2018 Tue Jan 16 04:59:50 AEDT 2018 : org.apache.commons.math.ConvergenceException,66=>Find no block
Tue Jan 16 04:59:51 AEDT 2018 Tue Jan 16 04:59:51 AEDT 2018 : org.apache.commons.math.MathException,55=>Find no block
Tue Jan 16 04:59:52 AEDT 2018 org.apache.commons.math.MathException,56
Tue Jan 16 04:59:55 AEDT 2018 org.apache.commons.math.MathException,57
Tue Jan 16 04:59:55 AEDT 2018 Tue Jan 16 04:59:55 AEDT 2018 : org.apache.commons.math.MathException,58=>Find no block
Tue Jan 16 04:59:56 AEDT 2018 Tue Jan 16 04:59:56 AEDT 2018 : org.apache.commons.math.MathException,67=>Find no block
Tue Jan 16 04:59:57 AEDT 2018 org.apache.commons.math.MathException,68
Tue Jan 16 05:00:18 AEDT 2018 org.apache.commons.math.MathException,69
Tue Jan 16 05:00:19 AEDT 2018 Tue Jan 16 05:00:19 AEDT 2018 : org.apache.commons.math.MathException,70=>Find no block
Tue Jan 16 05:00:20 AEDT 2018 org.apache.commons.math.MathException,80
Tue Jan 16 05:01:27 AEDT 2018 org.apache.commons.math.MathException,81
Tue Jan 16 05:01:27 AEDT 2018 org.apache.commons.math.MathException,82
Tue Jan 16 05:01:28 AEDT 2018 Tue Jan 16 05:01:28 AEDT 2018 : org.apache.commons.math.MathException,83=>Find no block
Tue Jan 16 05:01:28 AEDT 2018 org.apache.commons.math.MathException,96
Tue Jan 16 05:02:22 AEDT 2018 org.apache.commons.math.MathException,97
Tue Jan 16 05:02:22 AEDT 2018 org.apache.commons.math.MathException,98
Tue Jan 16 05:02:23 AEDT 2018 Tue Jan 16 05:02:23 AEDT 2018 : org.apache.commons.math.MathException,99=>Find no block
Tue Jan 16 05:02:24 AEDT 2018 org.apache.commons.math.MathException,110
Tue Jan 16 05:02:26 AEDT 2018 org.apache.commons.math.MathException,112
Tue Jan 16 05:02:29 AEDT 2018 org.apache.commons.math.MathException,114
Tue Jan 16 05:02:29 AEDT 2018 Tue Jan 16 05:02:29 AEDT 2018 : org.apache.commons.math.MathException,119=>Find no block
Tue Jan 16 05:02:30 AEDT 2018 Tue Jan 16 05:02:30 AEDT 2018 : org.apache.commons.math.MathException,117=>Find no block
Tue Jan 16 05:02:31 AEDT 2018 org.apache.commons.math.MathException,123
Tue Jan 16 05:02:31 AEDT 2018 org.apache.commons.math.MathException,133
Tue Jan 16 05:02:33 AEDT 2018 org.apache.commons.math.MathException,142
Tue Jan 16 05:03:06 AEDT 2018 org.apache.commons.math.MathException,153
Tue Jan 16 05:03:08 AEDT 2018 org.apache.commons.math.MathException,159
Tue Jan 16 05:03:10 AEDT 2018 org.apache.commons.math.MathException,165
Tue Jan 16 05:03:13 AEDT 2018 org.apache.commons.math.MathException,173
Tue Jan 16 05:03:15 AEDT 2018 Tue Jan 16 05:03:15 AEDT 2018 : org.apache.commons.math.MathException,174=>Find no block
Tue Jan 16 05:03:15 AEDT 2018 Tue Jan 16 05:03:15 AEDT 2018 : org.apache.commons.math.MathException,183=>Find no block
Tue Jan 16 05:03:16 AEDT 2018 org.apache.commons.math.MathException,184
Tue Jan 16 05:03:18 AEDT 2018 org.apache.commons.math.MathException,185
Tue Jan 16 05:03:19 AEDT 2018 org.apache.commons.math.MathException,187
Tue Jan 16 05:03:20 AEDT 2018 Tue Jan 16 05:03:20 AEDT 2018 : org.apache.commons.math.MathException,188=>Find no block
Tue Jan 16 05:03:20 AEDT 2018 Tue Jan 16 05:03:20 AEDT 2018 : org.apache.commons.math.MathException,189=>Find no block
Tue Jan 16 05:03:21 AEDT 2018 org.apache.commons.math.FunctionEvaluationException,48
Tue Jan 16 05:03:23 AEDT 2018 org.apache.commons.math.FunctionEvaluationException,49
Tue Jan 16 05:03:24 AEDT 2018 Tue Jan 16 05:03:24 AEDT 2018 : org.apache.commons.math.FunctionEvaluationException,50=>Find no block
Tue Jan 16 05:03:25 AEDT 2018 org.apache.commons.math.FunctionEvaluationException,60
Tue Jan 16 05:06:17 AEDT 2018 org.apache.commons.math.FunctionEvaluationException,61
Tue Jan 16 05:06:17 AEDT 2018 Tue Jan 16 05:06:17 AEDT 2018 : org.apache.commons.math.FunctionEvaluationException,62=>Find no block
Tue Jan 16 05:06:18 AEDT 2018 org.apache.commons.math.FunctionEvaluationException,74
Tue Jan 16 05:07:17 AEDT 2018 org.apache.commons.math.FunctionEvaluationException,75
Tue Jan 16 05:07:17 AEDT 2018 Tue Jan 16 05:07:17 AEDT 2018 : org.apache.commons.math.FunctionEvaluationException,76=>Find no block
Tue Jan 16 05:07:18 AEDT 2018 org.apache.commons.math.FunctionEvaluationException,88
Tue Jan 16 05:08:43 AEDT 2018 org.apache.commons.math.FunctionEvaluationException,89
Tue Jan 16 05:08:43 AEDT 2018 Tue Jan 16 05:08:43 AEDT 2018 : org.apache.commons.math.FunctionEvaluationException,90=>Find no block
Tue Jan 16 05:08:44 AEDT 2018 org.apache.commons.math.FunctionEvaluationException,100
Tue Jan 16 05:08:56 AEDT 2018 org.apache.commons.math.FunctionEvaluationException,101
Tue Jan 16 05:08:57 AEDT 2018 Tue Jan 16 05:08:57 AEDT 2018 : org.apache.commons.math.FunctionEvaluationException,102=>Find no block
Tue Jan 16 05:08:58 AEDT 2018 org.apache.commons.math.FunctionEvaluationException,112
Timeout time : 18/01/16 05:09
