=================================================
Project : math_92	start : 18/01/15 21:21
Current failed test : org.apache.commons.math.util.MathUtilsTest::testBinomialCoefficientLarge_purify_1 | 18/01/15 21:22
Mon Jan 15 21:23:40 AEDT 2018 org.apache.commons.math.util.MathUtils,182
Mon Jan 15 21:27:41 AEDT 2018 org.apache.commons.math.util.MathUtils,179
Mon Jan 15 21:31:18 AEDT 2018 org.apache.commons.math.util.MathUtils,95
Mon Jan 15 21:31:27 AEDT 2018 org.apache.commons.math.util.MathUtils,113
Mon Jan 15 21:31:36 AEDT 2018 org.apache.commons.math.util.MathUtils,208
Mon Jan 15 21:31:46 AEDT 2018 org.apache.commons.math.util.MathUtils,111
Mon Jan 15 21:34:24 AEDT 2018 org.apache.commons.math.util.MathUtils,117
Mon Jan 15 21:34:28 AEDT 2018 org.apache.commons.math.util.MathUtils,134
Mon Jan 15 21:34:31 AEDT 2018 org.apache.commons.math.util.MathUtils,135
Mon Jan 15 21:34:35 AEDT 2018 org.apache.commons.math.util.MathUtils,141
Mon Jan 15 21:35:23 AEDT 2018 org.apache.commons.math.util.MathUtils,181
Mon Jan 15 21:35:26 AEDT 2018 org.apache.commons.math.util.MathUtils,184
Mon Jan 15 21:51:48 AEDT 2018 org.apache.commons.math.util.MathUtils,185
Mon Jan 15 21:51:51 AEDT 2018 org.apache.commons.math.util.MathUtils,170
Mon Jan 15 21:58:28 AEDT 2018 org.apache.commons.math.util.MathUtils,174
Mon Jan 15 22:03:02 AEDT 2018 org.apache.commons.math.util.MathUtils,178
Mon Jan 15 22:03:05 AEDT 2018 org.apache.commons.math.util.MathUtils,236
Mon Jan 15 22:04:23 AEDT 2018 org.apache.commons.math.util.MathUtils,286
Mon Jan 15 22:23:26 AEDT 2018 org.apache.commons.math.util.MathUtils,289
Mon Jan 15 22:23:29 AEDT 2018 org.apache.commons.math.util.MathUtils,290
Mon Jan 15 22:23:33 AEDT 2018 org.apache.commons.math.util.MathUtils,294
Mon Jan 15 22:31:21 AEDT 2018 org.apache.commons.math.util.MathUtils,295
Mon Jan 15 22:31:25 AEDT 2018 org.apache.commons.math.util.MathUtils,298
Mon Jan 15 22:35:39 AEDT 2018 org.apache.commons.math.util.MathUtils,269
Mon Jan 15 22:35:43 AEDT 2018 org.apache.commons.math.util.MathUtils,258
Mon Jan 15 22:35:46 AEDT 2018 org.apache.commons.math.util.MathUtils,262
Mon Jan 15 22:35:50 AEDT 2018 org.apache.commons.math.util.MathUtils,266
Mon Jan 15 22:39:25 AEDT 2018 org.apache.commons.math.util.MathUtils,63
Mon Jan 15 22:39:34 AEDT 2018 Mon Jan 15 22:39:34 AEDT 2018 : org.apache.commons.math.util.MathUtils,64=>Find no block
Mon Jan 15 22:39:39 AEDT 2018 org.apache.commons.math.util.MathUtils,77
Mon Jan 15 22:40:57 AEDT 2018 org.apache.commons.math.util.MathUtils,78
Mon Jan 15 22:41:38 AEDT 2018 org.apache.commons.math.util.MathUtils,79
Mon Jan 15 22:41:41 AEDT 2018 org.apache.commons.math.util.MathUtils,81
Mon Jan 15 22:41:45 AEDT 2018 org.apache.commons.math.util.MathUtils,118
Mon Jan 15 22:41:48 AEDT 2018 org.apache.commons.math.util.MathUtils,120
Mon Jan 15 22:41:52 AEDT 2018 org.apache.commons.math.util.MathUtils,121
Mon Jan 15 22:41:55 AEDT 2018 org.apache.commons.math.util.MathUtils,123
Mon Jan 15 22:41:59 AEDT 2018 org.apache.commons.math.util.MathUtils,127
Mon Jan 15 22:42:03 AEDT 2018 org.apache.commons.math.util.MathUtils,137
Mon Jan 15 22:42:07 AEDT 2018 org.apache.commons.math.util.MathUtils,171
Mon Jan 15 22:42:11 AEDT 2018 org.apache.commons.math.util.MathUtils,175
Mon Jan 15 22:42:14 AEDT 2018 org.apache.commons.math.util.MathUtils,186
Mon Jan 15 22:42:18 AEDT 2018 org.apache.commons.math.util.MathUtils,259
Mon Jan 15 22:42:22 AEDT 2018 org.apache.commons.math.util.MathUtils,263
Mon Jan 15 22:42:25 AEDT 2018 org.apache.commons.math.util.MathUtils,267
Mon Jan 15 22:42:29 AEDT 2018 org.apache.commons.math.util.MathUtils,270
Mon Jan 15 22:42:33 AEDT 2018 org.apache.commons.math.util.MathUtils,309
Mon Jan 15 22:43:46 AEDT 2018 org.apache.commons.math.util.MathUtils,321
Mon Jan 15 22:43:55 AEDT 2018 org.apache.commons.math.util.MathUtils,335
Mon Jan 15 22:45:17 AEDT 2018 org.apache.commons.math.util.MathUtils,336
Mon Jan 15 22:45:18 AEDT 2018 org.apache.commons.math.util.MathUtils,338
Mon Jan 15 22:48:46 AEDT 2018 org.apache.commons.math.util.MathUtils,339
Mon Jan 15 22:48:50 AEDT 2018 org.apache.commons.math.util.MathUtils,341
Mon Jan 15 22:53:06 AEDT 2018 org.apache.commons.math.util.MathUtils,342
Mon Jan 15 22:53:07 AEDT 2018 org.apache.commons.math.util.MathUtils,343
Mon Jan 15 22:53:08 AEDT 2018 org.apache.commons.math.util.MathUtils,346
Mon Jan 15 23:31:41 AEDT 2018 org.apache.commons.math.util.MathUtils,379
Mon Jan 15 23:34:40 AEDT 2018 org.apache.commons.math.util.MathUtils,380
Mon Jan 15 23:34:44 AEDT 2018 org.apache.commons.math.util.MathUtils,382
Mon Jan 15 23:39:09 AEDT 2018 org.apache.commons.math.util.MathUtils,383
Mon Jan 15 23:39:13 AEDT 2018 org.apache.commons.math.util.MathUtils,386
Mon Jan 15 23:46:48 AEDT 2018 org.apache.commons.math.util.MathUtils,410
Mon Jan 15 23:46:51 AEDT 2018 org.apache.commons.math.util.MathUtils,411
Mon Jan 15 23:46:55 AEDT 2018 org.apache.commons.math.util.MathUtils,413
Mon Jan 15 23:49:10 AEDT 2018 org.apache.commons.math.util.MathUtils,414
Mon Jan 15 23:49:13 AEDT 2018 org.apache.commons.math.util.MathUtils,416
Timeout time : 18/01/15 23:53
Current failed test : org.apache.commons.math.util.MathUtilsTest::testBinomialCoefficientLarge_purify_5 | 18/01/15 23:53
Mon Jan 15 23:54:52 AEDT 2018 org.apache.commons.math.util.MathUtils,95
Mon Jan 15 23:55:01 AEDT 2018 org.apache.commons.math.util.MathUtils,208
Mon Jan 15 23:55:10 AEDT 2018 org.apache.commons.math.util.MathUtils,111
Mon Jan 15 23:57:47 AEDT 2018 org.apache.commons.math.util.MathUtils,117
Mon Jan 15 23:57:50 AEDT 2018 org.apache.commons.math.util.MathUtils,134
Mon Jan 15 23:57:54 AEDT 2018 org.apache.commons.math.util.MathUtils,135
Mon Jan 15 23:57:58 AEDT 2018 org.apache.commons.math.util.MathUtils,141
Mon Jan 15 23:58:46 AEDT 2018 org.apache.commons.math.util.MathUtils,181
Tue Jan 16 00:02:46 AEDT 2018 org.apache.commons.math.util.MathUtils,184
Tue Jan 16 00:19:12 AEDT 2018 org.apache.commons.math.util.MathUtils,185
Tue Jan 16 00:19:16 AEDT 2018 org.apache.commons.math.util.MathUtils,170
Tue Jan 16 00:25:55 AEDT 2018 org.apache.commons.math.util.MathUtils,174
Tue Jan 16 00:30:30 AEDT 2018 org.apache.commons.math.util.MathUtils,178
Tue Jan 16 00:34:07 AEDT 2018 org.apache.commons.math.util.MathUtils,236
Tue Jan 16 00:35:23 AEDT 2018 org.apache.commons.math.util.MathUtils,286
Tue Jan 16 00:54:16 AEDT 2018 org.apache.commons.math.util.MathUtils,289
Tue Jan 16 00:54:20 AEDT 2018 org.apache.commons.math.util.MathUtils,290
Tue Jan 16 00:54:23 AEDT 2018 org.apache.commons.math.util.MathUtils,294
Tue Jan 16 01:02:04 AEDT 2018 org.apache.commons.math.util.MathUtils,295
Tue Jan 16 01:02:07 AEDT 2018 org.apache.commons.math.util.MathUtils,298
Tue Jan 16 01:06:20 AEDT 2018 org.apache.commons.math.util.MathUtils,269
Tue Jan 16 01:06:23 AEDT 2018 org.apache.commons.math.util.MathUtils,258
Tue Jan 16 01:06:26 AEDT 2018 org.apache.commons.math.util.MathUtils,262
Tue Jan 16 01:06:26 AEDT 2018 org.apache.commons.math.util.MathUtils,266
Tue Jan 16 01:09:54 AEDT 2018 org.apache.commons.math.util.MathUtils,63
Tue Jan 16 01:10:01 AEDT 2018 Tue Jan 16 01:10:01 AEDT 2018 : org.apache.commons.math.util.MathUtils,64=>Find no block
Tue Jan 16 01:10:05 AEDT 2018 org.apache.commons.math.util.MathUtils,77
Tue Jan 16 01:11:21 AEDT 2018 org.apache.commons.math.util.MathUtils,78
Tue Jan 16 01:12:00 AEDT 2018 org.apache.commons.math.util.MathUtils,79
Tue Jan 16 01:12:03 AEDT 2018 org.apache.commons.math.util.MathUtils,81
Tue Jan 16 01:12:06 AEDT 2018 org.apache.commons.math.util.MathUtils,113
Tue Jan 16 01:12:14 AEDT 2018 org.apache.commons.math.util.MathUtils,118
Tue Jan 16 01:12:18 AEDT 2018 org.apache.commons.math.util.MathUtils,120
Tue Jan 16 01:12:21 AEDT 2018 org.apache.commons.math.util.MathUtils,121
Tue Jan 16 01:12:24 AEDT 2018 org.apache.commons.math.util.MathUtils,123
Tue Jan 16 01:12:28 AEDT 2018 org.apache.commons.math.util.MathUtils,127
Tue Jan 16 01:12:31 AEDT 2018 org.apache.commons.math.util.MathUtils,137
Tue Jan 16 01:12:35 AEDT 2018 org.apache.commons.math.util.MathUtils,171
Tue Jan 16 01:12:38 AEDT 2018 org.apache.commons.math.util.MathUtils,175
Tue Jan 16 01:12:41 AEDT 2018 org.apache.commons.math.util.MathUtils,179
Tue Jan 16 01:12:45 AEDT 2018 org.apache.commons.math.util.MathUtils,182
Tue Jan 16 01:12:50 AEDT 2018 org.apache.commons.math.util.MathUtils,186
Tue Jan 16 01:12:53 AEDT 2018 org.apache.commons.math.util.MathUtils,259
Tue Jan 16 01:12:56 AEDT 2018 org.apache.commons.math.util.MathUtils,263
Tue Jan 16 01:13:00 AEDT 2018 org.apache.commons.math.util.MathUtils,267
Tue Jan 16 01:13:03 AEDT 2018 org.apache.commons.math.util.MathUtils,270
Tue Jan 16 01:13:06 AEDT 2018 org.apache.commons.math.util.MathUtils,309
Tue Jan 16 01:14:19 AEDT 2018 org.apache.commons.math.util.MathUtils,321
Tue Jan 16 01:14:27 AEDT 2018 org.apache.commons.math.util.MathUtils,335
Tue Jan 16 01:15:50 AEDT 2018 org.apache.commons.math.util.MathUtils,336
Tue Jan 16 01:15:54 AEDT 2018 org.apache.commons.math.util.MathUtils,338
Tue Jan 16 01:19:20 AEDT 2018 org.apache.commons.math.util.MathUtils,339
Tue Jan 16 01:19:23 AEDT 2018 org.apache.commons.math.util.MathUtils,341
Tue Jan 16 01:23:46 AEDT 2018 org.apache.commons.math.util.MathUtils,342
Tue Jan 16 01:23:49 AEDT 2018 org.apache.commons.math.util.MathUtils,343
Tue Jan 16 01:23:53 AEDT 2018 org.apache.commons.math.util.MathUtils,346
Tue Jan 16 02:02:22 AEDT 2018 org.apache.commons.math.util.MathUtils,379
Tue Jan 16 02:05:19 AEDT 2018 org.apache.commons.math.util.MathUtils,380
Tue Jan 16 02:05:23 AEDT 2018 org.apache.commons.math.util.MathUtils,382
Tue Jan 16 02:09:44 AEDT 2018 org.apache.commons.math.util.MathUtils,383
Tue Jan 16 02:09:48 AEDT 2018 org.apache.commons.math.util.MathUtils,386
Tue Jan 16 02:17:21 AEDT 2018 org.apache.commons.math.util.MathUtils,410
Tue Jan 16 02:17:24 AEDT 2018 org.apache.commons.math.util.MathUtils,411
Tue Jan 16 02:17:27 AEDT 2018 org.apache.commons.math.util.MathUtils,413
Tue Jan 16 02:19:41 AEDT 2018 org.apache.commons.math.util.MathUtils,414
Tue Jan 16 02:19:45 AEDT 2018 org.apache.commons.math.util.MathUtils,416
Timeout time : 18/01/16 02:24
