=================================================
Project : math_94	start : 18/01/15 23:09
Current failed test : org.apache.commons.math.util.MathUtilsTest::testGcd | 18/01/15 23:10
Mon Jan 15 23:15:13 AEDT 2018 org.apache.commons.math.util.MathUtils,413
Mon Jan 15 23:17:13 AEDT 2018 org.apache.commons.math.util.MathUtils,430
Mon Jan 15 23:20:39 AEDT 2018 org.apache.commons.math.util.MathUtils,431
Mon Jan 15 23:20:44 AEDT 2018 org.apache.commons.math.util.MathUtils,432
Mon Jan 15 23:20:51 AEDT 2018 org.apache.commons.math.util.MathUtils,450
Mon Jan 15 23:26:42 AEDT 2018 org.apache.commons.math.util.MathUtils,446
Mon Jan 15 23:26:51 AEDT 2018 org.apache.commons.math.util.MathUtils,421
Mon Jan 15 23:28:16 AEDT 2018 org.apache.commons.math.util.MathUtils,452
Mon Jan 15 23:28:20 AEDT 2018 org.apache.commons.math.util.MathUtils,420
Mon Jan 15 23:28:23 AEDT 2018 org.apache.commons.math.util.MathUtils,423
Mon Jan 15 23:29:33 AEDT 2018 org.apache.commons.math.util.MathUtils,424
Mon Jan 15 23:29:38 AEDT 2018 org.apache.commons.math.util.MathUtils,427
Mon Jan 15 23:35:06 AEDT 2018 org.apache.commons.math.util.MathUtils,428
Mon Jan 15 23:35:08 AEDT 2018 org.apache.commons.math.util.MathUtils,434
Mon Jan 15 23:38:00 AEDT 2018 org.apache.commons.math.util.MathUtils,439
Mon Jan 15 23:39:53 AEDT 2018 org.apache.commons.math.util.MathUtils,445
Mon Jan 15 23:39:57 AEDT 2018 org.apache.commons.math.util.MathUtils,449
Mon Jan 15 23:39:59 AEDT 2018 org.apache.commons.math.util.MathUtils,455
Mon Jan 15 23:40:07 AEDT 2018 org.apache.commons.math.util.MathUtils,458
Mon Jan 15 23:40:08 AEDT 2018 org.apache.commons.math.util.MathUtils,459
Mon Jan 15 23:40:56 AEDT 2018 org.apache.commons.math.util.MathUtils,412
Mon Jan 15 23:40:58 AEDT 2018 org.apache.commons.math.util.MathUtils,63
Mon Jan 15 23:41:03 AEDT 2018 Mon Jan 15 23:41:03 AEDT 2018 : org.apache.commons.math.util.MathUtils,64=>Find no block
Mon Jan 15 23:41:05 AEDT 2018 org.apache.commons.math.util.MathUtils,77
Mon Jan 15 23:42:20 AEDT 2018 org.apache.commons.math.util.MathUtils,78
Mon Jan 15 23:42:57 AEDT 2018 org.apache.commons.math.util.MathUtils,79
Mon Jan 15 23:43:00 AEDT 2018 org.apache.commons.math.util.MathUtils,81
Mon Jan 15 23:43:03 AEDT 2018 org.apache.commons.math.util.MathUtils,95
Mon Jan 15 23:43:10 AEDT 2018 org.apache.commons.math.util.MathUtils,111
Mon Jan 15 23:45:46 AEDT 2018 org.apache.commons.math.util.MathUtils,113
Mon Jan 15 23:45:52 AEDT 2018 org.apache.commons.math.util.MathUtils,117
Mon Jan 15 23:45:56 AEDT 2018 org.apache.commons.math.util.MathUtils,118
Mon Jan 15 23:45:59 AEDT 2018 org.apache.commons.math.util.MathUtils,120
Mon Jan 15 23:46:03 AEDT 2018 org.apache.commons.math.util.MathUtils,121
Mon Jan 15 23:46:07 AEDT 2018 org.apache.commons.math.util.MathUtils,123
Mon Jan 15 23:46:10 AEDT 2018 org.apache.commons.math.util.MathUtils,127
Mon Jan 15 23:46:13 AEDT 2018 org.apache.commons.math.util.MathUtils,134
Mon Jan 15 23:46:16 AEDT 2018 org.apache.commons.math.util.MathUtils,135
Mon Jan 15 23:46:20 AEDT 2018 org.apache.commons.math.util.MathUtils,137
Mon Jan 15 23:46:23 AEDT 2018 org.apache.commons.math.util.MathUtils,141
Mon Jan 15 23:47:09 AEDT 2018 org.apache.commons.math.util.MathUtils,171
Mon Jan 15 23:52:58 AEDT 2018 org.apache.commons.math.util.MathUtils,172
Mon Jan 15 23:53:01 AEDT 2018 org.apache.commons.math.util.MathUtils,175
Mon Jan 15 23:57:12 AEDT 2018 org.apache.commons.math.util.MathUtils,176
Mon Jan 15 23:57:16 AEDT 2018 org.apache.commons.math.util.MathUtils,179
Tue Jan 16 00:00:42 AEDT 2018 org.apache.commons.math.util.MathUtils,180
Tue Jan 16 00:00:45 AEDT 2018 org.apache.commons.math.util.MathUtils,182
Tue Jan 16 00:04:25 AEDT 2018 org.apache.commons.math.util.MathUtils,183
Tue Jan 16 00:04:28 AEDT 2018 org.apache.commons.math.util.MathUtils,186
Tue Jan 16 00:18:41 AEDT 2018 org.apache.commons.math.util.MathUtils,187
Tue Jan 16 00:18:44 AEDT 2018 org.apache.commons.math.util.MathUtils,188
Tue Jan 16 00:18:48 AEDT 2018 org.apache.commons.math.util.MathUtils,191
Tue Jan 16 00:18:56 AEDT 2018 org.apache.commons.math.util.MathUtils,217
Tue Jan 16 00:19:58 AEDT 2018 org.apache.commons.math.util.MathUtils,239
Tue Jan 16 00:20:00 AEDT 2018 org.apache.commons.math.util.MathUtils,240
Tue Jan 16 00:20:03 AEDT 2018 org.apache.commons.math.util.MathUtils,243
Tue Jan 16 00:20:06 AEDT 2018 org.apache.commons.math.util.MathUtils,244
Tue Jan 16 00:20:09 AEDT 2018 org.apache.commons.math.util.MathUtils,247
Tue Jan 16 00:23:35 AEDT 2018 org.apache.commons.math.util.MathUtils,248
Tue Jan 16 00:23:38 AEDT 2018 org.apache.commons.math.util.MathUtils,250
Tue Jan 16 00:27:20 AEDT 2018 org.apache.commons.math.util.MathUtils,251
Tue Jan 16 00:27:23 AEDT 2018 org.apache.commons.math.util.MathUtils,253
Tue Jan 16 00:52:43 AEDT 2018 org.apache.commons.math.util.MathUtils,256
Tue Jan 16 00:52:44 AEDT 2018 org.apache.commons.math.util.MathUtils,257
Tue Jan 16 00:52:46 AEDT 2018 org.apache.commons.math.util.MathUtils,261
Tue Jan 16 00:59:05 AEDT 2018 org.apache.commons.math.util.MathUtils,262
Tue Jan 16 00:59:09 AEDT 2018 org.apache.commons.math.util.MathUtils,265
Tue Jan 16 01:02:46 AEDT 2018 org.apache.commons.math.util.MathUtils,276
Tue Jan 16 01:03:56 AEDT 2018 org.apache.commons.math.util.MathUtils,288
Tue Jan 16 01:04:01 AEDT 2018 org.apache.commons.math.util.MathUtils,302
Tue Jan 16 01:05:22 AEDT 2018 org.apache.commons.math.util.MathUtils,303
Tue Jan 16 01:05:25 AEDT 2018 org.apache.commons.math.util.MathUtils,305
Tue Jan 16 01:08:49 AEDT 2018 org.apache.commons.math.util.MathUtils,306
Tue Jan 16 01:08:52 AEDT 2018 org.apache.commons.math.util.MathUtils,308
Tue Jan 16 01:13:14 AEDT 2018 org.apache.commons.math.util.MathUtils,309
Tue Jan 16 01:13:17 AEDT 2018 org.apache.commons.math.util.MathUtils,310
Tue Jan 16 01:13:19 AEDT 2018 org.apache.commons.math.util.MathUtils,313
Tue Jan 16 01:51:29 AEDT 2018 org.apache.commons.math.util.MathUtils,339
Tue Jan 16 01:57:04 AEDT 2018 org.apache.commons.math.util.MathUtils,340
Tue Jan 16 01:57:07 AEDT 2018 org.apache.commons.math.util.MathUtils,341
Tue Jan 16 01:57:10 AEDT 2018 org.apache.commons.math.util.MathUtils,344
Tue Jan 16 01:57:13 AEDT 2018 org.apache.commons.math.util.MathUtils,368
Tue Jan 16 01:59:51 AEDT 2018 org.apache.commons.math.util.MathUtils,369
Tue Jan 16 01:59:54 AEDT 2018 org.apache.commons.math.util.MathUtils,371
Tue Jan 16 02:03:56 AEDT 2018 org.apache.commons.math.util.MathUtils,388
Tue Jan 16 02:06:34 AEDT 2018 org.apache.commons.math.util.MathUtils,389
Tue Jan 16 02:06:36 AEDT 2018 org.apache.commons.math.util.MathUtils,391
Tue Jan 16 02:40:53 AEDT 2018 org.apache.commons.math.util.MathUtils,392
Tue Jan 16 02:40:55 AEDT 2018 org.apache.commons.math.util.MathUtils,393
Tue Jan 16 02:40:57 AEDT 2018 org.apache.commons.math.util.MathUtils,395
Tue Jan 16 02:40:59 AEDT 2018 org.apache.commons.math.util.MathUtils,435
Tue Jan 16 02:41:01 AEDT 2018 org.apache.commons.math.util.MathUtils,469
Tue Jan 16 02:41:18 AEDT 2018 org.apache.commons.math.util.MathUtils,480
Tue Jan 16 02:41:25 AEDT 2018 org.apache.commons.math.util.MathUtils,491
Tue Jan 16 02:42:15 AEDT 2018 org.apache.commons.math.util.MathUtils,503
Tue Jan 16 02:43:17 AEDT 2018 org.apache.commons.math.util.MathUtils,504
Tue Jan 16 02:43:19 AEDT 2018 org.apache.commons.math.util.MathUtils,506
Tue Jan 16 02:44:24 AEDT 2018 org.apache.commons.math.util.MathUtils,517
Tue Jan 16 02:45:12 AEDT 2018 org.apache.commons.math.util.MathUtils,518
Tue Jan 16 02:45:15 AEDT 2018 org.apache.commons.math.util.MathUtils,520
Tue Jan 16 02:45:48 AEDT 2018 org.apache.commons.math.util.MathUtils,530
Tue Jan 16 02:45:55 AEDT 2018 org.apache.commons.math.util.MathUtils,540
Tue Jan 16 02:46:00 AEDT 2018 org.apache.commons.math.util.MathUtils,551
Tue Jan 16 02:46:51 AEDT 2018 org.apache.commons.math.util.MathUtils,564
Tue Jan 16 02:47:14 AEDT 2018 org.apache.commons.math.util.MathUtils,584
Tue Jan 16 02:48:12 AEDT 2018 org.apache.commons.math.util.MathUtils,598
Tue Jan 16 02:49:29 AEDT 2018 org.apache.commons.math.util.MathUtils,599
Tue Jan 16 02:49:33 AEDT 2018 org.apache.commons.math.util.MathUtils,600
Tue Jan 16 02:49:34 AEDT 2018 org.apache.commons.math.util.MathUtils,602
Tue Jan 16 02:49:37 AEDT 2018 org.apache.commons.math.util.MathUtils,617
Tue Jan 16 02:53:08 AEDT 2018 org.apache.commons.math.util.MathUtils,618
Tue Jan 16 02:53:49 AEDT 2018 org.apache.commons.math.util.MathUtils,620
Tue Jan 16 02:53:59 AEDT 2018 org.apache.commons.math.util.MathUtils,622
Tue Jan 16 02:54:02 AEDT 2018 org.apache.commons.math.util.MathUtils,623
Tue Jan 16 02:54:04 AEDT 2018 org.apache.commons.math.util.MathUtils,625
Tue Jan 16 02:54:07 AEDT 2018 org.apache.commons.math.util.MathUtils,626
Tue Jan 16 02:54:09 AEDT 2018 org.apache.commons.math.util.MathUtils,628
Tue Jan 16 02:54:13 AEDT 2018 org.apache.commons.math.util.MathUtils,630
Tue Jan 16 02:54:15 AEDT 2018 org.apache.commons.math.util.MathUtils,632
Tue Jan 16 02:54:18 AEDT 2018 org.apache.commons.math.util.MathUtils,633
Tue Jan 16 02:54:20 AEDT 2018 org.apache.commons.math.util.MathUtils,635
Tue Jan 16 02:54:22 AEDT 2018 org.apache.commons.math.util.MathUtils,640
Tue Jan 16 02:54:25 AEDT 2018 org.apache.commons.math.util.MathUtils,642
Tue Jan 16 02:54:28 AEDT 2018 org.apache.commons.math.util.MathUtils,647
Tue Jan 16 02:54:31 AEDT 2018 org.apache.commons.math.util.MathUtils,648
Tue Jan 16 02:54:33 AEDT 2018 org.apache.commons.math.util.MathUtils,650
Tue Jan 16 02:54:36 AEDT 2018 org.apache.commons.math.util.MathUtils,654
Tue Jan 16 02:54:38 AEDT 2018 org.apache.commons.math.util.MathUtils,657
Tue Jan 16 02:55:19 AEDT 2018 org.apache.commons.math.util.MathUtils,680
Tue Jan 16 02:57:18 AEDT 2018 org.apache.commons.math.util.MathUtils,681
Tue Jan 16 02:57:22 AEDT 2018 org.apache.commons.math.util.MathUtils,682
Tue Jan 16 02:57:24 AEDT 2018 org.apache.commons.math.util.MathUtils,683
Tue Jan 16 02:57:26 AEDT 2018 org.apache.commons.math.util.MathUtils,689
Tue Jan 16 03:02:24 AEDT 2018 org.apache.commons.math.util.MathUtils,690
Tue Jan 16 03:07:12 AEDT 2018 org.apache.commons.math.util.MathUtils,691
Tue Jan 16 03:08:08 AEDT 2018 org.apache.commons.math.util.MathUtils,692
Tue Jan 16 03:08:11 AEDT 2018 org.apache.commons.math.util.MathUtils,694
Tue Jan 16 03:09:13 AEDT 2018 org.apache.commons.math.util.MathUtils,696
Tue Jan 16 03:09:15 AEDT 2018 org.apache.commons.math.util.MathUtils,697
Tue Jan 16 03:09:17 AEDT 2018 org.apache.commons.math.util.MathUtils,700
Tue Jan 16 03:09:20 AEDT 2018 org.apache.commons.math.util.MathUtils,705
Tue Jan 16 03:09:22 AEDT 2018 org.apache.commons.math.util.MathUtils,706
Tue Jan 16 03:09:24 AEDT 2018 org.apache.commons.math.util.MathUtils,710
Tue Jan 16 03:09:26 AEDT 2018 org.apache.commons.math.util.MathUtils,729
Tue Jan 16 03:10:41 AEDT 2018 org.apache.commons.math.util.MathUtils,730
Tue Jan 16 03:10:43 AEDT 2018 org.apache.commons.math.util.MathUtils,734
Tue Jan 16 03:27:46 AEDT 2018 org.apache.commons.math.util.MathUtils,735
Tue Jan 16 03:27:49 AEDT 2018 org.apache.commons.math.util.MathUtils,736
Tue Jan 16 03:27:52 AEDT 2018 org.apache.commons.math.util.MathUtils,739
Tue Jan 16 03:27:54 AEDT 2018 org.apache.commons.math.util.MathUtils,740
Tue Jan 16 03:27:55 AEDT 2018 org.apache.commons.math.util.MathUtils,764
Tue Jan 16 03:28:13 AEDT 2018 org.apache.commons.math.util.MathUtils,777
Tue Jan 16 03:28:19 AEDT 2018 org.apache.commons.math.util.MathUtils,794
Tue Jan 16 03:28:25 AEDT 2018 Tue Jan 16 03:28:25 AEDT 2018 : org.apache.commons.math.util.MathUtils,798=>Find no block
Tue Jan 16 03:28:27 AEDT 2018 org.apache.commons.math.util.MathUtils,799
Tue Jan 16 03:29:50 AEDT 2018 org.apache.commons.math.util.MathUtils,800
Tue Jan 16 03:29:52 AEDT 2018 org.apache.commons.math.util.MathUtils,802
Tue Jan 16 03:29:54 AEDT 2018 org.apache.commons.math.util.MathUtils,817
Tue Jan 16 03:29:58 AEDT 2018 org.apache.commons.math.util.MathUtils,833
Tue Jan 16 03:31:15 AEDT 2018 org.apache.commons.math.util.MathUtils,834
Tue Jan 16 03:31:19 AEDT 2018 org.apache.commons.math.util.MathUtils,835
Tue Jan 16 03:31:21 AEDT 2018 Tue Jan 16 03:31:21 AEDT 2018 : org.apache.commons.math.util.MathUtils,852=>Find no block
Tue Jan 16 03:31:21 AEDT 2018 org.apache.commons.math.util.MathUtils,854
Tue Jan 16 03:34:28 AEDT 2018 org.apache.commons.math.util.MathUtils,855
Tue Jan 16 03:34:31 AEDT 2018 org.apache.commons.math.util.MathUtils,857
Tue Jan 16 03:34:33 AEDT 2018 org.apache.commons.math.util.MathUtils,859
Tue Jan 16 03:36:37 AEDT 2018 org.apache.commons.math.util.MathUtils,861
Tue Jan 16 03:37:24 AEDT 2018 org.apache.commons.math.util.MathUtils,862
Tue Jan 16 03:38:01 AEDT 2018 org.apache.commons.math.util.MathUtils,864
Tue Jan 16 03:39:55 AEDT 2018 org.apache.commons.math.util.MathUtils,865
Tue Jan 16 03:39:57 AEDT 2018 org.apache.commons.math.util.MathUtils,867
Tue Jan 16 03:40:00 AEDT 2018 org.apache.commons.math.util.MathUtils,869
Tue Jan 16 03:41:19 AEDT 2018 org.apache.commons.math.util.MathUtils,871
Tue Jan 16 03:43:30 AEDT 2018 org.apache.commons.math.util.MathUtils,872
Tue Jan 16 03:43:31 AEDT 2018 org.apache.commons.math.util.MathUtils,873
Tue Jan 16 03:44:35 AEDT 2018 org.apache.commons.math.util.MathUtils,874
Tue Jan 16 03:44:38 AEDT 2018 org.apache.commons.math.util.MathUtils,876
Tue Jan 16 03:44:41 AEDT 2018 org.apache.commons.math.util.MathUtils,878
Tue Jan 16 03:45:48 AEDT 2018 org.apache.commons.math.util.MathUtils,881
Tue Jan 16 03:49:08 AEDT 2018 org.apache.commons.math.util.MathUtils,882
Tue Jan 16 03:49:11 AEDT 2018 org.apache.commons.math.util.MathUtils,883
Tue Jan 16 03:49:13 AEDT 2018 org.apache.commons.math.util.MathUtils,884
Tue Jan 16 03:49:15 AEDT 2018 org.apache.commons.math.util.MathUtils,885
Tue Jan 16 03:49:16 AEDT 2018 org.apache.commons.math.util.MathUtils,888
Tue Jan 16 03:49:17 AEDT 2018 org.apache.commons.math.util.MathUtils,890
Tue Jan 16 03:49:18 AEDT 2018 org.apache.commons.math.util.MathUtils,892
Tue Jan 16 03:49:19 AEDT 2018 org.apache.commons.math.util.MathUtils,895
Tue Jan 16 03:50:39 AEDT 2018 org.apache.commons.math.util.MathUtils,898
Tue Jan 16 03:52:53 AEDT 2018 org.apache.commons.math.util.MathUtils,899
Tue Jan 16 03:52:56 AEDT 2018 org.apache.commons.math.util.MathUtils,900
Tue Jan 16 03:53:58 AEDT 2018 org.apache.commons.math.util.MathUtils,901
Tue Jan 16 03:54:00 AEDT 2018 org.apache.commons.math.util.MathUtils,903
Tue Jan 16 03:54:03 AEDT 2018 org.apache.commons.math.util.MathUtils,905
Tue Jan 16 03:55:12 AEDT 2018 org.apache.commons.math.util.MathUtils,908
Tue Jan 16 03:57:02 AEDT 2018 org.apache.commons.math.util.MathUtils,909
Tue Jan 16 03:57:06 AEDT 2018 org.apache.commons.math.util.MathUtils,913
Tue Jan 16 03:57:52 AEDT 2018 org.apache.commons.math.util.MathUtils,914
Tue Jan 16 03:58:31 AEDT 2018 org.apache.commons.math.util.MathUtils,916
Tue Jan 16 03:58:34 AEDT 2018 org.apache.commons.math.util.MathUtils,918
Tue Jan 16 04:01:55 AEDT 2018 org.apache.commons.math.util.MathUtils,932
Failed time : 18/01/16 04:02
