=================================================
Project : lang_17	start : 17/08/23 18:14
Current failed test : org.apache.commons.lang3.StringEscapeUtilsTest::testLang720 | 17/08/23 18:14
Wed Aug 23 18:15:12 AEST 2017 org.apache.commons.lang3.StringEscapeUtils,506

----------------------------------------
----------------------------------------
Pass Single Test : [=>0,0]
return ESCAPE_CSV.translate(input);

Time : 17/08/23 18:16
----------------------------------------

----------------------------------------
----------------------------------------
Pass Single Test : [=>0,0]
return UNESCAPE_CSV.translate(input);

Time : 17/08/23 18:16
----------------------------------------
Wed Aug 23 18:17:10 AEST 2017 org.apache.commons.lang3.text.translate.AggregateTranslator,57
Wed Aug 23 18:18:19 AEST 2017 org.apache.commons.lang3.text.translate.AggregateTranslator,51
Wed Aug 23 18:18:19 AEST 2017 org.apache.commons.lang3.text.translate.AggregateTranslator,52
Wed Aug 23 18:18:19 AEST 2017 org.apache.commons.lang3.text.translate.AggregateTranslator,53
Wed Aug 23 18:18:19 AEST 2017 org.apache.commons.lang3.text.translate.LookupTranslator,78
Wed Aug 23 18:28:24 AEST 2017 org.apache.commons.lang3.text.translate.LookupTranslator,65
Wed Aug 23 18:32:14 AEST 2017 org.apache.commons.lang3.text.translate.LookupTranslator,66
Wed Aug 23 18:36:37 AEST 2017 org.apache.commons.lang3.text.translate.LookupTranslator,70
Wed Aug 23 18:36:37 AEST 2017 org.apache.commons.lang3.text.translate.LookupTranslator,71
Wed Aug 23 18:36:37 AEST 2017 org.apache.commons.lang3.text.translate.LookupTranslator,72
Wed Aug 23 18:36:37 AEST 2017 org.apache.commons.lang3.text.translate.LookupTranslator,73
Wed Aug 23 18:36:37 AEST 2017 org.apache.commons.lang3.text.translate.CharSequenceTranslator,87
Wed Aug 23 19:08:13 AEST 2017 org.apache.commons.lang3.text.translate.CharSequenceTranslator,88
Wed Aug 23 19:08:13 AEST 2017 Wed Aug 23 19:08:13 AEST 2017 : org.apache.commons.lang3.text.translate.CharSequenceTranslator,89=>Find no block
Wed Aug 23 19:08:13 AEST 2017 org.apache.commons.lang3.text.translate.CharSequenceTranslator,60
Wed Aug 23 19:08:47 AEST 2017 org.apache.commons.lang3.text.translate.CharSequenceTranslator,54
Wed Aug 23 19:08:48 AEST 2017 org.apache.commons.lang3.text.translate.CharSequenceTranslator,58
Wed Aug 23 19:08:48 AEST 2017 org.apache.commons.lang3.text.translate.CharSequenceTranslator,59
Wed Aug 23 19:08:48 AEST 2017 Wed Aug 23 19:08:48 AEST 2017 : org.apache.commons.lang3.text.translate.CharSequenceTranslator,104=>Find no block
Wed Aug 23 19:08:49 AEST 2017 org.apache.commons.lang3.text.translate.CharSequenceTranslator,76
Wed Aug 23 19:08:49 AEST 2017 org.apache.commons.lang3.text.translate.CharSequenceTranslator,79
Wed Aug 23 19:08:58 AEST 2017 org.apache.commons.lang3.text.translate.CharSequenceTranslator,82
Wed Aug 23 19:11:11 AEST 2017 org.apache.commons.lang3.text.translate.CharSequenceTranslator,83
Wed Aug 23 19:11:11 AEST 2017 org.apache.commons.lang3.text.translate.CharSequenceTranslator,84
Wed Aug 23 19:35:49 AEST 2017 org.apache.commons.lang3.text.translate.CharSequenceTranslator,85
Wed Aug 23 19:35:50 AEST 2017 org.apache.commons.lang3.text.translate.CharSequenceTranslator,86
Wed Aug 23 19:35:50 AEST 2017 org.apache.commons.lang3.text.translate.CharSequenceTranslator,102
Wed Aug 23 20:01:19 AEST 2017 Wed Aug 23 20:01:19 AEST 2017 : org.apache.commons.lang3.text.translate.CharSequenceTranslator,103=>Find no block
Wed Aug 23 20:01:19 AEST 2017 org.apache.commons.lang3.ArrayUtils,135
Wed Aug 23 20:01:20 AEST 2017 Wed Aug 23 20:01:20 AEST 2017 : org.apache.commons.lang3.ArrayUtils,136=>Find no block
Wed Aug 23 20:01:20 AEST 2017 org.apache.commons.lang3.ArrayUtils,156
Wed Aug 23 20:01:57 AEST 2017 org.apache.commons.lang3.ArrayUtils,172
Wed Aug 23 20:03:47 AEST 2017 org.apache.commons.lang3.ArrayUtils,173
Wed Aug 23 20:03:47 AEST 2017 org.apache.commons.lang3.ArrayUtils,175
Wed Aug 23 20:06:08 AEST 2017 org.apache.commons.lang3.ArrayUtils,187
Wed Aug 23 20:06:10 AEST 2017 org.apache.commons.lang3.ArrayUtils,201
Wed Aug 23 20:06:11 AEST 2017 org.apache.commons.lang3.ArrayUtils,232
Wed Aug 23 20:06:35 AEST 2017 org.apache.commons.lang3.ArrayUtils,233
Wed Aug 23 20:06:35 AEST 2017 org.apache.commons.lang3.ArrayUtils,235
Wed Aug 23 20:07:41 AEST 2017 org.apache.commons.lang3.ArrayUtils,236
Wed Aug 23 20:13:56 AEST 2017 org.apache.commons.lang3.ArrayUtils,237
Wed Aug 23 20:13:58 AEST 2017 org.apache.commons.lang3.ArrayUtils,238
Wed Aug 23 20:13:58 AEST 2017 org.apache.commons.lang3.ArrayUtils,239
Wed Aug 23 20:13:59 AEST 2017 org.apache.commons.lang3.ArrayUtils,240
Wed Aug 23 20:13:59 AEST 2017 org.apache.commons.lang3.ArrayUtils,241
Wed Aug 23 20:13:59 AEST 2017 org.apache.commons.lang3.ArrayUtils,242
Wed Aug 23 20:13:59 AEST 2017 org.apache.commons.lang3.ArrayUtils,243
Wed Aug 23 20:14:02 AEST 2017 org.apache.commons.lang3.ArrayUtils,244
Wed Aug 23 20:14:02 AEST 2017 org.apache.commons.lang3.ArrayUtils,248
Wed Aug 23 20:14:02 AEST 2017 Wed Aug 23 20:14:02 AEST 2017 : org.apache.commons.lang3.ArrayUtils,249=>Find no block
Wed Aug 23 20:14:03 AEST 2017 org.apache.commons.lang3.ArrayUtils,250
Wed Aug 23 20:14:03 AEST 2017 org.apache.commons.lang3.ArrayUtils,255
Wed Aug 23 20:18:13 AEST 2017 org.apache.commons.lang3.ArrayUtils,298
Wed Aug 23 20:18:14 AEST 2017 org.apache.commons.lang3.ArrayUtils,317
Wed Aug 23 20:18:14 AEST 2017 org.apache.commons.lang3.ArrayUtils,318
Wed Aug 23 20:18:14 AEST 2017 org.apache.commons.lang3.ArrayUtils,320
Wed Aug 23 20:18:55 AEST 2017 org.apache.commons.lang3.ArrayUtils,333
Wed Aug 23 20:18:55 AEST 2017 org.apache.commons.lang3.ArrayUtils,334
Wed Aug 23 20:18:55 AEST 2017 org.apache.commons.lang3.ArrayUtils,336
Wed Aug 23 20:18:56 AEST 2017 org.apache.commons.lang3.ArrayUtils,349
Wed Aug 23 20:18:56 AEST 2017 org.apache.commons.lang3.ArrayUtils,350
Wed Aug 23 20:18:56 AEST 2017 org.apache.commons.lang3.ArrayUtils,352
Wed Aug 23 20:18:56 AEST 2017 org.apache.commons.lang3.ArrayUtils,365
Wed Aug 23 20:18:56 AEST 2017 org.apache.commons.lang3.ArrayUtils,366
Wed Aug 23 20:18:56 AEST 2017 org.apache.commons.lang3.ArrayUtils,368
Wed Aug 23 20:18:57 AEST 2017 org.apache.commons.lang3.ArrayUtils,381
Wed Aug 23 20:18:57 AEST 2017 org.apache.commons.lang3.ArrayUtils,382
Wed Aug 23 20:18:57 AEST 2017 org.apache.commons.lang3.ArrayUtils,384
Wed Aug 23 20:18:57 AEST 2017 org.apache.commons.lang3.ArrayUtils,397
Wed Aug 23 20:18:57 AEST 2017 org.apache.commons.lang3.ArrayUtils,398
Wed Aug 23 20:18:58 AEST 2017 org.apache.commons.lang3.ArrayUtils,400
Wed Aug 23 20:18:58 AEST 2017 org.apache.commons.lang3.ArrayUtils,413
Wed Aug 23 20:18:58 AEST 2017 org.apache.commons.lang3.ArrayUtils,414
Wed Aug 23 20:18:58 AEST 2017 org.apache.commons.lang3.ArrayUtils,416
Wed Aug 23 20:18:58 AEST 2017 org.apache.commons.lang3.ArrayUtils,429
Wed Aug 23 20:18:58 AEST 2017 org.apache.commons.lang3.ArrayUtils,430
Wed Aug 23 20:18:59 AEST 2017 org.apache.commons.lang3.ArrayUtils,432
Wed Aug 23 20:18:59 AEST 2017 org.apache.commons.lang3.ArrayUtils,445
Wed Aug 23 20:18:59 AEST 2017 org.apache.commons.lang3.ArrayUtils,446
Wed Aug 23 20:18:59 AEST 2017 org.apache.commons.lang3.ArrayUtils,448
Wed Aug 23 20:18:59 AEST 2017 org.apache.commons.lang3.ArrayUtils,467
Wed Aug 23 20:22:06 AEST 2017 org.apache.commons.lang3.ArrayUtils,468
Wed Aug 23 20:22:06 AEST 2017 org.apache.commons.lang3.ArrayUtils,470
Wed Aug 23 20:25:07 AEST 2017 org.apache.commons.lang3.ArrayUtils,487
Wed Aug 23 20:28:16 AEST 2017 org.apache.commons.lang3.ArrayUtils,488
Wed Aug 23 20:28:17 AEST 2017 org.apache.commons.lang3.ArrayUtils,490
Wed Aug 23 20:31:48 AEST 2017 org.apache.commons.lang3.ArrayUtils,507
Wed Aug 23 20:35:03 AEST 2017 org.apache.commons.lang3.ArrayUtils,508
Wed Aug 23 20:35:03 AEST 2017 org.apache.commons.lang3.ArrayUtils,510
Wed Aug 23 20:38:46 AEST 2017 org.apache.commons.lang3.ArrayUtils,527
Wed Aug 23 20:42:00 AEST 2017 org.apache.commons.lang3.ArrayUtils,528
Wed Aug 23 20:42:00 AEST 2017 org.apache.commons.lang3.ArrayUtils,530
Wed Aug 23 20:45:52 AEST 2017 org.apache.commons.lang3.ArrayUtils,547
Wed Aug 23 20:49:07 AEST 2017 org.apache.commons.lang3.ArrayUtils,548
Wed Aug 23 20:49:07 AEST 2017 org.apache.commons.lang3.ArrayUtils,550
Wed Aug 23 20:52:53 AEST 2017 org.apache.commons.lang3.ArrayUtils,567
Wed Aug 23 20:55:54 AEST 2017 org.apache.commons.lang3.ArrayUtils,568
Wed Aug 23 20:55:54 AEST 2017 org.apache.commons.lang3.ArrayUtils,570
Wed Aug 23 20:59:39 AEST 2017 org.apache.commons.lang3.ArrayUtils,587
Wed Aug 23 21:02:53 AEST 2017 org.apache.commons.lang3.ArrayUtils,588
Wed Aug 23 21:02:53 AEST 2017 org.apache.commons.lang3.ArrayUtils,590
Wed Aug 23 21:06:36 AEST 2017 org.apache.commons.lang3.ArrayUtils,607
Wed Aug 23 21:09:51 AEST 2017 org.apache.commons.lang3.ArrayUtils,608
Wed Aug 23 21:09:51 AEST 2017 org.apache.commons.lang3.ArrayUtils,610
Wed Aug 23 21:13:18 AEST 2017 org.apache.commons.lang3.ArrayUtils,627
Wed Aug 23 21:16:36 AEST 2017 org.apache.commons.lang3.ArrayUtils,628
Wed Aug 23 21:16:36 AEST 2017 org.apache.commons.lang3.ArrayUtils,630
Wed Aug 23 21:19:57 AEST 2017 org.apache.commons.lang3.ArrayUtils,647
Wed Aug 23 21:23:05 AEST 2017 org.apache.commons.lang3.ArrayUtils,648
Wed Aug 23 21:23:06 AEST 2017 org.apache.commons.lang3.ArrayUtils,650
Wed Aug 23 21:26:31 AEST 2017 org.apache.commons.lang3.ArrayUtils,667
Wed Aug 23 21:29:32 AEST 2017 org.apache.commons.lang3.ArrayUtils,668
Wed Aug 23 21:29:33 AEST 2017 org.apache.commons.lang3.ArrayUtils,670
Wed Aug 23 21:32:36 AEST 2017 org.apache.commons.lang3.ArrayUtils,687
Wed Aug 23 21:35:38 AEST 2017 org.apache.commons.lang3.ArrayUtils,688
Wed Aug 23 21:35:38 AEST 2017 org.apache.commons.lang3.ArrayUtils,690
Wed Aug 23 21:38:41 AEST 2017 org.apache.commons.lang3.ArrayUtils,707
Wed Aug 23 21:41:41 AEST 2017 org.apache.commons.lang3.ArrayUtils,708
Wed Aug 23 21:41:41 AEST 2017 org.apache.commons.lang3.ArrayUtils,710
Wed Aug 23 21:44:43 AEST 2017 org.apache.commons.lang3.ArrayUtils,727
Wed Aug 23 21:47:42 AEST 2017 org.apache.commons.lang3.ArrayUtils,728
Wed Aug 23 21:47:42 AEST 2017 org.apache.commons.lang3.ArrayUtils,730
Wed Aug 23 21:50:43 AEST 2017 org.apache.commons.lang3.ArrayUtils,747
Wed Aug 23 21:53:47 AEST 2017 org.apache.commons.lang3.ArrayUtils,748
Wed Aug 23 21:53:47 AEST 2017 org.apache.commons.lang3.ArrayUtils,750
Wed Aug 23 21:56:50 AEST 2017 org.apache.commons.lang3.ArrayUtils,767
Wed Aug 23 21:59:51 AEST 2017 org.apache.commons.lang3.ArrayUtils,768
Wed Aug 23 21:59:52 AEST 2017 org.apache.commons.lang3.ArrayUtils,770
Wed Aug 23 22:02:59 AEST 2017 org.apache.commons.lang3.ArrayUtils,787
Wed Aug 23 22:06:04 AEST 2017 org.apache.commons.lang3.ArrayUtils,788
Wed Aug 23 22:06:04 AEST 2017 org.apache.commons.lang3.ArrayUtils,790
Wed Aug 23 22:09:13 AEST 2017 org.apache.commons.lang3.ArrayUtils,807
Wed Aug 23 22:12:24 AEST 2017 org.apache.commons.lang3.ArrayUtils,808
Wed Aug 23 22:12:24 AEST 2017 org.apache.commons.lang3.ArrayUtils,810
Wed Aug 23 22:15:25 AEST 2017 org.apache.commons.lang3.ArrayUtils,844
Wed Aug 23 22:15:25 AEST 2017 org.apache.commons.lang3.ArrayUtils,845
Wed Aug 23 22:15:25 AEST 2017 org.apache.commons.lang3.ArrayUtils,847
Wed Aug 23 22:16:08 AEST 2017 org.apache.commons.lang3.ArrayUtils,848
Wed Aug 23 22:16:09 AEST 2017 org.apache.commons.lang3.ArrayUtils,850
Wed Aug 23 22:20:16 AEST 2017 org.apache.commons.lang3.ArrayUtils,851
Wed Aug 23 22:20:16 AEST 2017 org.apache.commons.lang3.ArrayUtils,853
Wed Aug 23 22:27:58 AEST 2017 org.apache.commons.lang3.ArrayUtils,854
Wed Aug 23 22:29:38 AEST 2017 org.apache.commons.lang3.ArrayUtils,855
Wed Aug 23 22:31:32 AEST 2017 Wed Aug 23 22:31:32 AEST 2017 : org.apache.commons.lang3.ArrayUtils,857=>Find no block
Wed Aug 23 22:31:32 AEST 2017 org.apache.commons.lang3.ArrayUtils,858
Wed Aug 23 22:31:32 AEST 2017 Wed Aug 23 22:31:32 AEST 2017 : org.apache.commons.lang3.ArrayUtils,861=>Find no block
Wed Aug 23 22:31:32 AEST 2017 org.apache.commons.lang3.ArrayUtils,862
Wed Aug 23 22:38:17 AEST 2017 org.apache.commons.lang3.ArrayUtils,863
Wed Aug 23 22:38:18 AEST 2017 org.apache.commons.lang3.ArrayUtils,886
Wed Aug 23 22:38:18 AEST 2017 org.apache.commons.lang3.ArrayUtils,887
Wed Aug 23 22:38:18 AEST 2017 org.apache.commons.lang3.ArrayUtils,889
Wed Aug 23 22:38:18 AEST 2017 org.apache.commons.lang3.ArrayUtils,890
Wed Aug 23 22:38:18 AEST 2017 org.apache.commons.lang3.ArrayUtils,892
Wed Aug 23 22:38:18 AEST 2017 org.apache.commons.lang3.ArrayUtils,893
Wed Aug 23 22:38:18 AEST 2017 org.apache.commons.lang3.ArrayUtils,895
Wed Aug 23 22:45:14 AEST 2017 org.apache.commons.lang3.ArrayUtils,896
Wed Aug 23 22:45:15 AEST 2017 org.apache.commons.lang3.ArrayUtils,897
Wed Aug 23 22:45:15 AEST 2017 org.apache.commons.lang3.ArrayUtils,900
Wed Aug 23 22:54:18 AEST 2017 org.apache.commons.lang3.ArrayUtils,901
Wed Aug 23 23:00:44 AEST 2017 org.apache.commons.lang3.ArrayUtils,902
Wed Aug 23 23:00:45 AEST 2017 org.apache.commons.lang3.ArrayUtils,925
Wed Aug 23 23:00:45 AEST 2017 org.apache.commons.lang3.ArrayUtils,926
Wed Aug 23 23:00:45 AEST 2017 org.apache.commons.lang3.ArrayUtils,928
Wed Aug 23 23:00:45 AEST 2017 org.apache.commons.lang3.ArrayUtils,929
Wed Aug 23 23:00:45 AEST 2017 org.apache.commons.lang3.ArrayUtils,931
Wed Aug 23 23:00:45 AEST 2017 org.apache.commons.lang3.ArrayUtils,932
Wed Aug 23 23:00:46 AEST 2017 org.apache.commons.lang3.ArrayUtils,934
Wed Aug 23 23:07:44 AEST 2017 org.apache.commons.lang3.ArrayUtils,935
Wed Aug 23 23:07:44 AEST 2017 org.apache.commons.lang3.ArrayUtils,936
Wed Aug 23 23:07:44 AEST 2017 org.apache.commons.lang3.ArrayUtils,939
Timeout time : 17/08/23 23:15
