=================================================
Project : lang_18	start : 17/08/24 18:27
Current failed test : org.apache.commons.lang3.time.FastDateFormatTest::testFormat | 17/08/24 18:27
Thu Aug 24 18:27:59 PDT 2017 org.apache.commons.lang3.time.FastDateFormat,492
Thu Aug 24 18:28:28 PDT 2017 org.apache.commons.lang3.time.FastDateFormat,493
Thu Aug 24 18:28:30 PDT 2017 org.apache.commons.lang3.time.FastDateFormat,556
Thu Aug 24 18:29:00 PDT 2017 org.apache.commons.lang3.time.FastDateFormat,696
Thu Aug 24 18:29:05 PDT 2017 org.apache.commons.lang3.time.FastDateFormat,1506
Thu Aug 24 18:29:52 PDT 2017 org.apache.commons.lang3.time.FastDateFormat,1509
Thu Aug 24 18:30:14 PDT 2017 org.apache.commons.lang3.time.FastDateFormat,1510
Thu Aug 24 18:30:14 PDT 2017 org.apache.commons.lang3.time.FastDateFormat,1511
Thu Aug 24 18:30:14 PDT 2017 org.apache.commons.lang3.time.FastDateFormat,1405
Thu Aug 24 18:30:57 PDT 2017 org.apache.commons.lang3.time.FastDateFormat,1408
Thu Aug 24 18:30:57 PDT 2017 Thu Aug 24 18:30:57 PDT 2017 : org.apache.commons.lang3.time.FastDateFormat,1410=>Find no block
Thu Aug 24 18:30:57 PDT 2017 org.apache.commons.lang3.time.FastDateFormat,409
Thu Aug 24 18:32:28 PDT 2017 org.apache.commons.lang3.time.FastDateFormat,410
Thu Aug 24 18:32:28 PDT 2017 org.apache.commons.lang3.time.FastDateFormat,411
Thu Aug 24 18:32:28 PDT 2017 org.apache.commons.lang3.time.FastDateFormat,413
Thu Aug 24 18:32:28 PDT 2017 org.apache.commons.lang3.time.FastDateFormat,414
Thu Aug 24 18:32:28 PDT 2017 org.apache.commons.lang3.time.FastDateFormat,415
Thu Aug 24 18:32:28 PDT 2017 org.apache.commons.lang3.time.FastDateFormat,419
Thu Aug 24 18:32:28 PDT 2017 org.apache.commons.lang3.time.FastDateFormat,555
Thu Aug 24 18:32:28 PDT 2017 org.apache.commons.lang3.time.FastDateFormat,558
Thu Aug 24 18:32:28 PDT 2017 org.apache.commons.lang3.time.FastDateFormat,560
Thu Aug 24 18:34:02 PDT 2017 Thu Aug 24 18:34:02 PDT 2017 : org.apache.commons.lang3.time.FastDateFormat,1484=>Find no block
Thu Aug 24 18:34:02 PDT 2017 org.apache.commons.lang3.time.FastDateFormat,1485
Thu Aug 24 18:34:03 PDT 2017 org.apache.commons.lang3.time.FastDateFormat,1486
Thu Aug 24 18:34:03 PDT 2017 org.apache.commons.lang3.time.FastDateFormat,1487
Thu Aug 24 18:34:03 PDT 2017 org.apache.commons.lang3.time.FastDateFormat,1489
Thu Aug 24 18:34:03 PDT 2017 org.apache.commons.lang3.time.FastDateFormat,1490
Thu Aug 24 18:34:03 PDT 2017 Thu Aug 24 18:34:03 PDT 2017 : org.apache.commons.lang3.time.FastDateFormat,1491=>Find no block
Thu Aug 24 18:34:03 PDT 2017 org.apache.commons.lang3.time.FastDateFormat,1498
Thu Aug 24 18:34:11 PDT 2017 Thu Aug 24 18:34:11 PDT 2017 : org.apache.commons.lang3.time.FastDateFormat,1387=>Find no block
Thu Aug 24 18:34:11 PDT 2017 org.apache.commons.lang3.time.FastDateFormat,1388
Thu Aug 24 18:34:19 PDT 2017 org.apache.commons.lang3.time.FastDateFormat,1390
Thu Aug 24 18:34:19 PDT 2017 org.apache.commons.lang3.time.FastDateFormat,1391
Thu Aug 24 18:34:19 PDT 2017 Thu Aug 24 18:34:19 PDT 2017 : org.apache.commons.lang3.time.FastDateFormat,1392=>Find no block
Thu Aug 24 18:34:19 PDT 2017 org.apache.commons.lang3.time.FastDateFormat,1398
Thu Aug 24 18:34:53 PDT 2017 org.apache.commons.lang3.time.FastDateFormat,1240
Thu Aug 24 18:35:08 PDT 2017 Thu Aug 24 18:35:08 PDT 2017 : org.apache.commons.lang3.time.FastDateFormat,1241=>Find no block
Thu Aug 24 18:35:08 PDT 2017 org.apache.commons.lang3.time.FastDateFormat,1247
Thu Aug 24 18:35:50 PDT 2017 org.apache.commons.lang3.time.FastDateFormat,1248
Thu Aug 24 18:35:50 PDT 2017 Thu Aug 24 18:35:50 PDT 2017 : org.apache.commons.lang3.time.FastDateFormat,1249=>Find no block
Thu Aug 24 18:35:50 PDT 2017 org.apache.commons.lang3.time.FastDateFormat,498
Thu Aug 24 18:36:10 PDT 2017 org.apache.commons.lang3.time.FastDateFormat,500
Thu Aug 24 18:37:50 PDT 2017 org.apache.commons.lang3.time.FastDateFormat,503
Thu Aug 24 18:39:22 PDT 2017 org.apache.commons.lang3.time.FastDateFormat,546
Thu Aug 24 18:39:43 PDT 2017 org.apache.commons.lang3.time.FastDateFormat,547
Thu Aug 24 18:39:45 PDT 2017 org.apache.commons.lang3.time.FastDateFormat,1062
Thu Aug 24 18:42:01 PDT 2017 org.apache.commons.lang3.time.FastDateFormat,1063
Thu Aug 24 18:42:01 PDT 2017 org.apache.commons.lang3.time.FastDateFormat,1064
Thu Aug 24 18:42:01 PDT 2017 org.apache.commons.lang3.time.FastDateFormat,1023
Thu Aug 24 18:42:38 PDT 2017 Thu Aug 24 18:42:38 PDT 2017 : org.apache.commons.lang3.time.FastDateFormat,1024=>Find no block
Thu Aug 24 18:42:38 PDT 2017 org.apache.commons.lang3.time.FastDateFormat,1233
Thu Aug 24 18:42:39 PDT 2017 org.apache.commons.lang3.time.FastDateFormat,509
Thu Aug 24 18:42:39 PDT 2017 org.apache.commons.lang3.time.FastDateFormat,511
Thu Aug 24 18:44:22 PDT 2017 org.apache.commons.lang3.time.FastDateFormat,1053
Thu Aug 24 18:44:46 PDT 2017 Thu Aug 24 18:44:46 PDT 2017 : org.apache.commons.lang3.time.FastDateFormat,1054=>Find no block
Thu Aug 24 18:44:46 PDT 2017 org.apache.commons.lang3.time.FastDateFormat,1060
Thu Aug 24 18:50:53 PDT 2017 Thu Aug 24 18:50:53 PDT 2017 : org.apache.commons.lang3.time.FastDateFormat,1068=>Find no block
Thu Aug 24 18:50:53 PDT 2017 org.apache.commons.lang3.time.FastDateFormat,1089
Thu Aug 24 18:50:53 PDT 2017 org.apache.commons.lang3.time.FastDateFormat,1096
Thu Aug 24 18:51:15 PDT 2017 Thu Aug 24 18:51:15 PDT 2017 : org.apache.commons.lang3.time.FastDateFormat,1097=>Find no block
Thu Aug 24 18:51:16 PDT 2017 org.apache.commons.lang3.time.FastDateFormat,1103
Thu Aug 24 18:53:36 PDT 2017 org.apache.commons.lang3.time.FastDateFormat,1104
Thu Aug 24 18:53:36 PDT 2017 Thu Aug 24 18:53:36 PDT 2017 : org.apache.commons.lang3.time.FastDateFormat,1109=>Find no block
Thu Aug 24 18:53:36 PDT 2017 org.apache.commons.lang3.time.FastDateFormat,1153
Thu Aug 24 18:58:28 PDT 2017 org.apache.commons.lang3.time.FastDateFormat,1154
Thu Aug 24 18:58:28 PDT 2017 org.apache.commons.lang3.time.FastDateFormat,1156
Thu Aug 24 19:04:04 PDT 2017 org.apache.commons.lang3.time.FastDateFormat,1157
Thu Aug 24 19:04:05 PDT 2017 Thu Aug 24 19:04:05 PDT 2017 : org.apache.commons.lang3.time.FastDateFormat,1428=>Find no block
Thu Aug 24 19:04:05 PDT 2017 org.apache.commons.lang3.time.FastDateFormat,1429
Thu Aug 24 19:04:05 PDT 2017 Thu Aug 24 19:04:05 PDT 2017 : org.apache.commons.lang3.time.FastDateFormat,1430=>Find no block
Thu Aug 24 19:04:05 PDT 2017 org.apache.commons.lang3.time.FastDateFormat,505
Thu Aug 24 19:04:05 PDT 2017 org.apache.commons.lang3.time.FastDateFormat,534
Thu Aug 24 19:04:54 PDT 2017 org.apache.commons.lang3.time.FastDateFormat,535
Thu Aug 24 19:05:27 PDT 2017 org.apache.commons.lang3.time.FastDateFormat,563
Thu Aug 24 19:05:41 PDT 2017 org.apache.commons.lang3.time.FastDateFormat,655
Thu Aug 24 19:05:50 PDT 2017 Thu Aug 24 19:05:50 PDT 2017 : org.apache.commons.lang3.time.FastDateFormat,1038=>Find no block
Thu Aug 24 19:05:50 PDT 2017 org.apache.commons.lang3.time.FastDateFormat,1039
Thu Aug 24 19:05:59 PDT 2017 Thu Aug 24 19:05:59 PDT 2017 : org.apache.commons.lang3.time.FastDateFormat,1040=>Find no block
Thu Aug 24 19:05:59 PDT 2017 org.apache.commons.lang3.time.FastDateFormat,1046
Thu Aug 24 19:05:59 PDT 2017 org.apache.commons.lang3.time.FastDateFormat,1457
Thu Aug 24 19:06:43 PDT 2017 org.apache.commons.lang3.time.FastDateFormat,1443
Thu Aug 24 19:07:46 PDT 2017 org.apache.commons.lang3.time.FastDateFormat,1445
Thu Aug 24 19:08:58 PDT 2017 org.apache.commons.lang3.time.FastDateFormat,1446
Thu Aug 24 19:08:58 PDT 2017 org.apache.commons.lang3.time.FastDateFormat,1447
Thu Aug 24 19:08:58 PDT 2017 org.apache.commons.lang3.time.FastDateFormat,1452
Thu Aug 24 19:11:51 PDT 2017 org.apache.commons.lang3.time.FastDateFormat,1453
Thu Aug 24 19:13:28 PDT 2017 org.apache.commons.lang3.time.FastDateFormat,1454
Thu Aug 24 19:14:30 PDT 2017 org.apache.commons.lang3.time.FastDateFormat,1456
Thu Aug 24 19:14:31 PDT 2017 org.apache.commons.lang3.time.FastDateFormat,1460
Thu Aug 24 19:17:13 PDT 2017 org.apache.commons.lang3.time.FastDateFormat,1461
Thu Aug 24 19:18:25 PDT 2017 org.apache.commons.lang3.time.FastDateFormat,1462
Thu Aug 24 19:18:25 PDT 2017 Thu Aug 24 19:18:25 PDT 2017 : org.apache.commons.lang3.time.FastDateFormat,1463=>Find no block
Thu Aug 24 19:18:25 PDT 2017 org.apache.commons.lang3.time.FastDateFormat,531
Thu Aug 24 19:18:45 PDT 2017 org.apache.commons.lang3.time.FastDateFormat,532
Thu Aug 24 19:18:46 PDT 2017 org.apache.commons.lang3.time.FastDateFormat,565
Thu Aug 24 19:18:46 PDT 2017 org.apache.commons.lang3.time.FastDateFormat,567
Thu Aug 24 19:20:31 PDT 2017 org.apache.commons.lang3.time.FastDateFormat,562
Thu Aug 24 19:20:31 PDT 2017 org.apache.commons.lang3.time.FastDateFormat,624
Thu Aug 24 19:26:47 PDT 2017 org.apache.commons.lang3.time.FastDateFormat,629
Thu Aug 24 19:26:47 PDT 2017 org.apache.commons.lang3.time.FastDateFormat,1436
Thu Aug 24 19:26:48 PDT 2017 Thu Aug 24 19:26:48 PDT 2017 : org.apache.commons.lang3.time.FastDateFormat,1000=>Find no block
Thu Aug 24 19:26:48 PDT 2017 org.apache.commons.lang3.time.FastDateFormat,1001
Thu Aug 24 19:26:56 PDT 2017 org.apache.commons.lang3.time.FastDateFormat,1002
Thu Aug 24 19:26:56 PDT 2017 Thu Aug 24 19:26:56 PDT 2017 : org.apache.commons.lang3.time.FastDateFormat,1003=>Find no block
Thu Aug 24 19:26:57 PDT 2017 org.apache.commons.lang3.time.FastDateFormat,1009
Thu Aug 24 19:34:30 PDT 2017 org.apache.commons.lang3.time.FastDateFormat,1010
Thu Aug 24 19:34:30 PDT 2017 org.apache.commons.lang3.time.FastDateFormat,1011
Thu Aug 24 19:34:30 PDT 2017 org.apache.commons.lang3.time.FastDateFormat,1012
Thu Aug 24 19:34:30 PDT 2017 org.apache.commons.lang3.time.FastDateFormat,1013
Thu Aug 24 19:34:30 PDT 2017 Thu Aug 24 19:34:30 PDT 2017 : org.apache.commons.lang3.time.FastDateFormat,1015=>Find no block
Thu Aug 24 19:34:30 PDT 2017 org.apache.commons.lang3.time.FastDateFormat,1016
Thu Aug 24 19:34:31 PDT 2017 org.apache.commons.lang3.time.FastDateFormat,525
Thu Aug 24 19:35:19 PDT 2017 org.apache.commons.lang3.time.FastDateFormat,526
Thu Aug 24 19:35:53 PDT 2017 org.apache.commons.lang3.time.FastDateFormat,159
Thu Aug 24 19:36:31 PDT 2017 org.apache.commons.lang3.time.FastDateFormat,519
Thu Aug 24 19:37:20 PDT 2017 org.apache.commons.lang3.time.FastDateFormat,520
Thu Aug 24 19:37:54 PDT 2017 org.apache.commons.lang3.time.FastDateFormat,522
Thu Aug 24 19:38:44 PDT 2017 org.apache.commons.lang3.time.FastDateFormat,523
Thu Aug 24 19:39:22 PDT 2017 org.apache.commons.lang3.time.FastDateFormat,507
Thu Aug 24 19:39:22 PDT 2017 org.apache.commons.lang3.time.FastDateFormat,513
Thu Aug 24 19:40:09 PDT 2017 org.apache.commons.lang3.time.FastDateFormat,514
Thu Aug 24 19:41:13 PDT 2017 org.apache.commons.lang3.time.FastDateFormat,1269
Thu Aug 24 19:41:13 PDT 2017 org.apache.commons.lang3.time.FormatCache,77
Thu Aug 24 19:41:48 PDT 2017 org.apache.commons.lang3.time.FastDateFormat,506
Thu Aug 24 19:41:48 PDT 2017 org.apache.commons.lang3.time.FormatCache,74
Thu Aug 24 19:41:49 PDT 2017 org.apache.commons.lang3.time.FastDateFormat,504
Thu Aug 24 19:41:49 PDT 2017 org.apache.commons.lang3.time.FastDateFormat,496
Thu Aug 24 19:41:49 PDT 2017 org.apache.commons.lang3.time.FastDateFormat,659
Thu Aug 24 19:41:49 PDT 2017 Thu Aug 24 19:41:49 PDT 2017 : org.apache.commons.lang3.time.FastDateFormat,1125=>Find no block
Thu Aug 24 19:41:49 PDT 2017 org.apache.commons.lang3.time.FastDateFormat,1126
Thu Aug 24 19:43:31 PDT 2017 org.apache.commons.lang3.time.FastDateFormat,1130
Thu Aug 24 19:46:01 PDT 2017 org.apache.commons.lang3.time.FastDateFormat,1131
Thu Aug 24 19:46:01 PDT 2017 Thu Aug 24 19:46:01 PDT 2017 : org.apache.commons.lang3.time.FastDateFormat,1132=>Find no block
Thu Aug 24 19:46:01 PDT 2017 org.apache.commons.lang3.time.FastDateFormat,1138
Thu Aug 24 19:46:01 PDT 2017 org.apache.commons.lang3.time.FastDateFormat,495
Thu Aug 24 19:46:01 PDT 2017 org.apache.commons.lang3.time.FastDateFormat,502
Thu Aug 24 19:46:01 PDT 2017 Thu Aug 24 19:46:01 PDT 2017 : org.apache.commons.lang3.time.FastDateFormat,936=>Find no block
Thu Aug 24 19:46:01 PDT 2017 org.apache.commons.lang3.time.FastDateFormat,937
Thu Aug 24 19:46:08 PDT 2017 Thu Aug 24 19:46:08 PDT 2017 : org.apache.commons.lang3.time.FastDateFormat,938=>Find no block
Thu Aug 24 19:46:08 PDT 2017 org.apache.commons.lang3.time.FastDateFormat,944
Thu Aug 24 19:46:09 PDT 2017 org.apache.commons.lang3.time.FastDateFormat,571
Thu Aug 24 19:49:21 PDT 2017 org.apache.commons.lang3.time.FastDateFormat,657
Thu Aug 24 19:49:21 PDT 2017 Thu Aug 24 19:49:21 PDT 2017 : org.apache.commons.lang3.time.FastDateFormat,1185=>Find no block
Thu Aug 24 19:49:21 PDT 2017 org.apache.commons.lang3.time.FastDateFormat,1186
Thu Aug 24 19:49:21 PDT 2017 Thu Aug 24 19:49:21 PDT 2017 : org.apache.commons.lang3.time.FastDateFormat,1187=>Find no block
Thu Aug 24 19:49:21 PDT 2017 org.apache.commons.lang3.time.FastDateFormat,1193
Thu Aug 24 19:49:21 PDT 2017 Thu Aug 24 19:49:21 PDT 2017 : org.apache.commons.lang3.time.FastDateFormat,110=>Find no block
Thu Aug 24 19:49:21 PDT 2017 org.apache.commons.lang3.time.FormatCache,82
Thu Aug 24 19:49:22 PDT 2017 org.apache.commons.lang3.time.FormatCache,83
Thu Aug 24 19:49:22 PDT 2017 org.apache.commons.lang3.time.FormatCache,84
Thu Aug 24 19:49:22 PDT 2017 Thu Aug 24 19:49:22 PDT 2017 : org.apache.commons.lang3.time.FastDateFormat,432=>Find no block
Thu Aug 24 19:49:22 PDT 2017 org.apache.commons.lang3.time.FastDateFormat,433
Thu Aug 24 19:50:03 PDT 2017 org.apache.commons.lang3.time.FastDateFormat,434
Thu Aug 24 19:50:04 PDT 2017 org.apache.commons.lang3.time.FastDateFormat,435
Thu Aug 24 19:50:04 PDT 2017 org.apache.commons.lang3.time.FastDateFormat,437
Thu Aug 24 19:50:04 PDT 2017 Thu Aug 24 19:50:04 PDT 2017 : org.apache.commons.lang3.time.FastDateFormat,438=>Find no block
Thu Aug 24 19:50:04 PDT 2017 org.apache.commons.lang3.time.FastDateFormat,569
Thu Aug 24 19:50:35 PDT 2017 org.apache.commons.lang3.time.FastDateFormat,570
Thu Aug 24 19:50:35 PDT 2017 org.apache.commons.lang3.time.FastDateFormat,616
Thu Aug 24 19:54:19 PDT 2017 org.apache.commons.lang3.time.FastDateFormat,618
Thu Aug 24 19:54:19 PDT 2017 org.apache.commons.lang3.time.FastDateFormat,620
Thu Aug 24 19:59:19 PDT 2017 org.apache.commons.lang3.time.FastDateFormat,621
Thu Aug 24 19:59:21 PDT 2017 org.apache.commons.lang3.time.FastDateFormat,623
Thu Aug 24 19:59:21 PDT 2017 org.apache.commons.lang3.time.FastDateFormat,631
Thu Aug 24 19:59:21 PDT 2017 org.apache.commons.lang3.time.FastDateFormat,633
Thu Aug 24 19:59:21 PDT 2017 org.apache.commons.lang3.time.FastDateFormat,634
Thu Aug 24 19:59:21 PDT 2017 org.apache.commons.lang3.time.FastDateFormat,636
Thu Aug 24 19:59:21 PDT 2017 org.apache.commons.lang3.time.FastDateFormat,444
Thu Aug 24 20:10:51 PDT 2017 org.apache.commons.lang3.time.FastDateFormat,445
Thu Aug 24 20:10:51 PDT 2017 org.apache.commons.lang3.time.FastDateFormat,447
Thu Aug 24 20:10:51 PDT 2017 org.apache.commons.lang3.time.FastDateFormat,448
Thu Aug 24 20:10:51 PDT 2017 org.apache.commons.lang3.time.FastDateFormat,449
Thu Aug 24 20:10:51 PDT 2017 org.apache.commons.lang3.time.FastDateFormat,452
Thu Aug 24 20:10:51 PDT 2017 Thu Aug 24 20:10:51 PDT 2017 : org.apache.commons.lang3.time.FastDateFormat,453=>Find no block
Thu Aug 24 20:10:51 PDT 2017 org.apache.commons.lang3.time.FastDateFormat,464
Thu Aug 24 20:10:52 PDT 2017 org.apache.commons.lang3.time.FastDateFormat,465
Thu Aug 24 20:10:52 PDT 2017 org.apache.commons.lang3.time.FastDateFormat,467
Thu Aug 24 20:10:52 PDT 2017 org.apache.commons.lang3.time.FastDateFormat,468
Thu Aug 24 20:10:53 PDT 2017 org.apache.commons.lang3.time.FastDateFormat,469
Thu Aug 24 20:10:53 PDT 2017 org.apache.commons.lang3.time.FastDateFormat,470
Thu Aug 24 20:10:54 PDT 2017 org.apache.commons.lang3.time.FastDateFormat,471
Thu Aug 24 20:10:54 PDT 2017 org.apache.commons.lang3.time.FastDateFormat,472
Thu Aug 24 20:13:52 PDT 2017 org.apache.commons.lang3.time.FastDateFormat,474
Thu Aug 24 20:15:59 PDT 2017 org.apache.commons.lang3.time.FastDateFormat,475
Thu Aug 24 20:15:59 PDT 2017 org.apache.commons.lang3.time.FastDateFormat,477
Thu Aug 24 20:29:32 PDT 2017 org.apache.commons.lang3.time.FastDateFormat,478
Thu Aug 24 20:30:03 PDT 2017 org.apache.commons.lang3.time.FastDateFormat,479
Thu Aug 24 20:30:03 PDT 2017 org.apache.commons.lang3.time.FastDateFormat,480
Thu Aug 24 20:34:23 PDT 2017 org.apache.commons.lang3.time.FastDateFormat,482
Thu Aug 24 20:41:10 PDT 2017 org.apache.commons.lang3.time.FastDateFormat,483
Thu Aug 24 20:41:10 PDT 2017 org.apache.commons.lang3.time.FastDateFormat,488
Thu Aug 24 20:42:40 PDT 2017 Thu Aug 24 20:42:40 PDT 2017 : org.apache.commons.lang3.time.FastDateFormat,490=>Find no block
Thu Aug 24 20:42:40 PDT 2017 org.apache.commons.lang3.time.FastDateFormat,580
Thu Aug 24 20:45:25 PDT 2017 org.apache.commons.lang3.time.FastDateFormat,583
Thu Aug 24 20:58:29 PDT 2017 org.apache.commons.lang3.time.FastDateFormat,594
Thu Aug 24 21:01:32 PDT 2017 org.apache.commons.lang3.time.FastDateFormat,596
Thu Aug 24 21:01:32 PDT 2017 org.apache.commons.lang3.time.FastDateFormat,597
Thu Aug 24 21:06:13 PDT 2017 org.apache.commons.lang3.time.FastDateFormat,599
Thu Aug 24 21:06:13 PDT 2017 org.apache.commons.lang3.time.FastDateFormat,600
Thu Aug 24 21:12:10 PDT 2017 org.apache.commons.lang3.time.FastDateFormat,603
Failed time : 17/08/24 21:14
