=================================================
Project : lang_21	start : 17/08/24 00:04
Current failed test : org.apache.commons.lang3.time.DateUtilsTest::testIsSameLocalTime_Cal | 17/08/24 00:04
Thu Aug 24 00:05:56 AEST 2017 org.apache.commons.lang3.time.DateUtils,259
Thu Aug 24 00:05:57 AEST 2017 org.apache.commons.lang3.time.DateUtils,262
Thu Aug 24 00:08:25 AEST 2017 org.apache.commons.lang3.time.DateUtils,1832
Thu Aug 24 00:09:55 AEST 2017 org.apache.commons.lang3.time.DateUtils,1833
Thu Aug 24 00:09:56 AEST 2017 org.apache.commons.lang3.time.DateUtils,1834
Thu Aug 24 00:09:56 AEST 2017 org.apache.commons.lang3.time.DateUtils,1835
Thu Aug 24 00:09:56 AEST 2017 Thu Aug 24 00:09:56 AEST 2017 : org.apache.commons.lang3.time.DateUtils,1836=>Find no block
Thu Aug 24 00:09:56 AEST 2017 org.apache.commons.lang3.time.DateUtils,1844
Thu Aug 24 00:09:57 AEST 2017 org.apache.commons.lang3.time.DateUtils,1853
Thu Aug 24 00:12:15 AEST 2017 org.apache.commons.lang3.time.DateUtils,1854
Thu Aug 24 00:12:15 AEST 2017 org.apache.commons.lang3.time.DateUtils,1856
Thu Aug 24 00:15:09 AEST 2017 org.apache.commons.lang3.time.DateUtils,1857
Thu Aug 24 00:15:10 AEST 2017 org.apache.commons.lang3.time.DateUtils,1867
Thu Aug 24 00:15:10 AEST 2017 org.apache.commons.lang3.time.DateUtils,158
Thu Aug 24 00:15:12 AEST 2017 Thu Aug 24 00:15:12 AEST 2017 : org.apache.commons.lang3.time.DateUtils,159=>Find no block
Thu Aug 24 00:15:12 AEST 2017 org.apache.commons.lang3.time.DateUtils,176
Thu Aug 24 00:15:13 AEST 2017 org.apache.commons.lang3.time.DateUtils,177
Thu Aug 24 00:15:13 AEST 2017 org.apache.commons.lang3.time.DateUtils,179
Thu Aug 24 00:16:17 AEST 2017 org.apache.commons.lang3.time.DateUtils,180
Thu Aug 24 00:16:17 AEST 2017 org.apache.commons.lang3.time.DateUtils,181
Thu Aug 24 00:16:18 AEST 2017 org.apache.commons.lang3.time.DateUtils,182
Thu Aug 24 00:16:18 AEST 2017 org.apache.commons.lang3.time.DateUtils,183
Thu Aug 24 00:16:18 AEST 2017 org.apache.commons.lang3.time.DateUtils,200
Thu Aug 24 00:16:19 AEST 2017 org.apache.commons.lang3.time.DateUtils,201
Thu Aug 24 00:16:19 AEST 2017 org.apache.commons.lang3.time.DateUtils,203
Thu Aug 24 01:03:10 AEST 2017 org.apache.commons.lang3.time.DateUtils,221
Thu Aug 24 01:03:10 AEST 2017 org.apache.commons.lang3.time.DateUtils,222
Thu Aug 24 01:03:10 AEST 2017 org.apache.commons.lang3.time.DateUtils,224
Thu Aug 24 01:07:11 AEST 2017 org.apache.commons.lang3.time.DateUtils,239
Thu Aug 24 01:07:11 AEST 2017 org.apache.commons.lang3.time.DateUtils,240
Thu Aug 24 01:07:11 AEST 2017 org.apache.commons.lang3.time.DateUtils,242
Thu Aug 24 01:07:12 AEST 2017 org.apache.commons.lang3.time.DateUtils,260
Thu Aug 24 01:07:13 AEST 2017 org.apache.commons.lang3.time.DateUtils,288
Thu Aug 24 01:07:14 AEST 2017 org.apache.commons.lang3.time.DateUtils,308
Thu Aug 24 01:07:14 AEST 2017 org.apache.commons.lang3.time.DateUtils,328
Thu Aug 24 01:11:28 AEST 2017 org.apache.commons.lang3.time.DateUtils,329
Thu Aug 24 01:11:28 AEST 2017 org.apache.commons.lang3.time.DateUtils,332
Thu Aug 24 01:16:48 AEST 2017 org.apache.commons.lang3.time.DateUtils,333
Thu Aug 24 01:17:41 AEST 2017 org.apache.commons.lang3.time.DateUtils,334
Thu Aug 24 01:17:42 AEST 2017 org.apache.commons.lang3.time.DateUtils,335
Thu Aug 24 01:52:30 AEST 2017 org.apache.commons.lang3.time.DateUtils,337
Thu Aug 24 01:55:32 AEST 2017 org.apache.commons.lang3.time.DateUtils,340
Thu Aug 24 01:55:32 AEST 2017 org.apache.commons.lang3.time.DateUtils,341
Thu Aug 24 01:55:32 AEST 2017 org.apache.commons.lang3.time.DateUtils,344
Thu Aug 24 02:01:43 AEST 2017 org.apache.commons.lang3.time.DateUtils,345
Thu Aug 24 02:07:46 AEST 2017 org.apache.commons.lang3.time.DateUtils,347
Thu Aug 24 02:20:15 AEST 2017 org.apache.commons.lang3.time.DateUtils,349
Thu Aug 24 02:20:15 AEST 2017 org.apache.commons.lang3.time.DateUtils,350
Thu Aug 24 02:20:15 AEST 2017 org.apache.commons.lang3.time.DateUtils,353
Thu Aug 24 02:35:34 AEST 2017 org.apache.commons.lang3.time.DateUtils,354
Thu Aug 24 02:35:34 AEST 2017 org.apache.commons.lang3.time.DateUtils,355
Thu Aug 24 02:35:34 AEST 2017 org.apache.commons.lang3.time.DateUtils,358
Thu Aug 24 03:09:44 AEST 2017 org.apache.commons.lang3.time.DateUtils,372
Thu Aug 24 03:11:51 AEST 2017 org.apache.commons.lang3.time.DateUtils,386
Thu Aug 24 03:14:32 AEST 2017 org.apache.commons.lang3.time.DateUtils,400
Thu Aug 24 03:16:50 AEST 2017 org.apache.commons.lang3.time.DateUtils,414
Thu Aug 24 03:19:09 AEST 2017 org.apache.commons.lang3.time.DateUtils,428
Thu Aug 24 03:21:30 AEST 2017 org.apache.commons.lang3.time.DateUtils,442
Thu Aug 24 03:24:02 AEST 2017 org.apache.commons.lang3.time.DateUtils,456
Thu Aug 24 03:26:25 AEST 2017 org.apache.commons.lang3.time.DateUtils,470
Thu Aug 24 03:28:16 AEST 2017 org.apache.commons.lang3.time.DateUtils,485
Thu Aug 24 03:28:32 AEST 2017 org.apache.commons.lang3.time.DateUtils,486
Thu Aug 24 03:28:33 AEST 2017 org.apache.commons.lang3.time.DateUtils,488
Thu Aug 24 03:33:22 AEST 2017 org.apache.commons.lang3.time.DateUtils,489
Thu Aug 24 03:33:22 AEST 2017 org.apache.commons.lang3.time.DateUtils,490
Thu Aug 24 03:33:23 AEST 2017 org.apache.commons.lang3.time.DateUtils,491
Thu Aug 24 03:33:23 AEST 2017 org.apache.commons.lang3.time.DateUtils,506
Thu Aug 24 03:35:13 AEST 2017 org.apache.commons.lang3.time.DateUtils,521
Thu Aug 24 03:37:25 AEST 2017 org.apache.commons.lang3.time.DateUtils,536
Thu Aug 24 03:39:46 AEST 2017 org.apache.commons.lang3.time.DateUtils,552
Thu Aug 24 03:41:22 AEST 2017 org.apache.commons.lang3.time.DateUtils,567
Thu Aug 24 03:42:58 AEST 2017 org.apache.commons.lang3.time.DateUtils,582
Thu Aug 24 03:44:22 AEST 2017 org.apache.commons.lang3.time.DateUtils,597
Thu Aug 24 03:45:34 AEST 2017 org.apache.commons.lang3.time.DateUtils,614
Thu Aug 24 03:45:34 AEST 2017 org.apache.commons.lang3.time.DateUtils,615
Thu Aug 24 03:45:34 AEST 2017 org.apache.commons.lang3.time.DateUtils,618
Thu Aug 24 03:48:14 AEST 2017 org.apache.commons.lang3.time.DateUtils,619
Thu Aug 24 03:48:14 AEST 2017 org.apache.commons.lang3.time.DateUtils,620
Thu Aug 24 03:48:14 AEST 2017 org.apache.commons.lang3.time.DateUtils,621
Thu Aug 24 03:48:14 AEST 2017 org.apache.commons.lang3.time.DateUtils,622
Thu Aug 24 03:48:15 AEST 2017 org.apache.commons.lang3.time.DateUtils,635
Thu Aug 24 03:52:40 AEST 2017 org.apache.commons.lang3.time.DateUtils,636
Thu Aug 24 03:52:40 AEST 2017 org.apache.commons.lang3.time.DateUtils,637
Thu Aug 24 03:52:40 AEST 2017 org.apache.commons.lang3.time.DateUtils,670
Thu Aug 24 03:52:40 AEST 2017 org.apache.commons.lang3.time.DateUtils,671
Thu Aug 24 03:52:41 AEST 2017 org.apache.commons.lang3.time.DateUtils,673
Thu Aug 24 03:56:02 AEST 2017 org.apache.commons.lang3.time.DateUtils,674
Thu Aug 24 03:56:02 AEST 2017 org.apache.commons.lang3.time.DateUtils,675
Thu Aug 24 03:56:03 AEST 2017 org.apache.commons.lang3.time.DateUtils,676
Thu Aug 24 03:56:03 AEST 2017 org.apache.commons.lang3.time.DateUtils,708
Thu Aug 24 03:56:03 AEST 2017 org.apache.commons.lang3.time.DateUtils,709
Thu Aug 24 03:56:03 AEST 2017 org.apache.commons.lang3.time.DateUtils,711
Thu Aug 24 03:57:46 AEST 2017 org.apache.commons.lang3.time.DateUtils,712
Thu Aug 24 03:57:46 AEST 2017 org.apache.commons.lang3.time.DateUtils,713
Thu Aug 24 03:57:47 AEST 2017 org.apache.commons.lang3.time.DateUtils,747
Thu Aug 24 03:57:47 AEST 2017 org.apache.commons.lang3.time.DateUtils,748
Thu Aug 24 03:57:47 AEST 2017 org.apache.commons.lang3.time.DateUtils,750
Thu Aug 24 03:57:49 AEST 2017 org.apache.commons.lang3.time.DateUtils,751
Thu Aug 24 03:57:49 AEST 2017 org.apache.commons.lang3.time.DateUtils,752
Thu Aug 24 03:57:49 AEST 2017 org.apache.commons.lang3.time.DateUtils,753
Thu Aug 24 03:57:49 AEST 2017 org.apache.commons.lang3.time.DateUtils,755
Thu Aug 24 03:57:50 AEST 2017 org.apache.commons.lang3.time.DateUtils,777
Thu Aug 24 03:57:50 AEST 2017 org.apache.commons.lang3.time.DateUtils,778
Thu Aug 24 03:57:50 AEST 2017 org.apache.commons.lang3.time.DateUtils,780
Thu Aug 24 04:01:01 AEST 2017 org.apache.commons.lang3.time.DateUtils,781
Thu Aug 24 04:01:01 AEST 2017 org.apache.commons.lang3.time.DateUtils,782
Thu Aug 24 04:01:01 AEST 2017 org.apache.commons.lang3.time.DateUtils,783
Thu Aug 24 04:01:02 AEST 2017 org.apache.commons.lang3.time.DateUtils,803
Thu Aug 24 04:01:02 AEST 2017 org.apache.commons.lang3.time.DateUtils,804
Thu Aug 24 04:01:02 AEST 2017 org.apache.commons.lang3.time.DateUtils,806
Thu Aug 24 04:03:23 AEST 2017 org.apache.commons.lang3.time.DateUtils,807
Thu Aug 24 04:03:23 AEST 2017 org.apache.commons.lang3.time.DateUtils,808
Thu Aug 24 04:03:24 AEST 2017 org.apache.commons.lang3.time.DateUtils,832
Thu Aug 24 04:03:24 AEST 2017 org.apache.commons.lang3.time.DateUtils,833
Thu Aug 24 04:03:24 AEST 2017 org.apache.commons.lang3.time.DateUtils,835
Thu Aug 24 04:03:25 AEST 2017 org.apache.commons.lang3.time.DateUtils,836
Thu Aug 24 04:03:26 AEST 2017 org.apache.commons.lang3.time.DateUtils,837
Thu Aug 24 04:03:26 AEST 2017 org.apache.commons.lang3.time.DateUtils,838
Thu Aug 24 04:03:26 AEST 2017 org.apache.commons.lang3.time.DateUtils,840
Thu Aug 24 04:03:26 AEST 2017 org.apache.commons.lang3.time.DateUtils,863
Thu Aug 24 04:03:26 AEST 2017 org.apache.commons.lang3.time.DateUtils,864
Thu Aug 24 04:03:26 AEST 2017 org.apache.commons.lang3.time.DateUtils,866
Thu Aug 24 04:07:14 AEST 2017 org.apache.commons.lang3.time.DateUtils,867
Thu Aug 24 04:07:14 AEST 2017 org.apache.commons.lang3.time.DateUtils,868
Thu Aug 24 04:07:15 AEST 2017 org.apache.commons.lang3.time.DateUtils,869
Thu Aug 24 04:07:15 AEST 2017 org.apache.commons.lang3.time.DateUtils,890
Thu Aug 24 04:07:15 AEST 2017 org.apache.commons.lang3.time.DateUtils,891
Thu Aug 24 04:07:15 AEST 2017 org.apache.commons.lang3.time.DateUtils,893
Thu Aug 24 04:09:38 AEST 2017 org.apache.commons.lang3.time.DateUtils,894
Thu Aug 24 04:09:38 AEST 2017 org.apache.commons.lang3.time.DateUtils,895
Thu Aug 24 04:09:38 AEST 2017 org.apache.commons.lang3.time.DateUtils,920
Thu Aug 24 04:09:38 AEST 2017 org.apache.commons.lang3.time.DateUtils,921
Thu Aug 24 04:09:39 AEST 2017 org.apache.commons.lang3.time.DateUtils,923
Thu Aug 24 04:09:40 AEST 2017 org.apache.commons.lang3.time.DateUtils,924
Thu Aug 24 04:09:41 AEST 2017 org.apache.commons.lang3.time.DateUtils,925
Thu Aug 24 04:09:41 AEST 2017 org.apache.commons.lang3.time.DateUtils,926
Thu Aug 24 04:09:41 AEST 2017 org.apache.commons.lang3.time.DateUtils,928
Thu Aug 24 04:09:41 AEST 2017 org.apache.commons.lang3.time.DateUtils,942
Thu Aug 24 04:11:45 AEST 2017 org.apache.commons.lang3.time.DateUtils,943
Thu Aug 24 04:11:45 AEST 2017 org.apache.commons.lang3.time.DateUtils,946
Thu Aug 24 04:12:32 AEST 2017 org.apache.commons.lang3.time.DateUtils,947
Thu Aug 24 04:12:32 AEST 2017 org.apache.commons.lang3.time.DateUtils,956
Thu Aug 24 04:16:22 AEST 2017 org.apache.commons.lang3.time.DateUtils,957
Thu Aug 24 04:19:56 AEST 2017 org.apache.commons.lang3.time.DateUtils,958
Thu Aug 24 04:28:38 AEST 2017 org.apache.commons.lang3.time.DateUtils,961
Thu Aug 24 04:39:58 AEST 2017 org.apache.commons.lang3.time.DateUtils,962
Thu Aug 24 04:42:27 AEST 2017 org.apache.commons.lang3.time.DateUtils,963
Thu Aug 24 04:42:28 AEST 2017 org.apache.commons.lang3.time.DateUtils,965
Thu Aug 24 04:45:26 AEST 2017 org.apache.commons.lang3.time.DateUtils,966
Thu Aug 24 04:45:26 AEST 2017 org.apache.commons.lang3.time.DateUtils,970
Thu Aug 24 05:03:16 AEST 2017 org.apache.commons.lang3.time.DateUtils,971
Thu Aug 24 05:03:16 AEST 2017 org.apache.commons.lang3.time.DateUtils,972
Thu Aug 24 05:03:17 AEST 2017 org.apache.commons.lang3.time.DateUtils,974
Thu Aug 24 05:05:32 AEST 2017 org.apache.commons.lang3.time.DateUtils,975
Thu Aug 24 05:05:32 AEST 2017 org.apache.commons.lang3.time.DateUtils,979
Timeout time : 17/08/24 05:06
