=================================================
Project : lang_23	start : 17/08/23 18:57
Current failed test : org.apache.commons.lang3.text.ExtendedMessageFormatTest::testEqualsHashcode | 17/08/23 18:57
Wed Aug 23 18:58:28 AEST 2017 org.apache.commons.lang3.text.StrMatcher,216
Wed Aug 23 18:58:30 AEST 2017 Wed Aug 23 18:58:30 AEST 2017 : org.apache.commons.lang3.text.StrMatcher,217=>Find no block
Wed Aug 23 18:58:30 AEST 2017 org.apache.commons.lang3.text.StrMatcher,417
Wed Aug 23 18:58:30 AEST 2017 Wed Aug 23 18:58:30 AEST 2017 : org.apache.commons.lang3.text.StrMatcher,418=>Find no block
Wed Aug 23 18:58:31 AEST 2017 org.apache.commons.lang3.text.StrMatcher,389
Wed Aug 23 18:58:31 AEST 2017 Wed Aug 23 18:58:31 AEST 2017 : org.apache.commons.lang3.text.StrMatcher,390=>Find no block
Wed Aug 23 18:58:31 AEST 2017 org.apache.commons.lang3.text.StrMatcher,318
Wed Aug 23 18:58:44 AEST 2017 org.apache.commons.lang3.text.StrMatcher,319
Wed Aug 23 18:58:44 AEST 2017 Wed Aug 23 18:58:44 AEST 2017 : org.apache.commons.lang3.text.StrMatcher,320=>Find no block
Wed Aug 23 18:58:44 AEST 2017 org.apache.commons.lang3.text.StrMatcher,284
Wed Aug 23 18:58:58 AEST 2017 org.apache.commons.lang3.text.StrMatcher,285
Wed Aug 23 18:58:58 AEST 2017 org.apache.commons.lang3.text.StrMatcher,286
Wed Aug 23 18:58:58 AEST 2017 Wed Aug 23 18:58:58 AEST 2017 : org.apache.commons.lang3.text.StrMatcher,287=>Find no block
Wed Aug 23 18:58:58 AEST 2017 org.apache.commons.lang3.Validate,176
Wed Aug 23 18:58:59 AEST 2017 Wed Aug 23 18:58:59 AEST 2017 : org.apache.commons.lang3.Validate,179=>Find no block
Wed Aug 23 18:59:00 AEST 2017 org.apache.commons.lang3.text.StrMatcher,108
Wed Aug 23 18:59:01 AEST 2017 org.apache.commons.lang3.text.StrMatcher,267
Wed Aug 23 18:59:03 AEST 2017 org.apache.commons.lang3.text.StrMatcher,300
Wed Aug 23 18:59:04 AEST 2017 org.apache.commons.lang3.text.ExtendedMessageFormat,151
Wed Aug 23 18:59:27 AEST 2017 org.apache.commons.lang3.text.ExtendedMessageFormat,152
Wed Aug 23 18:59:28 AEST 2017 org.apache.commons.lang3.text.ExtendedMessageFormat,153
Wed Aug 23 18:59:29 AEST 2017 org.apache.commons.lang3.text.ExtendedMessageFormat,155
Wed Aug 23 19:00:01 AEST 2017 org.apache.commons.lang3.text.ExtendedMessageFormat,156
Wed Aug 23 19:00:56 AEST 2017 org.apache.commons.lang3.text.ExtendedMessageFormat,157
Wed Aug 23 19:00:56 AEST 2017 org.apache.commons.lang3.text.ExtendedMessageFormat,158
Wed Aug 23 19:15:02 AEST 2017 Wed Aug 23 19:15:02 AEST 2017 : org.apache.commons.lang3.text.ExtendedMessageFormat,159=>Find no block
Wed Aug 23 19:15:02 AEST 2017 org.apache.commons.lang3.text.ExtendedMessageFormat,164
Wed Aug 23 19:15:11 AEST 2017 org.apache.commons.lang3.text.ExtendedMessageFormat,165
Wed Aug 23 19:15:48 AEST 2017 org.apache.commons.lang3.text.ExtendedMessageFormat,166
Wed Aug 23 19:17:17 AEST 2017 org.apache.commons.lang3.text.ExtendedMessageFormat,167
Wed Aug 23 19:21:24 AEST 2017 org.apache.commons.lang3.text.ExtendedMessageFormat,168
Wed Aug 23 19:25:45 AEST 2017 org.apache.commons.lang3.text.ExtendedMessageFormat,169
Wed Aug 23 19:31:22 AEST 2017 org.apache.commons.lang3.text.ExtendedMessageFormat,170
Wed Aug 23 19:31:50 AEST 2017 org.apache.commons.lang3.text.ExtendedMessageFormat,171
Wed Aug 23 19:33:13 AEST 2017 org.apache.commons.lang3.text.ExtendedMessageFormat,172
Wed Aug 23 19:33:13 AEST 2017 org.apache.commons.lang3.text.ExtendedMessageFormat,173
Wed Aug 23 19:33:14 AEST 2017 org.apache.commons.lang3.text.ExtendedMessageFormat,175
Wed Aug 23 19:33:14 AEST 2017 org.apache.commons.lang3.text.ExtendedMessageFormat,176
Wed Aug 23 19:33:14 AEST 2017 org.apache.commons.lang3.text.ExtendedMessageFormat,180
Wed Aug 23 19:35:31 AEST 2017 org.apache.commons.lang3.text.ExtendedMessageFormat,181
Wed Aug 23 19:37:39 AEST 2017 org.apache.commons.lang3.text.ExtendedMessageFormat,182
Wed Aug 23 19:39:52 AEST 2017 org.apache.commons.lang3.text.ExtendedMessageFormat,183
Wed Aug 23 19:42:38 AEST 2017 org.apache.commons.lang3.text.ExtendedMessageFormat,184
Wed Aug 23 19:42:39 AEST 2017 org.apache.commons.lang3.text.ExtendedMessageFormat,190
Wed Aug 23 19:42:39 AEST 2017 org.apache.commons.lang3.text.ExtendedMessageFormat,191
Wed Aug 23 19:42:39 AEST 2017 org.apache.commons.lang3.text.ExtendedMessageFormat,194
Wed Aug 23 19:45:15 AEST 2017 org.apache.commons.lang3.text.ExtendedMessageFormat,195
Wed Aug 23 19:45:16 AEST 2017 org.apache.commons.lang3.text.ExtendedMessageFormat,196
Wed Aug 23 19:45:16 AEST 2017 org.apache.commons.lang3.text.ExtendedMessageFormat,197
Wed Aug 23 19:45:16 AEST 2017 org.apache.commons.lang3.text.ExtendedMessageFormat,200
Wed Aug 23 19:45:16 AEST 2017 org.apache.commons.lang3.text.ExtendedMessageFormat,201
Wed Aug 23 19:45:16 AEST 2017 org.apache.commons.lang3.text.ExtendedMessageFormat,202
Wed Aug 23 19:45:16 AEST 2017 org.apache.commons.lang3.text.ExtendedMessageFormat,203
Wed Aug 23 19:45:17 AEST 2017 org.apache.commons.lang3.text.ExtendedMessageFormat,204
Wed Aug 23 19:45:17 AEST 2017 org.apache.commons.lang3.text.ExtendedMessageFormat,207
Wed Aug 23 19:45:17 AEST 2017 Wed Aug 23 19:45:17 AEST 2017 : org.apache.commons.lang3.text.ExtendedMessageFormat,209=>Find no block
Wed Aug 23 19:45:17 AEST 2017 org.apache.commons.lang3.text.ExtendedMessageFormat,277
Wed Aug 23 19:46:46 AEST 2017 org.apache.commons.lang3.text.ExtendedMessageFormat,278
Wed Aug 23 19:49:25 AEST 2017 org.apache.commons.lang3.text.ExtendedMessageFormat,279
Wed Aug 23 19:49:25 AEST 2017 org.apache.commons.lang3.text.ExtendedMessageFormat,280
Wed Aug 23 19:54:15 AEST 2017 org.apache.commons.lang3.text.ExtendedMessageFormat,281
Wed Aug 23 19:54:15 AEST 2017 org.apache.commons.lang3.text.ExtendedMessageFormat,285
Wed Aug 23 19:57:42 AEST 2017 org.apache.commons.lang3.text.ExtendedMessageFormat,286
Wed Aug 23 19:57:42 AEST 2017 org.apache.commons.lang3.text.ExtendedMessageFormat,287
Wed Aug 23 19:57:42 AEST 2017 org.apache.commons.lang3.text.ExtendedMessageFormat,301
Wed Aug 23 19:58:12 AEST 2017 org.apache.commons.lang3.text.ExtendedMessageFormat,302
Wed Aug 23 19:58:12 AEST 2017 org.apache.commons.lang3.text.ExtendedMessageFormat,303
Wed Aug 23 19:58:25 AEST 2017 org.apache.commons.lang3.text.ExtendedMessageFormat,304
Wed Aug 23 19:58:25 AEST 2017 org.apache.commons.lang3.text.ExtendedMessageFormat,305
Wed Aug 23 20:14:52 AEST 2017 org.apache.commons.lang3.text.ExtendedMessageFormat,306
Wed Aug 23 20:17:12 AEST 2017 org.apache.commons.lang3.text.ExtendedMessageFormat,307
Wed Aug 23 20:17:12 AEST 2017 org.apache.commons.lang3.text.ExtendedMessageFormat,315
Wed Aug 23 20:17:12 AEST 2017 org.apache.commons.lang3.text.ExtendedMessageFormat,317
Wed Aug 23 20:17:12 AEST 2017 org.apache.commons.lang3.text.ExtendedMessageFormat,323
Wed Aug 23 20:22:25 AEST 2017 org.apache.commons.lang3.text.ExtendedMessageFormat,324
Wed Aug 23 20:22:25 AEST 2017 org.apache.commons.lang3.text.ExtendedMessageFormat,343
Wed Aug 23 20:23:04 AEST 2017 org.apache.commons.lang3.text.ExtendedMessageFormat,344
Wed Aug 23 20:23:04 AEST 2017 org.apache.commons.lang3.text.ExtendedMessageFormat,345
Wed Aug 23 20:23:20 AEST 2017 org.apache.commons.lang3.text.ExtendedMessageFormat,346
Wed Aug 23 20:23:21 AEST 2017 org.apache.commons.lang3.text.ExtendedMessageFormat,347
Wed Aug 23 20:29:54 AEST 2017 Wed Aug 23 20:29:54 AEST 2017 : org.apache.commons.lang3.text.ExtendedMessageFormat,348=>Find no block
Wed Aug 23 20:29:54 AEST 2017 org.apache.commons.lang3.text.ExtendedMessageFormat,353
Wed Aug 23 20:30:20 AEST 2017 org.apache.commons.lang3.text.ExtendedMessageFormat,354
Wed Aug 23 20:30:20 AEST 2017 org.apache.commons.lang3.text.ExtendedMessageFormat,355
Wed Aug 23 20:30:21 AEST 2017 org.apache.commons.lang3.text.ExtendedMessageFormat,375
Wed Aug 23 20:30:21 AEST 2017 org.apache.commons.lang3.text.ExtendedMessageFormat,378
Wed Aug 23 20:30:22 AEST 2017 org.apache.commons.lang3.text.ExtendedMessageFormat,379
Wed Aug 23 20:30:23 AEST 2017 org.apache.commons.lang3.text.ExtendedMessageFormat,380
Wed Aug 23 20:30:46 AEST 2017 org.apache.commons.lang3.text.ExtendedMessageFormat,381
Wed Aug 23 20:30:46 AEST 2017 org.apache.commons.lang3.text.ExtendedMessageFormat,382
Wed Aug 23 20:39:54 AEST 2017 org.apache.commons.lang3.text.ExtendedMessageFormat,383
Wed Aug 23 20:40:19 AEST 2017 Wed Aug 23 20:40:19 AEST 2017 : org.apache.commons.lang3.text.ExtendedMessageFormat,384=>Find no block
Wed Aug 23 20:40:19 AEST 2017 org.apache.commons.lang3.text.ExtendedMessageFormat,389
Wed Aug 23 20:40:58 AEST 2017 org.apache.commons.lang3.text.ExtendedMessageFormat,390
Wed Aug 23 20:40:59 AEST 2017 org.apache.commons.lang3.text.ExtendedMessageFormat,391
Wed Aug 23 20:40:59 AEST 2017 org.apache.commons.lang3.text.ExtendedMessageFormat,392
Wed Aug 23 20:40:59 AEST 2017 org.apache.commons.lang3.text.ExtendedMessageFormat,394
Wed Aug 23 20:40:59 AEST 2017 org.apache.commons.lang3.text.ExtendedMessageFormat,395
Wed Aug 23 20:40:59 AEST 2017 org.apache.commons.lang3.text.ExtendedMessageFormat,396
Wed Aug 23 20:40:59 AEST 2017 Wed Aug 23 20:40:59 AEST 2017 : org.apache.commons.lang3.text.ExtendedMessageFormat,398=>Find no block
Wed Aug 23 20:40:59 AEST 2017 org.apache.commons.lang3.text.ExtendedMessageFormat,401
Wed Aug 23 20:41:11 AEST 2017 org.apache.commons.lang3.text.ExtendedMessageFormat,404
Wed Aug 23 20:41:11 AEST 2017 org.apache.commons.lang3.text.ExtendedMessageFormat,405
Wed Aug 23 20:41:11 AEST 2017 Wed Aug 23 20:41:11 AEST 2017 : org.apache.commons.lang3.text.ExtendedMessageFormat,407=>Find no block
Wed Aug 23 20:41:11 AEST 2017 org.apache.commons.lang3.text.ExtendedMessageFormat,408
Wed Aug 23 20:52:58 AEST 2017 org.apache.commons.lang3.text.ExtendedMessageFormat,418
Wed Aug 23 20:57:52 AEST 2017 org.apache.commons.lang3.text.ExtendedMessageFormat,419
Wed Aug 23 20:57:52 AEST 2017 org.apache.commons.lang3.text.ExtendedMessageFormat,421
Wed Aug 23 21:01:56 AEST 2017 org.apache.commons.lang3.text.ExtendedMessageFormat,422
Wed Aug 23 21:01:56 AEST 2017 org.apache.commons.lang3.text.ExtendedMessageFormat,423
Wed Aug 23 21:01:56 AEST 2017 Wed Aug 23 21:01:56 AEST 2017 : org.apache.commons.lang3.text.ExtendedMessageFormat,424=>Find no block
Wed Aug 23 21:01:56 AEST 2017 org.apache.commons.lang3.text.ExtendedMessageFormat,433
Wed Aug 23 21:02:23 AEST 2017 org.apache.commons.lang3.text.ExtendedMessageFormat,434
Wed Aug 23 21:02:23 AEST 2017 org.apache.commons.lang3.text.ExtendedMessageFormat,495
Wed Aug 23 21:02:46 AEST 2017 org.apache.commons.lang3.text.ExtendedMessageFormat,498
Wed Aug 23 21:03:16 AEST 2017 org.apache.commons.lang3.text.ExtendedMessageFormat,499
Wed Aug 23 21:03:16 AEST 2017 org.apache.commons.lang3.text.ExtendedMessageFormat,500
Wed Aug 23 21:03:17 AEST 2017 org.apache.commons.lang3.text.ExtendedMessageFormat,125
Wed Aug 23 21:03:38 AEST 2017 org.apache.commons.lang3.text.ExtendedMessageFormat,126
Wed Aug 23 21:03:38 AEST 2017 org.apache.commons.lang3.text.ExtendedMessageFormat,127
Wed Aug 23 21:03:38 AEST 2017 org.apache.commons.lang3.text.ExtendedMessageFormat,128
Wed Aug 23 21:03:38 AEST 2017 Wed Aug 23 21:03:38 AEST 2017 : org.apache.commons.lang3.text.ExtendedMessageFormat,129=>Find no block
Wed Aug 23 21:03:38 AEST 2017 org.apache.commons.lang3.text.ExtendedMessageFormat,146
Wed Aug 23 21:03:39 AEST 2017 org.apache.commons.lang3.text.ExtendedMessageFormat,147
Wed Aug 23 21:03:39 AEST 2017 org.apache.commons.lang3.text.ExtendedMessageFormat,148
Wed Aug 23 21:03:39 AEST 2017 org.apache.commons.lang3.text.ExtendedMessageFormat,149
Wed Aug 23 21:03:39 AEST 2017 org.apache.commons.lang3.exception.CloneFailedException,40
Wed Aug 23 21:03:40 AEST 2017 Wed Aug 23 21:03:40 AEST 2017 : org.apache.commons.lang3.exception.CloneFailedException,41=>Find no block
Wed Aug 23 21:03:40 AEST 2017 org.apache.commons.lang3.exception.CloneFailedException,50
Wed Aug 23 21:03:41 AEST 2017 Wed Aug 23 21:03:41 AEST 2017 : org.apache.commons.lang3.exception.CloneFailedException,51=>Find no block
Wed Aug 23 21:03:41 AEST 2017 org.apache.commons.lang3.exception.CloneFailedException,61
Wed Aug 23 21:04:10 AEST 2017 Wed Aug 23 21:04:10 AEST 2017 : org.apache.commons.lang3.exception.CloneFailedException,62=>Find no block
Wed Aug 23 21:04:10 AEST 2017 org.apache.commons.lang3.Validate,76
Wed Aug 23 21:04:10 AEST 2017 Wed Aug 23 21:04:10 AEST 2017 : org.apache.commons.lang3.Validate,77=>Find no block
Wed Aug 23 21:04:10 AEST 2017 org.apache.commons.lang3.Validate,102
Wed Aug 23 21:04:49 AEST 2017 org.apache.commons.lang3.Validate,103
Wed Aug 23 21:04:49 AEST 2017 Wed Aug 23 21:04:49 AEST 2017 : org.apache.commons.lang3.Validate,105=>Find no block
Wed Aug 23 21:04:49 AEST 2017 org.apache.commons.lang3.Validate,127
Wed Aug 23 21:05:28 AEST 2017 org.apache.commons.lang3.Validate,128
Wed Aug 23 21:05:28 AEST 2017 Wed Aug 23 21:05:28 AEST 2017 : org.apache.commons.lang3.Validate,130=>Find no block
Wed Aug 23 21:05:28 AEST 2017 org.apache.commons.lang3.Validate,151
Wed Aug 23 21:05:54 AEST 2017 org.apache.commons.lang3.Validate,152
Wed Aug 23 21:05:54 AEST 2017 Wed Aug 23 21:05:54 AEST 2017 : org.apache.commons.lang3.Validate,154=>Find no block
Wed Aug 23 21:05:54 AEST 2017 org.apache.commons.lang3.Validate,177
Wed Aug 23 21:05:54 AEST 2017 org.apache.commons.lang3.Validate,200
Wed Aug 23 21:05:55 AEST 2017 org.apache.commons.lang3.Validate,218
Wed Aug 23 21:07:06 AEST 2017 org.apache.commons.lang3.Validate,219
Wed Aug 23 21:07:06 AEST 2017 org.apache.commons.lang3.Validate,221
Wed Aug 23 21:08:03 AEST 2017 org.apache.commons.lang3.Validate,243
Wed Aug 23 21:08:54 AEST 2017 org.apache.commons.lang3.Validate,244
Wed Aug 23 21:08:54 AEST 2017 org.apache.commons.lang3.Validate,246
Wed Aug 23 21:10:53 AEST 2017 org.apache.commons.lang3.Validate,247
Wed Aug 23 21:10:53 AEST 2017 org.apache.commons.lang3.Validate,249
Wed Aug 23 21:13:56 AEST 2017 org.apache.commons.lang3.Validate,269
Wed Aug 23 21:14:31 AEST 2017 org.apache.commons.lang3.Validate,291
Wed Aug 23 21:15:30 AEST 2017 org.apache.commons.lang3.Validate,292
Wed Aug 23 21:15:30 AEST 2017 org.apache.commons.lang3.Validate,294
Wed Aug 23 21:16:03 AEST 2017 org.apache.commons.lang3.Validate,295
Wed Aug 23 21:16:03 AEST 2017 org.apache.commons.lang3.Validate,297
Wed Aug 23 21:16:38 AEST 2017 org.apache.commons.lang3.Validate,317
Wed Aug 23 21:17:12 AEST 2017 org.apache.commons.lang3.Validate,339
Wed Aug 23 21:17:50 AEST 2017 org.apache.commons.lang3.Validate,340
Wed Aug 23 21:17:50 AEST 2017 org.apache.commons.lang3.Validate,342
Wed Aug 23 21:18:25 AEST 2017 org.apache.commons.lang3.Validate,343
Wed Aug 23 21:18:25 AEST 2017 org.apache.commons.lang3.Validate,345
Wed Aug 23 21:18:51 AEST 2017 org.apache.commons.lang3.Validate,365
Wed Aug 23 21:19:26 AEST 2017 org.apache.commons.lang3.Validate,387
Wed Aug 23 21:20:24 AEST 2017 org.apache.commons.lang3.Validate,388
Wed Aug 23 21:20:24 AEST 2017 org.apache.commons.lang3.Validate,390
Wed Aug 23 21:20:59 AEST 2017 org.apache.commons.lang3.Validate,391
Wed Aug 23 21:20:59 AEST 2017 org.apache.commons.lang3.Validate,393
Wed Aug 23 21:22:11 AEST 2017 org.apache.commons.lang3.Validate,414
Wed Aug 23 21:22:45 AEST 2017 org.apache.commons.lang3.Validate,437
Wed Aug 23 21:22:45 AEST 2017 org.apache.commons.lang3.Validate,438
Wed Aug 23 21:22:46 AEST 2017 org.apache.commons.lang3.Validate,440
Wed Aug 23 21:23:20 AEST 2017 org.apache.commons.lang3.Validate,441
Wed Aug 23 21:23:20 AEST 2017 org.apache.commons.lang3.Validate,443
Wed Aug 23 21:24:07 AEST 2017 org.apache.commons.lang3.Validate,464
Wed Aug 23 21:24:07 AEST 2017 org.apache.commons.lang3.Validate,492
Wed Aug 23 21:33:51 AEST 2017 org.apache.commons.lang3.Validate,493
Wed Aug 23 21:33:51 AEST 2017 org.apache.commons.lang3.Validate,494
Wed Aug 23 21:33:51 AEST 2017 org.apache.commons.lang3.Validate,495
Wed Aug 23 21:33:51 AEST 2017 org.apache.commons.lang3.Validate,496
Wed Aug 23 21:33:51 AEST 2017 org.apache.commons.lang3.Validate,499
Wed Aug 23 21:33:52 AEST 2017 org.apache.commons.lang3.Validate,524
Wed Aug 23 21:34:15 AEST 2017 org.apache.commons.lang3.Validate,552
Wed Aug 23 21:37:26 AEST 2017 org.apache.commons.lang3.Validate,553
Wed Aug 23 21:37:27 AEST 2017 org.apache.commons.lang3.Validate,554
Wed Aug 23 21:37:27 AEST 2017 org.apache.commons.lang3.Validate,555
Wed Aug 23 21:37:27 AEST 2017 org.apache.commons.lang3.Validate,556
Wed Aug 23 21:37:27 AEST 2017 org.apache.commons.lang3.Validate,557
Wed Aug 23 21:37:27 AEST 2017 org.apache.commons.lang3.Validate,560
Wed Aug 23 21:37:27 AEST 2017 org.apache.commons.lang3.Validate,585
Wed Aug 23 21:37:50 AEST 2017 org.apache.commons.lang3.Validate,610
Wed Aug 23 21:42:37 AEST 2017 org.apache.commons.lang3.Validate,611
Wed Aug 23 21:47:35 AEST 2017 org.apache.commons.lang3.Validate,612
Wed Aug 23 21:47:35 AEST 2017 org.apache.commons.lang3.Validate,614
Wed Aug 23 21:47:35 AEST 2017 org.apache.commons.lang3.Validate,639
Wed Aug 23 21:48:04 AEST 2017 org.apache.commons.lang3.Validate,664
Wed Aug 23 21:49:59 AEST 2017 org.apache.commons.lang3.Validate,665
Failed time : 17/08/23 21:51
