=================================================
Project : lang_25	start : 17/08/23 18:57
Current failed test : org.apache.commons.lang3.text.translate.EntityArraysTest::testISO8859_1_ESCAPE | 17/08/23 18:58
Wed Aug 23 18:58:30 AEST 2017 org.apache.commons.lang3.text.translate.EntityArrays,30
Wed Aug 23 18:59:05 AEST 2017 Wed Aug 23 18:59:05 AEST 2017 : org.apache.commons.lang3.text.translate.EntityArrays,28=>Find no block
Wed Aug 23 18:59:05 AEST 2017 org.apache.commons.lang3.text.translate.EntityArrays,130
Wed Aug 23 18:59:37 AEST 2017 org.apache.commons.lang3.text.translate.EntityArrays,134
Wed Aug 23 19:00:10 AEST 2017 org.apache.commons.lang3.text.translate.EntityArrays,332
Wed Aug 23 19:00:42 AEST 2017 org.apache.commons.lang3.text.translate.EntityArrays,335
Wed Aug 23 19:01:15 AEST 2017 org.apache.commons.lang3.text.translate.EntityArrays,343
Wed Aug 23 19:01:48 AEST 2017 org.apache.commons.lang3.text.translate.EntityArrays,346
Wed Aug 23 19:02:20 AEST 2017 org.apache.commons.lang3.text.translate.EntityArrays,351
Wed Aug 23 19:02:53 AEST 2017 org.apache.commons.lang3.text.translate.EntityArrays,354
Wed Aug 23 19:03:25 AEST 2017 org.apache.commons.lang3.text.translate.EntityArrays,363
Wed Aug 23 19:03:57 AEST 2017 org.apache.commons.lang3.text.translate.EntityArrays,372
Wed Aug 23 19:05:56 AEST 2017 org.apache.commons.lang3.text.translate.EntityArrays,373
Wed Aug 23 19:07:46 AEST 2017 org.apache.commons.lang3.text.translate.EntityArrays,374
Wed Aug 23 19:07:46 AEST 2017 org.apache.commons.lang3.text.translate.EntityArrays,375
Wed Aug 23 19:07:46 AEST 2017 org.apache.commons.lang3.text.translate.EntityArrays,377
Failed time : 17/08/23 19:07
