=================================================
Project : lang_28	start : 17/08/23 23:58
Current failed test : org.apache.commons.lang3.text.translate.NumericEntityUnescaperTest::testSupplementaryUnescaping | 17/08/23 23:59
Wed Aug 23 23:59:29 AEST 2017 Wed Aug 23 23:59:29 AEST 2017 : org.apache.commons.lang3.text.translate.CharSequenceTranslator,32=>Find no block
Wed Aug 23 23:59:29 AEST 2017 Wed Aug 23 23:59:29 AEST 2017 : org.apache.commons.lang3.text.translate.NumericEntityUnescaper,29=>Find no block
Wed Aug 23 23:59:29 AEST 2017 org.apache.commons.lang3.text.translate.NumericEntityUnescaper,57
Thu Aug 24 00:03:03 AEST 2017 Thu Aug 24 00:03:03 AEST 2017 : org.apache.commons.lang3.text.translate.NumericEntityUnescaper,61=>Find no block
Thu Aug 24 00:03:03 AEST 2017 org.apache.commons.lang3.text.translate.NumericEntityUnescaper,63
Thu Aug 24 00:05:00 AEST 2017 org.apache.commons.lang3.text.translate.NumericEntityUnescaper,64
Thu Aug 24 00:05:01 AEST 2017 org.apache.commons.lang3.text.translate.NumericEntityUnescaper,38
Thu Aug 24 00:06:05 AEST 2017 org.apache.commons.lang3.text.translate.NumericEntityUnescaper,39
Thu Aug 24 00:06:05 AEST 2017 org.apache.commons.lang3.text.translate.NumericEntityUnescaper,41
Thu Aug 24 00:08:59 AEST 2017 org.apache.commons.lang3.text.translate.NumericEntityUnescaper,42
Thu Aug 24 00:09:32 AEST 2017 org.apache.commons.lang3.text.translate.NumericEntityUnescaper,47
Thu Aug 24 00:13:46 AEST 2017 org.apache.commons.lang3.text.translate.NumericEntityUnescaper,48
Thu Aug 24 00:13:46 AEST 2017 org.apache.commons.lang3.text.translate.NumericEntityUnescaper,49
Thu Aug 24 00:13:46 AEST 2017 org.apache.commons.lang3.text.translate.NumericEntityUnescaper,54
Thu Aug 24 00:13:46 AEST 2017 org.apache.commons.lang3.text.translate.NumericEntityUnescaper,37
Thu Aug 24 00:17:32 AEST 2017 org.apache.commons.lang3.text.translate.CharSequenceTranslator,93
Thu Aug 24 00:25:17 AEST 2017 org.apache.commons.lang3.text.translate.CharSequenceTranslator,94
Thu Aug 24 00:25:17 AEST 2017 org.apache.commons.lang3.text.translate.CharSequenceTranslator,95
Thu Aug 24 00:25:17 AEST 2017 org.apache.commons.lang3.text.translate.CharSequenceTranslator,98
Thu Aug 24 00:25:17 AEST 2017 org.apache.commons.lang3.text.translate.CharSequenceTranslator,102
Thu Aug 24 00:39:48 AEST 2017 org.apache.commons.lang3.text.translate.CharSequenceTranslator,54
Thu Aug 24 00:39:49 AEST 2017 org.apache.commons.lang3.text.translate.CharSequenceTranslator,58
Thu Aug 24 00:40:27 AEST 2017 org.apache.commons.lang3.text.translate.CharSequenceTranslator,59
Thu Aug 24 00:40:27 AEST 2017 org.apache.commons.lang3.text.translate.CharSequenceTranslator,60
Thu Aug 24 00:40:27 AEST 2017 org.apache.commons.lang3.text.translate.CharSequenceTranslator,77
Thu Aug 24 00:40:29 AEST 2017 org.apache.commons.lang3.text.translate.CharSequenceTranslator,80
