=================================================
Project : lang_31	start : 17/08/24 00:33
Current failed test : org.apache.commons.lang3.StringUtilsEqualsIndexOfTest::testContainsAnyCharArrayWithSupplementaryChars | 17/08/24 00:33
Thu Aug 24 00:34:17 AEST 2017 org.apache.commons.lang3.StringUtils,1441
Thu Aug 24 00:35:31 AEST 2017 org.apache.commons.lang3.StringUtils,1444
Thu Aug 24 00:40:40 AEST 2017 org.apache.commons.lang3.StringUtils,1445
Thu Aug 24 00:53:09 AEST 2017 org.apache.commons.lang3.StringUtils,1446
Thu Aug 24 00:53:09 AEST 2017 org.apache.commons.lang3.StringUtils,1447
Thu Aug 24 00:53:09 AEST 2017 org.apache.commons.lang3.StringUtils,1448
Thu Aug 24 00:53:09 AEST 2017 org.apache.commons.lang3.StringUtils,1449
Thu Aug 24 00:53:09 AEST 2017 org.apache.commons.lang3.StringUtils,1452
Thu Aug 24 00:53:09 AEST 2017 org.apache.commons.lang3.StringUtils,1487
Thu Aug 24 00:53:09 AEST 2017 org.apache.commons.lang3.StringUtils,1490
Thu Aug 24 00:54:03 AEST 2017 org.apache.commons.lang3.ArrayUtils,3279
Thu Aug 24 00:56:58 AEST 2017 org.apache.commons.lang3.ArrayUtils,3282
Thu Aug 24 01:00:23 AEST 2017 org.apache.commons.lang3.StringUtils,194
Thu Aug 24 01:00:24 AEST 2017 org.apache.commons.lang3.StringUtils,170
Thu Aug 24 01:00:25 AEST 2017 Thu Aug 24 01:00:25 AEST 2017 : org.apache.commons.lang3.StringUtils,171=>Find no block
Thu Aug 24 01:00:25 AEST 2017 org.apache.commons.lang3.StringUtils,212
Thu Aug 24 01:00:25 AEST 2017 org.apache.commons.lang3.StringUtils,232
Thu Aug 24 01:02:55 AEST 2017 org.apache.commons.lang3.StringUtils,233
Thu Aug 24 01:02:55 AEST 2017 org.apache.commons.lang3.StringUtils,235
Thu Aug 24 01:06:22 AEST 2017 org.apache.commons.lang3.StringUtils,236
Thu Aug 24 01:06:22 AEST 2017 org.apache.commons.lang3.StringUtils,237
Thu Aug 24 01:06:22 AEST 2017 org.apache.commons.lang3.StringUtils,240
Thu Aug 24 01:15:45 AEST 2017 org.apache.commons.lang3.StringUtils,260
Thu Aug 24 01:15:46 AEST 2017 org.apache.commons.lang3.StringUtils,289
Thu Aug 24 01:16:13 AEST 2017 org.apache.commons.lang3.StringUtils,315
Thu Aug 24 01:17:14 AEST 2017 org.apache.commons.lang3.StringUtils,316
Thu Aug 24 01:17:14 AEST 2017 org.apache.commons.lang3.StringUtils,341
Thu Aug 24 01:17:51 AEST 2017 org.apache.commons.lang3.StringUtils,369
Thu Aug 24 01:18:45 AEST 2017 org.apache.commons.lang3.StringUtils,396
Thu Aug 24 01:21:42 AEST 2017 org.apache.commons.lang3.StringUtils,397
Thu Aug 24 01:21:42 AEST 2017 org.apache.commons.lang3.StringUtils,399
Thu Aug 24 01:26:56 AEST 2017 org.apache.commons.lang3.StringUtils,400
Thu Aug 24 01:26:56 AEST 2017 org.apache.commons.lang3.StringUtils,426
Thu Aug 24 01:27:30 AEST 2017 org.apache.commons.lang3.StringUtils,456
Thu Aug 24 01:28:22 AEST 2017 org.apache.commons.lang3.StringUtils,457
Thu Aug 24 01:28:22 AEST 2017 org.apache.commons.lang3.StringUtils,459
Thu Aug 24 01:30:47 AEST 2017 org.apache.commons.lang3.StringUtils,460
Thu Aug 24 01:30:47 AEST 2017 org.apache.commons.lang3.StringUtils,489
Thu Aug 24 01:35:55 AEST 2017 org.apache.commons.lang3.StringUtils,490
Thu Aug 24 01:35:55 AEST 2017 org.apache.commons.lang3.StringUtils,492
Thu Aug 24 01:42:03 AEST 2017 org.apache.commons.lang3.StringUtils,493
Thu Aug 24 02:00:50 AEST 2017 org.apache.commons.lang3.StringUtils,494
Thu Aug 24 02:00:50 AEST 2017 org.apache.commons.lang3.StringUtils,495
Thu Aug 24 02:00:50 AEST 2017 org.apache.commons.lang3.StringUtils,497
Thu Aug 24 02:00:50 AEST 2017 org.apache.commons.lang3.StringUtils,498
Thu Aug 24 02:00:50 AEST 2017 org.apache.commons.lang3.StringUtils,500
Thu Aug 24 02:00:50 AEST 2017 org.apache.commons.lang3.StringUtils,501
Thu Aug 24 02:00:50 AEST 2017 org.apache.commons.lang3.StringUtils,504
Thu Aug 24 02:13:39 AEST 2017 org.apache.commons.lang3.StringUtils,533
Thu Aug 24 02:18:44 AEST 2017 org.apache.commons.lang3.StringUtils,534
Thu Aug 24 02:18:44 AEST 2017 org.apache.commons.lang3.StringUtils,537
Thu Aug 24 02:36:46 AEST 2017 org.apache.commons.lang3.StringUtils,538
Thu Aug 24 02:36:46 AEST 2017 org.apache.commons.lang3.StringUtils,539
Thu Aug 24 02:36:46 AEST 2017 org.apache.commons.lang3.StringUtils,541
Thu Aug 24 02:36:46 AEST 2017 org.apache.commons.lang3.StringUtils,542
Thu Aug 24 02:36:46 AEST 2017 org.apache.commons.lang3.StringUtils,544
Thu Aug 24 02:36:46 AEST 2017 org.apache.commons.lang3.StringUtils,545
Thu Aug 24 02:36:47 AEST 2017 org.apache.commons.lang3.StringUtils,548
Thu Aug 24 02:50:57 AEST 2017 org.apache.commons.lang3.StringUtils,573
Thu Aug 24 02:50:58 AEST 2017 org.apache.commons.lang3.StringUtils,603
Thu Aug 24 02:53:40 AEST 2017 org.apache.commons.lang3.StringUtils,604
Thu Aug 24 02:53:40 AEST 2017 org.apache.commons.lang3.StringUtils,606
Thu Aug 24 03:04:15 AEST 2017 org.apache.commons.lang3.StringUtils,607
Thu Aug 24 03:04:15 AEST 2017 org.apache.commons.lang3.StringUtils,608
Thu Aug 24 03:04:15 AEST 2017 org.apache.commons.lang3.StringUtils,610
Thu Aug 24 03:04:15 AEST 2017 org.apache.commons.lang3.StringUtils,630
Thu Aug 24 03:04:30 AEST 2017 org.apache.commons.lang3.StringUtils,631
Thu Aug 24 03:04:30 AEST 2017 org.apache.commons.lang3.StringUtils,633
Thu Aug 24 03:05:00 AEST 2017 org.apache.commons.lang3.StringUtils,640
Thu Aug 24 03:05:29 AEST 2017 org.apache.commons.lang3.StringUtils,643
Thu Aug 24 03:05:29 AEST 2017 org.apache.commons.lang3.StringUtils,646
Thu Aug 24 03:05:58 AEST 2017 org.apache.commons.lang3.StringUtils,649
Thu Aug 24 03:06:23 AEST 2017 org.apache.commons.lang3.StringUtils,652
Thu Aug 24 03:06:48 AEST 2017 org.apache.commons.lang3.StringUtils,655
Thu Aug 24 03:07:26 AEST 2017 org.apache.commons.lang3.StringUtils,656
Thu Aug 24 03:07:26 AEST 2017 Thu Aug 24 03:07:26 AEST 2017 : org.apache.commons.lang3.StringUtils,657=>Find no block
Thu Aug 24 03:07:26 AEST 2017 org.apache.commons.lang3.StringUtils,658
Thu Aug 24 03:07:26 AEST 2017 Thu Aug 24 03:07:26 AEST 2017 : org.apache.commons.lang3.StringUtils,659=>Find no block
Thu Aug 24 03:07:27 AEST 2017 org.apache.commons.lang3.StringUtils,660
Thu Aug 24 03:07:27 AEST 2017 Thu Aug 24 03:07:27 AEST 2017 : org.apache.commons.lang3.StringUtils,661=>Find no block
Thu Aug 24 03:07:27 AEST 2017 org.apache.commons.lang3.StringUtils,662
Thu Aug 24 03:07:27 AEST 2017 Thu Aug 24 03:07:27 AEST 2017 : org.apache.commons.lang3.StringUtils,663=>Find no block
Thu Aug 24 03:07:27 AEST 2017 org.apache.commons.lang3.StringUtils,664
Thu Aug 24 03:07:27 AEST 2017 Thu Aug 24 03:07:27 AEST 2017 : org.apache.commons.lang3.StringUtils,665=>Find no block
Thu Aug 24 03:07:27 AEST 2017 org.apache.commons.lang3.StringUtils,666
Thu Aug 24 03:07:27 AEST 2017 Thu Aug 24 03:07:27 AEST 2017 : org.apache.commons.lang3.StringUtils,667=>Find no block
Thu Aug 24 03:07:27 AEST 2017 org.apache.commons.lang3.StringUtils,668
Thu Aug 24 03:07:27 AEST 2017 Thu Aug 24 03:07:27 AEST 2017 : org.apache.commons.lang3.StringUtils,669=>Find no block
Thu Aug 24 03:07:27 AEST 2017 org.apache.commons.lang3.StringUtils,670
Thu Aug 24 03:07:27 AEST 2017 org.apache.commons.lang3.StringUtils,673
Thu Aug 24 03:07:28 AEST 2017 org.apache.commons.lang3.StringUtils,700
Thu Aug 24 03:07:37 AEST 2017 org.apache.commons.lang3.StringUtils,725
Thu Aug 24 03:07:38 AEST 2017 org.apache.commons.lang3.StringUtils,750
Thu Aug 24 03:08:13 AEST 2017 org.apache.commons.lang3.StringUtils,751
Thu Aug 24 03:08:13 AEST 2017 org.apache.commons.lang3.StringUtils,753
Thu Aug 24 03:09:58 AEST 2017 org.apache.commons.lang3.StringUtils,782
Thu Aug 24 03:09:58 AEST 2017 org.apache.commons.lang3.StringUtils,783
Thu Aug 24 03:09:58 AEST 2017 org.apache.commons.lang3.StringUtils,785
Thu Aug 24 03:11:46 AEST 2017 org.apache.commons.lang3.StringUtils,812
Thu Aug 24 03:15:53 AEST 2017 org.apache.commons.lang3.StringUtils,813
Thu Aug 24 03:15:53 AEST 2017 org.apache.commons.lang3.StringUtils,815
Thu Aug 24 03:21:49 AEST 2017 org.apache.commons.lang3.StringUtils,851
Thu Aug 24 03:21:49 AEST 2017 org.apache.commons.lang3.StringUtils,852
Thu Aug 24 03:21:49 AEST 2017 org.apache.commons.lang3.StringUtils,854
Thu Aug 24 03:28:00 AEST 2017 org.apache.commons.lang3.StringUtils,891
Thu Aug 24 03:28:23 AEST 2017 org.apache.commons.lang3.StringUtils,909
Thu Aug 24 03:33:22 AEST 2017 org.apache.commons.lang3.StringUtils,910
Thu Aug 24 03:33:22 AEST 2017 org.apache.commons.lang3.StringUtils,912
Thu Aug 24 03:34:28 AEST 2017 org.apache.commons.lang3.StringUtils,913
Thu Aug 24 03:34:28 AEST 2017 org.apache.commons.lang3.StringUtils,915
Thu Aug 24 03:40:24 AEST 2017 org.apache.commons.lang3.StringUtils,916
Thu Aug 24 03:40:24 AEST 2017 org.apache.commons.lang3.StringUtils,918
Thu Aug 24 03:47:53 AEST 2017 org.apache.commons.lang3.StringUtils,919
Thu Aug 24 03:47:53 AEST 2017 org.apache.commons.lang3.StringUtils,921
Thu Aug 24 03:47:53 AEST 2017 org.apache.commons.lang3.StringUtils,923
Thu Aug 24 03:49:38 AEST 2017 org.apache.commons.lang3.StringUtils,924
Thu Aug 24 03:49:38 AEST 2017 org.apache.commons.lang3.StringUtils,926
Thu Aug 24 03:55:14 AEST 2017 org.apache.commons.lang3.StringUtils,927
Thu Aug 24 03:55:14 AEST 2017 org.apache.commons.lang3.StringUtils,928
Thu Aug 24 04:01:04 AEST 2017 org.apache.commons.lang3.StringUtils,956
Thu Aug 24 04:01:27 AEST 2017 org.apache.commons.lang3.StringUtils,991
Thu Aug 24 04:01:27 AEST 2017 org.apache.commons.lang3.StringUtils,992
Thu Aug 24 04:01:27 AEST 2017 org.apache.commons.lang3.StringUtils,994
Thu Aug 24 04:01:42 AEST 2017 org.apache.commons.lang3.StringUtils,995
Thu Aug 24 04:01:42 AEST 2017 org.apache.commons.lang3.StringUtils,997
Thu Aug 24 04:19:10 AEST 2017 org.apache.commons.lang3.StringUtils,998
Thu Aug 24 04:19:10 AEST 2017 org.apache.commons.lang3.StringUtils,999
Thu Aug 24 04:19:10 AEST 2017 org.apache.commons.lang3.StringUtils,1001
Thu Aug 24 04:21:39 AEST 2017 org.apache.commons.lang3.StringUtils,1002
Thu Aug 24 04:21:39 AEST 2017 org.apache.commons.lang3.StringUtils,1004
Thu Aug 24 04:31:53 AEST 2017 org.apache.commons.lang3.StringUtils,1005
Thu Aug 24 04:31:53 AEST 2017 org.apache.commons.lang3.StringUtils,1006
Thu Aug 24 04:31:53 AEST 2017 org.apache.commons.lang3.StringUtils,1009
Thu Aug 24 04:39:47 AEST 2017 org.apache.commons.lang3.StringUtils,1034
Thu Aug 24 04:39:47 AEST 2017 org.apache.commons.lang3.StringUtils,1035
Thu Aug 24 04:39:47 AEST 2017 org.apache.commons.lang3.StringUtils,1037
Thu Aug 24 04:41:29 AEST 2017 org.apache.commons.lang3.StringUtils,1068
Thu Aug 24 04:41:29 AEST 2017 org.apache.commons.lang3.StringUtils,1069
Thu Aug 24 04:41:29 AEST 2017 org.apache.commons.lang3.StringUtils,1071
Thu Aug 24 04:43:17 AEST 2017 org.apache.commons.lang3.StringUtils,1097
Thu Aug 24 04:43:17 AEST 2017 org.apache.commons.lang3.StringUtils,1098
Thu Aug 24 04:43:17 AEST 2017 org.apache.commons.lang3.StringUtils,1100
Thu Aug 24 04:48:27 AEST 2017 org.apache.commons.lang3.StringUtils,1137
Thu Aug 24 04:48:50 AEST 2017 org.apache.commons.lang3.StringUtils,1169
Thu Aug 24 04:48:50 AEST 2017 org.apache.commons.lang3.StringUtils,1170
Thu Aug 24 04:48:50 AEST 2017 org.apache.commons.lang3.StringUtils,1172
Thu Aug 24 04:54:25 AEST 2017 org.apache.commons.lang3.StringUtils,1198
Thu Aug 24 04:54:25 AEST 2017 org.apache.commons.lang3.StringUtils,1199
Thu Aug 24 04:54:25 AEST 2017 org.apache.commons.lang3.StringUtils,1201
Thu Aug 24 05:00:50 AEST 2017 org.apache.commons.lang3.StringUtils,1233
Thu Aug 24 05:00:50 AEST 2017 org.apache.commons.lang3.StringUtils,1234
Thu Aug 24 05:00:50 AEST 2017 org.apache.commons.lang3.StringUtils,1236
Thu Aug 24 05:06:43 AEST 2017 org.apache.commons.lang3.StringUtils,1237
Thu Aug 24 05:06:43 AEST 2017 org.apache.commons.lang3.StringUtils,1239
Thu Aug 24 05:06:57 AEST 2017 org.apache.commons.lang3.StringUtils,1240
Thu Aug 24 05:06:57 AEST 2017 org.apache.commons.lang3.StringUtils,1242
Thu Aug 24 05:06:58 AEST 2017 org.apache.commons.lang3.StringUtils,1243
Thu Aug 24 05:06:58 AEST 2017 org.apache.commons.lang3.StringUtils,1246
Thu Aug 24 05:13:41 AEST 2017 org.apache.commons.lang3.StringUtils,1247
Thu Aug 24 05:13:41 AEST 2017 org.apache.commons.lang3.StringUtils,1248
Thu Aug 24 05:13:41 AEST 2017 org.apache.commons.lang3.StringUtils,1251
Thu Aug 24 05:20:30 AEST 2017 org.apache.commons.lang3.StringUtils,1276
Thu Aug 24 05:21:03 AEST 2017 org.apache.commons.lang3.StringUtils,1277
Thu Aug 24 05:21:03 AEST 2017 org.apache.commons.lang3.StringUtils,1279
Thu Aug 24 05:23:14 AEST 2017 org.apache.commons.lang3.StringUtils,1304
Thu Aug 24 05:26:34 AEST 2017 org.apache.commons.lang3.StringUtils,1305
Thu Aug 24 05:26:35 AEST 2017 org.apache.commons.lang3.StringUtils,1307
Thu Aug 24 05:32:35 AEST 2017 org.apache.commons.lang3.StringUtils,1334
Thu Aug 24 05:32:35 AEST 2017 org.apache.commons.lang3.StringUtils,1335
Thu Aug 24 05:32:35 AEST 2017 org.apache.commons.lang3.StringUtils,1337
Timeout time : 17/08/24 05:34
