=================================================
Project : lang_34	start : 17/08/24 04:17
Current failed test : org.apache.commons.lang3.builder.ToStringBuilderTest::testSelfInstanceVarReflectionObjectCycle | 17/08/24 04:20
Thu Aug 24 04:20:53 AEST 2017 org.apache.commons.lang3.builder.ToStringStyle,471
Thu Aug 24 04:27:03 AEST 2017 org.apache.commons.lang3.builder.ToStringStyle,472
Thu Aug 24 04:27:03 AEST 2017 org.apache.commons.lang3.builder.ToStringStyle,580
Thu Aug 24 04:27:58 AEST 2017 Thu Aug 24 04:27:58 AEST 2017 : org.apache.commons.lang3.builder.ToStringStyle,581=>Find no block
Thu Aug 24 04:27:58 AEST 2017 org.apache.commons.lang3.ObjectUtils,215
Thu Aug 24 04:28:25 AEST 2017 org.apache.commons.lang3.ObjectUtils,218
Thu Aug 24 04:30:23 AEST 2017 Thu Aug 24 04:30:23 AEST 2017 : org.apache.commons.lang3.ObjectUtils,221=>Find no block
Thu Aug 24 04:30:23 AEST 2017 org.apache.commons.lang3.builder.ToStringBuilder,155
Thu Aug 24 04:30:53 AEST 2017 org.apache.commons.lang3.builder.ReflectionToStringBuilder,123
Thu Aug 24 04:30:54 AEST 2017 org.apache.commons.lang3.builder.ReflectionToStringBuilder,492
Thu Aug 24 04:31:51 AEST 2017 org.apache.commons.lang3.builder.ReflectionToStringBuilder,496
Thu Aug 24 04:32:57 AEST 2017 org.apache.commons.lang3.builder.ReflectionToStringBuilder,500
Thu Aug 24 04:34:04 AEST 2017 org.apache.commons.lang3.builder.ReflectionToStringBuilder,504
Thu Aug 24 04:34:47 AEST 2017 org.apache.commons.lang3.builder.ReflectionToStringBuilder,509
Thu Aug 24 04:37:05 AEST 2017 org.apache.commons.lang3.builder.ReflectionToStringBuilder,533
Thu Aug 24 04:37:58 AEST 2017 org.apache.commons.lang3.builder.ReflectionToStringBuilder,534
Thu Aug 24 04:37:58 AEST 2017 org.apache.commons.lang3.builder.ReflectionToStringBuilder,538
Thu Aug 24 04:37:58 AEST 2017 org.apache.commons.lang3.builder.ReflectionToStringBuilder,539
Thu Aug 24 04:37:58 AEST 2017 Thu Aug 24 04:37:58 AEST 2017 : org.apache.commons.lang3.builder.ReflectionToStringBuilder,546=>Find no block
Thu Aug 24 04:37:58 AEST 2017 org.apache.commons.lang3.builder.ReflectionToStringBuilder,586
Thu Aug 24 04:38:08 AEST 2017 org.apache.commons.lang3.builder.ReflectionToStringBuilder,473
Thu Aug 24 04:39:42 AEST 2017 org.apache.commons.lang3.builder.ReflectionToStringBuilder,474
Thu Aug 24 04:39:42 AEST 2017 org.apache.commons.lang3.builder.ReflectionToStringBuilder,475
Thu Aug 24 04:39:43 AEST 2017 org.apache.commons.lang3.builder.ReflectionToStringBuilder,476
Thu Aug 24 04:39:43 AEST 2017 Thu Aug 24 04:39:43 AEST 2017 : org.apache.commons.lang3.builder.ReflectionToStringBuilder,477=>Find no block
Thu Aug 24 04:39:43 AEST 2017 org.apache.commons.lang3.builder.ReflectionToStringBuilder,290
Thu Aug 24 04:39:43 AEST 2017 org.apache.commons.lang3.builder.ReflectionToStringBuilder,636
Thu Aug 24 04:39:44 AEST 2017 Thu Aug 24 04:39:44 AEST 2017 : org.apache.commons.lang3.builder.ReflectionToStringBuilder,637=>Find no block
Thu Aug 24 04:39:44 AEST 2017 org.apache.commons.lang3.builder.ReflectionToStringBuilder,648
Thu Aug 24 04:39:45 AEST 2017 Thu Aug 24 04:39:45 AEST 2017 : org.apache.commons.lang3.builder.ReflectionToStringBuilder,649=>Find no block
Thu Aug 24 04:39:45 AEST 2017 org.apache.commons.lang3.builder.ReflectionToStringBuilder,683
Thu Aug 24 04:40:25 AEST 2017 Thu Aug 24 04:40:25 AEST 2017 : org.apache.commons.lang3.builder.ReflectionToStringBuilder,684=>Find no block
Thu Aug 24 04:40:26 AEST 2017 org.apache.commons.lang3.builder.ReflectionToStringBuilder,677
Thu Aug 24 04:40:26 AEST 2017 org.apache.commons.lang3.builder.ReflectionToStringBuilder,701
Thu Aug 24 04:41:42 AEST 2017 org.apache.commons.lang3.builder.ReflectionToStringBuilder,702
Thu Aug 24 04:41:42 AEST 2017 org.apache.commons.lang3.builder.ReflectionToStringBuilder,526
Thu Aug 24 04:41:43 AEST 2017 org.apache.commons.lang3.builder.ReflectionToStringBuilder,530
Thu Aug 24 04:42:14 AEST 2017 org.apache.commons.lang3.builder.ReflectionToStringBuilder,531
Thu Aug 24 04:43:49 AEST 2017 org.apache.commons.lang3.builder.ReflectionToStringBuilder,532
Thu Aug 24 04:43:49 AEST 2017 Thu Aug 24 04:43:49 AEST 2017 : org.apache.commons.lang3.builder.ReflectionToStringBuilder,549=>Find no block
Thu Aug 24 04:43:49 AEST 2017 org.apache.commons.lang3.builder.ReflectionToStringBuilder,566
Thu Aug 24 04:43:50 AEST 2017 org.apache.commons.lang3.builder.ReflectionToStringBuilder,698
Thu Aug 24 04:44:34 AEST 2017 org.apache.commons.lang3.builder.ReflectionToStringBuilder,699
Thu Aug 24 04:44:34 AEST 2017 org.apache.commons.lang3.builder.ReflectionToStringBuilder,700
Thu Aug 24 04:44:34 AEST 2017 org.apache.commons.lang3.builder.ReflectionToStringBuilder,704
Thu Aug 24 04:44:34 AEST 2017 org.apache.commons.lang3.builder.ReflectionToStringBuilder,695
Thu Aug 24 04:44:34 AEST 2017 org.apache.commons.lang3.builder.ToStringBuilder,850
Thu Aug 24 04:45:00 AEST 2017 org.apache.commons.lang3.builder.ToStringBuilder,851
Thu Aug 24 04:45:01 AEST 2017 Thu Aug 24 04:45:01 AEST 2017 : org.apache.commons.lang3.builder.ReflectionToStringBuilder,372=>Find no block
Thu Aug 24 04:45:01 AEST 2017 Thu Aug 24 04:45:01 AEST 2017 : org.apache.commons.lang3.builder.ReflectionToStringBuilder,377=>Find no block
Thu Aug 24 04:45:01 AEST 2017 Thu Aug 24 04:45:01 AEST 2017 : org.apache.commons.lang3.builder.ReflectionToStringBuilder,387=>Find no block
Thu Aug 24 04:45:01 AEST 2017 org.apache.commons.lang3.builder.ToStringStyle,1521
Thu Aug 24 04:47:52 AEST 2017 org.apache.commons.lang3.builder.ToStringStyle,1522
Thu Aug 24 04:47:53 AEST 2017 org.apache.commons.lang3.builder.ToStringStyle,437
Thu Aug 24 04:50:19 AEST 2017 org.apache.commons.lang3.builder.ToStringStyle,439
Timeout time : 17/08/24 05:02
Current failed test : org.apache.commons.lang3.builder.ToStringBuilderTest::testSimpleReflectionObjectCycle | 17/08/24 05:02
Thu Aug 24 05:03:19 AEST 2017 org.apache.commons.lang3.builder.ToStringStyle,471
Thu Aug 24 05:09:24 AEST 2017 org.apache.commons.lang3.builder.ToStringStyle,472
Thu Aug 24 05:09:24 AEST 2017 org.apache.commons.lang3.builder.ToStringStyle,580
Thu Aug 24 05:10:16 AEST 2017 Thu Aug 24 05:10:16 AEST 2017 : org.apache.commons.lang3.builder.ToStringStyle,581=>Find no block
Thu Aug 24 05:10:16 AEST 2017 org.apache.commons.lang3.ObjectUtils,215
Thu Aug 24 05:10:42 AEST 2017 org.apache.commons.lang3.ObjectUtils,218
Thu Aug 24 05:12:35 AEST 2017 Thu Aug 24 05:12:35 AEST 2017 : org.apache.commons.lang3.ObjectUtils,221=>Find no block
Thu Aug 24 05:12:35 AEST 2017 org.apache.commons.lang3.builder.ToStringBuilder,155
Thu Aug 24 05:13:04 AEST 2017 org.apache.commons.lang3.builder.ReflectionToStringBuilder,123
Thu Aug 24 05:13:05 AEST 2017 org.apache.commons.lang3.builder.ReflectionToStringBuilder,492
Thu Aug 24 05:14:03 AEST 2017 org.apache.commons.lang3.builder.ReflectionToStringBuilder,496
Thu Aug 24 05:15:08 AEST 2017 org.apache.commons.lang3.builder.ReflectionToStringBuilder,500
Thu Aug 24 05:16:14 AEST 2017 org.apache.commons.lang3.builder.ReflectionToStringBuilder,504
Thu Aug 24 05:16:57 AEST 2017 org.apache.commons.lang3.builder.ReflectionToStringBuilder,509
Thu Aug 24 05:19:10 AEST 2017 org.apache.commons.lang3.builder.ReflectionToStringBuilder,533
Thu Aug 24 05:20:00 AEST 2017 org.apache.commons.lang3.builder.ReflectionToStringBuilder,534
Thu Aug 24 05:20:00 AEST 2017 org.apache.commons.lang3.builder.ReflectionToStringBuilder,538
Thu Aug 24 05:20:01 AEST 2017 org.apache.commons.lang3.builder.ReflectionToStringBuilder,539
Thu Aug 24 05:20:01 AEST 2017 Thu Aug 24 05:20:01 AEST 2017 : org.apache.commons.lang3.builder.ReflectionToStringBuilder,546=>Find no block
Thu Aug 24 05:20:01 AEST 2017 org.apache.commons.lang3.builder.ReflectionToStringBuilder,586
Thu Aug 24 05:20:09 AEST 2017 org.apache.commons.lang3.builder.ReflectionToStringBuilder,473
Thu Aug 24 05:21:39 AEST 2017 org.apache.commons.lang3.builder.ReflectionToStringBuilder,474
Thu Aug 24 05:21:40 AEST 2017 org.apache.commons.lang3.builder.ReflectionToStringBuilder,475
Thu Aug 24 05:21:40 AEST 2017 org.apache.commons.lang3.builder.ReflectionToStringBuilder,476
Thu Aug 24 05:21:40 AEST 2017 Thu Aug 24 05:21:40 AEST 2017 : org.apache.commons.lang3.builder.ReflectionToStringBuilder,477=>Find no block
Thu Aug 24 05:21:40 AEST 2017 org.apache.commons.lang3.builder.ReflectionToStringBuilder,290
Thu Aug 24 05:21:41 AEST 2017 org.apache.commons.lang3.builder.ReflectionToStringBuilder,636
Thu Aug 24 05:21:42 AEST 2017 Thu Aug 24 05:21:42 AEST 2017 : org.apache.commons.lang3.builder.ReflectionToStringBuilder,637=>Find no block
Thu Aug 24 05:21:42 AEST 2017 org.apache.commons.lang3.builder.ReflectionToStringBuilder,648
Thu Aug 24 05:21:43 AEST 2017 Thu Aug 24 05:21:43 AEST 2017 : org.apache.commons.lang3.builder.ReflectionToStringBuilder,649=>Find no block
Thu Aug 24 05:21:43 AEST 2017 org.apache.commons.lang3.builder.ReflectionToStringBuilder,683
Thu Aug 24 05:22:23 AEST 2017 Thu Aug 24 05:22:23 AEST 2017 : org.apache.commons.lang3.builder.ReflectionToStringBuilder,684=>Find no block
Thu Aug 24 05:22:24 AEST 2017 org.apache.commons.lang3.builder.ReflectionToStringBuilder,677
Thu Aug 24 05:22:24 AEST 2017 org.apache.commons.lang3.builder.ReflectionToStringBuilder,701
Thu Aug 24 05:23:40 AEST 2017 org.apache.commons.lang3.builder.ReflectionToStringBuilder,702
Thu Aug 24 05:23:40 AEST 2017 org.apache.commons.lang3.builder.ReflectionToStringBuilder,526
Thu Aug 24 05:23:41 AEST 2017 org.apache.commons.lang3.builder.ReflectionToStringBuilder,530
Thu Aug 24 05:24:12 AEST 2017 org.apache.commons.lang3.builder.ReflectionToStringBuilder,531
Thu Aug 24 05:25:46 AEST 2017 org.apache.commons.lang3.builder.ReflectionToStringBuilder,532
Thu Aug 24 05:25:46 AEST 2017 Thu Aug 24 05:25:46 AEST 2017 : org.apache.commons.lang3.builder.ReflectionToStringBuilder,549=>Find no block
Thu Aug 24 05:25:46 AEST 2017 org.apache.commons.lang3.builder.ReflectionToStringBuilder,566
Thu Aug 24 05:25:47 AEST 2017 org.apache.commons.lang3.builder.ReflectionToStringBuilder,698
Thu Aug 24 05:26:28 AEST 2017 org.apache.commons.lang3.builder.ReflectionToStringBuilder,699
Thu Aug 24 05:26:29 AEST 2017 org.apache.commons.lang3.builder.ReflectionToStringBuilder,700
Thu Aug 24 05:26:29 AEST 2017 org.apache.commons.lang3.builder.ReflectionToStringBuilder,704
Thu Aug 24 05:26:29 AEST 2017 org.apache.commons.lang3.builder.ReflectionToStringBuilder,695
Thu Aug 24 05:26:29 AEST 2017 org.apache.commons.lang3.builder.ToStringBuilder,850
Thu Aug 24 05:26:54 AEST 2017 org.apache.commons.lang3.builder.ToStringBuilder,851
Thu Aug 24 05:26:54 AEST 2017 Thu Aug 24 05:26:54 AEST 2017 : org.apache.commons.lang3.builder.ReflectionToStringBuilder,372=>Find no block
Thu Aug 24 05:26:54 AEST 2017 Thu Aug 24 05:26:54 AEST 2017 : org.apache.commons.lang3.builder.ReflectionToStringBuilder,377=>Find no block
Thu Aug 24 05:26:55 AEST 2017 Thu Aug 24 05:26:55 AEST 2017 : org.apache.commons.lang3.builder.ReflectionToStringBuilder,387=>Find no block
Thu Aug 24 05:26:55 AEST 2017 org.apache.commons.lang3.builder.ToStringStyle,1521
Thu Aug 24 05:29:44 AEST 2017 org.apache.commons.lang3.builder.ToStringStyle,1522
Thu Aug 24 05:29:44 AEST 2017 org.apache.commons.lang3.builder.ToStringStyle,437
Thu Aug 24 05:32:11 AEST 2017 org.apache.commons.lang3.builder.ToStringStyle,439
Timeout time : 17/08/24 05:45
Current failed test : org.apache.commons.lang3.builder.ToStringBuilderTest::testReflectionArrayCycle | 17/08/24 05:45
Thu Aug 24 05:45:50 AEST 2017 org.apache.commons.lang3.builder.ToStringStyle,471
Thu Aug 24 05:51:52 AEST 2017 org.apache.commons.lang3.builder.ToStringStyle,472
Thu Aug 24 05:51:52 AEST 2017 org.apache.commons.lang3.builder.ToStringStyle,580
Thu Aug 24 05:52:45 AEST 2017 Thu Aug 24 05:52:45 AEST 2017 : org.apache.commons.lang3.builder.ToStringStyle,581=>Find no block
Thu Aug 24 05:52:45 AEST 2017 org.apache.commons.lang3.ObjectUtils,215
Thu Aug 24 05:53:10 AEST 2017 org.apache.commons.lang3.ObjectUtils,218
Thu Aug 24 05:55:03 AEST 2017 Thu Aug 24 05:55:03 AEST 2017 : org.apache.commons.lang3.ObjectUtils,221=>Find no block
Thu Aug 24 05:55:03 AEST 2017 org.apache.commons.lang3.builder.ToStringStyle,923
Timeout time : 17/08/24 06:27
Current failed test : org.apache.commons.lang3.builder.ToStringBuilderTest::testSelfInstanceTwoVarsReflectionObjectCycle | 17/08/24 06:27
Thu Aug 24 06:28:17 AEST 2017 org.apache.commons.lang3.ObjectUtils,341
Thu Aug 24 06:28:18 AEST 2017 Thu Aug 24 06:28:18 AEST 2017 : org.apache.commons.lang3.ObjectUtils,342=>Find no block
Thu Aug 24 06:28:18 AEST 2017 org.apache.commons.lang3.builder.ToStringStyle,471
Thu Aug 24 06:33:41 AEST 2017 org.apache.commons.lang3.builder.ToStringStyle,472
Thu Aug 24 06:33:41 AEST 2017 org.apache.commons.lang3.builder.ToStringStyle,580
Thu Aug 24 06:34:28 AEST 2017 Thu Aug 24 06:34:28 AEST 2017 : org.apache.commons.lang3.builder.ToStringStyle,581=>Find no block
Thu Aug 24 06:34:28 AEST 2017 org.apache.commons.lang3.ObjectUtils,215
Thu Aug 24 06:34:52 AEST 2017 org.apache.commons.lang3.ObjectUtils,218
Thu Aug 24 06:36:33 AEST 2017 Thu Aug 24 06:36:33 AEST 2017 : org.apache.commons.lang3.ObjectUtils,221=>Find no block
Thu Aug 24 06:36:33 AEST 2017 org.apache.commons.lang3.builder.ToStringBuilder,155
Thu Aug 24 06:36:58 AEST 2017 org.apache.commons.lang3.builder.ReflectionToStringBuilder,123
Thu Aug 24 06:36:59 AEST 2017 org.apache.commons.lang3.builder.ReflectionToStringBuilder,492
Thu Aug 24 06:37:50 AEST 2017 org.apache.commons.lang3.builder.ReflectionToStringBuilder,496
Thu Aug 24 06:38:49 AEST 2017 org.apache.commons.lang3.builder.ReflectionToStringBuilder,500
Thu Aug 24 06:39:47 AEST 2017 org.apache.commons.lang3.builder.ReflectionToStringBuilder,504
Thu Aug 24 06:40:25 AEST 2017 org.apache.commons.lang3.builder.ReflectionToStringBuilder,509
Thu Aug 24 06:42:24 AEST 2017 org.apache.commons.lang3.builder.ReflectionToStringBuilder,533
Thu Aug 24 06:43:11 AEST 2017 org.apache.commons.lang3.builder.ReflectionToStringBuilder,534
Thu Aug 24 06:43:11 AEST 2017 org.apache.commons.lang3.builder.ReflectionToStringBuilder,538
Thu Aug 24 06:43:11 AEST 2017 org.apache.commons.lang3.builder.ReflectionToStringBuilder,539
Thu Aug 24 06:43:12 AEST 2017 Thu Aug 24 06:43:12 AEST 2017 : org.apache.commons.lang3.builder.ReflectionToStringBuilder,546=>Find no block
Thu Aug 24 06:43:12 AEST 2017 org.apache.commons.lang3.builder.ReflectionToStringBuilder,586
Thu Aug 24 06:43:19 AEST 2017 org.apache.commons.lang3.builder.ReflectionToStringBuilder,473
Thu Aug 24 06:44:42 AEST 2017 org.apache.commons.lang3.builder.ReflectionToStringBuilder,474
Thu Aug 24 06:44:42 AEST 2017 org.apache.commons.lang3.builder.ReflectionToStringBuilder,475
Thu Aug 24 06:44:42 AEST 2017 org.apache.commons.lang3.builder.ReflectionToStringBuilder,476
Thu Aug 24 06:44:42 AEST 2017 Thu Aug 24 06:44:42 AEST 2017 : org.apache.commons.lang3.builder.ReflectionToStringBuilder,477=>Find no block
Thu Aug 24 06:44:42 AEST 2017 org.apache.commons.lang3.builder.ReflectionToStringBuilder,290
Thu Aug 24 06:44:43 AEST 2017 org.apache.commons.lang3.builder.ReflectionToStringBuilder,636
Thu Aug 24 06:44:43 AEST 2017 Thu Aug 24 06:44:43 AEST 2017 : org.apache.commons.lang3.builder.ReflectionToStringBuilder,637=>Find no block
Thu Aug 24 06:44:44 AEST 2017 org.apache.commons.lang3.builder.ReflectionToStringBuilder,648
Thu Aug 24 06:44:44 AEST 2017 Thu Aug 24 06:44:44 AEST 2017 : org.apache.commons.lang3.builder.ReflectionToStringBuilder,649=>Find no block
Thu Aug 24 06:44:44 AEST 2017 org.apache.commons.lang3.builder.ReflectionToStringBuilder,683
Thu Aug 24 06:45:21 AEST 2017 Thu Aug 24 06:45:21 AEST 2017 : org.apache.commons.lang3.builder.ReflectionToStringBuilder,684=>Find no block
Thu Aug 24 06:45:21 AEST 2017 org.apache.commons.lang3.builder.ReflectionToStringBuilder,677
Thu Aug 24 06:45:21 AEST 2017 org.apache.commons.lang3.builder.ReflectionToStringBuilder,701
Thu Aug 24 06:46:28 AEST 2017 org.apache.commons.lang3.builder.ReflectionToStringBuilder,702
Thu Aug 24 06:46:28 AEST 2017 org.apache.commons.lang3.builder.ReflectionToStringBuilder,526
Thu Aug 24 06:46:29 AEST 2017 org.apache.commons.lang3.builder.ReflectionToStringBuilder,530
Thu Aug 24 06:46:58 AEST 2017 org.apache.commons.lang3.builder.ReflectionToStringBuilder,531
Thu Aug 24 06:48:23 AEST 2017 org.apache.commons.lang3.builder.ReflectionToStringBuilder,532
Thu Aug 24 06:48:23 AEST 2017 Thu Aug 24 06:48:23 AEST 2017 : org.apache.commons.lang3.builder.ReflectionToStringBuilder,549=>Find no block
Thu Aug 24 06:48:23 AEST 2017 org.apache.commons.lang3.builder.ReflectionToStringBuilder,566
Thu Aug 24 06:48:23 AEST 2017 org.apache.commons.lang3.builder.ReflectionToStringBuilder,698
Thu Aug 24 06:49:00 AEST 2017 org.apache.commons.lang3.builder.ReflectionToStringBuilder,699
Thu Aug 24 06:49:01 AEST 2017 org.apache.commons.lang3.builder.ReflectionToStringBuilder,700
Thu Aug 24 06:49:01 AEST 2017 org.apache.commons.lang3.builder.ReflectionToStringBuilder,704
Thu Aug 24 06:49:01 AEST 2017 org.apache.commons.lang3.builder.ReflectionToStringBuilder,695
Thu Aug 24 06:49:01 AEST 2017 org.apache.commons.lang3.builder.ToStringBuilder,850
Thu Aug 24 06:49:23 AEST 2017 org.apache.commons.lang3.builder.ToStringBuilder,851
Thu Aug 24 06:49:24 AEST 2017 Thu Aug 24 06:49:24 AEST 2017 : org.apache.commons.lang3.builder.ReflectionToStringBuilder,372=>Find no block
Thu Aug 24 06:49:24 AEST 2017 Thu Aug 24 06:49:24 AEST 2017 : org.apache.commons.lang3.builder.ReflectionToStringBuilder,377=>Find no block
Thu Aug 24 06:49:24 AEST 2017 Thu Aug 24 06:49:24 AEST 2017 : org.apache.commons.lang3.builder.ReflectionToStringBuilder,387=>Find no block
Thu Aug 24 06:49:24 AEST 2017 org.apache.commons.lang3.builder.ToStringStyle,1521
Thu Aug 24 06:51:56 AEST 2017 org.apache.commons.lang3.builder.ToStringStyle,1522
Thu Aug 24 06:51:56 AEST 2017 org.apache.commons.lang3.builder.ToStringStyle,556
Thu Aug 24 06:57:40 AEST 2017 org.apache.commons.lang3.builder.ToStringStyle,557
Thu Aug 24 06:57:40 AEST 2017 org.apache.commons.lang3.builder.ToStringStyle,593
Thu Aug 24 06:59:57 AEST 2017 Thu Aug 24 06:59:57 AEST 2017 : org.apache.commons.lang3.builder.ToStringStyle,594=>Find no block
Thu Aug 24 06:59:57 AEST 2017 org.apache.commons.lang3.builder.ToStringStyle,548
Thu Aug 24 07:06:13 AEST 2017 org.apache.commons.lang3.builder.ToStringStyle,437
Thu Aug 24 07:08:23 AEST 2017 org.apache.commons.lang3.builder.ToStringStyle,439
Timeout time : 17/08/24 07:10
Current failed test : org.apache.commons.lang3.builder.ToStringBuilderTest::testObjectCycle | 17/08/24 07:10
Thu Aug 24 07:10:44 AEST 2017 org.apache.commons.lang3.ObjectUtils,341
Thu Aug 24 07:10:45 AEST 2017 Thu Aug 24 07:10:45 AEST 2017 : org.apache.commons.lang3.ObjectUtils,342=>Find no block
Thu Aug 24 07:10:45 AEST 2017 org.apache.commons.lang3.builder.ToStringStyle,471
Thu Aug 24 07:16:11 AEST 2017 org.apache.commons.lang3.builder.ToStringStyle,472
Thu Aug 24 07:16:11 AEST 2017 org.apache.commons.lang3.builder.ToStringStyle,580
Thu Aug 24 07:16:57 AEST 2017 Thu Aug 24 07:16:57 AEST 2017 : org.apache.commons.lang3.builder.ToStringStyle,581=>Find no block
Thu Aug 24 07:16:57 AEST 2017 org.apache.commons.lang3.ObjectUtils,215
Thu Aug 24 07:17:26 AEST 2017 org.apache.commons.lang3.ObjectUtils,218
Thu Aug 24 07:19:05 AEST 2017 Thu Aug 24 07:19:05 AEST 2017 : org.apache.commons.lang3.ObjectUtils,221=>Find no block
Thu Aug 24 07:19:05 AEST 2017 org.apache.commons.lang3.builder.ToStringBuilder,474
Thu Aug 24 07:19:28 AEST 2017 org.apache.commons.lang3.builder.ToStringBuilder,475
Thu Aug 24 07:19:28 AEST 2017 org.apache.commons.lang3.builder.ToStringStyle,556
Thu Aug 24 07:25:10 AEST 2017 org.apache.commons.lang3.builder.ToStringStyle,557
Thu Aug 24 07:25:10 AEST 2017 org.apache.commons.lang3.builder.ToStringStyle,593
Thu Aug 24 07:27:26 AEST 2017 Thu Aug 24 07:27:26 AEST 2017 : org.apache.commons.lang3.builder.ToStringStyle,594=>Find no block
Thu Aug 24 07:27:26 AEST 2017 org.apache.commons.lang3.builder.ToStringBuilder,228
Thu Aug 24 07:27:26 AEST 2017 Thu Aug 24 07:27:26 AEST 2017 : org.apache.commons.lang3.builder.ToStringBuilder,229=>Find no block
Thu Aug 24 07:27:26 AEST 2017 org.apache.commons.lang3.builder.ToStringStyle,548
Thu Aug 24 07:33:41 AEST 2017 org.apache.commons.lang3.builder.ToStringStyle,437
Thu Aug 24 07:35:52 AEST 2017 org.apache.commons.lang3.builder.ToStringStyle,439
Timeout time : 17/08/24 07:52
Current failed test : org.apache.commons.lang3.builder.ToStringBuilderTest::testReflectionArrayArrayCycle | 17/08/24 07:52
Thu Aug 24 07:53:10 AEST 2017 org.apache.commons.lang3.builder.ToStringStyle,471
Thu Aug 24 07:58:38 AEST 2017 org.apache.commons.lang3.builder.ToStringStyle,472
Thu Aug 24 07:58:38 AEST 2017 org.apache.commons.lang3.builder.ToStringStyle,580
Thu Aug 24 07:59:25 AEST 2017 Thu Aug 24 07:59:25 AEST 2017 : org.apache.commons.lang3.builder.ToStringStyle,581=>Find no block
Thu Aug 24 07:59:25 AEST 2017 org.apache.commons.lang3.ObjectUtils,215
Thu Aug 24 07:59:48 AEST 2017 org.apache.commons.lang3.ObjectUtils,218
Thu Aug 24 08:01:28 AEST 2017 Thu Aug 24 08:01:28 AEST 2017 : org.apache.commons.lang3.ObjectUtils,221=>Find no block
Thu Aug 24 08:01:28 AEST 2017 org.apache.commons.lang3.builder.ToStringStyle,928
Thu Aug 24 08:05:26 AEST 2017 org.apache.commons.lang3.builder.ToStringStyle,923
Timeout time : 17/08/24 08:35
Current failed test : org.apache.commons.lang3.builder.ToStringBuilderTest::testReflectionObjectCycle | 17/08/24 08:35
Thu Aug 24 08:35:38 AEST 2017 org.apache.commons.lang3.builder.ToStringStyle,471
Thu Aug 24 08:41:01 AEST 2017 org.apache.commons.lang3.builder.ToStringStyle,472
Thu Aug 24 08:41:02 AEST 2017 org.apache.commons.lang3.builder.ToStringStyle,580
Thu Aug 24 08:41:48 AEST 2017 Thu Aug 24 08:41:48 AEST 2017 : org.apache.commons.lang3.builder.ToStringStyle,581=>Find no block
Thu Aug 24 08:41:48 AEST 2017 org.apache.commons.lang3.ObjectUtils,215
Thu Aug 24 08:42:11 AEST 2017 org.apache.commons.lang3.ObjectUtils,218
Thu Aug 24 08:43:52 AEST 2017 Thu Aug 24 08:43:52 AEST 2017 : org.apache.commons.lang3.ObjectUtils,221=>Find no block
Thu Aug 24 08:43:52 AEST 2017 org.apache.commons.lang3.builder.ToStringBuilder,155
Thu Aug 24 08:44:17 AEST 2017 org.apache.commons.lang3.builder.ReflectionToStringBuilder,123
Thu Aug 24 08:44:18 AEST 2017 org.apache.commons.lang3.builder.ReflectionToStringBuilder,492
Thu Aug 24 08:45:09 AEST 2017 org.apache.commons.lang3.builder.ReflectionToStringBuilder,496
Thu Aug 24 08:46:07 AEST 2017 org.apache.commons.lang3.builder.ReflectionToStringBuilder,500
Thu Aug 24 08:47:05 AEST 2017 org.apache.commons.lang3.builder.ReflectionToStringBuilder,504
Thu Aug 24 08:47:43 AEST 2017 org.apache.commons.lang3.builder.ReflectionToStringBuilder,509
Thu Aug 24 08:49:42 AEST 2017 org.apache.commons.lang3.builder.ReflectionToStringBuilder,533
Thu Aug 24 08:50:28 AEST 2017 org.apache.commons.lang3.builder.ReflectionToStringBuilder,534
Thu Aug 24 08:50:28 AEST 2017 org.apache.commons.lang3.builder.ReflectionToStringBuilder,538
Thu Aug 24 08:50:28 AEST 2017 org.apache.commons.lang3.builder.ReflectionToStringBuilder,539
Thu Aug 24 08:50:28 AEST 2017 Thu Aug 24 08:50:28 AEST 2017 : org.apache.commons.lang3.builder.ReflectionToStringBuilder,546=>Find no block
Thu Aug 24 08:50:28 AEST 2017 org.apache.commons.lang3.builder.ReflectionToStringBuilder,586
Thu Aug 24 08:50:35 AEST 2017 org.apache.commons.lang3.builder.ReflectionToStringBuilder,473
Thu Aug 24 08:51:57 AEST 2017 org.apache.commons.lang3.builder.ReflectionToStringBuilder,474
Thu Aug 24 08:51:57 AEST 2017 org.apache.commons.lang3.builder.ReflectionToStringBuilder,475
Thu Aug 24 08:51:57 AEST 2017 org.apache.commons.lang3.builder.ReflectionToStringBuilder,476
Thu Aug 24 08:51:57 AEST 2017 Thu Aug 24 08:51:57 AEST 2017 : org.apache.commons.lang3.builder.ReflectionToStringBuilder,477=>Find no block
Thu Aug 24 08:51:57 AEST 2017 org.apache.commons.lang3.builder.ReflectionToStringBuilder,290
Thu Aug 24 08:51:58 AEST 2017 org.apache.commons.lang3.builder.ReflectionToStringBuilder,636
Thu Aug 24 08:51:58 AEST 2017 Thu Aug 24 08:51:58 AEST 2017 : org.apache.commons.lang3.builder.ReflectionToStringBuilder,637=>Find no block
Thu Aug 24 08:51:59 AEST 2017 org.apache.commons.lang3.builder.ReflectionToStringBuilder,648
Thu Aug 24 08:51:59 AEST 2017 Thu Aug 24 08:51:59 AEST 2017 : org.apache.commons.lang3.builder.ReflectionToStringBuilder,649=>Find no block
Thu Aug 24 08:51:59 AEST 2017 org.apache.commons.lang3.builder.ReflectionToStringBuilder,683
Thu Aug 24 08:52:35 AEST 2017 Thu Aug 24 08:52:35 AEST 2017 : org.apache.commons.lang3.builder.ReflectionToStringBuilder,684=>Find no block
Thu Aug 24 08:52:35 AEST 2017 org.apache.commons.lang3.builder.ReflectionToStringBuilder,677
Thu Aug 24 08:52:36 AEST 2017 org.apache.commons.lang3.builder.ReflectionToStringBuilder,701
Thu Aug 24 08:53:42 AEST 2017 org.apache.commons.lang3.builder.ReflectionToStringBuilder,702
Thu Aug 24 08:53:42 AEST 2017 org.apache.commons.lang3.builder.ReflectionToStringBuilder,526
Thu Aug 24 08:53:43 AEST 2017 org.apache.commons.lang3.builder.ReflectionToStringBuilder,530
Thu Aug 24 08:54:14 AEST 2017 org.apache.commons.lang3.builder.ReflectionToStringBuilder,531
Thu Aug 24 08:55:40 AEST 2017 org.apache.commons.lang3.builder.ReflectionToStringBuilder,532
Thu Aug 24 08:55:40 AEST 2017 Thu Aug 24 08:55:40 AEST 2017 : org.apache.commons.lang3.builder.ReflectionToStringBuilder,549=>Find no block
Thu Aug 24 08:55:40 AEST 2017 org.apache.commons.lang3.builder.ReflectionToStringBuilder,566
Thu Aug 24 08:55:41 AEST 2017 org.apache.commons.lang3.builder.ReflectionToStringBuilder,698
Thu Aug 24 08:56:19 AEST 2017 org.apache.commons.lang3.builder.ReflectionToStringBuilder,699
Thu Aug 24 08:56:19 AEST 2017 org.apache.commons.lang3.builder.ReflectionToStringBuilder,700
Thu Aug 24 08:56:20 AEST 2017 org.apache.commons.lang3.builder.ReflectionToStringBuilder,704
Thu Aug 24 08:56:20 AEST 2017 org.apache.commons.lang3.builder.ReflectionToStringBuilder,695
Thu Aug 24 08:56:20 AEST 2017 org.apache.commons.lang3.builder.ToStringBuilder,850
Thu Aug 24 08:56:42 AEST 2017 org.apache.commons.lang3.builder.ToStringBuilder,851
Thu Aug 24 08:56:42 AEST 2017 Thu Aug 24 08:56:42 AEST 2017 : org.apache.commons.lang3.builder.ReflectionToStringBuilder,372=>Find no block
Thu Aug 24 08:56:42 AEST 2017 Thu Aug 24 08:56:42 AEST 2017 : org.apache.commons.lang3.builder.ReflectionToStringBuilder,377=>Find no block
Thu Aug 24 08:56:43 AEST 2017 Thu Aug 24 08:56:43 AEST 2017 : org.apache.commons.lang3.builder.ReflectionToStringBuilder,387=>Find no block
Thu Aug 24 08:56:43 AEST 2017 org.apache.commons.lang3.builder.ToStringStyle,1521
Thu Aug 24 08:59:13 AEST 2017 org.apache.commons.lang3.builder.ToStringStyle,1522
Thu Aug 24 08:59:14 AEST 2017 org.apache.commons.lang3.builder.ToStringStyle,556
Thu Aug 24 09:04:57 AEST 2017 org.apache.commons.lang3.builder.ToStringStyle,557
Thu Aug 24 09:04:57 AEST 2017 org.apache.commons.lang3.builder.ToStringStyle,593
Thu Aug 24 09:07:08 AEST 2017 Thu Aug 24 09:07:08 AEST 2017 : org.apache.commons.lang3.builder.ToStringStyle,594=>Find no block
Thu Aug 24 09:07:09 AEST 2017 org.apache.commons.lang3.builder.ToStringStyle,548
Thu Aug 24 09:13:14 AEST 2017 org.apache.commons.lang3.builder.ToStringStyle,437
Thu Aug 24 09:15:19 AEST 2017 org.apache.commons.lang3.builder.ToStringStyle,439
Timeout time : 17/08/24 09:17
