=================================================
Project : lang_35	start : 17/08/23 14:37
Current failed test : org.apache.commons.lang3.ArrayUtilsAddTest::testLANG571_purify_1 | 17/08/23 14:37
Wed Aug 23 14:38:18 AEST 2017 org.apache.commons.lang3.ArrayUtils,3292

----------------------------------------
----------------------------------------
Pass Single Test : [=>0,0]
if(element!=null){
type=element.getClass();
}else {
throw new IllegalArgumentException("The Array must not be null");
}

Time : 17/08/23 14:39
----------------------------------------

----------------------------------------
----------------------------------------
Similar code block : 1.2497307877846842 : [/home/similarfix/d4j/projects/lang/lang_35_buggy/src/main/java/org/apache/commons/lang3/ArrayUtils.java=>0,0]
if(array1==null||array2==null){
throw new IllegalArgumentException("The Array must not be null");
}
return array1.getClass().getName().equals(array2.getClass().getName());

Time : 17/08/23 14:39
----------------------------------------

----------------------------------------
----------------------------------------
Original source code : [/home/similarfix/d4j/projects/lang/lang_35_buggy/src/main/java/org/apache/commons/lang3/ArrayUtils.java=>3292,3296]
if(element!=null){
type=element.getClass();
}else {
type=Object.class;
}

Time : 17/08/23 14:39
----------------------------------------

----------------------------------------
----------------------------------------
Find a patch : [/home/similarfix/d4j/projects/lang/lang_35_buggy/src/main/java/org/apache/commons/lang3/ArrayUtils.java=>3292,3296]
if(element!=null){
type=element.getClass();
}else {
throw new IllegalArgumentException("The Array must not be null");
}

Time : 17/08/23 14:39
----------------------------------------
Success time : 17/08/23 14:39
Current failed test : org.apache.commons.lang3.ArrayUtilsAddTest::testLANG571_purify_2 | 17/08/23 14:39
Wed Aug 23 14:40:05 AEST 2017 org.apache.commons.lang3.ArrayUtils,3568

----------------------------------------
----------------------------------------
Pass Single Test : [=>0,0]
if(element!=null){
clss=element.getClass();
}else {
throw new IllegalArgumentException("The Array must not be null");
}

Time : 17/08/23 14:40
----------------------------------------

----------------------------------------
----------------------------------------
Similar code block : 1.4778480351049952 : [/home/similarfix/d4j/projects/lang/lang_35_buggy/src/main/java/org/apache/commons/lang3/ArrayUtils.java=>0,0]
if(array1==null||array2==null){
throw new IllegalArgumentException("The Array must not be null");
}
return array1.getClass().getName().equals(array2.getClass().getName());

Time : 17/08/23 14:41
----------------------------------------

----------------------------------------
----------------------------------------
Original source code : [/home/similarfix/d4j/projects/lang/lang_35_buggy/src/main/java/org/apache/commons/lang3/ArrayUtils.java=>3571,3575]
if(element!=null){
clss=element.getClass();
}else {
return (T[])new Object[]{null};
}

Time : 17/08/23 14:41
----------------------------------------

----------------------------------------
----------------------------------------
Find a patch : [/home/similarfix/d4j/projects/lang/lang_35_buggy/src/main/java/org/apache/commons/lang3/ArrayUtils.java=>3571,3575]
if(element!=null){
clss=element.getClass();
}else {
throw new IllegalArgumentException("The Array must not be null");
}

Time : 17/08/23 14:41
----------------------------------------
Success time : 17/08/23 14:41
