=================================================
Project : lang_37	start : 17/08/24 08:48
Current failed test : org.apache.commons.lang3.ArrayUtilsAddTest::testJira567 | 17/08/24 08:49
Thu Aug 24 08:49:41 AEST 2017 org.apache.commons.lang3.ArrayUtils,2954
Thu Aug 24 08:51:01 AEST 2017 org.apache.commons.lang3.ArrayUtils,2956
Thu Aug 24 08:51:01 AEST 2017 org.apache.commons.lang3.ArrayUtils,2959
Thu Aug 24 09:04:20 AEST 2017 org.apache.commons.lang3.ArrayUtils,2960
Thu Aug 24 09:04:20 AEST 2017 org.apache.commons.lang3.ArrayUtils,2961
Thu Aug 24 09:04:20 AEST 2017 org.apache.commons.lang3.ArrayUtils,2962
Thu Aug 24 09:04:20 AEST 2017 org.apache.commons.lang3.ArrayUtils,2964
Thu Aug 24 09:04:20 AEST 2017 org.apache.commons.lang3.ArrayUtils,143
Thu Aug 24 09:04:21 AEST 2017 Thu Aug 24 09:04:21 AEST 2017 : org.apache.commons.lang3.ArrayUtils,144=>Find no block
Thu Aug 24 09:04:21 AEST 2017 org.apache.commons.lang3.ArrayUtils,160
Thu Aug 24 09:04:54 AEST 2017 org.apache.commons.lang3.ArrayUtils,176
Thu Aug 24 09:06:54 AEST 2017 org.apache.commons.lang3.ArrayUtils,177
Thu Aug 24 09:06:54 AEST 2017 org.apache.commons.lang3.ArrayUtils,179
Thu Aug 24 09:09:01 AEST 2017 org.apache.commons.lang3.ArrayUtils,193
Thu Aug 24 09:09:02 AEST 2017 org.apache.commons.lang3.ArrayUtils,224
Thu Aug 24 09:09:03 AEST 2017 org.apache.commons.lang3.ArrayUtils,225
Thu Aug 24 09:09:03 AEST 2017 org.apache.commons.lang3.ArrayUtils,227
Thu Aug 24 09:10:06 AEST 2017 org.apache.commons.lang3.ArrayUtils,228
Thu Aug 24 09:16:18 AEST 2017 org.apache.commons.lang3.ArrayUtils,229
Thu Aug 24 09:16:20 AEST 2017 org.apache.commons.lang3.ArrayUtils,230
Thu Aug 24 09:16:20 AEST 2017 org.apache.commons.lang3.ArrayUtils,231
Thu Aug 24 09:16:21 AEST 2017 org.apache.commons.lang3.ArrayUtils,232
Thu Aug 24 09:16:21 AEST 2017 org.apache.commons.lang3.ArrayUtils,233
Thu Aug 24 09:16:21 AEST 2017 org.apache.commons.lang3.ArrayUtils,234
Thu Aug 24 09:16:21 AEST 2017 org.apache.commons.lang3.ArrayUtils,235
Thu Aug 24 09:16:21 AEST 2017 org.apache.commons.lang3.ArrayUtils,236
Thu Aug 24 09:16:21 AEST 2017 org.apache.commons.lang3.ArrayUtils,240
Thu Aug 24 09:16:22 AEST 2017 Thu Aug 24 09:16:22 AEST 2017 : org.apache.commons.lang3.ArrayUtils,241=>Find no block
Thu Aug 24 09:16:22 AEST 2017 org.apache.commons.lang3.ArrayUtils,242
Thu Aug 24 09:16:22 AEST 2017 org.apache.commons.lang3.ArrayUtils,247
Thu Aug 24 09:20:43 AEST 2017 org.apache.commons.lang3.ArrayUtils,265
Thu Aug 24 09:20:44 AEST 2017 org.apache.commons.lang3.ArrayUtils,266
Thu Aug 24 09:20:44 AEST 2017 org.apache.commons.lang3.ArrayUtils,268
Thu Aug 24 09:21:30 AEST 2017 org.apache.commons.lang3.ArrayUtils,281
Thu Aug 24 09:21:30 AEST 2017 org.apache.commons.lang3.ArrayUtils,282
Thu Aug 24 09:21:30 AEST 2017 org.apache.commons.lang3.ArrayUtils,284
Thu Aug 24 09:21:30 AEST 2017 org.apache.commons.lang3.ArrayUtils,297
Thu Aug 24 09:21:30 AEST 2017 org.apache.commons.lang3.ArrayUtils,298
Thu Aug 24 09:21:30 AEST 2017 org.apache.commons.lang3.ArrayUtils,300
Thu Aug 24 09:21:31 AEST 2017 org.apache.commons.lang3.ArrayUtils,313
Thu Aug 24 09:21:31 AEST 2017 org.apache.commons.lang3.ArrayUtils,314
Thu Aug 24 09:21:31 AEST 2017 org.apache.commons.lang3.ArrayUtils,316
Thu Aug 24 09:21:32 AEST 2017 org.apache.commons.lang3.ArrayUtils,329
Thu Aug 24 09:21:32 AEST 2017 org.apache.commons.lang3.ArrayUtils,330
Thu Aug 24 09:21:32 AEST 2017 org.apache.commons.lang3.ArrayUtils,332
Thu Aug 24 09:21:32 AEST 2017 org.apache.commons.lang3.ArrayUtils,345
Thu Aug 24 09:21:32 AEST 2017 org.apache.commons.lang3.ArrayUtils,346
Thu Aug 24 09:21:32 AEST 2017 org.apache.commons.lang3.ArrayUtils,348
Thu Aug 24 09:21:33 AEST 2017 org.apache.commons.lang3.ArrayUtils,361
Thu Aug 24 09:21:33 AEST 2017 org.apache.commons.lang3.ArrayUtils,362
Thu Aug 24 09:21:33 AEST 2017 org.apache.commons.lang3.ArrayUtils,364
Thu Aug 24 09:21:33 AEST 2017 org.apache.commons.lang3.ArrayUtils,377
Thu Aug 24 09:21:33 AEST 2017 org.apache.commons.lang3.ArrayUtils,378
Thu Aug 24 09:21:33 AEST 2017 org.apache.commons.lang3.ArrayUtils,380
Thu Aug 24 09:21:34 AEST 2017 org.apache.commons.lang3.ArrayUtils,393
Thu Aug 24 09:21:34 AEST 2017 org.apache.commons.lang3.ArrayUtils,394
Thu Aug 24 09:21:34 AEST 2017 org.apache.commons.lang3.ArrayUtils,396
Thu Aug 24 09:21:34 AEST 2017 org.apache.commons.lang3.ArrayUtils,430
Thu Aug 24 09:21:34 AEST 2017 org.apache.commons.lang3.ArrayUtils,431
Thu Aug 24 09:21:34 AEST 2017 org.apache.commons.lang3.ArrayUtils,433
Thu Aug 24 09:22:14 AEST 2017 org.apache.commons.lang3.ArrayUtils,434
Thu Aug 24 09:22:14 AEST 2017 org.apache.commons.lang3.ArrayUtils,436
Thu Aug 24 09:25:50 AEST 2017 org.apache.commons.lang3.ArrayUtils,437
Thu Aug 24 09:25:50 AEST 2017 org.apache.commons.lang3.ArrayUtils,439
Thu Aug 24 09:33:11 AEST 2017 org.apache.commons.lang3.ArrayUtils,440
Thu Aug 24 09:35:07 AEST 2017 org.apache.commons.lang3.ArrayUtils,441
Thu Aug 24 09:36:55 AEST 2017 org.apache.commons.lang3.ArrayUtils,442
Thu Aug 24 09:36:55 AEST 2017 org.apache.commons.lang3.ArrayUtils,444
Thu Aug 24 09:45:22 AEST 2017 org.apache.commons.lang3.ArrayUtils,445
Thu Aug 24 09:52:00 AEST 2017 org.apache.commons.lang3.ArrayUtils,446
Thu Aug 24 09:52:01 AEST 2017 org.apache.commons.lang3.ArrayUtils,469
Thu Aug 24 09:52:01 AEST 2017 org.apache.commons.lang3.ArrayUtils,470
Thu Aug 24 09:52:01 AEST 2017 org.apache.commons.lang3.ArrayUtils,472
Thu Aug 24 09:52:01 AEST 2017 org.apache.commons.lang3.ArrayUtils,473
Thu Aug 24 09:52:01 AEST 2017 org.apache.commons.lang3.ArrayUtils,475
Thu Aug 24 09:52:01 AEST 2017 org.apache.commons.lang3.ArrayUtils,476
Thu Aug 24 09:52:02 AEST 2017 org.apache.commons.lang3.ArrayUtils,478
Thu Aug 24 09:58:22 AEST 2017 org.apache.commons.lang3.ArrayUtils,479
Thu Aug 24 09:58:22 AEST 2017 org.apache.commons.lang3.ArrayUtils,480
Thu Aug 24 09:58:22 AEST 2017 org.apache.commons.lang3.ArrayUtils,483
Thu Aug 24 10:07:16 AEST 2017 org.apache.commons.lang3.ArrayUtils,484
Thu Aug 24 10:13:34 AEST 2017 org.apache.commons.lang3.ArrayUtils,485
Thu Aug 24 10:13:34 AEST 2017 org.apache.commons.lang3.ArrayUtils,508
Thu Aug 24 10:13:34 AEST 2017 org.apache.commons.lang3.ArrayUtils,509
Thu Aug 24 10:13:34 AEST 2017 org.apache.commons.lang3.ArrayUtils,511
Thu Aug 24 10:13:34 AEST 2017 org.apache.commons.lang3.ArrayUtils,512
Thu Aug 24 10:13:34 AEST 2017 org.apache.commons.lang3.ArrayUtils,514
Thu Aug 24 10:13:35 AEST 2017 org.apache.commons.lang3.ArrayUtils,515
Thu Aug 24 10:13:35 AEST 2017 org.apache.commons.lang3.ArrayUtils,517
Thu Aug 24 10:19:56 AEST 2017 org.apache.commons.lang3.ArrayUtils,518
Thu Aug 24 10:19:56 AEST 2017 org.apache.commons.lang3.ArrayUtils,519
Thu Aug 24 10:19:56 AEST 2017 org.apache.commons.lang3.ArrayUtils,522
Thu Aug 24 10:28:49 AEST 2017 org.apache.commons.lang3.ArrayUtils,523
Thu Aug 24 10:35:22 AEST 2017 org.apache.commons.lang3.ArrayUtils,524
Thu Aug 24 10:35:22 AEST 2017 org.apache.commons.lang3.ArrayUtils,547
Thu Aug 24 10:35:22 AEST 2017 org.apache.commons.lang3.ArrayUtils,548
Thu Aug 24 10:35:22 AEST 2017 org.apache.commons.lang3.ArrayUtils,550
Thu Aug 24 10:35:23 AEST 2017 org.apache.commons.lang3.ArrayUtils,551
Thu Aug 24 10:35:23 AEST 2017 org.apache.commons.lang3.ArrayUtils,553
Thu Aug 24 10:35:23 AEST 2017 org.apache.commons.lang3.ArrayUtils,554
Thu Aug 24 10:35:23 AEST 2017 org.apache.commons.lang3.ArrayUtils,556
Thu Aug 24 10:41:52 AEST 2017 org.apache.commons.lang3.ArrayUtils,557
Thu Aug 24 10:41:52 AEST 2017 org.apache.commons.lang3.ArrayUtils,558
Thu Aug 24 10:41:52 AEST 2017 org.apache.commons.lang3.ArrayUtils,561
Thu Aug 24 10:50:47 AEST 2017 org.apache.commons.lang3.ArrayUtils,562
Thu Aug 24 10:57:08 AEST 2017 org.apache.commons.lang3.ArrayUtils,563
Thu Aug 24 10:57:09 AEST 2017 org.apache.commons.lang3.ArrayUtils,586
Thu Aug 24 10:57:09 AEST 2017 org.apache.commons.lang3.ArrayUtils,587
Thu Aug 24 10:57:09 AEST 2017 org.apache.commons.lang3.ArrayUtils,589
Thu Aug 24 10:57:09 AEST 2017 org.apache.commons.lang3.ArrayUtils,590
Thu Aug 24 10:57:10 AEST 2017 org.apache.commons.lang3.ArrayUtils,592
Thu Aug 24 10:57:10 AEST 2017 org.apache.commons.lang3.ArrayUtils,593
Thu Aug 24 10:57:10 AEST 2017 org.apache.commons.lang3.ArrayUtils,595
Thu Aug 24 11:03:39 AEST 2017 org.apache.commons.lang3.ArrayUtils,596
Thu Aug 24 11:03:39 AEST 2017 org.apache.commons.lang3.ArrayUtils,597
Thu Aug 24 11:03:39 AEST 2017 org.apache.commons.lang3.ArrayUtils,600
Thu Aug 24 11:10:07 AEST 2017 org.apache.commons.lang3.ArrayUtils,601
Thu Aug 24 11:15:30 AEST 2017 org.apache.commons.lang3.ArrayUtils,602
Thu Aug 24 11:15:30 AEST 2017 org.apache.commons.lang3.ArrayUtils,625
Thu Aug 24 11:15:30 AEST 2017 org.apache.commons.lang3.ArrayUtils,626
Thu Aug 24 11:15:30 AEST 2017 org.apache.commons.lang3.ArrayUtils,628
Thu Aug 24 11:15:30 AEST 2017 org.apache.commons.lang3.ArrayUtils,629
Thu Aug 24 11:15:30 AEST 2017 org.apache.commons.lang3.ArrayUtils,631
Thu Aug 24 11:15:31 AEST 2017 org.apache.commons.lang3.ArrayUtils,632
Thu Aug 24 11:15:31 AEST 2017 org.apache.commons.lang3.ArrayUtils,634
Thu Aug 24 11:21:53 AEST 2017 org.apache.commons.lang3.ArrayUtils,635
Thu Aug 24 11:21:54 AEST 2017 org.apache.commons.lang3.ArrayUtils,636
Thu Aug 24 11:21:54 AEST 2017 org.apache.commons.lang3.ArrayUtils,639
Thu Aug 24 11:30:47 AEST 2017 org.apache.commons.lang3.ArrayUtils,640
Thu Aug 24 11:37:07 AEST 2017 org.apache.commons.lang3.ArrayUtils,641
Thu Aug 24 11:37:07 AEST 2017 org.apache.commons.lang3.ArrayUtils,664
Thu Aug 24 11:37:07 AEST 2017 org.apache.commons.lang3.ArrayUtils,665
Thu Aug 24 11:37:07 AEST 2017 org.apache.commons.lang3.ArrayUtils,667
Thu Aug 24 11:37:07 AEST 2017 org.apache.commons.lang3.ArrayUtils,668
Thu Aug 24 11:37:07 AEST 2017 org.apache.commons.lang3.ArrayUtils,670
Thu Aug 24 11:37:07 AEST 2017 org.apache.commons.lang3.ArrayUtils,671
Thu Aug 24 11:37:08 AEST 2017 org.apache.commons.lang3.ArrayUtils,673
Thu Aug 24 11:43:29 AEST 2017 org.apache.commons.lang3.ArrayUtils,674
Thu Aug 24 11:43:29 AEST 2017 org.apache.commons.lang3.ArrayUtils,675
Thu Aug 24 11:43:29 AEST 2017 org.apache.commons.lang3.ArrayUtils,678
Thu Aug 24 11:52:11 AEST 2017 org.apache.commons.lang3.ArrayUtils,679
Thu Aug 24 11:58:28 AEST 2017 org.apache.commons.lang3.ArrayUtils,680
Thu Aug 24 11:58:28 AEST 2017 org.apache.commons.lang3.ArrayUtils,703
Thu Aug 24 11:58:28 AEST 2017 org.apache.commons.lang3.ArrayUtils,704
Thu Aug 24 11:58:28 AEST 2017 org.apache.commons.lang3.ArrayUtils,706
Thu Aug 24 11:58:29 AEST 2017 org.apache.commons.lang3.ArrayUtils,707
Thu Aug 24 11:58:29 AEST 2017 org.apache.commons.lang3.ArrayUtils,709
Thu Aug 24 11:58:29 AEST 2017 org.apache.commons.lang3.ArrayUtils,710
Thu Aug 24 11:58:29 AEST 2017 org.apache.commons.lang3.ArrayUtils,712
Thu Aug 24 12:04:55 AEST 2017 org.apache.commons.lang3.ArrayUtils,713
Thu Aug 24 12:04:56 AEST 2017 org.apache.commons.lang3.ArrayUtils,714
Thu Aug 24 12:04:56 AEST 2017 org.apache.commons.lang3.ArrayUtils,717
Thu Aug 24 12:13:42 AEST 2017 org.apache.commons.lang3.ArrayUtils,718
Thu Aug 24 12:19:53 AEST 2017 org.apache.commons.lang3.ArrayUtils,719
Thu Aug 24 12:19:54 AEST 2017 org.apache.commons.lang3.ArrayUtils,742
Thu Aug 24 12:19:54 AEST 2017 org.apache.commons.lang3.ArrayUtils,743
Thu Aug 24 12:19:54 AEST 2017 org.apache.commons.lang3.ArrayUtils,745
Thu Aug 24 12:19:54 AEST 2017 org.apache.commons.lang3.ArrayUtils,746
Thu Aug 24 12:19:54 AEST 2017 org.apache.commons.lang3.ArrayUtils,748
Thu Aug 24 12:19:54 AEST 2017 org.apache.commons.lang3.ArrayUtils,749
Thu Aug 24 12:19:55 AEST 2017 org.apache.commons.lang3.ArrayUtils,751
Thu Aug 24 12:26:19 AEST 2017 org.apache.commons.lang3.ArrayUtils,752
Thu Aug 24 12:26:19 AEST 2017 org.apache.commons.lang3.ArrayUtils,753
Thu Aug 24 12:26:19 AEST 2017 org.apache.commons.lang3.ArrayUtils,756
Thu Aug 24 12:35:17 AEST 2017 org.apache.commons.lang3.ArrayUtils,757
Thu Aug 24 12:41:35 AEST 2017 org.apache.commons.lang3.ArrayUtils,758
Thu Aug 24 12:41:36 AEST 2017 org.apache.commons.lang3.ArrayUtils,775
Thu Aug 24 12:47:05 AEST 2017 org.apache.commons.lang3.ArrayUtils,778
Thu Aug 24 12:47:05 AEST 2017 org.apache.commons.lang3.ArrayUtils,780
Thu Aug 24 12:52:58 AEST 2017 org.apache.commons.lang3.ArrayUtils,793
Thu Aug 24 12:52:58 AEST 2017 org.apache.commons.lang3.ArrayUtils,796
Thu Aug 24 12:52:58 AEST 2017 org.apache.commons.lang3.ArrayUtils,798
Thu Aug 24 12:52:59 AEST 2017 org.apache.commons.lang3.ArrayUtils,811
Thu Aug 24 12:52:59 AEST 2017 org.apache.commons.lang3.ArrayUtils,814
Thu Aug 24 12:52:59 AEST 2017 org.apache.commons.lang3.ArrayUtils,816
Thu Aug 24 12:52:59 AEST 2017 org.apache.commons.lang3.ArrayUtils,829
Thu Aug 24 12:52:59 AEST 2017 org.apache.commons.lang3.ArrayUtils,832
Thu Aug 24 12:52:59 AEST 2017 org.apache.commons.lang3.ArrayUtils,834
Thu Aug 24 12:53:00 AEST 2017 org.apache.commons.lang3.ArrayUtils,847
Thu Aug 24 12:53:00 AEST 2017 org.apache.commons.lang3.ArrayUtils,850
Thu Aug 24 12:53:00 AEST 2017 org.apache.commons.lang3.ArrayUtils,852
Thu Aug 24 12:53:00 AEST 2017 org.apache.commons.lang3.ArrayUtils,865
Thu Aug 24 12:53:00 AEST 2017 org.apache.commons.lang3.ArrayUtils,868
Thu Aug 24 12:53:00 AEST 2017 org.apache.commons.lang3.ArrayUtils,870
Thu Aug 24 12:53:01 AEST 2017 org.apache.commons.lang3.ArrayUtils,883
Thu Aug 24 12:53:01 AEST 2017 org.apache.commons.lang3.ArrayUtils,886
Thu Aug 24 12:53:01 AEST 2017 org.apache.commons.lang3.ArrayUtils,888
Thu Aug 24 12:53:01 AEST 2017 org.apache.commons.lang3.ArrayUtils,901
Thu Aug 24 12:53:01 AEST 2017 org.apache.commons.lang3.ArrayUtils,904
Thu Aug 24 12:53:02 AEST 2017 org.apache.commons.lang3.ArrayUtils,906
Thu Aug 24 12:53:02 AEST 2017 org.apache.commons.lang3.ArrayUtils,919
Thu Aug 24 12:53:02 AEST 2017 org.apache.commons.lang3.ArrayUtils,922
Thu Aug 24 12:53:02 AEST 2017 org.apache.commons.lang3.ArrayUtils,924
Thu Aug 24 12:53:02 AEST 2017 org.apache.commons.lang3.ArrayUtils,949
Thu Aug 24 12:53:41 AEST 2017 org.apache.commons.lang3.ArrayUtils,950
Thu Aug 24 12:53:41 AEST 2017 org.apache.commons.lang3.ArrayUtils,952
Thu Aug 24 12:54:43 AEST 2017 org.apache.commons.lang3.ArrayUtils,965
Thu Aug 24 12:55:03 AEST 2017 org.apache.commons.lang3.ArrayUtils,966
Thu Aug 24 12:55:03 AEST 2017 org.apache.commons.lang3.ArrayUtils,968
Thu Aug 24 12:57:06 AEST 2017 org.apache.commons.lang3.ArrayUtils,983
Failed time : 17/08/24 12:57
