=================================================
Project : lang_41	start : 17/08/23 23:37
Current failed test : org.apache.commons.lang.ClassUtilsTest::test_getShortClassName_Class_purify_4 | 17/08/23 23:39
Wed Aug 23 23:39:31 AEST 2017 org.apache.commons.lang.ClassUtils,172

----------------------------------------
----------------------------------------
Pass Single Test : [=>0,0]
if(cls==null){
return StringUtils.EMPTY;
}
return getShortCanonicalName(cls.getName());

Time : 17/08/23 23:39
----------------------------------------

----------------------------------------
----------------------------------------
Similar code block : 2.5 : [/home/similarfix/d4j/projects/lang/lang_41_buggy/src/java/org/apache/commons/lang/ClassUtils.java=>0,0]
if(cls==null){
return StringUtils.EMPTY;
}
return getShortCanonicalName(cls.getName());

Time : 17/08/23 23:40
----------------------------------------

----------------------------------------
----------------------------------------
Original source code : [/home/similarfix/d4j/projects/lang/lang_41_buggy/src/java/org/apache/commons/lang/ClassUtils.java=>169,172]
if(cls==null){
return StringUtils.EMPTY;
}
return getShortClassName(cls.getName());

Time : 17/08/23 23:40
----------------------------------------

----------------------------------------
----------------------------------------
Find a patch : [/home/similarfix/d4j/projects/lang/lang_41_buggy/src/java/org/apache/commons/lang/ClassUtils.java=>169,172]
if(cls==null){
return StringUtils.EMPTY;
}
return getShortCanonicalName(cls.getName());

Time : 17/08/23 23:40
----------------------------------------
Success time : 17/08/23 23:40
Current failed test : org.apache.commons.lang.ClassUtilsTest::test_getShortClassName_Class_purify_5 | 17/08/23 23:40
Already fixed : org.apache.commons.lang.ClassUtilsTest::test_getShortClassName_Class_purify_5
Current failed test : org.apache.commons.lang.ClassUtilsTest::test_getShortClassName_Class_purify_14 | 17/08/23 23:40
Already fixed : org.apache.commons.lang.ClassUtilsTest::test_getShortClassName_Class_purify_14
Current failed test : org.apache.commons.lang.ClassUtilsTest::test_getShortClassName_Class_purify_15 | 17/08/23 23:40
Already fixed : org.apache.commons.lang.ClassUtilsTest::test_getShortClassName_Class_purify_15
Current failed test : org.apache.commons.lang.ClassUtilsTest::test_getShortClassName_Class_purify_16 | 17/08/23 23:40
Already fixed : org.apache.commons.lang.ClassUtilsTest::test_getShortClassName_Class_purify_16
Current failed test : org.apache.commons.lang.ClassUtilsTest::test_getShortClassName_Class_purify_17 | 17/08/23 23:40
Already fixed : org.apache.commons.lang.ClassUtilsTest::test_getShortClassName_Class_purify_17
Current failed test : org.apache.commons.lang.ClassUtilsTest::test_getShortClassName_Class_purify_18 | 17/08/23 23:40
Already fixed : org.apache.commons.lang.ClassUtilsTest::test_getShortClassName_Class_purify_18
Current failed test : org.apache.commons.lang.ClassUtilsTest::test_getShortClassName_Class_purify_19 | 17/08/23 23:40
Already fixed : org.apache.commons.lang.ClassUtilsTest::test_getShortClassName_Class_purify_19
Current failed test : org.apache.commons.lang.ClassUtilsTest::test_getShortClassName_Class_purify_20 | 17/08/23 23:40
Already fixed : org.apache.commons.lang.ClassUtilsTest::test_getShortClassName_Class_purify_20
Current failed test : org.apache.commons.lang.ClassUtilsTest::test_getShortClassName_Class_purify_21 | 17/08/23 23:40
Already fixed : org.apache.commons.lang.ClassUtilsTest::test_getShortClassName_Class_purify_21
Current failed test : org.apache.commons.lang.ClassUtilsTest::test_getShortClassName_Class_purify_22 | 17/08/23 23:40
Already fixed : org.apache.commons.lang.ClassUtilsTest::test_getShortClassName_Class_purify_22
Current failed test : org.apache.commons.lang.ClassUtilsTest::test_getShortClassName_Class_purify_23 | 17/08/23 23:40
Already fixed : org.apache.commons.lang.ClassUtilsTest::test_getShortClassName_Class_purify_23
Current failed test : org.apache.commons.lang.ClassUtilsTest::test_getShortClassName_Class_purify_24 | 17/08/23 23:40
Already fixed : org.apache.commons.lang.ClassUtilsTest::test_getShortClassName_Class_purify_24
Current failed test : org.apache.commons.lang.ClassUtilsTest::test_getPackageName_Class_purify_4 | 17/08/23 23:40
Wed Aug 23 23:41:00 AEST 2017 org.apache.commons.lang.ClassUtils,256
Wed Aug 23 23:48:01 AEST 2017 org.apache.commons.lang.ClassUtils,232

----------------------------------------
----------------------------------------
Pass Single Test : [=>0,0]
if(cls==null){
return StringUtils.EMPTY;
}
return getPackageCanonicalName(cls.getName());

Time : 17/08/23 23:48
----------------------------------------

----------------------------------------
----------------------------------------
Similar code block : 2.5 : [/home/similarfix/d4j/projects/lang/lang_41_buggy/src/java/org/apache/commons/lang/ClassUtils.java=>0,0]
if(cls==null){
return StringUtils.EMPTY;
}
return getPackageCanonicalName(cls.getName());

Time : 17/08/23 23:48
----------------------------------------

----------------------------------------
----------------------------------------
Original source code : [/home/similarfix/d4j/projects/lang/lang_41_buggy/src/java/org/apache/commons/lang/ClassUtils.java=>229,232]
if(cls==null){
return StringUtils.EMPTY;
}
return getPackageName(cls.getName());

Time : 17/08/23 23:48
----------------------------------------

----------------------------------------
----------------------------------------
Find a patch : [/home/similarfix/d4j/projects/lang/lang_41_buggy/src/java/org/apache/commons/lang/ClassUtils.java=>229,232]
if(cls==null){
return StringUtils.EMPTY;
}
return getPackageCanonicalName(cls.getName());

Time : 17/08/23 23:48
----------------------------------------
Success time : 17/08/23 23:48
Current failed test : org.apache.commons.lang.ClassUtilsTest::test_getPackageName_Class_purify_13 | 17/08/23 23:48
Already fixed : org.apache.commons.lang.ClassUtilsTest::test_getPackageName_Class_purify_13
Current failed test : org.apache.commons.lang.ClassUtilsTest::test_getPackageName_Class_purify_14 | 17/08/23 23:48
Already fixed : org.apache.commons.lang.ClassUtilsTest::test_getPackageName_Class_purify_14
Current failed test : org.apache.commons.lang.ClassUtilsTest::test_getPackageName_Class_purify_15 | 17/08/23 23:48
Already fixed : org.apache.commons.lang.ClassUtilsTest::test_getPackageName_Class_purify_15
