=================================================
Project : lang_42	start : 17/08/24 04:23
Current failed test : org.apache.commons.lang.StringEscapeUtilsTest::testEscapeHtmlHighUnicode | 17/08/24 04:23
Thu Aug 24 04:25:38 AEST 2017 org.apache.commons.lang.StringEscapeUtils,455
Thu Aug 24 04:28:06 AEST 2017 org.apache.commons.lang.StringEscapeUtils,459
Thu Aug 24 04:32:23 AEST 2017 org.apache.commons.lang.StringEscapeUtils,460
Thu Aug 24 04:32:23 AEST 2017 org.apache.commons.lang.StringEscapeUtils,461
Thu Aug 24 04:32:23 AEST 2017 org.apache.commons.lang.StringEscapeUtils,498
Thu Aug 24 04:32:29 AEST 2017 org.apache.commons.lang.StringEscapeUtils,501
Thu Aug 24 04:33:08 AEST 2017 org.apache.commons.lang.StringEscapeUtils,504
Thu Aug 24 04:34:07 AEST 2017 Thu Aug 24 04:34:07 AEST 2017 : org.apache.commons.lang.StringEscapeUtils,505=>Find no block
Thu Aug 24 04:34:07 AEST 2017 org.apache.commons.lang.Entities,832
Thu Aug 24 04:36:07 AEST 2017 org.apache.commons.lang.Entities,833
Thu Aug 24 04:36:07 AEST 2017 org.apache.commons.lang.Entities,834
Thu Aug 24 04:36:07 AEST 2017 org.apache.commons.lang.Entities,536
Thu Aug 24 04:36:33 AEST 2017 org.apache.commons.lang.Entities,831
Thu Aug 24 04:36:33 AEST 2017 org.apache.commons.lang.Entities,961
Thu Aug 24 04:36:34 AEST 2017 org.apache.commons.lang.Entities,951
Thu Aug 24 04:37:59 AEST 2017 org.apache.commons.lang.Entities,952
Thu Aug 24 04:38:05 AEST 2017 Thu Aug 24 04:38:05 AEST 2017 : org.apache.commons.lang.Entities,954=>Find no block
Thu Aug 24 04:38:05 AEST 2017 org.apache.commons.lang.Entities,964
Thu Aug 24 04:38:06 AEST 2017 Thu Aug 24 04:38:06 AEST 2017 : org.apache.commons.lang.Entities,969=>Find no block
Thu Aug 24 04:38:06 AEST 2017 Thu Aug 24 04:38:06 AEST 2017 : org.apache.commons.lang.Entities,970=>Find no block
Thu Aug 24 04:38:06 AEST 2017 org.apache.commons.lang.StringEscapeUtils,525
Thu Aug 24 04:38:06 AEST 2017 org.apache.commons.lang.StringEscapeUtils,529
Thu Aug 24 04:42:22 AEST 2017 org.apache.commons.lang.StringEscapeUtils,530
Thu Aug 24 04:42:23 AEST 2017 org.apache.commons.lang.StringEscapeUtils,531
Thu Aug 24 04:42:23 AEST 2017 org.apache.commons.lang.StringEscapeUtils,557
Thu Aug 24 04:42:23 AEST 2017 org.apache.commons.lang.StringEscapeUtils,560
Thu Aug 24 04:42:23 AEST 2017 org.apache.commons.lang.StringEscapeUtils,563
Thu Aug 24 04:43:21 AEST 2017 Thu Aug 24 04:43:21 AEST 2017 : org.apache.commons.lang.StringEscapeUtils,564=>Find no block
Thu Aug 24 04:43:21 AEST 2017 org.apache.commons.lang.Entities,826
Thu Aug 24 04:47:22 AEST 2017 org.apache.commons.lang.Entities,827
Thu Aug 24 04:58:35 AEST 2017 org.apache.commons.lang.Entities,828
Thu Aug 24 05:01:54 AEST 2017 org.apache.commons.lang.Entities,829
Thu Aug 24 05:01:54 AEST 2017 org.apache.commons.lang.Entities,830
Thu Aug 24 05:01:54 AEST 2017 Thu Aug 24 05:01:54 AEST 2017 : org.apache.commons.lang.Entities,844=>Find no block
Thu Aug 24 05:01:54 AEST 2017 org.apache.commons.lang.IntHashMap,245
Thu Aug 24 05:07:31 AEST 2017 org.apache.commons.lang.Entities,981
Thu Aug 24 05:09:32 AEST 2017 org.apache.commons.lang.Entities,533
Thu Aug 24 05:10:11 AEST 2017 org.apache.commons.lang.Entities,905
Thu Aug 24 05:18:47 AEST 2017 org.apache.commons.lang.Entities,906
Thu Aug 24 05:24:10 AEST 2017 org.apache.commons.lang.Entities,910
Thu Aug 24 05:24:10 AEST 2017 Thu Aug 24 05:24:10 AEST 2017 : org.apache.commons.lang.Entities,912=>Find no block
Thu Aug 24 05:24:10 AEST 2017 org.apache.commons.lang.Entities,457
Thu Aug 24 05:24:16 AEST 2017 org.apache.commons.lang.IntHashMap,237
Thu Aug 24 05:24:16 AEST 2017 org.apache.commons.lang.IntHashMap,238
Thu Aug 24 05:24:16 AEST 2017 org.apache.commons.lang.IntHashMap,239
Thu Aug 24 05:24:16 AEST 2017 org.apache.commons.lang.IntHashMap,240
Thu Aug 24 05:24:16 AEST 2017 org.apache.commons.lang.IntHashMap,241
Thu Aug 24 05:24:17 AEST 2017 org.apache.commons.lang.Entities,928
Thu Aug 24 05:31:09 AEST 2017 org.apache.commons.lang.Entities,929
Thu Aug 24 05:31:09 AEST 2017 org.apache.commons.lang.Entities,930
Thu Aug 24 05:52:56 AEST 2017 org.apache.commons.lang.Entities,931
Thu Aug 24 05:53:19 AEST 2017 org.apache.commons.lang.Entities,932
Thu Aug 24 05:53:20 AEST 2017 org.apache.commons.lang.Entities,933
Thu Aug 24 05:58:47 AEST 2017 org.apache.commons.lang.Entities,934
Thu Aug 24 05:58:47 AEST 2017 org.apache.commons.lang.Entities,935
Thu Aug 24 05:58:47 AEST 2017 org.apache.commons.lang.Entities,939
Thu Aug 24 06:07:20 AEST 2017 org.apache.commons.lang.Entities,940
Thu Aug 24 06:07:20 AEST 2017 org.apache.commons.lang.Entities,945
Thu Aug 24 06:19:20 AEST 2017 org.apache.commons.lang.Entities,946
Thu Aug 24 06:24:07 AEST 2017 org.apache.commons.lang.Entities,947
Thu Aug 24 06:24:07 AEST 2017 org.apache.commons.lang.Entities,948
Thu Aug 24 06:24:07 AEST 2017 org.apache.commons.lang.Entities,949
Thu Aug 24 06:24:07 AEST 2017 org.apache.commons.lang.Entities,976
Thu Aug 24 06:24:07 AEST 2017 org.apache.commons.lang.Entities,983
Thu Aug 24 06:28:42 AEST 2017 Thu Aug 24 06:28:42 AEST 2017 : org.apache.commons.lang.Entities,984=>Find no block
Thu Aug 24 06:28:43 AEST 2017 Thu Aug 24 06:28:43 AEST 2017 : org.apache.commons.lang.Entities,988=>Find no block
Thu Aug 24 06:28:43 AEST 2017 org.apache.commons.lang.Entities,766
Thu Aug 24 06:28:58 AEST 2017 org.apache.commons.lang.exception.NestableRuntimeException,60
Thu Aug 24 06:28:59 AEST 2017 Thu Aug 24 06:28:59 AEST 2017 : org.apache.commons.lang.exception.NestableRuntimeException,47=>Find no block
Thu Aug 24 06:28:59 AEST 2017 Thu Aug 24 06:28:59 AEST 2017 : org.apache.commons.lang.exception.NestableRuntimeException,53=>Find no block
Thu Aug 24 06:28:59 AEST 2017 Thu Aug 24 06:28:59 AEST 2017 : org.apache.commons.lang.exception.NestableRuntimeException,61=>Find no block
Thu Aug 24 06:28:59 AEST 2017 org.apache.commons.lang.exception.NestableRuntimeException,70
Thu Aug 24 06:29:05 AEST 2017 Thu Aug 24 06:29:05 AEST 2017 : org.apache.commons.lang.exception.NestableRuntimeException,71=>Find no block
Thu Aug 24 06:29:05 AEST 2017 org.apache.commons.lang.exception.NestableRuntimeException,81
Thu Aug 24 06:29:06 AEST 2017 org.apache.commons.lang.exception.NestableRuntimeException,82
Thu Aug 24 06:29:06 AEST 2017 Thu Aug 24 06:29:06 AEST 2017 : org.apache.commons.lang.exception.NestableRuntimeException,83=>Find no block
Thu Aug 24 06:29:06 AEST 2017 org.apache.commons.lang.exception.NestableRuntimeException,94
Thu Aug 24 06:29:12 AEST 2017 org.apache.commons.lang.exception.NestableRuntimeException,95
Thu Aug 24 06:29:12 AEST 2017 Thu Aug 24 06:29:12 AEST 2017 : org.apache.commons.lang.exception.NestableRuntimeException,96=>Find no block
Thu Aug 24 06:29:12 AEST 2017 org.apache.commons.lang.exception.NestableRuntimeException,102
Thu Aug 24 06:29:13 AEST 2017 org.apache.commons.lang.exception.NestableRuntimeException,113
Thu Aug 24 06:29:32 AEST 2017 org.apache.commons.lang.exception.NestableRuntimeException,114
Thu Aug 24 06:29:32 AEST 2017 org.apache.commons.lang.exception.NestableRuntimeException,115
Thu Aug 24 06:29:32 AEST 2017 org.apache.commons.lang.exception.NestableRuntimeException,116
Thu Aug 24 06:29:32 AEST 2017 org.apache.commons.lang.exception.NestableRuntimeException,118
Thu Aug 24 06:29:33 AEST 2017 org.apache.commons.lang.exception.NestableRuntimeException,126
Thu Aug 24 06:30:14 AEST 2017 org.apache.commons.lang.exception.NestableRuntimeException,127
Thu Aug 24 06:30:14 AEST 2017 org.apache.commons.lang.exception.NestableRuntimeException,129
Thu Aug 24 06:31:15 AEST 2017 org.apache.commons.lang.exception.NestableRuntimeException,136
Thu Aug 24 06:31:16 AEST 2017 org.apache.commons.lang.exception.NestableRuntimeException,143
Thu Aug 24 06:31:17 AEST 2017 org.apache.commons.lang.exception.NestableRuntimeException,150
Thu Aug 24 06:31:17 AEST 2017 org.apache.commons.lang.exception.NestableRuntimeException,157
Thu Aug 24 06:31:18 AEST 2017 org.apache.commons.lang.exception.NestableRuntimeException,164
Thu Aug 24 06:31:18 AEST 2017 org.apache.commons.lang.exception.NestableRuntimeException,171
Thu Aug 24 06:31:20 AEST 2017 org.apache.commons.lang.exception.NestableRuntimeException,178
Thu Aug 24 06:31:20 AEST 2017 Thu Aug 24 06:31:20 AEST 2017 : org.apache.commons.lang.exception.NestableRuntimeException,179=>Find no block
Thu Aug 24 06:31:21 AEST 2017 org.apache.commons.lang.exception.NestableRuntimeException,185
Thu Aug 24 06:31:43 AEST 2017 Thu Aug 24 06:31:43 AEST 2017 : org.apache.commons.lang.exception.NestableRuntimeException,186=>Find no block
Thu Aug 24 06:31:44 AEST 2017 org.apache.commons.lang.exception.NestableRuntimeException,192
Thu Aug 24 06:31:44 AEST 2017 Thu Aug 24 06:31:44 AEST 2017 : org.apache.commons.lang.exception.NestableRuntimeException,193=>Find no block
Thu Aug 24 06:31:45 AEST 2017 org.apache.commons.lang.exception.NestableRuntimeException,199
Thu Aug 24 06:31:45 AEST 2017 Thu Aug 24 06:31:45 AEST 2017 : org.apache.commons.lang.exception.NestableRuntimeException,200=>Find no block
Thu Aug 24 06:31:45 AEST 2017 org.apache.commons.lang.StringEscapeUtils,60
Thu Aug 24 06:31:45 AEST 2017 Thu Aug 24 06:31:45 AEST 2017 : org.apache.commons.lang.StringEscapeUtils,61=>Find no block
Thu Aug 24 06:31:45 AEST 2017 org.apache.commons.lang.StringEscapeUtils,87
Thu Aug 24 06:31:46 AEST 2017 org.apache.commons.lang.StringEscapeUtils,103
Thu Aug 24 06:31:47 AEST 2017 Thu Aug 24 06:31:47 AEST 2017 : org.apache.commons.lang.StringEscapeUtils,104=>Find no block
Thu Aug 24 06:31:47 AEST 2017 org.apache.commons.lang.StringEscapeUtils,128
Thu Aug 24 06:31:48 AEST 2017 org.apache.commons.lang.StringEscapeUtils,144
Thu Aug 24 06:31:52 AEST 2017 Thu Aug 24 06:31:52 AEST 2017 : org.apache.commons.lang.StringEscapeUtils,145=>Find no block
Thu Aug 24 06:31:53 AEST 2017 org.apache.commons.lang.StringEscapeUtils,156
Thu Aug 24 06:31:53 AEST 2017 org.apache.commons.lang.StringEscapeUtils,157
Thu Aug 24 06:31:53 AEST 2017 org.apache.commons.lang.StringEscapeUtils,160
Thu Aug 24 06:36:10 AEST 2017 org.apache.commons.lang.StringEscapeUtils,161
Thu Aug 24 06:36:11 AEST 2017 org.apache.commons.lang.StringEscapeUtils,162
Thu Aug 24 06:36:11 AEST 2017 Thu Aug 24 06:36:11 AEST 2017 : org.apache.commons.lang.StringEscapeUtils,163=>Find no block
Thu Aug 24 06:36:11 AEST 2017 org.apache.commons.lang.StringEscapeUtils,165
Thu Aug 24 06:36:11 AEST 2017 org.apache.commons.lang.StringEscapeUtils,180
Thu Aug 24 06:36:12 AEST 2017 org.apache.commons.lang.StringEscapeUtils,181
Thu Aug 24 06:36:12 AEST 2017 org.apache.commons.lang.StringEscapeUtils,183
Thu Aug 24 06:38:46 AEST 2017 org.apache.commons.lang.StringEscapeUtils,184
Thu Aug 24 06:38:46 AEST 2017 org.apache.commons.lang.StringEscapeUtils,187
Thu Aug 24 06:44:15 AEST 2017 org.apache.commons.lang.StringEscapeUtils,188
Thu Aug 24 07:11:39 AEST 2017 org.apache.commons.lang.StringEscapeUtils,189
Thu Aug 24 07:11:41 AEST 2017 org.apache.commons.lang.StringEscapeUtils,192
Thu Aug 24 07:11:41 AEST 2017 org.apache.commons.lang.StringEscapeUtils,193
Thu Aug 24 07:11:42 AEST 2017 org.apache.commons.lang.StringEscapeUtils,194
Thu Aug 24 07:11:42 AEST 2017 org.apache.commons.lang.StringEscapeUtils,195
Thu Aug 24 07:11:43 AEST 2017 org.apache.commons.lang.StringEscapeUtils,196
Thu Aug 24 07:11:43 AEST 2017 org.apache.commons.lang.StringEscapeUtils,197
Thu Aug 24 07:11:44 AEST 2017 org.apache.commons.lang.StringEscapeUtils,198
Thu Aug 24 07:11:44 AEST 2017 Thu Aug 24 07:11:44 AEST 2017 : org.apache.commons.lang.StringEscapeUtils,199=>Find no block
Thu Aug 24 07:11:44 AEST 2017 org.apache.commons.lang.StringEscapeUtils,201
Thu Aug 24 07:12:20 AEST 2017 org.apache.commons.lang.StringEscapeUtils,202
Thu Aug 24 07:12:20 AEST 2017 org.apache.commons.lang.StringEscapeUtils,203
Thu Aug 24 07:12:26 AEST 2017 org.apache.commons.lang.StringEscapeUtils,205
Thu Aug 24 07:13:04 AEST 2017 org.apache.commons.lang.StringEscapeUtils,206
Thu Aug 24 07:13:04 AEST 2017 org.apache.commons.lang.StringEscapeUtils,207
Thu Aug 24 07:13:10 AEST 2017 org.apache.commons.lang.StringEscapeUtils,209
Thu Aug 24 07:13:46 AEST 2017 org.apache.commons.lang.StringEscapeUtils,210
Thu Aug 24 07:13:47 AEST 2017 org.apache.commons.lang.StringEscapeUtils,211
Thu Aug 24 07:13:53 AEST 2017 org.apache.commons.lang.StringEscapeUtils,213
Thu Aug 24 07:14:30 AEST 2017 org.apache.commons.lang.StringEscapeUtils,214
Thu Aug 24 07:14:30 AEST 2017 org.apache.commons.lang.StringEscapeUtils,215
Thu Aug 24 07:14:36 AEST 2017 org.apache.commons.lang.StringEscapeUtils,217
Thu Aug 24 07:15:13 AEST 2017 org.apache.commons.lang.StringEscapeUtils,218
Thu Aug 24 07:15:13 AEST 2017 org.apache.commons.lang.StringEscapeUtils,219
Thu Aug 24 07:15:41 AEST 2017 org.apache.commons.lang.StringEscapeUtils,221
Thu Aug 24 07:15:41 AEST 2017 org.apache.commons.lang.StringEscapeUtils,222
Thu Aug 24 07:15:41 AEST 2017 org.apache.commons.lang.StringEscapeUtils,224
Thu Aug 24 07:15:41 AEST 2017 org.apache.commons.lang.StringEscapeUtils,226
Thu Aug 24 07:15:41 AEST 2017 Thu Aug 24 07:15:41 AEST 2017 : org.apache.commons.lang.StringEscapeUtils,229=>Find no block
Thu Aug 24 07:15:41 AEST 2017 org.apache.commons.lang.StringEscapeUtils,231
Thu Aug 24 07:15:41 AEST 2017 org.apache.commons.lang.StringEscapeUtils,232
Thu Aug 24 07:15:41 AEST 2017 org.apache.commons.lang.StringEscapeUtils,234
Thu Aug 24 07:15:41 AEST 2017 org.apache.commons.lang.StringEscapeUtils,235
Thu Aug 24 07:15:47 AEST 2017 org.apache.commons.lang.StringEscapeUtils,237
Thu Aug 24 07:16:24 AEST 2017 org.apache.commons.lang.StringEscapeUtils,238
Thu Aug 24 07:16:24 AEST 2017 org.apache.commons.lang.StringEscapeUtils,239
Thu Aug 24 07:16:30 AEST 2017 org.apache.commons.lang.StringEscapeUtils,241
Thu Aug 24 07:17:07 AEST 2017 org.apache.commons.lang.StringEscapeUtils,242
Thu Aug 24 07:17:07 AEST 2017 org.apache.commons.lang.StringEscapeUtils,243
Thu Aug 24 07:17:13 AEST 2017 org.apache.commons.lang.StringEscapeUtils,245
Thu Aug 24 07:17:13 AEST 2017 org.apache.commons.lang.StringEscapeUtils,246
Thu Aug 24 07:17:13 AEST 2017 org.apache.commons.lang.StringEscapeUtils,248
Thu Aug 24 07:17:14 AEST 2017 org.apache.commons.lang.StringEscapeUtils,249
Thu Aug 24 07:17:41 AEST 2017 org.apache.commons.lang.StringEscapeUtils,251
Thu Aug 24 07:17:41 AEST 2017 Thu Aug 24 07:17:41 AEST 2017 : org.apache.commons.lang.StringEscapeUtils,256=>Find no block
Thu Aug 24 07:17:41 AEST 2017 org.apache.commons.lang.StringEscapeUtils,266
Thu Aug 24 07:18:05 AEST 2017 org.apache.commons.lang.StringEscapeUtils,279
Thu Aug 24 07:18:05 AEST 2017 org.apache.commons.lang.StringEscapeUtils,280
Thu Aug 24 07:18:05 AEST 2017 org.apache.commons.lang.StringEscapeUtils,283
Thu Aug 24 07:22:31 AEST 2017 org.apache.commons.lang.StringEscapeUtils,284
Thu Aug 24 07:22:31 AEST 2017 org.apache.commons.lang.StringEscapeUtils,285
Thu Aug 24 07:22:31 AEST 2017 Thu Aug 24 07:22:31 AEST 2017 : org.apache.commons.lang.StringEscapeUtils,286=>Find no block
Thu Aug 24 07:22:31 AEST 2017 org.apache.commons.lang.StringEscapeUtils,288
Thu Aug 24 07:22:31 AEST 2017 org.apache.commons.lang.StringEscapeUtils,308
Thu Aug 24 07:22:31 AEST 2017 org.apache.commons.lang.StringEscapeUtils,309
Thu Aug 24 07:22:31 AEST 2017 org.apache.commons.lang.StringEscapeUtils,311
Thu Aug 24 07:22:31 AEST 2017 org.apache.commons.lang.StringEscapeUtils,312
Thu Aug 24 07:22:32 AEST 2017 org.apache.commons.lang.StringEscapeUtils,314
Thu Aug 24 07:30:37 AEST 2017 org.apache.commons.lang.StringEscapeUtils,315
Thu Aug 24 07:34:24 AEST 2017 org.apache.commons.lang.StringEscapeUtils,316
Thu Aug 24 07:34:25 AEST 2017 org.apache.commons.lang.StringEscapeUtils,317
Thu Aug 24 07:34:25 AEST 2017 org.apache.commons.lang.StringEscapeUtils,318
Thu Aug 24 08:11:36 AEST 2017 org.apache.commons.lang.StringEscapeUtils,319
Thu Aug 24 08:11:42 AEST 2017 org.apache.commons.lang.StringEscapeUtils,320
Thu Aug 24 08:11:43 AEST 2017 org.apache.commons.lang.StringEscapeUtils,323
Thu Aug 24 08:16:27 AEST 2017 org.apache.commons.lang.StringEscapeUtils,324
Thu Aug 24 08:16:27 AEST 2017 org.apache.commons.lang.StringEscapeUtils,328
Thu Aug 24 08:16:27 AEST 2017 org.apache.commons.lang.StringEscapeUtils,329
Thu Aug 24 08:16:28 AEST 2017 org.apache.commons.lang.StringEscapeUtils,330
Thu Aug 24 08:16:28 AEST 2017 org.apache.commons.lang.StringEscapeUtils,331
Thu Aug 24 08:16:28 AEST 2017 org.apache.commons.lang.StringEscapeUtils,332
Thu Aug 24 08:16:28 AEST 2017 Thu Aug 24 08:16:28 AEST 2017 : org.apache.commons.lang.StringEscapeUtils,335=>Find no block
Thu Aug 24 08:16:28 AEST 2017 Thu Aug 24 08:16:28 AEST 2017 : org.apache.commons.lang.StringEscapeUtils,333=>Find no block
Thu Aug 24 08:16:28 AEST 2017 org.apache.commons.lang.StringEscapeUtils,334
Thu Aug 24 08:16:28 AEST 2017 org.apache.commons.lang.StringEscapeUtils,339
Thu Aug 24 08:16:28 AEST 2017 org.apache.commons.lang.StringEscapeUtils,341
Thu Aug 24 08:16:29 AEST 2017 Thu Aug 24 08:16:29 AEST 2017 : org.apache.commons.lang.StringEscapeUtils,342=>Find no block
Failed time : 17/08/24 08:16
