=================================================
Project : lang_54	start : 17/08/24 04:43
Current failed test : org.apache.commons.lang.LocaleUtilsTest::testLang328 | 17/08/24 04:43
Thu Aug 24 04:44:09 AEST 2017 org.apache.commons.lang.LocaleUtils,116
Thu Aug 24 05:04:14 AEST 2017 org.apache.commons.lang.LocaleUtils,110
Thu Aug 24 05:08:30 AEST 2017 org.apache.commons.lang.LocaleUtils,113
Thu Aug 24 05:19:25 AEST 2017 org.apache.commons.lang.LocaleUtils,114
Thu Aug 24 06:07:06 AEST 2017 org.apache.commons.lang.LocaleUtils,115
Thu Aug 24 06:07:06 AEST 2017 org.apache.commons.lang.LocaleUtils,95
Thu Aug 24 06:09:29 AEST 2017 org.apache.commons.lang.LocaleUtils,98
Thu Aug 24 06:22:23 AEST 2017 org.apache.commons.lang.LocaleUtils,99
Thu Aug 24 06:22:23 AEST 2017 org.apache.commons.lang.LocaleUtils,102
Thu Aug 24 06:38:09 AEST 2017 org.apache.commons.lang.LocaleUtils,103
Thu Aug 24 06:55:38 AEST 2017 org.apache.commons.lang.LocaleUtils,104
Thu Aug 24 07:03:03 AEST 2017 org.apache.commons.lang.LocaleUtils,107
Thu Aug 24 07:37:51 AEST 2017 org.apache.commons.lang.LocaleUtils,192
Thu Aug 24 07:37:52 AEST 2017 org.apache.commons.lang.LocaleUtils,223
Thu Aug 24 07:37:53 AEST 2017 org.apache.commons.lang.LocaleUtils,63
Thu Aug 24 07:37:54 AEST 2017 Thu Aug 24 07:37:54 AEST 2017 : org.apache.commons.lang.LocaleUtils,64=>Find no block
Thu Aug 24 07:37:54 AEST 2017 org.apache.commons.lang.LocaleUtils,96
Thu Aug 24 07:37:54 AEST 2017 org.apache.commons.lang.LocaleUtils,100
Thu Aug 24 07:37:54 AEST 2017 org.apache.commons.lang.LocaleUtils,105
Thu Aug 24 07:37:55 AEST 2017 org.apache.commons.lang.LocaleUtils,108
Thu Aug 24 07:37:56 AEST 2017 org.apache.commons.lang.LocaleUtils,111
Thu Aug 24 07:37:56 AEST 2017 org.apache.commons.lang.LocaleUtils,118
Thu Aug 24 07:37:56 AEST 2017 org.apache.commons.lang.LocaleUtils,119
Thu Aug 24 07:37:56 AEST 2017 org.apache.commons.lang.LocaleUtils,121
Thu Aug 24 07:37:56 AEST 2017 org.apache.commons.lang.LocaleUtils,122
Thu Aug 24 07:37:56 AEST 2017 org.apache.commons.lang.LocaleUtils,124
Thu Aug 24 07:37:57 AEST 2017 org.apache.commons.lang.LocaleUtils,143
Thu Aug 24 07:37:57 AEST 2017 org.apache.commons.lang.LocaleUtils,165
Thu Aug 24 07:39:23 AEST 2017 org.apache.commons.lang.LocaleUtils,166
Thu Aug 24 07:39:24 AEST 2017 org.apache.commons.lang.LocaleUtils,167
Thu Aug 24 07:39:26 AEST 2017 org.apache.commons.lang.LocaleUtils,168
Thu Aug 24 07:39:27 AEST 2017 org.apache.commons.lang.LocaleUtils,169
Thu Aug 24 07:39:27 AEST 2017 org.apache.commons.lang.LocaleUtils,171
Thu Aug 24 07:39:27 AEST 2017 org.apache.commons.lang.LocaleUtils,172
Thu Aug 24 07:39:27 AEST 2017 org.apache.commons.lang.LocaleUtils,174
Thu Aug 24 07:39:27 AEST 2017 org.apache.commons.lang.LocaleUtils,175
Thu Aug 24 07:39:27 AEST 2017 org.apache.commons.lang.LocaleUtils,178
Thu Aug 24 07:40:34 AEST 2017 org.apache.commons.lang.LocaleUtils,206
Thu Aug 24 07:41:14 AEST 2017 org.apache.commons.lang.LocaleUtils,207
Thu Aug 24 07:41:45 AEST 2017 org.apache.commons.lang.LocaleUtils,208
Thu Aug 24 07:41:45 AEST 2017 org.apache.commons.lang.LocaleUtils,209
Thu Aug 24 07:41:46 AEST 2017 org.apache.commons.lang.LocaleUtils,210
Thu Aug 24 07:41:46 AEST 2017 org.apache.commons.lang.LocaleUtils,212
Thu Aug 24 07:41:46 AEST 2017 org.apache.commons.lang.LocaleUtils,237
Thu Aug 24 07:52:27 AEST 2017 org.apache.commons.lang.LocaleUtils,238
Thu Aug 24 07:53:42 AEST 2017 org.apache.commons.lang.LocaleUtils,239
Thu Aug 24 07:53:42 AEST 2017 org.apache.commons.lang.LocaleUtils,240
Thu Aug 24 07:56:46 AEST 2017 org.apache.commons.lang.LocaleUtils,241
Thu Aug 24 07:56:46 AEST 2017 org.apache.commons.lang.LocaleUtils,242
Thu Aug 24 07:56:46 AEST 2017 org.apache.commons.lang.LocaleUtils,243
Thu Aug 24 07:56:46 AEST 2017 org.apache.commons.lang.LocaleUtils,244
Thu Aug 24 07:56:46 AEST 2017 org.apache.commons.lang.LocaleUtils,246
Thu Aug 24 07:56:47 AEST 2017 org.apache.commons.lang.LocaleUtils,249
Thu Aug 24 08:00:25 AEST 2017 Thu Aug 24 08:00:25 AEST 2017 : org.apache.commons.lang.LocaleUtils,250=>Find no block
Thu Aug 24 08:00:26 AEST 2017 org.apache.commons.lang.LocaleUtils,251
Thu Aug 24 08:00:26 AEST 2017 org.apache.commons.lang.LocaleUtils,253
Thu Aug 24 08:07:42 AEST 2017 org.apache.commons.lang.LocaleUtils,255
Thu Aug 24 08:10:30 AEST 2017 org.apache.commons.lang.LocaleUtils,269
Thu Aug 24 08:20:10 AEST 2017 org.apache.commons.lang.LocaleUtils,270
Thu Aug 24 08:21:06 AEST 2017 org.apache.commons.lang.LocaleUtils,271
Thu Aug 24 08:21:06 AEST 2017 org.apache.commons.lang.LocaleUtils,272
Thu Aug 24 08:23:43 AEST 2017 org.apache.commons.lang.LocaleUtils,273
Thu Aug 24 08:23:44 AEST 2017 org.apache.commons.lang.LocaleUtils,274
Thu Aug 24 08:23:44 AEST 2017 org.apache.commons.lang.LocaleUtils,275
Thu Aug 24 08:23:44 AEST 2017 org.apache.commons.lang.LocaleUtils,276
Thu Aug 24 08:23:44 AEST 2017 org.apache.commons.lang.LocaleUtils,279
Thu Aug 24 08:23:45 AEST 2017 org.apache.commons.lang.LocaleUtils,282
Thu Aug 24 08:25:48 AEST 2017 Thu Aug 24 08:25:48 AEST 2017 : org.apache.commons.lang.LocaleUtils,283=>Find no block
Thu Aug 24 08:25:48 AEST 2017 org.apache.commons.lang.LocaleUtils,284
Thu Aug 24 08:25:48 AEST 2017 org.apache.commons.lang.LocaleUtils,286
Thu Aug 24 08:32:22 AEST 2017 org.apache.commons.lang.LocaleUtils,288
Failed time : 17/08/24 08:34
