=================================================
Project : lang_6	start : 17/08/23 20:39
Current failed test : org.apache.commons.lang3.StringUtilsTest::testEscapeSurrogatePairs | 17/08/23 20:39
Wed Aug 23 20:39:53 AEST 2017 org.apache.commons.lang3.StringEscapeUtils,556

----------------------------------------
----------------------------------------
Pass Single Test : [=>0,0]
return UNESCAPE_JAVA.translate(input);

Time : 17/08/23 20:40
----------------------------------------

----------------------------------------
----------------------------------------
Pass Single Test : [=>0,0]
return UNESCAPE_ECMASCRIPT.translate(input);

Time : 17/08/23 20:41
----------------------------------------

----------------------------------------
----------------------------------------
Pass Single Test : [=>0,0]
return ESCAPE_HTML4.translate(input);

Time : 17/08/23 20:41
----------------------------------------

----------------------------------------
----------------------------------------
Pass Single Test : [=>0,0]
return ESCAPE_HTML3.translate(input);

Time : 17/08/23 20:42
----------------------------------------

----------------------------------------
----------------------------------------
Pass Single Test : [=>0,0]
return UNESCAPE_HTML4.translate(input);

Time : 17/08/23 20:42
----------------------------------------

----------------------------------------
----------------------------------------
Pass Single Test : [=>0,0]
return UNESCAPE_HTML3.translate(input);

Time : 17/08/23 20:43
----------------------------------------

----------------------------------------
----------------------------------------
Pass Single Test : [=>0,0]
return ESCAPE_XML.translate(input);

Time : 17/08/23 20:44
----------------------------------------

----------------------------------------
----------------------------------------
Pass Single Test : [=>0,0]
return UNESCAPE_XML.translate(input);

Time : 17/08/23 20:44
----------------------------------------
Wed Aug 23 20:45:13 AEST 2017 Wed Aug 23 20:45:13 AEST 2017 : org.apache.commons.lang3.StringEscapeUtils,145=>Find no block
Wed Aug 23 20:45:13 AEST 2017 org.apache.commons.lang3.StringEscapeUtils,156
Wed Aug 23 20:45:56 AEST 2017 org.apache.commons.lang3.StringEscapeUtils,160
Wed Aug 23 20:46:47 AEST 2017 org.apache.commons.lang3.StringEscapeUtils,161
Wed Aug 23 20:46:47 AEST 2017 org.apache.commons.lang3.StringEscapeUtils,167
Wed Aug 23 20:53:22 AEST 2017 Wed Aug 23 20:53:22 AEST 2017 : org.apache.commons.lang3.StringEscapeUtils,268=>Find no block
Wed Aug 23 20:53:22 AEST 2017 org.apache.commons.lang3.text.translate.EntityArrays,34
Wed Aug 23 20:53:47 AEST 2017 org.apache.commons.lang3.text.translate.EntityArrays,138
Wed Aug 23 20:54:11 AEST 2017 org.apache.commons.lang3.text.translate.EntityArrays,147
Wed Aug 23 20:54:35 AEST 2017 org.apache.commons.lang3.text.translate.EntityArrays,349
Wed Aug 23 20:54:59 AEST 2017 org.apache.commons.lang3.text.translate.EntityArrays,358
Wed Aug 23 20:55:22 AEST 2017 org.apache.commons.lang3.text.translate.EntityArrays,370
Wed Aug 23 20:55:46 AEST 2017 org.apache.commons.lang3.text.translate.EntityArrays,377
Wed Aug 23 20:56:10 AEST 2017 org.apache.commons.lang3.text.translate.EntityArrays,386
Wed Aug 23 20:56:34 AEST 2017 org.apache.commons.lang3.text.translate.EntityArrays,395
Wed Aug 23 20:56:58 AEST 2017 org.apache.commons.lang3.text.translate.EntityArrays,408
Wed Aug 23 20:57:22 AEST 2017 org.apache.commons.lang3.text.translate.EntityArrays,417
Wed Aug 23 20:59:09 AEST 2017 org.apache.commons.lang3.text.translate.EntityArrays,418
Wed Aug 23 21:00:32 AEST 2017 org.apache.commons.lang3.text.translate.EntityArrays,419
Wed Aug 23 21:00:33 AEST 2017 org.apache.commons.lang3.text.translate.EntityArrays,420
Wed Aug 23 21:00:33 AEST 2017 org.apache.commons.lang3.text.translate.EntityArrays,422
Wed Aug 23 21:00:33 AEST 2017 org.apache.commons.lang3.StringUtils,1737
Wed Aug 23 21:05:29 AEST 2017 org.apache.commons.lang3.StringUtils,1740
Wed Aug 23 21:15:50 AEST 2017 org.apache.commons.lang3.StringUtils,1741
Wed Aug 23 21:20:44 AEST 2017 org.apache.commons.lang3.StringUtils,1742
Wed Aug 23 21:26:09 AEST 2017 org.apache.commons.lang3.StringUtils,1743
Wed Aug 23 21:26:09 AEST 2017 org.apache.commons.lang3.StringUtils,1744
Wed Aug 23 21:46:07 AEST 2017 org.apache.commons.lang3.StringUtils,1745
Wed Aug 23 21:51:55 AEST 2017 org.apache.commons.lang3.StringUtils,1746
Wed Aug 23 21:51:56 AEST 2017 org.apache.commons.lang3.StringUtils,1747
Wed Aug 23 21:51:56 AEST 2017 org.apache.commons.lang3.StringUtils,1763
Wed Aug 23 21:56:37 AEST 2017 org.apache.commons.lang3.ArrayUtils,320
Wed Aug 23 21:57:09 AEST 2017 org.apache.commons.lang3.ArrayUtils,323
Wed Aug 23 21:57:58 AEST 2017 org.apache.commons.lang3.text.translate.CharSequenceTranslator,108
Wed Aug 23 22:03:11 AEST 2017 org.apache.commons.lang3.text.translate.CharSequenceTranslator,109
Wed Aug 23 22:03:11 AEST 2017 org.apache.commons.lang3.text.translate.CharSequenceTranslator,110
Wed Aug 23 22:03:11 AEST 2017 org.apache.commons.lang3.text.translate.CharSequenceTranslator,111
Wed Aug 23 22:03:11 AEST 2017 Wed Aug 23 22:03:11 AEST 2017 : org.apache.commons.lang3.text.translate.AggregateTranslator,40=>Find no block
Wed Aug 23 22:03:12 AEST 2017 org.apache.commons.lang3.text.translate.AggregateTranslator,41
Wed Aug 23 22:03:38 AEST 2017 Wed Aug 23 22:03:38 AEST 2017 : org.apache.commons.lang3.text.translate.AggregateTranslator,42=>Find no block
Wed Aug 23 22:03:38 AEST 2017 Wed Aug 23 22:03:38 AEST 2017 : org.apache.commons.lang3.text.translate.NumericEntityUnescaper,35=>Find no block
Wed Aug 23 22:03:39 AEST 2017 Wed Aug 23 22:03:39 AEST 2017 : org.apache.commons.lang3.text.translate.NumericEntityUnescaper,35=>Find no block
Wed Aug 23 22:03:39 AEST 2017 Wed Aug 23 22:03:39 AEST 2017 : org.apache.commons.lang3.text.translate.OctalUnescaper,34=>Find no block
Wed Aug 23 22:03:39 AEST 2017 Wed Aug 23 22:03:39 AEST 2017 : org.apache.commons.lang3.text.translate.LookupTranslator,40=>Find no block
Wed Aug 23 22:03:39 AEST 2017 org.apache.commons.lang3.text.translate.LookupTranslator,41
Wed Aug 23 22:03:49 AEST 2017 org.apache.commons.lang3.text.translate.LookupTranslator,42
Wed Aug 23 22:03:49 AEST 2017 org.apache.commons.lang3.text.translate.LookupTranslator,43
Wed Aug 23 22:08:03 AEST 2017 org.apache.commons.lang3.text.translate.LookupTranslator,44
Wed Aug 23 22:08:03 AEST 2017 org.apache.commons.lang3.text.translate.LookupTranslator,45
Wed Aug 23 22:08:03 AEST 2017 org.apache.commons.lang3.text.translate.LookupTranslator,46
Wed Aug 23 22:08:04 AEST 2017 org.apache.commons.lang3.text.translate.LookupTranslator,47
Wed Aug 23 22:08:04 AEST 2017 org.apache.commons.lang3.text.translate.LookupTranslator,48
Wed Aug 23 22:08:04 AEST 2017 org.apache.commons.lang3.text.translate.LookupTranslator,49
Wed Aug 23 22:08:05 AEST 2017 org.apache.commons.lang3.text.translate.LookupTranslator,51
Wed Aug 23 22:08:05 AEST 2017 org.apache.commons.lang3.text.translate.LookupTranslator,52
Wed Aug 23 22:08:05 AEST 2017 org.apache.commons.lang3.text.translate.LookupTranslator,56
Wed Aug 23 22:08:29 AEST 2017 org.apache.commons.lang3.text.translate.LookupTranslator,57
Wed Aug 23 22:08:29 AEST 2017 Wed Aug 23 22:08:29 AEST 2017 : org.apache.commons.lang3.text.translate.LookupTranslator,58=>Find no block
Wed Aug 23 22:08:29 AEST 2017 org.apache.commons.lang3.text.translate.UnicodeEscaper,85
Wed Aug 23 22:08:30 AEST 2017 Wed Aug 23 22:08:30 AEST 2017 : org.apache.commons.lang3.text.translate.UnicodeEscaper,51=>Find no block
Wed Aug 23 22:08:31 AEST 2017 org.apache.commons.lang3.text.translate.UnicodeEscaper,52
Wed Aug 23 22:08:32 AEST 2017 org.apache.commons.lang3.text.translate.UnicodeEscaper,53
Wed Aug 23 22:08:32 AEST 2017 org.apache.commons.lang3.text.translate.UnicodeEscaper,54
Wed Aug 23 22:08:32 AEST 2017 Wed Aug 23 22:08:32 AEST 2017 : org.apache.commons.lang3.text.translate.UnicodeEscaper,55=>Find no block
Wed Aug 23 22:08:33 AEST 2017 Wed Aug 23 22:08:33 AEST 2017 : org.apache.commons.lang3.text.translate.NumericEntityUnescaper,56=>Find no block
Wed Aug 23 22:08:33 AEST 2017 org.apache.commons.lang3.text.translate.NumericEntityUnescaper,57
Wed Aug 23 22:13:10 AEST 2017 org.apache.commons.lang3.text.translate.NumericEntityUnescaper,60
Wed Aug 23 22:13:10 AEST 2017 Wed Aug 23 22:13:10 AEST 2017 : org.apache.commons.lang3.text.translate.NumericEntityUnescaper,62=>Find no block
Wed Aug 23 22:13:11 AEST 2017 Wed Aug 23 22:13:11 AEST 2017 : org.apache.commons.lang3.text.translate.UnicodeUnescaper,30=>Find no block
Wed Aug 23 22:13:11 AEST 2017 Wed Aug 23 22:13:11 AEST 2017 : org.apache.commons.lang3.text.translate.CodePointTranslator,29=>Find no block
Wed Aug 23 22:13:11 AEST 2017 Wed Aug 23 22:13:11 AEST 2017 : org.apache.commons.lang3.text.translate.CharSequenceTranslator,32=>Find no block
Wed Aug 23 22:13:12 AEST 2017 org.apache.commons.lang3.text.translate.CharSequenceTranslator,94

----------------------------------------
----------------------------------------
Pass Single Test : [=>0,0]
for(int pt=0;pt<consumed;pt++){
pt++;
pos+=Character.charCount(Character.codePointAt(input,pos));
}

Time : 17/08/23 22:14
----------------------------------------
Wed Aug 23 22:15:22 AEST 2017 org.apache.commons.lang3.text.translate.CharSequenceTranslator,95
Wed Aug 23 22:15:22 AEST 2017 org.apache.commons.lang3.text.translate.CharSequenceTranslator,54
Wed Aug 23 22:15:24 AEST 2017 org.apache.commons.lang3.text.translate.CharSequenceTranslator,58
Wed Aug 23 22:15:59 AEST 2017 org.apache.commons.lang3.text.translate.CharSequenceTranslator,59
Wed Aug 23 22:15:59 AEST 2017 org.apache.commons.lang3.text.translate.CharSequenceTranslator,76
Wed Aug 23 22:16:00 AEST 2017 org.apache.commons.lang3.text.translate.CharSequenceTranslator,79
Wed Aug 23 22:16:09 AEST 2017 org.apache.commons.lang3.text.translate.CharSequenceTranslator,82
Wed Aug 23 22:18:36 AEST 2017 org.apache.commons.lang3.text.translate.CharSequenceTranslator,83
Wed Aug 23 22:18:36 AEST 2017 org.apache.commons.lang3.text.translate.CharSequenceTranslator,84
Wed Aug 23 22:29:51 AEST 2017 org.apache.commons.lang3.text.translate.CharSequenceTranslator,85
Wed Aug 23 22:29:52 AEST 2017 org.apache.commons.lang3.text.translate.CharSequenceTranslator,86
Wed Aug 23 22:29:52 AEST 2017 org.apache.commons.lang3.ArrayUtils,138
Wed Aug 23 22:29:53 AEST 2017 Wed Aug 23 22:29:53 AEST 2017 : org.apache.commons.lang3.ArrayUtils,139=>Find no block
Wed Aug 23 22:29:53 AEST 2017 org.apache.commons.lang3.ArrayUtils,159
Wed Aug 23 22:30:31 AEST 2017 org.apache.commons.lang3.ArrayUtils,175
Wed Aug 23 22:32:32 AEST 2017 org.apache.commons.lang3.ArrayUtils,176
Wed Aug 23 22:32:32 AEST 2017 org.apache.commons.lang3.ArrayUtils,178
Wed Aug 23 22:35:02 AEST 2017 org.apache.commons.lang3.ArrayUtils,190
Wed Aug 23 22:35:03 AEST 2017 org.apache.commons.lang3.ArrayUtils,204
Wed Aug 23 22:35:04 AEST 2017 org.apache.commons.lang3.ArrayUtils,235
Wed Aug 23 22:35:05 AEST 2017 org.apache.commons.lang3.ArrayUtils,236
Wed Aug 23 22:35:05 AEST 2017 org.apache.commons.lang3.ArrayUtils,238
Wed Aug 23 22:36:56 AEST 2017 org.apache.commons.lang3.ArrayUtils,239
Wed Aug 23 22:44:42 AEST 2017 org.apache.commons.lang3.ArrayUtils,240
Wed Aug 23 22:44:44 AEST 2017 org.apache.commons.lang3.ArrayUtils,241
Wed Aug 23 22:44:45 AEST 2017 org.apache.commons.lang3.ArrayUtils,242
Wed Aug 23 22:44:45 AEST 2017 org.apache.commons.lang3.ArrayUtils,243
Wed Aug 23 22:44:46 AEST 2017 org.apache.commons.lang3.ArrayUtils,244
Wed Aug 23 22:44:46 AEST 2017 org.apache.commons.lang3.ArrayUtils,245
Wed Aug 23 22:44:46 AEST 2017 org.apache.commons.lang3.ArrayUtils,246
Wed Aug 23 22:44:46 AEST 2017 org.apache.commons.lang3.ArrayUtils,247
Wed Aug 23 22:44:47 AEST 2017 org.apache.commons.lang3.ArrayUtils,251
Wed Aug 23 22:44:47 AEST 2017 Wed Aug 23 22:44:47 AEST 2017 : org.apache.commons.lang3.ArrayUtils,252=>Find no block
Wed Aug 23 22:44:47 AEST 2017 org.apache.commons.lang3.ArrayUtils,253
Wed Aug 23 22:44:48 AEST 2017 org.apache.commons.lang3.ArrayUtils,258
Wed Aug 23 22:49:47 AEST 2017 org.apache.commons.lang3.ArrayUtils,301
Wed Aug 23 22:49:48 AEST 2017 org.apache.commons.lang3.ArrayUtils,321
Wed Aug 23 22:49:49 AEST 2017 org.apache.commons.lang3.ArrayUtils,336
Wed Aug 23 22:49:49 AEST 2017 org.apache.commons.lang3.ArrayUtils,337
Wed Aug 23 22:49:49 AEST 2017 org.apache.commons.lang3.ArrayUtils,339
Wed Aug 23 22:49:50 AEST 2017 org.apache.commons.lang3.ArrayUtils,352
Wed Aug 23 22:49:50 AEST 2017 org.apache.commons.lang3.ArrayUtils,353
Wed Aug 23 22:49:51 AEST 2017 org.apache.commons.lang3.ArrayUtils,355
Wed Aug 23 22:49:51 AEST 2017 org.apache.commons.lang3.ArrayUtils,368
Wed Aug 23 22:49:51 AEST 2017 org.apache.commons.lang3.ArrayUtils,369
Wed Aug 23 22:49:51 AEST 2017 org.apache.commons.lang3.ArrayUtils,371
Wed Aug 23 22:49:52 AEST 2017 org.apache.commons.lang3.ArrayUtils,384
Wed Aug 23 22:49:52 AEST 2017 org.apache.commons.lang3.ArrayUtils,385
Wed Aug 23 22:49:52 AEST 2017 org.apache.commons.lang3.ArrayUtils,387
Wed Aug 23 22:49:53 AEST 2017 org.apache.commons.lang3.ArrayUtils,400
Wed Aug 23 22:49:53 AEST 2017 org.apache.commons.lang3.ArrayUtils,401
Wed Aug 23 22:49:53 AEST 2017 org.apache.commons.lang3.ArrayUtils,403
Wed Aug 23 22:49:53 AEST 2017 org.apache.commons.lang3.ArrayUtils,416
Wed Aug 23 22:49:54 AEST 2017 org.apache.commons.lang3.ArrayUtils,417
Wed Aug 23 22:49:54 AEST 2017 org.apache.commons.lang3.ArrayUtils,419
Wed Aug 23 22:49:54 AEST 2017 org.apache.commons.lang3.ArrayUtils,432
Wed Aug 23 22:49:55 AEST 2017 org.apache.commons.lang3.ArrayUtils,433
Wed Aug 23 22:49:55 AEST 2017 org.apache.commons.lang3.ArrayUtils,435
Wed Aug 23 22:49:55 AEST 2017 org.apache.commons.lang3.ArrayUtils,448
Wed Aug 23 22:49:55 AEST 2017 org.apache.commons.lang3.ArrayUtils,449
Wed Aug 23 22:49:56 AEST 2017 org.apache.commons.lang3.ArrayUtils,451
Wed Aug 23 22:49:56 AEST 2017 org.apache.commons.lang3.ArrayUtils,470
Wed Aug 23 22:54:49 AEST 2017 org.apache.commons.lang3.ArrayUtils,471
Wed Aug 23 22:54:49 AEST 2017 org.apache.commons.lang3.ArrayUtils,473
Wed Aug 23 22:59:40 AEST 2017 org.apache.commons.lang3.ArrayUtils,490
Wed Aug 23 23:04:38 AEST 2017 org.apache.commons.lang3.ArrayUtils,491
Wed Aug 23 23:04:38 AEST 2017 org.apache.commons.lang3.ArrayUtils,493
Wed Aug 23 23:09:34 AEST 2017 org.apache.commons.lang3.ArrayUtils,510
Wed Aug 23 23:14:34 AEST 2017 org.apache.commons.lang3.ArrayUtils,511
Wed Aug 23 23:14:34 AEST 2017 org.apache.commons.lang3.ArrayUtils,513
Wed Aug 23 23:19:47 AEST 2017 org.apache.commons.lang3.ArrayUtils,530
Wed Aug 23 23:24:46 AEST 2017 org.apache.commons.lang3.ArrayUtils,531
Wed Aug 23 23:24:47 AEST 2017 org.apache.commons.lang3.ArrayUtils,533
Wed Aug 23 23:30:00 AEST 2017 org.apache.commons.lang3.ArrayUtils,550
Wed Aug 23 23:34:59 AEST 2017 org.apache.commons.lang3.ArrayUtils,551
Wed Aug 23 23:34:59 AEST 2017 org.apache.commons.lang3.ArrayUtils,553
Wed Aug 23 23:40:11 AEST 2017 org.apache.commons.lang3.ArrayUtils,570
Wed Aug 23 23:45:10 AEST 2017 org.apache.commons.lang3.ArrayUtils,571
Wed Aug 23 23:45:10 AEST 2017 org.apache.commons.lang3.ArrayUtils,573
Wed Aug 23 23:51:04 AEST 2017 org.apache.commons.lang3.ArrayUtils,590
Wed Aug 23 23:56:06 AEST 2017 org.apache.commons.lang3.ArrayUtils,591
Wed Aug 23 23:56:06 AEST 2017 org.apache.commons.lang3.ArrayUtils,593
Thu Aug 24 00:01:18 AEST 2017 org.apache.commons.lang3.ArrayUtils,610
Thu Aug 24 00:06:24 AEST 2017 org.apache.commons.lang3.ArrayUtils,611
Thu Aug 24 00:06:24 AEST 2017 org.apache.commons.lang3.ArrayUtils,613
Thu Aug 24 00:11:38 AEST 2017 org.apache.commons.lang3.ArrayUtils,630
Thu Aug 24 00:16:38 AEST 2017 org.apache.commons.lang3.ArrayUtils,631
Thu Aug 24 00:16:38 AEST 2017 org.apache.commons.lang3.ArrayUtils,633
Thu Aug 24 00:21:53 AEST 2017 org.apache.commons.lang3.ArrayUtils,650
Thu Aug 24 00:27:04 AEST 2017 org.apache.commons.lang3.ArrayUtils,651
Thu Aug 24 00:27:04 AEST 2017 org.apache.commons.lang3.ArrayUtils,653
Thu Aug 24 00:32:18 AEST 2017 org.apache.commons.lang3.ArrayUtils,670
Thu Aug 24 00:37:12 AEST 2017 org.apache.commons.lang3.ArrayUtils,671
Thu Aug 24 00:37:12 AEST 2017 org.apache.commons.lang3.ArrayUtils,673
Thu Aug 24 00:41:55 AEST 2017 org.apache.commons.lang3.ArrayUtils,690
Thu Aug 24 00:46:49 AEST 2017 org.apache.commons.lang3.ArrayUtils,691
Thu Aug 24 00:46:50 AEST 2017 org.apache.commons.lang3.ArrayUtils,693
Thu Aug 24 00:51:38 AEST 2017 org.apache.commons.lang3.ArrayUtils,710
Thu Aug 24 00:56:33 AEST 2017 org.apache.commons.lang3.ArrayUtils,711
Thu Aug 24 00:56:33 AEST 2017 org.apache.commons.lang3.ArrayUtils,713
Thu Aug 24 01:01:17 AEST 2017 org.apache.commons.lang3.ArrayUtils,730
Thu Aug 24 01:06:13 AEST 2017 org.apache.commons.lang3.ArrayUtils,731
Thu Aug 24 01:06:13 AEST 2017 org.apache.commons.lang3.ArrayUtils,733
Thu Aug 24 01:10:55 AEST 2017 org.apache.commons.lang3.ArrayUtils,750
Thu Aug 24 01:15:50 AEST 2017 org.apache.commons.lang3.ArrayUtils,751
Thu Aug 24 01:15:50 AEST 2017 org.apache.commons.lang3.ArrayUtils,753
Thu Aug 24 01:20:31 AEST 2017 org.apache.commons.lang3.ArrayUtils,770
Thu Aug 24 01:25:25 AEST 2017 org.apache.commons.lang3.ArrayUtils,771
Thu Aug 24 01:25:25 AEST 2017 org.apache.commons.lang3.ArrayUtils,773
Thu Aug 24 01:30:08 AEST 2017 org.apache.commons.lang3.ArrayUtils,790
Thu Aug 24 01:34:58 AEST 2017 org.apache.commons.lang3.ArrayUtils,791
Thu Aug 24 01:34:58 AEST 2017 org.apache.commons.lang3.ArrayUtils,793
Thu Aug 24 01:39:42 AEST 2017 org.apache.commons.lang3.ArrayUtils,810
Timeout time : 17/08/24 01:40
