=================================================
Project : lang_60	start : 17/08/24 05:34
Current failed test : org.apache.commons.lang.text.StrBuilderTest::testLang295_purify_1 | 17/08/24 05:34
Thu Aug 24 05:34:54 AEST 2017 org.apache.commons.lang.text.StrBuilder,1672

----------------------------------------
----------------------------------------
Pass Single Test : [=>0,0]
if(thisBuf[i]==ch){
return false;
}

Time : 17/08/24 05:35
----------------------------------------

----------------------------------------
----------------------------------------
Pass Single Test : [=>0,0]
if(thisBuf[i]!=buffer[i]){
return true;
}

Time : 17/08/24 05:35
----------------------------------------

----------------------------------------
----------------------------------------
Pass Single Test : [=>0,0]
if(thisBuf[i]!=ch){
return false;
}

Time : 17/08/24 05:36
----------------------------------------

----------------------------------------
----------------------------------------
Pass Single Test : [=>0,0]
if(thisBuf[i]==buffer[i]){
return false;
}

Time : 17/08/24 05:36
----------------------------------------

----------------------------------------
----------------------------------------
Pass Single Test : [=>0,0]
if(thisBuf[i]!=buffer[i]){
return false;
}

Time : 17/08/24 05:36
----------------------------------------

----------------------------------------
----------------------------------------
Pass Single Test : [=>0,0]
if(thisBuf[i]==i){
return true;
}

Time : 17/08/24 05:37
----------------------------------------

----------------------------------------
----------------------------------------
Pass Single Test : [=>0,0]
ch=thisBuf[i];
if(thisBuf[i]==i){
return true;
}

Time : 17/08/24 05:38
----------------------------------------

----------------------------------------
----------------------------------------
Pass Single Test : [=>0,0]
if(ch=='\\'){
return true;
}

Time : 17/08/24 05:38
----------------------------------------

----------------------------------------
----------------------------------------
Pass Single Test : [=>0,0]
if(thisBuf[i]=='\\'){
return true;
}

Time : 17/08/24 05:39
----------------------------------------

----------------------------------------
----------------------------------------
Pass Single Test : [=>0,0]
if(thisBuf[i]=='0'){
return true;
}

Time : 17/08/24 05:40
----------------------------------------

----------------------------------------
----------------------------------------
Pass Single Test : [=>0,0]
if(thisBuf[i]=='0'){
return false;
}

Time : 17/08/24 05:40
----------------------------------------

----------------------------------------
----------------------------------------
Pass Single Test : [=>0,0]
if(thisBuf[i]!='0'){
return false;
}

Time : 17/08/24 05:41
----------------------------------------

----------------------------------------
----------------------------------------
Pass Single Test : [=>0,0]
if(ch=='Y'){
return true;
}

Time : 17/08/24 05:42
----------------------------------------

----------------------------------------
----------------------------------------
Pass Single Test : [=>0,0]
if(thisBuf[i]=='Y'){
return true;
}

Time : 17/08/24 05:42
----------------------------------------

----------------------------------------
----------------------------------------
Pass Single Test : [=>0,0]
if(ch=='T'){
return true;
}

Time : 17/08/24 05:43
----------------------------------------

----------------------------------------
----------------------------------------
Pass Single Test : [=>0,0]
if(thisBuf[i]=='T'){
return true;
}

Time : 17/08/24 05:43
----------------------------------------

----------------------------------------
----------------------------------------
Pass Single Test : [=>0,0]
if(ch=='y'){
return true;
}

Time : 17/08/24 05:44
----------------------------------------

----------------------------------------
----------------------------------------
Pass Single Test : [=>0,0]
if(thisBuf[i]=='y'){
return true;
}

Time : 17/08/24 05:44
----------------------------------------

----------------------------------------
----------------------------------------
Pass Single Test : [=>0,0]
if(ch=='t'){
return true;
}

Time : 17/08/24 05:45
----------------------------------------

----------------------------------------
----------------------------------------
Pass Single Test : [=>0,0]
for(int i=CAPACITY;i<thisBuf.length;i++){
if(thisBuf[i]==ch){
return true;
}
}

Time : 17/08/24 05:45
----------------------------------------

----------------------------------------
----------------------------------------
Pass Single Test : [=>0,0]
for(int i=0;i<size;i++){
if(thisBuf[i]==ch){
return true;
}
}

Time : 17/08/24 05:46
----------------------------------------

----------------------------------------
----------------------------------------
Similar code block : 1.6115366026174462 : [/home/similarfix/d4j/projects/lang/lang_60_buggy/src/java/org/apache/commons/lang/text/StrBuilder.java=>0,0]
for(int i=0;i<size;i++){
if(buffer[i]==ch){
deleteImpl(i,i+1,1);
break;
}
}

Time : 17/08/24 05:46
----------------------------------------

----------------------------------------
----------------------------------------
Original source code : [/home/similarfix/d4j/projects/lang/lang_60_buggy/src/java/org/apache/commons/lang/text/StrBuilder.java=>1673,1677]
for(int i=0;i<thisBuf.length;i++){
if(thisBuf[i]==ch){
return true;
}
}

Time : 17/08/24 05:46
----------------------------------------

----------------------------------------
----------------------------------------
Find a patch : [/home/similarfix/d4j/projects/lang/lang_60_buggy/src/java/org/apache/commons/lang/text/StrBuilder.java=>1673,1677]
for(int i=0;i<size;i++){
if(thisBuf[i]==ch){
return true;
}
}

Time : 17/08/24 05:46
----------------------------------------
Success time : 17/08/24 05:46
Current failed test : org.apache.commons.lang.text.StrBuilderTest::testLang295_purify_2 | 17/08/24 05:46
Thu Aug 24 05:46:57 AEST 2017 org.apache.commons.lang.text.StrBuilder,1714

----------------------------------------
----------------------------------------
Pass Single Test : [=>0,0]
return indexOf(newLine,0);

Time : 17/08/24 05:47
----------------------------------------

----------------------------------------
----------------------------------------
Pass Single Test : [=>0,0]
return lastIndexOf(ch,0);

Time : 17/08/24 05:47
----------------------------------------
Thu Aug 24 05:47:50 AEST 2017 org.apache.commons.lang.text.StrBuilder,1202

----------------------------------------
----------------------------------------
Pass Single Test : [=>0,0]
if(len>0){
size+=len;
int index=indexOf(str,0);
if(index>=0){
deleteImpl(index,index+len,len);
}
}

Time : 17/08/24 05:52
----------------------------------------

----------------------------------------
----------------------------------------
Pass Single Test : [=>0,0]
if(str==null){
return appendNull();
}
if(len>0){
size+=len;
int index=indexOf(str,0);
if(index>=0){
deleteImpl(index,index+len,len);
}
}

Time : 17/08/24 05:52
----------------------------------------
Thu Aug 24 06:03:51 AEST 2017 org.apache.commons.lang.text.StrBuilder,1203
Thu Aug 24 06:03:51 AEST 2017 org.apache.commons.lang.text.StrBuilder,1204
Thu Aug 24 06:03:51 AEST 2017 org.apache.commons.lang.text.StrBuilder,1205
Thu Aug 24 06:03:51 AEST 2017 org.apache.commons.lang.text.StrBuilder,1206
Thu Aug 24 06:03:51 AEST 2017 org.apache.commons.lang.text.StrBuilder,1209
Thu Aug 24 06:03:51 AEST 2017 org.apache.commons.lang.text.StrBuilder,1725

----------------------------------------
----------------------------------------
Pass Single Test : [=>0,0]
if(newLine==null||startIndex>=size){
return -1;
}

Time : 17/08/24 06:04
----------------------------------------

----------------------------------------
----------------------------------------
Pass Single Test : [=>0,0]
if(buffer.length>=size){
return -1;
}

Time : 17/08/24 06:07
----------------------------------------

----------------------------------------
----------------------------------------
Pass Single Test : [=>0,0]
if(buffer.length>size){
return -1;
}

Time : 17/08/24 06:07
----------------------------------------

----------------------------------------
----------------------------------------
Pass Single Test : [=>0,0]
if(CAPACITY>=size){
return -1;
}

Time : 17/08/24 06:08
----------------------------------------

----------------------------------------
----------------------------------------
Pass Single Test : [=>0,0]
if(thisBuf[startIndex]==ch){
return i;
}

Time : 17/08/24 06:09
----------------------------------------

----------------------------------------
----------------------------------------
Pass Single Test : [=>0,0]
if(thisBuf[i]!=buffer[i]){
return i;
}

Time : 17/08/24 06:09
----------------------------------------

----------------------------------------
----------------------------------------
Pass Single Test : [=>0,0]
if(thisBuf[i]==i){
return i;
}

Time : 17/08/24 06:10
----------------------------------------

----------------------------------------
----------------------------------------
Pass Single Test : [=>0,0]
ch=thisBuf[i];
if(thisBuf[i]==i){
return i;
}

Time : 17/08/24 06:10
----------------------------------------

----------------------------------------
----------------------------------------
Pass Single Test : [=>0,0]
if(thisBuf[i]=='0'){
return i;
}

Time : 17/08/24 06:12
----------------------------------------

----------------------------------------
----------------------------------------
Pass Single Test : [=>0,0]
if(ch=='\\'){
return i;
}

Time : 17/08/24 06:13
----------------------------------------

----------------------------------------
----------------------------------------
Pass Single Test : [=>0,0]
if(thisBuf[i]=='\\'){
return i;
}

Time : 17/08/24 06:13
----------------------------------------

----------------------------------------
----------------------------------------
Pass Single Test : [=>0,0]
for(int i=startIndex;i<size;i++){
if(thisBuf[i]==ch){
return i;
}
}

Time : 17/08/24 06:14
----------------------------------------

----------------------------------------
----------------------------------------
Similar code block : 1.6102087144668356 : [/home/similarfix/d4j/projects/lang/lang_60_buggy/src/java/org/apache/commons/lang/text/StrBuilder.java=>0,0]
for(int i=0;i<size;i++){
if(buffer[i]==ch){
deleteImpl(i,i+1,1);
break;
}
}

Time : 17/08/24 06:15
----------------------------------------

----------------------------------------
----------------------------------------
Original source code : [/home/similarfix/d4j/projects/lang/lang_60_buggy/src/java/org/apache/commons/lang/text/StrBuilder.java=>1730,1734]
for(int i=startIndex;i<thisBuf.length;i++){
if(thisBuf[i]==ch){
return i;
}
}

Time : 17/08/24 06:15
----------------------------------------

----------------------------------------
----------------------------------------
Find a patch : [/home/similarfix/d4j/projects/lang/lang_60_buggy/src/java/org/apache/commons/lang/text/StrBuilder.java=>1730,1734]
for(int i=startIndex;i<size;i++){
if(thisBuf[i]==ch){
return i;
}
}

Time : 17/08/24 06:15
----------------------------------------
Success time : 17/08/24 06:15
