=================================================
Project : lang_62	start : 17/08/24 04:48
Current failed test : org.apache.commons.lang.EntitiesTest::testNumberOverflow | 17/08/24 04:48
Thu Aug 24 04:50:42 AEST 2017 org.apache.commons.lang.Entities,840
Thu Aug 24 05:00:54 AEST 2017 org.apache.commons.lang.Entities,843
Thu Aug 24 05:06:51 AEST 2017 org.apache.commons.lang.Entities,845
Thu Aug 24 05:06:51 AEST 2017 org.apache.commons.lang.Entities,848
Thu Aug 24 05:06:51 AEST 2017 Thu Aug 24 05:06:51 AEST 2017 : org.apache.commons.lang.Entities,852=>Find no block
Thu Aug 24 05:06:52 AEST 2017 Thu Aug 24 05:06:52 AEST 2017 : org.apache.commons.lang.Entities,853=>Find no block
Thu Aug 24 05:06:52 AEST 2017 org.apache.commons.lang.Entities,862
Thu Aug 24 05:10:22 AEST 2017 org.apache.commons.lang.Entities,819
Thu Aug 24 05:15:26 AEST 2017 org.apache.commons.lang.Entities,820
Thu Aug 24 05:15:27 AEST 2017 org.apache.commons.lang.Entities,821
Thu Aug 24 05:54:18 AEST 2017 org.apache.commons.lang.Entities,822
Thu Aug 24 05:54:47 AEST 2017 org.apache.commons.lang.Entities,823
Thu Aug 24 05:54:47 AEST 2017 org.apache.commons.lang.Entities,824
Thu Aug 24 06:01:12 AEST 2017 org.apache.commons.lang.Entities,825
Thu Aug 24 06:01:13 AEST 2017 org.apache.commons.lang.Entities,829
Thu Aug 24 06:09:16 AEST 2017 org.apache.commons.lang.Entities,830
Thu Aug 24 06:09:16 AEST 2017 org.apache.commons.lang.Entities,835
Thu Aug 24 06:21:09 AEST 2017 org.apache.commons.lang.Entities,837
Thu Aug 24 06:21:09 AEST 2017 org.apache.commons.lang.Entities,839
Thu Aug 24 06:21:09 AEST 2017 org.apache.commons.lang.Entities,857
Thu Aug 24 06:21:09 AEST 2017 org.apache.commons.lang.Entities,864
Thu Aug 24 06:26:08 AEST 2017 Thu Aug 24 06:26:08 AEST 2017 : org.apache.commons.lang.Entities,865=>Find no block
Thu Aug 24 06:26:08 AEST 2017 org.apache.commons.lang.Entities,869
Thu Aug 24 06:36:56 AEST 2017 org.apache.commons.lang.Entities,814
Thu Aug 24 06:42:29 AEST 2017 org.apache.commons.lang.Entities,815
Thu Aug 24 06:46:02 AEST 2017 org.apache.commons.lang.Entities,427
Thu Aug 24 06:46:57 AEST 2017 org.apache.commons.lang.Entities,428
Thu Aug 24 06:46:57 AEST 2017 Thu Aug 24 06:46:57 AEST 2017 : org.apache.commons.lang.Entities,429=>Find no block
Thu Aug 24 06:46:58 AEST 2017 org.apache.commons.lang.IntHashMap,296
Thu Aug 24 06:48:03 AEST 2017 org.apache.commons.lang.IntHashMap,297
Thu Aug 24 06:48:03 AEST 2017 org.apache.commons.lang.IntHashMap,298
Thu Aug 24 06:53:49 AEST 2017 org.apache.commons.lang.IntHashMap,299
Thu Aug 24 06:53:49 AEST 2017 org.apache.commons.lang.IntHashMap,307
Thu Aug 24 06:57:32 AEST 2017 org.apache.commons.lang.IntHashMap,316
Thu Aug 24 07:03:10 AEST 2017 org.apache.commons.lang.IntHashMap,317
Thu Aug 24 07:03:44 AEST 2017 org.apache.commons.lang.IntHashMap,318
Thu Aug 24 07:04:11 AEST 2017 org.apache.commons.lang.IntHashMap,319
Thu Aug 24 07:04:11 AEST 2017 Thu Aug 24 07:04:11 AEST 2017 : org.apache.commons.lang.IntHashMap,83=>Find no block
Thu Aug 24 07:04:11 AEST 2017 org.apache.commons.lang.IntHashMap,84
Thu Aug 24 07:05:07 AEST 2017 org.apache.commons.lang.IntHashMap,85
Thu Aug 24 07:05:07 AEST 2017 org.apache.commons.lang.IntHashMap,86
Thu Aug 24 07:05:07 AEST 2017 org.apache.commons.lang.IntHashMap,87
Thu Aug 24 07:05:07 AEST 2017 Thu Aug 24 07:05:07 AEST 2017 : org.apache.commons.lang.IntHashMap,88=>Find no block
Thu Aug 24 07:05:08 AEST 2017 Thu Aug 24 07:05:08 AEST 2017 : org.apache.commons.lang.Entities,39=>Find no block
Thu Aug 24 07:05:08 AEST 2017 Thu Aug 24 07:05:08 AEST 2017 : org.apache.commons.lang.Entities,693=>Find no block
Thu Aug 24 07:05:08 AEST 2017 org.apache.commons.lang.Entities,713
Thu Aug 24 07:06:00 AEST 2017 Thu Aug 24 07:06:00 AEST 2017 : org.apache.commons.lang.Entities,714=>Find no block
Thu Aug 24 07:06:00 AEST 2017 Thu Aug 24 07:06:00 AEST 2017 : org.apache.commons.lang.Entities,502=>Find no block
Thu Aug 24 07:06:00 AEST 2017 Thu Aug 24 07:06:00 AEST 2017 : org.apache.commons.lang.Entities,504=>Find no block
Thu Aug 24 07:06:01 AEST 2017 Thu Aug 24 07:06:01 AEST 2017 : org.apache.commons.lang.Entities,419=>Find no block
Thu Aug 24 07:06:01 AEST 2017 Thu Aug 24 07:06:01 AEST 2017 : org.apache.commons.lang.Entities,420=>Find no block
Thu Aug 24 07:06:01 AEST 2017 Thu Aug 24 07:06:01 AEST 2017 : org.apache.commons.lang.Entities,421=>Find no block
Thu Aug 24 07:06:01 AEST 2017 org.apache.commons.lang.IntHashMap,96
Thu Aug 24 07:06:02 AEST 2017 Thu Aug 24 07:06:02 AEST 2017 : org.apache.commons.lang.IntHashMap,97=>Find no block
Thu Aug 24 07:06:02 AEST 2017 org.apache.commons.lang.IntHashMap,121
Thu Aug 24 07:06:21 AEST 2017 org.apache.commons.lang.IntHashMap,122
Thu Aug 24 07:06:40 AEST 2017 org.apache.commons.lang.IntHashMap,125
Thu Aug 24 07:06:40 AEST 2017 org.apache.commons.lang.IntHashMap,128
Thu Aug 24 07:07:00 AEST 2017 org.apache.commons.lang.IntHashMap,132
Thu Aug 24 07:07:40 AEST 2017 org.apache.commons.lang.IntHashMap,133
Thu Aug 24 07:08:04 AEST 2017 org.apache.commons.lang.IntHashMap,134
Thu Aug 24 07:08:04 AEST 2017 Thu Aug 24 07:08:04 AEST 2017 : org.apache.commons.lang.IntHashMap,135=>Find no block
Thu Aug 24 07:08:04 AEST 2017 org.apache.commons.lang.Entities,388
Thu Aug 24 07:08:05 AEST 2017 org.apache.commons.lang.Entities,389
Thu Aug 24 07:08:05 AEST 2017 org.apache.commons.lang.Entities,390
Thu Aug 24 07:08:05 AEST 2017 Thu Aug 24 07:08:05 AEST 2017 : org.apache.commons.lang.Entities,391=>Find no block
Thu Aug 24 07:08:05 AEST 2017 org.apache.commons.lang.Entities,701
Thu Aug 24 07:11:20 AEST 2017 org.apache.commons.lang.Entities,702
Thu Aug 24 07:11:21 AEST 2017 Thu Aug 24 07:11:21 AEST 2017 : org.apache.commons.lang.Entities,704=>Find no block
Thu Aug 24 07:11:21 AEST 2017 org.apache.commons.lang.Entities,723
Thu Aug 24 07:11:37 AEST 2017 org.apache.commons.lang.Entities,733
Thu Aug 24 07:11:43 AEST 2017 org.apache.commons.lang.Entities,747
Thu Aug 24 07:15:38 AEST 2017 org.apache.commons.lang.Entities,749
Thu Aug 24 07:24:37 AEST 2017 org.apache.commons.lang.Entities,750
Thu Aug 24 07:27:28 AEST 2017 org.apache.commons.lang.Entities,751
Thu Aug 24 07:27:28 AEST 2017 org.apache.commons.lang.Entities,752
Thu Aug 24 07:27:28 AEST 2017 org.apache.commons.lang.Entities,753
Thu Aug 24 07:27:29 AEST 2017 org.apache.commons.lang.Entities,754
Thu Aug 24 07:27:29 AEST 2017 org.apache.commons.lang.Entities,755
Thu Aug 24 07:27:29 AEST 2017 org.apache.commons.lang.Entities,756
Thu Aug 24 07:27:29 AEST 2017 org.apache.commons.lang.Entities,757
Thu Aug 24 07:27:29 AEST 2017 Thu Aug 24 07:27:29 AEST 2017 : org.apache.commons.lang.Entities,758=>Find no block
Thu Aug 24 07:27:29 AEST 2017 org.apache.commons.lang.Entities,759
Thu Aug 24 07:27:29 AEST 2017 org.apache.commons.lang.Entities,762
Thu Aug 24 07:29:01 AEST 2017 org.apache.commons.lang.Entities,763
Thu Aug 24 07:29:01 AEST 2017 org.apache.commons.lang.Entities,764
Thu Aug 24 07:29:02 AEST 2017 org.apache.commons.lang.Entities,767
Thu Aug 24 07:36:01 AEST 2017 org.apache.commons.lang.Entities,784
Thu Aug 24 07:40:16 AEST 2017 org.apache.commons.lang.Entities,785
Thu Aug 24 07:50:10 AEST 2017 org.apache.commons.lang.Entities,786
Thu Aug 24 07:52:47 AEST 2017 org.apache.commons.lang.Entities,787
Thu Aug 24 07:52:47 AEST 2017 org.apache.commons.lang.Entities,788
Thu Aug 24 07:52:48 AEST 2017 org.apache.commons.lang.Entities,789
Thu Aug 24 07:52:48 AEST 2017 org.apache.commons.lang.Entities,790
Thu Aug 24 07:52:48 AEST 2017 org.apache.commons.lang.Entities,791
Thu Aug 24 07:52:48 AEST 2017 org.apache.commons.lang.Entities,792
Thu Aug 24 07:52:48 AEST 2017 org.apache.commons.lang.Entities,794
Thu Aug 24 07:52:49 AEST 2017 org.apache.commons.lang.Entities,797
Thu Aug 24 07:53:50 AEST 2017 org.apache.commons.lang.Entities,798
Thu Aug 24 07:53:50 AEST 2017 org.apache.commons.lang.Entities,799
Thu Aug 24 07:53:50 AEST 2017 Thu Aug 24 07:53:50 AEST 2017 : org.apache.commons.lang.Entities,802=>Find no block
Thu Aug 24 07:53:51 AEST 2017 org.apache.commons.lang.Entities,816
Thu Aug 24 07:53:51 AEST 2017 org.apache.commons.lang.Entities,826
Thu Aug 24 07:53:51 AEST 2017 org.apache.commons.lang.Entities,827
Thu Aug 24 07:53:51 AEST 2017 org.apache.commons.lang.Entities,832
Thu Aug 24 07:53:51 AEST 2017 org.apache.commons.lang.Entities,833
Thu Aug 24 07:53:51 AEST 2017 org.apache.commons.lang.Entities,838
Thu Aug 24 07:53:52 AEST 2017 org.apache.commons.lang.Entities,841
Thu Aug 24 07:53:52 AEST 2017 org.apache.commons.lang.Entities,846
Thu Aug 24 07:53:52 AEST 2017 Thu Aug 24 07:53:52 AEST 2017 : org.apache.commons.lang.Entities,850=>Find no block
Thu Aug 24 07:53:52 AEST 2017 org.apache.commons.lang.Entities,851
Thu Aug 24 07:53:59 AEST 2017 org.apache.commons.lang.Entities,855
Thu Aug 24 07:54:00 AEST 2017 org.apache.commons.lang.Entities,858
Thu Aug 24 07:54:00 AEST 2017 org.apache.commons.lang.Entities,859
Thu Aug 24 07:54:00 AEST 2017 org.apache.commons.lang.Entities,860
Thu Aug 24 07:54:01 AEST 2017 org.apache.commons.lang.Entities,866
Thu Aug 24 07:54:02 AEST 2017 org.apache.commons.lang.Entities,885
Thu Aug 24 07:57:36 AEST 2017 org.apache.commons.lang.Entities,886
Thu Aug 24 07:59:18 AEST 2017 org.apache.commons.lang.Entities,887
Thu Aug 24 07:59:18 AEST 2017 org.apache.commons.lang.Entities,888
Thu Aug 24 07:59:18 AEST 2017 org.apache.commons.lang.Entities,891
Thu Aug 24 08:06:57 AEST 2017 org.apache.commons.lang.Entities,892
Thu Aug 24 08:06:57 AEST 2017 org.apache.commons.lang.Entities,893
Thu Aug 24 08:21:48 AEST 2017 org.apache.commons.lang.Entities,894
Thu Aug 24 08:22:13 AEST 2017 org.apache.commons.lang.Entities,895
Thu Aug 24 08:22:13 AEST 2017 org.apache.commons.lang.Entities,896
Thu Aug 24 08:25:12 AEST 2017 org.apache.commons.lang.Entities,897
Thu Aug 24 08:25:12 AEST 2017 org.apache.commons.lang.Entities,898
Thu Aug 24 08:25:12 AEST 2017 org.apache.commons.lang.Entities,899
Thu Aug 24 08:25:13 AEST 2017 org.apache.commons.lang.Entities,900
Thu Aug 24 08:25:13 AEST 2017 org.apache.commons.lang.Entities,902
Thu Aug 24 08:29:43 AEST 2017 org.apache.commons.lang.Entities,903
Thu Aug 24 08:29:43 AEST 2017 org.apache.commons.lang.Entities,905
Thu Aug 24 08:29:43 AEST 2017 org.apache.commons.lang.Entities,906
Thu Aug 24 08:29:47 AEST 2017 org.apache.commons.lang.Entities,908
Thu Aug 24 08:35:03 AEST 2017 org.apache.commons.lang.Entities,909
Thu Aug 24 08:39:24 AEST 2017 org.apache.commons.lang.Entities,910
Thu Aug 24 08:39:24 AEST 2017 org.apache.commons.lang.Entities,911
Thu Aug 24 08:39:24 AEST 2017 org.apache.commons.lang.Entities,912
Thu Aug 24 08:39:25 AEST 2017 org.apache.commons.lang.Entities,913
Thu Aug 24 08:39:25 AEST 2017 org.apache.commons.lang.Entities,914
Thu Aug 24 08:40:58 AEST 2017 Thu Aug 24 08:40:58 AEST 2017 : org.apache.commons.lang.Entities,916=>Find no block
Thu Aug 24 08:40:58 AEST 2017 org.apache.commons.lang.Entities,919
Thu Aug 24 08:40:59 AEST 2017 org.apache.commons.lang.Entities,922
Thu Aug 24 08:40:59 AEST 2017 Thu Aug 24 08:40:59 AEST 2017 : org.apache.commons.lang.Entities,926=>Find no block
Thu Aug 24 08:40:59 AEST 2017 Thu Aug 24 08:40:59 AEST 2017 : org.apache.commons.lang.Entities,925=>Find no block
Thu Aug 24 08:40:59 AEST 2017 Thu Aug 24 08:40:59 AEST 2017 : org.apache.commons.lang.Entities,927=>Find no block
Thu Aug 24 08:40:59 AEST 2017 org.apache.commons.lang.Entities,929
Thu Aug 24 08:41:00 AEST 2017 org.apache.commons.lang.Entities,933
Thu Aug 24 08:41:00 AEST 2017 org.apache.commons.lang.Entities,934
Thu Aug 24 08:41:00 AEST 2017 org.apache.commons.lang.Entities,935
Thu Aug 24 08:41:01 AEST 2017 org.apache.commons.lang.Entities,936
Thu Aug 24 08:41:01 AEST 2017 org.apache.commons.lang.Entities,938
Thu Aug 24 08:41:01 AEST 2017 org.apache.commons.lang.Entities,940
Thu Aug 24 08:46:03 AEST 2017 Thu Aug 24 08:46:03 AEST 2017 : org.apache.commons.lang.Entities,941=>Find no block
Thu Aug 24 08:46:03 AEST 2017 org.apache.commons.lang.Entities,942
Thu Aug 24 08:46:03 AEST 2017 Thu Aug 24 08:46:03 AEST 2017 : org.apache.commons.lang.Entities,945=>Find no block
Thu Aug 24 08:46:03 AEST 2017 Thu Aug 24 08:46:03 AEST 2017 : org.apache.commons.lang.Entities,496=>Find no block
Thu Aug 24 08:46:04 AEST 2017 org.apache.commons.lang.Entities,497
Thu Aug 24 08:46:04 AEST 2017 org.apache.commons.lang.Entities,498
Thu Aug 24 08:46:04 AEST 2017 Thu Aug 24 08:46:04 AEST 2017 : org.apache.commons.lang.Entities,499=>Find no block
Thu Aug 24 08:46:04 AEST 2017 Thu Aug 24 08:46:04 AEST 2017 : org.apache.commons.lang.Entities,451=>Find no block
Thu Aug 24 08:46:05 AEST 2017 org.apache.commons.lang.Entities,459
Thu Aug 24 08:47:41 AEST 2017 org.apache.commons.lang.Entities,460
Thu Aug 24 08:47:41 AEST 2017 Thu Aug 24 08:47:41 AEST 2017 : org.apache.commons.lang.Entities,461=>Find no block
Thu Aug 24 08:47:41 AEST 2017 org.apache.commons.lang.Entities,467
Thu Aug 24 08:47:47 AEST 2017 org.apache.commons.lang.Entities,474
Thu Aug 24 08:49:00 AEST 2017 org.apache.commons.lang.Entities,475
Thu Aug 24 08:49:29 AEST 2017 org.apache.commons.lang.Entities,476
Thu Aug 24 08:49:29 AEST 2017 org.apache.commons.lang.Entities,478
Thu Aug 24 08:49:29 AEST 2017 org.apache.commons.lang.Entities,624
Thu Aug 24 08:49:30 AEST 2017 Thu Aug 24 08:49:30 AEST 2017 : org.apache.commons.lang.Entities,625=>Find no block
Thu Aug 24 08:49:30 AEST 2017 org.apache.commons.lang.Entities,634
Thu Aug 24 08:49:31 AEST 2017 Thu Aug 24 08:49:31 AEST 2017 : org.apache.commons.lang.Entities,635=>Find no block
Thu Aug 24 08:49:31 AEST 2017 org.apache.commons.lang.Entities,645
Thu Aug 24 08:50:00 AEST 2017 org.apache.commons.lang.Entities,646
Thu Aug 24 08:50:00 AEST 2017 org.apache.commons.lang.Entities,648
Thu Aug 24 08:50:35 AEST 2017 org.apache.commons.lang.Entities,649
Thu Aug 24 08:50:35 AEST 2017 org.apache.commons.lang.Entities,650
Thu Aug 24 08:50:35 AEST 2017 org.apache.commons.lang.Entities,652
Thu Aug 24 08:50:35 AEST 2017 org.apache.commons.lang.Entities,653
Thu Aug 24 08:50:36 AEST 2017 org.apache.commons.lang.Entities,654
Thu Aug 24 08:50:36 AEST 2017 org.apache.commons.lang.Entities,655
Thu Aug 24 08:50:36 AEST 2017 org.apache.commons.lang.Entities,657
Thu Aug 24 08:50:36 AEST 2017 Thu Aug 24 08:50:36 AEST 2017 : org.apache.commons.lang.Entities,659=>Find no block
Thu Aug 24 08:50:36 AEST 2017 org.apache.commons.lang.Entities,660
Thu Aug 24 08:51:12 AEST 2017 org.apache.commons.lang.Entities,667
Thu Aug 24 08:52:29 AEST 2017 org.apache.commons.lang.Entities,668
Thu Aug 24 08:52:29 AEST 2017 org.apache.commons.lang.Entities,669
Thu Aug 24 08:52:30 AEST 2017 org.apache.commons.lang.Entities,670
Thu Aug 24 08:52:31 AEST 2017 org.apache.commons.lang.Entities,672
Thu Aug 24 08:56:59 AEST 2017 org.apache.commons.lang.Entities,673
Thu Aug 24 09:01:11 AEST 2017 org.apache.commons.lang.Entities,674
Thu Aug 24 09:05:43 AEST 2017 org.apache.commons.lang.Entities,675
Thu Aug 24 09:09:13 AEST 2017 org.apache.commons.lang.Entities,676
Thu Aug 24 09:13:57 AEST 2017 org.apache.commons.lang.Entities,677
Thu Aug 24 09:13:57 AEST 2017 Thu Aug 24 09:13:57 AEST 2017 : org.apache.commons.lang.Entities,678=>Find no block
Thu Aug 24 09:13:57 AEST 2017 org.apache.commons.lang.Entities,684
Thu Aug 24 09:15:48 AEST 2017 org.apache.commons.lang.Entities,685
Thu Aug 24 09:16:26 AEST 2017 org.apache.commons.lang.Entities,686
Failed time : 17/08/24 09:16
