=================================================
Project : lang_8	start : 17/08/23 18:03
Current failed test : org.apache.commons.lang3.time.FastDatePrinterTest::testCalendarTimezoneRespected_purify_2 | 17/08/23 18:04
Wed Aug 23 18:04:57 AEST 2017 org.apache.commons.lang3.time.FastDatePrinter,1004
Wed Aug 23 18:06:41 AEST 2017 org.apache.commons.lang3.time.FastDatePrinter,1005
Wed Aug 23 18:07:26 AEST 2017 org.apache.commons.lang3.time.FastDatePrinter,1006
Wed Aug 23 18:07:26 AEST 2017 org.apache.commons.lang3.time.FastDatePrinter,1008
Wed Aug 23 18:07:26 AEST 2017 Wed Aug 23 18:07:26 AEST 2017 : org.apache.commons.lang3.time.FastDatePrinter,1009=>Find no block
Wed Aug 23 18:07:27 AEST 2017 org.apache.commons.lang3.time.FastDateParser,570
Wed Aug 23 18:07:28 AEST 2017 org.apache.commons.lang3.time.FastDatePrinter,1134
Wed Aug 23 18:08:17 AEST 2017 org.apache.commons.lang3.time.FastDatePrinter,1138
Wed Aug 23 18:08:17 AEST 2017 Wed Aug 23 18:08:17 AEST 2017 : org.apache.commons.lang3.time.FastDatePrinter,1140=>Find no block
Wed Aug 23 18:08:17 AEST 2017 org.apache.commons.lang3.time.FastDatePrinter,734
Wed Aug 23 18:10:42 AEST 2017 org.apache.commons.lang3.time.FastDatePrinter,735
Wed Aug 23 18:10:43 AEST 2017 org.apache.commons.lang3.time.FastDatePrinter,736
Wed Aug 23 18:10:43 AEST 2017 Wed Aug 23 18:10:43 AEST 2017 : org.apache.commons.lang3.time.FastDatePrinter,1109=>Find no block
Wed Aug 23 18:10:43 AEST 2017 org.apache.commons.lang3.time.FastDatePrinter,1110
Wed Aug 23 18:10:57 AEST 2017 org.apache.commons.lang3.time.FastDatePrinter,1111
Wed Aug 23 18:10:58 AEST 2017 org.apache.commons.lang3.time.FastDatePrinter,1112
Wed Aug 23 18:10:58 AEST 2017 org.apache.commons.lang3.time.FastDatePrinter,1114
Wed Aug 23 18:10:58 AEST 2017 org.apache.commons.lang3.time.FastDatePrinter,1115
Wed Aug 23 18:10:58 AEST 2017 Wed Aug 23 18:10:58 AEST 2017 : org.apache.commons.lang3.time.FastDatePrinter,1116=>Find no block
Wed Aug 23 18:10:58 AEST 2017 org.apache.commons.lang3.time.FastDatePrinter,1126
Wed Aug 23 18:11:08 AEST 2017 org.apache.commons.lang3.time.FastDatePrinter,692
Wed Aug 23 18:11:52 AEST 2017 Wed Aug 23 18:11:52 AEST 2017 : org.apache.commons.lang3.time.FastDatePrinter,693=>Find no block
Wed Aug 23 18:11:52 AEST 2017 org.apache.commons.lang3.time.FastDatePrinter,259
Wed Aug 23 18:12:37 AEST 2017 org.apache.commons.lang3.time.FastDatePrinter,262
Wed Aug 23 18:12:38 AEST 2017 org.apache.commons.lang3.time.FastDatePrinter,264
Wed Aug 23 18:14:39 AEST 2017 org.apache.commons.lang3.time.FastDatePrinter,1079
Wed Aug 23 18:16:55 AEST 2017 org.apache.commons.lang3.time.FastDatePrinter,1080
Wed Aug 23 18:16:55 AEST 2017 org.apache.commons.lang3.time.FastDatePrinter,1081
Wed Aug 23 18:16:56 AEST 2017 org.apache.commons.lang3.time.FastDatePrinter,1083
Wed Aug 23 18:16:56 AEST 2017 org.apache.commons.lang3.time.FastDatePrinter,1084
Wed Aug 23 18:16:56 AEST 2017 org.apache.commons.lang3.time.FastDatePrinter,1085
Wed Aug 23 18:16:57 AEST 2017 org.apache.commons.lang3.time.FastDatePrinter,1089
Wed Aug 23 18:16:57 AEST 2017 Wed Aug 23 18:16:57 AEST 2017 : org.apache.commons.lang3.time.FastDatePrinter,1216=>Find no block
Wed Aug 23 18:16:57 AEST 2017 org.apache.commons.lang3.time.FastDatePrinter,1217
Wed Aug 23 18:17:00 AEST 2017 org.apache.commons.lang3.time.FastDatePrinter,1218
Wed Aug 23 18:17:00 AEST 2017 org.apache.commons.lang3.time.FastDatePrinter,1219
Wed Aug 23 18:17:00 AEST 2017 org.apache.commons.lang3.time.FastDatePrinter,1221
Wed Aug 23 18:17:00 AEST 2017 org.apache.commons.lang3.time.FastDatePrinter,1222
Wed Aug 23 18:17:01 AEST 2017 Wed Aug 23 18:17:01 AEST 2017 : org.apache.commons.lang3.time.FastDatePrinter,1223=>Find no block
Wed Aug 23 18:17:01 AEST 2017 org.apache.commons.lang3.time.FastDatePrinter,1230
Wed Aug 23 18:17:10 AEST 2017 org.apache.commons.lang3.time.FastDatePrinter,1238
Wed Aug 23 18:18:17 AEST 2017 org.apache.commons.lang3.time.FastDatePrinter,1241
Wed Aug 23 18:18:49 AEST 2017 org.apache.commons.lang3.time.FastDatePrinter,1242
Wed Aug 23 18:18:49 AEST 2017 org.apache.commons.lang3.time.FastDatePrinter,1243
Wed Aug 23 18:18:49 AEST 2017 org.apache.commons.lang3.time.FastDatePrinter,732
Wed Aug 23 18:23:55 AEST 2017 Wed Aug 23 18:23:55 AEST 2017 : org.apache.commons.lang3.time.FastDatePrinter,740=>Find no block
Wed Aug 23 18:23:55 AEST 2017 org.apache.commons.lang3.time.FastDateFormat,119
Wed Aug 23 18:23:57 AEST 2017 org.apache.commons.lang3.time.FastDateParser,450
Wed Aug 23 18:24:00 AEST 2017 org.apache.commons.lang3.time.FastDatePrinter,220
Wed Aug 23 18:24:21 AEST 2017 org.apache.commons.lang3.time.FastDatePrinter,221
Wed Aug 23 18:24:23 AEST 2017 Wed Aug 23 18:24:23 AEST 2017 : org.apache.commons.lang3.time.FastDatePrinter,987=>Find no block
Wed Aug 23 18:24:23 AEST 2017 org.apache.commons.lang3.time.FastDatePrinter,988
Wed Aug 23 18:24:24 AEST 2017 Wed Aug 23 18:24:24 AEST 2017 : org.apache.commons.lang3.time.FastDatePrinter,989=>Find no block
Wed Aug 23 18:24:24 AEST 2017 org.apache.commons.lang3.time.FastDatePrinter,996
Wed Aug 23 18:24:26 AEST 2017 org.apache.commons.lang3.time.FastDateParser,446
Wed Aug 23 18:25:38 AEST 2017 org.apache.commons.lang3.time.FastDateParser,478
Wed Aug 23 18:25:54 AEST 2017 org.apache.commons.lang3.time.FastDatePrinter,250
Wed Aug 23 18:26:17 AEST 2017 org.apache.commons.lang3.time.FastDatePrinter,251
Wed Aug 23 18:26:18 AEST 2017 org.apache.commons.lang3.time.FormatCache,77
Wed Aug 23 18:26:43 AEST 2017 org.apache.commons.lang3.time.FastDateParser,503
Wed Aug 23 18:28:18 AEST 2017 org.apache.commons.lang3.time.FormatCache,74
Wed Aug 23 18:28:19 AEST 2017 org.apache.commons.lang3.time.FastDatePrinter,359
Wed Aug 23 18:28:32 AEST 2017 Wed Aug 23 18:28:32 AEST 2017 : org.apache.commons.lang3.time.FastDatePrinter,707=>Find no block
Wed Aug 23 18:28:33 AEST 2017 org.apache.commons.lang3.time.FastDatePrinter,708
Wed Aug 23 18:28:48 AEST 2017 Wed Aug 23 18:28:48 AEST 2017 : org.apache.commons.lang3.time.FastDatePrinter,709=>Find no block
Wed Aug 23 18:28:48 AEST 2017 org.apache.commons.lang3.time.FastDatePrinter,716
Wed Aug 23 18:28:50 AEST 2017 org.apache.commons.lang3.time.FastDateParser,346
Wed Aug 23 18:29:01 AEST 2017 Wed Aug 23 18:29:01 AEST 2017 : org.apache.commons.lang3.time.FastDateParser,560=>Find no block
Wed Aug 23 18:29:02 AEST 2017 org.apache.commons.lang3.time.FastDateParser,561
Wed Aug 23 18:29:37 AEST 2017 org.apache.commons.lang3.time.FastDateParser,562
Wed Aug 23 18:29:38 AEST 2017 Wed Aug 23 18:29:38 AEST 2017 : org.apache.commons.lang3.time.FastDateParser,563=>Find no block
Wed Aug 23 18:29:38 AEST 2017 org.apache.commons.lang3.time.FastDateParser,578
Wed Aug 23 18:34:58 AEST 2017 org.apache.commons.lang3.time.FastDateParser,579
Wed Aug 23 18:34:59 AEST 2017 org.apache.commons.lang3.time.FastDateParser,580
Wed Aug 23 18:34:59 AEST 2017 Wed Aug 23 18:34:59 AEST 2017 : org.apache.commons.lang3.time.FastDateParser,581=>Find no block
Wed Aug 23 18:34:59 AEST 2017 org.apache.commons.lang3.time.FastDateParser,582
Wed Aug 23 18:35:00 AEST 2017 org.apache.commons.lang3.time.FastDateParser,583
Wed Aug 23 18:35:00 AEST 2017 org.apache.commons.lang3.time.FastDateParser,463
Wed Aug 23 18:36:08 AEST 2017 Wed Aug 23 18:36:08 AEST 2017 : org.apache.commons.lang3.time.FastDatePrinter,667=>Find no block
Wed Aug 23 18:36:09 AEST 2017 org.apache.commons.lang3.time.FastDatePrinter,668
Wed Aug 23 18:36:22 AEST 2017 org.apache.commons.lang3.time.FastDatePrinter,669
Wed Aug 23 18:36:22 AEST 2017 Wed Aug 23 18:36:22 AEST 2017 : org.apache.commons.lang3.time.FastDatePrinter,670=>Find no block
Wed Aug 23 18:36:23 AEST 2017 org.apache.commons.lang3.time.FastDatePrinter,677
Wed Aug 23 18:44:24 AEST 2017 org.apache.commons.lang3.time.FastDatePrinter,678
Wed Aug 23 18:44:24 AEST 2017 org.apache.commons.lang3.time.FastDatePrinter,679
Wed Aug 23 18:44:24 AEST 2017 org.apache.commons.lang3.time.FastDatePrinter,680
Wed Aug 23 18:44:24 AEST 2017 org.apache.commons.lang3.time.FastDatePrinter,681
Wed Aug 23 18:44:24 AEST 2017 Wed Aug 23 18:44:24 AEST 2017 : org.apache.commons.lang3.time.FastDatePrinter,683=>Find no block
Wed Aug 23 18:44:25 AEST 2017 org.apache.commons.lang3.time.FastDatePrinter,684
Wed Aug 23 18:44:25 AEST 2017 Wed Aug 23 18:44:25 AEST 2017 : org.apache.commons.lang3.time.FastDateParser,686=>Find no block
Wed Aug 23 18:44:25 AEST 2017 Wed Aug 23 18:44:25 AEST 2017 : org.apache.commons.lang3.time.FastDateParser,680=>Find no block
Wed Aug 23 18:44:25 AEST 2017 org.apache.commons.lang3.time.FastDateParser,687
Wed Aug 23 18:45:12 AEST 2017 org.apache.commons.lang3.time.FastDateParser,688
Wed Aug 23 18:45:12 AEST 2017 org.apache.commons.lang3.time.FastDateParser,689
Wed Aug 23 18:45:13 AEST 2017 org.apache.commons.lang3.time.FastDateParser,691
Wed Aug 23 18:45:13 AEST 2017 org.apache.commons.lang3.time.FastDateParser,692
Wed Aug 23 18:45:13 AEST 2017 org.apache.commons.lang3.time.FastDateParser,693
Wed Aug 23 18:45:13 AEST 2017 org.apache.commons.lang3.time.FastDateParser,694
Wed Aug 23 18:45:14 AEST 2017 org.apache.commons.lang3.time.FastDateParser,695
Wed Aug 23 18:45:14 AEST 2017 org.apache.commons.lang3.time.FastDateParser,696
Wed Aug 23 18:45:14 AEST 2017 org.apache.commons.lang3.time.FastDateParser,699
Wed Aug 23 18:45:48 AEST 2017 org.apache.commons.lang3.time.FastDateParser,700
Wed Aug 23 18:46:57 AEST 2017 org.apache.commons.lang3.time.FastDateParser,701
Wed Aug 23 18:48:27 AEST 2017 org.apache.commons.lang3.time.FastDateParser,702
Wed Aug 23 18:48:27 AEST 2017 Wed Aug 23 18:48:27 AEST 2017 : org.apache.commons.lang3.time.FastDateParser,703=>Find no block
Wed Aug 23 18:48:28 AEST 2017 org.apache.commons.lang3.time.FastDateParser,704
Wed Aug 23 18:53:27 AEST 2017 org.apache.commons.lang3.time.FastDateParser,705
Wed Aug 23 18:53:27 AEST 2017 Wed Aug 23 18:53:27 AEST 2017 : org.apache.commons.lang3.time.FastDateParser,706=>Find no block
Wed Aug 23 18:53:27 AEST 2017 org.apache.commons.lang3.time.FastDateParser,721
Wed Aug 23 18:54:36 AEST 2017 org.apache.commons.lang3.time.FastDateParser,722
Wed Aug 23 18:54:36 AEST 2017 org.apache.commons.lang3.time.FastDateParser,305
Wed Aug 23 18:58:29 AEST 2017 org.apache.commons.lang3.time.FastDateParser,454
Wed Aug 23 18:58:32 AEST 2017 org.apache.commons.lang3.time.FastDatePrinter,226
Wed Aug 23 18:59:40 AEST 2017 org.apache.commons.lang3.time.FastDatePrinter,227
Wed Aug 23 19:00:35 AEST 2017 Wed Aug 23 19:00:35 AEST 2017 : org.apache.commons.lang3.time.FastDateParser,616=>Find no block
Wed Aug 23 19:00:35 AEST 2017 org.apache.commons.lang3.time.FastDateParser,617
Wed Aug 23 19:00:36 AEST 2017 Wed Aug 23 19:00:36 AEST 2017 : org.apache.commons.lang3.time.FastDateParser,618=>Find no block
Wed Aug 23 19:00:37 AEST 2017 Wed Aug 23 19:00:37 AEST 2017 : org.apache.commons.lang3.time.FastDateParser,476=>Find no block
Wed Aug 23 19:00:37 AEST 2017 org.apache.commons.lang3.time.FastDateParser,477
Wed Aug 23 19:00:37 AEST 2017 org.apache.commons.lang3.time.FastDateParser,480
Wed Aug 23 19:00:39 AEST 2017 org.apache.commons.lang3.time.FastDateParser,492
Wed Aug 23 19:00:39 AEST 2017 org.apache.commons.lang3.time.FastDateParser,493
Wed Aug 23 19:00:39 AEST 2017 org.apache.commons.lang3.time.FastDateParser,494
Wed Aug 23 19:00:40 AEST 2017 org.apache.commons.lang3.time.FastDateParser,495
Wed Aug 23 19:00:40 AEST 2017 org.apache.commons.lang3.time.FastDateParser,498
Wed Aug 23 19:00:40 AEST 2017 org.apache.commons.lang3.time.FastDateParser,499
Wed Aug 23 19:00:41 AEST 2017 Wed Aug 23 19:00:41 AEST 2017 : org.apache.commons.lang3.time.FastDateParser,766=>Find no block
Wed Aug 23 19:00:41 AEST 2017 Wed Aug 23 19:00:41 AEST 2017 : org.apache.commons.lang3.time.FormatCache,35=>Find no block
Wed Aug 23 19:00:42 AEST 2017 Wed Aug 23 19:00:42 AEST 2017 : org.apache.commons.lang3.time.FormatCache,41=>Find no block
Wed Aug 23 19:00:42 AEST 2017 Wed Aug 23 19:00:42 AEST 2017 : org.apache.commons.lang3.time.FormatCache,171=>Find no block
Wed Aug 23 19:00:42 AEST 2017 Wed Aug 23 19:00:42 AEST 2017 : org.apache.commons.lang3.time.FastDateFormat,88=>Find no block
Wed Aug 23 19:00:42 AEST 2017 Wed Aug 23 19:00:42 AEST 2017 : org.apache.commons.lang3.time.FastDateParser,760=>Find no block
Wed Aug 23 19:00:43 AEST 2017 Wed Aug 23 19:00:43 AEST 2017 : org.apache.commons.lang3.time.FastDateParser,660=>Find no block
Wed Aug 23 19:00:43 AEST 2017 Wed Aug 23 19:00:43 AEST 2017 : org.apache.commons.lang3.time.FastDateParser,747=>Find no block
Wed Aug 23 19:00:43 AEST 2017 org.apache.commons.lang3.time.FastDateFormat,420
Wed Aug 23 19:00:44 AEST 2017 org.apache.commons.lang3.time.FastDatePrinter,415
Wed Aug 23 19:00:56 AEST 2017 org.apache.commons.lang3.time.FastDatePrinter,441
Wed Aug 23 19:00:58 AEST 2017 org.apache.commons.lang3.time.FastDatePrinter,616
Wed Aug 23 19:01:58 AEST 2017 Wed Aug 23 19:01:58 AEST 2017 : org.apache.commons.lang3.time.FastDatePrinter,617=>Find no block
Wed Aug 23 19:01:58 AEST 2017 org.apache.commons.lang3.time.FastDatePrinter,880
Wed Aug 23 19:02:20 AEST 2017 Wed Aug 23 19:02:20 AEST 2017 : org.apache.commons.lang3.time.FastDatePrinter,881=>Find no block
Wed Aug 23 19:02:21 AEST 2017 org.apache.commons.lang3.time.FastDatePrinter,888
Wed Aug 23 19:02:21 AEST 2017 org.apache.commons.lang3.time.FastDatePrinter,889
Wed Aug 23 19:02:21 AEST 2017 org.apache.commons.lang3.time.FastDatePrinter,890
Wed Aug 23 19:02:22 AEST 2017 Wed Aug 23 19:02:22 AEST 2017 : org.apache.commons.lang3.time.FastDatePrinter,894=>Find no block
Wed Aug 23 19:02:22 AEST 2017 org.apache.commons.lang3.time.FastDatePrinter,453
Wed Aug 23 19:03:00 AEST 2017 org.apache.commons.lang3.time.FastDatePrinter,454
Wed Aug 23 19:03:00 AEST 2017 org.apache.commons.lang3.time.FastDatePrinter,456
Wed Aug 23 19:03:33 AEST 2017 org.apache.commons.lang3.time.FastDateParser,525
Wed Aug 23 19:05:49 AEST 2017 org.apache.commons.lang3.time.FastDateParser,526
Wed Aug 23 19:06:41 AEST 2017 org.apache.commons.lang3.time.FastDateParser,529
Wed Aug 23 19:06:42 AEST 2017 Wed Aug 23 19:06:42 AEST 2017 : org.apache.commons.lang3.time.FastDateParser,97=>Find no block
Wed Aug 23 19:06:42 AEST 2017 org.apache.commons.lang3.time.FastDateParser,98
Wed Aug 23 19:07:26 AEST 2017 org.apache.commons.lang3.time.FastDateParser,99
Wed Aug 23 19:07:26 AEST 2017 org.apache.commons.lang3.time.FastDateParser,100
Wed Aug 23 19:07:27 AEST 2017 org.apache.commons.lang3.time.FastDateParser,101
Wed Aug 23 19:07:27 AEST 2017 Wed Aug 23 19:07:27 AEST 2017 : org.apache.commons.lang3.time.FastDateParser,102=>Find no block
Wed Aug 23 19:07:27 AEST 2017 org.apache.commons.lang3.time.FastDateParser,141
Wed Aug 23 19:08:16 AEST 2017 org.apache.commons.lang3.time.FastDateParser,300
Wed Aug 23 19:12:57 AEST 2017 org.apache.commons.lang3.time.FastDateParser,301
Wed Aug 23 19:20:32 AEST 2017 org.apache.commons.lang3.time.FastDateParser,302
Wed Aug 23 19:20:55 AEST 2017 Wed Aug 23 19:20:55 AEST 2017 : org.apache.commons.lang3.time.FastDateParser,303=>Find no block
Wed Aug 23 19:20:55 AEST 2017 org.apache.commons.lang3.time.FastDateParser,331
Wed Aug 23 19:23:54 AEST 2017 org.apache.commons.lang3.time.FastDateParser,333
Wed Aug 23 19:32:53 AEST 2017 org.apache.commons.lang3.time.FastDateParser,334
Wed Aug 23 19:32:54 AEST 2017 org.apache.commons.lang3.time.FastDateParser,426
Wed Aug 23 19:33:10 AEST 2017 Wed Aug 23 19:33:10 AEST 2017 : org.apache.commons.lang3.time.FastDateFormat,368=>Find no block
Wed Aug 23 19:33:10 AEST 2017 org.apache.commons.lang3.time.FastDateFormat,369
Wed Aug 23 19:33:43 AEST 2017 org.apache.commons.lang3.time.FastDateFormat,370
Wed Aug 23 19:33:43 AEST 2017 Wed Aug 23 19:33:43 AEST 2017 : org.apache.commons.lang3.time.FastDateFormat,371=>Find no block
Wed Aug 23 19:33:44 AEST 2017 org.apache.commons.lang3.time.FormatCache,82
Wed Aug 23 19:33:53 AEST 2017 org.apache.commons.lang3.time.FormatCache,83
Wed Aug 23 19:33:54 AEST 2017 org.apache.commons.lang3.time.FormatCache,84
Wed Aug 23 19:33:54 AEST 2017 Wed Aug 23 19:33:54 AEST 2017 : org.apache.commons.lang3.time.FastDateFormat,91=>Find no block
Wed Aug 23 19:33:54 AEST 2017 Wed Aug 23 19:33:54 AEST 2017 : org.apache.commons.lang3.time.FastDateParser,516=>Find no block
Wed Aug 23 19:33:54 AEST 2017 org.apache.commons.lang3.time.FastDateParser,517
Wed Aug 23 19:33:55 AEST 2017 Wed Aug 23 19:33:55 AEST 2017 : org.apache.commons.lang3.time.FastDateParser,518=>Find no block
Wed Aug 23 19:33:56 AEST 2017 org.apache.commons.lang3.time.FastDateParser,537
Wed Aug 23 19:34:31 AEST 2017 org.apache.commons.lang3.time.FastDateParser,538
Wed Aug 23 19:34:32 AEST 2017 org.apache.commons.lang3.time.FastDateParser,132
Wed Aug 23 19:34:32 AEST 2017 org.apache.commons.lang3.time.FastDateParser,633
Wed Aug 23 19:34:33 AEST 2017 org.apache.commons.lang3.time.FastDateParser,637
Wed Aug 23 19:34:34 AEST 2017 org.apache.commons.lang3.time.FastDateParser,639
Wed Aug 23 19:35:21 AEST 2017 org.apache.commons.lang3.time.FastDateParser,109
Wed Aug 23 19:37:22 AEST 2017 org.apache.commons.lang3.time.FastDateParser,110
Wed Aug 23 19:37:22 AEST 2017 org.apache.commons.lang3.time.FastDateParser,112
Wed Aug 23 19:38:37 AEST 2017 org.apache.commons.lang3.time.FastDateParser,113
Wed Aug 23 19:39:10 AEST 2017 org.apache.commons.lang3.time.FastDateParser,115
Wed Aug 23 19:39:45 AEST 2017 org.apache.commons.lang3.time.FastDateParser,116
Wed Aug 23 19:40:12 AEST 2017 org.apache.commons.lang3.time.FastDateParser,121
Wed Aug 23 19:40:58 AEST 2017 org.apache.commons.lang3.time.FastDateParser,122
Wed Aug 23 19:41:00 AEST 2017 org.apache.commons.lang3.time.FastDateParser,124
Wed Aug 23 19:42:07 AEST 2017 org.apache.commons.lang3.time.FastDateParser,125
Wed Aug 23 19:42:33 AEST 2017 org.apache.commons.lang3.time.FastDateParser,126
Wed Aug 23 19:42:34 AEST 2017 org.apache.commons.lang3.time.FastDateParser,127
Wed Aug 23 19:42:34 AEST 2017 org.apache.commons.lang3.time.FastDateParser,129
Wed Aug 23 19:43:07 AEST 2017 org.apache.commons.lang3.time.FastDateParser,130
Wed Aug 23 19:43:55 AEST 2017 org.apache.commons.lang3.time.FastDateParser,131
Wed Aug 23 19:43:56 AEST 2017 org.apache.commons.lang3.time.FastDateParser,134
Wed Aug 23 19:45:03 AEST 2017 org.apache.commons.lang3.time.FastDateParser,135
Failed time : 17/08/23 19:45
