=================================================
Project : closure_10	start : 18/01/13 21:20
Current failed test : com.google.javascript.jscomp.PeepholeFoldConstantsTest::testIssue821 | 18/01/13 21:21
Sat Jan 13 21:38:19 AEDT 2018 com.google.javascript.jscomp.PeepholeFoldConstants,1142
Sat Jan 13 21:54:27 AEDT 2018 com.google.javascript.rhino.Node,127
Sat Jan 13 21:54:46 AEDT 2018 com.google.javascript.jscomp.NodeUtil,1271

----------------------------------------
----------------------------------------
Pass Single Test : [=>0,0]
case Token.HOOK :
return n.getChildCount()==3;


Time : 18/01/13 21:59
----------------------------------------

----------------------------------------
----------------------------------------
Pass Single Test : [=>0,0]
case Token.HOOK :
return n.getFirstChild()!=null;


Time : 18/01/13 22:12
----------------------------------------

----------------------------------------
----------------------------------------
Pass Single Test : [=>0,0]
case Token.HOOK :
return n.getChildCount()==3;

default :


Time : 18/01/13 22:24
----------------------------------------

----------------------------------------
----------------------------------------
Pass Single Test : [=>0,0]
case Token.HOOK :
return n!=n.getFirstChild().getNext();

default :


Time : 18/01/13 22:32
----------------------------------------

----------------------------------------
----------------------------------------
Pass Single Test : [=>0,0]
case Token.HOOK :
return n.getFirstChild()!=null;

default :


Time : 18/01/13 22:38
----------------------------------------
Sat Jan 13 22:49:39 AEDT 2018 com.google.javascript.jscomp.PeepholeFoldConstants,251
Sat Jan 13 23:14:38 AEDT 2018 com.google.javascript.jscomp.PeepholeFoldConstants,252
Sat Jan 13 23:40:58 AEDT 2018 com.google.javascript.jscomp.PeepholeFoldConstants,253
Sun Jan 14 00:09:51 AEDT 2018 com.google.javascript.jscomp.PeepholeFoldConstants,800
Sun Jan 14 01:33:47 AEDT 2018 com.google.javascript.jscomp.PeepholeFoldConstants,802
Sun Jan 14 01:33:50 AEDT 2018 com.google.javascript.jscomp.PeepholeFoldConstants,803
Timeout time : 18/01/14 02:38
