=================================================
Project : closure_125	start : 18/01/14 04:15
Current failed test : com.google.javascript.jscomp.TypeCheckTest::testIssue1002 | 18/01/14 04:16
Sun Jan 14 04:16:54 AEDT 2018 com.google.javascript.rhino.jstype.JSType,958
Sun Jan 14 04:17:05 AEDT 2018 com.google.javascript.jscomp.type.SemanticReverseAbstractInterpreter,202
Sun Jan 14 04:18:16 AEDT 2018 com.google.javascript.jscomp.type.SemanticReverseAbstractInterpreter,203
Sun Jan 14 04:18:22 AEDT 2018 com.google.javascript.jscomp.type.SemanticReverseAbstractInterpreter,205
Sun Jan 14 04:18:25 AEDT 2018 com.google.javascript.jscomp.TypeCheck,678
Sun Jan 14 04:19:56 AEDT 2018 com.google.javascript.jscomp.type.SemanticReverseAbstractInterpreter,423
Sun Jan 14 04:20:42 AEDT 2018 com.google.javascript.rhino.jstype.JSType,877
Sun Jan 14 04:26:27 AEDT 2018 com.google.javascript.rhino.jstype.JSType,878
Sun Jan 14 04:26:30 AEDT 2018 com.google.javascript.rhino.jstype.FunctionType,901
Sun Jan 14 04:28:03 AEDT 2018 com.google.javascript.rhino.jstype.JSType,873
Sun Jan 14 04:31:17 AEDT 2018 com.google.javascript.rhino.jstype.JSType,1164
Sun Jan 14 04:31:47 AEDT 2018 com.google.javascript.rhino.jstype.JSType,1165
Sun Jan 14 04:31:50 AEDT 2018 Sun Jan 14 04:31:50 AEDT 2018 : com.google.javascript.jscomp.type.SemanticReverseAbstractInterpreter,83=>Find no block
Sun Jan 14 04:31:55 AEDT 2018 com.google.javascript.rhino.jstype.JSType,1179
Sun Jan 14 04:32:53 AEDT 2018 com.google.javascript.rhino.jstype.JSType,1187
Sun Jan 14 04:33:52 AEDT 2018 com.google.javascript.rhino.jstype.JSType,1191
Sun Jan 14 04:33:57 AEDT 2018 Sun Jan 14 04:33:57 AEDT 2018 : com.google.javascript.jscomp.type.SemanticReverseAbstractInterpreter,98=>Find no block
Sun Jan 14 04:34:02 AEDT 2018 Sun Jan 14 04:34:02 AEDT 2018 : com.google.javascript.jscomp.type.SemanticReverseAbstractInterpreter,80=>Find no block
Sun Jan 14 04:34:06 AEDT 2018 Sun Jan 14 04:34:06 AEDT 2018 : com.google.javascript.jscomp.type.SemanticReverseAbstractInterpreter,95=>Find no block
Sun Jan 14 04:34:09 AEDT 2018 com.google.javascript.jscomp.type.SemanticReverseAbstractInterpreter,287
Sun Jan 14 04:36:39 AEDT 2018 com.google.javascript.jscomp.parsing.IRFactory,1360
Sun Jan 14 04:37:02 AEDT 2018 com.google.javascript.jscomp.type.SemanticReverseAbstractInterpreter,420
Sun Jan 14 04:37:59 AEDT 2018 com.google.javascript.jscomp.type.SemanticReverseAbstractInterpreter,418
Sun Jan 14 04:38:37 AEDT 2018 com.google.javascript.jscomp.type.SemanticReverseAbstractInterpreter,419
Sun Jan 14 04:38:40 AEDT 2018 com.google.javascript.jscomp.type.SemanticReverseAbstractInterpreter,422
Sun Jan 14 04:38:44 AEDT 2018 com.google.javascript.jscomp.type.SemanticReverseAbstractInterpreter,425
Sun Jan 14 04:38:46 AEDT 2018 com.google.javascript.rhino.jstype.FunctionType,790
Sun Jan 14 04:43:17 AEDT 2018 com.google.javascript.rhino.jstype.FunctionType,792
Sun Jan 14 04:43:59 AEDT 2018 com.google.javascript.rhino.jstype.FunctionType,794
Sun Jan 14 04:44:03 AEDT 2018 com.google.javascript.rhino.jstype.FunctionType,780
Sun Jan 14 04:44:06 AEDT 2018 com.google.javascript.jscomp.type.SemanticReverseAbstractInterpreter,427
Sun Jan 14 04:45:30 AEDT 2018 com.google.javascript.rhino.jstype.FunctionType,776
Sun Jan 14 04:49:17 AEDT 2018 com.google.javascript.rhino.jstype.FunctionType,778
Sun Jan 14 04:49:22 AEDT 2018 com.google.javascript.rhino.jstype.FunctionType,320
Sun Jan 14 04:59:28 AEDT 2018 com.google.javascript.rhino.jstype.FunctionType,753
Sun Jan 14 05:00:46 AEDT 2018 com.google.javascript.jscomp.type.SemanticReverseAbstractInterpreter,149
Sun Jan 14 05:02:34 AEDT 2018 com.google.javascript.jscomp.type.SemanticReverseAbstractInterpreter,277
Sun Jan 14 05:04:51 AEDT 2018 com.google.javascript.rhino.jstype.UnionTypeBuilder,151
Sun Jan 14 05:06:43 AEDT 2018 com.google.javascript.rhino.jstype.UnionTypeBuilder,153
Sun Jan 14 05:06:46 AEDT 2018 com.google.javascript.rhino.jstype.UnionTypeBuilder,155
Sun Jan 14 05:06:51 AEDT 2018 com.google.javascript.rhino.jstype.UnionTypeBuilder,156
Sun Jan 14 05:06:54 AEDT 2018 com.google.javascript.rhino.jstype.UnionTypeBuilder,157
Sun Jan 14 05:06:56 AEDT 2018 com.google.javascript.rhino.jstype.FunctionType,743
Sun Jan 14 05:09:15 AEDT 2018 com.google.javascript.rhino.jstype.FunctionType,745
Sun Jan 14 05:10:03 AEDT 2018 com.google.javascript.jscomp.TypeCheck,651
Sun Jan 14 05:23:43 AEDT 2018 com.google.javascript.jscomp.type.SemanticReverseAbstractInterpreter,267
Sun Jan 14 05:24:33 AEDT 2018 com.google.javascript.jscomp.type.SemanticReverseAbstractInterpreter,140
Sun Jan 14 05:28:25 AEDT 2018 com.google.javascript.jscomp.type.SemanticReverseAbstractInterpreter,141
Sun Jan 14 05:28:28 AEDT 2018 com.google.javascript.jscomp.type.SemanticReverseAbstractInterpreter,298
Sun Jan 14 05:29:11 AEDT 2018 com.google.javascript.jscomp.type.SemanticReverseAbstractInterpreter,274
Sun Jan 14 05:32:39 AEDT 2018 com.google.javascript.jscomp.type.SemanticReverseAbstractInterpreter,276
Sun Jan 14 05:32:44 AEDT 2018 com.google.javascript.jscomp.type.SemanticReverseAbstractInterpreter,284
Sun Jan 14 05:35:41 AEDT 2018 com.google.javascript.jscomp.type.SemanticReverseAbstractInterpreter,286
Sun Jan 14 05:35:44 AEDT 2018 com.google.javascript.jscomp.type.SemanticReverseAbstractInterpreter,294
Sun Jan 14 05:40:33 AEDT 2018 com.google.javascript.jscomp.type.SemanticReverseAbstractInterpreter,297
Sun Jan 14 05:40:36 AEDT 2018 Sun Jan 14 05:40:36 AEDT 2018 : com.google.javascript.rhino.jstype.JSType,1410=>Find no block
Sun Jan 14 05:40:41 AEDT 2018 com.google.javascript.rhino.jstype.JSType,1411
Sun Jan 14 05:40:57 AEDT 2018 com.google.javascript.rhino.jstype.JSType,1412
Sun Jan 14 05:41:01 AEDT 2018 Sun Jan 14 05:41:01 AEDT 2018 : com.google.javascript.rhino.jstype.JSType,1413=>Find no block
Sun Jan 14 05:41:04 AEDT 2018 com.google.javascript.jscomp.LinkedFlowScope,464
Sun Jan 14 05:42:00 AEDT 2018 com.google.javascript.jscomp.TypeCheck,644
Sun Jan 14 06:43:44 AEDT 2018 com.google.javascript.jscomp.TypeCheck,645
Sun Jan 14 06:43:49 AEDT 2018 com.google.javascript.jscomp.TypeCheck,647
Sun Jan 14 06:43:54 AEDT 2018 com.google.javascript.jscomp.TypeCheck,655
Sun Jan 14 07:04:59 AEDT 2018 com.google.javascript.jscomp.TypeCheck,656
Sun Jan 14 07:08:29 AEDT 2018 com.google.javascript.jscomp.TypeCheck,667
Sun Jan 14 07:11:14 AEDT 2018 com.google.javascript.jscomp.TypeCheck,668
Sun Jan 14 07:13:04 AEDT 2018 com.google.javascript.jscomp.TypeCheck,670
Sun Jan 14 08:13:25 AEDT 2018 com.google.javascript.jscomp.TypeCheck,671
Sun Jan 14 08:13:30 AEDT 2018 com.google.javascript.jscomp.TypeCheck,685
Sun Jan 14 08:17:28 AEDT 2018 com.google.javascript.jscomp.TypeCheck,689
Sun Jan 14 08:26:13 AEDT 2018 com.google.javascript.jscomp.TypeCheck,690
Sun Jan 14 08:26:16 AEDT 2018 com.google.javascript.jscomp.type.SemanticReverseAbstractInterpreter,136
Sun Jan 14 08:26:20 AEDT 2018 com.google.javascript.jscomp.type.SemanticReverseAbstractInterpreter,144
Sun Jan 14 08:30:59 AEDT 2018 com.google.javascript.jscomp.type.SemanticReverseAbstractInterpreter,145
Sun Jan 14 08:38:30 AEDT 2018 com.google.javascript.jscomp.type.SemanticReverseAbstractInterpreter,146
Sun Jan 14 08:38:33 AEDT 2018 com.google.javascript.jscomp.type.SemanticReverseAbstractInterpreter,154
Sun Jan 14 08:47:20 AEDT 2018 com.google.javascript.jscomp.type.SemanticReverseAbstractInterpreter,413
Sun Jan 14 08:47:47 AEDT 2018 com.google.javascript.jscomp.type.SemanticReverseAbstractInterpreter,415
Sun Jan 14 08:47:52 AEDT 2018 com.google.javascript.jscomp.type.SemanticReverseAbstractInterpreter,417
Sun Jan 14 08:47:56 AEDT 2018 com.google.javascript.rhino.jstype.FunctionType,899
Sun Jan 14 08:48:01 AEDT 2018 com.google.javascript.jscomp.LinkedFlowScope,457
Sun Jan 14 08:49:51 AEDT 2018 com.google.javascript.jscomp.LinkedFlowScope,459
Sun Jan 14 08:49:56 AEDT 2018 com.google.javascript.jscomp.LinkedFlowScope,460
Sun Jan 14 08:50:01 AEDT 2018 com.google.javascript.jscomp.LinkedFlowScope,466
Sun Jan 14 08:57:01 AEDT 2018 com.google.javascript.rhino.jstype.FunctionType,898
Sun Jan 14 08:57:08 AEDT 2018 com.google.javascript.rhino.jstype.FunctionType,577
Sun Jan 14 08:57:40 AEDT 2018 com.google.javascript.jscomp.TypeCheck,1769
Sun Jan 14 09:07:28 AEDT 2018 com.google.javascript.jscomp.TypeCheck,1779
Timeout time : 18/01/14 09:16
