=================================================
Project : closure_133	start : 18/01/13 23:22
Current failed test : com.google.javascript.jscomp.PeepholeSubstituteAlternateSyntaxTest::testIssue925 | 18/01/13 23:23
Sat Jan 13 23:23:58 AEDT 2018 com.google.javascript.rhino.SourcePosition,87
Sat Jan 13 23:24:15 AEDT 2018 com.google.javascript.jscomp.parsing.JsDocInfoParser,1838
Sat Jan 13 23:55:46 AEDT 2018 com.google.javascript.jscomp.parsing.JsDocInfoParser,1839
Sat Jan 13 23:55:52 AEDT 2018 com.google.javascript.jscomp.parsing.JsDocInfoParser,2303
Sat Jan 13 23:56:28 AEDT 2018 com.google.javascript.jscomp.parsing.JsDocInfoParser,947
Sat Jan 13 23:56:57 AEDT 2018 com.google.javascript.jscomp.parsing.JsDocInfoParser,2341
Sat Jan 13 23:57:15 AEDT 2018 Sat Jan 13 23:57:15 AEDT 2018 : com.google.javascript.jscomp.parsing.JsDocInfoParser,2342=>Find no block
Sat Jan 13 23:57:21 AEDT 2018 com.google.javascript.jscomp.parsing.JsDocInfoParser,2298
Sat Jan 13 23:57:56 AEDT 2018 com.google.javascript.jscomp.parsing.JsDocInfoParser,2299
Sat Jan 13 23:58:02 AEDT 2018 com.google.javascript.jscomp.parsing.JsDocInfoParser,958
Sun Jan 14 00:03:47 AEDT 2018 com.google.javascript.jscomp.parsing.JsDocInfoParser,1483
Sun Jan 14 00:05:05 AEDT 2018 com.google.javascript.rhino.JSDocInfoBuilder,170
Sun Jan 14 00:05:38 AEDT 2018 com.google.javascript.rhino.JSDocInfoBuilder,171
Sun Jan 14 00:05:44 AEDT 2018 com.google.javascript.rhino.JSDocInfoBuilder,172
Sun Jan 14 00:05:50 AEDT 2018 com.google.javascript.jscomp.parsing.JsDocInfoParser,1475
Sun Jan 14 00:17:27 AEDT 2018 com.google.javascript.jscomp.parsing.JsDocInfoParser,82
Sun Jan 14 00:19:05 AEDT 2018 Sun Jan 14 00:19:05 AEDT 2018 : com.google.javascript.jscomp.parsing.JsDocInfoParser,86=>Find no block
Sun Jan 14 00:19:11 AEDT 2018 Sun Jan 14 00:19:11 AEDT 2018 : com.google.javascript.jscomp.parsing.JsDocInfoParser,48=>Find no block
Sun Jan 14 00:19:17 AEDT 2018 Sun Jan 14 00:19:17 AEDT 2018 : com.google.javascript.rhino.JSDocInfo,136=>Find no block
Sun Jan 14 00:19:23 AEDT 2018 com.google.javascript.rhino.JSDocInfo,138
Sun Jan 14 00:25:19 AEDT 2018 com.google.javascript.rhino.JSDocInfo,142
Sun Jan 14 00:25:25 AEDT 2018 Sun Jan 14 00:25:25 AEDT 2018 : com.google.javascript.rhino.JSDocInfo,143=>Find no block
Sun Jan 14 00:25:31 AEDT 2018 Sun Jan 14 00:25:31 AEDT 2018 : com.google.javascript.rhino.JSDocInfo,129=>Find no block
Sun Jan 14 00:25:37 AEDT 2018 com.google.javascript.rhino.SourcePosition,86
Sun Jan 14 00:25:43 AEDT 2018 com.google.javascript.rhino.JSDocInfo,690
Sun Jan 14 00:26:13 AEDT 2018 com.google.javascript.rhino.JSDocInfo,691
Sun Jan 14 00:26:18 AEDT 2018 com.google.javascript.rhino.JSDocInfo,694
Sun Jan 14 00:37:39 AEDT 2018 com.google.javascript.rhino.JSDocInfo,695
Sun Jan 14 00:37:45 AEDT 2018 com.google.javascript.rhino.JSDocInfo,696
Sun Jan 14 00:37:52 AEDT 2018 Sun Jan 14 00:37:52 AEDT 2018 : com.google.javascript.rhino.JSDocInfo,179=>Find no block
Sun Jan 14 00:37:57 AEDT 2018 Sun Jan 14 00:37:57 AEDT 2018 : com.google.javascript.rhino.JSDocInfo,180=>Find no block
Sun Jan 14 00:38:04 AEDT 2018 Sun Jan 14 00:38:04 AEDT 2018 : com.google.javascript.rhino.JSDocInfo,181=>Find no block
Sun Jan 14 00:38:10 AEDT 2018 Sun Jan 14 00:38:10 AEDT 2018 : com.google.javascript.rhino.JSDocInfo,182=>Find no block
Sun Jan 14 00:38:15 AEDT 2018 Sun Jan 14 00:38:15 AEDT 2018 : com.google.javascript.rhino.JSDocInfo,183=>Find no block
Sun Jan 14 00:38:21 AEDT 2018 Sun Jan 14 00:38:21 AEDT 2018 : com.google.javascript.rhino.JSDocInfo,184=>Find no block
Sun Jan 14 00:38:27 AEDT 2018 com.google.javascript.rhino.JSDocInfo,194
Sun Jan 14 00:38:42 AEDT 2018 Sun Jan 14 00:38:42 AEDT 2018 : com.google.javascript.rhino.JSDocInfo,195=>Find no block
Sun Jan 14 00:38:48 AEDT 2018 com.google.javascript.rhino.JSDocInfoBuilder,152
Sun Jan 14 00:39:31 AEDT 2018 com.google.javascript.rhino.JSDocInfoBuilder,154
Sun Jan 14 00:39:37 AEDT 2018 com.google.javascript.rhino.JSDocInfoBuilder,155
Sun Jan 14 00:39:43 AEDT 2018 com.google.javascript.rhino.JSDocInfoBuilder,157
Sun Jan 14 00:39:49 AEDT 2018 com.google.javascript.rhino.JSDocInfoBuilder,158
Sun Jan 14 00:39:55 AEDT 2018 com.google.javascript.jscomp.parsing.JsDocInfoParser,1503
Sun Jan 14 00:41:47 AEDT 2018 com.google.javascript.rhino.JSDocInfo,674
Sun Jan 14 00:43:22 AEDT 2018 com.google.javascript.rhino.JSDocInfo,675
Sun Jan 14 00:43:28 AEDT 2018 com.google.javascript.rhino.JSDocInfo,678
Sun Jan 14 00:45:28 AEDT 2018 com.google.javascript.rhino.JSDocInfo,1577
Sun Jan 14 00:45:48 AEDT 2018 com.google.javascript.rhino.JSDocInfo,1580
Sun Jan 14 00:46:03 AEDT 2018 Sun Jan 14 00:46:03 AEDT 2018 : com.google.javascript.rhino.JSDocInfo,1581=>Find no block
Sun Jan 14 00:46:09 AEDT 2018 Sun Jan 14 00:46:09 AEDT 2018 : com.google.javascript.rhino.JSDocInfo,110=>Find no block
Sun Jan 14 00:46:15 AEDT 2018 Sun Jan 14 00:46:15 AEDT 2018 : com.google.javascript.rhino.JSDocInfo,111=>Find no block
Sun Jan 14 00:46:21 AEDT 2018 Sun Jan 14 00:46:21 AEDT 2018 : com.google.javascript.rhino.JSDocInfo,112=>Find no block
Sun Jan 14 00:46:27 AEDT 2018 Sun Jan 14 00:46:27 AEDT 2018 : com.google.javascript.rhino.JSDocInfo,114=>Find no block
Sun Jan 14 00:46:33 AEDT 2018 Sun Jan 14 00:46:33 AEDT 2018 : com.google.javascript.rhino.JSDocInfo,115=>Find no block
Sun Jan 14 00:46:38 AEDT 2018 Sun Jan 14 00:46:38 AEDT 2018 : com.google.javascript.rhino.JSDocInfo,116=>Find no block
Sun Jan 14 00:46:44 AEDT 2018 Sun Jan 14 00:46:44 AEDT 2018 : com.google.javascript.rhino.JSDocInfo,117=>Find no block
Sun Jan 14 00:46:50 AEDT 2018 Sun Jan 14 00:46:50 AEDT 2018 : com.google.javascript.rhino.JSDocInfo,118=>Find no block
Sun Jan 14 00:46:56 AEDT 2018 Sun Jan 14 00:46:56 AEDT 2018 : com.google.javascript.rhino.JSDocInfo,119=>Find no block
Sun Jan 14 00:47:02 AEDT 2018 Sun Jan 14 00:47:02 AEDT 2018 : com.google.javascript.rhino.JSDocInfo,121=>Find no block
Sun Jan 14 00:47:08 AEDT 2018 Sun Jan 14 00:47:08 AEDT 2018 : com.google.javascript.rhino.JSDocInfo,122=>Find no block
Sun Jan 14 00:47:14 AEDT 2018 com.google.javascript.rhino.JSDocInfoBuilder,80
Sun Jan 14 00:47:29 AEDT 2018 com.google.javascript.jscomp.parsing.JsDocInfoParser,209
Sun Jan 14 00:53:22 AEDT 2018 com.google.javascript.jscomp.parsing.JsDocInfoParser,210
Sun Jan 14 00:53:28 AEDT 2018 com.google.javascript.jscomp.parsing.JsDocInfoParser,211
Sun Jan 14 00:53:35 AEDT 2018 Sun Jan 14 00:53:35 AEDT 2018 : com.google.javascript.jscomp.parsing.JsDocInfoParser,214=>Find no block
Sun Jan 14 00:53:42 AEDT 2018 com.google.javascript.jscomp.parsing.JsDocInfoParser,1537
Sun Jan 14 01:04:42 AEDT 2018 com.google.javascript.jscomp.parsing.JsDocInfoParser,1539
Sun Jan 14 01:04:47 AEDT 2018 Sun Jan 14 01:04:47 AEDT 2018 : com.google.javascript.jscomp.parsing.JsDocInfoParser,1542=>Find no block
Sun Jan 14 01:04:53 AEDT 2018 com.google.javascript.jscomp.parsing.JsDocInfoParser,1546
Sun Jan 14 01:05:29 AEDT 2018 com.google.javascript.rhino.SourcePosition,77
Sun Jan 14 01:05:44 AEDT 2018 Sun Jan 14 01:05:44 AEDT 2018 : com.google.javascript.rhino.SourcePosition,78=>Find no block
Sun Jan 14 01:05:50 AEDT 2018 Sun Jan 14 01:05:50 AEDT 2018 : com.google.javascript.rhino.SourcePosition,47=>Find no block
Sun Jan 14 01:05:56 AEDT 2018 Sun Jan 14 01:05:56 AEDT 2018 : com.google.javascript.rhino.SourcePosition,51=>Find no block
Sun Jan 14 01:06:02 AEDT 2018 Sun Jan 14 01:06:02 AEDT 2018 : com.google.javascript.rhino.SourcePosition,56=>Find no block
Sun Jan 14 01:06:08 AEDT 2018 Sun Jan 14 01:06:08 AEDT 2018 : com.google.javascript.rhino.SourcePosition,61=>Find no block
Sun Jan 14 01:06:14 AEDT 2018 Sun Jan 14 01:06:14 AEDT 2018 : com.google.javascript.rhino.SourcePosition,66=>Find no block
Sun Jan 14 01:06:20 AEDT 2018 Sun Jan 14 01:06:20 AEDT 2018 : com.google.javascript.rhino.SourcePosition,71=>Find no block
Sun Jan 14 01:06:26 AEDT 2018 com.google.javascript.rhino.SourcePosition,85
Sun Jan 14 01:07:13 AEDT 2018 com.google.javascript.rhino.SourcePosition,101
Sun Jan 14 01:07:48 AEDT 2018 com.google.javascript.rhino.SourcePosition,102
Sun Jan 14 01:08:05 AEDT 2018 com.google.javascript.rhino.SourcePosition,103
Sun Jan 14 01:08:22 AEDT 2018 com.google.javascript.rhino.SourcePosition,104
Sun Jan 14 01:08:29 AEDT 2018 Sun Jan 14 01:08:29 AEDT 2018 : com.google.javascript.rhino.SourcePosition,105=>Find no block
Sun Jan 14 01:08:34 AEDT 2018 com.google.javascript.jscomp.parsing.JsDocInfoParser,1379
Sun Jan 14 01:08:50 AEDT 2018 com.google.javascript.jscomp.parsing.JsDocInfoParser,1425
Sun Jan 14 01:09:13 AEDT 2018 com.google.javascript.jscomp.parsing.JsDocInfoParser,1496
Sun Jan 14 01:09:32 AEDT 2018 Sun Jan 14 01:09:32 AEDT 2018 : com.google.javascript.jscomp.parsing.JsDocInfoParser,1382=>Find no block
Sun Jan 14 01:09:38 AEDT 2018 Sun Jan 14 01:09:38 AEDT 2018 : com.google.javascript.jscomp.parsing.JsDocInfoParser,1387=>Find no block
Sun Jan 14 01:09:44 AEDT 2018 Sun Jan 14 01:09:44 AEDT 2018 : com.google.javascript.jscomp.parsing.JsDocInfoParser,1390=>Find no block
Sun Jan 14 01:09:50 AEDT 2018 Sun Jan 14 01:09:50 AEDT 2018 : com.google.javascript.jscomp.parsing.JsDocInfoParser,1393=>Find no block
Sun Jan 14 01:09:56 AEDT 2018 com.google.javascript.jscomp.parsing.JsDocInfoParser,1413
Sun Jan 14 01:14:20 AEDT 2018 com.google.javascript.jscomp.parsing.JsDocInfoParser,1418
Sun Jan 14 01:18:34 AEDT 2018 com.google.javascript.jscomp.parsing.JsDocInfoParser,1419
Sun Jan 14 01:19:40 AEDT 2018 com.google.javascript.jscomp.parsing.JsDocInfoParser,1420
Sun Jan 14 01:20:59 AEDT 2018 com.google.javascript.jscomp.parsing.JsDocInfoParser,1423
Sun Jan 14 01:22:28 AEDT 2018 com.google.javascript.jscomp.parsing.JsDocInfoParser,1424
Sun Jan 14 01:22:35 AEDT 2018 com.google.javascript.jscomp.parsing.JsDocInfoParser,1428
Sun Jan 14 01:26:49 AEDT 2018 com.google.javascript.jscomp.parsing.JsDocInfoParser,1429
Sun Jan 14 01:32:42 AEDT 2018 com.google.javascript.jscomp.parsing.JsDocInfoParser,1431
Sun Jan 14 01:41:35 AEDT 2018 com.google.javascript.jscomp.parsing.JsDocInfoParser,1432
Sun Jan 14 01:44:38 AEDT 2018 com.google.javascript.jscomp.parsing.JsDocInfoParser,1434
Sun Jan 14 01:46:46 AEDT 2018 com.google.javascript.jscomp.parsing.JsDocInfoParser,1439
Sun Jan 14 01:46:53 AEDT 2018 Sun Jan 14 01:46:53 AEDT 2018 : com.google.javascript.jscomp.parsing.JsDocInfoParser,1442=>Find no block
Sun Jan 14 01:46:59 AEDT 2018 com.google.javascript.jscomp.parsing.JsDocInfoParser,1470
Sun Jan 14 01:47:29 AEDT 2018 com.google.javascript.jscomp.parsing.JsDocInfoParser,1471
Sun Jan 14 01:49:24 AEDT 2018 com.google.javascript.jscomp.parsing.JsDocInfoParser,1473
Sun Jan 14 01:55:33 AEDT 2018 com.google.javascript.jscomp.parsing.JsDocInfoParser,1474
Sun Jan 14 01:55:39 AEDT 2018 com.google.javascript.jscomp.parsing.JsDocInfoParser,1487
Sun Jan 14 02:02:59 AEDT 2018 com.google.javascript.jscomp.parsing.JsDocInfoParser,1493
Sun Jan 14 02:03:05 AEDT 2018 com.google.javascript.jscomp.parsing.JsDocInfoParser,1495
Sun Jan 14 02:03:11 AEDT 2018 com.google.javascript.jscomp.parsing.JsDocInfoParser,1499
Sun Jan 14 02:03:16 AEDT 2018 com.google.javascript.jscomp.parsing.JsDocInfoParser,1500
Sun Jan 14 02:03:22 AEDT 2018 com.google.javascript.jscomp.parsing.JsDocInfoParser,1502
Sun Jan 14 02:03:28 AEDT 2018 com.google.javascript.jscomp.parsing.JsDocTokenStream,42
Sun Jan 14 02:03:51 AEDT 2018 Sun Jan 14 02:03:51 AEDT 2018 : com.google.javascript.jscomp.parsing.JsDocTokenStream,43=>Find no block
Sun Jan 14 02:03:56 AEDT 2018 Sun Jan 14 02:03:56 AEDT 2018 : com.google.javascript.rhino.jstype.SimpleSourceFile,50=>Find no block
Sun Jan 14 02:04:02 AEDT 2018 com.google.javascript.rhino.jstype.SimpleSourceFile,51
Sun Jan 14 02:05:03 AEDT 2018 com.google.javascript.rhino.jstype.SimpleSourceFile,52
Sun Jan 14 02:05:09 AEDT 2018 Sun Jan 14 02:05:09 AEDT 2018 : com.google.javascript.rhino.jstype.SimpleSourceFile,53=>Find no block
Sun Jan 14 02:05:15 AEDT 2018 com.google.javascript.rhino.jstype.SimpleSourceFile,57
Sun Jan 14 02:05:58 AEDT 2018 com.google.javascript.rhino.jstype.JSTypeRegistry,213
Sun Jan 14 02:06:13 AEDT 2018 Sun Jan 14 02:06:13 AEDT 2018 : com.google.javascript.rhino.jstype.JSTypeRegistry,214=>Find no block
Sun Jan 14 02:06:19 AEDT 2018 com.google.javascript.jscomp.parsing.ParserRunner,58
Sun Jan 14 02:06:36 AEDT 2018 com.google.javascript.rhino.JSDocInfoBuilder,169
Sun Jan 14 02:06:41 AEDT 2018 com.google.javascript.jscomp.parsing.JsDocTokenStream,220
Sun Jan 14 02:07:01 AEDT 2018 com.google.javascript.jscomp.parsing.JsDocTokenStream,221
Sun Jan 14 02:07:07 AEDT 2018 com.google.javascript.jscomp.parsing.JsDocTokenStream,327
Sun Jan 14 02:07:28 AEDT 2018 Sun Jan 14 02:07:28 AEDT 2018 : com.google.javascript.jscomp.parsing.JsDocTokenStream,328=>Find no block
Sun Jan 14 02:07:34 AEDT 2018 com.google.javascript.jscomp.parsing.JsDocTokenStream,204
Sun Jan 14 02:09:11 AEDT 2018 Sun Jan 14 02:09:11 AEDT 2018 : com.google.javascript.jscomp.parsing.JsDocTokenStream,205=>Find no block
Sun Jan 14 02:09:17 AEDT 2018 com.google.javascript.jscomp.parsing.JsDocTokenStream,214
Sun Jan 14 02:10:47 AEDT 2018 com.google.javascript.jscomp.parsing.JsDocTokenStream,215
Sun Jan 14 02:11:50 AEDT 2018 com.google.javascript.jscomp.parsing.JsDocTokenStream,216
Sun Jan 14 02:12:20 AEDT 2018 com.google.javascript.jscomp.parsing.JsDocTokenStream,217
Sun Jan 14 02:12:50 AEDT 2018 com.google.javascript.jscomp.parsing.JsDocInfoParser,2400
Sun Jan 14 02:13:12 AEDT 2018 com.google.javascript.jscomp.parsing.JsDocInfoParser,2401
Sun Jan 14 02:13:18 AEDT 2018 Sun Jan 14 02:13:18 AEDT 2018 : com.google.javascript.jscomp.parsing.JsDocInfoParser,1332=>Find no block
Sun Jan 14 02:13:24 AEDT 2018 com.google.javascript.jscomp.parsing.JsDocInfoParser,1333
Sun Jan 14 02:14:55 AEDT 2018 com.google.javascript.jscomp.parsing.JsDocInfoParser,1334
Sun Jan 14 02:15:01 AEDT 2018 Sun Jan 14 02:15:01 AEDT 2018 : com.google.javascript.jscomp.parsing.JsDocInfoParser,1335=>Find no block
Sun Jan 14 02:15:07 AEDT 2018 Sun Jan 14 02:15:07 AEDT 2018 : com.google.javascript.jscomp.parsing.JsDocInfoParser,1328=>Find no block
Sun Jan 14 02:15:12 AEDT 2018 com.google.javascript.jscomp.parsing.JsDocInfoParser,2271
Sun Jan 14 02:15:48 AEDT 2018 com.google.javascript.rhino.JSDocInfo,1061
Sun Jan 14 02:16:19 AEDT 2018 Sun Jan 14 02:16:19 AEDT 2018 : com.google.javascript.rhino.JSDocInfo,1062=>Find no block
Sun Jan 14 02:16:25 AEDT 2018 com.google.javascript.rhino.JSDocInfoBuilder,517
Sun Jan 14 02:17:48 AEDT 2018 com.google.javascript.rhino.JSDocInfoBuilder,518
Sun Jan 14 02:17:56 AEDT 2018 com.google.javascript.rhino.JSDocInfoBuilder,519
Sun Jan 14 02:18:02 AEDT 2018 com.google.javascript.jscomp.parsing.JsDocInfoParser,957
Sun Jan 14 02:18:08 AEDT 2018 com.google.javascript.rhino.JSDocInfoBuilder,515
Sun Jan 14 02:18:14 AEDT 2018 com.google.javascript.jscomp.parsing.JsDocInfoParser,946
Sun Jan 14 02:18:20 AEDT 2018 com.google.javascript.jscomp.parsing.JsDocInfoParser,950
Sun Jan 14 02:18:56 AEDT 2018 com.google.javascript.rhino.JSDocInfo,1139
Sun Jan 14 02:19:20 AEDT 2018 com.google.javascript.rhino.JSDocInfo,1160
Sun Jan 14 02:19:56 AEDT 2018 com.google.javascript.rhino.jstype.ObjectType,490
Sun Jan 14 02:20:10 AEDT 2018 com.google.javascript.rhino.jstype.PropertyMap,152
Sun Jan 14 02:21:49 AEDT 2018 com.google.javascript.rhino.jstype.PropertyMap,153
Sun Jan 14 02:21:55 AEDT 2018 com.google.javascript.rhino.jstype.PropertyMap,156
Sun Jan 14 02:22:01 AEDT 2018 com.google.javascript.rhino.jstype.PropertyMap,157
Sun Jan 14 02:22:07 AEDT 2018 com.google.javascript.rhino.jstype.PropertyMap,158
Sun Jan 14 02:22:13 AEDT 2018 com.google.javascript.rhino.jstype.PropertyMap,174
Sun Jan 14 02:27:48 AEDT 2018 com.google.javascript.rhino.jstype.PropertyMap,175
Sun Jan 14 02:27:54 AEDT 2018 Sun Jan 14 02:27:54 AEDT 2018 : com.google.javascript.rhino.jstype.PropertyMap,176=>Find no block
Sun Jan 14 02:28:00 AEDT 2018 com.google.javascript.rhino.jstype.PropertyMap,177
Sun Jan 14 02:35:27 AEDT 2018 com.google.javascript.rhino.jstype.PropertyMap,178
Sun Jan 14 02:35:33 AEDT 2018 com.google.javascript.rhino.jstype.PropertyMap,179
Sun Jan 14 02:35:38 AEDT 2018 com.google.javascript.rhino.jstype.PropertyMap,181
Sun Jan 14 02:35:43 AEDT 2018 Sun Jan 14 02:35:43 AEDT 2018 : com.google.javascript.rhino.jstype.PropertyMap,186=>Find no block
Sun Jan 14 02:35:49 AEDT 2018 com.google.javascript.jscomp.parsing.JsDocTokenStream,371
Sun Jan 14 02:37:05 AEDT 2018 com.google.javascript.jscomp.parsing.JsDocTokenStream,372
Sun Jan 14 02:37:11 AEDT 2018 com.google.javascript.rhino.JSDocInfo,1157
Sun Jan 14 02:37:17 AEDT 2018 com.google.javascript.jscomp.parsing.JsDocInfoParser,2443
Sun Jan 14 02:38:54 AEDT 2018 com.google.javascript.jscomp.parsing.JsDocInfoParser,2444
Sun Jan 14 02:39:00 AEDT 2018 com.google.javascript.jscomp.parsing.JsDocInfoParser,1625
Sun Jan 14 02:45:40 AEDT 2018 com.google.javascript.jscomp.parsing.JsDocInfoParser,1626
Sun Jan 14 02:45:45 AEDT 2018 com.google.javascript.jscomp.parsing.JsDocInfoParser,1627
Sun Jan 14 02:45:51 AEDT 2018 com.google.javascript.jscomp.parsing.JsDocInfoParser,1636
Sun Jan 14 02:50:44 AEDT 2018 com.google.javascript.jscomp.parsing.JsDocInfoParser,877
Sun Jan 14 02:52:14 AEDT 2018 com.google.javascript.jscomp.parsing.JsDocInfoParser,878
Sun Jan 14 02:52:19 AEDT 2018 com.google.javascript.jscomp.parsing.JsDocInfoParser,879
Sun Jan 14 02:52:25 AEDT 2018 com.google.javascript.jscomp.parsing.JsDocInfoParser,881
Sun Jan 14 02:52:30 AEDT 2018 com.google.javascript.jscomp.parsing.JsDocInfoParser,884
Sun Jan 14 02:52:35 AEDT 2018 com.google.javascript.rhino.JSDocInfo,1073
Sun Jan 14 02:53:00 AEDT 2018 com.google.javascript.rhino.JSDocInfo,1078
Sun Jan 14 02:53:45 AEDT 2018 com.google.javascript.rhino.JSDocInfo,1079
Sun Jan 14 02:53:51 AEDT 2018 Sun Jan 14 02:53:51 AEDT 2018 : com.google.javascript.rhino.JSDocInfo,1080=>Find no block
Sun Jan 14 02:53:57 AEDT 2018 com.google.javascript.jscomp.parsing.JsDocInfoParser,1154
Sun Jan 14 02:54:39 AEDT 2018 com.google.javascript.jscomp.parsing.JsDocInfoParser,1166
Sun Jan 14 02:55:33 AEDT 2018 com.google.javascript.jscomp.parsing.JsDocInfoParser,1236
Sun Jan 14 02:57:01 AEDT 2018 com.google.javascript.jscomp.parsing.JsDocInfoParser,1624
Sun Jan 14 03:00:39 AEDT 2018 com.google.javascript.jscomp.parsing.ParserRunner,84
Sun Jan 14 03:00:53 AEDT 2018 com.google.javascript.jscomp.parsing.JsDocInfoParser,1231
Sun Jan 14 03:02:24 AEDT 2018 com.google.javascript.jscomp.parsing.JsDocInfoParser,1233
Sun Jan 14 03:02:29 AEDT 2018 com.google.javascript.jscomp.parsing.JsDocInfoParser,1239
Sun Jan 14 03:03:22 AEDT 2018 com.google.javascript.jscomp.parsing.JsDocInfoParser,1247
Sun Jan 14 03:04:07 AEDT 2018 com.google.javascript.jscomp.parsing.JsDocInfoParser,1731
Sun Jan 14 03:22:24 AEDT 2018 com.google.javascript.jscomp.parsing.JsDocInfoParser,898
Sun Jan 14 03:24:00 AEDT 2018 Sun Jan 14 03:24:00 AEDT 2018 : com.google.javascript.jscomp.parsing.JsDocInfoParser,906=>Find no block
Sun Jan 14 03:24:06 AEDT 2018 com.google.javascript.jscomp.parsing.JsDocInfoParser,2441
Sun Jan 14 03:26:42 AEDT 2018 com.google.javascript.jscomp.parsing.JsDocInfoParser,862
Sun Jan 14 03:28:52 AEDT 2018 com.google.javascript.jscomp.parsing.JsDocInfoParser,863
Failed time : 18/01/14 03:30
