=================================================
Project : closure_20	start : 18/01/14 07:21
Current failed test : com.google.javascript.jscomp.PeepholeSubstituteAlternateSyntaxTest::testSimpleFunctionCall | 18/01/14 07:22
Sun Jan 14 07:22:21 AEDT 2018 com.google.javascript.rhino.Node,129
Sun Jan 14 07:22:46 AEDT 2018 com.google.javascript.rhino.Node,141
Sun Jan 14 07:23:15 AEDT 2018 com.google.javascript.rhino.Node,143
Sun Jan 14 07:23:41 AEDT 2018 com.google.javascript.rhino.Node,1011
Sun Jan 14 07:23:53 AEDT 2018 com.google.javascript.rhino.Node,1016
Sun Jan 14 07:24:07 AEDT 2018 com.google.javascript.rhino.Node,1017
Sun Jan 14 07:24:11 AEDT 2018 com.google.javascript.rhino.Node,1018
Sun Jan 14 07:24:16 AEDT 2018 com.google.javascript.rhino.Node,1025
Sun Jan 14 07:24:29 AEDT 2018 Sun Jan 14 07:24:29 AEDT 2018 : com.google.javascript.rhino.Node,1026=>Find no block
Sun Jan 14 07:24:33 AEDT 2018 com.google.javascript.rhino.Node,1030
Sun Jan 14 07:30:51 AEDT 2018 com.google.javascript.rhino.Node,1031
Sun Jan 14 07:30:56 AEDT 2018 com.google.javascript.rhino.Node,1033
Sun Jan 14 08:03:46 AEDT 2018 com.google.javascript.rhino.Node,1034
Sun Jan 14 08:03:51 AEDT 2018 Sun Jan 14 08:03:51 AEDT 2018 : com.google.javascript.rhino.Node,1035=>Find no block
Sun Jan 14 08:03:56 AEDT 2018 com.google.javascript.rhino.Node,1036
Sun Jan 14 08:04:01 AEDT 2018 com.google.javascript.rhino.Node,1038
Sun Jan 14 08:04:06 AEDT 2018 Sun Jan 14 08:04:06 AEDT 2018 : com.google.javascript.rhino.Node,1037=>Find no block
Sun Jan 14 08:04:11 AEDT 2018 Sun Jan 14 08:04:11 AEDT 2018 : com.google.javascript.rhino.Node,1040=>Find no block
Sun Jan 14 08:04:16 AEDT 2018 com.google.javascript.rhino.Node,1430
Sun Jan 14 08:04:33 AEDT 2018 com.google.javascript.rhino.Node,1446
Sun Jan 14 08:04:55 AEDT 2018 com.google.javascript.rhino.Node,1459
Sun Jan 14 08:05:01 AEDT 2018 com.google.javascript.rhino.InputId,74
Sun Jan 14 08:05:12 AEDT 2018 com.google.javascript.jscomp.PeepholeSubstituteAlternateSyntax,219
Sun Jan 14 08:21:53 AEDT 2018 com.google.javascript.jscomp.PeepholeSubstituteAlternateSyntax,220
Sun Jan 14 08:21:54 AEDT 2018 com.google.javascript.jscomp.PeepholeSubstituteAlternateSyntax,221
Sun Jan 14 08:21:59 AEDT 2018 com.google.javascript.jscomp.PeepholeSubstituteAlternateSyntax,224
Sun Jan 14 08:22:03 AEDT 2018 com.google.javascript.jscomp.PeepholeSubstituteAlternateSyntax,225
Sun Jan 14 08:22:08 AEDT 2018 com.google.javascript.jscomp.PeepholeSubstituteAlternateSyntax,226
Sun Jan 14 08:22:13 AEDT 2018 Sun Jan 14 08:22:13 AEDT 2018 : com.google.javascript.rhino.Node,2147=>Find no block
Sun Jan 14 08:22:18 AEDT 2018 com.google.javascript.rhino.Node,2148
Sun Jan 14 08:22:30 AEDT 2018 com.google.javascript.rhino.Node,2149
Sun Jan 14 08:22:35 AEDT 2018 Sun Jan 14 08:22:35 AEDT 2018 : com.google.javascript.rhino.Node,2150=>Find no block
Sun Jan 14 08:22:40 AEDT 2018 com.google.javascript.rhino.Node,352
Sun Jan 14 08:23:08 AEDT 2018 Sun Jan 14 08:23:08 AEDT 2018 : com.google.javascript.rhino.Node,117=>Find no block
Sun Jan 14 08:23:13 AEDT 2018 com.google.javascript.rhino.Node,142
Sun Jan 14 08:23:40 AEDT 2018 com.google.javascript.rhino.Node,879
Sun Jan 14 08:34:50 AEDT 2018 com.google.javascript.rhino.Node,880
Sun Jan 14 08:34:55 AEDT 2018 com.google.javascript.rhino.Node,881
Sun Jan 14 08:35:00 AEDT 2018 com.google.javascript.rhino.Node,884
Sun Jan 14 08:35:06 AEDT 2018 com.google.javascript.rhino.Node,885
Sun Jan 14 08:35:11 AEDT 2018 com.google.javascript.rhino.Node,886
Sun Jan 14 08:35:16 AEDT 2018 com.google.javascript.rhino.Node,887
Sun Jan 14 08:35:21 AEDT 2018 com.google.javascript.rhino.Node,890
Sun Jan 14 08:35:27 AEDT 2018 com.google.javascript.rhino.Node,891
Sun Jan 14 08:35:32 AEDT 2018 com.google.javascript.rhino.Node,936
Sun Jan 14 08:35:45 AEDT 2018 com.google.javascript.rhino.Node,957
Sun Jan 14 09:02:21 AEDT 2018 com.google.javascript.rhino.Node,967
Sun Jan 14 09:02:27 AEDT 2018 com.google.javascript.rhino.Node,972
Sun Jan 14 09:07:35 AEDT 2018 com.google.javascript.rhino.Node,973
Sun Jan 14 09:07:40 AEDT 2018 com.google.javascript.rhino.Node,974
Sun Jan 14 09:07:45 AEDT 2018 com.google.javascript.rhino.Node,975
Sun Jan 14 09:07:50 AEDT 2018 com.google.javascript.rhino.Node,980
Sun Jan 14 09:08:48 AEDT 2018 com.google.javascript.rhino.Node,981
Sun Jan 14 09:21:24 AEDT 2018 com.google.javascript.rhino.Node,982
Sun Jan 14 09:26:41 AEDT 2018 com.google.javascript.rhino.Node,983
Sun Jan 14 09:26:44 AEDT 2018 com.google.javascript.rhino.Node,984
Sun Jan 14 09:30:57 AEDT 2018 com.google.javascript.rhino.Node,985
Sun Jan 14 09:34:57 AEDT 2018 com.google.javascript.rhino.Node,986
Sun Jan 14 09:39:11 AEDT 2018 Sun Jan 14 09:39:11 AEDT 2018 : com.google.javascript.rhino.Node,988=>Find no block
Sun Jan 14 09:39:16 AEDT 2018 com.google.javascript.rhino.Node,990
Sun Jan 14 09:39:20 AEDT 2018 com.google.javascript.rhino.Node,993
Sun Jan 14 09:44:45 AEDT 2018 com.google.javascript.rhino.Node,994
Sun Jan 14 09:44:51 AEDT 2018 com.google.javascript.rhino.Node,999
Sun Jan 14 09:46:34 AEDT 2018 com.google.javascript.jscomp.SourceFile,303
Sun Jan 14 09:46:50 AEDT 2018 com.google.javascript.rhino.IR,390
Sun Jan 14 09:47:26 AEDT 2018 com.google.javascript.rhino.Node,320
Sun Jan 14 09:47:45 AEDT 2018 com.google.javascript.rhino.Node,943
Sun Jan 14 09:49:40 AEDT 2018 com.google.javascript.rhino.Node,944
Sun Jan 14 09:49:45 AEDT 2018 com.google.javascript.rhino.Node,945
Sun Jan 14 09:49:51 AEDT 2018 com.google.javascript.rhino.Node,953
Sun Jan 14 09:56:29 AEDT 2018 com.google.javascript.rhino.Node,954
Sun Jan 14 09:56:34 AEDT 2018 com.google.javascript.rhino.Node,955
Sun Jan 14 09:57:01 AEDT 2018 com.google.javascript.rhino.Node,956
Sun Jan 14 09:57:06 AEDT 2018 com.google.javascript.rhino.Node,971
Sun Jan 14 09:57:11 AEDT 2018 com.google.javascript.rhino.Node,979
Sun Jan 14 09:57:16 AEDT 2018 com.google.javascript.rhino.Node,998
Sun Jan 14 09:58:35 AEDT 2018 Sun Jan 14 09:58:35 AEDT 2018 : com.google.javascript.rhino.Node,1007=>Find no block
Sun Jan 14 09:58:41 AEDT 2018 com.google.javascript.jscomp.NodeUtil,1203
Sun Jan 14 09:59:17 AEDT 2018 com.google.javascript.jscomp.NodeUtil,2155
Sun Jan 14 09:59:36 AEDT 2018 com.google.javascript.jscomp.parsing.IRFactory,1177
Sun Jan 14 10:00:04 AEDT 2018 com.google.javascript.rhino.IR,473
Sun Jan 14 10:03:06 AEDT 2018 com.google.javascript.rhino.IR,474
Sun Jan 14 10:03:11 AEDT 2018 com.google.javascript.rhino.IR,475
Sun Jan 14 10:03:16 AEDT 2018 com.google.javascript.jscomp.CodeGenerator,910
Sun Jan 14 10:10:45 AEDT 2018 com.google.javascript.jscomp.CodeGenerator,911
Sun Jan 14 10:10:50 AEDT 2018 com.google.javascript.jscomp.CodeConsumer,124
Sun Jan 14 10:11:11 AEDT 2018 com.google.javascript.jscomp.CodeConsumer,125
Sun Jan 14 10:11:16 AEDT 2018 Sun Jan 14 10:11:16 AEDT 2018 : com.google.javascript.jscomp.CodeConsumer,126=>Find no block
Sun Jan 14 10:11:21 AEDT 2018 com.google.javascript.jscomp.AstValidator,227
Sun Jan 14 10:15:03 AEDT 2018 com.google.javascript.jscomp.AstValidator,228
Sun Jan 14 10:16:54 AEDT 2018 com.google.javascript.jscomp.AstValidator,637
Sun Jan 14 10:22:44 AEDT 2018 com.google.javascript.jscomp.AstValidator,638
Sun Jan 14 10:22:49 AEDT 2018 com.google.javascript.jscomp.AstValidator,641
Sun Jan 14 10:22:53 AEDT 2018 Sun Jan 14 10:22:53 AEDT 2018 : com.google.javascript.jscomp.AstValidator,644=>Find no block
Sun Jan 14 10:22:58 AEDT 2018 Sun Jan 14 10:22:58 AEDT 2018 : com.google.javascript.jscomp.AstValidator,645=>Find no block
Sun Jan 14 10:23:03 AEDT 2018 com.google.javascript.jscomp.CodeGenerator,638
Sun Jan 14 10:29:29 AEDT 2018 com.google.javascript.jscomp.CodeGenerator,640
Sun Jan 14 10:37:48 AEDT 2018 com.google.javascript.jscomp.CodeGenerator,641
Sun Jan 14 10:41:08 AEDT 2018 com.google.javascript.jscomp.CodeGenerator,987
Sun Jan 14 10:41:20 AEDT 2018 com.google.javascript.jscomp.CodeGenerator,988
Sun Jan 14 10:41:24 AEDT 2018 com.google.javascript.jscomp.CodeGenerator,989
Sun Jan 14 10:41:29 AEDT 2018 com.google.javascript.jscomp.CodeGenerator,953
Sun Jan 14 11:06:52 AEDT 2018 com.google.javascript.jscomp.CodeGenerator,954
Sun Jan 14 11:06:57 AEDT 2018 com.google.javascript.jscomp.CodeGenerator,955
Sun Jan 14 11:07:02 AEDT 2018 com.google.javascript.jscomp.CodeGenerator,958
Sun Jan 14 11:07:06 AEDT 2018 com.google.javascript.jscomp.CodeGenerator,959
Sun Jan 14 11:07:11 AEDT 2018 com.google.javascript.jscomp.CodeGenerator,960
Sun Jan 14 11:07:16 AEDT 2018 com.google.javascript.jscomp.CodeGenerator,961
Sun Jan 14 11:07:20 AEDT 2018 com.google.javascript.jscomp.CodeGenerator,963
Sun Jan 14 11:07:25 AEDT 2018 Sun Jan 14 11:07:25 AEDT 2018 : com.google.javascript.jscomp.CodeGenerator,965=>Find no block
Sun Jan 14 11:07:30 AEDT 2018 com.google.javascript.jscomp.CodeGenerator,968
Sun Jan 14 11:17:15 AEDT 2018 com.google.javascript.jscomp.CodeGenerator,971
Sun Jan 14 11:17:20 AEDT 2018 Sun Jan 14 11:17:20 AEDT 2018 : com.google.javascript.jscomp.CodeGenerator,972=>Find no block
Sun Jan 14 11:17:25 AEDT 2018 com.google.javascript.jscomp.CodeGenerator,980
Sun Jan 14 11:17:30 AEDT 2018 com.google.javascript.jscomp.CodeGenerator,992
Sun Jan 14 11:18:15 AEDT 2018 com.google.javascript.jscomp.CodeGenerator,1023
Sun Jan 14 12:04:47 AEDT 2018 com.google.javascript.jscomp.CodeGenerator,1024
Sun Jan 14 12:04:52 AEDT 2018 com.google.javascript.jscomp.CodeGenerator,1025
Timeout time : 18/01/14 12:22
