=================================================
Project : closure_21	start : 18/01/14 02:21
Current failed test : com.google.javascript.jscomp.CheckSideEffectsTest::testUselessCode | 18/01/14 02:21
Sun Jan 14 02:21:41 AEDT 2018 com.google.javascript.rhino.Token,187
Sun Jan 14 02:21:57 AEDT 2018 com.google.javascript.jscomp.CheckSideEffects,115
Sun Jan 14 02:22:06 AEDT 2018 com.google.javascript.jscomp.CheckSideEffects,118
Sun Jan 14 02:27:23 AEDT 2018 com.google.javascript.jscomp.CheckSideEffects,119
Sun Jan 14 02:27:28 AEDT 2018 com.google.javascript.jscomp.CheckSideEffects,120
Sun Jan 14 02:27:33 AEDT 2018 com.google.javascript.jscomp.CheckSideEffects,121
Sun Jan 14 02:27:38 AEDT 2018 com.google.javascript.jscomp.CheckSideEffects,114
Sun Jan 14 02:27:43 AEDT 2018 com.google.javascript.jscomp.CheckSideEffects,117
Sun Jan 14 02:40:41 AEDT 2018 com.google.javascript.jscomp.CheckSideEffects,134
Sun Jan 14 02:52:24 AEDT 2018 com.google.javascript.jscomp.NodeUtil,3123
Sun Jan 14 03:23:03 AEDT 2018 com.google.javascript.jscomp.NodeUtil,3124
Sun Jan 14 03:23:08 AEDT 2018 com.google.javascript.jscomp.NodeUtil,3138
Sun Jan 14 03:41:36 AEDT 2018 com.google.javascript.jscomp.CheckSideEffects,91
Sun Jan 14 03:52:57 AEDT 2018 com.google.javascript.jscomp.CheckSideEffects,136
Sun Jan 14 03:53:02 AEDT 2018 com.google.javascript.jscomp.CheckSideEffects,157
Sun Jan 14 04:02:48 AEDT 2018 com.google.javascript.jscomp.CheckSideEffects,158
Sun Jan 14 04:19:06 AEDT 2018 com.google.javascript.jscomp.CheckSideEffects,159
Sun Jan 14 04:19:13 AEDT 2018 com.google.javascript.jscomp.CheckSideEffects,160
Sun Jan 14 04:19:18 AEDT 2018 com.google.javascript.jscomp.CheckSideEffects,161
Sun Jan 14 04:19:24 AEDT 2018 com.google.javascript.jscomp.CheckSideEffects,162
Sun Jan 14 04:19:29 AEDT 2018 com.google.javascript.jscomp.CheckSideEffects,163
Sun Jan 14 04:19:35 AEDT 2018 com.google.javascript.jscomp.CheckSideEffects,164
Sun Jan 14 04:19:40 AEDT 2018 Sun Jan 14 04:19:40 AEDT 2018 : com.google.javascript.jscomp.CheckSideEffects,165=>Find no block
Sun Jan 14 04:19:45 AEDT 2018 com.google.javascript.jscomp.CheckSideEffects,166
Sun Jan 14 04:37:21 AEDT 2018 com.google.javascript.jscomp.CheckSideEffects,171
Sun Jan 14 04:55:37 AEDT 2018 com.google.javascript.jscomp.CheckSideEffects,172
Sun Jan 14 04:55:42 AEDT 2018 com.google.javascript.jscomp.CheckSideEffects,173
Sun Jan 14 04:55:47 AEDT 2018 com.google.javascript.jscomp.CheckSideEffects,175
Sun Jan 14 04:55:52 AEDT 2018 com.google.javascript.jscomp.CheckSideEffects,176
Sun Jan 14 04:55:56 AEDT 2018 com.google.javascript.jscomp.CheckSideEffects,177
Sun Jan 14 04:56:02 AEDT 2018 com.google.javascript.jscomp.CheckSideEffects,178
Sun Jan 14 04:56:07 AEDT 2018 com.google.javascript.jscomp.CheckSideEffects,179
Sun Jan 14 04:56:12 AEDT 2018 com.google.javascript.jscomp.CheckSideEffects,180
Sun Jan 14 04:56:16 AEDT 2018 Sun Jan 14 04:56:16 AEDT 2018 : com.google.javascript.jscomp.CheckSideEffects,181=>Find no block
Sun Jan 14 04:56:22 AEDT 2018 com.google.javascript.jscomp.NodeUtil,1170
Sun Jan 14 04:56:50 AEDT 2018 com.google.javascript.jscomp.CheckSideEffects,135
Sun Jan 14 04:56:55 AEDT 2018 com.google.javascript.jscomp.CheckSideEffects,132
Sun Jan 14 04:59:52 AEDT 2018 com.google.javascript.jscomp.CheckSideEffects,133
Sun Jan 14 04:59:57 AEDT 2018 com.google.javascript.jscomp.CheckSideEffects,140
Sun Jan 14 05:00:02 AEDT 2018 com.google.javascript.jscomp.CheckSideEffects,144
Sun Jan 14 05:00:07 AEDT 2018 com.google.javascript.jscomp.CheckSideEffects,145
Sun Jan 14 05:00:12 AEDT 2018 com.google.javascript.rhino.JSDocInfo,373
Sun Jan 14 05:01:16 AEDT 2018 Sun Jan 14 05:01:16 AEDT 2018 : com.google.javascript.rhino.JSDocInfo,374=>Find no block
Sun Jan 14 05:01:21 AEDT 2018 com.google.javascript.rhino.JSDocInfoBuilder,779
Sun Jan 14 05:02:25 AEDT 2018 com.google.javascript.rhino.JSDocInfoBuilder,780
Sun Jan 14 05:02:30 AEDT 2018 com.google.javascript.rhino.JSDocInfoBuilder,781
Sun Jan 14 05:02:34 AEDT 2018 com.google.javascript.rhino.JSDocInfoBuilder,782
Sun Jan 14 05:02:40 AEDT 2018 com.google.javascript.rhino.JSDocInfo,499
Sun Jan 14 05:03:45 AEDT 2018 com.google.javascript.rhino.Node,687
Sun Jan 14 05:06:48 AEDT 2018 com.google.javascript.rhino.Node,690
Sun Jan 14 05:06:53 AEDT 2018 com.google.javascript.rhino.Node,692
Sun Jan 14 05:11:40 AEDT 2018 com.google.javascript.jscomp.NodeUtil,2139
Sun Jan 14 05:12:09 AEDT 2018 com.google.javascript.jscomp.NodeUtil,1192
Sun Jan 14 05:12:46 AEDT 2018 com.google.javascript.jscomp.CodeGenerator,175
Sun Jan 14 05:18:11 AEDT 2018 com.google.javascript.jscomp.CodeGenerator,222
Sun Jan 14 05:24:27 AEDT 2018 com.google.javascript.jscomp.CodeGenerator,223
Sun Jan 14 05:32:47 AEDT 2018 com.google.javascript.jscomp.CodeGenerator,224
Sun Jan 14 05:36:06 AEDT 2018 com.google.javascript.rhino.Node,186
Sun Jan 14 05:39:23 AEDT 2018 com.google.javascript.rhino.Node,635
Sun Jan 14 05:40:57 AEDT 2018 Sun Jan 14 05:40:57 AEDT 2018 : com.google.javascript.rhino.Node,636=>Find no block
Sun Jan 14 05:41:01 AEDT 2018 com.google.javascript.jscomp.Compiler,2335
Sun Jan 14 05:41:14 AEDT 2018 com.google.javascript.jscomp.Compiler,2336
Sun Jan 14 05:41:19 AEDT 2018 com.google.javascript.jscomp.Compiler,2338
Sun Jan 14 05:41:31 AEDT 2018 com.google.javascript.jscomp.Compiler,1027
Sun Jan 14 06:00:58 AEDT 2018 com.google.javascript.jscomp.Compiler,1028
Sun Jan 14 06:01:03 AEDT 2018 com.google.javascript.jscomp.Compiler,1031
Sun Jan 14 06:01:08 AEDT 2018 com.google.javascript.jscomp.Compiler,1032
Sun Jan 14 06:01:12 AEDT 2018 com.google.javascript.jscomp.Compiler,1033
Sun Jan 14 06:01:17 AEDT 2018 com.google.javascript.jscomp.Compiler,1034
Sun Jan 14 06:01:22 AEDT 2018 com.google.javascript.jscomp.Compiler,1035
Sun Jan 14 06:01:27 AEDT 2018 Sun Jan 14 06:01:27 AEDT 2018 : com.google.javascript.jscomp.SyntheticAst,37=>Find no block
Sun Jan 14 06:01:32 AEDT 2018 com.google.javascript.jscomp.SyntheticAst,38
Sun Jan 14 06:02:52 AEDT 2018 com.google.javascript.jscomp.SyntheticAst,39
Sun Jan 14 06:02:57 AEDT 2018 com.google.javascript.jscomp.SyntheticAst,40
Sun Jan 14 06:03:02 AEDT 2018 Sun Jan 14 06:03:02 AEDT 2018 : com.google.javascript.jscomp.SyntheticAst,41=>Find no block
Sun Jan 14 06:03:07 AEDT 2018 com.google.javascript.jscomp.SyntheticAst,45
Sun Jan 14 06:03:46 AEDT 2018 com.google.javascript.jscomp.SyntheticAst,50
Sun Jan 14 06:05:46 AEDT 2018 com.google.javascript.jscomp.SyntheticAst,51
Sun Jan 14 06:05:51 AEDT 2018 com.google.javascript.jscomp.SyntheticAst,52
Sun Jan 14 06:05:57 AEDT 2018 Sun Jan 14 06:05:57 AEDT 2018 : com.google.javascript.jscomp.SyntheticAst,53=>Find no block
Sun Jan 14 06:06:02 AEDT 2018 com.google.javascript.jscomp.SyntheticAst,57
Sun Jan 14 06:06:16 AEDT 2018 com.google.javascript.jscomp.SyntheticAst,62
Sun Jan 14 06:06:29 AEDT 2018 com.google.javascript.jscomp.NodeUtil,882
Sun Jan 14 06:09:50 AEDT 2018 com.google.javascript.jscomp.parsing.IRFactory,1242
Sun Jan 14 06:10:18 AEDT 2018 com.google.javascript.rhino.Node,1966
Sun Jan 14 06:11:19 AEDT 2018 Sun Jan 14 06:11:19 AEDT 2018 : com.google.javascript.rhino.Node,1967=>Find no block
Sun Jan 14 06:11:25 AEDT 2018 com.google.javascript.jscomp.parsing.IRFactory,225
Sun Jan 14 06:14:59 AEDT 2018 com.google.javascript.jscomp.parsing.IRFactory,226
Sun Jan 14 06:15:04 AEDT 2018 com.google.javascript.jscomp.NodeTraversal,671
Sun Jan 14 06:16:32 AEDT 2018 com.google.javascript.jscomp.CheckSideEffects,74
Sun Jan 14 06:16:45 AEDT 2018 com.google.javascript.jscomp.CheckSideEffects,156
Sun Jan 14 06:21:01 AEDT 2018 Sun Jan 14 06:21:01 AEDT 2018 : com.google.javascript.jscomp.CheckSideEffects,168=>Find no block
Sun Jan 14 06:21:07 AEDT 2018 com.google.javascript.rhino.IR,301
Sun Jan 14 06:36:11 AEDT 2018 com.google.javascript.rhino.IR,302
Sun Jan 14 06:47:09 AEDT 2018 com.google.javascript.rhino.IR,306
Sun Jan 14 06:47:14 AEDT 2018 com.google.javascript.jscomp.JSError,130
Sun Jan 14 06:47:28 AEDT 2018 com.google.javascript.jscomp.CodeGenerator,816
Sun Jan 14 07:01:13 AEDT 2018 com.google.javascript.jscomp.CodeGenerator,812
Sun Jan 14 07:01:15 AEDT 2018 com.google.javascript.jscomp.CodeGenerator,818
Sun Jan 14 07:06:03 AEDT 2018 com.google.javascript.jscomp.parsing.IRFactory,1159
Sun Jan 14 07:06:30 AEDT 2018 com.google.javascript.jscomp.CodeGenerator,887
Timeout time : 18/01/14 07:21
