=================================================
Project : closure_34	start : 18/01/13 21:20
Current failed test : com.google.javascript.jscomp.CodePrinterTest::testManyAdds | 18/01/13 21:21
Sat Jan 13 21:21:26 AEDT 2018 com.google.javascript.jscomp.NodeUtil,2147
Sat Jan 13 21:21:51 AEDT 2018 com.google.javascript.jscomp.NodeUtil,1196
Sat Jan 13 21:22:09 AEDT 2018 com.google.javascript.jscomp.CodeGenerator,98
Sat Jan 13 21:30:53 AEDT 2018 com.google.javascript.jscomp.CodeGenerator,102
Sat Jan 13 21:30:56 AEDT 2018 com.google.javascript.jscomp.CodeGenerator,106
Sat Jan 13 21:31:00 AEDT 2018 com.google.javascript.jscomp.CodeGenerator,111
Sat Jan 13 21:46:36 AEDT 2018 com.google.javascript.jscomp.CodeGenerator,116
Sat Jan 13 21:46:39 AEDT 2018 com.google.javascript.jscomp.CodeGenerator,122
Sat Jan 13 21:46:41 AEDT 2018 com.google.javascript.rhino.Node,504
Sat Jan 13 21:46:50 AEDT 2018 com.google.javascript.rhino.Node,155
Sat Jan 13 21:46:59 AEDT 2018 com.google.javascript.rhino.Node,156
Sat Jan 13 21:47:01 AEDT 2018 Sat Jan 13 21:47:01 AEDT 2018 : com.google.javascript.rhino.Node,157=>Find no block
Sat Jan 13 21:47:05 AEDT 2018 com.google.javascript.jscomp.CodeGenerator,1176
Sat Jan 13 21:47:21 AEDT 2018 com.google.javascript.jscomp.NodeUtil,1452
Sat Jan 13 21:52:38 AEDT 2018 Sat Jan 13 21:52:38 AEDT 2018 : com.google.javascript.jscomp.NodeUtil,1437=>Find no block
Sat Jan 13 21:52:41 AEDT 2018 Sat Jan 13 21:52:41 AEDT 2018 : com.google.javascript.rhino.Node,380=>Find no block
Sat Jan 13 21:52:44 AEDT 2018 com.google.javascript.rhino.Node,381
Sat Jan 13 21:58:41 AEDT 2018 com.google.javascript.rhino.Node,383
Sat Jan 13 21:58:46 AEDT 2018 com.google.javascript.rhino.Node,385
Sat Jan 13 22:04:41 AEDT 2018 com.google.javascript.rhino.Node,387
Sat Jan 13 22:14:10 AEDT 2018 com.google.javascript.rhino.Node,389
Sat Jan 13 22:27:37 AEDT 2018 com.google.javascript.rhino.Node,390
Sat Jan 13 22:34:39 AEDT 2018 com.google.javascript.rhino.Node,391
Sat Jan 13 22:41:46 AEDT 2018 com.google.javascript.rhino.Node,392
Sat Jan 13 22:48:06 AEDT 2018 com.google.javascript.rhino.Node,393
Sat Jan 13 22:54:19 AEDT 2018 com.google.javascript.rhino.Node,394
Sat Jan 13 23:00:25 AEDT 2018 com.google.javascript.rhino.Node,395
Sat Jan 13 23:03:51 AEDT 2018 com.google.javascript.rhino.Node,396
Sat Jan 13 23:07:12 AEDT 2018 com.google.javascript.rhino.Node,397
Sat Jan 13 23:07:16 AEDT 2018 Sat Jan 13 23:07:16 AEDT 2018 : com.google.javascript.rhino.Node,398=>Find no block
Sat Jan 13 23:07:20 AEDT 2018 Sat Jan 13 23:07:20 AEDT 2018 : com.google.javascript.rhino.Node,366=>Find no block
Sat Jan 13 23:07:24 AEDT 2018 com.google.javascript.rhino.Node,367
Sat Jan 13 23:22:48 AEDT 2018 com.google.javascript.rhino.Node,369
Sat Jan 13 23:22:52 AEDT 2018 com.google.javascript.rhino.Node,372
Sat Jan 13 23:22:55 AEDT 2018 com.google.javascript.rhino.Node,373
Sat Jan 13 23:22:59 AEDT 2018 com.google.javascript.rhino.Node,374
Sat Jan 13 23:23:03 AEDT 2018 com.google.javascript.rhino.Node,375
Sat Jan 13 23:23:06 AEDT 2018 com.google.javascript.rhino.Node,376
Sat Jan 13 23:23:10 AEDT 2018 com.google.javascript.rhino.Node,377
Sat Jan 13 23:23:13 AEDT 2018 Sat Jan 13 23:23:13 AEDT 2018 : com.google.javascript.rhino.Node,378=>Find no block
Sat Jan 13 23:23:17 AEDT 2018 com.google.javascript.jscomp.CodeGenerator,884
Sat Jan 13 23:42:12 AEDT 2018 com.google.javascript.jscomp.CodeGenerator,891
Sat Jan 13 23:42:16 AEDT 2018 Sat Jan 13 23:42:16 AEDT 2018 : com.google.javascript.jscomp.NodeUtil,1162=>Find no block
Sat Jan 13 23:42:19 AEDT 2018 com.google.javascript.jscomp.CodePrinter,613
Sat Jan 13 23:42:49 AEDT 2018 com.google.javascript.jscomp.CodePrinter,614
Sat Jan 13 23:42:52 AEDT 2018 com.google.javascript.jscomp.CodePrinter,434
Sat Jan 13 23:43:26 AEDT 2018 Sat Jan 13 23:43:26 AEDT 2018 : com.google.javascript.jscomp.CodePrinter,417=>Find no block
Sat Jan 13 23:43:30 AEDT 2018 Sat Jan 13 23:43:30 AEDT 2018 : com.google.javascript.jscomp.CodePrinter,418=>Find no block
Sat Jan 13 23:43:33 AEDT 2018 Sat Jan 13 23:43:33 AEDT 2018 : com.google.javascript.jscomp.CodePrinter,419=>Find no block
Sat Jan 13 23:43:37 AEDT 2018 Sat Jan 13 23:43:37 AEDT 2018 : com.google.javascript.jscomp.CodePrinter,420=>Find no block
Sat Jan 13 23:43:41 AEDT 2018 com.google.javascript.jscomp.CodePrinter,435
Sat Jan 13 23:43:44 AEDT 2018 com.google.javascript.jscomp.CodePrinter,436
Sat Jan 13 23:43:48 AEDT 2018 Sat Jan 13 23:43:48 AEDT 2018 : com.google.javascript.jscomp.CodePrinter,437=>Find no block
Sat Jan 13 23:43:51 AEDT 2018 Sat Jan 13 23:43:51 AEDT 2018 : com.google.javascript.jscomp.CodePrinter,402=>Find no block
Sat Jan 13 23:43:55 AEDT 2018 Sat Jan 13 23:43:55 AEDT 2018 : com.google.javascript.jscomp.CodePrinter,564=>Find no block
Sat Jan 13 23:43:58 AEDT 2018 Sat Jan 13 23:43:58 AEDT 2018 : com.google.javascript.jscomp.CodePrinter,547=>Find no block
Sat Jan 13 23:44:02 AEDT 2018 Sat Jan 13 23:44:02 AEDT 2018 : com.google.javascript.jscomp.CodePrinter,548=>Find no block
Sat Jan 13 23:44:05 AEDT 2018 Sat Jan 13 23:44:05 AEDT 2018 : com.google.javascript.jscomp.CodePrinter,549=>Find no block
Sat Jan 13 23:44:08 AEDT 2018 Sat Jan 13 23:44:08 AEDT 2018 : com.google.javascript.jscomp.CodePrinter,550=>Find no block
Sat Jan 13 23:44:12 AEDT 2018 Sat Jan 13 23:44:12 AEDT 2018 : com.google.javascript.jscomp.CodePrinter,551=>Find no block
Sat Jan 13 23:44:15 AEDT 2018 Sat Jan 13 23:44:15 AEDT 2018 : com.google.javascript.jscomp.CodePrinter,552=>Find no block
Sat Jan 13 23:44:18 AEDT 2018 Sat Jan 13 23:44:18 AEDT 2018 : com.google.javascript.jscomp.CodePrinter,553=>Find no block
Sat Jan 13 23:44:23 AEDT 2018 Sat Jan 13 23:44:23 AEDT 2018 : com.google.javascript.jscomp.CodePrinter,557=>Find no block
Sat Jan 13 23:44:26 AEDT 2018 com.google.javascript.jscomp.CodePrinter,565
Sat Jan 13 23:46:07 AEDT 2018 Sat Jan 13 23:46:07 AEDT 2018 : com.google.javascript.jscomp.CodePrinter,566=>Find no block
Sat Jan 13 23:46:11 AEDT 2018 com.google.javascript.jscomp.CodePrinter,658
Sat Jan 13 23:47:00 AEDT 2018 com.google.javascript.jscomp.CodePrinter,663
Sat Jan 13 23:49:23 AEDT 2018 com.google.javascript.jscomp.CodePrinter,669
Sat Jan 13 23:49:25 AEDT 2018 Sat Jan 13 23:49:25 AEDT 2018 : com.google.javascript.jscomp.CodePrinter,35=>Find no block
Sat Jan 13 23:49:28 AEDT 2018 com.google.javascript.jscomp.CodePrinter,691
Sat Jan 13 23:55:40 AEDT 2018 com.google.javascript.jscomp.CodePrinter,693
Sat Jan 13 23:55:43 AEDT 2018 com.google.javascript.jscomp.CodePrinter,694
Sat Jan 13 23:55:58 AEDT 2018 com.google.javascript.jscomp.CodePrinter,701
Sat Jan 13 23:56:17 AEDT 2018 com.google.javascript.jscomp.CodePrinter,706
Sat Jan 13 23:56:29 AEDT 2018 com.google.javascript.jscomp.CodePrinter,710
Sun Jan 14 00:00:45 AEDT 2018 Sun Jan 14 00:00:45 AEDT 2018 : com.google.javascript.jscomp.CodePrinter,675=>Find no block
Sun Jan 14 00:00:48 AEDT 2018 Sun Jan 14 00:00:48 AEDT 2018 : com.google.javascript.jscomp.CodePrinter,676=>Find no block
Sun Jan 14 00:00:52 AEDT 2018 Sun Jan 14 00:00:52 AEDT 2018 : com.google.javascript.jscomp.CodePrinter,677=>Find no block
Sun Jan 14 00:00:55 AEDT 2018 Sun Jan 14 00:00:55 AEDT 2018 : com.google.javascript.jscomp.CodePrinter,678=>Find no block
Sun Jan 14 00:00:59 AEDT 2018 Sun Jan 14 00:00:59 AEDT 2018 : com.google.javascript.jscomp.CodePrinter,60=>Find no block
Sun Jan 14 00:01:01 AEDT 2018 Sun Jan 14 00:01:01 AEDT 2018 : com.google.javascript.jscomp.CodePrinter,52=>Find no block
Sun Jan 14 00:01:04 AEDT 2018 Sun Jan 14 00:01:04 AEDT 2018 : com.google.javascript.jscomp.CodePrinter,54=>Find no block
Sun Jan 14 00:01:08 AEDT 2018 Sun Jan 14 00:01:08 AEDT 2018 : com.google.javascript.jscomp.CodePrinter,55=>Find no block
Sun Jan 14 00:01:12 AEDT 2018 com.google.javascript.jscomp.CodePrinter,61
Sun Jan 14 00:10:19 AEDT 2018 com.google.javascript.jscomp.CodePrinter,62
Sun Jan 14 00:10:24 AEDT 2018 com.google.javascript.jscomp.CodePrinter,64
Sun Jan 14 00:10:28 AEDT 2018 com.google.javascript.jscomp.CodePrinter,65
Sun Jan 14 00:10:31 AEDT 2018 com.google.javascript.jscomp.CodePrinter,66
Sun Jan 14 00:10:35 AEDT 2018 com.google.javascript.jscomp.CodePrinter,67
Sun Jan 14 00:10:39 AEDT 2018 Sun Jan 14 00:10:39 AEDT 2018 : com.google.javascript.jscomp.CodePrinter,68=>Find no block
Sun Jan 14 00:10:42 AEDT 2018 com.google.javascript.jscomp.CodeConsumer,53
Sun Jan 14 00:10:53 AEDT 2018 Sun Jan 14 00:10:53 AEDT 2018 : com.google.javascript.jscomp.CodeConsumer,29=>Find no block
Sun Jan 14 00:10:57 AEDT 2018 Sun Jan 14 00:10:57 AEDT 2018 : com.google.javascript.jscomp.CodeConsumer,30=>Find no block
Sun Jan 14 00:11:01 AEDT 2018 Sun Jan 14 00:11:01 AEDT 2018 : com.google.javascript.jscomp.CodeConsumer,31=>Find no block
Sun Jan 14 00:11:05 AEDT 2018 Sun Jan 14 00:11:05 AEDT 2018 : com.google.javascript.jscomp.CodeConsumer,32=>Find no block
Sun Jan 14 00:11:08 AEDT 2018 Sun Jan 14 00:11:08 AEDT 2018 : com.google.javascript.jscomp.NodeUtil,2124=>Find no block
Sun Jan 14 00:11:12 AEDT 2018 Sun Jan 14 00:11:12 AEDT 2018 : com.google.javascript.jscomp.CodeGenerator,49=>Find no block
Sun Jan 14 00:11:16 AEDT 2018 Sun Jan 14 00:11:16 AEDT 2018 : com.google.javascript.jscomp.CodeGenerator,38=>Find no block
Sun Jan 14 00:11:20 AEDT 2018 com.google.javascript.jscomp.CodeGenerator,50
Sun Jan 14 00:11:33 AEDT 2018 com.google.javascript.jscomp.CodeGenerator,51
Sun Jan 14 00:11:43 AEDT 2018 com.google.javascript.jscomp.CodeGenerator,56
Sun Jan 14 00:11:46 AEDT 2018 Sun Jan 14 00:11:46 AEDT 2018 : com.google.javascript.jscomp.CodeGenerator,60=>Find no block
Sun Jan 14 00:11:50 AEDT 2018 com.google.javascript.jscomp.CodeGenerator,82
Sun Jan 14 00:14:38 AEDT 2018 com.google.javascript.jscomp.CodeGenerator,86
Sun Jan 14 00:14:58 AEDT 2018 com.google.javascript.jscomp.CodeGenerator,90
Sun Jan 14 00:19:59 AEDT 2018 com.google.javascript.jscomp.CodeGenerator,91
Sun Jan 14 00:25:13 AEDT 2018 com.google.javascript.jscomp.CodeGenerator,92
Sun Jan 14 00:41:44 AEDT 2018 com.google.javascript.jscomp.CodeGenerator,93
Sun Jan 14 01:03:18 AEDT 2018 com.google.javascript.jscomp.CodeGenerator,94
Sun Jan 14 01:03:22 AEDT 2018 com.google.javascript.jscomp.CodeGenerator,97
Sun Jan 14 01:20:26 AEDT 2018 Sun Jan 14 01:20:26 AEDT 2018 : com.google.javascript.jscomp.CodeGenerator,1154=>Find no block
Sun Jan 14 01:20:30 AEDT 2018 Sun Jan 14 01:20:30 AEDT 2018 : com.google.javascript.jscomp.CodeGenerator,1155=>Find no block
Sun Jan 14 01:20:33 AEDT 2018 Sun Jan 14 01:20:33 AEDT 2018 : com.google.javascript.jscomp.CodeGenerator,1156=>Find no block
Sun Jan 14 01:20:36 AEDT 2018 Sun Jan 14 01:20:36 AEDT 2018 : com.google.javascript.jscomp.CodeGenerator,1157=>Find no block
Sun Jan 14 01:20:40 AEDT 2018 Sun Jan 14 01:20:40 AEDT 2018 : com.google.javascript.jscomp.CodeGenerator,1158=>Find no block
Sun Jan 14 01:20:44 AEDT 2018 Sun Jan 14 01:20:44 AEDT 2018 : com.google.javascript.jscomp.CodeGenerator,1162=>Find no block
Sun Jan 14 01:20:47 AEDT 2018 Sun Jan 14 01:20:47 AEDT 2018 : com.google.javascript.jscomp.CodeGenerator,1163=>Find no block
Sun Jan 14 01:20:52 AEDT 2018 Sun Jan 14 01:20:52 AEDT 2018 : com.google.javascript.jscomp.CodeGenerator,40=>Find no block
Sun Jan 14 01:20:56 AEDT 2018 com.google.javascript.rhino.Node,616
Sun Jan 14 01:35:48 AEDT 2018 com.google.javascript.rhino.Node,617
Sun Jan 14 01:35:52 AEDT 2018 Sun Jan 14 01:35:52 AEDT 2018 : com.google.javascript.rhino.Node,618=>Find no block
Sun Jan 14 01:35:53 AEDT 2018 com.google.javascript.rhino.Node,544
Sun Jan 14 01:36:09 AEDT 2018 com.google.javascript.rhino.Node,1407
Sun Jan 14 01:38:18 AEDT 2018 com.google.javascript.rhino.Node,1405
Sun Jan 14 01:41:50 AEDT 2018 com.google.javascript.rhino.Node,1406
Sun Jan 14 01:41:54 AEDT 2018 com.google.javascript.rhino.Node,1409
Sun Jan 14 01:41:56 AEDT 2018 com.google.javascript.rhino.Node,608
Sun Jan 14 01:42:00 AEDT 2018 com.google.javascript.rhino.Node,609
Sun Jan 14 01:42:03 AEDT 2018 com.google.javascript.rhino.Node,610
Sun Jan 14 01:42:06 AEDT 2018 com.google.javascript.rhino.Node,611
Sun Jan 14 01:42:10 AEDT 2018 com.google.javascript.rhino.Node,612
Sun Jan 14 01:42:13 AEDT 2018 Sun Jan 14 01:42:13 AEDT 2018 : com.google.javascript.jscomp.NodeUtil,50=>Find no block
Sun Jan 14 01:42:17 AEDT 2018 Sun Jan 14 01:42:17 AEDT 2018 : com.google.javascript.jscomp.NodeUtil,58=>Find no block
Sun Jan 14 01:42:20 AEDT 2018 Sun Jan 14 01:42:20 AEDT 2018 : com.google.javascript.jscomp.NodeUtil,961=>Find no block
Sun Jan 14 01:42:23 AEDT 2018 Sun Jan 14 01:42:23 AEDT 2018 : com.google.javascript.jscomp.NodeUtil,964=>Find no block
Sun Jan 14 01:42:27 AEDT 2018 Sun Jan 14 01:42:27 AEDT 2018 : com.google.javascript.jscomp.NodeUtil,966=>Find no block
Sun Jan 14 01:42:30 AEDT 2018 Sun Jan 14 01:42:30 AEDT 2018 : com.google.javascript.jscomp.NodeUtil,968=>Find no block
Sun Jan 14 01:42:34 AEDT 2018 Sun Jan 14 01:42:34 AEDT 2018 : com.google.javascript.jscomp.NodeUtil,1263=>Find no block
Sun Jan 14 01:42:37 AEDT 2018 Sun Jan 14 01:42:37 AEDT 2018 : com.google.javascript.jscomp.NodeUtil,1316=>Find no block
Sun Jan 14 01:42:40 AEDT 2018 Sun Jan 14 01:42:40 AEDT 2018 : com.google.javascript.jscomp.NodeUtil,1374=>Find no block
Sun Jan 14 01:42:44 AEDT 2018 Sun Jan 14 01:42:44 AEDT 2018 : com.google.javascript.jscomp.NodeUtil,2606=>Find no block
Sun Jan 14 01:42:46 AEDT 2018 Sun Jan 14 01:42:46 AEDT 2018 : com.google.javascript.jscomp.NodeUtil,1256=>Find no block
Sun Jan 14 01:42:49 AEDT 2018 Sun Jan 14 01:42:49 AEDT 2018 : com.google.javascript.jscomp.NodeUtil,1309=>Find no block
Sun Jan 14 01:42:52 AEDT 2018 Sun Jan 14 01:42:52 AEDT 2018 : com.google.javascript.jscomp.NodeUtil,1367=>Find no block
Sun Jan 14 01:42:55 AEDT 2018 Sun Jan 14 01:42:55 AEDT 2018 : com.google.javascript.jscomp.NodeUtil,2599=>Find no block
Sun Jan 14 01:42:57 AEDT 2018 com.google.javascript.rhino.Node,540
Sun Jan 14 01:43:27 AEDT 2018 Sun Jan 14 01:43:27 AEDT 2018 : com.google.javascript.jscomp.SourceMap,76=>Find no block
Sun Jan 14 01:43:29 AEDT 2018 Sun Jan 14 01:43:29 AEDT 2018 : com.google.javascript.jscomp.SourceMap,79=>Find no block
Sun Jan 14 01:43:32 AEDT 2018 Sun Jan 14 01:43:32 AEDT 2018 : com.google.javascript.jscomp.SourceMap,86=>Find no block
Sun Jan 14 01:43:35 AEDT 2018 Sun Jan 14 01:43:35 AEDT 2018 : com.google.javascript.jscomp.SourceMap,86=>Find no block
Sun Jan 14 01:43:38 AEDT 2018 Sun Jan 14 01:43:38 AEDT 2018 : com.google.javascript.jscomp.SourceMap,79=>Find no block
Sun Jan 14 01:43:40 AEDT 2018 Sun Jan 14 01:43:40 AEDT 2018 : com.google.javascript.rhino.Node,360=>Find no block
Sun Jan 14 01:43:44 AEDT 2018 com.google.javascript.rhino.Node,361
Sun Jan 14 01:50:26 AEDT 2018 com.google.javascript.rhino.Node,362
Sun Jan 14 01:50:30 AEDT 2018 com.google.javascript.rhino.Node,363
Sun Jan 14 01:50:33 AEDT 2018 Sun Jan 14 01:50:33 AEDT 2018 : com.google.javascript.rhino.Node,364=>Find no block
Sun Jan 14 01:50:36 AEDT 2018 com.google.javascript.rhino.Node,528
Sun Jan 14 01:51:02 AEDT 2018 com.google.javascript.rhino.Node,196
Sun Jan 14 01:51:26 AEDT 2018 com.google.javascript.rhino.Node,197
Sun Jan 14 01:51:57 AEDT 2018 com.google.javascript.rhino.Node,198
Sun Jan 14 01:52:00 AEDT 2018 com.google.javascript.rhino.Node,200
Sun Jan 14 01:52:04 AEDT 2018 Sun Jan 14 01:52:04 AEDT 2018 : com.google.javascript.rhino.Node,201=>Find no block
Sun Jan 14 01:52:08 AEDT 2018 com.google.javascript.rhino.Node,204
Sun Jan 14 01:53:06 AEDT 2018 com.google.javascript.rhino.Node,205
Sun Jan 14 01:53:10 AEDT 2018 com.google.javascript.rhino.Node,206
Sun Jan 14 01:53:12 AEDT 2018 com.google.javascript.rhino.Node,208
Sun Jan 14 01:53:16 AEDT 2018 Sun Jan 14 01:53:16 AEDT 2018 : com.google.javascript.rhino.Node,209=>Find no block
Sun Jan 14 01:53:19 AEDT 2018 com.google.javascript.rhino.Node,217
Sun Jan 14 01:53:26 AEDT 2018 com.google.javascript.rhino.Node,226
Sun Jan 14 01:53:29 AEDT 2018 com.google.javascript.rhino.Node,227
Sun Jan 14 01:53:31 AEDT 2018 com.google.javascript.rhino.Node,229
Sun Jan 14 01:53:58 AEDT 2018 Sun Jan 14 01:53:58 AEDT 2018 : com.google.javascript.rhino.Node,230=>Find no block
Sun Jan 14 01:54:01 AEDT 2018 com.google.javascript.rhino.Node,234
Sun Jan 14 01:54:32 AEDT 2018 com.google.javascript.rhino.Node,246
Sun Jan 14 01:54:58 AEDT 2018 com.google.javascript.rhino.Node,254
Sun Jan 14 01:56:28 AEDT 2018 Sun Jan 14 01:56:28 AEDT 2018 : com.google.javascript.rhino.Node,255=>Find no block
Sun Jan 14 01:56:31 AEDT 2018 Sun Jan 14 01:56:31 AEDT 2018 : com.google.javascript.rhino.Node,400=>Find no block
Sun Jan 14 01:56:35 AEDT 2018 com.google.javascript.rhino.Node,401
Sun Jan 14 02:06:31 AEDT 2018 com.google.javascript.rhino.Node,402
Sun Jan 14 02:06:34 AEDT 2018 com.google.javascript.rhino.Node,403
Sun Jan 14 02:16:25 AEDT 2018 com.google.javascript.rhino.Node,404
Timeout time : 18/01/14 02:21
