=================================================
Project : closure_39	start : 18/01/14 02:21
Current failed test : com.google.javascript.rhino.jstype.RecordTypeTest::testLongToString_purify_1 | 18/01/14 02:21
Sun Jan 14 02:21:54 AEDT 2018 com.google.javascript.rhino.jstype.PrototypeObjectType,384
Sun Jan 14 02:28:48 AEDT 2018 com.google.javascript.rhino.jstype.PrototypeObjectType,385
Sun Jan 14 02:28:49 AEDT 2018 com.google.javascript.rhino.jstype.PrototypeObjectType,375
Sun Jan 14 02:34:18 AEDT 2018 com.google.javascript.rhino.jstype.ProxyObjectType,258
Sun Jan 14 02:34:23 AEDT 2018 com.google.javascript.rhino.jstype.JSType,1165
Sun Jan 14 02:34:33 AEDT 2018 com.google.javascript.rhino.jstype.PrototypeObjectType,394
Sun Jan 14 02:34:37 AEDT 2018 com.google.javascript.rhino.jstype.PrototypeObjectType,374
Sun Jan 14 02:34:39 AEDT 2018 com.google.javascript.rhino.jstype.PrototypeObjectType,378
Sun Jan 14 02:43:11 AEDT 2018 com.google.javascript.rhino.jstype.PrototypeObjectType,379
Sun Jan 14 02:49:36 AEDT 2018 com.google.javascript.rhino.jstype.PrototypeObjectType,380
Sun Jan 14 02:57:27 AEDT 2018 com.google.javascript.rhino.jstype.PrototypeObjectType,382
Sun Jan 14 03:06:04 AEDT 2018 com.google.javascript.rhino.jstype.PrototypeObjectType,383
Sun Jan 14 03:06:06 AEDT 2018 Sun Jan 14 03:06:06 AEDT 2018 : com.google.javascript.rhino.jstype.PrototypeObjectType,387=>Find no block
Sun Jan 14 03:06:07 AEDT 2018 com.google.javascript.rhino.jstype.RecordType,122
Sun Jan 14 03:06:22 AEDT 2018 com.google.javascript.rhino.jstype.PrototypeObjectType,358
Sun Jan 14 03:11:29 AEDT 2018 com.google.javascript.rhino.jstype.PrototypeObjectType,361
Sun Jan 14 03:11:30 AEDT 2018 Sun Jan 14 03:11:30 AEDT 2018 : com.google.javascript.rhino.jstype.PrototypeObjectType,362=>Find no block
Sun Jan 14 03:11:31 AEDT 2018 com.google.javascript.rhino.jstype.PrototypeObjectType,363
Timeout time : 18/01/14 03:11
Current failed test : com.google.javascript.rhino.jstype.RecordTypeTest::testLongToString_purify_2 | 18/01/14 03:11
Sun Jan 14 03:12:10 AEDT 2018 com.google.javascript.rhino.jstype.PrototypeObjectType,384
Sun Jan 14 03:19:06 AEDT 2018 com.google.javascript.rhino.jstype.PrototypeObjectType,385
Sun Jan 14 03:19:07 AEDT 2018 com.google.javascript.rhino.jstype.PrototypeObjectType,375
Sun Jan 14 03:24:18 AEDT 2018 com.google.javascript.rhino.jstype.ProxyObjectType,258
Sun Jan 14 03:24:23 AEDT 2018 com.google.javascript.rhino.jstype.JSType,1165
Sun Jan 14 03:24:32 AEDT 2018 com.google.javascript.rhino.jstype.PrototypeObjectType,394
Sun Jan 14 03:24:36 AEDT 2018 com.google.javascript.rhino.jstype.PrototypeObjectType,374
Sun Jan 14 03:24:37 AEDT 2018 com.google.javascript.rhino.jstype.PrototypeObjectType,378
Sun Jan 14 03:33:33 AEDT 2018 com.google.javascript.rhino.jstype.PrototypeObjectType,379
Sun Jan 14 03:40:28 AEDT 2018 com.google.javascript.rhino.jstype.PrototypeObjectType,380
Sun Jan 14 03:47:52 AEDT 2018 com.google.javascript.rhino.jstype.PrototypeObjectType,382
Sun Jan 14 03:56:51 AEDT 2018 com.google.javascript.rhino.jstype.PrototypeObjectType,383
Sun Jan 14 03:56:52 AEDT 2018 Sun Jan 14 03:56:52 AEDT 2018 : com.google.javascript.rhino.jstype.PrototypeObjectType,387=>Find no block
Sun Jan 14 03:56:53 AEDT 2018 com.google.javascript.rhino.jstype.RecordType,122
Sun Jan 14 03:57:01 AEDT 2018 com.google.javascript.rhino.jstype.PrototypeObjectType,358
Timeout time : 18/01/14 04:02
Current failed test : com.google.javascript.rhino.jstype.RecordTypeTest::testRecursiveRecord_purify_1 | 18/01/14 04:02
Sun Jan 14 04:02:29 AEDT 2018 com.google.javascript.rhino.jstype.PrototypeObjectType,384
Sun Jan 14 04:09:51 AEDT 2018 com.google.javascript.rhino.jstype.PrototypeObjectType,385
Sun Jan 14 04:09:52 AEDT 2018 com.google.javascript.rhino.jstype.PrototypeObjectType,375
Sun Jan 14 04:15:15 AEDT 2018 com.google.javascript.rhino.jstype.ProxyObjectType,258
Sun Jan 14 04:15:21 AEDT 2018 com.google.javascript.rhino.jstype.JSType,1165
Sun Jan 14 04:15:30 AEDT 2018 com.google.javascript.rhino.jstype.PrototypeObjectType,394
Sun Jan 14 04:15:35 AEDT 2018 com.google.javascript.rhino.jstype.PrototypeObjectType,374
Sun Jan 14 04:15:36 AEDT 2018 com.google.javascript.rhino.jstype.PrototypeObjectType,378
Sun Jan 14 04:25:43 AEDT 2018 com.google.javascript.rhino.jstype.PrototypeObjectType,379
Sun Jan 14 04:32:49 AEDT 2018 com.google.javascript.rhino.jstype.PrototypeObjectType,380
Sun Jan 14 04:40:19 AEDT 2018 com.google.javascript.rhino.jstype.PrototypeObjectType,382
Sun Jan 14 04:49:24 AEDT 2018 com.google.javascript.rhino.jstype.PrototypeObjectType,383
Sun Jan 14 04:49:26 AEDT 2018 Sun Jan 14 04:49:26 AEDT 2018 : com.google.javascript.rhino.jstype.PrototypeObjectType,387=>Find no block
Sun Jan 14 04:49:27 AEDT 2018 com.google.javascript.rhino.jstype.RecordType,122
Sun Jan 14 04:49:37 AEDT 2018 com.google.javascript.rhino.jstype.PrototypeObjectType,358
Timeout time : 18/01/14 04:52
Current failed test : com.google.javascript.rhino.jstype.RecordTypeTest::testRecursiveRecord_purify_2 | 18/01/14 04:52
Sun Jan 14 04:52:41 AEDT 2018 com.google.javascript.rhino.jstype.PrototypeObjectType,384
Sun Jan 14 05:01:01 AEDT 2018 com.google.javascript.rhino.jstype.PrototypeObjectType,385
Sun Jan 14 05:01:02 AEDT 2018 com.google.javascript.rhino.jstype.PrototypeObjectType,375
Sun Jan 14 05:06:45 AEDT 2018 com.google.javascript.rhino.jstype.ProxyObjectType,258
Sun Jan 14 05:06:57 AEDT 2018 com.google.javascript.rhino.jstype.JSType,1165
Sun Jan 14 05:07:16 AEDT 2018 com.google.javascript.rhino.jstype.PrototypeObjectType,394
Sun Jan 14 05:07:21 AEDT 2018 com.google.javascript.rhino.jstype.PrototypeObjectType,374
Sun Jan 14 05:07:23 AEDT 2018 com.google.javascript.rhino.jstype.PrototypeObjectType,378
Sun Jan 14 05:18:24 AEDT 2018 com.google.javascript.rhino.jstype.PrototypeObjectType,379
Sun Jan 14 05:25:12 AEDT 2018 com.google.javascript.rhino.jstype.PrototypeObjectType,380
Sun Jan 14 05:32:49 AEDT 2018 com.google.javascript.rhino.jstype.PrototypeObjectType,382
Sun Jan 14 05:41:29 AEDT 2018 com.google.javascript.rhino.jstype.PrototypeObjectType,383
Sun Jan 14 05:41:31 AEDT 2018 Sun Jan 14 05:41:31 AEDT 2018 : com.google.javascript.rhino.jstype.PrototypeObjectType,387=>Find no block
Sun Jan 14 05:41:32 AEDT 2018 com.google.javascript.rhino.jstype.RecordType,122
Sun Jan 14 05:41:53 AEDT 2018 com.google.javascript.rhino.jstype.PrototypeObjectType,358
Timeout time : 18/01/14 05:42
Current failed test : com.google.javascript.rhino.jstype.RecordTypeTest::testRecursiveRecord_purify_3 | 18/01/14 05:42
Sun Jan 14 05:42:54 AEDT 2018 com.google.javascript.rhino.jstype.PrototypeObjectType,384
Sun Jan 14 05:49:04 AEDT 2018 com.google.javascript.rhino.jstype.PrototypeObjectType,385
Sun Jan 14 05:49:05 AEDT 2018 com.google.javascript.rhino.jstype.PrototypeObjectType,375
Sun Jan 14 05:53:39 AEDT 2018 com.google.javascript.rhino.jstype.ProxyObjectType,258
Sun Jan 14 05:53:57 AEDT 2018 com.google.javascript.rhino.jstype.JSType,1165
Sun Jan 14 05:54:05 AEDT 2018 com.google.javascript.rhino.jstype.PrototypeObjectType,394
Sun Jan 14 05:54:10 AEDT 2018 com.google.javascript.rhino.jstype.PrototypeObjectType,374
Sun Jan 14 05:54:11 AEDT 2018 com.google.javascript.rhino.jstype.PrototypeObjectType,378
Sun Jan 14 06:01:47 AEDT 2018 com.google.javascript.rhino.jstype.PrototypeObjectType,379
Sun Jan 14 06:07:05 AEDT 2018 com.google.javascript.rhino.jstype.PrototypeObjectType,380
Sun Jan 14 06:12:43 AEDT 2018 com.google.javascript.rhino.jstype.PrototypeObjectType,382
Sun Jan 14 06:19:36 AEDT 2018 com.google.javascript.rhino.jstype.PrototypeObjectType,383
Sun Jan 14 06:19:37 AEDT 2018 Sun Jan 14 06:19:37 AEDT 2018 : com.google.javascript.rhino.jstype.PrototypeObjectType,387=>Find no block
Sun Jan 14 06:19:38 AEDT 2018 com.google.javascript.rhino.jstype.RecordType,122
Sun Jan 14 06:19:48 AEDT 2018 com.google.javascript.rhino.jstype.PrototypeObjectType,358
Sun Jan 14 06:23:55 AEDT 2018 com.google.javascript.rhino.jstype.PrototypeObjectType,361
Sun Jan 14 06:23:56 AEDT 2018 Sun Jan 14 06:23:56 AEDT 2018 : com.google.javascript.rhino.jstype.PrototypeObjectType,362=>Find no block
Sun Jan 14 06:24:00 AEDT 2018 com.google.javascript.rhino.jstype.PrototypeObjectType,363
Sun Jan 14 06:27:27 AEDT 2018 com.google.javascript.rhino.jstype.PrototypeObjectType,366
Sun Jan 14 06:27:28 AEDT 2018 Sun Jan 14 06:27:28 AEDT 2018 : com.google.javascript.rhino.jstype.PrototypeObjectType,365=>Find no block
Sun Jan 14 06:27:30 AEDT 2018 com.google.javascript.rhino.jstype.PrototypeObjectType,369
Timeout time : 18/01/14 06:32
Current failed test : com.google.javascript.rhino.jstype.RecordTypeTest::testRecursiveRecord_purify_4 | 18/01/14 06:32
Sun Jan 14 06:33:06 AEDT 2018 com.google.javascript.rhino.jstype.PrototypeObjectType,384
Sun Jan 14 06:39:10 AEDT 2018 com.google.javascript.rhino.jstype.PrototypeObjectType,385
Sun Jan 14 06:39:12 AEDT 2018 com.google.javascript.rhino.jstype.PrototypeObjectType,375
Sun Jan 14 06:43:39 AEDT 2018 com.google.javascript.rhino.jstype.ProxyObjectType,258
Sun Jan 14 06:43:44 AEDT 2018 com.google.javascript.rhino.jstype.JSType,1165
Sun Jan 14 06:43:53 AEDT 2018 com.google.javascript.rhino.jstype.PrototypeObjectType,394
Sun Jan 14 06:44:02 AEDT 2018 com.google.javascript.rhino.jstype.PrototypeObjectType,374
Sun Jan 14 06:44:04 AEDT 2018 com.google.javascript.rhino.jstype.PrototypeObjectType,378
Sun Jan 14 06:52:12 AEDT 2018 com.google.javascript.rhino.jstype.PrototypeObjectType,379
Sun Jan 14 06:58:14 AEDT 2018 com.google.javascript.rhino.jstype.PrototypeObjectType,380
Sun Jan 14 07:04:15 AEDT 2018 com.google.javascript.rhino.jstype.PrototypeObjectType,382
Sun Jan 14 07:11:51 AEDT 2018 com.google.javascript.rhino.jstype.PrototypeObjectType,383
Sun Jan 14 07:11:53 AEDT 2018 Sun Jan 14 07:11:53 AEDT 2018 : com.google.javascript.rhino.jstype.PrototypeObjectType,387=>Find no block
Sun Jan 14 07:11:56 AEDT 2018 com.google.javascript.rhino.jstype.RecordType,122
Sun Jan 14 07:12:18 AEDT 2018 com.google.javascript.rhino.jstype.PrototypeObjectType,358
Sun Jan 14 07:16:25 AEDT 2018 com.google.javascript.rhino.jstype.PrototypeObjectType,361
Sun Jan 14 07:16:26 AEDT 2018 Sun Jan 14 07:16:26 AEDT 2018 : com.google.javascript.rhino.jstype.PrototypeObjectType,362=>Find no block
Sun Jan 14 07:16:27 AEDT 2018 com.google.javascript.rhino.jstype.PrototypeObjectType,363
Sun Jan 14 07:19:47 AEDT 2018 com.google.javascript.rhino.jstype.PrototypeObjectType,366
Sun Jan 14 07:19:49 AEDT 2018 Sun Jan 14 07:19:49 AEDT 2018 : com.google.javascript.rhino.jstype.PrototypeObjectType,365=>Find no block
Sun Jan 14 07:19:50 AEDT 2018 com.google.javascript.rhino.jstype.PrototypeObjectType,369
Timeout time : 18/01/14 07:23
