=================================================
Project : closure_5	start : 18/01/14 02:21
Current failed test : com.google.javascript.jscomp.InlineObjectLiteralsTest::testNoInlineDeletedProperties | 18/01/14 02:21
Sun Jan 14 02:22:04 AEDT 2018 com.google.javascript.jscomp.SourceFile,303
Sun Jan 14 02:22:14 AEDT 2018 Sun Jan 14 02:22:14 AEDT 2018 : com.google.javascript.rhino.Node,112=>Find no block
Sun Jan 14 02:22:16 AEDT 2018 com.google.javascript.rhino.Node,121
Sun Jan 14 02:22:29 AEDT 2018 com.google.javascript.rhino.Node,132
Sun Jan 14 02:22:42 AEDT 2018 com.google.javascript.rhino.Node,133
Sun Jan 14 02:22:55 AEDT 2018 com.google.javascript.rhino.Node,860
Sun Jan 14 02:33:51 AEDT 2018 com.google.javascript.rhino.Node,861
Sun Jan 14 02:33:52 AEDT 2018 com.google.javascript.rhino.Node,862
Sun Jan 14 02:33:54 AEDT 2018 com.google.javascript.rhino.Node,865
Sun Jan 14 02:33:55 AEDT 2018 com.google.javascript.rhino.Node,866
Sun Jan 14 02:33:56 AEDT 2018 com.google.javascript.rhino.Node,867
Sun Jan 14 02:33:58 AEDT 2018 com.google.javascript.rhino.Node,868
Sun Jan 14 02:33:59 AEDT 2018 com.google.javascript.rhino.Node,871
Sun Jan 14 02:34:01 AEDT 2018 com.google.javascript.rhino.Node,872
Sun Jan 14 02:34:02 AEDT 2018 com.google.javascript.rhino.Node,917
Sun Jan 14 02:34:08 AEDT 2018 com.google.javascript.rhino.Node,939
Sun Jan 14 02:59:38 AEDT 2018 com.google.javascript.rhino.Node,943
Sun Jan 14 02:59:39 AEDT 2018 com.google.javascript.rhino.Node,946
Sun Jan 14 02:59:41 AEDT 2018 com.google.javascript.rhino.Node,949
Sun Jan 14 02:59:42 AEDT 2018 com.google.javascript.rhino.Node,950
Sun Jan 14 02:59:44 AEDT 2018 com.google.javascript.rhino.Node,953
Sun Jan 14 03:04:29 AEDT 2018 com.google.javascript.rhino.Node,954
Sun Jan 14 03:04:31 AEDT 2018 com.google.javascript.rhino.Node,955
Sun Jan 14 03:04:32 AEDT 2018 com.google.javascript.rhino.Node,956
Sun Jan 14 03:04:34 AEDT 2018 com.google.javascript.rhino.Node,961
Sun Jan 14 03:05:19 AEDT 2018 com.google.javascript.rhino.Node,962
Sun Jan 14 03:17:17 AEDT 2018 com.google.javascript.rhino.Node,963
Sun Jan 14 03:22:17 AEDT 2018 com.google.javascript.rhino.Node,964
Sun Jan 14 03:22:19 AEDT 2018 com.google.javascript.rhino.Node,965
Sun Jan 14 03:26:20 AEDT 2018 com.google.javascript.rhino.Node,966
Sun Jan 14 03:30:04 AEDT 2018 com.google.javascript.rhino.Node,967
Sun Jan 14 03:34:07 AEDT 2018 Sun Jan 14 03:34:07 AEDT 2018 : com.google.javascript.rhino.Node,969=>Find no block
Sun Jan 14 03:34:08 AEDT 2018 com.google.javascript.rhino.Node,971
Sun Jan 14 03:34:09 AEDT 2018 com.google.javascript.rhino.Node,974
Sun Jan 14 03:39:27 AEDT 2018 com.google.javascript.rhino.Node,975
Sun Jan 14 03:39:28 AEDT 2018 com.google.javascript.rhino.Node,980
Sun Jan 14 03:40:58 AEDT 2018 com.google.javascript.rhino.Node,992
Sun Jan 14 03:41:01 AEDT 2018 com.google.javascript.rhino.Node,997
Sun Jan 14 03:41:06 AEDT 2018 com.google.javascript.rhino.Node,998
Sun Jan 14 03:41:07 AEDT 2018 com.google.javascript.rhino.Node,999
Sun Jan 14 03:41:08 AEDT 2018 com.google.javascript.rhino.Node,1006
Sun Jan 14 03:41:14 AEDT 2018 Sun Jan 14 03:41:14 AEDT 2018 : com.google.javascript.rhino.Node,1007=>Find no block
Sun Jan 14 03:41:16 AEDT 2018 com.google.javascript.rhino.Node,1011
Sun Jan 14 03:47:29 AEDT 2018 com.google.javascript.rhino.Node,1012
Sun Jan 14 03:47:30 AEDT 2018 com.google.javascript.rhino.Node,1014
Sun Jan 14 04:19:46 AEDT 2018 com.google.javascript.rhino.Node,1015
Sun Jan 14 04:19:48 AEDT 2018 Sun Jan 14 04:19:48 AEDT 2018 : com.google.javascript.rhino.Node,1016=>Find no block
Sun Jan 14 04:19:49 AEDT 2018 com.google.javascript.rhino.Node,1017
Sun Jan 14 04:19:50 AEDT 2018 com.google.javascript.rhino.Node,1019
Sun Jan 14 04:19:52 AEDT 2018 Sun Jan 14 04:19:52 AEDT 2018 : com.google.javascript.rhino.Node,1018=>Find no block
Sun Jan 14 04:19:53 AEDT 2018 Sun Jan 14 04:19:53 AEDT 2018 : com.google.javascript.rhino.Node,1021=>Find no block
Sun Jan 14 04:19:56 AEDT 2018 com.google.javascript.rhino.Node,1411
Sun Jan 14 04:20:05 AEDT 2018 com.google.javascript.rhino.Node,1427
Sun Jan 14 04:20:17 AEDT 2018 com.google.javascript.rhino.Node,1440
Sun Jan 14 04:20:23 AEDT 2018 com.google.javascript.rhino.InputId,74
Sun Jan 14 04:20:28 AEDT 2018 Sun Jan 14 04:20:28 AEDT 2018 : com.google.javascript.rhino.Node,2126=>Find no block
Sun Jan 14 04:20:29 AEDT 2018 com.google.javascript.rhino.Node,2127
Sun Jan 14 04:20:33 AEDT 2018 com.google.javascript.rhino.Node,2128
Sun Jan 14 04:20:35 AEDT 2018 Sun Jan 14 04:20:35 AEDT 2018 : com.google.javascript.rhino.Node,2129=>Find no block
Sun Jan 14 04:20:36 AEDT 2018 com.google.javascript.rhino.Node,343
Sun Jan 14 04:20:56 AEDT 2018 com.google.javascript.rhino.Node,311
Sun Jan 14 04:21:07 AEDT 2018 com.google.javascript.rhino.Node,924
Sun Jan 14 04:22:46 AEDT 2018 com.google.javascript.rhino.Node,925
Sun Jan 14 04:22:47 AEDT 2018 com.google.javascript.rhino.Node,926
Sun Jan 14 04:22:49 AEDT 2018 com.google.javascript.rhino.Node,934
Sun Jan 14 04:29:05 AEDT 2018 com.google.javascript.rhino.Node,935
Sun Jan 14 04:29:06 AEDT 2018 com.google.javascript.rhino.Node,936
Sun Jan 14 04:29:26 AEDT 2018 com.google.javascript.rhino.Node,937
Sun Jan 14 04:29:28 AEDT 2018 com.google.javascript.rhino.Node,938
Sun Jan 14 04:29:29 AEDT 2018 com.google.javascript.rhino.Node,948
Sun Jan 14 04:29:30 AEDT 2018 com.google.javascript.rhino.Node,952
Sun Jan 14 04:29:31 AEDT 2018 com.google.javascript.rhino.Node,960
Sun Jan 14 04:29:33 AEDT 2018 com.google.javascript.rhino.Node,979
Sun Jan 14 04:30:37 AEDT 2018 Sun Jan 14 04:30:37 AEDT 2018 : com.google.javascript.rhino.Node,988=>Find no block
Sun Jan 14 04:30:39 AEDT 2018 com.google.javascript.jscomp.CodeGenerator,644
Sun Jan 14 04:31:24 AEDT 2018 com.google.javascript.jscomp.CodeGenerator,645
Sun Jan 14 04:33:33 AEDT 2018 com.google.javascript.jscomp.CodeGenerator,646
Sun Jan 14 04:35:23 AEDT 2018 com.google.javascript.jscomp.CodeGenerator,647
Sun Jan 14 04:37:06 AEDT 2018 com.google.javascript.jscomp.parsing.IRFactory,1276
Sun Jan 14 04:37:19 AEDT 2018 com.google.javascript.jscomp.InlineObjectLiterals,319
Sun Jan 14 04:47:18 AEDT 2018 Sun Jan 14 04:47:18 AEDT 2018 : com.google.javascript.jscomp.InlineObjectLiterals,318=>Find no block
Sun Jan 14 04:47:20 AEDT 2018 com.google.javascript.jscomp.InlineObjectLiterals,426
Sun Jan 14 04:49:18 AEDT 2018 com.google.javascript.jscomp.InlineObjectLiterals,279
Sun Jan 14 05:06:45 AEDT 2018 com.google.javascript.jscomp.InlineObjectLiterals,280
Sun Jan 14 05:06:47 AEDT 2018 com.google.javascript.jscomp.InlineObjectLiterals,284
Sun Jan 14 05:06:48 AEDT 2018 com.google.javascript.jscomp.InlineObjectLiterals,286
Sun Jan 14 05:06:50 AEDT 2018 Sun Jan 14 05:06:50 AEDT 2018 : com.google.javascript.jscomp.InlineObjectLiterals,278=>Find no block
Sun Jan 14 05:06:51 AEDT 2018 com.google.javascript.jscomp.InlineObjectLiterals,298
Sun Jan 14 05:06:53 AEDT 2018 com.google.javascript.jscomp.InlineObjectLiterals,116
Sun Jan 14 05:10:06 AEDT 2018 com.google.javascript.jscomp.InlineObjectLiterals,119
Sun Jan 14 05:22:13 AEDT 2018 Sun Jan 14 05:22:13 AEDT 2018 : com.google.javascript.jscomp.InlineObjectLiterals,122=>Find no block
Sun Jan 14 05:22:14 AEDT 2018 com.google.javascript.jscomp.InlineObjectLiterals,116
Sun Jan 14 05:22:15 AEDT 2018 Sun Jan 14 05:22:15 AEDT 2018 : com.google.javascript.jscomp.InlineObjectLiterals,124=>Find no block
Sun Jan 14 05:22:16 AEDT 2018 com.google.javascript.jscomp.InlineObjectLiterals,292
Sun Jan 14 05:27:42 AEDT 2018 com.google.javascript.jscomp.InlineObjectLiterals,293
Sun Jan 14 05:27:44 AEDT 2018 com.google.javascript.jscomp.InlineObjectLiterals,296
Sun Jan 14 05:27:46 AEDT 2018 com.google.javascript.jscomp.InlineObjectLiterals,297
Sun Jan 14 05:27:47 AEDT 2018 com.google.javascript.jscomp.InlineObjectLiterals,315
Sun Jan 14 05:36:29 AEDT 2018 com.google.javascript.jscomp.InlineObjectLiterals,316
Sun Jan 14 05:36:30 AEDT 2018 com.google.javascript.jscomp.InlineObjectLiterals,317
Sun Jan 14 05:36:32 AEDT 2018 Sun Jan 14 05:36:32 AEDT 2018 : com.google.javascript.jscomp.InlineObjectLiterals,321=>Find no block
Sun Jan 14 05:36:33 AEDT 2018 com.google.javascript.jscomp.InlineObjectLiterals,411
Sun Jan 14 05:40:32 AEDT 2018 com.google.javascript.jscomp.InlineObjectLiterals,412
Sun Jan 14 05:40:34 AEDT 2018 com.google.javascript.jscomp.InlineObjectLiterals,432
Sun Jan 14 05:42:01 AEDT 2018 com.google.javascript.jscomp.InlineObjectLiterals,449
Sun Jan 14 05:54:38 AEDT 2018 com.google.javascript.jscomp.InlineObjectLiterals,450
Sun Jan 14 05:54:39 AEDT 2018 com.google.javascript.jscomp.InlineObjectLiterals,453
Sun Jan 14 06:03:11 AEDT 2018 com.google.javascript.jscomp.InlineObjectLiterals,457
Sun Jan 14 06:16:53 AEDT 2018 com.google.javascript.jscomp.InlineObjectLiterals,460
Sun Jan 14 06:30:45 AEDT 2018 com.google.javascript.jscomp.InlineObjectLiterals,461
Sun Jan 14 06:42:10 AEDT 2018 com.google.javascript.jscomp.InlineObjectLiterals,462
Sun Jan 14 06:42:12 AEDT 2018 com.google.javascript.jscomp.InlineObjectLiterals,420
Sun Jan 14 06:55:07 AEDT 2018 com.google.javascript.jscomp.InlineObjectLiterals,421
Sun Jan 14 06:55:09 AEDT 2018 com.google.javascript.jscomp.InlineObjectLiterals,422
Sun Jan 14 06:55:10 AEDT 2018 com.google.javascript.jscomp.InlineObjectLiterals,428
Sun Jan 14 06:55:12 AEDT 2018 Sun Jan 14 06:55:12 AEDT 2018 : com.google.javascript.jscomp.InlineObjectLiterals,429=>Find no block
Sun Jan 14 06:55:14 AEDT 2018 com.google.javascript.jscomp.InlineObjectLiterals,439
Timeout time : 18/01/14 07:22
