=================================================
Project : closure_50	start : 18/01/14 02:21
Current failed test : com.google.javascript.jscomp.PeepholeReplaceKnownMethodsTest::testNoStringJoin | 18/01/14 02:22
Sun Jan 14 02:22:41 AEDT 2018 Sun Jan 14 02:22:41 AEDT 2018 : com.google.javascript.rhino.Node,184=>Find no block
Sun Jan 14 02:22:47 AEDT 2018 com.google.javascript.rhino.Node,232
Sun Jan 14 02:23:15 AEDT 2018 com.google.javascript.rhino.Node,245
Sun Jan 14 02:23:41 AEDT 2018 com.google.javascript.rhino.Node,246
Sun Jan 14 02:24:10 AEDT 2018 com.google.javascript.rhino.Node,962
Sun Jan 14 02:55:43 AEDT 2018 com.google.javascript.rhino.Node,963
Sun Jan 14 02:55:49 AEDT 2018 com.google.javascript.rhino.Node,964
Sun Jan 14 02:55:54 AEDT 2018 com.google.javascript.rhino.Node,967
Sun Jan 14 02:55:58 AEDT 2018 com.google.javascript.rhino.Node,968
Sun Jan 14 02:56:04 AEDT 2018 com.google.javascript.rhino.Node,969
Sun Jan 14 02:56:09 AEDT 2018 com.google.javascript.rhino.Node,970
Sun Jan 14 02:56:14 AEDT 2018 com.google.javascript.rhino.Node,973
Sun Jan 14 02:56:19 AEDT 2018 com.google.javascript.rhino.Node,974
Sun Jan 14 02:56:24 AEDT 2018 com.google.javascript.rhino.Node,1019
Sun Jan 14 02:56:36 AEDT 2018 com.google.javascript.rhino.Node,1026
Sun Jan 14 02:57:39 AEDT 2018 com.google.javascript.rhino.Node,1027
Sun Jan 14 02:57:44 AEDT 2018 com.google.javascript.rhino.Node,1028
Sun Jan 14 02:57:49 AEDT 2018 com.google.javascript.rhino.Node,1029
Sun Jan 14 02:57:54 AEDT 2018 com.google.javascript.rhino.Node,1040
Timeout time : 18/01/14 04:52
Current failed test : com.google.javascript.jscomp.PeepholeReplaceKnownMethodsTest::testStringJoinAdd | 18/01/14 04:52
Sun Jan 14 04:53:07 AEDT 2018 Sun Jan 14 04:53:07 AEDT 2018 : com.google.javascript.rhino.Node,184=>Find no block
Sun Jan 14 04:53:12 AEDT 2018 com.google.javascript.rhino.Node,232
Sun Jan 14 04:53:40 AEDT 2018 com.google.javascript.rhino.Node,245
Sun Jan 14 04:54:07 AEDT 2018 com.google.javascript.rhino.Node,246
Sun Jan 14 04:54:34 AEDT 2018 com.google.javascript.rhino.Node,962
Sun Jan 14 05:24:43 AEDT 2018 com.google.javascript.rhino.Node,963
Sun Jan 14 05:24:48 AEDT 2018 com.google.javascript.rhino.Node,964
Sun Jan 14 05:24:53 AEDT 2018 com.google.javascript.rhino.Node,967
Sun Jan 14 05:24:57 AEDT 2018 com.google.javascript.rhino.Node,968
Sun Jan 14 05:25:02 AEDT 2018 com.google.javascript.rhino.Node,969
Sun Jan 14 05:25:07 AEDT 2018 com.google.javascript.rhino.Node,970
Sun Jan 14 05:25:12 AEDT 2018 com.google.javascript.rhino.Node,973
Sun Jan 14 05:25:16 AEDT 2018 com.google.javascript.rhino.Node,974
Sun Jan 14 05:25:21 AEDT 2018 com.google.javascript.rhino.Node,1019
Sun Jan 14 05:25:33 AEDT 2018 com.google.javascript.rhino.Node,1026
Sun Jan 14 05:26:35 AEDT 2018 com.google.javascript.rhino.Node,1027
Sun Jan 14 05:26:40 AEDT 2018 com.google.javascript.rhino.Node,1028
Sun Jan 14 05:26:44 AEDT 2018 com.google.javascript.rhino.Node,1029
Sun Jan 14 05:26:50 AEDT 2018 com.google.javascript.rhino.Node,1040
Timeout time : 18/01/14 07:23
