=================================================
Project : closure_57	start : 18/01/13 22:53
Current failed test : com.google.javascript.jscomp.ClosureCodingConventionTest::testRequire | 18/01/13 22:53
Sat Jan 13 23:01:59 EST 2018 com.google.javascript.jscomp.ClosureCodingConvention,185
Sat Jan 13 23:02:37 EST 2018 com.google.javascript.jscomp.ClosureCodingConvention,192

----------------------------------------
----------------------------------------
Pass Single Test : [=>0,0]
if(target!=null&&target.getType()==Token.STRING){
className=target.getString();
}

Time : 18/01/13 23:04
----------------------------------------

----------------------------------------
----------------------------------------
Similar code block : 1.4285714285714286 : [/home/jiajun/d4j/projects/closure/closure_57_buggy/src/com/google/javascript/jscomp/ClosureCodingConvention.java=>0,0]
if(last!=null&&last.getType()==Token.STRING){
String propName=last.getString();
return (propName.equals(methodName));
}

Time : 18/01/13 23:05
----------------------------------------

----------------------------------------
----------------------------------------
Original source code : [/home/jiajun/d4j/projects/closure/closure_57_buggy/src/com/google/javascript/jscomp/ClosureCodingConvention.java=>197,199]
if(target!=null){
className=target.getString();
}

Time : 18/01/13 23:05
----------------------------------------

----------------------------------------
----------------------------------------
Find a patch : [/home/jiajun/d4j/projects/closure/closure_57_buggy/src/com/google/javascript/jscomp/ClosureCodingConvention.java=>197,199]
if(target!=null&&target.getType()==Token.STRING){
className=target.getString();
}

Time : 18/01/13 23:05
----------------------------------------
Success time : 18/01/13 23:05
