=================================================
Project : closure_61	start : 18/01/14 03:04
Current failed test : com.google.javascript.jscomp.PeepholeRemoveDeadCodeTest::testCall1 | 18/01/14 03:04
Sun Jan 14 03:05:16 AEDT 2018 Sun Jan 14 03:05:16 AEDT 2018 : com.google.javascript.rhino.Node,2341=>Find no block
Sun Jan 14 03:05:20 AEDT 2018 com.google.javascript.rhino.Node,2342
Sun Jan 14 03:05:31 AEDT 2018 com.google.javascript.rhino.Node,2343
Sun Jan 14 03:05:35 AEDT 2018 Sun Jan 14 03:05:35 AEDT 2018 : com.google.javascript.rhino.Node,2344=>Find no block
Sun Jan 14 03:05:40 AEDT 2018 com.google.javascript.rhino.Node,1461
Sun Jan 14 03:05:59 AEDT 2018 com.google.javascript.rhino.Node,1490
Sun Jan 14 03:06:12 AEDT 2018 com.google.javascript.rhino.Node,1503
Sun Jan 14 03:06:16 AEDT 2018 com.google.javascript.rhino.Node,221
Sun Jan 14 03:06:28 AEDT 2018 com.google.javascript.rhino.Node,430
Sun Jan 14 03:06:51 AEDT 2018 com.google.javascript.rhino.Node,1143
Sun Jan 14 03:14:42 AEDT 2018 com.google.javascript.rhino.Node,1150
Sun Jan 14 03:27:30 AEDT 2018 Sun Jan 14 03:27:30 AEDT 2018 : com.google.javascript.rhino.Node,1149=>Find no block
Sun Jan 14 03:27:34 AEDT 2018 com.google.javascript.rhino.Node,1122
Sun Jan 14 03:27:45 AEDT 2018 com.google.javascript.rhino.Node,1127
Sun Jan 14 03:27:59 AEDT 2018 com.google.javascript.rhino.Node,1128
Sun Jan 14 03:28:04 AEDT 2018 com.google.javascript.rhino.Node,1129
Sun Jan 14 03:28:08 AEDT 2018 com.google.javascript.rhino.Node,1136
Sun Jan 14 03:28:19 AEDT 2018 Sun Jan 14 03:28:19 AEDT 2018 : com.google.javascript.rhino.Node,1137=>Find no block
Sun Jan 14 03:28:23 AEDT 2018 com.google.javascript.rhino.Node,1142
Sun Jan 14 03:28:27 AEDT 2018 com.google.javascript.rhino.Node,1145
Sun Jan 14 03:53:09 AEDT 2018 com.google.javascript.rhino.Node,1146
Sun Jan 14 03:53:13 AEDT 2018 Sun Jan 14 03:53:13 AEDT 2018 : com.google.javascript.rhino.Node,1147=>Find no block
Sun Jan 14 03:53:17 AEDT 2018 com.google.javascript.rhino.Node,1148
Sun Jan 14 03:53:23 AEDT 2018 Sun Jan 14 03:53:23 AEDT 2018 : com.google.javascript.rhino.Node,1153=>Find no block
Sun Jan 14 03:53:27 AEDT 2018 com.google.javascript.rhino.Node,1044
Sun Jan 14 03:58:41 AEDT 2018 com.google.javascript.rhino.Node,1045
Sun Jan 14 03:58:43 AEDT 2018 com.google.javascript.rhino.Node,1013
Sun Jan 14 03:59:08 AEDT 2018 com.google.javascript.rhino.Node,1014
Sun Jan 14 03:59:12 AEDT 2018 com.google.javascript.jscomp.Compiler,1987
Sun Jan 14 03:59:23 AEDT 2018 Sun Jan 14 03:59:23 AEDT 2018 : com.google.javascript.rhino.Node,173=>Find no block
Sun Jan 14 03:59:26 AEDT 2018 com.google.javascript.rhino.Node,195
Sun Jan 14 03:59:49 AEDT 2018 com.google.javascript.rhino.Node,923
Sun Jan 14 04:02:19 AEDT 2018 com.google.javascript.rhino.Node,928
Sun Jan 14 04:06:24 AEDT 2018 com.google.javascript.rhino.Node,929
Sun Jan 14 04:06:28 AEDT 2018 com.google.javascript.rhino.Node,1050
Sun Jan 14 04:11:07 AEDT 2018 com.google.javascript.rhino.Node,1051
Sun Jan 14 04:11:11 AEDT 2018 com.google.javascript.rhino.Node,1058
Sun Jan 14 04:16:53 AEDT 2018 com.google.javascript.rhino.Node,1059
Sun Jan 14 04:16:57 AEDT 2018 com.google.javascript.rhino.Node,1060
Sun Jan 14 04:21:33 AEDT 2018 com.google.javascript.rhino.Node,1061
Sun Jan 14 04:27:28 AEDT 2018 com.google.javascript.rhino.Node,1062
Sun Jan 14 04:32:11 AEDT 2018 Sun Jan 14 04:32:11 AEDT 2018 : com.google.javascript.rhino.Node,1064=>Find no block
Sun Jan 14 04:32:15 AEDT 2018 com.google.javascript.rhino.Node,1100
Sun Jan 14 04:33:04 AEDT 2018 com.google.javascript.rhino.Node,1103
Sun Jan 14 04:50:38 AEDT 2018 com.google.javascript.rhino.Node,1104
Sun Jan 14 04:50:42 AEDT 2018 com.google.javascript.rhino.Node,398
Sun Jan 14 04:50:58 AEDT 2018 com.google.javascript.rhino.Node,921
Sun Jan 14 04:59:31 AEDT 2018 com.google.javascript.rhino.Node,922
Sun Jan 14 04:59:35 AEDT 2018 com.google.javascript.rhino.Node,926
Sun Jan 14 04:59:39 AEDT 2018 com.google.javascript.rhino.Node,927
Sun Jan 14 04:59:43 AEDT 2018 com.google.javascript.rhino.Node,932
Sun Jan 14 04:59:48 AEDT 2018 com.google.javascript.rhino.Node,933
Sun Jan 14 04:59:52 AEDT 2018 com.google.javascript.rhino.Node,990
Sun Jan 14 05:00:02 AEDT 2018 com.google.javascript.rhino.Node,1048
Sun Jan 14 05:02:18 AEDT 2018 com.google.javascript.rhino.Node,1049
Sun Jan 14 05:02:21 AEDT 2018 com.google.javascript.rhino.Node,1056
Sun Jan 14 05:02:35 AEDT 2018 com.google.javascript.rhino.Node,1057
Sun Jan 14 05:28:07 AEDT 2018 com.google.javascript.rhino.Node,1109
Sun Jan 14 05:30:07 AEDT 2018 com.google.javascript.rhino.Node,1025
Sun Jan 14 05:36:30 AEDT 2018 com.google.javascript.rhino.Node,1015
Sun Jan 14 07:40:15 AEDT 2018 com.google.javascript.rhino.Node,998
Sun Jan 14 07:41:59 AEDT 2018 com.google.javascript.rhino.Node,999
Sun Jan 14 07:42:03 AEDT 2018 com.google.javascript.rhino.Node,1000
Sun Jan 14 07:42:07 AEDT 2018 com.google.javascript.rhino.Node,1011
Sun Jan 14 08:01:42 AEDT 2018 com.google.javascript.rhino.Node,1012
Sun Jan 14 08:01:45 AEDT 2018 com.google.javascript.rhino.Node,1047
Sun Jan 14 08:01:49 AEDT 2018 com.google.javascript.rhino.Node,1055
Sun Jan 14 08:01:53 AEDT 2018 com.google.javascript.rhino.Node,1108
Sun Jan 14 08:03:39 AEDT 2018 Sun Jan 14 08:03:39 AEDT 2018 : com.google.javascript.rhino.Node,1118=>Find no block
Sun Jan 14 08:03:43 AEDT 2018 com.google.javascript.jscomp.PeepholeRemoveDeadCode,50
Sun Jan 14 08:04:43 AEDT 2018 com.google.javascript.jscomp.PeepholeRemoveDeadCode,51
Timeout time : 18/01/14 08:05
