=================================================
Project : closure_71	start : 18/01/14 02:37
Current failed test : com.google.javascript.jscomp.CheckAccessControlsTest::testNoPrivateAccessForProperties6 | 18/01/14 02:38
Sun Jan 14 02:55:51 AEDT 2018 com.google.javascript.jscomp.DiagnosticType,131
Sun Jan 14 02:57:29 AEDT 2018 com.google.javascript.jscomp.CheckAccessControls,455
Sun Jan 14 03:42:36 AEDT 2018 com.google.javascript.jscomp.CheckAccessControls,447
Sun Jan 14 03:52:42 AEDT 2018 com.google.javascript.jscomp.CheckAccessControls,448
Sun Jan 14 03:52:46 AEDT 2018 com.google.javascript.jscomp.CheckAccessControls,454
Sun Jan 14 03:52:51 AEDT 2018 Sun Jan 14 03:52:51 AEDT 2018 : com.google.javascript.jscomp.CheckAccessControls,465=>Find no block
Sun Jan 14 03:52:55 AEDT 2018 com.google.javascript.jscomp.CheckAccessControls,431
Sun Jan 14 03:59:11 AEDT 2018 com.google.javascript.jscomp.CheckAccessControls,440
Sun Jan 14 04:05:30 AEDT 2018 com.google.javascript.jscomp.CheckAccessControls,442
Sun Jan 14 04:10:21 AEDT 2018 com.google.javascript.jscomp.CheckAccessControls,443
Sun Jan 14 04:10:26 AEDT 2018 com.google.javascript.jscomp.CheckAccessControls,444
Sun Jan 14 06:32:00 AEDT 2018 com.google.javascript.jscomp.CheckAccessControls,388
Sun Jan 14 06:40:17 AEDT 2018 com.google.javascript.jscomp.CheckAccessControls,389
Sun Jan 14 06:40:18 AEDT 2018 com.google.javascript.jscomp.CheckAccessControls,390
Sun Jan 14 06:40:19 AEDT 2018 com.google.javascript.jscomp.CheckAccessControls,392
Sun Jan 14 06:40:22 AEDT 2018 com.google.javascript.jscomp.parsing.JsDocInfoParser,675
Sun Jan 14 06:43:00 AEDT 2018 com.google.javascript.jscomp.parsing.JsDocInfoParser,679
Sun Jan 14 06:47:15 AEDT 2018 com.google.javascript.jscomp.parsing.JsDocInfoParser,680
Sun Jan 14 06:52:06 AEDT 2018 com.google.javascript.rhino.JSDocInfoBuilder,215
Sun Jan 14 06:53:40 AEDT 2018 com.google.javascript.rhino.JSDocInfoBuilder,216
Sun Jan 14 06:53:43 AEDT 2018 com.google.javascript.rhino.JSDocInfoBuilder,217
Sun Jan 14 06:53:46 AEDT 2018 com.google.javascript.rhino.JSDocInfoBuilder,218
Sun Jan 14 06:53:51 AEDT 2018 com.google.javascript.jscomp.TypeCheck,1060
Sun Jan 14 06:58:04 AEDT 2018 com.google.javascript.jscomp.CheckAccessControls,359
Timeout time : 18/01/14 07:55
