=================================================
Project : closure_77	start : 18/01/14 02:43
Current failed test : com.google.javascript.jscomp.CodePrinterTest::testZero | 18/01/14 02:43
Sun Jan 14 02:53:00 AEDT 2018 com.google.javascript.jscomp.CodeGenerator,1018
Sun Jan 14 02:57:10 AEDT 2018 com.google.javascript.jscomp.CodeGenerator,1127
Sun Jan 14 02:57:22 AEDT 2018 Sun Jan 14 02:57:22 AEDT 2018 : com.google.javascript.jscomp.CodeGenerator,1131=>Find no block
Sun Jan 14 02:57:27 AEDT 2018 Sun Jan 14 02:57:27 AEDT 2018 : com.google.javascript.jscomp.CodeGenerator,1132=>Find no block
Sun Jan 14 02:57:32 AEDT 2018 com.google.javascript.jscomp.CodeGenerator,1144
Sun Jan 14 02:59:10 AEDT 2018 com.google.javascript.jscomp.CodeGenerator,1154
Sun Jan 14 03:05:23 AEDT 2018 Sun Jan 14 03:05:23 AEDT 2018 : com.google.javascript.jscomp.CodeGenerator,1159=>Find no block
Sun Jan 14 03:05:29 AEDT 2018 com.google.javascript.jscomp.Compiler,1240
Sun Jan 14 03:05:42 AEDT 2018 com.google.javascript.jscomp.Compiler,1236
Sun Jan 14 03:11:12 AEDT 2018 com.google.javascript.jscomp.Compiler,1237
Sun Jan 14 03:11:17 AEDT 2018 com.google.javascript.jscomp.Compiler,1239
Sun Jan 14 03:11:23 AEDT 2018 com.google.javascript.jscomp.Compiler,1242
Sun Jan 14 03:11:28 AEDT 2018 com.google.javascript.jscomp.Compiler,1243
Sun Jan 14 03:11:33 AEDT 2018 Sun Jan 14 03:11:33 AEDT 2018 : com.google.javascript.jscomp.CodeGenerator,912=>Find no block
Sun Jan 14 03:11:38 AEDT 2018 com.google.javascript.jscomp.CodeGenerator,1001
Sun Jan 14 03:53:26 AEDT 2018 com.google.javascript.jscomp.CodeGenerator,1012
Sun Jan 14 03:53:32 AEDT 2018 com.google.javascript.jscomp.CodeGenerator,964
Sun Jan 14 05:41:15 AEDT 2018 Sun Jan 14 05:41:15 AEDT 2018 : com.google.javascript.jscomp.CodeGenerator,965=>Find no block
Sun Jan 14 05:41:21 AEDT 2018 com.google.javascript.jscomp.CodeGenerator,927
Sun Jan 14 05:41:35 AEDT 2018 com.google.javascript.jscomp.CodeGenerator,928
Sun Jan 14 05:41:40 AEDT 2018 com.google.javascript.jscomp.CodeGenerator,929
Sun Jan 14 05:41:45 AEDT 2018 com.google.javascript.jscomp.CodeGenerator,624
Sun Jan 14 06:29:02 AEDT 2018 com.google.javascript.jscomp.CodeGenerator,630
Sun Jan 14 06:54:36 AEDT 2018 com.google.javascript.jscomp.CodeGenerator,631
Sun Jan 14 07:18:10 AEDT 2018 com.google.javascript.jscomp.CodeGenerator,908
Sun Jan 14 07:35:55 AEDT 2018 com.google.javascript.jscomp.CodeGenerator,911
Sun Jan 14 07:36:00 AEDT 2018 com.google.javascript.jscomp.CodeGenerator,920
Sun Jan 14 07:36:05 AEDT 2018 com.google.javascript.jscomp.CodeGenerator,932
Sun Jan 14 07:40:00 AEDT 2018 com.google.javascript.jscomp.CodeGenerator,961
Sun Jan 14 07:42:29 AEDT 2018 com.google.javascript.jscomp.CodeGenerator,962
Sun Jan 14 07:42:35 AEDT 2018 com.google.javascript.jscomp.CodeGenerator,963
Timeout time : 18/01/14 07:52
