=================================================
Project : closure_88	start : 18/01/14 03:36
Current failed test : com.google.javascript.jscomp.CommandLineRunnerTest::testIssue297 | 18/01/14 03:37
Sun Jan 14 03:42:20 AEDT 2018 Sun Jan 14 03:42:20 AEDT 2018 : com.google.javascript.rhino.Node,175=>Find no block
Sun Jan 14 03:42:21 AEDT 2018 com.google.javascript.rhino.Node,195
Sun Jan 14 03:42:33 AEDT 2018 com.google.javascript.rhino.Node,217
Sun Jan 14 03:42:45 AEDT 2018 com.google.javascript.rhino.Node,220
Sun Jan 14 03:43:01 AEDT 2018 com.google.javascript.rhino.Node,843
Sun Jan 14 04:12:38 AEDT 2018 com.google.javascript.rhino.Node,844
Sun Jan 14 04:12:39 AEDT 2018 com.google.javascript.rhino.Node,845
Sun Jan 14 04:12:40 AEDT 2018 com.google.javascript.rhino.Node,848
Sun Jan 14 04:12:41 AEDT 2018 com.google.javascript.rhino.Node,849
Sun Jan 14 04:12:43 AEDT 2018 com.google.javascript.rhino.Node,850
Sun Jan 14 04:12:44 AEDT 2018 com.google.javascript.rhino.Node,851
Sun Jan 14 04:12:45 AEDT 2018 com.google.javascript.rhino.Node,854
Sun Jan 14 04:12:47 AEDT 2018 com.google.javascript.rhino.Node,855
Sun Jan 14 04:12:48 AEDT 2018 com.google.javascript.rhino.Node,908
Sun Jan 14 04:12:52 AEDT 2018 com.google.javascript.rhino.Node,916
Sun Jan 14 04:19:42 AEDT 2018 com.google.javascript.rhino.Node,917
Sun Jan 14 04:19:43 AEDT 2018 com.google.javascript.rhino.Node,918
Sun Jan 14 04:19:45 AEDT 2018 com.google.javascript.rhino.Node,929
Sun Jan 14 08:31:03 AEDT 2018 com.google.javascript.rhino.Node,930
Sun Jan 14 08:31:05 AEDT 2018 com.google.javascript.rhino.Node,931
Sun Jan 14 08:31:45 AEDT 2018 com.google.javascript.rhino.Node,932
Sun Jan 14 08:31:46 AEDT 2018 com.google.javascript.rhino.Node,933
Sun Jan 14 08:31:47 AEDT 2018 com.google.javascript.rhino.Node,934
Timeout time : 18/01/14 08:42
