=================================================
Project : closure_9	start : 18/01/14 07:17
Current failed test : com.google.javascript.jscomp.ProcessCommonJSModulesTest::testGuessModuleName | 18/01/14 07:18
Sun Jan 14 07:18:35 AEDT 2018 com.google.javascript.jscomp.ProcessCommonJSModules,121
Sun Jan 14 07:22:11 AEDT 2018 com.google.javascript.jscomp.ProcessCommonJSModules,54
Sun Jan 14 07:22:19 AEDT 2018 Sun Jan 14 07:22:19 AEDT 2018 : com.google.javascript.jscomp.ProcessCommonJSModules,55=>Find no block
Sun Jan 14 07:22:21 AEDT 2018 Sun Jan 14 07:22:21 AEDT 2018 : com.google.javascript.jscomp.ProcessCommonJSModules,58=>Find no block
Sun Jan 14 07:22:22 AEDT 2018 com.google.javascript.jscomp.ProcessCommonJSModules,59
Sun Jan 14 07:22:46 AEDT 2018 com.google.javascript.jscomp.ProcessCommonJSModules,60
Sun Jan 14 07:22:47 AEDT 2018 com.google.javascript.jscomp.ProcessCommonJSModules,62
Sun Jan 14 07:22:48 AEDT 2018 Sun Jan 14 07:22:48 AEDT 2018 : com.google.javascript.jscomp.ProcessCommonJSModules,63=>Find no block
Sun Jan 14 07:22:49 AEDT 2018 com.google.javascript.jscomp.ProcessCommonJSModules,72
Sun Jan 14 07:22:56 AEDT 2018 com.google.javascript.jscomp.ProcessCommonJSModules,89
Sun Jan 14 07:23:01 AEDT 2018 com.google.javascript.jscomp.ProcessCommonJSModules,120
Sun Jan 14 07:23:02 AEDT 2018 com.google.javascript.jscomp.ProcessCommonJSModules,124
Sun Jan 14 07:27:18 AEDT 2018 Sun Jan 14 07:27:18 AEDT 2018 : com.google.javascript.jscomp.SourceFile,81=>Find no block
Sun Jan 14 07:27:19 AEDT 2018 Sun Jan 14 07:27:19 AEDT 2018 : com.google.javascript.jscomp.SourceFile,60=>Find no block
Sun Jan 14 07:27:21 AEDT 2018 Sun Jan 14 07:27:21 AEDT 2018 : com.google.javascript.jscomp.SourceFile,67=>Find no block
Sun Jan 14 07:27:22 AEDT 2018 Sun Jan 14 07:27:22 AEDT 2018 : com.google.javascript.jscomp.SourceFile,70=>Find no block
Sun Jan 14 07:27:23 AEDT 2018 Sun Jan 14 07:27:23 AEDT 2018 : com.google.javascript.jscomp.SourceFile,72=>Find no block
Sun Jan 14 07:27:24 AEDT 2018 com.google.javascript.jscomp.SourceFile,82
Sun Jan 14 07:28:43 AEDT 2018 com.google.javascript.jscomp.SourceFile,85
Sun Jan 14 07:29:27 AEDT 2018 Sun Jan 14 07:29:27 AEDT 2018 : com.google.javascript.jscomp.SourceFile,86=>Find no block
Sun Jan 14 07:29:28 AEDT 2018 com.google.javascript.jscomp.SourceFile,148
Sun Jan 14 07:29:34 AEDT 2018 Sun Jan 14 07:29:34 AEDT 2018 : com.google.javascript.jscomp.SourceFile,149=>Find no block
Sun Jan 14 07:29:36 AEDT 2018 com.google.javascript.jscomp.SourceFile,156
Sun Jan 14 07:29:49 AEDT 2018 Sun Jan 14 07:29:49 AEDT 2018 : com.google.javascript.jscomp.SourceFile,157=>Find no block
Sun Jan 14 07:29:50 AEDT 2018 com.google.javascript.jscomp.SourceFile,323
Sun Jan 14 07:30:17 AEDT 2018 com.google.javascript.jscomp.SourceFile,355
Sun Jan 14 07:30:22 AEDT 2018 Sun Jan 14 07:30:22 AEDT 2018 : com.google.javascript.jscomp.SourceFile,43=>Find no block
Sun Jan 14 07:30:23 AEDT 2018 Sun Jan 14 07:30:23 AEDT 2018 : com.google.javascript.jscomp.SourceFile,368=>Find no block
Sun Jan 14 07:30:25 AEDT 2018 Sun Jan 14 07:30:25 AEDT 2018 : com.google.javascript.jscomp.SourceFile,365=>Find no block
Sun Jan 14 07:30:26 AEDT 2018 Sun Jan 14 07:30:26 AEDT 2018 : com.google.javascript.jscomp.SourceFile,366=>Find no block
Sun Jan 14 07:30:27 AEDT 2018 com.google.javascript.jscomp.SourceFile,391
Sun Jan 14 07:30:32 AEDT 2018 com.google.javascript.jscomp.SourceFile,422
Sun Jan 14 07:30:45 AEDT 2018 com.google.javascript.jscomp.SourceFile,423
Sun Jan 14 07:30:47 AEDT 2018 com.google.javascript.jscomp.SourceFile,424
Sun Jan 14 07:30:48 AEDT 2018 Sun Jan 14 07:30:48 AEDT 2018 : com.google.javascript.jscomp.SourceFile,425=>Find no block
Sun Jan 14 07:30:49 AEDT 2018 com.google.javascript.jscomp.Compiler,654
Sun Jan 14 07:30:54 AEDT 2018 com.google.javascript.jscomp.Compiler,658
Sun Jan 14 07:31:05 AEDT 2018 com.google.javascript.jscomp.Compiler,659
Sun Jan 14 07:31:09 AEDT 2018 com.google.javascript.jscomp.Compiler,660
Sun Jan 14 07:31:10 AEDT 2018 com.google.javascript.jscomp.Compiler,662
Sun Jan 14 07:32:08 AEDT 2018 com.google.javascript.jscomp.Compiler,666
Sun Jan 14 07:32:15 AEDT 2018 com.google.javascript.jscomp.Compiler,667
Sun Jan 14 07:32:19 AEDT 2018 com.google.javascript.jscomp.Compiler,668
Sun Jan 14 07:32:20 AEDT 2018 Sun Jan 14 07:32:20 AEDT 2018 : com.google.javascript.jscomp.Compiler,663=>Find no block
Sun Jan 14 07:32:22 AEDT 2018 com.google.javascript.jscomp.Compiler,664
Sun Jan 14 07:32:28 AEDT 2018 com.google.javascript.jscomp.Compiler,671
Sun Jan 14 07:32:32 AEDT 2018 com.google.javascript.jscomp.Compiler,230
Sun Jan 14 07:32:37 AEDT 2018 Sun Jan 14 07:32:37 AEDT 2018 : com.google.javascript.jscomp.Compiler,231=>Find no block
Sun Jan 14 07:32:38 AEDT 2018 Sun Jan 14 07:32:38 AEDT 2018 : com.google.javascript.jscomp.Compiler,237=>Find no block
Sun Jan 14 07:32:39 AEDT 2018 Sun Jan 14 07:32:39 AEDT 2018 : com.google.javascript.jscomp.Compiler,98=>Find no block
Sun Jan 14 07:32:40 AEDT 2018 Sun Jan 14 07:32:40 AEDT 2018 : com.google.javascript.jscomp.Compiler,100=>Find no block
Sun Jan 14 07:32:42 AEDT 2018 Sun Jan 14 07:32:42 AEDT 2018 : com.google.javascript.jscomp.Compiler,123=>Find no block
Sun Jan 14 07:32:43 AEDT 2018 Sun Jan 14 07:32:43 AEDT 2018 : com.google.javascript.jscomp.Compiler,136=>Find no block
Sun Jan 14 07:32:44 AEDT 2018 Sun Jan 14 07:32:44 AEDT 2018 : com.google.javascript.jscomp.Compiler,142=>Find no block
Sun Jan 14 07:32:45 AEDT 2018 Sun Jan 14 07:32:45 AEDT 2018 : com.google.javascript.jscomp.Compiler,148=>Find no block
Sun Jan 14 07:32:46 AEDT 2018 Sun Jan 14 07:32:46 AEDT 2018 : com.google.javascript.jscomp.Compiler,154=>Find no block
Sun Jan 14 07:32:47 AEDT 2018 Sun Jan 14 07:32:47 AEDT 2018 : com.google.javascript.jscomp.Compiler,157=>Find no block
Sun Jan 14 07:32:49 AEDT 2018 Sun Jan 14 07:32:49 AEDT 2018 : com.google.javascript.jscomp.Compiler,160=>Find no block
Sun Jan 14 07:32:50 AEDT 2018 Sun Jan 14 07:32:50 AEDT 2018 : com.google.javascript.jscomp.Compiler,168=>Find no block
Sun Jan 14 07:32:52 AEDT 2018 Sun Jan 14 07:32:52 AEDT 2018 : com.google.javascript.jscomp.Compiler,172=>Find no block
Sun Jan 14 07:32:53 AEDT 2018 Sun Jan 14 07:32:53 AEDT 2018 : com.google.javascript.jscomp.Compiler,205=>Find no block
Sun Jan 14 07:32:54 AEDT 2018 Sun Jan 14 07:32:54 AEDT 2018 : com.google.javascript.jscomp.Compiler,208=>Find no block
Sun Jan 14 07:32:55 AEDT 2018 Sun Jan 14 07:32:55 AEDT 2018 : com.google.javascript.jscomp.Compiler,221=>Find no block
Sun Jan 14 07:32:57 AEDT 2018 Sun Jan 14 07:32:57 AEDT 2018 : com.google.javascript.jscomp.Compiler,223=>Find no block
Sun Jan 14 07:32:58 AEDT 2018 Sun Jan 14 07:32:58 AEDT 2018 : com.google.javascript.jscomp.Compiler,853=>Find no block
Sun Jan 14 07:32:59 AEDT 2018 Sun Jan 14 07:32:59 AEDT 2018 : com.google.javascript.jscomp.Compiler,915=>Find no block
Sun Jan 14 07:33:00 AEDT 2018 Sun Jan 14 07:33:00 AEDT 2018 : com.google.javascript.jscomp.Compiler,916=>Find no block
Sun Jan 14 07:33:02 AEDT 2018 Sun Jan 14 07:33:02 AEDT 2018 : com.google.javascript.jscomp.Compiler,1546=>Find no block
Sun Jan 14 07:33:03 AEDT 2018 Sun Jan 14 07:33:03 AEDT 2018 : com.google.javascript.jscomp.Compiler,1959=>Find no block
Sun Jan 14 07:33:04 AEDT 2018 Sun Jan 14 07:33:04 AEDT 2018 : com.google.javascript.jscomp.Compiler,1961=>Find no block
Sun Jan 14 07:33:05 AEDT 2018 Sun Jan 14 07:33:05 AEDT 2018 : com.google.javascript.jscomp.Compiler,1967=>Find no block
Sun Jan 14 07:33:07 AEDT 2018 com.google.javascript.jscomp.Compiler,238
Sun Jan 14 07:33:20 AEDT 2018 com.google.javascript.jscomp.Compiler,239
Sun Jan 14 07:33:21 AEDT 2018 Sun Jan 14 07:33:21 AEDT 2018 : com.google.javascript.jscomp.Compiler,240=>Find no block
Sun Jan 14 07:33:23 AEDT 2018 com.google.javascript.jscomp.Compiler,246
Sun Jan 14 07:33:34 AEDT 2018 com.google.javascript.jscomp.Compiler,247
Sun Jan 14 07:33:35 AEDT 2018 Sun Jan 14 07:33:35 AEDT 2018 : com.google.javascript.jscomp.Compiler,248=>Find no block
Sun Jan 14 07:33:37 AEDT 2018 Sun Jan 14 07:33:37 AEDT 2018 : com.google.javascript.jscomp.Compiler,86=>Find no block
Sun Jan 14 07:33:38 AEDT 2018 Sun Jan 14 07:33:38 AEDT 2018 : com.google.javascript.jscomp.Compiler,91=>Find no block
Sun Jan 14 07:33:39 AEDT 2018 Sun Jan 14 07:33:39 AEDT 2018 : com.google.javascript.jscomp.Compiler,176=>Find no block
Sun Jan 14 07:33:40 AEDT 2018 Sun Jan 14 07:33:40 AEDT 2018 : com.google.javascript.jscomp.Compiler,179=>Find no block
Sun Jan 14 07:33:41 AEDT 2018 Sun Jan 14 07:33:41 AEDT 2018 : com.google.javascript.jscomp.Compiler,195=>Find no block
Sun Jan 14 07:33:43 AEDT 2018 Sun Jan 14 07:33:43 AEDT 2018 : com.google.javascript.jscomp.Compiler,216=>Find no block
Sun Jan 14 07:33:44 AEDT 2018 Sun Jan 14 07:33:44 AEDT 2018 : com.google.javascript.jscomp.Compiler,433=>Find no block
Sun Jan 14 07:33:45 AEDT 2018 Sun Jan 14 07:33:45 AEDT 2018 : com.google.javascript.jscomp.Compiler,437=>Find no block
Sun Jan 14 07:33:47 AEDT 2018 Sun Jan 14 07:33:47 AEDT 2018 : com.google.javascript.jscomp.Compiler,508=>Find no block
Sun Jan 14 07:33:48 AEDT 2018 Sun Jan 14 07:33:48 AEDT 2018 : com.google.javascript.jscomp.Compiler,510=>Find no block
Sun Jan 14 07:33:49 AEDT 2018 com.google.javascript.jscomp.Compiler,256
Sun Jan 14 07:36:24 AEDT 2018 com.google.javascript.jscomp.Compiler,258
Sun Jan 14 07:36:25 AEDT 2018 Sun Jan 14 07:36:25 AEDT 2018 : com.google.javascript.jscomp.Compiler,259=>Find no block
Sun Jan 14 07:36:27 AEDT 2018 com.google.javascript.jscomp.Compiler,266
Sun Jan 14 07:36:36 AEDT 2018 com.google.javascript.jscomp.Compiler,267
Sun Jan 14 07:36:37 AEDT 2018 com.google.javascript.jscomp.Compiler,275
Sun Jan 14 07:40:20 AEDT 2018 com.google.javascript.jscomp.Compiler,276
Sun Jan 14 07:40:21 AEDT 2018 com.google.javascript.jscomp.Compiler,277
Sun Jan 14 07:40:22 AEDT 2018 com.google.javascript.jscomp.Compiler,278
Sun Jan 14 07:40:23 AEDT 2018 com.google.javascript.jscomp.Compiler,281
Sun Jan 14 07:40:25 AEDT 2018 com.google.javascript.jscomp.Compiler,283
Sun Jan 14 07:40:26 AEDT 2018 com.google.javascript.jscomp.Compiler,284
Sun Jan 14 07:40:29 AEDT 2018 com.google.javascript.jscomp.Compiler,289
Sun Jan 14 07:42:13 AEDT 2018 com.google.javascript.jscomp.Compiler,290
Sun Jan 14 07:42:14 AEDT 2018 com.google.javascript.jscomp.Compiler,291
Sun Jan 14 07:42:15 AEDT 2018 com.google.javascript.jscomp.Compiler,292
Sun Jan 14 07:42:17 AEDT 2018 com.google.javascript.jscomp.Compiler,293
Sun Jan 14 07:42:18 AEDT 2018 com.google.javascript.jscomp.Compiler,297
Sun Jan 14 07:42:19 AEDT 2018 com.google.javascript.jscomp.Compiler,303
Sun Jan 14 07:43:35 AEDT 2018 com.google.javascript.jscomp.Compiler,305
Sun Jan 14 07:43:36 AEDT 2018 com.google.javascript.jscomp.Compiler,310
Sun Jan 14 07:43:56 AEDT 2018 com.google.javascript.jscomp.Compiler,311
Sun Jan 14 07:43:57 AEDT 2018 com.google.javascript.jscomp.Compiler,317
Sun Jan 14 07:49:03 AEDT 2018 com.google.javascript.jscomp.Compiler,318
Sun Jan 14 07:54:53 AEDT 2018 com.google.javascript.jscomp.Compiler,321
Sun Jan 14 07:59:20 AEDT 2018 com.google.javascript.jscomp.Compiler,323
Sun Jan 14 08:03:24 AEDT 2018 com.google.javascript.jscomp.Compiler,330
Sun Jan 14 08:03:31 AEDT 2018 com.google.javascript.jscomp.Compiler,332
Sun Jan 14 08:03:32 AEDT 2018 com.google.javascript.jscomp.Compiler,336
Sun Jan 14 08:03:39 AEDT 2018 Sun Jan 14 08:03:39 AEDT 2018 : com.google.javascript.jscomp.Compiler,337=>Find no block
Sun Jan 14 08:03:40 AEDT 2018 com.google.javascript.jscomp.Compiler,346
Sun Jan 14 08:03:56 AEDT 2018 Sun Jan 14 08:03:56 AEDT 2018 : com.google.javascript.jscomp.Compiler,348=>Find no block
Sun Jan 14 08:03:57 AEDT 2018 com.google.javascript.jscomp.Compiler,357
Sun Jan 14 08:12:40 AEDT 2018 com.google.javascript.jscomp.Compiler,358
Sun Jan 14 08:15:32 AEDT 2018 com.google.javascript.jscomp.Compiler,359
Sun Jan 14 08:15:33 AEDT 2018 Sun Jan 14 08:15:33 AEDT 2018 : com.google.javascript.jscomp.Compiler,360=>Find no block
Sun Jan 14 08:15:34 AEDT 2018 com.google.javascript.jscomp.Compiler,362
Sun Jan 14 08:15:36 AEDT 2018 Sun Jan 14 08:15:36 AEDT 2018 : com.google.javascript.jscomp.Compiler,363=>Find no block
Sun Jan 14 08:15:37 AEDT 2018 com.google.javascript.jscomp.Compiler,373
Sun Jan 14 08:15:53 AEDT 2018 Sun Jan 14 08:15:53 AEDT 2018 : com.google.javascript.jscomp.Compiler,375=>Find no block
Sun Jan 14 08:15:54 AEDT 2018 com.google.javascript.jscomp.Compiler,383
Sun Jan 14 08:18:06 AEDT 2018 com.google.javascript.jscomp.Compiler,385
Sun Jan 14 08:18:07 AEDT 2018 com.google.javascript.jscomp.Compiler,386
Sun Jan 14 08:18:29 AEDT 2018 com.google.javascript.jscomp.Compiler,388
Sun Jan 14 08:19:08 AEDT 2018 com.google.javascript.jscomp.Compiler,392
Sun Jan 14 08:19:41 AEDT 2018 com.google.javascript.jscomp.Compiler,393
Sun Jan 14 08:19:59 AEDT 2018 com.google.javascript.jscomp.Compiler,395
Sun Jan 14 08:20:02 AEDT 2018 Sun Jan 14 08:20:02 AEDT 2018 : com.google.javascript.jscomp.Compiler,402=>Find no block
Sun Jan 14 08:20:03 AEDT 2018 Sun Jan 14 08:20:03 AEDT 2018 : com.google.javascript.jscomp.Compiler,396=>Find no block
Sun Jan 14 08:20:04 AEDT 2018 com.google.javascript.jscomp.Compiler,399
Sun Jan 14 08:20:05 AEDT 2018 com.google.javascript.jscomp.Compiler,401
Sun Jan 14 08:20:07 AEDT 2018 com.google.javascript.jscomp.Compiler,404
Sun Jan 14 08:20:08 AEDT 2018 com.google.javascript.jscomp.Compiler,407
Sun Jan 14 08:21:07 AEDT 2018 com.google.javascript.jscomp.Compiler,408
Sun Jan 14 08:21:52 AEDT 2018 com.google.javascript.jscomp.Compiler,410
Sun Jan 14 08:21:53 AEDT 2018 Sun Jan 14 08:21:53 AEDT 2018 : com.google.javascript.jscomp.Compiler,411=>Find no block
Sun Jan 14 08:21:55 AEDT 2018 com.google.javascript.jscomp.Compiler,418
Sun Jan 14 08:22:01 AEDT 2018 com.google.javascript.jscomp.Compiler,419
Sun Jan 14 08:22:02 AEDT 2018 com.google.javascript.jscomp.Compiler,420
Sun Jan 14 08:22:04 AEDT 2018 Sun Jan 14 08:22:04 AEDT 2018 : com.google.javascript.jscomp.Compiler,422=>Find no block
Sun Jan 14 08:22:05 AEDT 2018 com.google.javascript.jscomp.Compiler,426
Sun Jan 14 08:29:04 AEDT 2018 com.google.javascript.jscomp.Compiler,427
Sun Jan 14 08:34:03 AEDT 2018 com.google.javascript.jscomp.Compiler,428
Sun Jan 14 08:34:04 AEDT 2018 Sun Jan 14 08:34:04 AEDT 2018 : com.google.javascript.jscomp.Compiler,429=>Find no block
Sun Jan 14 08:34:06 AEDT 2018 com.google.javascript.jscomp.Compiler,430
Sun Jan 14 08:34:07 AEDT 2018 com.google.javascript.jscomp.Compiler,446
Sun Jan 14 08:38:11 AEDT 2018 com.google.javascript.jscomp.Compiler,447
Sun Jan 14 08:38:13 AEDT 2018 com.google.javascript.jscomp.Compiler,448
Sun Jan 14 08:38:14 AEDT 2018 com.google.javascript.jscomp.Compiler,450
Sun Jan 14 08:38:15 AEDT 2018 Sun Jan 14 08:38:15 AEDT 2018 : com.google.javascript.jscomp.Compiler,453=>Find no block
Sun Jan 14 08:38:16 AEDT 2018 com.google.javascript.jscomp.Compiler,460
Sun Jan 14 08:38:21 AEDT 2018 com.google.javascript.jscomp.Compiler,468
Sun Jan 14 08:44:27 AEDT 2018 com.google.javascript.jscomp.Compiler,469
Sun Jan 14 08:44:28 AEDT 2018 com.google.javascript.jscomp.Compiler,470
Sun Jan 14 08:44:30 AEDT 2018 Sun Jan 14 08:44:30 AEDT 2018 : com.google.javascript.jscomp.Compiler,473=>Find no block
Sun Jan 14 08:44:31 AEDT 2018 Sun Jan 14 08:44:31 AEDT 2018 : com.google.javascript.jscomp.Compiler,474=>Find no block
Sun Jan 14 08:44:32 AEDT 2018 com.google.javascript.jscomp.Compiler,482
Sun Jan 14 08:45:10 AEDT 2018 com.google.javascript.jscomp.Compiler,483
Sun Jan 14 08:45:11 AEDT 2018 Sun Jan 14 08:45:11 AEDT 2018 : com.google.javascript.jscomp.Compiler,484=>Find no block
Sun Jan 14 08:45:12 AEDT 2018 com.google.javascript.jscomp.Compiler,492
Sun Jan 14 09:10:26 AEDT 2018 com.google.javascript.jscomp.Compiler,493
Sun Jan 14 09:10:27 AEDT 2018 com.google.javascript.jscomp.Compiler,494
Sun Jan 14 09:10:28 AEDT 2018 com.google.javascript.jscomp.Compiler,495
Sun Jan 14 09:10:30 AEDT 2018 com.google.javascript.jscomp.Compiler,496
Sun Jan 14 09:10:31 AEDT 2018 com.google.javascript.jscomp.Compiler,501
Sun Jan 14 09:10:33 AEDT 2018 com.google.javascript.jscomp.Compiler,502
Sun Jan 14 09:10:34 AEDT 2018 Sun Jan 14 09:10:34 AEDT 2018 : com.google.javascript.jscomp.Compiler,503=>Find no block
Sun Jan 14 09:10:35 AEDT 2018 Sun Jan 14 09:10:35 AEDT 2018 : com.google.javascript.jscomp.Compiler,504=>Find no block
Sun Jan 14 09:10:36 AEDT 2018 com.google.javascript.jscomp.Compiler,505
Sun Jan 14 09:10:37 AEDT 2018 com.google.javascript.jscomp.Compiler,519
Sun Jan 14 09:14:01 AEDT 2018 com.google.javascript.jscomp.Compiler,520
Sun Jan 14 09:14:02 AEDT 2018 com.google.javascript.jscomp.Compiler,521
Sun Jan 14 09:14:04 AEDT 2018 com.google.javascript.jscomp.Compiler,522
Sun Jan 14 09:14:05 AEDT 2018 com.google.javascript.jscomp.Compiler,523
Sun Jan 14 09:14:06 AEDT 2018 com.google.javascript.jscomp.Compiler,524
Sun Jan 14 09:14:07 AEDT 2018 Sun Jan 14 09:14:07 AEDT 2018 : com.google.javascript.jscomp.Compiler,526=>Find no block
Sun Jan 14 09:14:09 AEDT 2018 com.google.javascript.jscomp.Compiler,527
Sun Jan 14 09:16:11 AEDT 2018 com.google.javascript.jscomp.Compiler,528
Sun Jan 14 09:16:12 AEDT 2018 com.google.javascript.jscomp.Compiler,529
Sun Jan 14 09:16:13 AEDT 2018 com.google.javascript.jscomp.Compiler,530
Sun Jan 14 09:16:15 AEDT 2018 com.google.javascript.jscomp.Compiler,531
Sun Jan 14 09:16:16 AEDT 2018 Sun Jan 14 09:16:16 AEDT 2018 : com.google.javascript.jscomp.Compiler,533=>Find no block
Sun Jan 14 09:16:18 AEDT 2018 Sun Jan 14 09:16:18 AEDT 2018 : com.google.javascript.jscomp.Compiler,534=>Find no block
Sun Jan 14 09:16:19 AEDT 2018 com.google.javascript.jscomp.Compiler,538
Sun Jan 14 09:16:30 AEDT 2018 com.google.javascript.jscomp.Compiler,547
Sun Jan 14 09:16:32 AEDT 2018 com.google.javascript.jscomp.Compiler,557
Sun Jan 14 09:16:41 AEDT 2018 com.google.javascript.jscomp.Compiler,570
Sun Jan 14 09:16:48 AEDT 2018 com.google.javascript.jscomp.Compiler,581
Sun Jan 14 09:25:30 AEDT 2018 com.google.javascript.jscomp.Compiler,584
Sun Jan 14 09:26:08 AEDT 2018 com.google.javascript.jscomp.Compiler,585
Sun Jan 14 09:26:17 AEDT 2018 com.google.javascript.jscomp.Compiler,586
Sun Jan 14 09:26:19 AEDT 2018 com.google.javascript.jscomp.Compiler,590
Sun Jan 14 09:26:58 AEDT 2018 com.google.javascript.jscomp.Compiler,591
Failed time : 18/01/14 09:26
