=================================================
Project : closure_91	start : 18/01/14 08:09
Current failed test : com.google.javascript.jscomp.CheckGlobalThisTest::testLendsAnnotation3 | 18/01/14 08:10
Sun Jan 14 08:11:13 AEDT 2018 com.google.javascript.rhino.JSDocInfo,1053
Sun Jan 14 08:15:16 AEDT 2018 com.google.javascript.rhino.JSDocInfo,1054
Sun Jan 14 08:15:17 AEDT 2018 Sun Jan 14 08:15:17 AEDT 2018 : com.google.javascript.rhino.JSDocInfo,1055=>Find no block
Sun Jan 14 08:15:18 AEDT 2018 com.google.javascript.rhino.JSDocInfoBuilder,839
Sun Jan 14 08:16:23 AEDT 2018 com.google.javascript.rhino.JSDocInfoBuilder,840
Sun Jan 14 08:16:24 AEDT 2018 com.google.javascript.rhino.JSDocInfoBuilder,841
Sun Jan 14 08:16:25 AEDT 2018 com.google.javascript.rhino.JSDocInfoBuilder,842
Sun Jan 14 08:16:26 AEDT 2018 com.google.javascript.jscomp.parsing.JsDocInfoParser,418
Sun Jan 14 08:17:06 AEDT 2018 com.google.javascript.jscomp.parsing.JsDocInfoParser,420
Sun Jan 14 08:38:54 AEDT 2018 com.google.javascript.jscomp.parsing.JsDocInfoParser,421
Sun Jan 14 08:38:55 AEDT 2018 com.google.javascript.jscomp.parsing.JsDocInfoParser,422
Sun Jan 14 08:38:56 AEDT 2018 com.google.javascript.jscomp.parsing.JsDocInfoParser,423
Sun Jan 14 08:38:57 AEDT 2018 com.google.javascript.jscomp.parsing.JsDocInfoParser,426
Sun Jan 14 08:55:53 AEDT 2018 com.google.javascript.jscomp.parsing.JsDocInfoParser,427
Sun Jan 14 08:55:53 AEDT 2018 com.google.javascript.jscomp.parsing.JsDocInfoParser,428
Sun Jan 14 08:55:54 AEDT 2018 com.google.javascript.jscomp.parsing.JsDocInfoParser,437
Sun Jan 14 08:58:00 AEDT 2018 com.google.javascript.jscomp.parsing.JsDocInfoParser,441
Sun Jan 14 09:04:37 AEDT 2018 com.google.javascript.jscomp.parsing.JsDocInfoParser,442
Sun Jan 14 09:08:08 AEDT 2018 com.google.javascript.jscomp.parsing.TypeSafeDispatcher,241
Sun Jan 14 09:13:04 AEDT 2018 com.google.javascript.jscomp.parsing.IRFactory,658
Sun Jan 14 09:21:48 AEDT 2018 com.google.javascript.jscomp.parsing.IRFactory,659
Sun Jan 14 09:21:50 AEDT 2018 com.google.javascript.jscomp.parsing.IRFactory,660
Sun Jan 14 09:21:53 AEDT 2018 com.google.javascript.jscomp.PrepareAst,166

----------------------------------------
----------------------------------------
Pass Single Test : [=>0,0]
for(Node key=objlit.getFirstChild();key!=null;key=key.getNext()){
Node value=key.getFirstChild();
objlit.detachFromParent();
visitObjectLiteralKey(objlit,key,value);
}

Time : 18/01/14 09:36
----------------------------------------

----------------------------------------
----------------------------------------
Pass Single Test : [=>0,0]
for(Node key=objlit.getFirstChild();key!=null;key=key.getNext()){
objlit.removeChild(key);
Node value=key.getFirstChild();
visitObjectLiteralKey(objlit,key,value);
}

Time : 18/01/14 09:40
----------------------------------------
Sun Jan 14 09:43:00 AEDT 2018 com.google.javascript.jscomp.PrepareAst,167
Sun Jan 14 09:43:02 AEDT 2018 com.google.javascript.jscomp.PrepareAst,175
Sun Jan 14 09:44:39 AEDT 2018 com.google.javascript.jscomp.PrepareAst,176
Sun Jan 14 09:44:42 AEDT 2018 Sun Jan 14 09:44:42 AEDT 2018 : com.google.javascript.jscomp.PrepareAst,177=>Find no block
Sun Jan 14 09:44:44 AEDT 2018 com.google.javascript.jscomp.PrepareAst,231
Sun Jan 14 10:50:34 AEDT 2018 com.google.javascript.jscomp.PrepareAst,232
Sun Jan 14 12:22:32 AEDT 2018 Sun Jan 14 12:22:32 AEDT 2018 : com.google.javascript.jscomp.PrepareAst,236=>Find no block
Sun Jan 14 12:22:36 AEDT 2018 com.google.javascript.jscomp.PrepareAst,260
Timeout time : 18/01/14 13:11
