=================================================
Project : time_11	start : 18/01/12 19:09
Current failed test : org.joda.time.tz.TestCompiler::testDateTimeZoneBuilder | 18/01/12 19:09
Fri Jan 12 19:10:40 AEDT 2018 org.joda.time.chrono.BaseChronology,276
Fri Jan 12 20:11:01 AEDT 2018 org.joda.time.chrono.BaseChronology,277
Fri Jan 12 20:11:02 AEDT 2018 org.joda.time.chrono.BaseChronology,278
Fri Jan 12 20:11:02 AEDT 2018 org.joda.time.chrono.BaseChronology,289
Fri Jan 12 20:20:48 AEDT 2018 org.joda.time.DateTimeUtils,86
Fri Jan 12 20:22:13 AEDT 2018 org.joda.time.DateTimeUtils,317
Fri Jan 12 20:23:02 AEDT 2018 org.joda.time.PeriodType,595
Fri Jan 12 20:26:44 AEDT 2018 org.joda.time.PeriodType,596
Fri Jan 12 20:26:45 AEDT 2018 org.joda.time.PeriodType,597
Fri Jan 12 20:26:46 AEDT 2018 org.joda.time.PeriodType,598
Fri Jan 12 20:26:47 AEDT 2018 Fri Jan 12 20:26:47 AEDT 2018 : org.joda.time.PeriodType,599=>Find no block
Fri Jan 12 20:26:47 AEDT 2018 org.joda.time.PeriodType,102
Fri Jan 12 20:35:27 AEDT 2018 org.joda.time.PeriodType,103
Fri Jan 12 20:36:31 AEDT 2018 org.joda.time.PeriodType,104
Fri Jan 12 20:36:32 AEDT 2018 org.joda.time.PeriodType,114
Fri Jan 12 20:36:32 AEDT 2018 org.joda.time.PeriodType,116
Fri Jan 12 20:36:32 AEDT 2018 org.joda.time.PeriodType,165
Fri Jan 12 20:37:36 AEDT 2018 org.joda.time.PeriodType,173
Fri Jan 12 20:37:36 AEDT 2018 org.joda.time.PeriodType,674
Fri Jan 12 20:46:41 AEDT 2018 org.joda.time.PeriodType,675
Fri Jan 12 20:46:42 AEDT 2018 org.joda.time.DateTimeUtils,515
Fri Jan 12 20:47:02 AEDT 2018 org.joda.time.Period,298
Fri Jan 12 20:47:04 AEDT 2018 Fri Jan 12 20:47:04 AEDT 2018 : org.joda.time.Period,299=>Find no block
Fri Jan 12 20:47:05 AEDT 2018 org.joda.time.Period,704
Fri Jan 12 20:50:38 AEDT 2018 org.joda.time.Period,713
Fri Jan 12 20:54:12 AEDT 2018 org.joda.time.base.BasePeriod,254
Fri Jan 12 21:07:33 AEDT 2018 org.joda.time.base.BasePeriod,255
Fri Jan 12 21:07:33 AEDT 2018 org.joda.time.base.BasePeriod,256
Fri Jan 12 21:07:34 AEDT 2018 org.joda.time.base.BasePeriod,257
Fri Jan 12 21:07:35 AEDT 2018 org.joda.time.base.BasePeriod,258
Fri Jan 12 21:07:35 AEDT 2018 Fri Jan 12 21:07:35 AEDT 2018 : org.joda.time.base.BasePeriod,259=>Find no block
Fri Jan 12 21:07:36 AEDT 2018 org.joda.time.base.BasePeriod,329
Fri Jan 12 21:08:42 AEDT 2018 org.joda.time.tz.DateTimeZoneBuilder,1460
Fri Jan 12 21:11:50 AEDT 2018 org.joda.time.tz.DateTimeZoneBuilder,1464
Fri Jan 12 21:12:10 AEDT 2018 org.joda.time.tz.DateTimeZoneBuilder,1465
Fri Jan 12 21:12:10 AEDT 2018 org.joda.time.tz.DateTimeZoneBuilder,800
Fri Jan 12 21:12:23 AEDT 2018 org.joda.time.tz.DateTimeZoneBuilder,804
Fri Jan 12 21:12:35 AEDT 2018 org.joda.time.chrono.GregorianChronology,209
Fri Jan 12 22:09:50 AEDT 2018 Fri Jan 12 22:09:50 AEDT 2018 : org.joda.time.base.BasePeriod,57=>Find no block
Fri Jan 12 22:09:50 AEDT 2018 org.joda.time.field.ImpreciseDateTimeField,91
Fri Jan 12 22:11:24 AEDT 2018 org.joda.time.field.BaseDateTimeField,253
Fri Jan 12 22:17:13 AEDT 2018 org.joda.time.field.PreciseDurationField,114
Fri Jan 12 22:19:56 AEDT 2018 org.joda.time.field.PreciseDurationField,115
Fri Jan 12 22:19:57 AEDT 2018 org.joda.time.field.BaseDurationField,141
Fri Jan 12 22:19:57 AEDT 2018 org.joda.time.DurationFieldType,114
Fri Jan 12 22:19:59 AEDT 2018 org.joda.time.DurationFieldType,123
Fri Jan 12 22:20:01 AEDT 2018 org.joda.time.DurationFieldType,132
Fri Jan 12 22:20:03 AEDT 2018 org.joda.time.DurationFieldType,160
Fri Jan 12 22:20:05 AEDT 2018 org.joda.time.DurationFieldType,187
Fri Jan 12 22:20:07 AEDT 2018 org.joda.time.field.PreciseDateTimeField,79
Fri Jan 12 22:30:47 AEDT 2018 org.joda.time.field.PreciseDateTimeField,82
Fri Jan 12 22:30:48 AEDT 2018 org.joda.time.field.PreciseDateTimeField,111
Fri Jan 12 23:43:22 AEDT 2018 org.joda.time.field.PreciseDateTimeField,112
Fri Jan 12 23:43:22 AEDT 2018 org.joda.time.field.PreciseDateTimeField,131
Fri Jan 12 23:45:46 AEDT 2018 org.joda.time.field.FieldUtils,100
Fri Jan 12 23:50:07 AEDT 2018 org.joda.time.field.FieldUtils,102
Fri Jan 12 23:54:21 AEDT 2018 org.joda.time.field.FieldUtils,106
Fri Jan 12 23:54:22 AEDT 2018 org.joda.time.field.FieldUtils,187
Fri Jan 12 23:54:46 AEDT 2018 org.joda.time.field.FieldUtils,188
Fri Jan 12 23:54:47 AEDT 2018 org.joda.time.field.ImpreciseDateTimeField,190
Fri Jan 12 23:55:03 AEDT 2018 org.joda.time.field.MillisDurationField,117

----------------------------------------
----------------------------------------
Pass Single Test : [=>0,0]
return INSTANCE.getValueAsLong(serialVersionUID,instant);

Time : 18/01/12 23:58
----------------------------------------
Sat Jan 13 00:01:52 AEDT 2018 org.joda.time.chrono.BaseChronology,255
Timeout time : 18/01/13 00:10
