=================================================
Project : time_13	start : 18/01/12 14:05
Current failed test : org.joda.time.format.TestISOPeriodFormat::testFormatStandard_negative_purify_6 | 18/01/12 14:06
Fri Jan 12 14:07:51 AEDT 2018 org.joda.time.Period,967
Fri Jan 12 14:13:16 AEDT 2018 org.joda.time.Period,968
Fri Jan 12 14:13:16 AEDT 2018 org.joda.time.Period,969
Fri Jan 12 14:13:17 AEDT 2018 org.joda.time.Period,226
Fri Jan 12 14:13:34 AEDT 2018 org.joda.time.format.FormatUtils,337
Fri Jan 12 14:16:27 AEDT 2018 org.joda.time.format.FormatUtils,338
Fri Jan 12 14:16:28 AEDT 2018 org.joda.time.Period,212
Fri Jan 12 14:16:46 AEDT 2018 org.joda.time.Period,110
Fri Jan 12 14:16:48 AEDT 2018 org.joda.time.format.PeriodFormatterBuilder,1651
Fri Jan 12 14:28:35 AEDT 2018 org.joda.time.format.PeriodFormatterBuilder,1098
Fri Jan 12 14:43:12 AEDT 2018 org.joda.time.format.PeriodFormatterBuilder,1100
Fri Jan 12 14:43:12 AEDT 2018 org.joda.time.format.PeriodFormatterBuilder,1101
Fri Jan 12 14:43:13 AEDT 2018 org.joda.time.format.PeriodFormatterBuilder,1106
Fri Jan 12 14:43:14 AEDT 2018 org.joda.time.format.PeriodFormatterBuilder,1142
Fri Jan 12 15:04:55 AEDT 2018 org.joda.time.format.PeriodFormatterBuilder,1143
Fri Jan 12 15:04:55 AEDT 2018 org.joda.time.format.PeriodFormatterBuilder,1674
Fri Jan 12 15:15:14 AEDT 2018 org.joda.time.format.PeriodFormatterBuilder,1127
Fri Jan 12 15:20:29 AEDT 2018 org.joda.time.format.PeriodFormatterBuilder,1140
Fri Jan 12 15:43:41 AEDT 2018 org.joda.time.format.PeriodFormatterBuilder,1141
Fri Jan 12 15:43:41 AEDT 2018 org.joda.time.PeriodType,692
Fri Jan 12 16:02:27 AEDT 2018 org.joda.time.PeriodType,693
Fri Jan 12 16:02:28 AEDT 2018 org.joda.time.PeriodType,688
Fri Jan 12 16:02:28 AEDT 2018 org.joda.time.PeriodType,689
Fri Jan 12 16:02:29 AEDT 2018 org.joda.time.format.PeriodFormatterBuilder,1650
Fri Jan 12 16:02:29 AEDT 2018 org.joda.time.format.PeriodFormatterBuilder,1673
Fri Jan 12 16:02:30 AEDT 2018 org.joda.time.format.PeriodFormatterBuilder,1422
Fri Jan 12 16:38:04 AEDT 2018 org.joda.time.format.PeriodFormatterBuilder,1423
Fri Jan 12 16:59:14 AEDT 2018 org.joda.time.format.PeriodFormatterBuilder,1424
Fri Jan 12 17:18:42 AEDT 2018 org.joda.time.format.PeriodFormatterBuilder,864
Fri Jan 12 17:20:30 AEDT 2018 org.joda.time.format.PeriodFormatterBuilder,868
Fri Jan 12 17:21:26 AEDT 2018 Fri Jan 12 17:21:26 AEDT 2018 : org.joda.time.format.PeriodFormatterBuilder,869=>Find no block
Fri Jan 12 17:21:26 AEDT 2018 org.joda.time.format.PeriodFormatterBuilder,1553
Fri Jan 12 17:21:27 AEDT 2018 org.joda.time.format.PeriodFormatterBuilder,1557
Fri Jan 12 17:21:28 AEDT 2018 Fri Jan 12 17:21:28 AEDT 2018 : org.joda.time.format.PeriodFormatterBuilder,1558=>Find no block
Fri Jan 12 17:21:29 AEDT 2018 org.joda.time.format.PeriodFormatterBuilder,1466
Fri Jan 12 17:26:57 AEDT 2018 org.joda.time.format.PeriodFormatterBuilder,1441
Fri Jan 12 18:26:35 AEDT 2018 org.joda.time.format.PeriodFormatterBuilder,1494
Fri Jan 12 18:28:51 AEDT 2018 org.joda.time.format.PeriodFormatterBuilder,1091
Fri Jan 12 18:31:47 AEDT 2018 org.joda.time.format.PeriodFormatterBuilder,1123
Fri Jan 12 18:34:45 AEDT 2018 org.joda.time.format.PeriodFormatterBuilder,1114
Fri Jan 12 18:42:49 AEDT 2018 org.joda.time.format.PeriodFormatterBuilder,1147
Fri Jan 12 18:52:28 AEDT 2018 org.joda.time.format.PeriodFormatterBuilder,1633
Fri Jan 12 18:57:15 AEDT 2018 org.joda.time.format.PeriodFormatterBuilder,1634
Fri Jan 12 18:57:16 AEDT 2018 org.joda.time.format.PeriodFormatterBuilder,1636
Fri Jan 12 18:57:17 AEDT 2018 org.joda.time.format.PeriodFormatterBuilder,1639
Timeout time : 18/01/12 19:08
