=================================================
Project : time_20	start : 18/01/13 00:14
Current failed test : org.joda.time.format.TestDateTimeFormatterBuilder::test_printParseZoneDawsonCreek | 18/01/13 00:14
Sat Jan 13 00:16:10 AEDT 2018 org.joda.time.format.DateTimeFormatterBuilder,2519
Sat Jan 13 00:17:28 AEDT 2018 Sat Jan 13 00:17:28 AEDT 2018 : org.joda.time.format.DateTimeFormatterBuilder,2520=>Find no block
Sat Jan 13 00:17:28 AEDT 2018 org.joda.time.format.DateTimeFormatterBuilder,2537
Sat Jan 13 00:17:30 AEDT 2018 org.joda.time.format.DateTimeFormatterBuilder,2541
Sat Jan 13 00:40:05 AEDT 2018 org.joda.time.format.DateTimeFormatterBuilder,2542
Sat Jan 13 00:40:05 AEDT 2018 org.joda.time.format.DateTimeFormatterBuilder,2543
Sat Jan 13 00:40:05 AEDT 2018 org.joda.time.format.DateTimeFormatterBuilder,2544
Sat Jan 13 00:40:06 AEDT 2018 org.joda.time.format.DateTimeFormatterBuilder,2545
Sat Jan 13 00:40:07 AEDT 2018 Sat Jan 13 00:40:07 AEDT 2018 : org.joda.time.format.DateTimeFormatterBuilder,2547=>Find no block
Sat Jan 13 00:40:07 AEDT 2018 org.joda.time.format.DateTimeFormatterBuilder,1030
Sat Jan 13 00:41:42 AEDT 2018 org.joda.time.format.DateTimeFormatterBuilder,2513
Sat Jan 13 00:41:43 AEDT 2018 org.joda.time.format.DateTimeParserBucket,159
Sat Jan 13 00:45:22 AEDT 2018 org.joda.time.format.DateTimeParserBucket,160
Sat Jan 13 00:45:22 AEDT 2018 Sat Jan 13 00:45:22 AEDT 2018 : org.joda.time.format.DateTimeParserBucket,161=>Find no block
Sat Jan 13 00:45:23 AEDT 2018 org.joda.time.format.DateTimeFormat,377
Sat Jan 13 00:45:25 AEDT 2018 Sat Jan 13 00:45:25 AEDT 2018 : org.joda.time.format.DateTimeFormat,378=>Find no block
Sat Jan 13 00:45:26 AEDT 2018 org.joda.time.format.DateTimeFormatterBuilder,1094
Sat Jan 13 00:45:44 AEDT 2018 org.joda.time.format.DateTimeFormatterBuilder,1095
Sat Jan 13 00:45:44 AEDT 2018 org.joda.time.DateTime,407
Sat Jan 13 00:46:50 AEDT 2018 Sat Jan 13 00:46:50 AEDT 2018 : org.joda.time.DateTime,409=>Find no block
Sat Jan 13 00:46:50 AEDT 2018 org.joda.time.format.DateTimeFormatter,866
Sat Jan 13 02:30:46 AEDT 2018 org.joda.time.tz.DateTimeZoneBuilder,1541
Sat Jan 13 02:32:10 AEDT 2018 org.joda.time.tz.DateTimeZoneBuilder,1577
Sat Jan 13 02:39:42 AEDT 2018 org.joda.time.format.DateTimeFormat,508
Sat Jan 13 02:42:08 AEDT 2018 org.joda.time.format.DateTimeFormat,509
Sat Jan 13 02:44:41 AEDT 2018 org.joda.time.format.DateTimeFormat,457
Sat Jan 13 03:25:59 AEDT 2018 org.joda.time.format.DateTimeFormat,458
Sat Jan 13 03:25:59 AEDT 2018 org.joda.time.format.DateTimeFormat,462
Sat Jan 13 03:26:00 AEDT 2018 org.joda.time.format.DateTimeFormat,470
Sat Jan 13 03:31:14 AEDT 2018 org.joda.time.format.DateTimeFormat,471
Sat Jan 13 03:33:21 AEDT 2018 org.joda.time.format.DateTimeFormat,662
Sat Jan 13 03:37:18 AEDT 2018 org.joda.time.format.DateTimeFormat,632
Sat Jan 13 03:37:33 AEDT 2018 org.joda.time.format.DateTimeFormat,633
Sat Jan 13 03:37:34 AEDT 2018 org.joda.time.format.DateTimeFormat,634
Sat Jan 13 03:37:42 AEDT 2018 Sat Jan 13 03:37:42 AEDT 2018 : org.joda.time.format.DateTimeFormat,635=>Find no block
Sat Jan 13 03:37:42 AEDT 2018 org.joda.time.format.DateTimeFormat,453
Sat Jan 13 04:18:04 AEDT 2018 org.joda.time.format.DateTimeFormat,456
Sat Jan 13 04:18:05 AEDT 2018 Sat Jan 13 04:18:05 AEDT 2018 : org.joda.time.format.DateTimeFormat,465=>Find no block
Sat Jan 13 04:18:05 AEDT 2018 org.joda.time.format.DateTimeFormat,477
Sat Jan 13 05:14:33 AEDT 2018 org.joda.time.format.DateTimeFormat,486
Timeout time : 18/01/13 05:16
