=================================================
Project : time_15	start : 18/01/14 15:08
Current failed test : org.joda.time.field.TestFieldUtils::testSafeMultiplyLongInt | 18/01/14 15:09
Sun Jan 14 15:11:14 AEDT 2018 org.joda.time.field.FieldUtils,140
Sun Jan 14 15:11:24 AEDT 2018 org.joda.time.field.FieldUtils,138
Sun Jan 14 15:11:43 AEDT 2018 org.joda.time.field.FieldUtils,142
Sun Jan 14 15:12:47 AEDT 2018 org.joda.time.field.FieldUtils,144
Sun Jan 14 15:29:34 AEDT 2018 org.joda.time.field.FieldUtils,145
Sun Jan 14 15:29:36 AEDT 2018 org.joda.time.field.FieldUtils,148
Sun Jan 14 15:45:32 AEDT 2018 Sun Jan 14 15:45:32 AEDT 2018 : org.joda.time.field.FieldUtils,136=>Find no block
Sun Jan 14 15:45:34 AEDT 2018 org.joda.time.field.FieldUtils,36
Sun Jan 14 15:45:38 AEDT 2018 Sun Jan 14 15:45:38 AEDT 2018 : org.joda.time.field.FieldUtils,37=>Find no block
Sun Jan 14 15:45:40 AEDT 2018 org.joda.time.field.FieldUtils,49
Sun Jan 14 15:49:42 AEDT 2018 org.joda.time.field.FieldUtils,50
Sun Jan 14 15:49:44 AEDT 2018 org.joda.time.field.FieldUtils,52
Sun Jan 14 15:55:29 AEDT 2018 org.joda.time.field.FieldUtils,64
Sun Jan 14 16:00:29 AEDT 2018 org.joda.time.field.FieldUtils,66
Sun Jan 14 16:02:39 AEDT 2018 org.joda.time.field.FieldUtils,67
Sun Jan 14 16:02:40 AEDT 2018 org.joda.time.field.FieldUtils,70
Sun Jan 14 16:02:41 AEDT 2018 org.joda.time.field.FieldUtils,82
Sun Jan 14 16:07:29 AEDT 2018 org.joda.time.field.FieldUtils,84
Sun Jan 14 16:07:30 AEDT 2018 org.joda.time.field.FieldUtils,85
Sun Jan 14 16:07:31 AEDT 2018 org.joda.time.field.FieldUtils,88
Sun Jan 14 16:07:32 AEDT 2018 org.joda.time.field.FieldUtils,100
Sun Jan 14 16:12:32 AEDT 2018 org.joda.time.field.FieldUtils,102
Sun Jan 14 16:17:26 AEDT 2018 org.joda.time.field.FieldUtils,103
Sun Jan 14 16:17:28 AEDT 2018 org.joda.time.field.FieldUtils,106
Sun Jan 14 16:17:30 AEDT 2018 org.joda.time.field.FieldUtils,119
Sun Jan 14 16:27:44 AEDT 2018 org.joda.time.field.FieldUtils,120
Sun Jan 14 16:50:16 AEDT 2018 org.joda.time.field.FieldUtils,121
Sun Jan 14 16:50:18 AEDT 2018 org.joda.time.field.FieldUtils,123
Sun Jan 14 16:50:20 AEDT 2018 org.joda.time.field.FieldUtils,146
Sun Jan 14 16:50:22 AEDT 2018 org.joda.time.field.FieldUtils,160
Sun Jan 14 16:54:22 AEDT 2018 org.joda.time.field.FieldUtils,161
Sun Jan 14 16:54:23 AEDT 2018 org.joda.time.field.FieldUtils,163
Sun Jan 14 16:58:38 AEDT 2018 org.joda.time.field.FieldUtils,164
Sun Jan 14 16:58:40 AEDT 2018 org.joda.time.field.FieldUtils,166
Sun Jan 14 17:00:46 AEDT 2018 org.joda.time.field.FieldUtils,167
Sun Jan 14 17:00:46 AEDT 2018 org.joda.time.field.FieldUtils,169
Sun Jan 14 17:32:28 AEDT 2018 org.joda.time.field.FieldUtils,170
Sun Jan 14 17:32:29 AEDT 2018 org.joda.time.field.FieldUtils,171
Sun Jan 14 17:32:31 AEDT 2018 org.joda.time.field.FieldUtils,173
Sun Jan 14 18:01:22 AEDT 2018 org.joda.time.field.FieldUtils,184
Sun Jan 14 18:01:41 AEDT 2018 org.joda.time.field.FieldUtils,185
Sun Jan 14 18:01:42 AEDT 2018 org.joda.time.field.FieldUtils,187
Sun Jan 14 18:02:53 AEDT 2018 org.joda.time.field.FieldUtils,199
Sun Jan 14 18:04:51 AEDT 2018 org.joda.time.field.FieldUtils,200
Sun Jan 14 18:04:53 AEDT 2018 org.joda.time.field.FieldUtils,214
Sun Jan 14 18:15:14 AEDT 2018 org.joda.time.field.FieldUtils,215
Sun Jan 14 18:15:15 AEDT 2018 Sun Jan 14 18:15:15 AEDT 2018 : org.joda.time.field.FieldUtils,219=>Find no block
Sun Jan 14 18:15:17 AEDT 2018 org.joda.time.field.FieldUtils,232
Sun Jan 14 18:21:45 AEDT 2018 org.joda.time.field.FieldUtils,233
Sun Jan 14 18:21:48 AEDT 2018 Sun Jan 14 18:21:48 AEDT 2018 : org.joda.time.field.FieldUtils,237=>Find no block
Sun Jan 14 18:21:48 AEDT 2018 org.joda.time.field.FieldUtils,249
Sun Jan 14 18:25:55 AEDT 2018 org.joda.time.field.FieldUtils,250
Sun Jan 14 18:25:57 AEDT 2018 Sun Jan 14 18:25:57 AEDT 2018 : org.joda.time.field.FieldUtils,254=>Find no block
Sun Jan 14 18:25:58 AEDT 2018 org.joda.time.field.FieldUtils,273
Sun Jan 14 18:26:02 AEDT 2018 org.joda.time.field.FieldUtils,289
Sun Jan 14 18:27:46 AEDT 2018 org.joda.time.field.FieldUtils,290
Sun Jan 14 18:27:48 AEDT 2018 org.joda.time.field.FieldUtils,293
Sun Jan 14 18:40:26 AEDT 2018 org.joda.time.field.FieldUtils,294
Sun Jan 14 18:49:45 AEDT 2018 org.joda.time.field.FieldUtils,296
Sun Jan 14 18:54:50 AEDT 2018 org.joda.time.field.FieldUtils,297
Sun Jan 14 18:54:51 AEDT 2018 org.joda.time.field.FieldUtils,300
Sun Jan 14 19:02:45 AEDT 2018 org.joda.time.field.FieldUtils,302
Sun Jan 14 19:02:47 AEDT 2018 org.joda.time.field.FieldUtils,303
Sun Jan 14 19:02:48 AEDT 2018 org.joda.time.field.FieldUtils,305
Sun Jan 14 19:06:23 AEDT 2018 org.joda.time.field.FieldUtils,318
Sun Jan 14 19:07:22 AEDT 2018 org.joda.time.field.FieldUtils,319
Sun Jan 14 19:07:24 AEDT 2018 org.joda.time.field.FieldUtils,321
Sun Jan 14 19:09:25 AEDT 2018 org.joda.time.field.FieldUtils,322
Sun Jan 14 19:09:27 AEDT 2018 org.joda.time.field.FieldUtils,324
Sun Jan 14 19:10:38 AEDT 2018 org.joda.time.IllegalFieldValueException,108
Sun Jan 14 19:10:42 AEDT 2018 org.joda.time.IllegalFieldValueException,109
Sun Jan 14 19:10:44 AEDT 2018 org.joda.time.IllegalFieldValueException,110
Sun Jan 14 19:10:45 AEDT 2018 org.joda.time.IllegalFieldValueException,111
Sun Jan 14 19:10:47 AEDT 2018 org.joda.time.IllegalFieldValueException,112
Sun Jan 14 19:10:48 AEDT 2018 org.joda.time.IllegalFieldValueException,113
Sun Jan 14 19:10:50 AEDT 2018 org.joda.time.IllegalFieldValueException,114
Sun Jan 14 19:10:51 AEDT 2018 org.joda.time.IllegalFieldValueException,115
Sun Jan 14 19:10:53 AEDT 2018 org.joda.time.IllegalFieldValueException,116
Sun Jan 14 19:10:54 AEDT 2018 Sun Jan 14 19:10:54 AEDT 2018 : org.joda.time.IllegalFieldValueException,117=>Find no block
Sun Jan 14 19:10:56 AEDT 2018 org.joda.time.IllegalFieldValueException,129
Sun Jan 14 19:11:00 AEDT 2018 org.joda.time.IllegalFieldValueException,130
Sun Jan 14 19:11:01 AEDT 2018 org.joda.time.IllegalFieldValueException,131
Sun Jan 14 19:11:03 AEDT 2018 org.joda.time.IllegalFieldValueException,132
Sun Jan 14 19:11:04 AEDT 2018 org.joda.time.IllegalFieldValueException,133
Sun Jan 14 19:11:05 AEDT 2018 org.joda.time.IllegalFieldValueException,134
Sun Jan 14 19:11:07 AEDT 2018 org.joda.time.IllegalFieldValueException,135
Sun Jan 14 19:11:08 AEDT 2018 org.joda.time.IllegalFieldValueException,136
Sun Jan 14 19:11:09 AEDT 2018 org.joda.time.IllegalFieldValueException,137
Sun Jan 14 19:11:11 AEDT 2018 Sun Jan 14 19:11:11 AEDT 2018 : org.joda.time.IllegalFieldValueException,138=>Find no block
Sun Jan 14 19:11:12 AEDT 2018 org.joda.time.IllegalFieldValueException,150
Sun Jan 14 19:11:16 AEDT 2018 org.joda.time.IllegalFieldValueException,151
Sun Jan 14 19:11:18 AEDT 2018 org.joda.time.IllegalFieldValueException,152
Sun Jan 14 19:11:20 AEDT 2018 org.joda.time.IllegalFieldValueException,153
Sun Jan 14 19:11:21 AEDT 2018 org.joda.time.IllegalFieldValueException,154
Sun Jan 14 19:11:23 AEDT 2018 org.joda.time.IllegalFieldValueException,155
Sun Jan 14 19:11:25 AEDT 2018 org.joda.time.IllegalFieldValueException,156
Sun Jan 14 19:11:26 AEDT 2018 org.joda.time.IllegalFieldValueException,157
Sun Jan 14 19:11:28 AEDT 2018 org.joda.time.IllegalFieldValueException,158
Sun Jan 14 19:11:29 AEDT 2018 Sun Jan 14 19:11:29 AEDT 2018 : org.joda.time.IllegalFieldValueException,159=>Find no block
Sun Jan 14 19:11:31 AEDT 2018 org.joda.time.IllegalFieldValueException,171
Sun Jan 14 19:11:35 AEDT 2018 org.joda.time.IllegalFieldValueException,172
Sun Jan 14 19:11:37 AEDT 2018 org.joda.time.IllegalFieldValueException,173
Sun Jan 14 19:11:38 AEDT 2018 org.joda.time.IllegalFieldValueException,174
Sun Jan 14 19:11:40 AEDT 2018 org.joda.time.IllegalFieldValueException,175
Sun Jan 14 19:11:41 AEDT 2018 org.joda.time.IllegalFieldValueException,176
Sun Jan 14 19:11:43 AEDT 2018 org.joda.time.IllegalFieldValueException,177
Sun Jan 14 19:11:45 AEDT 2018 org.joda.time.IllegalFieldValueException,178
Sun Jan 14 19:11:46 AEDT 2018 org.joda.time.IllegalFieldValueException,179
Sun Jan 14 19:11:48 AEDT 2018 Sun Jan 14 19:11:48 AEDT 2018 : org.joda.time.IllegalFieldValueException,180=>Find no block
Sun Jan 14 19:11:50 AEDT 2018 org.joda.time.IllegalFieldValueException,189
Sun Jan 14 19:11:55 AEDT 2018 org.joda.time.IllegalFieldValueException,190
Sun Jan 14 19:11:56 AEDT 2018 org.joda.time.IllegalFieldValueException,191
Sun Jan 14 19:11:58 AEDT 2018 org.joda.time.IllegalFieldValueException,192
Sun Jan 14 19:11:59 AEDT 2018 org.joda.time.IllegalFieldValueException,193
Sun Jan 14 19:12:01 AEDT 2018 org.joda.time.IllegalFieldValueException,194
Sun Jan 14 19:12:03 AEDT 2018 org.joda.time.IllegalFieldValueException,195
Sun Jan 14 19:12:05 AEDT 2018 org.joda.time.IllegalFieldValueException,196
Sun Jan 14 19:12:06 AEDT 2018 org.joda.time.IllegalFieldValueException,197
Sun Jan 14 19:12:08 AEDT 2018 Sun Jan 14 19:12:08 AEDT 2018 : org.joda.time.IllegalFieldValueException,198=>Find no block
Sun Jan 14 19:12:10 AEDT 2018 org.joda.time.IllegalFieldValueException,207
Sun Jan 14 19:12:14 AEDT 2018 org.joda.time.IllegalFieldValueException,208
Sun Jan 14 19:12:16 AEDT 2018 org.joda.time.IllegalFieldValueException,209
Sun Jan 14 19:12:18 AEDT 2018 org.joda.time.IllegalFieldValueException,210
Sun Jan 14 19:12:19 AEDT 2018 org.joda.time.IllegalFieldValueException,211
Sun Jan 14 19:12:21 AEDT 2018 org.joda.time.IllegalFieldValueException,212
Sun Jan 14 19:12:22 AEDT 2018 org.joda.time.IllegalFieldValueException,213
Sun Jan 14 19:12:24 AEDT 2018 org.joda.time.IllegalFieldValueException,214
Sun Jan 14 19:12:26 AEDT 2018 org.joda.time.IllegalFieldValueException,215
Sun Jan 14 19:12:27 AEDT 2018 Sun Jan 14 19:12:27 AEDT 2018 : org.joda.time.IllegalFieldValueException,216=>Find no block
Sun Jan 14 19:12:29 AEDT 2018 org.joda.time.IllegalFieldValueException,225
Sun Jan 14 19:12:33 AEDT 2018 org.joda.time.IllegalFieldValueException,226
Sun Jan 14 19:12:35 AEDT 2018 org.joda.time.IllegalFieldValueException,227
Sun Jan 14 19:12:37 AEDT 2018 org.joda.time.IllegalFieldValueException,228
Sun Jan 14 19:12:38 AEDT 2018 org.joda.time.IllegalFieldValueException,229
Sun Jan 14 19:12:40 AEDT 2018 org.joda.time.IllegalFieldValueException,230
Sun Jan 14 19:12:42 AEDT 2018 org.joda.time.IllegalFieldValueException,231
Sun Jan 14 19:12:44 AEDT 2018 org.joda.time.IllegalFieldValueException,232
Sun Jan 14 19:12:45 AEDT 2018 org.joda.time.IllegalFieldValueException,233
Sun Jan 14 19:12:47 AEDT 2018 Sun Jan 14 19:12:47 AEDT 2018 : org.joda.time.IllegalFieldValueException,234=>Find no block
Sun Jan 14 19:12:49 AEDT 2018 org.joda.time.IllegalFieldValueException,41
Sun Jan 14 19:46:28 AEDT 2018 org.joda.time.IllegalFieldValueException,44
Sun Jan 14 19:46:29 AEDT 2018 org.joda.time.IllegalFieldValueException,45
Sun Jan 14 19:46:31 AEDT 2018 org.joda.time.IllegalFieldValueException,46
Sun Jan 14 19:46:33 AEDT 2018 org.joda.time.IllegalFieldValueException,48
Sun Jan 14 19:46:34 AEDT 2018 org.joda.time.IllegalFieldValueException,50
Sun Jan 14 19:46:36 AEDT 2018 org.joda.time.IllegalFieldValueException,51
Sun Jan 14 19:46:37 AEDT 2018 org.joda.time.IllegalFieldValueException,53
Sun Jan 14 19:46:39 AEDT 2018 org.joda.time.IllegalFieldValueException,59
Sun Jan 14 20:07:55 AEDT 2018 org.joda.time.IllegalFieldValueException,60
Sun Jan 14 20:07:56 AEDT 2018 org.joda.time.IllegalFieldValueException,63
Timeout time : 18/01/14 20:11
