=================================================
Project : time_20	start : 18/01/14 17:37
Current failed test : org.joda.time.format.TestDateTimeFormatterBuilder::test_printParseZoneDawsonCreek | 18/01/14 17:37
Sun Jan 14 17:39:40 AEDT 2018 org.joda.time.format.DateTimeFormatterBuilder,2519
Sun Jan 14 17:40:16 AEDT 2018 Sun Jan 14 17:40:16 AEDT 2018 : org.joda.time.format.DateTimeFormatterBuilder,2520=>Find no block
Sun Jan 14 17:40:18 AEDT 2018 org.joda.time.format.DateTimeFormatterBuilder,2537
Sun Jan 14 17:40:23 AEDT 2018 org.joda.time.format.DateTimeFormatterBuilder,2541
Sun Jan 14 18:23:51 AEDT 2018 org.joda.time.format.DateTimeFormatterBuilder,2542
Sun Jan 14 18:23:53 AEDT 2018 org.joda.time.format.DateTimeFormatterBuilder,2543
Sun Jan 14 18:23:55 AEDT 2018 org.joda.time.format.DateTimeFormatterBuilder,2544
Sun Jan 14 18:23:57 AEDT 2018 org.joda.time.format.DateTimeFormatterBuilder,2545
Sun Jan 14 18:23:58 AEDT 2018 Sun Jan 14 18:23:58 AEDT 2018 : org.joda.time.format.DateTimeFormatterBuilder,2547=>Find no block
Sun Jan 14 18:23:59 AEDT 2018 org.joda.time.format.DateTimeFormatterBuilder,1030
Sun Jan 14 18:25:50 AEDT 2018 org.joda.time.format.DateTimeFormatterBuilder,2513
Sun Jan 14 18:25:52 AEDT 2018 org.joda.time.format.DateTimeParserBucket,159
Sun Jan 14 18:29:42 AEDT 2018 org.joda.time.format.DateTimeParserBucket,160
Sun Jan 14 18:29:42 AEDT 2018 Sun Jan 14 18:29:42 AEDT 2018 : org.joda.time.format.DateTimeParserBucket,161=>Find no block
Sun Jan 14 18:29:43 AEDT 2018 org.joda.time.format.DateTimeFormat,377
Sun Jan 14 18:29:47 AEDT 2018 Sun Jan 14 18:29:47 AEDT 2018 : org.joda.time.format.DateTimeFormat,378=>Find no block
Sun Jan 14 18:29:48 AEDT 2018 org.joda.time.format.DateTimeFormatterBuilder,1094
Sun Jan 14 18:29:53 AEDT 2018 org.joda.time.format.DateTimeFormatterBuilder,1095
Sun Jan 14 18:29:54 AEDT 2018 org.joda.time.DateTime,407
Sun Jan 14 18:30:38 AEDT 2018 Sun Jan 14 18:30:38 AEDT 2018 : org.joda.time.DateTime,409=>Find no block
Sun Jan 14 18:30:38 AEDT 2018 org.joda.time.format.DateTimeFormatter,866
Sun Jan 14 19:57:35 AEDT 2018 org.joda.time.tz.DateTimeZoneBuilder,1541
Sun Jan 14 19:59:27 AEDT 2018 org.joda.time.tz.DateTimeZoneBuilder,1577
Sun Jan 14 20:10:26 AEDT 2018 org.joda.time.format.DateTimeFormat,508
Sun Jan 14 20:13:13 AEDT 2018 org.joda.time.format.DateTimeFormat,509
Sun Jan 14 20:16:18 AEDT 2018 org.joda.time.format.DateTimeFormat,457
Sun Jan 14 20:24:06 AEDT 2018 org.joda.time.format.DateTimeFormat,458
Sun Jan 14 20:24:06 AEDT 2018 org.joda.time.format.DateTimeFormat,462
Sun Jan 14 20:24:07 AEDT 2018 org.joda.time.format.DateTimeFormat,470
Sun Jan 14 20:30:18 AEDT 2018 org.joda.time.format.DateTimeFormat,471
Sun Jan 14 20:32:54 AEDT 2018 org.joda.time.format.DateTimeFormat,662
Sun Jan 14 20:37:21 AEDT 2018 org.joda.time.format.DateTimeFormat,632
Sun Jan 14 20:37:32 AEDT 2018 org.joda.time.format.DateTimeFormat,633
Sun Jan 14 20:37:34 AEDT 2018 org.joda.time.format.DateTimeFormat,634
Sun Jan 14 20:37:41 AEDT 2018 Sun Jan 14 20:37:41 AEDT 2018 : org.joda.time.format.DateTimeFormat,635=>Find no block
Sun Jan 14 20:37:42 AEDT 2018 org.joda.time.format.DateTimeFormat,453
Sun Jan 14 20:50:08 AEDT 2018 org.joda.time.format.DateTimeFormat,456
Sun Jan 14 20:50:09 AEDT 2018 Sun Jan 14 20:50:09 AEDT 2018 : org.joda.time.format.DateTimeFormat,465=>Find no block
Sun Jan 14 20:50:11 AEDT 2018 org.joda.time.format.DateTimeFormat,477
Sun Jan 14 21:18:50 AEDT 2018 org.joda.time.format.DateTimeFormat,486
Sun Jan 14 21:23:06 AEDT 2018 org.joda.time.format.DateTimeFormat,488
Sun Jan 14 21:33:08 AEDT 2018 org.joda.time.format.DateTimeFormat,499
Sun Jan 14 21:36:27 AEDT 2018 org.joda.time.format.DateTimeFormat,500
Sun Jan 14 21:40:00 AEDT 2018 org.joda.time.format.DateTimeFormat,490
Sun Jan 14 21:42:51 AEDT 2018 org.joda.time.format.DateTimeFormat,491
Sun Jan 14 21:45:56 AEDT 2018 org.joda.time.format.DateTimeFormat,424
Sun Jan 14 21:45:57 AEDT 2018 org.joda.time.format.DateTimeFormat,479
Sun Jan 14 21:45:58 AEDT 2018 org.joda.time.format.FormatUtils,373
Sun Jan 14 21:50:22 AEDT 2018 org.joda.time.tz.DateTimeZoneBuilder,1372
Sun Jan 14 21:51:44 AEDT 2018 org.joda.time.tz.DateTimeZoneBuilder,1166
Sun Jan 14 21:51:48 AEDT 2018 org.joda.time.tz.DateTimeZoneBuilder,482
Sun Jan 14 21:51:51 AEDT 2018 org.joda.time.tz.DateTimeZoneBuilder,740
Sun Jan 14 21:51:55 AEDT 2018 org.joda.time.format.FormatUtils,369
Sun Jan 14 21:57:41 AEDT 2018 org.joda.time.tz.DateTimeZoneBuilder,200
Sun Jan 14 21:59:30 AEDT 2018 org.joda.time.tz.DateTimeZoneBuilder,201
Sun Jan 14 22:00:42 AEDT 2018 org.joda.time.tz.DateTimeZoneBuilder,202
Sun Jan 14 22:02:49 AEDT 2018 org.joda.time.tz.DateTimeZoneBuilder,203
Sun Jan 14 22:04:58 AEDT 2018 org.joda.time.tz.DateTimeZoneBuilder,204
Sun Jan 14 22:06:39 AEDT 2018 org.joda.time.tz.DateTimeZoneBuilder,205
Sun Jan 14 22:07:05 AEDT 2018 org.joda.time.tz.DateTimeZoneBuilder,119
Sun Jan 14 22:07:40 AEDT 2018 org.joda.time.tz.DateTimeZoneBuilder,192
Sun Jan 14 22:08:42 AEDT 2018 org.joda.time.tz.DateTimeZoneBuilder,193
Sun Jan 14 22:09:44 AEDT 2018 org.joda.time.tz.DateTimeZoneBuilder,194
Sun Jan 14 22:11:50 AEDT 2018 org.joda.time.tz.DateTimeZoneBuilder,195
Sun Jan 14 22:13:32 AEDT 2018 org.joda.time.tz.DateTimeZoneBuilder,196
Sun Jan 14 22:14:43 AEDT 2018 org.joda.time.tz.DateTimeZoneBuilder,209
Sun Jan 14 22:15:44 AEDT 2018 org.joda.time.tz.DateTimeZoneBuilder,1341
Sun Jan 14 22:18:04 AEDT 2018 org.joda.time.tz.DateTimeZoneBuilder,1342
Sun Jan 14 22:18:05 AEDT 2018 org.joda.time.tz.DateTimeZoneBuilder,1343
Sun Jan 14 22:20:48 AEDT 2018 org.joda.time.tz.DateTimeZoneBuilder,1344
Sun Jan 14 22:20:49 AEDT 2018 org.joda.time.tz.DateTimeZoneBuilder,1347
Sun Jan 14 22:23:31 AEDT 2018 org.joda.time.tz.DateTimeZoneBuilder,1348
Sun Jan 14 22:24:08 AEDT 2018 org.joda.time.tz.DateTimeZoneBuilder,1349
Sun Jan 14 22:24:13 AEDT 2018 org.joda.time.tz.DateTimeZoneBuilder,1350
Sun Jan 14 22:24:17 AEDT 2018 org.joda.time.tz.DateTimeZoneBuilder,1351
Sun Jan 14 22:24:18 AEDT 2018 org.joda.time.tz.DateTimeZoneBuilder,1353
Sun Jan 14 22:35:37 AEDT 2018 org.joda.time.tz.DateTimeZoneBuilder,1354
Sun Jan 14 22:35:57 AEDT 2018 org.joda.time.tz.DateTimeZoneBuilder,1355
Sun Jan 14 22:35:58 AEDT 2018 org.joda.time.tz.DateTimeZoneBuilder,1356
Sun Jan 14 22:36:00 AEDT 2018 org.joda.time.tz.DateTimeZoneBuilder,1359
Sun Jan 14 22:36:01 AEDT 2018 org.joda.time.tz.DateTimeZoneBuilder,1360
Sun Jan 14 22:36:03 AEDT 2018 org.joda.time.tz.DateTimeZoneBuilder,1364
Timeout time : 18/01/14 22:39
