=================================================
Project : closure_1	start : 18/01/12 14:05
Current failed test : com.google.javascript.jscomp.CommandLineRunnerTest::testSimpleModeLeavesUnusedParams | 18/01/12 14:05
Fri Jan 12 14:05:33 AEDT 2018 Fri Jan 12 14:05:33 AEDT 2018 : com.google.javascript.rhino.Node,112=>Find no block
Fri Jan 12 14:05:34 AEDT 2018 com.google.javascript.rhino.Node,121
Fri Jan 12 14:05:49 AEDT 2018 com.google.javascript.rhino.Node,132
Fri Jan 12 14:05:59 AEDT 2018 com.google.javascript.rhino.Node,133
Fri Jan 12 14:06:18 AEDT 2018 com.google.javascript.rhino.Node,860
Fri Jan 12 14:43:12 AEDT 2018 com.google.javascript.rhino.Node,861
Fri Jan 12 14:43:13 AEDT 2018 com.google.javascript.rhino.Node,862
Fri Jan 12 14:43:14 AEDT 2018 com.google.javascript.rhino.Node,865
Fri Jan 12 14:43:15 AEDT 2018 com.google.javascript.rhino.Node,866
Fri Jan 12 14:43:16 AEDT 2018 com.google.javascript.rhino.Node,867
Fri Jan 12 14:43:17 AEDT 2018 com.google.javascript.rhino.Node,868
Fri Jan 12 14:43:17 AEDT 2018 com.google.javascript.rhino.Node,871
Fri Jan 12 14:43:18 AEDT 2018 com.google.javascript.rhino.Node,872
Fri Jan 12 14:43:19 AEDT 2018 com.google.javascript.rhino.Node,917
Fri Jan 12 14:43:27 AEDT 2018 com.google.javascript.rhino.Node,939
Fri Jan 12 16:12:13 AEDT 2018 com.google.javascript.rhino.Node,943
Fri Jan 12 16:12:14 AEDT 2018 com.google.javascript.rhino.Node,946
Fri Jan 12 16:12:15 AEDT 2018 com.google.javascript.rhino.Node,953
Fri Jan 12 16:24:10 AEDT 2018 com.google.javascript.rhino.Node,954
Fri Jan 12 16:24:15 AEDT 2018 com.google.javascript.rhino.Node,955
Fri Jan 12 16:24:20 AEDT 2018 com.google.javascript.rhino.Node,956
Fri Jan 12 16:24:24 AEDT 2018 com.google.javascript.rhino.Node,961
Fri Jan 12 16:26:04 AEDT 2018 com.google.javascript.rhino.Node,962
Fri Jan 12 16:57:09 AEDT 2018 com.google.javascript.rhino.Node,963
Fri Jan 12 17:28:59 AEDT 2018 com.google.javascript.rhino.Node,964
Fri Jan 12 17:29:04 AEDT 2018 com.google.javascript.rhino.Node,965
Fri Jan 12 17:49:25 AEDT 2018 com.google.javascript.rhino.Node,966
Fri Jan 12 18:05:32 AEDT 2018 com.google.javascript.rhino.Node,967
Fri Jan 12 18:28:05 AEDT 2018 Fri Jan 12 18:28:05 AEDT 2018 : com.google.javascript.rhino.Node,969=>Find no block
Fri Jan 12 18:28:09 AEDT 2018 com.google.javascript.rhino.Node,971
Fri Jan 12 18:28:13 AEDT 2018 com.google.javascript.rhino.Node,974
Fri Jan 12 18:41:05 AEDT 2018 com.google.javascript.rhino.Node,975
Fri Jan 12 18:41:06 AEDT 2018 com.google.javascript.rhino.Node,980
Fri Jan 12 18:52:26 AEDT 2018 com.google.javascript.rhino.Node,992
Fri Jan 12 18:52:51 AEDT 2018 com.google.javascript.rhino.Node,997
Fri Jan 12 18:53:04 AEDT 2018 com.google.javascript.rhino.Node,998
Fri Jan 12 18:53:08 AEDT 2018 com.google.javascript.rhino.Node,999
Fri Jan 12 18:53:13 AEDT 2018 com.google.javascript.rhino.Node,1006
Fri Jan 12 18:53:26 AEDT 2018 Fri Jan 12 18:53:26 AEDT 2018 : com.google.javascript.rhino.Node,1007=>Find no block
Fri Jan 12 18:53:30 AEDT 2018 com.google.javascript.rhino.Node,1011
Timeout time : 18/01/12 19:05
