=================================================
Project : closure_109	start : 18/01/13 00:06
Current failed test : com.google.javascript.jscomp.parsing.JsDocInfoParserTest::testStructuralConstructor2 | 18/01/13 00:07
Sat Jan 13 00:07:34 AEDT 2018 com.google.javascript.jscomp.parsing.JsDocInfoParser,1949
Sat Jan 13 00:11:17 AEDT 2018 com.google.javascript.jscomp.parsing.JsDocInfoParser,2404
Sat Jan 13 00:11:40 AEDT 2018 com.google.javascript.jscomp.parsing.JsDocInfoParser,2399
Sat Jan 13 00:12:40 AEDT 2018 com.google.javascript.jscomp.parsing.JsDocInfoParser,1908
Sat Jan 13 00:13:05 AEDT 2018 com.google.javascript.jscomp.parsing.JsDocInfoParser,2009
Sat Jan 13 00:30:06 AEDT 2018 com.google.javascript.jscomp.parsing.JsDocInfoParser,2010
Sat Jan 13 00:30:08 AEDT 2018 com.google.javascript.jscomp.parsing.JsDocInfoParser,2011
Sat Jan 13 00:30:09 AEDT 2018 com.google.javascript.jscomp.parsing.JsDocInfoParser,2012
Sat Jan 13 00:30:10 AEDT 2018 com.google.javascript.jscomp.parsing.JsDocInfoParser,83
Sat Jan 13 00:32:38 AEDT 2018 com.google.javascript.jscomp.parsing.JsDocInfoParser,2005
Sat Jan 13 00:48:39 AEDT 2018 com.google.javascript.jscomp.parsing.JsDocInfoParser,2006
Sat Jan 13 00:48:41 AEDT 2018 com.google.javascript.jscomp.parsing.JsDocInfoParser,2007
Sat Jan 13 00:48:42 AEDT 2018 com.google.javascript.jscomp.parsing.JsDocInfoParser,2008
Sat Jan 13 01:21:01 AEDT 2018 Sat Jan 13 01:21:01 AEDT 2018 : com.google.javascript.jscomp.parsing.JsDocInfoParser,48=>Find no block
Sat Jan 13 01:21:02 AEDT 2018 com.google.javascript.jscomp.parsing.JsDocInfoParser,2001
Sat Jan 13 01:57:12 AEDT 2018 com.google.javascript.jscomp.parsing.JsDocInfoParser,2003
Sat Jan 13 01:57:13 AEDT 2018 com.google.javascript.jscomp.parsing.JsDocInfoParser,2004
Sat Jan 13 01:57:14 AEDT 2018 com.google.javascript.jscomp.parsing.JsDocInfoParser,1997
Sat Jan 13 02:05:55 AEDT 2018 com.google.javascript.jscomp.parsing.JsDocInfoParser,1998
Sat Jan 13 02:08:18 AEDT 2018 com.google.javascript.jscomp.parsing.JsDocInfoParser,1999
Sat Jan 13 02:08:20 AEDT 2018 com.google.javascript.jscomp.parsing.JsDocInfoParser,2000
Sat Jan 13 03:52:41 AEDT 2018 com.google.javascript.jscomp.parsing.JsDocInfoParser,1930
Sat Jan 13 04:13:25 AEDT 2018 com.google.javascript.jscomp.parsing.JsDocInfoParser,1931
Sat Jan 13 04:13:27 AEDT 2018 com.google.javascript.jscomp.parsing.JsDocInfoParser,1992
Sat Jan 13 04:18:27 AEDT 2018 com.google.javascript.jscomp.parsing.JsDocTokenStream,104
Sat Jan 13 04:18:38 AEDT 2018 com.google.javascript.jscomp.parsing.JsDocTokenStream,41
Sat Jan 13 04:18:50 AEDT 2018 Sat Jan 13 04:18:50 AEDT 2018 : com.google.javascript.jscomp.parsing.JsDocTokenStream,42=>Find no block
Sat Jan 13 04:18:52 AEDT 2018 Sat Jan 13 04:18:52 AEDT 2018 : com.google.javascript.rhino.jstype.SimpleSourceFile,50=>Find no block
Sat Jan 13 04:18:53 AEDT 2018 com.google.javascript.rhino.jstype.SimpleSourceFile,51
Sat Jan 13 04:22:27 AEDT 2018 com.google.javascript.rhino.jstype.SimpleSourceFile,52
Sat Jan 13 04:22:29 AEDT 2018 Sat Jan 13 04:22:29 AEDT 2018 : com.google.javascript.rhino.jstype.SimpleSourceFile,53=>Find no block
Sat Jan 13 04:22:31 AEDT 2018 com.google.javascript.rhino.jstype.SimpleSourceFile,57
Sat Jan 13 04:23:19 AEDT 2018 com.google.javascript.jscomp.parsing.ParserRunner,54
Sat Jan 13 04:23:27 AEDT 2018 com.google.javascript.rhino.jstype.JSTypeRegistry,187
Sat Jan 13 04:23:33 AEDT 2018 Sat Jan 13 04:23:33 AEDT 2018 : com.google.javascript.rhino.jstype.JSTypeRegistry,188=>Find no block
Sat Jan 13 04:23:34 AEDT 2018 com.google.javascript.jscomp.parsing.JsDocTokenStream,122
Sat Jan 13 04:23:47 AEDT 2018 com.google.javascript.jscomp.parsing.JsDocTokenStream,128
Sat Jan 13 04:24:00 AEDT 2018 com.google.javascript.jscomp.parsing.JsDocInfoParser,2372
Sat Jan 13 04:24:43 AEDT 2018 com.google.javascript.rhino.jstype.ObjectType,490
Sat Jan 13 04:24:48 AEDT 2018 com.google.javascript.rhino.jstype.PropertyMap,152
Sat Jan 13 04:31:02 AEDT 2018 com.google.javascript.rhino.jstype.PropertyMap,153
Sat Jan 13 04:31:04 AEDT 2018 com.google.javascript.rhino.jstype.PropertyMap,156
Sat Jan 13 04:31:05 AEDT 2018 com.google.javascript.rhino.jstype.PropertyMap,157
Sat Jan 13 04:31:06 AEDT 2018 com.google.javascript.rhino.jstype.PropertyMap,158
Sat Jan 13 04:31:07 AEDT 2018 com.google.javascript.rhino.jstype.PropertyMap,174
Sat Jan 13 04:36:01 AEDT 2018 com.google.javascript.rhino.jstype.PropertyMap,175
Sat Jan 13 04:36:03 AEDT 2018 Sat Jan 13 04:36:03 AEDT 2018 : com.google.javascript.rhino.jstype.PropertyMap,176=>Find no block
Sat Jan 13 04:36:04 AEDT 2018 com.google.javascript.rhino.jstype.PropertyMap,177
Sat Jan 13 04:45:01 AEDT 2018 com.google.javascript.rhino.jstype.PropertyMap,178
Sat Jan 13 04:45:02 AEDT 2018 com.google.javascript.rhino.jstype.PropertyMap,179
Sat Jan 13 04:45:04 AEDT 2018 com.google.javascript.rhino.jstype.PropertyMap,181
Sat Jan 13 04:45:05 AEDT 2018 Sat Jan 13 04:45:05 AEDT 2018 : com.google.javascript.rhino.jstype.PropertyMap,186=>Find no block
Sat Jan 13 04:45:06 AEDT 2018 com.google.javascript.jscomp.parsing.JsDocInfoParser,2570
Sat Jan 13 04:46:54 AEDT 2018 com.google.javascript.jscomp.parsing.JsDocInfoParser,2571
Sat Jan 13 04:46:55 AEDT 2018 com.google.javascript.jscomp.parsing.JsDocInfoParser,1716
Sat Jan 13 05:04:23 AEDT 2018 com.google.javascript.jscomp.parsing.JsDocInfoParser,1717
Sat Jan 13 05:04:24 AEDT 2018 com.google.javascript.jscomp.parsing.JsDocInfoParser,949
Timeout time : 18/01/13 05:07
