=================================================
Project : closure_112	start : 18/01/13 00:06
Current failed test : com.google.javascript.jscomp.TypeCheckTest::testIssue1058 | 18/01/13 00:07
Sat Jan 13 00:17:57 AEDT 2018 com.google.javascript.rhino.jstype.JSType,621
Sat Jan 13 01:07:56 AEDT 2018 com.google.javascript.rhino.jstype.TemplateTypeMapReplacer,74

----------------------------------------
----------------------------------------
Pass Single Test : [=>0,0]
if(type.isOrdinaryFunction()){
return type;
}else {
JSType replacement=replacements.getTemplateType(type);
visitedTypes.push(type);
JSType visitedReplacement=replacement.visit(this);
visitedTypes.pop();
return visitedReplacement;
}

Time : 18/01/13 01:09
----------------------------------------

----------------------------------------
----------------------------------------
Pass Single Test : [=>0,0]
if(replacements.isEmpty()){
return type;
}else {
JSType replacement=replacements.getTemplateType(type);
visitedTypes.push(type);
JSType visitedReplacement=replacement.visit(this);
visitedTypes.pop();
return visitedReplacement;
}

Time : 18/01/13 01:15
----------------------------------------

----------------------------------------
----------------------------------------
Pass Single Test : [=>0,0]
if(hasVisitedType(type)&&!replacements.hasTemplateType(type)){
return type;
}else {
JSType replacement=replacements.getTemplateType(type);
visitedTypes.push(type);
JSType visitedReplacement=replacement.visit(this);
visitedTypes.pop();
return visitedReplacement;
}

Time : 18/01/13 01:20
----------------------------------------
Sat Jan 13 01:26:02 AEDT 2018 com.google.javascript.jscomp.TypeInference,1041
Sat Jan 13 02:35:28 AEDT 2018 com.google.javascript.jscomp.TypeInference,1042
Sat Jan 13 02:35:29 AEDT 2018 com.google.javascript.jscomp.TypeInference,1151

----------------------------------------
----------------------------------------
Pass Single Test : [=>0,0]
if(previous==null){
previous=resolved;
}else {
JSType join=previous.getLeastSupertype(resolved);
map.put(template,join);
}

Time : 18/01/13 02:42
----------------------------------------
Sat Jan 13 02:49:37 AEDT 2018 com.google.javascript.jscomp.TypeInference,1152
Sat Jan 13 02:49:38 AEDT 2018 com.google.javascript.jscomp.TypeInference,1356
Sat Jan 13 04:02:04 AEDT 2018 com.google.javascript.jscomp.TypeInference,1357
Sat Jan 13 04:02:05 AEDT 2018 com.google.javascript.jscomp.TypeInference,1359
Sat Jan 13 04:02:06 AEDT 2018 com.google.javascript.rhino.jstype.ModificationVisitor,95

----------------------------------------
----------------------------------------
Pass Single Test : [=>0,0]
if(type.isOrdinaryFunction()){
return type;
}

Time : 18/01/13 04:04
----------------------------------------

----------------------------------------
----------------------------------------
Pass Single Test : [=>0,0]
if(type.isOrdinaryFunction()){
if(type!=null){
return type;
}
return type;
}

Time : 18/01/13 04:09
----------------------------------------

----------------------------------------
----------------------------------------
Pass Single Test : [=>0,0]
if(type!=null){
return type;
}

Time : 18/01/13 04:14
----------------------------------------
Sat Jan 13 04:19:00 AEDT 2018 com.google.javascript.jscomp.TypeValidator,688
Sat Jan 13 04:26:18 AEDT 2018 com.google.javascript.rhino.jstype.TemplateTypeMapReplacer,70
Sat Jan 13 04:26:19 AEDT 2018 com.google.javascript.rhino.jstype.TemplateTypeMapReplacer,94
Sat Jan 13 04:27:46 AEDT 2018 com.google.javascript.rhino.jstype.TemplateTypeMapReplacer,99
Sat Jan 13 04:27:51 AEDT 2018 com.google.javascript.jscomp.TypeInference,1065
Timeout time : 18/01/13 05:18
