=================================================
Project : closure_115	start : 18/01/13 00:04
Current failed test : com.google.javascript.jscomp.InlineFunctionsTest::testInlineFunctions23 | 18/01/13 00:05
Sat Jan 13 00:05:12 AEDT 2018 com.google.javascript.rhino.Node,1430
Sat Jan 13 00:05:18 AEDT 2018 com.google.javascript.rhino.Node,1446
Sat Jan 13 00:06:19 AEDT 2018 com.google.javascript.rhino.Node,1459
Sat Jan 13 00:06:34 AEDT 2018 Sat Jan 13 00:06:34 AEDT 2018 : com.google.javascript.rhino.Node,2194=>Find no block
Sat Jan 13 00:06:36 AEDT 2018 com.google.javascript.rhino.Node,2195
Sat Jan 13 00:06:39 AEDT 2018 com.google.javascript.rhino.Node,2196
Sat Jan 13 00:06:40 AEDT 2018 Sat Jan 13 00:06:40 AEDT 2018 : com.google.javascript.rhino.Node,2197=>Find no block
Sat Jan 13 00:06:41 AEDT 2018 com.google.javascript.jscomp.FunctionInjector,731
Sat Jan 13 00:07:10 AEDT 2018 com.google.javascript.jscomp.FunctionToBlockMutator,201
Sat Jan 13 00:07:28 AEDT 2018 Sat Jan 13 00:07:28 AEDT 2018 : com.google.javascript.jscomp.FunctionToBlockMutator,192=>Find no block
Sat Jan 13 00:07:29 AEDT 2018 com.google.javascript.jscomp.InlineFunctions,503
Sat Jan 13 00:19:17 AEDT 2018 com.google.javascript.jscomp.InlineFunctions,504
Sat Jan 13 00:19:18 AEDT 2018 com.google.javascript.jscomp.InlineFunctions,541
Sat Jan 13 00:22:29 AEDT 2018 com.google.javascript.jscomp.RenameLabels,188
Sat Jan 13 00:38:45 AEDT 2018 com.google.javascript.jscomp.RenameLabels,198
Timeout time : 18/01/13 00:47
Current failed test : com.google.javascript.jscomp.InlineFunctionsTest::testInlineFunctions22 | 18/01/13 00:47
Sat Jan 13 00:47:33 AEDT 2018 com.google.javascript.rhino.Node,1430
Sat Jan 13 00:47:41 AEDT 2018 com.google.javascript.rhino.Node,1446
Sat Jan 13 00:48:43 AEDT 2018 com.google.javascript.rhino.Node,1459
Sat Jan 13 00:49:00 AEDT 2018 Sat Jan 13 00:49:00 AEDT 2018 : com.google.javascript.rhino.Node,2194=>Find no block
Sat Jan 13 00:49:01 AEDT 2018 com.google.javascript.rhino.Node,2195
Sat Jan 13 00:49:05 AEDT 2018 com.google.javascript.rhino.Node,2196
Sat Jan 13 00:49:06 AEDT 2018 Sat Jan 13 00:49:06 AEDT 2018 : com.google.javascript.rhino.Node,2197=>Find no block
Sat Jan 13 00:49:07 AEDT 2018 com.google.javascript.jscomp.FunctionInjector,731
Sat Jan 13 00:49:37 AEDT 2018 com.google.javascript.jscomp.FunctionToBlockMutator,201
Sat Jan 13 00:49:55 AEDT 2018 Sat Jan 13 00:49:55 AEDT 2018 : com.google.javascript.jscomp.FunctionToBlockMutator,192=>Find no block
Sat Jan 13 00:49:56 AEDT 2018 com.google.javascript.jscomp.InlineFunctions,503
Sat Jan 13 01:00:53 AEDT 2018 com.google.javascript.jscomp.InlineFunctions,504
Sat Jan 13 01:00:54 AEDT 2018 com.google.javascript.jscomp.InlineFunctions,541
Sat Jan 13 01:04:10 AEDT 2018 com.google.javascript.jscomp.RenameLabels,188
Sat Jan 13 01:20:42 AEDT 2018 com.google.javascript.jscomp.RenameLabels,198
Timeout time : 18/01/13 01:29
Current failed test : com.google.javascript.jscomp.InlineFunctionsTest::testInlineFunctions6 | 18/01/13 01:29
Sat Jan 13 01:29:57 AEDT 2018 com.google.javascript.rhino.Node,1430
Sat Jan 13 01:30:04 AEDT 2018 com.google.javascript.rhino.Node,1446
Sat Jan 13 01:31:06 AEDT 2018 com.google.javascript.rhino.Node,1459
Sat Jan 13 01:31:22 AEDT 2018 Sat Jan 13 01:31:22 AEDT 2018 : com.google.javascript.rhino.Node,2194=>Find no block
Sat Jan 13 01:31:23 AEDT 2018 com.google.javascript.rhino.Node,2195
Sat Jan 13 01:31:27 AEDT 2018 com.google.javascript.rhino.Node,2196
Sat Jan 13 01:31:28 AEDT 2018 Sat Jan 13 01:31:28 AEDT 2018 : com.google.javascript.rhino.Node,2197=>Find no block
Sat Jan 13 01:31:30 AEDT 2018 com.google.javascript.jscomp.FunctionInjector,731
Sat Jan 13 01:32:01 AEDT 2018 com.google.javascript.jscomp.FunctionToBlockMutator,201
Sat Jan 13 01:32:19 AEDT 2018 Sat Jan 13 01:32:19 AEDT 2018 : com.google.javascript.jscomp.FunctionToBlockMutator,192=>Find no block
Sat Jan 13 01:32:20 AEDT 2018 com.google.javascript.jscomp.InlineFunctions,503
Sat Jan 13 01:43:15 AEDT 2018 com.google.javascript.jscomp.InlineFunctions,504
Sat Jan 13 01:43:16 AEDT 2018 com.google.javascript.jscomp.InlineFunctions,541
Sat Jan 13 01:46:28 AEDT 2018 com.google.javascript.jscomp.RenameLabels,188
Sat Jan 13 02:02:43 AEDT 2018 com.google.javascript.jscomp.RenameLabels,198
Timeout time : 18/01/13 02:11
Current failed test : com.google.javascript.jscomp.InlineFunctionsTest::testNoInlineIfParametersModified9 | 18/01/13 02:11
Sat Jan 13 02:12:05 AEDT 2018 com.google.javascript.rhino.Node,1430
Sat Jan 13 02:12:12 AEDT 2018 com.google.javascript.rhino.Node,1446
Sat Jan 13 02:13:14 AEDT 2018 com.google.javascript.rhino.Node,1459
Sat Jan 13 02:13:28 AEDT 2018 Sat Jan 13 02:13:28 AEDT 2018 : com.google.javascript.rhino.Node,2194=>Find no block
Sat Jan 13 02:13:30 AEDT 2018 com.google.javascript.rhino.Node,2195
Sat Jan 13 02:13:34 AEDT 2018 com.google.javascript.rhino.Node,2196
Sat Jan 13 02:13:35 AEDT 2018 Sat Jan 13 02:13:35 AEDT 2018 : com.google.javascript.rhino.Node,2197=>Find no block
Sat Jan 13 02:13:36 AEDT 2018 com.google.javascript.jscomp.FunctionInjector,731
Sat Jan 13 02:14:07 AEDT 2018 com.google.javascript.jscomp.FunctionToBlockMutator,201
Sat Jan 13 02:14:26 AEDT 2018 Sat Jan 13 02:14:26 AEDT 2018 : com.google.javascript.jscomp.FunctionToBlockMutator,192=>Find no block
Sat Jan 13 02:14:26 AEDT 2018 com.google.javascript.jscomp.InlineFunctions,503
Sat Jan 13 02:25:20 AEDT 2018 com.google.javascript.jscomp.InlineFunctions,504
Sat Jan 13 02:25:21 AEDT 2018 com.google.javascript.jscomp.InlineFunctions,541
Sat Jan 13 02:28:34 AEDT 2018 com.google.javascript.jscomp.RenameLabels,188
Sat Jan 13 02:44:49 AEDT 2018 com.google.javascript.jscomp.RenameLabels,198
Timeout time : 18/01/13 02:54
Current failed test : com.google.javascript.jscomp.InlineFunctionsTest::testBug4944818 | 18/01/13 02:54
Sat Jan 13 02:54:13 AEDT 2018 com.google.javascript.rhino.Node,1430
Sat Jan 13 02:54:20 AEDT 2018 com.google.javascript.rhino.Node,1446
Sat Jan 13 02:55:21 AEDT 2018 com.google.javascript.rhino.Node,1459
Sat Jan 13 02:55:37 AEDT 2018 Sat Jan 13 02:55:37 AEDT 2018 : com.google.javascript.rhino.Node,2194=>Find no block
Sat Jan 13 02:55:38 AEDT 2018 com.google.javascript.rhino.Node,2195
Sat Jan 13 02:55:42 AEDT 2018 com.google.javascript.rhino.Node,2196
Sat Jan 13 02:55:43 AEDT 2018 Sat Jan 13 02:55:43 AEDT 2018 : com.google.javascript.rhino.Node,2197=>Find no block
Sat Jan 13 02:55:45 AEDT 2018 com.google.javascript.jscomp.FunctionInjector,731
Sat Jan 13 02:56:16 AEDT 2018 com.google.javascript.jscomp.FunctionToBlockMutator,201
Sat Jan 13 02:56:34 AEDT 2018 Sat Jan 13 02:56:34 AEDT 2018 : com.google.javascript.jscomp.FunctionToBlockMutator,192=>Find no block
Sat Jan 13 02:56:36 AEDT 2018 com.google.javascript.jscomp.InlineFunctions,503
Sat Jan 13 03:07:31 AEDT 2018 com.google.javascript.jscomp.InlineFunctions,504
Sat Jan 13 03:07:33 AEDT 2018 com.google.javascript.jscomp.InlineFunctions,541
Sat Jan 13 03:10:50 AEDT 2018 com.google.javascript.jscomp.RenameLabels,188
Sat Jan 13 03:27:10 AEDT 2018 com.google.javascript.jscomp.RenameLabels,198
Timeout time : 18/01/13 03:36
Current failed test : com.google.javascript.jscomp.InlineFunctionsTest::testNoInlineIfParametersModified8 | 18/01/13 03:36
Sat Jan 13 03:36:21 AEDT 2018 com.google.javascript.rhino.Node,1430
Sat Jan 13 03:36:28 AEDT 2018 com.google.javascript.rhino.Node,1446
Sat Jan 13 03:37:30 AEDT 2018 com.google.javascript.rhino.Node,1459
Sat Jan 13 03:37:46 AEDT 2018 Sat Jan 13 03:37:46 AEDT 2018 : com.google.javascript.rhino.Node,2194=>Find no block
Sat Jan 13 03:37:47 AEDT 2018 com.google.javascript.rhino.Node,2195
Sat Jan 13 03:37:52 AEDT 2018 com.google.javascript.rhino.Node,2196
Sat Jan 13 03:37:53 AEDT 2018 Sat Jan 13 03:37:53 AEDT 2018 : com.google.javascript.rhino.Node,2197=>Find no block
Sat Jan 13 03:37:54 AEDT 2018 com.google.javascript.jscomp.FunctionInjector,731
Sat Jan 13 03:38:25 AEDT 2018 com.google.javascript.jscomp.FunctionToBlockMutator,201
Sat Jan 13 03:38:46 AEDT 2018 Sat Jan 13 03:38:46 AEDT 2018 : com.google.javascript.jscomp.FunctionToBlockMutator,192=>Find no block
Sat Jan 13 03:38:47 AEDT 2018 com.google.javascript.jscomp.InlineFunctions,503
Sat Jan 13 03:49:41 AEDT 2018 com.google.javascript.jscomp.InlineFunctions,504
Sat Jan 13 03:49:42 AEDT 2018 com.google.javascript.jscomp.InlineFunctions,541
Sat Jan 13 03:52:53 AEDT 2018 com.google.javascript.jscomp.RenameLabels,188
Sat Jan 13 04:09:15 AEDT 2018 com.google.javascript.jscomp.RenameLabels,198
Timeout time : 18/01/13 04:18
Current failed test : com.google.javascript.jscomp.InlineFunctionsTest::testDoubleInlining1 | 18/01/13 04:18
Sat Jan 13 04:18:27 AEDT 2018 com.google.javascript.rhino.Node,1430
Sat Jan 13 04:18:34 AEDT 2018 com.google.javascript.rhino.Node,1446
Sat Jan 13 04:19:40 AEDT 2018 com.google.javascript.rhino.Node,1459
Sat Jan 13 04:19:56 AEDT 2018 Sat Jan 13 04:19:56 AEDT 2018 : com.google.javascript.rhino.Node,2194=>Find no block
Sat Jan 13 04:19:58 AEDT 2018 com.google.javascript.rhino.Node,2195
Sat Jan 13 04:20:02 AEDT 2018 com.google.javascript.rhino.Node,2196
Sat Jan 13 04:20:03 AEDT 2018 Sat Jan 13 04:20:03 AEDT 2018 : com.google.javascript.rhino.Node,2197=>Find no block
Sat Jan 13 04:20:05 AEDT 2018 com.google.javascript.jscomp.FunctionInjector,731
Sat Jan 13 04:20:39 AEDT 2018 com.google.javascript.jscomp.FunctionToBlockMutator,201
Sat Jan 13 04:20:58 AEDT 2018 Sat Jan 13 04:20:58 AEDT 2018 : com.google.javascript.jscomp.FunctionToBlockMutator,192=>Find no block
Sat Jan 13 04:20:59 AEDT 2018 com.google.javascript.jscomp.InlineFunctions,503
Sat Jan 13 04:31:50 AEDT 2018 com.google.javascript.jscomp.InlineFunctions,504
Sat Jan 13 04:31:51 AEDT 2018 com.google.javascript.jscomp.InlineFunctions,541
Sat Jan 13 04:35:02 AEDT 2018 com.google.javascript.jscomp.RenameLabels,188
Sat Jan 13 04:51:16 AEDT 2018 com.google.javascript.jscomp.RenameLabels,198
Timeout time : 18/01/13 05:00
