=================================================
Project : closure_116	start : 18/01/12 19:05
Current failed test : com.google.javascript.jscomp.FunctionInjectorTest::testIssue1101a | 18/01/12 19:06
Fri Jan 12 19:06:51 AEDT 2018 com.google.javascript.rhino.Node,1430
Fri Jan 12 19:07:00 AEDT 2018 com.google.javascript.rhino.Node,1446
Fri Jan 12 19:08:06 AEDT 2018 com.google.javascript.rhino.Node,1459
Fri Jan 12 19:08:33 AEDT 2018 Fri Jan 12 19:08:33 AEDT 2018 : com.google.javascript.rhino.Node,2194=>Find no block
Fri Jan 12 19:08:34 AEDT 2018 com.google.javascript.rhino.Node,2195
Fri Jan 12 19:08:39 AEDT 2018 com.google.javascript.rhino.Node,2196
Fri Jan 12 19:08:40 AEDT 2018 Fri Jan 12 19:08:40 AEDT 2018 : com.google.javascript.rhino.Node,2197=>Find no block
Fri Jan 12 19:08:42 AEDT 2018 com.google.javascript.jscomp.FunctionInjector,744
Fri Jan 12 19:32:52 AEDT 2018 com.google.javascript.jscomp.FunctionInjector,735
Timeout time : 18/01/12 19:43
Current failed test : com.google.javascript.jscomp.FunctionInjectorTest::testIssue1101b | 18/01/12 19:43
Fri Jan 12 19:43:59 AEDT 2018 com.google.javascript.rhino.Node,1430
Fri Jan 12 19:44:07 AEDT 2018 com.google.javascript.rhino.Node,1446
Fri Jan 12 19:45:18 AEDT 2018 com.google.javascript.rhino.Node,1459
Fri Jan 12 19:45:37 AEDT 2018 Fri Jan 12 19:45:37 AEDT 2018 : com.google.javascript.rhino.Node,2194=>Find no block
Fri Jan 12 19:45:38 AEDT 2018 com.google.javascript.rhino.Node,2195
Fri Jan 12 19:45:42 AEDT 2018 com.google.javascript.rhino.Node,2196
Fri Jan 12 19:45:43 AEDT 2018 Fri Jan 12 19:45:43 AEDT 2018 : com.google.javascript.rhino.Node,2197=>Find no block
Fri Jan 12 19:45:45 AEDT 2018 com.google.javascript.jscomp.FunctionInjector,744
Fri Jan 12 20:09:47 AEDT 2018 com.google.javascript.jscomp.FunctionInjector,735
Timeout time : 18/01/12 20:21
Current failed test : com.google.javascript.jscomp.InlineFunctionsTest::testIssue1101 | 18/01/12 20:21
Fri Jan 12 20:21:12 AEDT 2018 com.google.javascript.rhino.Node,1430
Fri Jan 12 20:21:19 AEDT 2018 com.google.javascript.rhino.Node,1446
Fri Jan 12 20:22:21 AEDT 2018 com.google.javascript.rhino.Node,1459
Fri Jan 12 20:22:37 AEDT 2018 Fri Jan 12 20:22:37 AEDT 2018 : com.google.javascript.rhino.Node,2194=>Find no block
Fri Jan 12 20:22:38 AEDT 2018 com.google.javascript.rhino.Node,2195
Fri Jan 12 20:22:43 AEDT 2018 com.google.javascript.rhino.Node,2196
Fri Jan 12 20:22:44 AEDT 2018 Fri Jan 12 20:22:44 AEDT 2018 : com.google.javascript.rhino.Node,2197=>Find no block
Fri Jan 12 20:22:45 AEDT 2018 com.google.javascript.jscomp.FunctionInjector,744
Fri Jan 12 20:45:06 AEDT 2018 com.google.javascript.jscomp.FunctionInjector,735
Timeout time : 18/01/12 20:58
Current failed test : com.google.javascript.jscomp.InlineFunctionsTest::testInlineFunctions6 | 18/01/12 20:58
Fri Jan 12 20:58:25 AEDT 2018 com.google.javascript.rhino.Node,1430
Fri Jan 12 20:58:35 AEDT 2018 com.google.javascript.rhino.Node,1446
Fri Jan 12 20:59:37 AEDT 2018 com.google.javascript.rhino.Node,1459
Fri Jan 12 20:59:52 AEDT 2018 Fri Jan 12 20:59:52 AEDT 2018 : com.google.javascript.rhino.Node,2194=>Find no block
Fri Jan 12 20:59:53 AEDT 2018 com.google.javascript.rhino.Node,2195
Fri Jan 12 20:59:58 AEDT 2018 com.google.javascript.rhino.Node,2196
Fri Jan 12 20:59:59 AEDT 2018 Fri Jan 12 20:59:59 AEDT 2018 : com.google.javascript.rhino.Node,2197=>Find no block
Fri Jan 12 21:00:00 AEDT 2018 com.google.javascript.jscomp.FunctionInjector,744
Fri Jan 12 21:21:54 AEDT 2018 com.google.javascript.jscomp.FunctionInjector,735
Timeout time : 18/01/12 21:35
Current failed test : com.google.javascript.jscomp.InlineFunctionsTest::testBug4944818 | 18/01/12 21:35
Fri Jan 12 21:35:31 AEDT 2018 com.google.javascript.rhino.Node,1430
Fri Jan 12 21:35:38 AEDT 2018 com.google.javascript.rhino.Node,1446
Fri Jan 12 21:36:39 AEDT 2018 com.google.javascript.rhino.Node,1459
Fri Jan 12 21:36:54 AEDT 2018 Fri Jan 12 21:36:54 AEDT 2018 : com.google.javascript.rhino.Node,2194=>Find no block
Fri Jan 12 21:36:55 AEDT 2018 com.google.javascript.rhino.Node,2195
Fri Jan 12 21:37:00 AEDT 2018 com.google.javascript.rhino.Node,2196
Fri Jan 12 21:37:01 AEDT 2018 Fri Jan 12 21:37:01 AEDT 2018 : com.google.javascript.rhino.Node,2197=>Find no block
Fri Jan 12 21:37:02 AEDT 2018 com.google.javascript.jscomp.FunctionInjector,744
Fri Jan 12 21:58:54 AEDT 2018 com.google.javascript.jscomp.FunctionInjector,735
Timeout time : 18/01/12 22:12
Current failed test : com.google.javascript.jscomp.InlineFunctionsTest::testInlineIfParametersModified9 | 18/01/12 22:12
Fri Jan 12 22:12:45 AEDT 2018 com.google.javascript.rhino.Node,1430
Fri Jan 12 22:12:52 AEDT 2018 com.google.javascript.rhino.Node,1446
Fri Jan 12 22:13:54 AEDT 2018 com.google.javascript.rhino.Node,1459
Fri Jan 12 22:14:09 AEDT 2018 Fri Jan 12 22:14:09 AEDT 2018 : com.google.javascript.rhino.Node,2194=>Find no block
Fri Jan 12 22:14:10 AEDT 2018 com.google.javascript.rhino.Node,2195
Fri Jan 12 22:14:15 AEDT 2018 com.google.javascript.rhino.Node,2196
Fri Jan 12 22:14:16 AEDT 2018 Fri Jan 12 22:14:16 AEDT 2018 : com.google.javascript.rhino.Node,2197=>Find no block
Fri Jan 12 22:14:17 AEDT 2018 com.google.javascript.jscomp.FunctionInjector,744
Fri Jan 12 22:36:02 AEDT 2018 com.google.javascript.jscomp.FunctionInjector,735
Timeout time : 18/01/12 22:49
Current failed test : com.google.javascript.jscomp.InlineFunctionsTest::testInlineIfParametersModified8 | 18/01/12 22:49
Fri Jan 12 22:49:52 AEDT 2018 com.google.javascript.rhino.Node,1430
Fri Jan 12 22:50:00 AEDT 2018 com.google.javascript.rhino.Node,1446
Fri Jan 12 22:51:01 AEDT 2018 com.google.javascript.rhino.Node,1459
Fri Jan 12 22:51:17 AEDT 2018 Fri Jan 12 22:51:17 AEDT 2018 : com.google.javascript.rhino.Node,2194=>Find no block
Fri Jan 12 22:51:18 AEDT 2018 com.google.javascript.rhino.Node,2195
Fri Jan 12 22:51:23 AEDT 2018 com.google.javascript.rhino.Node,2196
Fri Jan 12 22:51:25 AEDT 2018 Fri Jan 12 22:51:25 AEDT 2018 : com.google.javascript.rhino.Node,2197=>Find no block
Fri Jan 12 22:51:26 AEDT 2018 com.google.javascript.jscomp.FunctionInjector,744
Fri Jan 12 23:13:27 AEDT 2018 com.google.javascript.jscomp.FunctionInjector,735
Timeout time : 18/01/12 23:26
Current failed test : com.google.javascript.jscomp.InlineFunctionsTest::testDoubleInlining2 | 18/01/12 23:26
Fri Jan 12 23:27:07 AEDT 2018 com.google.javascript.rhino.Node,1430
Fri Jan 12 23:27:13 AEDT 2018 com.google.javascript.rhino.Node,1446
Fri Jan 12 23:28:17 AEDT 2018 com.google.javascript.rhino.Node,1459
Fri Jan 12 23:28:32 AEDT 2018 Fri Jan 12 23:28:32 AEDT 2018 : com.google.javascript.rhino.Node,2194=>Find no block
Fri Jan 12 23:28:33 AEDT 2018 com.google.javascript.rhino.Node,2195
Fri Jan 12 23:28:39 AEDT 2018 com.google.javascript.rhino.Node,2196
Fri Jan 12 23:28:40 AEDT 2018 Fri Jan 12 23:28:40 AEDT 2018 : com.google.javascript.rhino.Node,2197=>Find no block
Fri Jan 12 23:28:41 AEDT 2018 com.google.javascript.jscomp.FunctionInjector,744
Fri Jan 12 23:50:39 AEDT 2018 com.google.javascript.jscomp.FunctionInjector,735
Timeout time : 18/01/13 00:04
