=================================================
Project : closure_118	start : 18/01/12 19:05
Current failed test : com.google.javascript.jscomp.DisambiguatePropertiesTest::testOneType4 | 18/01/12 19:06
Fri Jan 12 19:06:29 AEDT 2018 com.google.javascript.jscomp.DisambiguateProperties,497
Fri Jan 12 20:46:05 AEDT 2018 com.google.javascript.jscomp.DisambiguateProperties,498
Fri Jan 12 20:46:07 AEDT 2018 com.google.javascript.jscomp.DisambiguateProperties,500
Fri Jan 12 20:46:08 AEDT 2018 com.google.javascript.jscomp.DisambiguateProperties,501
Fri Jan 12 20:46:09 AEDT 2018 Fri Jan 12 20:46:09 AEDT 2018 : com.google.javascript.jscomp.DisambiguateProperties,493=>Find no block
Fri Jan 12 20:46:10 AEDT 2018 com.google.javascript.rhino.jstype.UnionType,171
Fri Jan 12 20:47:16 AEDT 2018 com.google.javascript.rhino.jstype.UnionType,172
Fri Jan 12 20:47:17 AEDT 2018 com.google.javascript.rhino.jstype.UnionType,173
Fri Jan 12 20:47:18 AEDT 2018 com.google.javascript.jscomp.DisambiguateProperties,442
Fri Jan 12 21:23:30 AEDT 2018 Fri Jan 12 21:23:30 AEDT 2018 : com.google.javascript.jscomp.DisambiguateProperties,491=>Find no block
Fri Jan 12 21:23:31 AEDT 2018 com.google.javascript.jscomp.DisambiguateProperties,492
Fri Jan 12 21:23:33 AEDT 2018 Fri Jan 12 21:23:33 AEDT 2018 : com.google.javascript.jscomp.DisambiguateProperties,513=>Find no block
Fri Jan 12 21:23:33 AEDT 2018 com.google.javascript.rhino.Node,1430
Fri Jan 12 21:23:42 AEDT 2018 com.google.javascript.rhino.Node,1446
Fri Jan 12 21:24:48 AEDT 2018 com.google.javascript.rhino.Node,1459
Fri Jan 12 21:25:05 AEDT 2018 Fri Jan 12 21:25:05 AEDT 2018 : com.google.javascript.rhino.Node,2194=>Find no block
Fri Jan 12 21:25:06 AEDT 2018 com.google.javascript.rhino.Node,2195
Fri Jan 12 21:25:11 AEDT 2018 com.google.javascript.rhino.Node,2196
Fri Jan 12 21:25:13 AEDT 2018 Fri Jan 12 21:25:13 AEDT 2018 : com.google.javascript.rhino.Node,2197=>Find no block
Fri Jan 12 21:25:14 AEDT 2018 com.google.javascript.rhino.jstype.JSTypeRegistry,1417
Fri Jan 12 21:32:18 AEDT 2018 com.google.javascript.rhino.jstype.JSTypeRegistry,1418
Fri Jan 12 21:32:19 AEDT 2018 com.google.javascript.rhino.jstype.JSTypeRegistry,1419
Fri Jan 12 21:32:20 AEDT 2018 com.google.javascript.rhino.jstype.JSTypeRegistry,1420
Fri Jan 12 21:32:22 AEDT 2018 com.google.javascript.rhino.jstype.JSTypeRegistry,1421
Fri Jan 12 21:32:23 AEDT 2018 com.google.javascript.jscomp.TypedScopeCreator,1571
Fri Jan 12 21:47:43 AEDT 2018 com.google.javascript.rhino.jstype.StringType,81
Fri Jan 12 21:47:49 AEDT 2018 com.google.javascript.jscomp.TypedScopeCreator,1675
Fri Jan 12 21:50:26 AEDT 2018 com.google.javascript.jscomp.TypedScopeCreator,1670
Fri Jan 12 22:04:42 AEDT 2018 com.google.javascript.jscomp.TypedScopeCreator,1671
Fri Jan 12 22:04:44 AEDT 2018 com.google.javascript.jscomp.TypedScopeCreator,1672
Fri Jan 12 22:04:46 AEDT 2018 com.google.javascript.jscomp.TypedScopeCreator,1673
Fri Jan 12 22:04:47 AEDT 2018 com.google.javascript.rhino.jstype.InstanceObjectType,117
Fri Jan 12 22:05:01 AEDT 2018 com.google.javascript.rhino.jstype.FunctionType,714
Fri Jan 12 22:09:49 AEDT 2018 com.google.javascript.rhino.jstype.FunctionType,787
Fri Jan 12 22:14:03 AEDT 2018 com.google.javascript.jscomp.DisambiguateProperties,933
Fri Jan 12 22:20:04 AEDT 2018 com.google.javascript.jscomp.CodeGenerator,656
Fri Jan 12 22:28:33 AEDT 2018 com.google.javascript.jscomp.CodeGenerator,658
Fri Jan 12 22:38:45 AEDT 2018 com.google.javascript.jscomp.CodeGenerator,659
Fri Jan 12 22:41:56 AEDT 2018 com.google.javascript.jscomp.CodeGenerator,705
Fri Jan 12 22:52:33 AEDT 2018 com.google.javascript.jscomp.TypeValidator,346
Timeout time : 18/01/13 00:06
