=================================================
Project : closure_133	start : 18/01/12 14:05
Current failed test : com.google.javascript.jscomp.PeepholeSubstituteAlternateSyntaxTest::testIssue925 | 18/01/12 14:05
Fri Jan 12 14:05:38 AEDT 2018 com.google.javascript.rhino.SourcePosition,87
Fri Jan 12 14:05:48 AEDT 2018 com.google.javascript.jscomp.parsing.JsDocInfoParser,1838
Fri Jan 12 16:21:54 AEDT 2018 com.google.javascript.jscomp.parsing.JsDocInfoParser,1839
Fri Jan 12 16:21:56 AEDT 2018 com.google.javascript.jscomp.parsing.JsDocInfoParser,2303
Fri Jan 12 16:22:19 AEDT 2018 com.google.javascript.jscomp.parsing.JsDocInfoParser,947
Fri Jan 12 16:24:05 AEDT 2018 com.google.javascript.jscomp.parsing.JsDocInfoParser,2341
Fri Jan 12 16:25:09 AEDT 2018 Fri Jan 12 16:25:09 AEDT 2018 : com.google.javascript.jscomp.parsing.JsDocInfoParser,2342=>Find no block
Fri Jan 12 16:25:10 AEDT 2018 com.google.javascript.jscomp.parsing.JsDocInfoParser,2298
Fri Jan 12 16:26:16 AEDT 2018 com.google.javascript.jscomp.parsing.JsDocInfoParser,2299
Fri Jan 12 16:26:17 AEDT 2018 com.google.javascript.jscomp.parsing.JsDocInfoParser,958
Fri Jan 12 17:26:55 AEDT 2018 com.google.javascript.jscomp.parsing.JsDocInfoParser,1483
Fri Jan 12 17:29:36 AEDT 2018 com.google.javascript.rhino.JSDocInfoBuilder,170
Fri Jan 12 17:30:10 AEDT 2018 com.google.javascript.rhino.JSDocInfoBuilder,171
Fri Jan 12 17:30:12 AEDT 2018 com.google.javascript.rhino.JSDocInfoBuilder,172
Fri Jan 12 17:30:13 AEDT 2018 com.google.javascript.jscomp.parsing.JsDocInfoParser,1475
Fri Jan 12 17:54:01 AEDT 2018 com.google.javascript.jscomp.parsing.JsDocInfoParser,82
Fri Jan 12 17:56:24 AEDT 2018 Fri Jan 12 17:56:24 AEDT 2018 : com.google.javascript.jscomp.parsing.JsDocInfoParser,86=>Find no block
Fri Jan 12 17:56:25 AEDT 2018 Fri Jan 12 17:56:25 AEDT 2018 : com.google.javascript.jscomp.parsing.JsDocInfoParser,48=>Find no block
Fri Jan 12 17:56:26 AEDT 2018 Fri Jan 12 17:56:26 AEDT 2018 : com.google.javascript.rhino.JSDocInfo,136=>Find no block
Fri Jan 12 17:56:28 AEDT 2018 com.google.javascript.rhino.JSDocInfo,138
Fri Jan 12 18:05:47 AEDT 2018 com.google.javascript.rhino.JSDocInfo,142
Fri Jan 12 18:05:48 AEDT 2018 Fri Jan 12 18:05:48 AEDT 2018 : com.google.javascript.rhino.JSDocInfo,143=>Find no block
Fri Jan 12 18:05:49 AEDT 2018 Fri Jan 12 18:05:49 AEDT 2018 : com.google.javascript.rhino.JSDocInfo,129=>Find no block
Fri Jan 12 18:05:50 AEDT 2018 com.google.javascript.rhino.SourcePosition,86
Fri Jan 12 18:05:51 AEDT 2018 com.google.javascript.rhino.JSDocInfo,690
Fri Jan 12 18:06:54 AEDT 2018 com.google.javascript.rhino.JSDocInfo,691
Fri Jan 12 18:06:55 AEDT 2018 com.google.javascript.rhino.JSDocInfo,694
Fri Jan 12 18:29:24 AEDT 2018 com.google.javascript.rhino.JSDocInfo,695
Fri Jan 12 18:29:25 AEDT 2018 com.google.javascript.rhino.JSDocInfo,696
Fri Jan 12 18:29:26 AEDT 2018 Fri Jan 12 18:29:26 AEDT 2018 : com.google.javascript.rhino.JSDocInfo,179=>Find no block
Fri Jan 12 18:29:27 AEDT 2018 Fri Jan 12 18:29:27 AEDT 2018 : com.google.javascript.rhino.JSDocInfo,180=>Find no block
Fri Jan 12 18:29:28 AEDT 2018 Fri Jan 12 18:29:28 AEDT 2018 : com.google.javascript.rhino.JSDocInfo,181=>Find no block
Fri Jan 12 18:29:30 AEDT 2018 Fri Jan 12 18:29:30 AEDT 2018 : com.google.javascript.rhino.JSDocInfo,182=>Find no block
Fri Jan 12 18:29:31 AEDT 2018 Fri Jan 12 18:29:31 AEDT 2018 : com.google.javascript.rhino.JSDocInfo,183=>Find no block
Fri Jan 12 18:29:32 AEDT 2018 Fri Jan 12 18:29:32 AEDT 2018 : com.google.javascript.rhino.JSDocInfo,184=>Find no block
Fri Jan 12 18:29:33 AEDT 2018 com.google.javascript.rhino.JSDocInfo,194
Fri Jan 12 18:29:38 AEDT 2018 Fri Jan 12 18:29:38 AEDT 2018 : com.google.javascript.rhino.JSDocInfo,195=>Find no block
Fri Jan 12 18:29:39 AEDT 2018 com.google.javascript.rhino.JSDocInfoBuilder,152
Fri Jan 12 18:33:37 AEDT 2018 com.google.javascript.rhino.JSDocInfoBuilder,154
Fri Jan 12 18:33:38 AEDT 2018 com.google.javascript.rhino.JSDocInfoBuilder,155
Fri Jan 12 18:33:39 AEDT 2018 com.google.javascript.rhino.JSDocInfoBuilder,157
Fri Jan 12 18:33:40 AEDT 2018 com.google.javascript.rhino.JSDocInfoBuilder,158
Fri Jan 12 18:33:41 AEDT 2018 com.google.javascript.jscomp.parsing.JsDocInfoParser,1503
Fri Jan 12 18:38:17 AEDT 2018 com.google.javascript.rhino.JSDocInfo,674
Fri Jan 12 18:39:35 AEDT 2018 com.google.javascript.rhino.JSDocInfo,675
Fri Jan 12 18:39:36 AEDT 2018 com.google.javascript.rhino.JSDocInfo,678
Fri Jan 12 18:40:44 AEDT 2018 com.google.javascript.rhino.JSDocInfo,1577
Fri Jan 12 18:40:49 AEDT 2018 com.google.javascript.rhino.JSDocInfo,1580
Fri Jan 12 18:40:56 AEDT 2018 Fri Jan 12 18:40:56 AEDT 2018 : com.google.javascript.rhino.JSDocInfo,1581=>Find no block
Fri Jan 12 18:40:57 AEDT 2018 Fri Jan 12 18:40:57 AEDT 2018 : com.google.javascript.rhino.JSDocInfo,110=>Find no block
Fri Jan 12 18:40:58 AEDT 2018 Fri Jan 12 18:40:58 AEDT 2018 : com.google.javascript.rhino.JSDocInfo,111=>Find no block
Fri Jan 12 18:40:59 AEDT 2018 Fri Jan 12 18:40:59 AEDT 2018 : com.google.javascript.rhino.JSDocInfo,112=>Find no block
Fri Jan 12 18:41:00 AEDT 2018 Fri Jan 12 18:41:00 AEDT 2018 : com.google.javascript.rhino.JSDocInfo,114=>Find no block
Fri Jan 12 18:41:01 AEDT 2018 Fri Jan 12 18:41:01 AEDT 2018 : com.google.javascript.rhino.JSDocInfo,115=>Find no block
Fri Jan 12 18:41:02 AEDT 2018 Fri Jan 12 18:41:02 AEDT 2018 : com.google.javascript.rhino.JSDocInfo,116=>Find no block
Fri Jan 12 18:41:03 AEDT 2018 Fri Jan 12 18:41:03 AEDT 2018 : com.google.javascript.rhino.JSDocInfo,117=>Find no block
Fri Jan 12 18:41:04 AEDT 2018 Fri Jan 12 18:41:04 AEDT 2018 : com.google.javascript.rhino.JSDocInfo,118=>Find no block
Fri Jan 12 18:41:05 AEDT 2018 Fri Jan 12 18:41:05 AEDT 2018 : com.google.javascript.rhino.JSDocInfo,119=>Find no block
Fri Jan 12 18:41:06 AEDT 2018 Fri Jan 12 18:41:06 AEDT 2018 : com.google.javascript.rhino.JSDocInfo,121=>Find no block
Fri Jan 12 18:41:07 AEDT 2018 Fri Jan 12 18:41:07 AEDT 2018 : com.google.javascript.rhino.JSDocInfo,122=>Find no block
Fri Jan 12 18:41:08 AEDT 2018 com.google.javascript.rhino.JSDocInfoBuilder,80
Fri Jan 12 18:41:37 AEDT 2018 com.google.javascript.jscomp.parsing.JsDocInfoParser,209
Timeout time : 18/01/12 19:05
