=================================================
Project : closure_21	start : 18/01/12 19:05
Current failed test : com.google.javascript.jscomp.CheckSideEffectsTest::testUselessCode | 18/01/12 19:06
Fri Jan 12 19:06:20 AEDT 2018 com.google.javascript.rhino.Token,187
Fri Jan 12 19:06:34 AEDT 2018 com.google.javascript.jscomp.CheckSideEffects,115
Fri Jan 12 19:06:42 AEDT 2018 com.google.javascript.jscomp.CheckSideEffects,118
Fri Jan 12 19:19:12 AEDT 2018 com.google.javascript.jscomp.CheckSideEffects,119
Fri Jan 12 19:19:14 AEDT 2018 com.google.javascript.jscomp.CheckSideEffects,120
Fri Jan 12 19:19:16 AEDT 2018 com.google.javascript.jscomp.CheckSideEffects,121
Fri Jan 12 19:19:19 AEDT 2018 com.google.javascript.jscomp.CheckSideEffects,114
Fri Jan 12 19:19:20 AEDT 2018 com.google.javascript.jscomp.CheckSideEffects,117
Fri Jan 12 19:40:27 AEDT 2018 com.google.javascript.jscomp.CheckSideEffects,134
Fri Jan 12 20:32:30 AEDT 2018 com.google.javascript.jscomp.NodeUtil,3123
Fri Jan 12 21:45:53 AEDT 2018 com.google.javascript.jscomp.NodeUtil,3124
Fri Jan 12 21:45:54 AEDT 2018 com.google.javascript.jscomp.NodeUtil,3138
Fri Jan 12 22:32:37 AEDT 2018 com.google.javascript.jscomp.CheckSideEffects,91
Fri Jan 12 23:01:03 AEDT 2018 com.google.javascript.jscomp.CheckSideEffects,136
Fri Jan 12 23:01:04 AEDT 2018 com.google.javascript.jscomp.CheckSideEffects,157
Fri Jan 12 23:14:15 AEDT 2018 com.google.javascript.jscomp.CheckSideEffects,158
Fri Jan 12 23:40:05 AEDT 2018 com.google.javascript.jscomp.CheckSideEffects,159
Fri Jan 12 23:40:07 AEDT 2018 com.google.javascript.jscomp.CheckSideEffects,160
Fri Jan 12 23:40:08 AEDT 2018 com.google.javascript.jscomp.CheckSideEffects,161
Fri Jan 12 23:40:10 AEDT 2018 com.google.javascript.jscomp.CheckSideEffects,162
Fri Jan 12 23:40:12 AEDT 2018 com.google.javascript.jscomp.CheckSideEffects,163
Fri Jan 12 23:40:13 AEDT 2018 com.google.javascript.jscomp.CheckSideEffects,164
Fri Jan 12 23:40:15 AEDT 2018 Fri Jan 12 23:40:15 AEDT 2018 : com.google.javascript.jscomp.CheckSideEffects,165=>Find no block
Fri Jan 12 23:40:16 AEDT 2018 com.google.javascript.jscomp.CheckSideEffects,166
Timeout time : 18/01/13 00:06
