=================================================
Project : closure_28	start : 18/01/12 19:34
Current failed test : com.google.javascript.jscomp.InlineCostEstimatorTest::testCost | 18/01/12 19:34
Fri Jan 12 19:34:40 AEDT 2018 Fri Jan 12 19:34:40 AEDT 2018 : com.google.javascript.rhino.Node,117=>Find no block
Fri Jan 12 19:34:41 AEDT 2018 com.google.javascript.rhino.Node,129
Fri Jan 12 19:35:12 AEDT 2018 com.google.javascript.rhino.Node,141
Fri Jan 12 19:35:23 AEDT 2018 com.google.javascript.rhino.Node,142
Fri Jan 12 19:35:48 AEDT 2018 com.google.javascript.rhino.Node,143
Fri Jan 12 19:35:59 AEDT 2018 com.google.javascript.rhino.Node,879
Fri Jan 12 20:06:50 AEDT 2018 com.google.javascript.rhino.Node,880
Fri Jan 12 20:06:51 AEDT 2018 com.google.javascript.rhino.Node,881
Fri Jan 12 20:06:52 AEDT 2018 com.google.javascript.rhino.Node,884
Fri Jan 12 20:06:53 AEDT 2018 com.google.javascript.rhino.Node,885
Fri Jan 12 20:06:54 AEDT 2018 com.google.javascript.rhino.Node,886
Fri Jan 12 20:06:55 AEDT 2018 com.google.javascript.rhino.Node,887
Fri Jan 12 20:06:56 AEDT 2018 com.google.javascript.rhino.Node,890
Fri Jan 12 20:06:57 AEDT 2018 com.google.javascript.rhino.Node,891
Fri Jan 12 20:06:58 AEDT 2018 com.google.javascript.rhino.Node,936
Fri Jan 12 20:07:02 AEDT 2018 com.google.javascript.rhino.Node,958
Fri Jan 12 22:02:10 AEDT 2018 com.google.javascript.rhino.Node,962
Fri Jan 12 22:02:11 AEDT 2018 com.google.javascript.rhino.Node,965
Fri Jan 12 22:02:12 AEDT 2018 com.google.javascript.rhino.Node,972
Fri Jan 12 22:15:40 AEDT 2018 com.google.javascript.rhino.Node,973
Fri Jan 12 22:15:41 AEDT 2018 com.google.javascript.rhino.Node,974
Fri Jan 12 22:15:42 AEDT 2018 com.google.javascript.rhino.Node,975
Fri Jan 12 22:15:43 AEDT 2018 com.google.javascript.rhino.Node,980
Fri Jan 12 22:17:08 AEDT 2018 com.google.javascript.rhino.Node,981
Fri Jan 12 22:46:46 AEDT 2018 com.google.javascript.rhino.Node,982
Fri Jan 12 23:13:32 AEDT 2018 com.google.javascript.rhino.Node,983
Fri Jan 12 23:13:33 AEDT 2018 com.google.javascript.rhino.Node,984
Fri Jan 12 23:34:06 AEDT 2018 com.google.javascript.rhino.Node,985
Fri Jan 12 23:50:18 AEDT 2018 com.google.javascript.rhino.Node,986
Sat Jan 13 00:11:09 AEDT 2018 Sat Jan 13 00:11:09 AEDT 2018 : com.google.javascript.rhino.Node,988=>Find no block
Sat Jan 13 00:11:10 AEDT 2018 com.google.javascript.rhino.Node,990
Sat Jan 13 00:11:11 AEDT 2018 com.google.javascript.rhino.Node,993
Sat Jan 13 00:20:54 AEDT 2018 com.google.javascript.rhino.Node,994
Sat Jan 13 00:20:55 AEDT 2018 com.google.javascript.rhino.Node,999
Sat Jan 13 00:30:07 AEDT 2018 com.google.javascript.rhino.Node,1011
Sat Jan 13 00:30:11 AEDT 2018 com.google.javascript.rhino.Node,1016
Sat Jan 13 00:30:15 AEDT 2018 com.google.javascript.rhino.Node,1017
Sat Jan 13 00:30:16 AEDT 2018 com.google.javascript.rhino.Node,1018
Sat Jan 13 00:30:17 AEDT 2018 com.google.javascript.rhino.Node,1025
Sat Jan 13 00:30:21 AEDT 2018 Sat Jan 13 00:30:21 AEDT 2018 : com.google.javascript.rhino.Node,1026=>Find no block
Sat Jan 13 00:30:22 AEDT 2018 com.google.javascript.rhino.Node,1030
Timeout time : 18/01/13 00:34
