=================================================
Project : closure_29	start : 18/01/12 14:05
Current failed test : com.google.javascript.jscomp.IntegrationTest::testIssue724 | 18/01/12 14:06
Fri Jan 12 14:09:01 AEDT 2018 Fri Jan 12 14:09:01 AEDT 2018 : com.google.javascript.rhino.Node,117=>Find no block
Fri Jan 12 14:09:02 AEDT 2018 com.google.javascript.rhino.Node,129
Fri Jan 12 14:09:16 AEDT 2018 com.google.javascript.rhino.Node,142
Fri Jan 12 14:09:29 AEDT 2018 com.google.javascript.rhino.Node,143
Fri Jan 12 14:09:39 AEDT 2018 com.google.javascript.rhino.Node,879
Timeout time : 18/01/12 15:09
Current failed test : com.google.javascript.jscomp.InlineObjectLiteralsTest::testIssue724 | 18/01/12 15:09
Fri Jan 12 15:16:54 AEDT 2018 Fri Jan 12 15:16:54 AEDT 2018 : com.google.javascript.rhino.Node,117=>Find no block
Fri Jan 12 15:16:55 AEDT 2018 com.google.javascript.rhino.Node,129
Fri Jan 12 15:17:14 AEDT 2018 com.google.javascript.rhino.Node,142
Fri Jan 12 15:17:42 AEDT 2018 com.google.javascript.rhino.Node,143
Fri Jan 12 15:17:53 AEDT 2018 com.google.javascript.rhino.Node,879
Timeout time : 18/01/12 16:16
Current failed test : com.google.javascript.jscomp.InlineObjectLiteralsTest::testObject10 | 18/01/12 16:16
Fri Jan 12 16:23:00 AEDT 2018 Fri Jan 12 16:23:00 AEDT 2018 : com.google.javascript.rhino.Node,117=>Find no block
Fri Jan 12 16:23:01 AEDT 2018 com.google.javascript.rhino.Node,129
Fri Jan 12 16:23:12 AEDT 2018 com.google.javascript.rhino.Node,141
Fri Jan 12 16:23:22 AEDT 2018 com.google.javascript.rhino.Node,142
Fri Jan 12 16:23:33 AEDT 2018 com.google.javascript.rhino.Node,143
Fri Jan 12 16:23:43 AEDT 2018 com.google.javascript.rhino.Node,879
Timeout time : 18/01/12 17:23
Current failed test : com.google.javascript.jscomp.InlineObjectLiteralsTest::testObject22 | 18/01/12 17:23
Fri Jan 12 17:28:56 AEDT 2018 Fri Jan 12 17:28:56 AEDT 2018 : com.google.javascript.rhino.Node,117=>Find no block
Fri Jan 12 17:28:58 AEDT 2018 com.google.javascript.rhino.Node,129
Fri Jan 12 17:29:22 AEDT 2018 com.google.javascript.rhino.Node,141
Fri Jan 12 17:29:33 AEDT 2018 com.google.javascript.rhino.Node,142
Fri Jan 12 17:29:43 AEDT 2018 com.google.javascript.rhino.Node,143
Fri Jan 12 17:29:53 AEDT 2018 com.google.javascript.rhino.Node,879
Timeout time : 18/01/12 18:29
Current failed test : com.google.javascript.jscomp.InlineObjectLiteralsTest::testObject12 | 18/01/12 18:29
Fri Jan 12 18:34:10 AEDT 2018 Fri Jan 12 18:34:10 AEDT 2018 : com.google.javascript.rhino.Node,117=>Find no block
Fri Jan 12 18:34:11 AEDT 2018 com.google.javascript.rhino.Node,129
Fri Jan 12 18:34:38 AEDT 2018 com.google.javascript.rhino.Node,141
Fri Jan 12 18:34:48 AEDT 2018 com.google.javascript.rhino.Node,142
Fri Jan 12 18:35:00 AEDT 2018 com.google.javascript.rhino.Node,143
Fri Jan 12 18:35:10 AEDT 2018 com.google.javascript.rhino.Node,879
Timeout time : 18/01/12 19:34
