=================================================
Project : closure_30	start : 18/01/13 00:34
Current failed test : com.google.javascript.jscomp.FlowSensitiveInlineVariablesTest::testIssue698 | 18/01/13 00:36
Sat Jan 13 00:47:44 AEDT 2018 Sat Jan 13 00:47:44 AEDT 2018 : com.google.javascript.rhino.Node,117=>Find no block
Sat Jan 13 00:47:45 AEDT 2018 com.google.javascript.rhino.Node,125
Sat Jan 13 00:47:55 AEDT 2018 com.google.javascript.rhino.Node,129
Sat Jan 13 00:48:04 AEDT 2018 com.google.javascript.rhino.Node,142
Sat Jan 13 00:48:13 AEDT 2018 com.google.javascript.rhino.Node,143
Sat Jan 13 00:48:24 AEDT 2018 com.google.javascript.rhino.Node,879
Timeout time : 18/01/13 02:27
Current failed test : com.google.javascript.jscomp.FlowSensitiveInlineVariablesTest::testCanInlineAcrossNoSideEffect | 18/01/13 02:27
Sat Jan 13 02:37:12 AEDT 2018 Sat Jan 13 02:37:12 AEDT 2018 : com.google.javascript.rhino.Node,117=>Find no block
Sat Jan 13 02:37:13 AEDT 2018 com.google.javascript.rhino.Node,129
Sat Jan 13 02:37:23 AEDT 2018 com.google.javascript.rhino.Node,132
Sat Jan 13 02:37:34 AEDT 2018 com.google.javascript.rhino.Node,141
Sat Jan 13 02:37:44 AEDT 2018 com.google.javascript.rhino.Node,142
Sat Jan 13 02:37:54 AEDT 2018 com.google.javascript.rhino.Node,143
Sat Jan 13 02:38:04 AEDT 2018 com.google.javascript.rhino.Node,879
Timeout time : 18/01/13 04:17
Current failed test : com.google.javascript.jscomp.FlowSensitiveInlineVariablesTest::testInlineAcrossSideEffect1 | 18/01/13 04:17
Sat Jan 13 04:25:47 AEDT 2018 Sat Jan 13 04:25:47 AEDT 2018 : com.google.javascript.rhino.Node,117=>Find no block
Sat Jan 13 04:25:48 AEDT 2018 com.google.javascript.rhino.Node,129
Sat Jan 13 04:25:58 AEDT 2018 com.google.javascript.rhino.Node,132
Sat Jan 13 04:26:09 AEDT 2018 com.google.javascript.rhino.Node,141
Sat Jan 13 04:26:18 AEDT 2018 com.google.javascript.rhino.Node,142
Sat Jan 13 04:26:29 AEDT 2018 com.google.javascript.rhino.Node,143
Sat Jan 13 04:26:38 AEDT 2018 com.google.javascript.rhino.Node,879
Sat Jan 13 05:47:48 AEDT 2018 com.google.javascript.rhino.Node,880
Sat Jan 13 05:47:48 AEDT 2018 com.google.javascript.rhino.Node,881
Sat Jan 13 05:47:49 AEDT 2018 com.google.javascript.rhino.Node,884
Sat Jan 13 05:47:49 AEDT 2018 com.google.javascript.rhino.Node,885
Sat Jan 13 05:47:50 AEDT 2018 com.google.javascript.rhino.Node,886
Sat Jan 13 05:47:50 AEDT 2018 com.google.javascript.rhino.Node,887
Sat Jan 13 05:47:51 AEDT 2018 com.google.javascript.rhino.Node,890
Sat Jan 13 05:47:51 AEDT 2018 com.google.javascript.rhino.Node,891
Sat Jan 13 05:47:52 AEDT 2018 com.google.javascript.rhino.Node,936
Sat Jan 13 05:47:55 AEDT 2018 com.google.javascript.rhino.Node,958
Timeout time : 18/01/13 06:06
