=================================================
Project : closure_34	start : 18/01/12 14:05
Current failed test : com.google.javascript.jscomp.CodePrinterTest::testManyAdds | 18/01/12 14:05
Fri Jan 12 14:05:37 AEDT 2018 com.google.javascript.jscomp.NodeUtil,2147
Fri Jan 12 14:05:53 AEDT 2018 com.google.javascript.jscomp.NodeUtil,1196
Fri Jan 12 14:06:06 AEDT 2018 com.google.javascript.jscomp.CodeGenerator,98
Fri Jan 12 14:26:12 AEDT 2018 com.google.javascript.jscomp.CodeGenerator,102
Fri Jan 12 14:26:13 AEDT 2018 com.google.javascript.jscomp.CodeGenerator,106
Fri Jan 12 14:26:14 AEDT 2018 com.google.javascript.jscomp.CodeGenerator,111
Fri Jan 12 15:20:09 AEDT 2018 com.google.javascript.jscomp.CodeGenerator,116
Fri Jan 12 15:20:09 AEDT 2018 com.google.javascript.jscomp.CodeGenerator,122
Fri Jan 12 15:20:10 AEDT 2018 com.google.javascript.rhino.Node,504
Fri Jan 12 15:20:14 AEDT 2018 com.google.javascript.rhino.Node,155
Fri Jan 12 15:20:20 AEDT 2018 com.google.javascript.rhino.Node,156
Fri Jan 12 15:20:21 AEDT 2018 Fri Jan 12 15:20:21 AEDT 2018 : com.google.javascript.rhino.Node,157=>Find no block
Fri Jan 12 15:20:22 AEDT 2018 com.google.javascript.jscomp.CodeGenerator,1176
Fri Jan 12 15:20:32 AEDT 2018 com.google.javascript.jscomp.NodeUtil,1452
Fri Jan 12 15:25:30 AEDT 2018 Fri Jan 12 15:25:30 AEDT 2018 : com.google.javascript.jscomp.NodeUtil,1437=>Find no block
Fri Jan 12 15:25:31 AEDT 2018 Fri Jan 12 15:25:31 AEDT 2018 : com.google.javascript.rhino.Node,380=>Find no block
Fri Jan 12 15:25:32 AEDT 2018 com.google.javascript.rhino.Node,381
Fri Jan 12 15:39:10 AEDT 2018 com.google.javascript.rhino.Node,383
Fri Jan 12 15:39:11 AEDT 2018 com.google.javascript.rhino.Node,385
Fri Jan 12 15:52:30 AEDT 2018 com.google.javascript.rhino.Node,387
Fri Jan 12 16:10:33 AEDT 2018 com.google.javascript.rhino.Node,389
Fri Jan 12 16:29:10 AEDT 2018 com.google.javascript.rhino.Node,390
Fri Jan 12 16:45:14 AEDT 2018 com.google.javascript.rhino.Node,391
Fri Jan 12 16:59:19 AEDT 2018 com.google.javascript.rhino.Node,392
Fri Jan 12 17:05:18 AEDT 2018 com.google.javascript.rhino.Node,393
Fri Jan 12 17:16:27 AEDT 2018 com.google.javascript.rhino.Node,394
Fri Jan 12 17:28:15 AEDT 2018 com.google.javascript.rhino.Node,395
Fri Jan 12 17:38:34 AEDT 2018 com.google.javascript.rhino.Node,396
Fri Jan 12 17:52:43 AEDT 2018 com.google.javascript.rhino.Node,397
Fri Jan 12 17:52:44 AEDT 2018 Fri Jan 12 17:52:44 AEDT 2018 : com.google.javascript.rhino.Node,398=>Find no block
Fri Jan 12 17:52:44 AEDT 2018 Fri Jan 12 17:52:44 AEDT 2018 : com.google.javascript.rhino.Node,366=>Find no block
Fri Jan 12 17:52:46 AEDT 2018 com.google.javascript.rhino.Node,367
Fri Jan 12 18:20:40 AEDT 2018 com.google.javascript.rhino.Node,369
Fri Jan 12 18:20:41 AEDT 2018 com.google.javascript.rhino.Node,372
Fri Jan 12 18:20:42 AEDT 2018 com.google.javascript.rhino.Node,373
Fri Jan 12 18:20:43 AEDT 2018 com.google.javascript.rhino.Node,374
Fri Jan 12 18:20:44 AEDT 2018 com.google.javascript.rhino.Node,375
Fri Jan 12 18:20:45 AEDT 2018 com.google.javascript.rhino.Node,376
Fri Jan 12 18:20:46 AEDT 2018 com.google.javascript.rhino.Node,377
Fri Jan 12 18:20:47 AEDT 2018 Fri Jan 12 18:20:47 AEDT 2018 : com.google.javascript.rhino.Node,378=>Find no block
Fri Jan 12 18:20:47 AEDT 2018 com.google.javascript.jscomp.CodeGenerator,884
Fri Jan 12 18:51:01 AEDT 2018 com.google.javascript.jscomp.CodeGenerator,891
Fri Jan 12 18:51:02 AEDT 2018 Fri Jan 12 18:51:02 AEDT 2018 : com.google.javascript.jscomp.NodeUtil,1162=>Find no block
Fri Jan 12 18:51:03 AEDT 2018 com.google.javascript.jscomp.CodePrinter,613
Fri Jan 12 18:51:32 AEDT 2018 com.google.javascript.jscomp.CodePrinter,614
Fri Jan 12 18:51:32 AEDT 2018 com.google.javascript.jscomp.CodePrinter,434
Fri Jan 12 18:52:29 AEDT 2018 Fri Jan 12 18:52:29 AEDT 2018 : com.google.javascript.jscomp.CodePrinter,417=>Find no block
Fri Jan 12 18:52:30 AEDT 2018 Fri Jan 12 18:52:30 AEDT 2018 : com.google.javascript.jscomp.CodePrinter,418=>Find no block
Fri Jan 12 18:52:31 AEDT 2018 Fri Jan 12 18:52:31 AEDT 2018 : com.google.javascript.jscomp.CodePrinter,419=>Find no block
Fri Jan 12 18:52:31 AEDT 2018 Fri Jan 12 18:52:31 AEDT 2018 : com.google.javascript.jscomp.CodePrinter,420=>Find no block
Fri Jan 12 18:52:32 AEDT 2018 com.google.javascript.jscomp.CodePrinter,435
Fri Jan 12 18:52:33 AEDT 2018 com.google.javascript.jscomp.CodePrinter,436
Fri Jan 12 18:52:35 AEDT 2018 Fri Jan 12 18:52:35 AEDT 2018 : com.google.javascript.jscomp.CodePrinter,437=>Find no block
Fri Jan 12 18:52:35 AEDT 2018 Fri Jan 12 18:52:35 AEDT 2018 : com.google.javascript.jscomp.CodePrinter,402=>Find no block
Fri Jan 12 18:52:37 AEDT 2018 Fri Jan 12 18:52:37 AEDT 2018 : com.google.javascript.jscomp.CodePrinter,564=>Find no block
Fri Jan 12 18:52:37 AEDT 2018 Fri Jan 12 18:52:37 AEDT 2018 : com.google.javascript.jscomp.CodePrinter,547=>Find no block
Fri Jan 12 18:52:38 AEDT 2018 Fri Jan 12 18:52:38 AEDT 2018 : com.google.javascript.jscomp.CodePrinter,548=>Find no block
Fri Jan 12 18:52:39 AEDT 2018 Fri Jan 12 18:52:39 AEDT 2018 : com.google.javascript.jscomp.CodePrinter,549=>Find no block
Fri Jan 12 18:52:40 AEDT 2018 Fri Jan 12 18:52:40 AEDT 2018 : com.google.javascript.jscomp.CodePrinter,550=>Find no block
Fri Jan 12 18:52:41 AEDT 2018 Fri Jan 12 18:52:41 AEDT 2018 : com.google.javascript.jscomp.CodePrinter,551=>Find no block
Fri Jan 12 18:52:42 AEDT 2018 Fri Jan 12 18:52:42 AEDT 2018 : com.google.javascript.jscomp.CodePrinter,552=>Find no block
Fri Jan 12 18:52:43 AEDT 2018 Fri Jan 12 18:52:43 AEDT 2018 : com.google.javascript.jscomp.CodePrinter,553=>Find no block
Fri Jan 12 18:52:43 AEDT 2018 Fri Jan 12 18:52:43 AEDT 2018 : com.google.javascript.jscomp.CodePrinter,557=>Find no block
Fri Jan 12 18:52:44 AEDT 2018 com.google.javascript.jscomp.CodePrinter,565
Fri Jan 12 18:56:13 AEDT 2018 Fri Jan 12 18:56:13 AEDT 2018 : com.google.javascript.jscomp.CodePrinter,566=>Find no block
Fri Jan 12 18:56:14 AEDT 2018 com.google.javascript.jscomp.CodePrinter,658
Fri Jan 12 18:56:51 AEDT 2018 com.google.javascript.jscomp.CodePrinter,663
Fri Jan 12 19:02:04 AEDT 2018 com.google.javascript.jscomp.CodePrinter,669
Fri Jan 12 19:02:04 AEDT 2018 Fri Jan 12 19:02:04 AEDT 2018 : com.google.javascript.jscomp.CodePrinter,35=>Find no block
Fri Jan 12 19:02:05 AEDT 2018 com.google.javascript.jscomp.CodePrinter,691
Timeout time : 18/01/12 19:05
