=================================================
Project : closure_4	start : 18/01/12 14:05
Current failed test : com.google.javascript.jscomp.TypeCheckTest::testImplementsExtendsLoop | 18/01/12 14:05
Fri Jan 12 14:05:38 AEDT 2018 com.google.javascript.rhino.jstype.FunctionType,497
Fri Jan 12 14:07:28 AEDT 2018 com.google.javascript.jscomp.TypeCheck,1613
Fri Jan 12 14:08:20 AEDT 2018 com.google.javascript.jscomp.TypeCheck,1619
Fri Jan 12 14:14:16 AEDT 2018 com.google.javascript.rhino.jstype.FunctionType,1196
Fri Jan 12 14:14:47 AEDT 2018 com.google.javascript.jscomp.CodingConventions,400
Fri Jan 12 14:14:51 AEDT 2018 com.google.javascript.rhino.jstype.NamedType,305
Fri Jan 12 14:17:23 AEDT 2018 com.google.javascript.jscomp.CodingConventions,225
Fri Jan 12 14:18:10 AEDT 2018 com.google.javascript.jscomp.ClosureCodingConvention,318
Fri Jan 12 14:25:10 AEDT 2018 com.google.javascript.jscomp.ClosureCodingConvention,319
Fri Jan 12 14:25:10 AEDT 2018 com.google.javascript.rhino.jstype.NamedType,369
Fri Jan 12 14:25:29 AEDT 2018 com.google.javascript.rhino.jstype.NamedType,372
Fri Jan 12 14:25:30 AEDT 2018 com.google.javascript.rhino.jstype.NamedType,373
Fri Jan 12 14:25:30 AEDT 2018 com.google.javascript.jscomp.NodeUtil,2843
Fri Jan 12 14:51:26 AEDT 2018 com.google.javascript.rhino.jstype.CanCastToVisitor,104
Fri Jan 12 15:19:55 AEDT 2018 com.google.javascript.rhino.jstype.FunctionType,496
Fri Jan 12 15:19:55 AEDT 2018 com.google.javascript.jscomp.FunctionTypeBuilder,187
Fri Jan 12 15:24:25 AEDT 2018 com.google.javascript.rhino.jstype.FunctionType,488
Fri Jan 12 15:24:35 AEDT 2018 Fri Jan 12 15:24:35 AEDT 2018 : com.google.javascript.rhino.jstype.FunctionType,489=>Find no block
Fri Jan 12 15:24:36 AEDT 2018 com.google.javascript.rhino.jstype.FunctionType,494
Fri Jan 12 15:41:15 AEDT 2018 com.google.javascript.rhino.jstype.FunctionType,495
Fri Jan 12 15:41:16 AEDT 2018 com.google.javascript.jscomp.TypeCheck,1606
Timeout time : 18/01/12 15:45
Current failed test : com.google.javascript.jscomp.TypeCheckTest::testConversionFromInterfaceToRecursiveConstructor | 18/01/12 15:45
Fri Jan 12 15:45:45 AEDT 2018 com.google.javascript.rhino.jstype.FunctionType,497
Fri Jan 12 15:47:30 AEDT 2018 com.google.javascript.jscomp.TypeCheck,1613
Fri Jan 12 15:48:21 AEDT 2018 com.google.javascript.jscomp.TypeCheck,1619
Fri Jan 12 15:54:06 AEDT 2018 com.google.javascript.rhino.jstype.FunctionType,1196
Fri Jan 12 15:54:37 AEDT 2018 com.google.javascript.jscomp.CodingConventions,400
Fri Jan 12 15:54:40 AEDT 2018 com.google.javascript.rhino.jstype.NamedType,305
Fri Jan 12 15:57:11 AEDT 2018 com.google.javascript.jscomp.CodingConventions,225
Fri Jan 12 15:57:55 AEDT 2018 com.google.javascript.jscomp.ClosureCodingConvention,318
Fri Jan 12 16:04:40 AEDT 2018 com.google.javascript.jscomp.ClosureCodingConvention,319
Fri Jan 12 16:04:41 AEDT 2018 com.google.javascript.rhino.jstype.NamedType,369
Fri Jan 12 16:04:59 AEDT 2018 com.google.javascript.rhino.jstype.NamedType,372
Fri Jan 12 16:04:59 AEDT 2018 com.google.javascript.rhino.jstype.NamedType,373
Fri Jan 12 16:05:00 AEDT 2018 com.google.javascript.jscomp.NodeUtil,2843
Fri Jan 12 16:32:18 AEDT 2018 com.google.javascript.rhino.jstype.CanCastToVisitor,104
Fri Jan 12 17:06:59 AEDT 2018 com.google.javascript.rhino.jstype.FunctionType,496
Fri Jan 12 17:07:00 AEDT 2018 com.google.javascript.jscomp.FunctionTypeBuilder,187
Fri Jan 12 17:12:51 AEDT 2018 com.google.javascript.rhino.jstype.FunctionType,488
Fri Jan 12 17:13:10 AEDT 2018 Fri Jan 12 17:13:10 AEDT 2018 : com.google.javascript.rhino.jstype.FunctionType,489=>Find no block
Fri Jan 12 17:13:14 AEDT 2018 com.google.javascript.rhino.jstype.FunctionType,494
Timeout time : 18/01/12 17:25
Current failed test : com.google.javascript.jscomp.TypeCheckTest::testImplementsLoop | 18/01/12 17:25
Fri Jan 12 17:25:57 AEDT 2018 com.google.javascript.rhino.jstype.FunctionType,497
Fri Jan 12 17:27:58 AEDT 2018 com.google.javascript.jscomp.TypeCheck,1613
Fri Jan 12 17:28:52 AEDT 2018 com.google.javascript.jscomp.TypeCheck,1619
Fri Jan 12 17:35:36 AEDT 2018 com.google.javascript.rhino.jstype.FunctionType,1196
Fri Jan 12 17:36:14 AEDT 2018 com.google.javascript.jscomp.CodingConventions,400
Fri Jan 12 17:36:17 AEDT 2018 com.google.javascript.rhino.jstype.NamedType,305
Fri Jan 12 17:39:43 AEDT 2018 com.google.javascript.jscomp.CodingConventions,225
Fri Jan 12 17:40:41 AEDT 2018 com.google.javascript.jscomp.ClosureCodingConvention,318
Fri Jan 12 17:48:46 AEDT 2018 com.google.javascript.jscomp.ClosureCodingConvention,319
Fri Jan 12 17:48:47 AEDT 2018 com.google.javascript.rhino.jstype.NamedType,369
Fri Jan 12 17:49:07 AEDT 2018 com.google.javascript.rhino.jstype.NamedType,372
Fri Jan 12 17:49:07 AEDT 2018 com.google.javascript.rhino.jstype.NamedType,373
Fri Jan 12 17:49:08 AEDT 2018 com.google.javascript.jscomp.NodeUtil,2843
Fri Jan 12 18:20:29 AEDT 2018 com.google.javascript.rhino.jstype.CanCastToVisitor,104
Fri Jan 12 18:54:02 AEDT 2018 com.google.javascript.rhino.jstype.FunctionType,496
Fri Jan 12 18:54:03 AEDT 2018 com.google.javascript.jscomp.FunctionTypeBuilder,187
Fri Jan 12 18:59:17 AEDT 2018 com.google.javascript.rhino.jstype.FunctionType,488
Fri Jan 12 18:59:34 AEDT 2018 Fri Jan 12 18:59:34 AEDT 2018 : com.google.javascript.rhino.jstype.FunctionType,489=>Find no block
Fri Jan 12 18:59:39 AEDT 2018 com.google.javascript.rhino.jstype.FunctionType,494
Timeout time : 18/01/12 19:06
