=================================================
Project : closure_47	start : 18/01/13 00:06
Current failed test : com.google.debugging.sourcemap.SourceMapGeneratorV3Test::testBasicMapping2 | 18/01/13 00:06
Sat Jan 13 00:06:59 AEDT 2018 com.google.debugging.sourcemap.SourceMapGeneratorV3,213
Sat Jan 13 00:10:40 AEDT 2018 com.google.debugging.sourcemap.SourceMapGeneratorV3,214
Sat Jan 13 00:10:41 AEDT 2018 com.google.debugging.sourcemap.SourceMapGeneratorV3,215
Sat Jan 13 00:10:42 AEDT 2018 com.google.debugging.sourcemap.SourceMapGeneratorV3,216
Sat Jan 13 00:10:43 AEDT 2018 com.google.debugging.sourcemap.SourceMapGeneratorV3,217
Sat Jan 13 00:10:44 AEDT 2018 com.google.debugging.sourcemap.SourceMapGeneratorV3,326
Sat Jan 13 00:20:56 AEDT 2018 com.google.debugging.sourcemap.SourceMapGeneratorV3,327
Sat Jan 13 00:20:57 AEDT 2018 com.google.debugging.sourcemap.SourceMapGeneratorV3,330
Sat Jan 13 00:20:58 AEDT 2018 com.google.debugging.sourcemap.SourceMapGeneratorV3,331
Sat Jan 13 00:20:59 AEDT 2018 Sat Jan 13 00:20:59 AEDT 2018 : com.google.debugging.sourcemap.SourceMapGeneratorV3,332=>Find no block
Sat Jan 13 00:21:00 AEDT 2018 com.google.debugging.sourcemap.SourceMapGeneratorV3,389
Sat Jan 13 00:23:33 AEDT 2018 com.google.debugging.sourcemap.SourceMapGeneratorV3,390
Sat Jan 13 00:23:34 AEDT 2018 com.google.debugging.sourcemap.SourceMapGeneratorV3,391
Sat Jan 13 00:23:35 AEDT 2018 com.google.debugging.sourcemap.SourceMapGeneratorV3,659
Timeout time : 18/01/13 00:24
Current failed test : com.google.debugging.sourcemap.SourceMapGeneratorV3Test::testLiteralMappingsGoldenOutput | 18/01/13 00:24
Sat Jan 13 00:25:06 AEDT 2018 com.google.debugging.sourcemap.SourceMapGeneratorV3,213
Sat Jan 13 00:28:52 AEDT 2018 com.google.debugging.sourcemap.SourceMapGeneratorV3,214
Sat Jan 13 00:28:53 AEDT 2018 com.google.debugging.sourcemap.SourceMapGeneratorV3,215
Sat Jan 13 00:28:54 AEDT 2018 com.google.debugging.sourcemap.SourceMapGeneratorV3,216
Sat Jan 13 00:28:55 AEDT 2018 com.google.debugging.sourcemap.SourceMapGeneratorV3,217
Sat Jan 13 00:28:56 AEDT 2018 com.google.debugging.sourcemap.SourceMapGeneratorV3,326
Sat Jan 13 00:39:12 AEDT 2018 com.google.debugging.sourcemap.SourceMapGeneratorV3,327
Sat Jan 13 00:39:13 AEDT 2018 com.google.debugging.sourcemap.SourceMapGeneratorV3,330
Sat Jan 13 00:39:14 AEDT 2018 com.google.debugging.sourcemap.SourceMapGeneratorV3,331
Sat Jan 13 00:39:15 AEDT 2018 Sat Jan 13 00:39:15 AEDT 2018 : com.google.debugging.sourcemap.SourceMapGeneratorV3,332=>Find no block
Sat Jan 13 00:39:16 AEDT 2018 com.google.debugging.sourcemap.SourceMapGeneratorV3,389
Sat Jan 13 00:41:50 AEDT 2018 com.google.debugging.sourcemap.SourceMapGeneratorV3,390
Sat Jan 13 00:41:52 AEDT 2018 com.google.debugging.sourcemap.SourceMapGeneratorV3,391
Sat Jan 13 00:41:52 AEDT 2018 com.google.debugging.sourcemap.SourceMapGeneratorV3,659
Timeout time : 18/01/13 00:43
Current failed test : com.google.debugging.sourcemap.SourceMapGeneratorV3Test::testParseSourceMetaMap | 18/01/13 00:43
Sat Jan 13 00:43:14 AEDT 2018 com.google.debugging.sourcemap.SourceMapGeneratorV3,213
Sat Jan 13 00:46:56 AEDT 2018 com.google.debugging.sourcemap.SourceMapGeneratorV3,214
Sat Jan 13 00:46:57 AEDT 2018 com.google.debugging.sourcemap.SourceMapGeneratorV3,215
Sat Jan 13 00:46:58 AEDT 2018 com.google.debugging.sourcemap.SourceMapGeneratorV3,216
Sat Jan 13 00:46:59 AEDT 2018 com.google.debugging.sourcemap.SourceMapGeneratorV3,217
Sat Jan 13 00:47:00 AEDT 2018 com.google.debugging.sourcemap.SourceMapGeneratorV3,326
Sat Jan 13 00:57:19 AEDT 2018 com.google.debugging.sourcemap.SourceMapGeneratorV3,327
Sat Jan 13 00:57:20 AEDT 2018 com.google.debugging.sourcemap.SourceMapGeneratorV3,330
Sat Jan 13 00:57:21 AEDT 2018 com.google.debugging.sourcemap.SourceMapGeneratorV3,331
Sat Jan 13 00:57:22 AEDT 2018 Sat Jan 13 00:57:22 AEDT 2018 : com.google.debugging.sourcemap.SourceMapGeneratorV3,332=>Find no block
Sat Jan 13 00:57:23 AEDT 2018 com.google.debugging.sourcemap.SourceMapGeneratorV3,389
Sat Jan 13 00:59:57 AEDT 2018 com.google.debugging.sourcemap.SourceMapGeneratorV3,390
Sat Jan 13 00:59:58 AEDT 2018 com.google.debugging.sourcemap.SourceMapGeneratorV3,391
Sat Jan 13 00:59:59 AEDT 2018 com.google.debugging.sourcemap.SourceMapGeneratorV3,659
Timeout time : 18/01/13 01:01
Current failed test : com.google.debugging.sourcemap.SourceMapGeneratorV3Test::testBasicMapping1 | 18/01/13 01:01
Sat Jan 13 01:01:26 AEDT 2018 com.google.debugging.sourcemap.SourceMapGeneratorV3,213
Sat Jan 13 01:05:11 AEDT 2018 com.google.debugging.sourcemap.SourceMapGeneratorV3,214
Sat Jan 13 01:05:12 AEDT 2018 com.google.debugging.sourcemap.SourceMapGeneratorV3,215
Sat Jan 13 01:05:13 AEDT 2018 com.google.debugging.sourcemap.SourceMapGeneratorV3,216
Sat Jan 13 01:05:14 AEDT 2018 com.google.debugging.sourcemap.SourceMapGeneratorV3,217
Sat Jan 13 01:05:16 AEDT 2018 com.google.debugging.sourcemap.SourceMapGeneratorV3,326
Sat Jan 13 01:15:33 AEDT 2018 com.google.debugging.sourcemap.SourceMapGeneratorV3,327
Sat Jan 13 01:15:34 AEDT 2018 com.google.debugging.sourcemap.SourceMapGeneratorV3,330
Sat Jan 13 01:15:35 AEDT 2018 com.google.debugging.sourcemap.SourceMapGeneratorV3,331
Sat Jan 13 01:15:36 AEDT 2018 Sat Jan 13 01:15:36 AEDT 2018 : com.google.debugging.sourcemap.SourceMapGeneratorV3,332=>Find no block
Sat Jan 13 01:15:37 AEDT 2018 com.google.debugging.sourcemap.SourceMapGeneratorV3,389
Sat Jan 13 01:18:11 AEDT 2018 com.google.debugging.sourcemap.SourceMapGeneratorV3,390
Sat Jan 13 01:18:12 AEDT 2018 com.google.debugging.sourcemap.SourceMapGeneratorV3,391
Sat Jan 13 01:18:13 AEDT 2018 com.google.debugging.sourcemap.SourceMapGeneratorV3,659
Timeout time : 18/01/13 01:19
Current failed test : com.google.debugging.sourcemap.SourceMapGeneratorV3Test::testGoldenOutput2 | 18/01/13 01:19
Sat Jan 13 01:19:35 AEDT 2018 com.google.debugging.sourcemap.SourceMapGeneratorV3,213
Sat Jan 13 01:23:19 AEDT 2018 com.google.debugging.sourcemap.SourceMapGeneratorV3,214
Sat Jan 13 01:23:20 AEDT 2018 com.google.debugging.sourcemap.SourceMapGeneratorV3,215
Sat Jan 13 01:23:21 AEDT 2018 com.google.debugging.sourcemap.SourceMapGeneratorV3,216
Sat Jan 13 01:23:22 AEDT 2018 com.google.debugging.sourcemap.SourceMapGeneratorV3,217
Sat Jan 13 01:23:23 AEDT 2018 com.google.debugging.sourcemap.SourceMapGeneratorV3,326
Sat Jan 13 01:33:39 AEDT 2018 com.google.debugging.sourcemap.SourceMapGeneratorV3,327
Sat Jan 13 01:33:40 AEDT 2018 com.google.debugging.sourcemap.SourceMapGeneratorV3,330
Sat Jan 13 01:33:41 AEDT 2018 com.google.debugging.sourcemap.SourceMapGeneratorV3,331
Sat Jan 13 01:33:42 AEDT 2018 Sat Jan 13 01:33:42 AEDT 2018 : com.google.debugging.sourcemap.SourceMapGeneratorV3,332=>Find no block
Sat Jan 13 01:33:43 AEDT 2018 com.google.debugging.sourcemap.SourceMapGeneratorV3,389
Sat Jan 13 01:36:14 AEDT 2018 com.google.debugging.sourcemap.SourceMapGeneratorV3,390
Sat Jan 13 01:36:15 AEDT 2018 com.google.debugging.sourcemap.SourceMapGeneratorV3,391
Sat Jan 13 01:36:16 AEDT 2018 com.google.debugging.sourcemap.SourceMapGeneratorV3,659
Timeout time : 18/01/13 01:37
Current failed test : com.google.debugging.sourcemap.SourceMapGeneratorV3Test::testGoldenOutput0a | 18/01/13 01:37
Sat Jan 13 01:37:45 AEDT 2018 com.google.debugging.sourcemap.SourceMapGeneratorV3,213
Sat Jan 13 01:41:24 AEDT 2018 com.google.debugging.sourcemap.SourceMapGeneratorV3,214
Sat Jan 13 01:41:25 AEDT 2018 com.google.debugging.sourcemap.SourceMapGeneratorV3,215
Sat Jan 13 01:41:26 AEDT 2018 com.google.debugging.sourcemap.SourceMapGeneratorV3,216
Sat Jan 13 01:41:27 AEDT 2018 com.google.debugging.sourcemap.SourceMapGeneratorV3,217
Sat Jan 13 01:41:28 AEDT 2018 com.google.debugging.sourcemap.SourceMapGeneratorV3,326
Sat Jan 13 01:51:36 AEDT 2018 com.google.debugging.sourcemap.SourceMapGeneratorV3,327
Sat Jan 13 01:51:37 AEDT 2018 com.google.debugging.sourcemap.SourceMapGeneratorV3,330
Sat Jan 13 01:51:38 AEDT 2018 com.google.debugging.sourcemap.SourceMapGeneratorV3,331
Sat Jan 13 01:51:40 AEDT 2018 Sat Jan 13 01:51:40 AEDT 2018 : com.google.debugging.sourcemap.SourceMapGeneratorV3,332=>Find no block
Sat Jan 13 01:51:40 AEDT 2018 com.google.debugging.sourcemap.SourceMapGeneratorV3,389
Sat Jan 13 01:54:15 AEDT 2018 com.google.debugging.sourcemap.SourceMapGeneratorV3,390
Sat Jan 13 01:54:16 AEDT 2018 com.google.debugging.sourcemap.SourceMapGeneratorV3,391
Sat Jan 13 01:54:16 AEDT 2018 com.google.debugging.sourcemap.SourceMapGeneratorV3,659
Timeout time : 18/01/13 01:55
Current failed test : com.google.debugging.sourcemap.SourceMapGeneratorV3Test::testGoldenOutput3 | 18/01/13 01:55
Sat Jan 13 01:55:57 AEDT 2018 com.google.debugging.sourcemap.SourceMapGeneratorV3,213
Sat Jan 13 01:59:42 AEDT 2018 com.google.debugging.sourcemap.SourceMapGeneratorV3,214
Sat Jan 13 01:59:43 AEDT 2018 com.google.debugging.sourcemap.SourceMapGeneratorV3,215
Sat Jan 13 01:59:45 AEDT 2018 com.google.debugging.sourcemap.SourceMapGeneratorV3,216
Sat Jan 13 01:59:46 AEDT 2018 com.google.debugging.sourcemap.SourceMapGeneratorV3,217
Sat Jan 13 01:59:47 AEDT 2018 com.google.debugging.sourcemap.SourceMapGeneratorV3,326
Sat Jan 13 02:10:00 AEDT 2018 com.google.debugging.sourcemap.SourceMapGeneratorV3,327
Sat Jan 13 02:10:01 AEDT 2018 com.google.debugging.sourcemap.SourceMapGeneratorV3,330
Sat Jan 13 02:10:02 AEDT 2018 com.google.debugging.sourcemap.SourceMapGeneratorV3,331
Sat Jan 13 02:10:03 AEDT 2018 Sat Jan 13 02:10:03 AEDT 2018 : com.google.debugging.sourcemap.SourceMapGeneratorV3,332=>Find no block
Sat Jan 13 02:10:04 AEDT 2018 com.google.debugging.sourcemap.SourceMapGeneratorV3,389
Sat Jan 13 02:12:35 AEDT 2018 com.google.debugging.sourcemap.SourceMapGeneratorV3,390
Sat Jan 13 02:12:36 AEDT 2018 com.google.debugging.sourcemap.SourceMapGeneratorV3,391
Sat Jan 13 02:12:37 AEDT 2018 com.google.debugging.sourcemap.SourceMapGeneratorV3,659
Timeout time : 18/01/13 02:14
Current failed test : com.google.debugging.sourcemap.SourceMapGeneratorV3Test::testGoldenOutput4 | 18/01/13 02:14
Sat Jan 13 02:14:08 AEDT 2018 com.google.debugging.sourcemap.SourceMapGeneratorV3,213
Sat Jan 13 02:17:47 AEDT 2018 com.google.debugging.sourcemap.SourceMapGeneratorV3,214
Sat Jan 13 02:17:48 AEDT 2018 com.google.debugging.sourcemap.SourceMapGeneratorV3,215
Sat Jan 13 02:17:49 AEDT 2018 com.google.debugging.sourcemap.SourceMapGeneratorV3,216
Sat Jan 13 02:17:50 AEDT 2018 com.google.debugging.sourcemap.SourceMapGeneratorV3,217
Sat Jan 13 02:17:51 AEDT 2018 com.google.debugging.sourcemap.SourceMapGeneratorV3,326
Sat Jan 13 02:27:55 AEDT 2018 com.google.debugging.sourcemap.SourceMapGeneratorV3,327
Sat Jan 13 02:27:57 AEDT 2018 com.google.debugging.sourcemap.SourceMapGeneratorV3,330
Sat Jan 13 02:27:58 AEDT 2018 com.google.debugging.sourcemap.SourceMapGeneratorV3,331
Sat Jan 13 02:27:59 AEDT 2018 Sat Jan 13 02:27:59 AEDT 2018 : com.google.debugging.sourcemap.SourceMapGeneratorV3,332=>Find no block
Sat Jan 13 02:28:00 AEDT 2018 com.google.debugging.sourcemap.SourceMapGeneratorV3,389
Sat Jan 13 02:30:32 AEDT 2018 com.google.debugging.sourcemap.SourceMapGeneratorV3,390
Sat Jan 13 02:30:34 AEDT 2018 com.google.debugging.sourcemap.SourceMapGeneratorV3,391
Sat Jan 13 02:30:34 AEDT 2018 com.google.debugging.sourcemap.SourceMapGeneratorV3,659
Timeout time : 18/01/13 02:32
Current failed test : com.google.debugging.sourcemap.SourceMapGeneratorV3Test::testSourceMapMerging | 18/01/13 02:32
Sat Jan 13 02:32:16 AEDT 2018 com.google.debugging.sourcemap.SourceMapGeneratorV3,213
Sat Jan 13 02:35:57 AEDT 2018 com.google.debugging.sourcemap.SourceMapGeneratorV3,214
Sat Jan 13 02:35:58 AEDT 2018 com.google.debugging.sourcemap.SourceMapGeneratorV3,215
Sat Jan 13 02:35:59 AEDT 2018 com.google.debugging.sourcemap.SourceMapGeneratorV3,216
Sat Jan 13 02:36:00 AEDT 2018 com.google.debugging.sourcemap.SourceMapGeneratorV3,217
Sat Jan 13 02:36:01 AEDT 2018 com.google.debugging.sourcemap.SourceMapGeneratorV3,326
Sat Jan 13 02:46:04 AEDT 2018 com.google.debugging.sourcemap.SourceMapGeneratorV3,327
Sat Jan 13 02:46:05 AEDT 2018 com.google.debugging.sourcemap.SourceMapGeneratorV3,330
Sat Jan 13 02:46:06 AEDT 2018 com.google.debugging.sourcemap.SourceMapGeneratorV3,331
Sat Jan 13 02:46:07 AEDT 2018 Sat Jan 13 02:46:07 AEDT 2018 : com.google.debugging.sourcemap.SourceMapGeneratorV3,332=>Find no block
Sat Jan 13 02:46:08 AEDT 2018 com.google.debugging.sourcemap.SourceMapGeneratorV3,389
Sat Jan 13 02:48:39 AEDT 2018 com.google.debugging.sourcemap.SourceMapGeneratorV3,390
Sat Jan 13 02:48:41 AEDT 2018 com.google.debugging.sourcemap.SourceMapGeneratorV3,391
Sat Jan 13 02:48:42 AEDT 2018 com.google.debugging.sourcemap.SourceMapGeneratorV3,659
Timeout time : 18/01/13 02:50
Current failed test : com.google.debugging.sourcemap.SourceMapGeneratorV3Test::testGoldenOutput5 | 18/01/13 02:50
Sat Jan 13 02:50:22 AEDT 2018 com.google.debugging.sourcemap.SourceMapGeneratorV3,213
Sat Jan 13 02:54:00 AEDT 2018 com.google.debugging.sourcemap.SourceMapGeneratorV3,214
Sat Jan 13 02:54:01 AEDT 2018 com.google.debugging.sourcemap.SourceMapGeneratorV3,215
Sat Jan 13 02:54:02 AEDT 2018 com.google.debugging.sourcemap.SourceMapGeneratorV3,216
Sat Jan 13 02:54:03 AEDT 2018 com.google.debugging.sourcemap.SourceMapGeneratorV3,217
Sat Jan 13 02:54:04 AEDT 2018 com.google.debugging.sourcemap.SourceMapGeneratorV3,326
Sat Jan 13 03:04:11 AEDT 2018 com.google.debugging.sourcemap.SourceMapGeneratorV3,327
Sat Jan 13 03:04:12 AEDT 2018 com.google.debugging.sourcemap.SourceMapGeneratorV3,330
Sat Jan 13 03:04:12 AEDT 2018 com.google.debugging.sourcemap.SourceMapGeneratorV3,331
Sat Jan 13 03:04:13 AEDT 2018 Sat Jan 13 03:04:13 AEDT 2018 : com.google.debugging.sourcemap.SourceMapGeneratorV3,332=>Find no block
Sat Jan 13 03:04:14 AEDT 2018 com.google.debugging.sourcemap.SourceMapGeneratorV3,389
Sat Jan 13 03:06:45 AEDT 2018 com.google.debugging.sourcemap.SourceMapGeneratorV3,390
Sat Jan 13 03:06:46 AEDT 2018 com.google.debugging.sourcemap.SourceMapGeneratorV3,391
Sat Jan 13 03:06:47 AEDT 2018 com.google.debugging.sourcemap.SourceMapGeneratorV3,659
Timeout time : 18/01/13 03:08
Current failed test : com.google.debugging.sourcemap.SourceMapGeneratorV3Test::testGoldenOutput1 | 18/01/13 03:08
Sat Jan 13 03:08:30 AEDT 2018 com.google.debugging.sourcemap.SourceMapGeneratorV3,213
Sat Jan 13 03:12:13 AEDT 2018 com.google.debugging.sourcemap.SourceMapGeneratorV3,214
Sat Jan 13 03:12:14 AEDT 2018 com.google.debugging.sourcemap.SourceMapGeneratorV3,215
Sat Jan 13 03:12:15 AEDT 2018 com.google.debugging.sourcemap.SourceMapGeneratorV3,216
Sat Jan 13 03:12:16 AEDT 2018 com.google.debugging.sourcemap.SourceMapGeneratorV3,217
Sat Jan 13 03:12:17 AEDT 2018 com.google.debugging.sourcemap.SourceMapGeneratorV3,326
Sat Jan 13 03:22:21 AEDT 2018 com.google.debugging.sourcemap.SourceMapGeneratorV3,327
Sat Jan 13 03:22:22 AEDT 2018 com.google.debugging.sourcemap.SourceMapGeneratorV3,330
Sat Jan 13 03:22:23 AEDT 2018 com.google.debugging.sourcemap.SourceMapGeneratorV3,331
Sat Jan 13 03:22:24 AEDT 2018 Sat Jan 13 03:22:24 AEDT 2018 : com.google.debugging.sourcemap.SourceMapGeneratorV3,332=>Find no block
Sat Jan 13 03:22:25 AEDT 2018 com.google.debugging.sourcemap.SourceMapGeneratorV3,389
Sat Jan 13 03:24:56 AEDT 2018 com.google.debugging.sourcemap.SourceMapGeneratorV3,390
Sat Jan 13 03:24:57 AEDT 2018 com.google.debugging.sourcemap.SourceMapGeneratorV3,391
Sat Jan 13 03:24:58 AEDT 2018 com.google.debugging.sourcemap.SourceMapGeneratorV3,659
Timeout time : 18/01/13 03:26
Current failed test : com.google.debugging.sourcemap.SourceMapGeneratorV3Test::testMultilineMapping | 18/01/13 03:26
Sat Jan 13 03:26:38 AEDT 2018 com.google.debugging.sourcemap.SourceMapGeneratorV3,213
Sat Jan 13 03:30:18 AEDT 2018 com.google.debugging.sourcemap.SourceMapGeneratorV3,214
Sat Jan 13 03:30:19 AEDT 2018 com.google.debugging.sourcemap.SourceMapGeneratorV3,215
Sat Jan 13 03:30:19 AEDT 2018 com.google.debugging.sourcemap.SourceMapGeneratorV3,216
Sat Jan 13 03:30:21 AEDT 2018 com.google.debugging.sourcemap.SourceMapGeneratorV3,217
Sat Jan 13 03:30:21 AEDT 2018 com.google.debugging.sourcemap.SourceMapGeneratorV3,326
Sat Jan 13 03:40:26 AEDT 2018 com.google.debugging.sourcemap.SourceMapGeneratorV3,327
Sat Jan 13 03:40:27 AEDT 2018 com.google.debugging.sourcemap.SourceMapGeneratorV3,330
Sat Jan 13 03:40:28 AEDT 2018 com.google.debugging.sourcemap.SourceMapGeneratorV3,331
Sat Jan 13 03:40:29 AEDT 2018 Sat Jan 13 03:40:29 AEDT 2018 : com.google.debugging.sourcemap.SourceMapGeneratorV3,332=>Find no block
Sat Jan 13 03:40:30 AEDT 2018 com.google.debugging.sourcemap.SourceMapGeneratorV3,389
Sat Jan 13 03:43:04 AEDT 2018 com.google.debugging.sourcemap.SourceMapGeneratorV3,390
Sat Jan 13 03:43:05 AEDT 2018 com.google.debugging.sourcemap.SourceMapGeneratorV3,391
Sat Jan 13 03:43:05 AEDT 2018 com.google.debugging.sourcemap.SourceMapGeneratorV3,659
Timeout time : 18/01/13 03:44
Current failed test : com.google.debugging.sourcemap.SourceMapGeneratorV3Test::testLiteralMappings | 18/01/13 03:44
Sat Jan 13 03:44:45 AEDT 2018 com.google.debugging.sourcemap.SourceMapGeneratorV3,213
Sat Jan 13 03:48:25 AEDT 2018 com.google.debugging.sourcemap.SourceMapGeneratorV3,214
Sat Jan 13 03:48:26 AEDT 2018 com.google.debugging.sourcemap.SourceMapGeneratorV3,215
Sat Jan 13 03:48:27 AEDT 2018 com.google.debugging.sourcemap.SourceMapGeneratorV3,216
Sat Jan 13 03:48:27 AEDT 2018 com.google.debugging.sourcemap.SourceMapGeneratorV3,217
Sat Jan 13 03:48:28 AEDT 2018 com.google.debugging.sourcemap.SourceMapGeneratorV3,326
Sat Jan 13 03:58:36 AEDT 2018 com.google.debugging.sourcemap.SourceMapGeneratorV3,327
Sat Jan 13 03:58:37 AEDT 2018 com.google.debugging.sourcemap.SourceMapGeneratorV3,330
Sat Jan 13 03:58:37 AEDT 2018 com.google.debugging.sourcemap.SourceMapGeneratorV3,331
Sat Jan 13 03:58:39 AEDT 2018 Sat Jan 13 03:58:39 AEDT 2018 : com.google.debugging.sourcemap.SourceMapGeneratorV3,332=>Find no block
Sat Jan 13 03:58:39 AEDT 2018 com.google.debugging.sourcemap.SourceMapGeneratorV3,389
Sat Jan 13 04:01:10 AEDT 2018 com.google.debugging.sourcemap.SourceMapGeneratorV3,390
Sat Jan 13 04:01:11 AEDT 2018 com.google.debugging.sourcemap.SourceMapGeneratorV3,391
Sat Jan 13 04:01:12 AEDT 2018 com.google.debugging.sourcemap.SourceMapGeneratorV3,659
Timeout time : 18/01/13 04:02
Current failed test : com.google.debugging.sourcemap.SourceMapGeneratorV3Test::testBasicMappingGoldenOutput | 18/01/13 04:02
Sat Jan 13 04:02:53 AEDT 2018 com.google.debugging.sourcemap.SourceMapGeneratorV3,213
Sat Jan 13 04:06:33 AEDT 2018 com.google.debugging.sourcemap.SourceMapGeneratorV3,214
Sat Jan 13 04:06:34 AEDT 2018 com.google.debugging.sourcemap.SourceMapGeneratorV3,215
Sat Jan 13 04:06:35 AEDT 2018 com.google.debugging.sourcemap.SourceMapGeneratorV3,216
Sat Jan 13 04:06:36 AEDT 2018 com.google.debugging.sourcemap.SourceMapGeneratorV3,217
Sat Jan 13 04:06:37 AEDT 2018 com.google.debugging.sourcemap.SourceMapGeneratorV3,326
Sat Jan 13 04:16:39 AEDT 2018 com.google.debugging.sourcemap.SourceMapGeneratorV3,327
Sat Jan 13 04:16:41 AEDT 2018 com.google.debugging.sourcemap.SourceMapGeneratorV3,330
Sat Jan 13 04:16:42 AEDT 2018 com.google.debugging.sourcemap.SourceMapGeneratorV3,331
Sat Jan 13 04:16:43 AEDT 2018 Sat Jan 13 04:16:43 AEDT 2018 : com.google.debugging.sourcemap.SourceMapGeneratorV3,332=>Find no block
Sat Jan 13 04:16:44 AEDT 2018 com.google.debugging.sourcemap.SourceMapGeneratorV3,389
Sat Jan 13 04:19:19 AEDT 2018 com.google.debugging.sourcemap.SourceMapGeneratorV3,390
Sat Jan 13 04:19:20 AEDT 2018 com.google.debugging.sourcemap.SourceMapGeneratorV3,391
Sat Jan 13 04:19:21 AEDT 2018 com.google.debugging.sourcemap.SourceMapGeneratorV3,659
Timeout time : 18/01/13 04:20
Current failed test : com.google.debugging.sourcemap.SourceMapGeneratorV3Test::testMultiFunctionMapping | 18/01/13 04:20
Sat Jan 13 04:21:01 AEDT 2018 com.google.debugging.sourcemap.SourceMapGeneratorV3,213
Sat Jan 13 04:24:41 AEDT 2018 com.google.debugging.sourcemap.SourceMapGeneratorV3,214
Sat Jan 13 04:24:42 AEDT 2018 com.google.debugging.sourcemap.SourceMapGeneratorV3,215
Sat Jan 13 04:24:43 AEDT 2018 com.google.debugging.sourcemap.SourceMapGeneratorV3,216
Sat Jan 13 04:24:44 AEDT 2018 com.google.debugging.sourcemap.SourceMapGeneratorV3,217
Sat Jan 13 04:24:45 AEDT 2018 com.google.debugging.sourcemap.SourceMapGeneratorV3,326
Sat Jan 13 04:34:50 AEDT 2018 com.google.debugging.sourcemap.SourceMapGeneratorV3,327
Sat Jan 13 04:34:51 AEDT 2018 com.google.debugging.sourcemap.SourceMapGeneratorV3,330
Sat Jan 13 04:34:52 AEDT 2018 com.google.debugging.sourcemap.SourceMapGeneratorV3,331
Sat Jan 13 04:34:53 AEDT 2018 Sat Jan 13 04:34:53 AEDT 2018 : com.google.debugging.sourcemap.SourceMapGeneratorV3,332=>Find no block
Sat Jan 13 04:34:54 AEDT 2018 com.google.debugging.sourcemap.SourceMapGeneratorV3,389
Sat Jan 13 04:37:24 AEDT 2018 com.google.debugging.sourcemap.SourceMapGeneratorV3,390
Sat Jan 13 04:37:25 AEDT 2018 com.google.debugging.sourcemap.SourceMapGeneratorV3,391
Sat Jan 13 04:37:26 AEDT 2018 com.google.debugging.sourcemap.SourceMapGeneratorV3,659
Timeout time : 18/01/13 04:39
Current failed test : com.google.debugging.sourcemap.SourceMapGeneratorV3Test::testMultilineMapping2 | 18/01/13 04:39
Sat Jan 13 04:39:08 AEDT 2018 com.google.debugging.sourcemap.SourceMapGeneratorV3,213
Sat Jan 13 04:42:52 AEDT 2018 com.google.debugging.sourcemap.SourceMapGeneratorV3,214
Sat Jan 13 04:42:53 AEDT 2018 com.google.debugging.sourcemap.SourceMapGeneratorV3,215
Sat Jan 13 04:42:53 AEDT 2018 com.google.debugging.sourcemap.SourceMapGeneratorV3,216
Sat Jan 13 04:42:55 AEDT 2018 com.google.debugging.sourcemap.SourceMapGeneratorV3,217
Sat Jan 13 04:42:56 AEDT 2018 com.google.debugging.sourcemap.SourceMapGeneratorV3,326
Sat Jan 13 04:52:42 AEDT 2018 com.google.debugging.sourcemap.SourceMapGeneratorV3,327
Sat Jan 13 04:52:43 AEDT 2018 com.google.debugging.sourcemap.SourceMapGeneratorV3,330
Sat Jan 13 04:52:44 AEDT 2018 com.google.debugging.sourcemap.SourceMapGeneratorV3,331
Sat Jan 13 04:52:45 AEDT 2018 Sat Jan 13 04:52:45 AEDT 2018 : com.google.debugging.sourcemap.SourceMapGeneratorV3,332=>Find no block
Sat Jan 13 04:52:46 AEDT 2018 com.google.debugging.sourcemap.SourceMapGeneratorV3,389
Sat Jan 13 04:55:12 AEDT 2018 com.google.debugging.sourcemap.SourceMapGeneratorV3,390
Sat Jan 13 04:55:13 AEDT 2018 com.google.debugging.sourcemap.SourceMapGeneratorV3,391
Sat Jan 13 04:55:14 AEDT 2018 com.google.debugging.sourcemap.SourceMapGeneratorV3,659
Timeout time : 18/01/13 04:57
