=================================================
Project : closure_49	start : 18/01/13 00:08
Current failed test : com.google.javascript.jscomp.InlineFunctionsTest::testMethodWithFunctionWithFunction | 18/01/13 00:10
Sat Jan 13 00:10:50 AEDT 2018 com.google.javascript.rhino.Node,1151
Sat Jan 13 00:10:54 AEDT 2018 com.google.javascript.rhino.Node,1156
Sat Jan 13 00:11:01 AEDT 2018 com.google.javascript.rhino.Node,1157
Sat Jan 13 00:11:02 AEDT 2018 com.google.javascript.rhino.Node,1158
Sat Jan 13 00:11:03 AEDT 2018 com.google.javascript.rhino.Node,1165
Sat Jan 13 00:11:08 AEDT 2018 Sat Jan 13 00:11:08 AEDT 2018 : com.google.javascript.rhino.Node,1166=>Find no block
Sat Jan 13 00:11:09 AEDT 2018 com.google.javascript.rhino.Node,1171
Timeout time : 18/01/13 00:14
Current failed test : com.google.javascript.jscomp.FunctionToBlockMutatorTest::testMutate8 | 18/01/13 00:14
Sat Jan 13 00:14:57 AEDT 2018 com.google.javascript.rhino.Node,1151
Sat Jan 13 00:15:01 AEDT 2018 com.google.javascript.rhino.Node,1156
Sat Jan 13 00:15:08 AEDT 2018 com.google.javascript.rhino.Node,1157
Sat Jan 13 00:15:09 AEDT 2018 com.google.javascript.rhino.Node,1158
Sat Jan 13 00:15:11 AEDT 2018 com.google.javascript.rhino.Node,1165
Sat Jan 13 00:15:15 AEDT 2018 Sat Jan 13 00:15:15 AEDT 2018 : com.google.javascript.rhino.Node,1166=>Find no block
Sat Jan 13 00:15:16 AEDT 2018 com.google.javascript.rhino.Node,1171
Timeout time : 18/01/13 00:18
Current failed test : com.google.javascript.jscomp.FunctionInjectorTest::testBug1897706 | 18/01/13 00:18
Sat Jan 13 00:19:06 AEDT 2018 com.google.javascript.rhino.Node,1151
Sat Jan 13 00:19:11 AEDT 2018 com.google.javascript.rhino.Node,1156
Sat Jan 13 00:19:18 AEDT 2018 com.google.javascript.rhino.Node,1157
Sat Jan 13 00:19:19 AEDT 2018 com.google.javascript.rhino.Node,1158
Sat Jan 13 00:19:20 AEDT 2018 com.google.javascript.rhino.Node,1165
Sat Jan 13 00:19:25 AEDT 2018 Sat Jan 13 00:19:25 AEDT 2018 : com.google.javascript.rhino.Node,1166=>Find no block
Sat Jan 13 00:19:26 AEDT 2018 com.google.javascript.rhino.Node,1171
Timeout time : 18/01/13 00:23
Current failed test : com.google.javascript.jscomp.InlineFunctionsTest::testCostBasedInlining11 | 18/01/13 00:23
Sat Jan 13 00:23:13 AEDT 2018 com.google.javascript.rhino.Node,1151
Sat Jan 13 00:23:17 AEDT 2018 com.google.javascript.rhino.Node,1156
Sat Jan 13 00:23:24 AEDT 2018 com.google.javascript.rhino.Node,1157
Sat Jan 13 00:23:24 AEDT 2018 com.google.javascript.rhino.Node,1158
Sat Jan 13 00:23:25 AEDT 2018 com.google.javascript.rhino.Node,1165
Sat Jan 13 00:23:30 AEDT 2018 Sat Jan 13 00:23:30 AEDT 2018 : com.google.javascript.rhino.Node,1166=>Find no block
Sat Jan 13 00:23:30 AEDT 2018 com.google.javascript.rhino.Node,1171
Timeout time : 18/01/13 00:27
Current failed test : com.google.javascript.jscomp.InlineFunctionsTest::testInlineFunctions15d | 18/01/13 00:27
Sat Jan 13 00:27:21 AEDT 2018 com.google.javascript.rhino.Node,1151
Sat Jan 13 00:27:25 AEDT 2018 com.google.javascript.rhino.Node,1156
Sat Jan 13 00:27:33 AEDT 2018 com.google.javascript.rhino.Node,1157
Sat Jan 13 00:27:34 AEDT 2018 com.google.javascript.rhino.Node,1158
Sat Jan 13 00:27:35 AEDT 2018 com.google.javascript.rhino.Node,1165
Sat Jan 13 00:27:40 AEDT 2018 Sat Jan 13 00:27:40 AEDT 2018 : com.google.javascript.rhino.Node,1166=>Find no block
Sat Jan 13 00:27:41 AEDT 2018 com.google.javascript.rhino.Node,1171
Timeout time : 18/01/13 00:31
Current failed test : com.google.javascript.jscomp.InlineFunctionsTest::testInlineFunctions15b | 18/01/13 00:31
Sat Jan 13 00:31:27 AEDT 2018 com.google.javascript.rhino.Node,1151
Sat Jan 13 00:31:32 AEDT 2018 com.google.javascript.rhino.Node,1156
Sat Jan 13 00:31:39 AEDT 2018 com.google.javascript.rhino.Node,1157
Sat Jan 13 00:31:40 AEDT 2018 com.google.javascript.rhino.Node,1158
Sat Jan 13 00:31:41 AEDT 2018 com.google.javascript.rhino.Node,1165
Sat Jan 13 00:31:45 AEDT 2018 Sat Jan 13 00:31:45 AEDT 2018 : com.google.javascript.rhino.Node,1166=>Find no block
Sat Jan 13 00:31:46 AEDT 2018 com.google.javascript.rhino.Node,1171
Timeout time : 18/01/13 00:35
Current failed test : com.google.javascript.jscomp.InlineFunctionsTest::testNoInlineIfParametersModified7 | 18/01/13 00:35
Sat Jan 13 00:35:35 AEDT 2018 com.google.javascript.rhino.Node,1151
Sat Jan 13 00:35:40 AEDT 2018 com.google.javascript.rhino.Node,1156
Sat Jan 13 00:35:46 AEDT 2018 com.google.javascript.rhino.Node,1157
Sat Jan 13 00:35:48 AEDT 2018 com.google.javascript.rhino.Node,1158
Sat Jan 13 00:35:49 AEDT 2018 com.google.javascript.rhino.Node,1165
Sat Jan 13 00:35:53 AEDT 2018 Sat Jan 13 00:35:53 AEDT 2018 : com.google.javascript.rhino.Node,1166=>Find no block
Sat Jan 13 00:35:55 AEDT 2018 com.google.javascript.rhino.Node,1171
Timeout time : 18/01/13 00:39
Current failed test : com.google.javascript.jscomp.InlineFunctionsTest::testNoInlineIfParametersModified5 | 18/01/13 00:39
Sat Jan 13 00:39:42 AEDT 2018 com.google.javascript.rhino.Node,1151
Sat Jan 13 00:39:46 AEDT 2018 com.google.javascript.rhino.Node,1156
Sat Jan 13 00:39:53 AEDT 2018 com.google.javascript.rhino.Node,1157
Sat Jan 13 00:39:55 AEDT 2018 com.google.javascript.rhino.Node,1158
Sat Jan 13 00:39:56 AEDT 2018 com.google.javascript.rhino.Node,1165
Sat Jan 13 00:40:00 AEDT 2018 Sat Jan 13 00:40:00 AEDT 2018 : com.google.javascript.rhino.Node,1166=>Find no block
Sat Jan 13 00:40:02 AEDT 2018 com.google.javascript.rhino.Node,1171
Timeout time : 18/01/13 00:43
Current failed test : com.google.javascript.jscomp.InlineFunctionsTest::testNoInlineIfParametersModified6 | 18/01/13 00:43
Sat Jan 13 00:43:51 AEDT 2018 com.google.javascript.rhino.Node,1151
Sat Jan 13 00:43:55 AEDT 2018 com.google.javascript.rhino.Node,1156
Sat Jan 13 00:44:01 AEDT 2018 com.google.javascript.rhino.Node,1157
Sat Jan 13 00:44:02 AEDT 2018 com.google.javascript.rhino.Node,1158
Sat Jan 13 00:44:03 AEDT 2018 com.google.javascript.rhino.Node,1165
Sat Jan 13 00:44:07 AEDT 2018 Sat Jan 13 00:44:07 AEDT 2018 : com.google.javascript.rhino.Node,1166=>Find no block
Sat Jan 13 00:44:09 AEDT 2018 com.google.javascript.rhino.Node,1171
Timeout time : 18/01/13 00:47
Current failed test : com.google.javascript.jscomp.InlineFunctionsTest::testNoInlineIfParametersModified3 | 18/01/13 00:47
Sat Jan 13 00:47:59 AEDT 2018 com.google.javascript.rhino.Node,1151
Sat Jan 13 00:48:03 AEDT 2018 com.google.javascript.rhino.Node,1156
Sat Jan 13 00:48:10 AEDT 2018 com.google.javascript.rhino.Node,1157
Sat Jan 13 00:48:11 AEDT 2018 com.google.javascript.rhino.Node,1158
Sat Jan 13 00:48:12 AEDT 2018 com.google.javascript.rhino.Node,1165
Sat Jan 13 00:48:16 AEDT 2018 Sat Jan 13 00:48:16 AEDT 2018 : com.google.javascript.rhino.Node,1166=>Find no block
Sat Jan 13 00:48:17 AEDT 2018 com.google.javascript.rhino.Node,1171
Timeout time : 18/01/13 00:52
Current failed test : com.google.javascript.jscomp.InlineFunctionsTest::testNoInlineIfParametersModified4 | 18/01/13 00:52
Sat Jan 13 00:52:08 AEDT 2018 com.google.javascript.rhino.Node,1151
Sat Jan 13 00:52:12 AEDT 2018 com.google.javascript.rhino.Node,1156
Sat Jan 13 00:52:19 AEDT 2018 com.google.javascript.rhino.Node,1157
Sat Jan 13 00:52:20 AEDT 2018 com.google.javascript.rhino.Node,1158
Sat Jan 13 00:52:21 AEDT 2018 com.google.javascript.rhino.Node,1165
Sat Jan 13 00:52:25 AEDT 2018 Sat Jan 13 00:52:25 AEDT 2018 : com.google.javascript.rhino.Node,1166=>Find no block
Sat Jan 13 00:52:26 AEDT 2018 com.google.javascript.rhino.Node,1171
Timeout time : 18/01/13 00:56
Current failed test : com.google.javascript.jscomp.InlineFunctionsTest::testShadowVariables1 | 18/01/13 00:56
Sat Jan 13 00:56:15 AEDT 2018 com.google.javascript.rhino.Node,1151
Sat Jan 13 00:56:19 AEDT 2018 com.google.javascript.rhino.Node,1156
Sat Jan 13 00:56:26 AEDT 2018 com.google.javascript.rhino.Node,1157
Sat Jan 13 00:56:27 AEDT 2018 com.google.javascript.rhino.Node,1158
Sat Jan 13 00:56:28 AEDT 2018 com.google.javascript.rhino.Node,1165
Sat Jan 13 00:56:32 AEDT 2018 Sat Jan 13 00:56:32 AEDT 2018 : com.google.javascript.rhino.Node,1166=>Find no block
Sat Jan 13 00:56:33 AEDT 2018 com.google.javascript.rhino.Node,1171
Timeout time : 18/01/13 01:00
Current failed test : com.google.javascript.jscomp.InlineFunctionsTest::testDecomposeFunctionExpressionInCall | 18/01/13 01:00
Sat Jan 13 01:00:23 AEDT 2018 com.google.javascript.rhino.Node,1151
Sat Jan 13 01:00:28 AEDT 2018 com.google.javascript.rhino.Node,1156
Sat Jan 13 01:00:35 AEDT 2018 com.google.javascript.rhino.Node,1157
Sat Jan 13 01:00:35 AEDT 2018 com.google.javascript.rhino.Node,1158
Sat Jan 13 01:00:37 AEDT 2018 com.google.javascript.rhino.Node,1165
Sat Jan 13 01:00:41 AEDT 2018 Sat Jan 13 01:00:41 AEDT 2018 : com.google.javascript.rhino.Node,1166=>Find no block
Sat Jan 13 01:00:42 AEDT 2018 com.google.javascript.rhino.Node,1171
Timeout time : 18/01/13 01:04
Current failed test : com.google.javascript.jscomp.InlineFunctionsTest::testInlineFunctions9 | 18/01/13 01:04
Sat Jan 13 01:04:30 AEDT 2018 com.google.javascript.rhino.Node,1151
Sat Jan 13 01:04:34 AEDT 2018 com.google.javascript.rhino.Node,1156
Sat Jan 13 01:04:41 AEDT 2018 com.google.javascript.rhino.Node,1157
Sat Jan 13 01:04:42 AEDT 2018 com.google.javascript.rhino.Node,1158
Sat Jan 13 01:04:43 AEDT 2018 com.google.javascript.rhino.Node,1165
Sat Jan 13 01:04:47 AEDT 2018 Sat Jan 13 01:04:47 AEDT 2018 : com.google.javascript.rhino.Node,1166=>Find no block
Sat Jan 13 01:04:48 AEDT 2018 com.google.javascript.rhino.Node,1171
Timeout time : 18/01/13 01:08
Current failed test : com.google.javascript.jscomp.InlineFunctionsTest::testMixedModeInliningCosting3 | 18/01/13 01:08
Sat Jan 13 01:08:37 AEDT 2018 com.google.javascript.rhino.Node,1151
Sat Jan 13 01:08:42 AEDT 2018 com.google.javascript.rhino.Node,1156
Sat Jan 13 01:08:48 AEDT 2018 com.google.javascript.rhino.Node,1157
Sat Jan 13 01:08:49 AEDT 2018 com.google.javascript.rhino.Node,1158
Sat Jan 13 01:08:50 AEDT 2018 com.google.javascript.rhino.Node,1165
Sat Jan 13 01:08:55 AEDT 2018 Sat Jan 13 01:08:55 AEDT 2018 : com.google.javascript.rhino.Node,1166=>Find no block
Sat Jan 13 01:08:56 AEDT 2018 com.google.javascript.rhino.Node,1171
Timeout time : 18/01/13 01:12
Current failed test : com.google.javascript.jscomp.InlineFunctionsTest::testShadowVariables3 | 18/01/13 01:12
Sat Jan 13 01:12:45 AEDT 2018 com.google.javascript.rhino.Node,1151
Sat Jan 13 01:12:49 AEDT 2018 com.google.javascript.rhino.Node,1156
Sat Jan 13 01:12:56 AEDT 2018 com.google.javascript.rhino.Node,1157
Sat Jan 13 01:12:57 AEDT 2018 com.google.javascript.rhino.Node,1158
Sat Jan 13 01:12:58 AEDT 2018 com.google.javascript.rhino.Node,1165
Sat Jan 13 01:13:02 AEDT 2018 Sat Jan 13 01:13:02 AEDT 2018 : com.google.javascript.rhino.Node,1166=>Find no block
Sat Jan 13 01:13:03 AEDT 2018 com.google.javascript.rhino.Node,1171
Timeout time : 18/01/13 01:16
Current failed test : com.google.javascript.jscomp.InlineFunctionsTest::testInlineNeverMutateConstants | 18/01/13 01:16
Sat Jan 13 01:16:51 AEDT 2018 com.google.javascript.rhino.Node,1151
Sat Jan 13 01:16:56 AEDT 2018 com.google.javascript.rhino.Node,1156
Sat Jan 13 01:17:03 AEDT 2018 com.google.javascript.rhino.Node,1157
Sat Jan 13 01:17:03 AEDT 2018 com.google.javascript.rhino.Node,1158
Sat Jan 13 01:17:05 AEDT 2018 com.google.javascript.rhino.Node,1165
Sat Jan 13 01:17:09 AEDT 2018 Sat Jan 13 01:17:09 AEDT 2018 : com.google.javascript.rhino.Node,1166=>Find no block
Sat Jan 13 01:17:10 AEDT 2018 com.google.javascript.rhino.Node,1171
Timeout time : 18/01/13 01:20
Current failed test : com.google.javascript.jscomp.InlineFunctionsTest::testComplexFunctionWithFunctionDefinition3 | 18/01/13 01:20
Sat Jan 13 01:20:59 AEDT 2018 com.google.javascript.rhino.Node,1151
Sat Jan 13 01:21:03 AEDT 2018 com.google.javascript.rhino.Node,1156
Sat Jan 13 01:21:11 AEDT 2018 com.google.javascript.rhino.Node,1157
Sat Jan 13 01:21:11 AEDT 2018 com.google.javascript.rhino.Node,1158
Sat Jan 13 01:21:13 AEDT 2018 com.google.javascript.rhino.Node,1165
Sat Jan 13 01:21:17 AEDT 2018 Sat Jan 13 01:21:17 AEDT 2018 : com.google.javascript.rhino.Node,1166=>Find no block
Sat Jan 13 01:21:18 AEDT 2018 com.google.javascript.rhino.Node,1171
Timeout time : 18/01/13 01:24
Current failed test : com.google.javascript.jscomp.InlineFunctionsTest::testShadowVariables6 | 18/01/13 01:24
Sat Jan 13 01:25:07 AEDT 2018 com.google.javascript.rhino.Node,1151
Sat Jan 13 01:25:11 AEDT 2018 com.google.javascript.rhino.Node,1156
Sat Jan 13 01:25:18 AEDT 2018 com.google.javascript.rhino.Node,1157
Sat Jan 13 01:25:19 AEDT 2018 com.google.javascript.rhino.Node,1158
Sat Jan 13 01:25:20 AEDT 2018 com.google.javascript.rhino.Node,1165
Sat Jan 13 01:25:24 AEDT 2018 Sat Jan 13 01:25:24 AEDT 2018 : com.google.javascript.rhino.Node,1166=>Find no block
Sat Jan 13 01:25:26 AEDT 2018 com.google.javascript.rhino.Node,1171
Timeout time : 18/01/13 01:29
Current failed test : com.google.javascript.jscomp.InlineFunctionsTest::testComplexFunctionWithFunctionDefinition2 | 18/01/13 01:29
Sat Jan 13 01:29:13 AEDT 2018 com.google.javascript.rhino.Node,1151
Sat Jan 13 01:29:17 AEDT 2018 com.google.javascript.rhino.Node,1156
Sat Jan 13 01:29:24 AEDT 2018 com.google.javascript.rhino.Node,1157
Sat Jan 13 01:29:25 AEDT 2018 com.google.javascript.rhino.Node,1158
Sat Jan 13 01:29:27 AEDT 2018 com.google.javascript.rhino.Node,1165
Sat Jan 13 01:29:31 AEDT 2018 Sat Jan 13 01:29:31 AEDT 2018 : com.google.javascript.rhino.Node,1166=>Find no block
Sat Jan 13 01:29:34 AEDT 2018 com.google.javascript.rhino.Node,1171
Timeout time : 18/01/13 01:33
Current failed test : com.google.javascript.jscomp.InlineFunctionsTest::testShadowVariables7 | 18/01/13 01:33
Sat Jan 13 01:33:20 AEDT 2018 com.google.javascript.rhino.Node,1151
Sat Jan 13 01:33:24 AEDT 2018 com.google.javascript.rhino.Node,1156
Sat Jan 13 01:33:30 AEDT 2018 com.google.javascript.rhino.Node,1157
Sat Jan 13 01:33:31 AEDT 2018 com.google.javascript.rhino.Node,1158
Sat Jan 13 01:33:32 AEDT 2018 com.google.javascript.rhino.Node,1165
Sat Jan 13 01:33:35 AEDT 2018 Sat Jan 13 01:33:35 AEDT 2018 : com.google.javascript.rhino.Node,1166=>Find no block
Sat Jan 13 01:33:36 AEDT 2018 com.google.javascript.rhino.Node,1171
Timeout time : 18/01/13 01:37
Current failed test : com.google.javascript.jscomp.InlineFunctionsTest::testInlineNeverOverrideNewValues | 18/01/13 01:37
Sat Jan 13 01:37:29 AEDT 2018 com.google.javascript.rhino.Node,1151
Sat Jan 13 01:37:33 AEDT 2018 com.google.javascript.rhino.Node,1156
Sat Jan 13 01:37:40 AEDT 2018 com.google.javascript.rhino.Node,1157
Sat Jan 13 01:37:40 AEDT 2018 com.google.javascript.rhino.Node,1158
Sat Jan 13 01:37:42 AEDT 2018 com.google.javascript.rhino.Node,1165
Sat Jan 13 01:37:46 AEDT 2018 Sat Jan 13 01:37:46 AEDT 2018 : com.google.javascript.rhino.Node,1166=>Find no block
Sat Jan 13 01:37:46 AEDT 2018 com.google.javascript.rhino.Node,1171
Timeout time : 18/01/13 01:41
Current failed test : com.google.javascript.jscomp.FunctionToBlockMutatorTest::testMutateCallInLoopVars1 | 18/01/13 01:41
Sat Jan 13 01:41:35 AEDT 2018 com.google.javascript.rhino.Node,1151
Sat Jan 13 01:41:39 AEDT 2018 com.google.javascript.rhino.Node,1156
Sat Jan 13 01:41:46 AEDT 2018 com.google.javascript.rhino.Node,1157
Sat Jan 13 01:41:47 AEDT 2018 com.google.javascript.rhino.Node,1158
Sat Jan 13 01:41:48 AEDT 2018 com.google.javascript.rhino.Node,1165
Sat Jan 13 01:41:53 AEDT 2018 Sat Jan 13 01:41:53 AEDT 2018 : com.google.javascript.rhino.Node,1166=>Find no block
Sat Jan 13 01:41:53 AEDT 2018 com.google.javascript.rhino.Node,1171
Timeout time : 18/01/13 01:45
Current failed test : com.google.javascript.jscomp.InlineFunctionsTest::testCostBasedInlining9 | 18/01/13 01:45
Sat Jan 13 01:45:42 AEDT 2018 com.google.javascript.rhino.Node,1151
Sat Jan 13 01:45:47 AEDT 2018 com.google.javascript.rhino.Node,1156
Sat Jan 13 01:45:53 AEDT 2018 com.google.javascript.rhino.Node,1157
Sat Jan 13 01:45:55 AEDT 2018 com.google.javascript.rhino.Node,1158
Sat Jan 13 01:45:56 AEDT 2018 com.google.javascript.rhino.Node,1165
Sat Jan 13 01:46:00 AEDT 2018 Sat Jan 13 01:46:00 AEDT 2018 : com.google.javascript.rhino.Node,1166=>Find no block
Sat Jan 13 01:46:01 AEDT 2018 com.google.javascript.rhino.Node,1171
Timeout time : 18/01/13 01:49
Current failed test : com.google.javascript.jscomp.InlineFunctionsTest::testComplexFunctionWithFunctionDefinition2a | 18/01/13 01:49
Sat Jan 13 01:49:50 AEDT 2018 com.google.javascript.rhino.Node,1151
Sat Jan 13 01:49:53 AEDT 2018 com.google.javascript.rhino.Node,1156
Sat Jan 13 01:50:00 AEDT 2018 com.google.javascript.rhino.Node,1157
Sat Jan 13 01:50:01 AEDT 2018 com.google.javascript.rhino.Node,1158
Sat Jan 13 01:50:02 AEDT 2018 com.google.javascript.rhino.Node,1165
Sat Jan 13 01:50:07 AEDT 2018 Sat Jan 13 01:50:07 AEDT 2018 : com.google.javascript.rhino.Node,1166=>Find no block
Sat Jan 13 01:50:08 AEDT 2018 com.google.javascript.rhino.Node,1171
Timeout time : 18/01/13 01:53
Current failed test : com.google.javascript.jscomp.InlineFunctionsTest::testLoopWithFunctionWithFunction | 18/01/13 01:53
Sat Jan 13 01:53:58 AEDT 2018 com.google.javascript.rhino.Node,1151
Sat Jan 13 01:54:02 AEDT 2018 com.google.javascript.rhino.Node,1156
Sat Jan 13 01:54:09 AEDT 2018 com.google.javascript.rhino.Node,1157
Sat Jan 13 01:54:10 AEDT 2018 com.google.javascript.rhino.Node,1158
Sat Jan 13 01:54:11 AEDT 2018 com.google.javascript.rhino.Node,1165
Sat Jan 13 01:54:15 AEDT 2018 Sat Jan 13 01:54:15 AEDT 2018 : com.google.javascript.rhino.Node,1166=>Find no block
Sat Jan 13 01:54:16 AEDT 2018 com.google.javascript.rhino.Node,1171
Timeout time : 18/01/13 01:57
Current failed test : com.google.javascript.jscomp.InlineFunctionsTest::testInlineFunctions23 | 18/01/13 01:57
Sat Jan 13 01:58:05 AEDT 2018 com.google.javascript.rhino.Node,1151
Sat Jan 13 01:58:10 AEDT 2018 com.google.javascript.rhino.Node,1156
Sat Jan 13 01:58:17 AEDT 2018 com.google.javascript.rhino.Node,1157
Sat Jan 13 01:58:17 AEDT 2018 com.google.javascript.rhino.Node,1158
Sat Jan 13 01:58:19 AEDT 2018 com.google.javascript.rhino.Node,1165
Sat Jan 13 01:58:23 AEDT 2018 Sat Jan 13 01:58:23 AEDT 2018 : com.google.javascript.rhino.Node,1166=>Find no block
Sat Jan 13 01:58:24 AEDT 2018 com.google.javascript.rhino.Node,1171
Timeout time : 18/01/13 02:02
Current failed test : com.google.javascript.jscomp.InlineFunctionsTest::testInlineBlockMutableArgs1 | 18/01/13 02:02
Sat Jan 13 02:02:12 AEDT 2018 com.google.javascript.rhino.Node,1151
Sat Jan 13 02:02:16 AEDT 2018 com.google.javascript.rhino.Node,1156
Sat Jan 13 02:02:24 AEDT 2018 com.google.javascript.rhino.Node,1157
Sat Jan 13 02:02:24 AEDT 2018 com.google.javascript.rhino.Node,1158
Sat Jan 13 02:02:26 AEDT 2018 com.google.javascript.rhino.Node,1165
Sat Jan 13 02:02:30 AEDT 2018 Sat Jan 13 02:02:30 AEDT 2018 : com.google.javascript.rhino.Node,1166=>Find no block
Sat Jan 13 02:02:31 AEDT 2018 com.google.javascript.rhino.Node,1171
Timeout time : 18/01/13 02:06
Current failed test : com.google.javascript.jscomp.InlineFunctionsTest::testInlineFunctions22 | 18/01/13 02:06
Sat Jan 13 02:06:21 AEDT 2018 com.google.javascript.rhino.Node,1151
Sat Jan 13 02:06:25 AEDT 2018 com.google.javascript.rhino.Node,1156
Sat Jan 13 02:06:32 AEDT 2018 com.google.javascript.rhino.Node,1157
Sat Jan 13 02:06:33 AEDT 2018 com.google.javascript.rhino.Node,1158
Sat Jan 13 02:06:34 AEDT 2018 com.google.javascript.rhino.Node,1165
Sat Jan 13 02:06:39 AEDT 2018 Sat Jan 13 02:06:39 AEDT 2018 : com.google.javascript.rhino.Node,1166=>Find no block
Sat Jan 13 02:06:40 AEDT 2018 com.google.javascript.rhino.Node,1171
Timeout time : 18/01/13 02:10
Current failed test : com.google.javascript.jscomp.InlineFunctionsTest::testInlineBlockMutableArgs2 | 18/01/13 02:10
Sat Jan 13 02:10:27 AEDT 2018 com.google.javascript.rhino.Node,1151
Sat Jan 13 02:10:31 AEDT 2018 com.google.javascript.rhino.Node,1156
Sat Jan 13 02:10:38 AEDT 2018 com.google.javascript.rhino.Node,1157
Sat Jan 13 02:10:39 AEDT 2018 com.google.javascript.rhino.Node,1158
Sat Jan 13 02:10:40 AEDT 2018 com.google.javascript.rhino.Node,1165
Sat Jan 13 02:10:44 AEDT 2018 Sat Jan 13 02:10:44 AEDT 2018 : com.google.javascript.rhino.Node,1166=>Find no block
Sat Jan 13 02:10:45 AEDT 2018 com.google.javascript.rhino.Node,1171
Timeout time : 18/01/13 02:14
Current failed test : com.google.javascript.jscomp.InlineFunctionsTest::testInlineBlockMutableArgs3 | 18/01/13 02:14
Sat Jan 13 02:14:34 AEDT 2018 com.google.javascript.rhino.Node,1151
Sat Jan 13 02:14:38 AEDT 2018 com.google.javascript.rhino.Node,1156
Sat Jan 13 02:14:44 AEDT 2018 com.google.javascript.rhino.Node,1157
Sat Jan 13 02:14:45 AEDT 2018 com.google.javascript.rhino.Node,1158
Sat Jan 13 02:14:46 AEDT 2018 com.google.javascript.rhino.Node,1165
Sat Jan 13 02:14:50 AEDT 2018 Sat Jan 13 02:14:50 AEDT 2018 : com.google.javascript.rhino.Node,1166=>Find no block
Sat Jan 13 02:14:52 AEDT 2018 com.google.javascript.rhino.Node,1171
Timeout time : 18/01/13 02:18
Current failed test : com.google.javascript.jscomp.InlineFunctionsTest::testInlineBlockMutableArgs4 | 18/01/13 02:18
Sat Jan 13 02:18:41 AEDT 2018 com.google.javascript.rhino.Node,1151
Sat Jan 13 02:18:46 AEDT 2018 com.google.javascript.rhino.Node,1156
Sat Jan 13 02:18:52 AEDT 2018 com.google.javascript.rhino.Node,1157
Sat Jan 13 02:18:53 AEDT 2018 com.google.javascript.rhino.Node,1158
Sat Jan 13 02:18:55 AEDT 2018 com.google.javascript.rhino.Node,1165
Sat Jan 13 02:18:59 AEDT 2018 Sat Jan 13 02:18:59 AEDT 2018 : com.google.javascript.rhino.Node,1166=>Find no block
Sat Jan 13 02:18:59 AEDT 2018 com.google.javascript.rhino.Node,1171
Timeout time : 18/01/13 02:22
Current failed test : com.google.javascript.jscomp.InlineFunctionsTest::testComplexSample | 18/01/13 02:22
Sat Jan 13 02:22:49 AEDT 2018 com.google.javascript.rhino.Node,1151
Sat Jan 13 02:22:53 AEDT 2018 com.google.javascript.rhino.Node,1156
Sat Jan 13 02:23:00 AEDT 2018 com.google.javascript.rhino.Node,1157
Sat Jan 13 02:23:01 AEDT 2018 com.google.javascript.rhino.Node,1158
Sat Jan 13 02:23:02 AEDT 2018 com.google.javascript.rhino.Node,1165
Sat Jan 13 02:23:06 AEDT 2018 Sat Jan 13 02:23:06 AEDT 2018 : com.google.javascript.rhino.Node,1166=>Find no block
Sat Jan 13 02:23:07 AEDT 2018 com.google.javascript.rhino.Node,1171
Timeout time : 18/01/13 02:26
Current failed test : com.google.javascript.jscomp.FunctionToBlockMutatorTest::testMutateWithParameters3 | 18/01/13 02:26
Sat Jan 13 02:26:56 AEDT 2018 com.google.javascript.rhino.Node,1151
Sat Jan 13 02:27:00 AEDT 2018 com.google.javascript.rhino.Node,1156
Sat Jan 13 02:27:07 AEDT 2018 com.google.javascript.rhino.Node,1157
Sat Jan 13 02:27:08 AEDT 2018 com.google.javascript.rhino.Node,1158
Sat Jan 13 02:27:10 AEDT 2018 com.google.javascript.rhino.Node,1165
Sat Jan 13 02:27:14 AEDT 2018 Sat Jan 13 02:27:14 AEDT 2018 : com.google.javascript.rhino.Node,1166=>Find no block
Sat Jan 13 02:27:14 AEDT 2018 com.google.javascript.rhino.Node,1171
Timeout time : 18/01/13 02:30
Current failed test : com.google.javascript.jscomp.FunctionInjectorTest::testInlineIntoLoop | 18/01/13 02:30
Sat Jan 13 02:31:04 AEDT 2018 com.google.javascript.rhino.Node,1151
Sat Jan 13 02:31:09 AEDT 2018 com.google.javascript.rhino.Node,1156
Sat Jan 13 02:31:15 AEDT 2018 com.google.javascript.rhino.Node,1157
Sat Jan 13 02:31:16 AEDT 2018 com.google.javascript.rhino.Node,1158
Sat Jan 13 02:31:17 AEDT 2018 com.google.javascript.rhino.Node,1165
Sat Jan 13 02:31:21 AEDT 2018 Sat Jan 13 02:31:21 AEDT 2018 : com.google.javascript.rhino.Node,1166=>Find no block
Sat Jan 13 02:31:24 AEDT 2018 com.google.javascript.rhino.Node,1171
Timeout time : 18/01/13 02:35
Current failed test : com.google.javascript.jscomp.InlineFunctionsTest::testIssue423 | 18/01/13 02:35
Sat Jan 13 02:35:11 AEDT 2018 com.google.javascript.rhino.Node,1151
Sat Jan 13 02:35:15 AEDT 2018 com.google.javascript.rhino.Node,1156
Sat Jan 13 02:35:22 AEDT 2018 com.google.javascript.rhino.Node,1157
Sat Jan 13 02:35:23 AEDT 2018 com.google.javascript.rhino.Node,1158
Sat Jan 13 02:35:24 AEDT 2018 com.google.javascript.rhino.Node,1165
Sat Jan 13 02:35:28 AEDT 2018 Sat Jan 13 02:35:28 AEDT 2018 : com.google.javascript.rhino.Node,1166=>Find no block
Sat Jan 13 02:35:29 AEDT 2018 com.google.javascript.rhino.Node,1171
Timeout time : 18/01/13 02:39
Current failed test : com.google.javascript.jscomp.InlineFunctionsTest::testAnonymous3 | 18/01/13 02:39
Sat Jan 13 02:39:16 AEDT 2018 com.google.javascript.rhino.Node,1151
Sat Jan 13 02:39:20 AEDT 2018 com.google.javascript.rhino.Node,1156
Sat Jan 13 02:39:26 AEDT 2018 com.google.javascript.rhino.Node,1157
Sat Jan 13 02:39:27 AEDT 2018 com.google.javascript.rhino.Node,1158
Sat Jan 13 02:39:28 AEDT 2018 com.google.javascript.rhino.Node,1165
Sat Jan 13 02:39:31 AEDT 2018 Sat Jan 13 02:39:31 AEDT 2018 : com.google.javascript.rhino.Node,1166=>Find no block
Sat Jan 13 02:39:33 AEDT 2018 com.google.javascript.rhino.Node,1171
Timeout time : 18/01/13 02:43
Current failed test : com.google.javascript.jscomp.InlineFunctionsTest::testComplexInlineVars7 | 18/01/13 02:43
Sat Jan 13 02:43:25 AEDT 2018 com.google.javascript.rhino.Node,1151
Sat Jan 13 02:43:29 AEDT 2018 com.google.javascript.rhino.Node,1156
Sat Jan 13 02:43:35 AEDT 2018 com.google.javascript.rhino.Node,1157
Sat Jan 13 02:43:36 AEDT 2018 com.google.javascript.rhino.Node,1158
Sat Jan 13 02:43:37 AEDT 2018 com.google.javascript.rhino.Node,1165
Sat Jan 13 02:43:40 AEDT 2018 Sat Jan 13 02:43:40 AEDT 2018 : com.google.javascript.rhino.Node,1166=>Find no block
Sat Jan 13 02:43:41 AEDT 2018 com.google.javascript.rhino.Node,1171
Timeout time : 18/01/13 02:47
Current failed test : com.google.javascript.jscomp.InlineFunctionsTest::testAnonymous1 | 18/01/13 02:47
Sat Jan 13 02:47:33 AEDT 2018 com.google.javascript.rhino.Node,1151
Sat Jan 13 02:47:37 AEDT 2018 com.google.javascript.rhino.Node,1156
Sat Jan 13 02:47:44 AEDT 2018 com.google.javascript.rhino.Node,1157
Sat Jan 13 02:47:45 AEDT 2018 com.google.javascript.rhino.Node,1158
Sat Jan 13 02:47:46 AEDT 2018 com.google.javascript.rhino.Node,1165
Sat Jan 13 02:47:50 AEDT 2018 Sat Jan 13 02:47:50 AEDT 2018 : com.google.javascript.rhino.Node,1166=>Find no block
Sat Jan 13 02:47:51 AEDT 2018 com.google.javascript.rhino.Node,1171
Timeout time : 18/01/13 02:51
Current failed test : com.google.javascript.jscomp.InlineFunctionsTest::testFunctionExpressionYCombinator | 18/01/13 02:51
Sat Jan 13 02:51:41 AEDT 2018 com.google.javascript.rhino.Node,1151
Sat Jan 13 02:51:45 AEDT 2018 com.google.javascript.rhino.Node,1156
Sat Jan 13 02:51:51 AEDT 2018 com.google.javascript.rhino.Node,1157
Sat Jan 13 02:51:52 AEDT 2018 com.google.javascript.rhino.Node,1158
Sat Jan 13 02:51:53 AEDT 2018 com.google.javascript.rhino.Node,1165
Sat Jan 13 02:51:57 AEDT 2018 Sat Jan 13 02:51:57 AEDT 2018 : com.google.javascript.rhino.Node,1166=>Find no block
Sat Jan 13 02:51:58 AEDT 2018 com.google.javascript.rhino.Node,1171
Timeout time : 18/01/13 02:55
Current failed test : com.google.javascript.jscomp.FunctionInjectorTest::testInline13 | 18/01/13 02:55
Sat Jan 13 02:55:46 AEDT 2018 com.google.javascript.rhino.Node,1151
Sat Jan 13 02:55:50 AEDT 2018 com.google.javascript.rhino.Node,1156
Sat Jan 13 02:55:56 AEDT 2018 com.google.javascript.rhino.Node,1157
Sat Jan 13 02:55:57 AEDT 2018 com.google.javascript.rhino.Node,1158
Sat Jan 13 02:55:58 AEDT 2018 com.google.javascript.rhino.Node,1165
Sat Jan 13 02:56:02 AEDT 2018 Sat Jan 13 02:56:02 AEDT 2018 : com.google.javascript.rhino.Node,1166=>Find no block
Sat Jan 13 02:56:03 AEDT 2018 com.google.javascript.rhino.Node,1171
Timeout time : 18/01/13 02:59
Current failed test : com.google.javascript.jscomp.FunctionInjectorTest::testInline14 | 18/01/13 02:59
Sat Jan 13 02:59:53 AEDT 2018 com.google.javascript.rhino.Node,1151
Sat Jan 13 02:59:56 AEDT 2018 com.google.javascript.rhino.Node,1156
Sat Jan 13 03:00:02 AEDT 2018 com.google.javascript.rhino.Node,1157
Sat Jan 13 03:00:03 AEDT 2018 com.google.javascript.rhino.Node,1158
Sat Jan 13 03:00:04 AEDT 2018 com.google.javascript.rhino.Node,1165
Sat Jan 13 03:00:08 AEDT 2018 Sat Jan 13 03:00:08 AEDT 2018 : com.google.javascript.rhino.Node,1166=>Find no block
Sat Jan 13 03:00:09 AEDT 2018 com.google.javascript.rhino.Node,1171
Timeout time : 18/01/13 03:03
Current failed test : com.google.javascript.jscomp.FunctionInjectorTest::testInline15 | 18/01/13 03:03
Sat Jan 13 03:04:01 AEDT 2018 com.google.javascript.rhino.Node,1151
Sat Jan 13 03:04:05 AEDT 2018 com.google.javascript.rhino.Node,1156
Sat Jan 13 03:04:11 AEDT 2018 com.google.javascript.rhino.Node,1157
Sat Jan 13 03:04:12 AEDT 2018 com.google.javascript.rhino.Node,1158
Sat Jan 13 03:04:13 AEDT 2018 com.google.javascript.rhino.Node,1165
Sat Jan 13 03:04:16 AEDT 2018 Sat Jan 13 03:04:16 AEDT 2018 : com.google.javascript.rhino.Node,1166=>Find no block
Sat Jan 13 03:04:17 AEDT 2018 com.google.javascript.rhino.Node,1171
Timeout time : 18/01/13 03:08
Current failed test : com.google.javascript.jscomp.FunctionInjectorTest::testInline16 | 18/01/13 03:08
Sat Jan 13 03:08:09 AEDT 2018 com.google.javascript.rhino.Node,1151
Sat Jan 13 03:08:13 AEDT 2018 com.google.javascript.rhino.Node,1156
Sat Jan 13 03:08:19 AEDT 2018 com.google.javascript.rhino.Node,1157
Sat Jan 13 03:08:21 AEDT 2018 com.google.javascript.rhino.Node,1158
Sat Jan 13 03:08:21 AEDT 2018 com.google.javascript.rhino.Node,1165
Sat Jan 13 03:08:25 AEDT 2018 Sat Jan 13 03:08:25 AEDT 2018 : com.google.javascript.rhino.Node,1166=>Find no block
Sat Jan 13 03:08:27 AEDT 2018 com.google.javascript.rhino.Node,1171
Timeout time : 18/01/13 03:12
Current failed test : com.google.javascript.jscomp.FunctionInjectorTest::testInline17 | 18/01/13 03:12
Sat Jan 13 03:12:17 AEDT 2018 com.google.javascript.rhino.Node,1151
Sat Jan 13 03:12:21 AEDT 2018 com.google.javascript.rhino.Node,1156
Sat Jan 13 03:12:27 AEDT 2018 com.google.javascript.rhino.Node,1157
Sat Jan 13 03:12:28 AEDT 2018 com.google.javascript.rhino.Node,1158
Sat Jan 13 03:12:29 AEDT 2018 com.google.javascript.rhino.Node,1165
Sat Jan 13 03:12:34 AEDT 2018 Sat Jan 13 03:12:34 AEDT 2018 : com.google.javascript.rhino.Node,1166=>Find no block
Sat Jan 13 03:12:37 AEDT 2018 com.google.javascript.rhino.Node,1171
Timeout time : 18/01/13 03:16
Current failed test : com.google.javascript.jscomp.FunctionInjectorTest::testInline18 | 18/01/13 03:16
Sat Jan 13 03:16:24 AEDT 2018 com.google.javascript.rhino.Node,1151
Sat Jan 13 03:16:28 AEDT 2018 com.google.javascript.rhino.Node,1156
Sat Jan 13 03:16:34 AEDT 2018 com.google.javascript.rhino.Node,1157
Sat Jan 13 03:16:36 AEDT 2018 com.google.javascript.rhino.Node,1158
Sat Jan 13 03:16:36 AEDT 2018 com.google.javascript.rhino.Node,1165
Sat Jan 13 03:16:41 AEDT 2018 Sat Jan 13 03:16:41 AEDT 2018 : com.google.javascript.rhino.Node,1166=>Find no block
Sat Jan 13 03:16:42 AEDT 2018 com.google.javascript.rhino.Node,1171
Timeout time : 18/01/13 03:20
Current failed test : com.google.javascript.jscomp.FunctionInjectorTest::testInline19 | 18/01/13 03:20
Sat Jan 13 03:20:31 AEDT 2018 com.google.javascript.rhino.Node,1151
Sat Jan 13 03:20:35 AEDT 2018 com.google.javascript.rhino.Node,1156
Sat Jan 13 03:20:41 AEDT 2018 com.google.javascript.rhino.Node,1157
Sat Jan 13 03:20:42 AEDT 2018 com.google.javascript.rhino.Node,1158
Sat Jan 13 03:20:44 AEDT 2018 com.google.javascript.rhino.Node,1165
Sat Jan 13 03:20:48 AEDT 2018 Sat Jan 13 03:20:48 AEDT 2018 : com.google.javascript.rhino.Node,1166=>Find no block
Sat Jan 13 03:20:49 AEDT 2018 com.google.javascript.rhino.Node,1171
Timeout time : 18/01/13 03:24
Current failed test : com.google.javascript.jscomp.InlineFunctionsTest::testFunctionExpressionCallInlining11b | 18/01/13 03:24
Sat Jan 13 03:24:38 AEDT 2018 com.google.javascript.rhino.Node,1151
Sat Jan 13 03:24:42 AEDT 2018 com.google.javascript.rhino.Node,1156
Sat Jan 13 03:24:48 AEDT 2018 com.google.javascript.rhino.Node,1157
Sat Jan 13 03:24:49 AEDT 2018 com.google.javascript.rhino.Node,1158
Sat Jan 13 03:24:50 AEDT 2018 com.google.javascript.rhino.Node,1165
Sat Jan 13 03:24:55 AEDT 2018 Sat Jan 13 03:24:55 AEDT 2018 : com.google.javascript.rhino.Node,1166=>Find no block
Sat Jan 13 03:24:56 AEDT 2018 com.google.javascript.rhino.Node,1171
Timeout time : 18/01/13 03:28
Current failed test : com.google.javascript.jscomp.InlineFunctionsTest::testInlineWithThis7 | 18/01/13 03:28
Sat Jan 13 03:28:45 AEDT 2018 com.google.javascript.rhino.Node,1151
Sat Jan 13 03:28:49 AEDT 2018 com.google.javascript.rhino.Node,1156
Sat Jan 13 03:28:56 AEDT 2018 com.google.javascript.rhino.Node,1157
Sat Jan 13 03:28:57 AEDT 2018 com.google.javascript.rhino.Node,1158
Sat Jan 13 03:28:58 AEDT 2018 com.google.javascript.rhino.Node,1165
Sat Jan 13 03:29:02 AEDT 2018 Sat Jan 13 03:29:02 AEDT 2018 : com.google.javascript.rhino.Node,1166=>Find no block
Sat Jan 13 03:29:02 AEDT 2018 com.google.javascript.rhino.Node,1171
Timeout time : 18/01/13 03:32
Current failed test : com.google.javascript.jscomp.InlineFunctionsTest::testComplexInlineNoResultNoParamCall3 | 18/01/13 03:32
Sat Jan 13 03:32:52 AEDT 2018 com.google.javascript.rhino.Node,1151
Sat Jan 13 03:32:56 AEDT 2018 com.google.javascript.rhino.Node,1156
Sat Jan 13 03:33:02 AEDT 2018 com.google.javascript.rhino.Node,1157
Sat Jan 13 03:33:03 AEDT 2018 com.google.javascript.rhino.Node,1158
Sat Jan 13 03:33:04 AEDT 2018 com.google.javascript.rhino.Node,1165
Sat Jan 13 03:33:08 AEDT 2018 Sat Jan 13 03:33:08 AEDT 2018 : com.google.javascript.rhino.Node,1166=>Find no block
Sat Jan 13 03:33:09 AEDT 2018 com.google.javascript.rhino.Node,1171
Timeout time : 18/01/13 03:36
Current failed test : com.google.javascript.jscomp.InlineFunctionsTest::testInlineFunctions10 | 18/01/13 03:36
Sat Jan 13 03:36:59 AEDT 2018 com.google.javascript.rhino.Node,1151
Sat Jan 13 03:37:03 AEDT 2018 com.google.javascript.rhino.Node,1156
Sat Jan 13 03:37:09 AEDT 2018 com.google.javascript.rhino.Node,1157
Sat Jan 13 03:37:10 AEDT 2018 com.google.javascript.rhino.Node,1158
Sat Jan 13 03:37:11 AEDT 2018 com.google.javascript.rhino.Node,1165
Sat Jan 13 03:37:15 AEDT 2018 Sat Jan 13 03:37:15 AEDT 2018 : com.google.javascript.rhino.Node,1166=>Find no block
Sat Jan 13 03:37:16 AEDT 2018 com.google.javascript.rhino.Node,1171
Timeout time : 18/01/13 03:40
Current failed test : com.google.javascript.jscomp.InlineFunctionsTest::testInlineFunctions13 | 18/01/13 03:40
Sat Jan 13 03:41:06 AEDT 2018 com.google.javascript.rhino.Node,1151
Sat Jan 13 03:41:09 AEDT 2018 com.google.javascript.rhino.Node,1156
Sat Jan 13 03:41:15 AEDT 2018 com.google.javascript.rhino.Node,1157
Sat Jan 13 03:41:16 AEDT 2018 com.google.javascript.rhino.Node,1158
Sat Jan 13 03:41:17 AEDT 2018 com.google.javascript.rhino.Node,1165
Sat Jan 13 03:41:21 AEDT 2018 Sat Jan 13 03:41:21 AEDT 2018 : com.google.javascript.rhino.Node,1166=>Find no block
Sat Jan 13 03:41:22 AEDT 2018 com.google.javascript.rhino.Node,1171
Timeout time : 18/01/13 03:45
Current failed test : com.google.javascript.jscomp.FunctionToBlockMutatorTest::testMutateFunctionDefinition | 18/01/13 03:45
Sat Jan 13 03:45:12 AEDT 2018 com.google.javascript.rhino.Node,1151
Sat Jan 13 03:45:16 AEDT 2018 com.google.javascript.rhino.Node,1156
Sat Jan 13 03:45:22 AEDT 2018 com.google.javascript.rhino.Node,1157
Sat Jan 13 03:45:23 AEDT 2018 com.google.javascript.rhino.Node,1158
Sat Jan 13 03:45:24 AEDT 2018 com.google.javascript.rhino.Node,1165
Sat Jan 13 03:45:28 AEDT 2018 Sat Jan 13 03:45:28 AEDT 2018 : com.google.javascript.rhino.Node,1166=>Find no block
Sat Jan 13 03:45:29 AEDT 2018 com.google.javascript.rhino.Node,1171
Timeout time : 18/01/13 03:49
Current failed test : com.google.javascript.jscomp.InlineFunctionsTest::testNoInlineIfParametersModified2 | 18/01/13 03:49
Sat Jan 13 03:49:20 AEDT 2018 com.google.javascript.rhino.Node,1151
Sat Jan 13 03:49:24 AEDT 2018 com.google.javascript.rhino.Node,1156
Sat Jan 13 03:49:30 AEDT 2018 com.google.javascript.rhino.Node,1157
Sat Jan 13 03:49:31 AEDT 2018 com.google.javascript.rhino.Node,1158
Sat Jan 13 03:49:32 AEDT 2018 com.google.javascript.rhino.Node,1165
Sat Jan 13 03:49:36 AEDT 2018 Sat Jan 13 03:49:36 AEDT 2018 : com.google.javascript.rhino.Node,1166=>Find no block
Sat Jan 13 03:49:36 AEDT 2018 com.google.javascript.rhino.Node,1171
Timeout time : 18/01/13 03:53
Current failed test : com.google.javascript.jscomp.InlineFunctionsTest::testNoInlineIfParametersModified1 | 18/01/13 03:53
Sat Jan 13 03:53:26 AEDT 2018 com.google.javascript.rhino.Node,1151
Sat Jan 13 03:53:30 AEDT 2018 com.google.javascript.rhino.Node,1156
Sat Jan 13 03:53:37 AEDT 2018 com.google.javascript.rhino.Node,1157
Sat Jan 13 03:53:38 AEDT 2018 com.google.javascript.rhino.Node,1158
Sat Jan 13 03:53:38 AEDT 2018 com.google.javascript.rhino.Node,1165
Sat Jan 13 03:53:42 AEDT 2018 Sat Jan 13 03:53:42 AEDT 2018 : com.google.javascript.rhino.Node,1166=>Find no block
Sat Jan 13 03:53:43 AEDT 2018 com.google.javascript.rhino.Node,1171
Timeout time : 18/01/13 03:57
Current failed test : com.google.javascript.jscomp.InlineFunctionsTest::testBug4944818 | 18/01/13 03:57
Sat Jan 13 03:57:33 AEDT 2018 com.google.javascript.rhino.Node,1151
Sat Jan 13 03:57:37 AEDT 2018 com.google.javascript.rhino.Node,1156
Sat Jan 13 03:57:43 AEDT 2018 com.google.javascript.rhino.Node,1157
Sat Jan 13 03:57:44 AEDT 2018 com.google.javascript.rhino.Node,1158
Sat Jan 13 03:57:45 AEDT 2018 com.google.javascript.rhino.Node,1165
Sat Jan 13 03:57:49 AEDT 2018 Sat Jan 13 03:57:49 AEDT 2018 : com.google.javascript.rhino.Node,1166=>Find no block
Sat Jan 13 03:57:50 AEDT 2018 com.google.javascript.rhino.Node,1171
Timeout time : 18/01/13 04:01
Current failed test : com.google.javascript.jscomp.InlineFunctionsTest::testInlineFunctions16a | 18/01/13 04:01
Sat Jan 13 04:01:40 AEDT 2018 com.google.javascript.rhino.Node,1151
Sat Jan 13 04:01:44 AEDT 2018 com.google.javascript.rhino.Node,1156
Sat Jan 13 04:01:50 AEDT 2018 com.google.javascript.rhino.Node,1157
Sat Jan 13 04:01:50 AEDT 2018 com.google.javascript.rhino.Node,1158
Sat Jan 13 04:01:51 AEDT 2018 com.google.javascript.rhino.Node,1165
Sat Jan 13 04:01:55 AEDT 2018 Sat Jan 13 04:01:55 AEDT 2018 : com.google.javascript.rhino.Node,1166=>Find no block
Sat Jan 13 04:01:56 AEDT 2018 com.google.javascript.rhino.Node,1171
Timeout time : 18/01/13 04:05
Current failed test : com.google.javascript.jscomp.InlineFunctionsTest::testShadowVariables18 | 18/01/13 04:05
Sat Jan 13 04:05:46 AEDT 2018 com.google.javascript.rhino.Node,1151
Sat Jan 13 04:05:51 AEDT 2018 com.google.javascript.rhino.Node,1156
Sat Jan 13 04:05:57 AEDT 2018 com.google.javascript.rhino.Node,1157
Sat Jan 13 04:05:58 AEDT 2018 com.google.javascript.rhino.Node,1158
Sat Jan 13 04:05:59 AEDT 2018 com.google.javascript.rhino.Node,1165
Sat Jan 13 04:06:04 AEDT 2018 Sat Jan 13 04:06:04 AEDT 2018 : com.google.javascript.rhino.Node,1166=>Find no block
Sat Jan 13 04:06:05 AEDT 2018 com.google.javascript.rhino.Node,1171
Timeout time : 18/01/13 04:09
Current failed test : com.google.javascript.jscomp.InlineFunctionsTest::testShadowVariables16 | 18/01/13 04:09
Sat Jan 13 04:09:54 AEDT 2018 com.google.javascript.rhino.Node,1151
Sat Jan 13 04:09:58 AEDT 2018 com.google.javascript.rhino.Node,1156
Sat Jan 13 04:10:04 AEDT 2018 com.google.javascript.rhino.Node,1157
Sat Jan 13 04:10:05 AEDT 2018 com.google.javascript.rhino.Node,1158
Sat Jan 13 04:10:06 AEDT 2018 com.google.javascript.rhino.Node,1165
Sat Jan 13 04:10:10 AEDT 2018 Sat Jan 13 04:10:10 AEDT 2018 : com.google.javascript.rhino.Node,1166=>Find no block
Sat Jan 13 04:10:11 AEDT 2018 com.google.javascript.rhino.Node,1171
Timeout time : 18/01/13 04:13
Current failed test : com.google.javascript.jscomp.MakeDeclaredNamesUniqueTest::testMakeLocalNamesUniqueWithContext5 | 18/01/13 04:13
Sat Jan 13 04:14:01 AEDT 2018 com.google.javascript.rhino.Node,1151
Sat Jan 13 04:14:05 AEDT 2018 com.google.javascript.rhino.Node,1156
Sat Jan 13 04:14:12 AEDT 2018 com.google.javascript.rhino.Node,1157
Sat Jan 13 04:14:13 AEDT 2018 com.google.javascript.rhino.Node,1158
Sat Jan 13 04:14:14 AEDT 2018 com.google.javascript.rhino.Node,1165
Sat Jan 13 04:14:18 AEDT 2018 Sat Jan 13 04:14:18 AEDT 2018 : com.google.javascript.rhino.Node,1166=>Find no block
Sat Jan 13 04:14:19 AEDT 2018 com.google.javascript.rhino.Node,1171
Timeout time : 18/01/13 04:18
Current failed test : com.google.javascript.jscomp.FunctionInjectorTest::testInline19b | 18/01/13 04:18
Sat Jan 13 04:18:07 AEDT 2018 com.google.javascript.rhino.Node,1151
Sat Jan 13 04:18:11 AEDT 2018 com.google.javascript.rhino.Node,1156
Sat Jan 13 04:18:18 AEDT 2018 com.google.javascript.rhino.Node,1157
Sat Jan 13 04:18:19 AEDT 2018 com.google.javascript.rhino.Node,1158
Sat Jan 13 04:18:20 AEDT 2018 com.google.javascript.rhino.Node,1165
Sat Jan 13 04:18:24 AEDT 2018 Sat Jan 13 04:18:24 AEDT 2018 : com.google.javascript.rhino.Node,1166=>Find no block
Sat Jan 13 04:18:25 AEDT 2018 com.google.javascript.rhino.Node,1171
Timeout time : 18/01/13 04:22
Current failed test : com.google.javascript.jscomp.InlineFunctionsTest::testFunctionExpressionOmega | 18/01/13 04:22
Sat Jan 13 04:22:14 AEDT 2018 com.google.javascript.rhino.Node,1151
Sat Jan 13 04:22:18 AEDT 2018 com.google.javascript.rhino.Node,1156
Sat Jan 13 04:22:25 AEDT 2018 com.google.javascript.rhino.Node,1157
Sat Jan 13 04:22:26 AEDT 2018 com.google.javascript.rhino.Node,1158
Sat Jan 13 04:22:27 AEDT 2018 com.google.javascript.rhino.Node,1165
Sat Jan 13 04:22:33 AEDT 2018 Sat Jan 13 04:22:33 AEDT 2018 : com.google.javascript.rhino.Node,1166=>Find no block
Sat Jan 13 04:22:34 AEDT 2018 com.google.javascript.rhino.Node,1171
Timeout time : 18/01/13 04:26
Current failed test : com.google.javascript.jscomp.FunctionInjectorTest::testInlineFunctionWithInnerFunction5 | 18/01/13 04:26
Sat Jan 13 04:26:21 AEDT 2018 com.google.javascript.rhino.Node,1151
Sat Jan 13 04:26:26 AEDT 2018 com.google.javascript.rhino.Node,1156
Sat Jan 13 04:26:32 AEDT 2018 com.google.javascript.rhino.Node,1157
Sat Jan 13 04:26:33 AEDT 2018 com.google.javascript.rhino.Node,1158
Sat Jan 13 04:26:35 AEDT 2018 com.google.javascript.rhino.Node,1165
Sat Jan 13 04:26:39 AEDT 2018 Sat Jan 13 04:26:39 AEDT 2018 : com.google.javascript.rhino.Node,1166=>Find no block
Sat Jan 13 04:26:40 AEDT 2018 com.google.javascript.rhino.Node,1171
Timeout time : 18/01/13 04:30
Current failed test : com.google.javascript.jscomp.FunctionToBlockMutatorTest::testMutateInitializeUninitializedVars1 | 18/01/13 04:30
Sat Jan 13 04:30:29 AEDT 2018 com.google.javascript.rhino.Node,1151
Sat Jan 13 04:30:33 AEDT 2018 com.google.javascript.rhino.Node,1156
Sat Jan 13 04:30:40 AEDT 2018 com.google.javascript.rhino.Node,1157
Sat Jan 13 04:30:41 AEDT 2018 com.google.javascript.rhino.Node,1158
Sat Jan 13 04:30:42 AEDT 2018 com.google.javascript.rhino.Node,1165
Sat Jan 13 04:30:46 AEDT 2018 Sat Jan 13 04:30:46 AEDT 2018 : com.google.javascript.rhino.Node,1166=>Find no block
Sat Jan 13 04:30:47 AEDT 2018 com.google.javascript.rhino.Node,1171
Timeout time : 18/01/13 04:34
Current failed test : com.google.javascript.jscomp.FunctionToBlockMutatorTest::testMutateInitializeUninitializedVars2 | 18/01/13 04:34
Sat Jan 13 04:34:37 AEDT 2018 com.google.javascript.rhino.Node,1151
Sat Jan 13 04:34:41 AEDT 2018 com.google.javascript.rhino.Node,1156
Sat Jan 13 04:34:48 AEDT 2018 com.google.javascript.rhino.Node,1157
Sat Jan 13 04:34:49 AEDT 2018 com.google.javascript.rhino.Node,1158
Sat Jan 13 04:34:50 AEDT 2018 com.google.javascript.rhino.Node,1165
Sat Jan 13 04:34:54 AEDT 2018 Sat Jan 13 04:34:54 AEDT 2018 : com.google.javascript.rhino.Node,1166=>Find no block
Sat Jan 13 04:34:55 AEDT 2018 com.google.javascript.rhino.Node,1171
Timeout time : 18/01/13 04:38
Current failed test : com.google.javascript.jscomp.InlineFunctionsTest::testComplexInline7 | 18/01/13 04:38
Sat Jan 13 04:38:45 AEDT 2018 com.google.javascript.rhino.Node,1151
Sat Jan 13 04:38:50 AEDT 2018 com.google.javascript.rhino.Node,1156
Sat Jan 13 04:38:56 AEDT 2018 com.google.javascript.rhino.Node,1157
Sat Jan 13 04:38:57 AEDT 2018 com.google.javascript.rhino.Node,1158
Sat Jan 13 04:38:58 AEDT 2018 com.google.javascript.rhino.Node,1165
Sat Jan 13 04:39:02 AEDT 2018 Sat Jan 13 04:39:02 AEDT 2018 : com.google.javascript.rhino.Node,1166=>Find no block
Sat Jan 13 04:39:03 AEDT 2018 com.google.javascript.rhino.Node,1171
Timeout time : 18/01/13 04:42
