=================================================
Project : closure_51	start : 18/01/12 14:05
Current failed test : com.google.javascript.jscomp.CodePrinterTest::testIssue582 | 18/01/12 14:05
Fri Jan 12 14:05:32 AEDT 2018 com.google.javascript.rhino.Node,275
Fri Jan 12 14:07:43 AEDT 2018 Fri Jan 12 14:07:43 AEDT 2018 : com.google.javascript.rhino.Node,276=>Find no block
Fri Jan 12 14:07:44 AEDT 2018 com.google.javascript.jscomp.parsing.IRFactory,945
Fri Jan 12 14:07:49 AEDT 2018 com.google.javascript.jscomp.parsing.IRFactory,946
Fri Jan 12 14:07:50 AEDT 2018 com.google.javascript.jscomp.parsing.IRFactory,1121
Fri Jan 12 14:08:02 AEDT 2018 com.google.javascript.jscomp.Compiler,1331
Fri Jan 12 14:08:06 AEDT 2018 com.google.javascript.jscomp.Compiler,1327
Fri Jan 12 14:13:15 AEDT 2018 com.google.javascript.jscomp.Compiler,1328
Fri Jan 12 14:13:16 AEDT 2018 com.google.javascript.jscomp.Compiler,1330
Fri Jan 12 14:13:17 AEDT 2018 com.google.javascript.jscomp.Compiler,1333
Fri Jan 12 14:13:18 AEDT 2018 com.google.javascript.jscomp.Compiler,1334
Fri Jan 12 14:13:19 AEDT 2018 com.google.javascript.jscomp.parsing.IRFactory,942
Fri Jan 12 15:07:52 AEDT 2018 com.google.javascript.jscomp.parsing.IRFactory,943
Fri Jan 12 15:07:53 AEDT 2018 com.google.javascript.jscomp.parsing.IRFactory,944
Fri Jan 12 16:11:00 AEDT 2018 com.google.javascript.jscomp.parsing.TypeSafeDispatcher,169
Fri Jan 12 16:12:44 AEDT 2018 com.google.javascript.jscomp.Compiler,285
Fri Jan 12 16:12:59 AEDT 2018 com.google.javascript.jscomp.WarningsGuard,95
Fri Jan 12 16:13:04 AEDT 2018 com.google.javascript.jscomp.WarningsGuard,106
Fri Jan 12 16:13:06 AEDT 2018 com.google.javascript.jscomp.Compiler,250
Fri Jan 12 16:16:00 AEDT 2018 com.google.javascript.jscomp.Compiler,246
Fri Jan 12 16:16:01 AEDT 2018 com.google.javascript.jscomp.Compiler,244
Fri Jan 12 16:19:23 AEDT 2018 com.google.javascript.jscomp.ComposeWarningsGuard,129
Fri Jan 12 16:20:47 AEDT 2018 com.google.javascript.jscomp.ComposeWarningsGuard,149
Fri Jan 12 16:22:06 AEDT 2018 com.google.javascript.jscomp.CompilerOptions,1016
Fri Jan 12 16:22:19 AEDT 2018 com.google.javascript.jscomp.ComposeWarningsGuard,118
Fri Jan 12 16:22:20 AEDT 2018 com.google.javascript.jscomp.ComposeWarningsGuard,119
Fri Jan 12 16:22:22 AEDT 2018 com.google.javascript.jscomp.ComposeWarningsGuard,121
Fri Jan 12 16:22:23 AEDT 2018 Fri Jan 12 16:22:23 AEDT 2018 : com.google.javascript.jscomp.DiagnosticGroup,61=>Find no block
Fri Jan 12 16:22:24 AEDT 2018 com.google.javascript.jscomp.DiagnosticGroup,62
Fri Jan 12 16:25:51 AEDT 2018 com.google.javascript.jscomp.DiagnosticGroup,63
Fri Jan 12 16:25:52 AEDT 2018 Fri Jan 12 16:25:52 AEDT 2018 : com.google.javascript.jscomp.DiagnosticGroup,64=>Find no block
Fri Jan 12 16:25:53 AEDT 2018 com.google.javascript.jscomp.DiagnosticGroup,72
Fri Jan 12 16:27:21 AEDT 2018 com.google.javascript.jscomp.DiagnosticGroup,73
Fri Jan 12 16:27:22 AEDT 2018 com.google.javascript.jscomp.DiagnosticGroup,75
Fri Jan 12 16:31:47 AEDT 2018 com.google.javascript.jscomp.DiagnosticGroup,118
Fri Jan 12 16:32:04 AEDT 2018 com.google.javascript.jscomp.DiagnosticGroup,119
Fri Jan 12 16:32:05 AEDT 2018 com.google.javascript.jscomp.DiagnosticGroup,120
Fri Jan 12 16:32:06 AEDT 2018 com.google.javascript.jscomp.DiagnosticGroupWarningsGuard,45
Fri Jan 12 16:32:15 AEDT 2018 com.google.javascript.jscomp.DiagnosticGroupWarningsGuard,58
Fri Jan 12 16:33:40 AEDT 2018 com.google.javascript.jscomp.ComposeWarningsGuard,144
Fri Jan 12 16:33:41 AEDT 2018 Fri Jan 12 16:33:41 AEDT 2018 : com.google.javascript.jscomp.ComposeWarningsGuard,147=>Find no block
Fri Jan 12 16:33:42 AEDT 2018 com.google.javascript.jscomp.CodeGenerator,225
Fri Jan 12 16:42:38 AEDT 2018 com.google.javascript.jscomp.CodeGenerator,226
Fri Jan 12 16:54:31 AEDT 2018 com.google.javascript.jscomp.CodeGenerator,227
Fri Jan 12 16:59:31 AEDT 2018 com.google.javascript.jscomp.CodeConsumer,242
Fri Jan 12 17:00:36 AEDT 2018 com.google.javascript.jscomp.CodeConsumer,243
Fri Jan 12 17:00:38 AEDT 2018 com.google.javascript.jscomp.CodeConsumer,244
Fri Jan 12 17:03:23 AEDT 2018 com.google.javascript.jscomp.CodeConsumer,245
Fri Jan 12 17:03:24 AEDT 2018 com.google.javascript.jscomp.CodeConsumer,251
Fri Jan 12 17:07:23 AEDT 2018 com.google.javascript.jscomp.CodeConsumer,254
Fri Jan 12 17:07:24 AEDT 2018 Fri Jan 12 17:07:24 AEDT 2018 : com.google.javascript.jscomp.CodeConsumer,256=>Find no block
Fri Jan 12 17:07:25 AEDT 2018 com.google.javascript.jscomp.CodeConsumer,236
Fri Jan 12 17:11:48 AEDT 2018 com.google.javascript.jscomp.CodeConsumer,237
Fri Jan 12 17:12:51 AEDT 2018 com.google.javascript.jscomp.CodeConsumer,241
Fri Jan 12 17:16:44 AEDT 2018 Fri Jan 12 17:16:44 AEDT 2018 : com.google.javascript.jscomp.CodeConsumer,259=>Find no block
Fri Jan 12 17:16:45 AEDT 2018 com.google.javascript.rhino.Node,270
Fri Jan 12 17:16:54 AEDT 2018 com.google.javascript.jscomp.CodeGenerator,202
Fri Jan 12 17:35:23 AEDT 2018 com.google.javascript.jscomp.CodeGenerator,205
Timeout time : 18/01/12 19:05
