=================================================
Project : closure_60	start : 18/01/13 00:06
Current failed test : com.google.javascript.jscomp.NodeUtilTest::testGetBooleanValue_purify_1 | 18/01/13 00:07
Sat Jan 13 00:07:51 AEDT 2018 com.google.javascript.rhino.Node,1500
Sat Jan 13 00:08:04 AEDT 2018 com.google.javascript.rhino.Node,1529
Sat Jan 13 00:09:07 AEDT 2018 com.google.javascript.rhino.Node,1542
Sat Jan 13 00:09:26 AEDT 2018 Sat Jan 13 00:09:26 AEDT 2018 : com.google.javascript.rhino.jstype.TernaryValue,159=>Find no block
Sat Jan 13 00:09:27 AEDT 2018 Sat Jan 13 00:09:27 AEDT 2018 : com.google.javascript.rhino.Node,2384=>Find no block
Sat Jan 13 00:09:28 AEDT 2018 com.google.javascript.rhino.Node,2385
Sat Jan 13 00:09:36 AEDT 2018 com.google.javascript.rhino.Node,2386
Sat Jan 13 00:09:39 AEDT 2018 Sat Jan 13 00:09:39 AEDT 2018 : com.google.javascript.rhino.Node,2387=>Find no block
Sat Jan 13 00:09:43 AEDT 2018 com.google.javascript.jscomp.PeepholeFoldConstants,158
Timeout time : 18/01/13 00:23
Current failed test : com.google.javascript.jscomp.NodeUtilTest::testGetBooleanValue_purify_2 | 18/01/13 00:23
Sat Jan 13 00:24:02 AEDT 2018 com.google.javascript.rhino.Node,1500
Sat Jan 13 00:24:14 AEDT 2018 com.google.javascript.rhino.Node,1529
Sat Jan 13 00:25:20 AEDT 2018 com.google.javascript.rhino.Node,1542
Sat Jan 13 00:25:38 AEDT 2018 Sat Jan 13 00:25:38 AEDT 2018 : com.google.javascript.rhino.jstype.TernaryValue,159=>Find no block
Sat Jan 13 00:25:42 AEDT 2018 Sat Jan 13 00:25:42 AEDT 2018 : com.google.javascript.rhino.Node,2384=>Find no block
Sat Jan 13 00:25:46 AEDT 2018 com.google.javascript.rhino.Node,2385
Sat Jan 13 00:25:50 AEDT 2018 com.google.javascript.rhino.Node,2386
Sat Jan 13 00:25:51 AEDT 2018 Sat Jan 13 00:25:51 AEDT 2018 : com.google.javascript.rhino.Node,2387=>Find no block
Sat Jan 13 00:25:51 AEDT 2018 com.google.javascript.jscomp.PeepholeFoldConstants,158
Timeout time : 18/01/13 00:39
Current failed test : com.google.javascript.jscomp.NodeUtilTest::testGetBooleanValue_purify_3 | 18/01/13 00:39
Sat Jan 13 00:40:07 AEDT 2018 com.google.javascript.rhino.Node,1500
Sat Jan 13 00:40:21 AEDT 2018 com.google.javascript.rhino.Node,1529
Sat Jan 13 00:41:24 AEDT 2018 com.google.javascript.rhino.Node,1542
Sat Jan 13 00:41:43 AEDT 2018 Sat Jan 13 00:41:43 AEDT 2018 : com.google.javascript.rhino.jstype.TernaryValue,159=>Find no block
Sat Jan 13 00:41:46 AEDT 2018 Sat Jan 13 00:41:46 AEDT 2018 : com.google.javascript.rhino.Node,2384=>Find no block
Sat Jan 13 00:41:49 AEDT 2018 com.google.javascript.rhino.Node,2385
Sat Jan 13 00:41:52 AEDT 2018 com.google.javascript.rhino.Node,2386
Sat Jan 13 00:41:53 AEDT 2018 Sat Jan 13 00:41:53 AEDT 2018 : com.google.javascript.rhino.Node,2387=>Find no block
Sat Jan 13 00:41:53 AEDT 2018 com.google.javascript.jscomp.PeepholeFoldConstants,158
Timeout time : 18/01/13 00:56
Current failed test : com.google.javascript.jscomp.NodeUtilTest::testGetBooleanValue_purify_4 | 18/01/13 00:56
Sat Jan 13 00:56:18 AEDT 2018 com.google.javascript.rhino.Node,1500
Sat Jan 13 00:56:29 AEDT 2018 com.google.javascript.rhino.Node,1529
Sat Jan 13 00:57:35 AEDT 2018 com.google.javascript.rhino.Node,1542
Sat Jan 13 00:57:55 AEDT 2018 Sat Jan 13 00:57:55 AEDT 2018 : com.google.javascript.rhino.jstype.TernaryValue,159=>Find no block
Sat Jan 13 00:57:58 AEDT 2018 Sat Jan 13 00:57:58 AEDT 2018 : com.google.javascript.rhino.Node,2384=>Find no block
Sat Jan 13 00:58:02 AEDT 2018 com.google.javascript.rhino.Node,2385
Sat Jan 13 00:58:10 AEDT 2018 com.google.javascript.rhino.Node,2386
Sat Jan 13 00:58:10 AEDT 2018 Sat Jan 13 00:58:10 AEDT 2018 : com.google.javascript.rhino.Node,2387=>Find no block
Sat Jan 13 00:58:11 AEDT 2018 com.google.javascript.jscomp.PeepholeFoldConstants,158
Timeout time : 18/01/13 01:12
Current failed test : com.google.javascript.jscomp.NodeUtilTest::testGetBooleanValue_purify_5 | 18/01/13 01:12
Sat Jan 13 01:12:29 AEDT 2018 com.google.javascript.rhino.Node,1500
Sat Jan 13 01:12:40 AEDT 2018 com.google.javascript.rhino.Node,1529
Sat Jan 13 01:13:42 AEDT 2018 com.google.javascript.rhino.Node,1542
Sat Jan 13 01:14:01 AEDT 2018 Sat Jan 13 01:14:01 AEDT 2018 : com.google.javascript.rhino.jstype.TernaryValue,159=>Find no block
Sat Jan 13 01:14:03 AEDT 2018 Sat Jan 13 01:14:03 AEDT 2018 : com.google.javascript.rhino.Node,2384=>Find no block
Sat Jan 13 01:14:06 AEDT 2018 com.google.javascript.rhino.Node,2385
Sat Jan 13 01:14:11 AEDT 2018 com.google.javascript.rhino.Node,2386
Sat Jan 13 01:14:12 AEDT 2018 Sat Jan 13 01:14:12 AEDT 2018 : com.google.javascript.rhino.Node,2387=>Find no block
Sat Jan 13 01:14:13 AEDT 2018 com.google.javascript.jscomp.PeepholeFoldConstants,158
Timeout time : 18/01/13 01:28
Current failed test : com.google.javascript.jscomp.NodeUtilTest::testGetBooleanValue_purify_6 | 18/01/13 01:28
Sat Jan 13 01:28:39 AEDT 2018 com.google.javascript.rhino.Node,1500
Sat Jan 13 01:28:49 AEDT 2018 com.google.javascript.rhino.Node,1529
Sat Jan 13 01:29:53 AEDT 2018 com.google.javascript.rhino.Node,1542
Sat Jan 13 01:30:13 AEDT 2018 Sat Jan 13 01:30:13 AEDT 2018 : com.google.javascript.rhino.jstype.TernaryValue,159=>Find no block
Sat Jan 13 01:30:15 AEDT 2018 Sat Jan 13 01:30:15 AEDT 2018 : com.google.javascript.rhino.Node,2384=>Find no block
Sat Jan 13 01:30:16 AEDT 2018 com.google.javascript.rhino.Node,2385
Sat Jan 13 01:30:20 AEDT 2018 com.google.javascript.rhino.Node,2386
Sat Jan 13 01:30:21 AEDT 2018 Sat Jan 13 01:30:21 AEDT 2018 : com.google.javascript.rhino.Node,2387=>Find no block
Sat Jan 13 01:30:22 AEDT 2018 com.google.javascript.jscomp.PeepholeFoldConstants,158
Timeout time : 18/01/13 01:44
Current failed test : com.google.javascript.jscomp.NodeUtilTest::testGetBooleanValue_purify_7 | 18/01/13 01:44
Sat Jan 13 01:44:47 AEDT 2018 com.google.javascript.rhino.Node,1500
Sat Jan 13 01:44:59 AEDT 2018 com.google.javascript.rhino.Node,1529
Sat Jan 13 01:46:02 AEDT 2018 com.google.javascript.rhino.Node,1542
Sat Jan 13 01:46:22 AEDT 2018 Sat Jan 13 01:46:22 AEDT 2018 : com.google.javascript.rhino.jstype.TernaryValue,159=>Find no block
Sat Jan 13 01:46:25 AEDT 2018 Sat Jan 13 01:46:25 AEDT 2018 : com.google.javascript.rhino.Node,2384=>Find no block
Sat Jan 13 01:46:28 AEDT 2018 com.google.javascript.rhino.Node,2385
Sat Jan 13 01:46:33 AEDT 2018 com.google.javascript.rhino.Node,2386
Sat Jan 13 01:46:34 AEDT 2018 Sat Jan 13 01:46:34 AEDT 2018 : com.google.javascript.rhino.Node,2387=>Find no block
Sat Jan 13 01:46:35 AEDT 2018 com.google.javascript.jscomp.PeepholeFoldConstants,158
Timeout time : 18/01/13 02:00
Current failed test : com.google.javascript.jscomp.NodeUtilTest::testGetBooleanValue_purify_8 | 18/01/13 02:00
Sat Jan 13 02:00:56 AEDT 2018 com.google.javascript.rhino.Node,1500
Sat Jan 13 02:01:08 AEDT 2018 com.google.javascript.rhino.Node,1529
Sat Jan 13 02:02:11 AEDT 2018 com.google.javascript.rhino.Node,1542
Sat Jan 13 02:02:28 AEDT 2018 Sat Jan 13 02:02:28 AEDT 2018 : com.google.javascript.rhino.jstype.TernaryValue,159=>Find no block
Sat Jan 13 02:02:29 AEDT 2018 Sat Jan 13 02:02:29 AEDT 2018 : com.google.javascript.rhino.Node,2384=>Find no block
Sat Jan 13 02:02:30 AEDT 2018 com.google.javascript.rhino.Node,2385
Sat Jan 13 02:02:34 AEDT 2018 com.google.javascript.rhino.Node,2386
Sat Jan 13 02:02:35 AEDT 2018 Sat Jan 13 02:02:35 AEDT 2018 : com.google.javascript.rhino.Node,2387=>Find no block
Sat Jan 13 02:02:37 AEDT 2018 com.google.javascript.jscomp.PeepholeFoldConstants,158
Timeout time : 18/01/13 02:16
Current failed test : com.google.javascript.jscomp.NodeUtilTest::testGetBooleanValue_purify_9 | 18/01/13 02:16
Sat Jan 13 02:17:07 AEDT 2018 com.google.javascript.rhino.Node,1500
Sat Jan 13 02:17:18 AEDT 2018 com.google.javascript.rhino.Node,1529
Sat Jan 13 02:18:21 AEDT 2018 com.google.javascript.rhino.Node,1542
Sat Jan 13 02:18:40 AEDT 2018 Sat Jan 13 02:18:40 AEDT 2018 : com.google.javascript.rhino.jstype.TernaryValue,159=>Find no block
Sat Jan 13 02:18:40 AEDT 2018 Sat Jan 13 02:18:40 AEDT 2018 : com.google.javascript.rhino.Node,2384=>Find no block
Sat Jan 13 02:18:41 AEDT 2018 com.google.javascript.rhino.Node,2385
Sat Jan 13 02:18:45 AEDT 2018 com.google.javascript.rhino.Node,2386
Sat Jan 13 02:18:47 AEDT 2018 Sat Jan 13 02:18:47 AEDT 2018 : com.google.javascript.rhino.Node,2387=>Find no block
Sat Jan 13 02:18:49 AEDT 2018 com.google.javascript.jscomp.PeepholeFoldConstants,158
Timeout time : 18/01/13 02:33
Current failed test : com.google.javascript.jscomp.NodeUtilTest::testGetBooleanValue_purify_10 | 18/01/13 02:33
Sat Jan 13 02:33:18 AEDT 2018 com.google.javascript.rhino.Node,1500
Sat Jan 13 02:33:30 AEDT 2018 com.google.javascript.rhino.Node,1529
Sat Jan 13 02:34:31 AEDT 2018 com.google.javascript.rhino.Node,1542
Sat Jan 13 02:34:53 AEDT 2018 Sat Jan 13 02:34:53 AEDT 2018 : com.google.javascript.rhino.jstype.TernaryValue,159=>Find no block
Sat Jan 13 02:34:57 AEDT 2018 Sat Jan 13 02:34:57 AEDT 2018 : com.google.javascript.rhino.Node,2384=>Find no block
Sat Jan 13 02:35:01 AEDT 2018 com.google.javascript.rhino.Node,2385
Sat Jan 13 02:35:05 AEDT 2018 com.google.javascript.rhino.Node,2386
Sat Jan 13 02:35:06 AEDT 2018 Sat Jan 13 02:35:06 AEDT 2018 : com.google.javascript.rhino.Node,2387=>Find no block
Sat Jan 13 02:35:07 AEDT 2018 com.google.javascript.jscomp.PeepholeFoldConstants,158
Timeout time : 18/01/13 02:49
Current failed test : com.google.javascript.jscomp.NodeUtilTest::testGetBooleanValue_purify_11 | 18/01/13 02:49
Sat Jan 13 02:49:26 AEDT 2018 com.google.javascript.rhino.Node,1500
Sat Jan 13 02:49:37 AEDT 2018 com.google.javascript.rhino.Node,1529
Sat Jan 13 02:50:42 AEDT 2018 com.google.javascript.rhino.Node,1542
Sat Jan 13 02:51:02 AEDT 2018 Sat Jan 13 02:51:02 AEDT 2018 : com.google.javascript.rhino.jstype.TernaryValue,159=>Find no block
Sat Jan 13 02:51:04 AEDT 2018 Sat Jan 13 02:51:04 AEDT 2018 : com.google.javascript.rhino.Node,2384=>Find no block
Sat Jan 13 02:51:07 AEDT 2018 com.google.javascript.rhino.Node,2385
Sat Jan 13 02:51:15 AEDT 2018 com.google.javascript.rhino.Node,2386
Sat Jan 13 02:51:16 AEDT 2018 Sat Jan 13 02:51:16 AEDT 2018 : com.google.javascript.rhino.Node,2387=>Find no block
Sat Jan 13 02:51:17 AEDT 2018 com.google.javascript.jscomp.PeepholeFoldConstants,158
Timeout time : 18/01/13 03:05
Current failed test : com.google.javascript.jscomp.NodeUtilTest::testGetBooleanValue_purify_12 | 18/01/13 03:05
Sat Jan 13 03:05:32 AEDT 2018 com.google.javascript.rhino.Node,1500
Sat Jan 13 03:05:44 AEDT 2018 com.google.javascript.rhino.Node,1529
Sat Jan 13 03:06:45 AEDT 2018 com.google.javascript.rhino.Node,1542
Sat Jan 13 03:07:05 AEDT 2018 Sat Jan 13 03:07:05 AEDT 2018 : com.google.javascript.rhino.jstype.TernaryValue,159=>Find no block
Sat Jan 13 03:07:05 AEDT 2018 Sat Jan 13 03:07:05 AEDT 2018 : com.google.javascript.rhino.Node,2384=>Find no block
Sat Jan 13 03:07:06 AEDT 2018 com.google.javascript.rhino.Node,2385
Sat Jan 13 03:07:10 AEDT 2018 com.google.javascript.rhino.Node,2386
Sat Jan 13 03:07:10 AEDT 2018 Sat Jan 13 03:07:10 AEDT 2018 : com.google.javascript.rhino.Node,2387=>Find no block
Sat Jan 13 03:07:11 AEDT 2018 com.google.javascript.jscomp.PeepholeFoldConstants,158
Timeout time : 18/01/13 03:21
Current failed test : com.google.javascript.jscomp.NodeUtilTest::testGetBooleanValue_purify_13 | 18/01/13 03:21
Sat Jan 13 03:21:42 AEDT 2018 com.google.javascript.rhino.Node,1500
Sat Jan 13 03:21:52 AEDT 2018 com.google.javascript.rhino.Node,1529
Sat Jan 13 03:22:53 AEDT 2018 com.google.javascript.rhino.Node,1542
Sat Jan 13 03:23:12 AEDT 2018 Sat Jan 13 03:23:12 AEDT 2018 : com.google.javascript.rhino.jstype.TernaryValue,159=>Find no block
Sat Jan 13 03:23:13 AEDT 2018 Sat Jan 13 03:23:13 AEDT 2018 : com.google.javascript.rhino.Node,2384=>Find no block
Sat Jan 13 03:23:14 AEDT 2018 com.google.javascript.rhino.Node,2385
Sat Jan 13 03:23:17 AEDT 2018 com.google.javascript.rhino.Node,2386
Sat Jan 13 03:23:20 AEDT 2018 Sat Jan 13 03:23:20 AEDT 2018 : com.google.javascript.rhino.Node,2387=>Find no block
Sat Jan 13 03:23:23 AEDT 2018 com.google.javascript.jscomp.PeepholeFoldConstants,158
Timeout time : 18/01/13 03:37
Current failed test : com.google.javascript.jscomp.NodeUtilTest::testGetBooleanValue_purify_14 | 18/01/13 03:37
Sat Jan 13 03:37:54 AEDT 2018 com.google.javascript.rhino.Node,1500
Sat Jan 13 03:38:05 AEDT 2018 com.google.javascript.rhino.Node,1529
Sat Jan 13 03:39:07 AEDT 2018 com.google.javascript.rhino.Node,1542
Sat Jan 13 03:39:26 AEDT 2018 Sat Jan 13 03:39:26 AEDT 2018 : com.google.javascript.rhino.jstype.TernaryValue,159=>Find no block
Sat Jan 13 03:39:29 AEDT 2018 Sat Jan 13 03:39:29 AEDT 2018 : com.google.javascript.rhino.Node,2384=>Find no block
Sat Jan 13 03:39:31 AEDT 2018 com.google.javascript.rhino.Node,2385
Sat Jan 13 03:39:34 AEDT 2018 com.google.javascript.rhino.Node,2386
Sat Jan 13 03:39:35 AEDT 2018 Sat Jan 13 03:39:35 AEDT 2018 : com.google.javascript.rhino.Node,2387=>Find no block
Sat Jan 13 03:39:36 AEDT 2018 com.google.javascript.jscomp.PeepholeFoldConstants,158
Timeout time : 18/01/13 03:53
Current failed test : com.google.javascript.jscomp.NodeUtilTest::testGetBooleanValue_purify_15 | 18/01/13 03:53
Sat Jan 13 03:54:08 AEDT 2018 com.google.javascript.rhino.Node,1500
Sat Jan 13 03:54:17 AEDT 2018 com.google.javascript.rhino.Node,1529
Sat Jan 13 03:55:22 AEDT 2018 com.google.javascript.rhino.Node,1542
Sat Jan 13 03:55:41 AEDT 2018 Sat Jan 13 03:55:41 AEDT 2018 : com.google.javascript.rhino.jstype.TernaryValue,159=>Find no block
Sat Jan 13 03:55:45 AEDT 2018 Sat Jan 13 03:55:45 AEDT 2018 : com.google.javascript.rhino.Node,2384=>Find no block
Sat Jan 13 03:55:48 AEDT 2018 com.google.javascript.rhino.Node,2385
Sat Jan 13 03:55:52 AEDT 2018 com.google.javascript.rhino.Node,2386
Sat Jan 13 03:55:53 AEDT 2018 Sat Jan 13 03:55:53 AEDT 2018 : com.google.javascript.rhino.Node,2387=>Find no block
Sat Jan 13 03:55:54 AEDT 2018 com.google.javascript.jscomp.PeepholeFoldConstants,158
Timeout time : 18/01/13 04:10
Current failed test : com.google.javascript.jscomp.NodeUtilTest::testGetBooleanValue_purify_16 | 18/01/13 04:10
Sat Jan 13 04:10:19 AEDT 2018 com.google.javascript.rhino.Node,1500
Sat Jan 13 04:10:29 AEDT 2018 com.google.javascript.rhino.Node,1529
Sat Jan 13 04:11:31 AEDT 2018 com.google.javascript.rhino.Node,1542
Sat Jan 13 04:11:48 AEDT 2018 Sat Jan 13 04:11:48 AEDT 2018 : com.google.javascript.rhino.jstype.TernaryValue,159=>Find no block
Sat Jan 13 04:11:51 AEDT 2018 Sat Jan 13 04:11:51 AEDT 2018 : com.google.javascript.rhino.Node,2384=>Find no block
Sat Jan 13 04:11:54 AEDT 2018 com.google.javascript.rhino.Node,2385
Sat Jan 13 04:12:01 AEDT 2018 com.google.javascript.rhino.Node,2386
Sat Jan 13 04:12:04 AEDT 2018 Sat Jan 13 04:12:04 AEDT 2018 : com.google.javascript.rhino.Node,2387=>Find no block
Sat Jan 13 04:12:07 AEDT 2018 com.google.javascript.jscomp.PeepholeFoldConstants,158
Timeout time : 18/01/13 04:26
Current failed test : com.google.javascript.jscomp.NodeUtilTest::testGetBooleanValue_purify_17 | 18/01/13 04:26
Sat Jan 13 04:26:26 AEDT 2018 com.google.javascript.rhino.Node,1500
Sat Jan 13 04:26:36 AEDT 2018 com.google.javascript.rhino.Node,1529
Sat Jan 13 04:27:38 AEDT 2018 com.google.javascript.rhino.Node,1542
Sat Jan 13 04:27:55 AEDT 2018 Sat Jan 13 04:27:55 AEDT 2018 : com.google.javascript.rhino.jstype.TernaryValue,159=>Find no block
Sat Jan 13 04:27:56 AEDT 2018 Sat Jan 13 04:27:56 AEDT 2018 : com.google.javascript.rhino.Node,2384=>Find no block
Sat Jan 13 04:27:57 AEDT 2018 com.google.javascript.rhino.Node,2385
Sat Jan 13 04:28:01 AEDT 2018 com.google.javascript.rhino.Node,2386
Sat Jan 13 04:28:01 AEDT 2018 Sat Jan 13 04:28:01 AEDT 2018 : com.google.javascript.rhino.Node,2387=>Find no block
Sat Jan 13 04:28:02 AEDT 2018 com.google.javascript.jscomp.PeepholeFoldConstants,158
Timeout time : 18/01/13 04:42
Current failed test : com.google.javascript.jscomp.CommandLineRunnerTest::testIssue504 | 18/01/13 04:42
Sat Jan 13 04:42:36 AEDT 2018 com.google.javascript.rhino.Node,1500
Sat Jan 13 04:42:50 AEDT 2018 com.google.javascript.rhino.Node,1529
Sat Jan 13 04:43:51 AEDT 2018 com.google.javascript.rhino.Node,1542
Sat Jan 13 04:44:09 AEDT 2018 Sat Jan 13 04:44:09 AEDT 2018 : com.google.javascript.rhino.jstype.TernaryValue,159=>Find no block
Sat Jan 13 04:44:10 AEDT 2018 Sat Jan 13 04:44:10 AEDT 2018 : com.google.javascript.rhino.Node,2384=>Find no block
Sat Jan 13 04:44:11 AEDT 2018 com.google.javascript.rhino.Node,2385
Sat Jan 13 04:44:20 AEDT 2018 com.google.javascript.rhino.Node,2386
Sat Jan 13 04:44:23 AEDT 2018 Sat Jan 13 04:44:23 AEDT 2018 : com.google.javascript.rhino.Node,2387=>Find no block
Sat Jan 13 04:44:26 AEDT 2018 com.google.javascript.jscomp.PeepholeFoldConstants,158
Timeout time : 18/01/13 04:58
