=================================================
Project : closure_61	start : 18/01/13 00:06
Current failed test : com.google.javascript.jscomp.PeepholeRemoveDeadCodeTest::testCall1 | 18/01/13 00:07
Sat Jan 13 00:07:14 AEDT 2018 Sat Jan 13 00:07:14 AEDT 2018 : com.google.javascript.rhino.Node,2341=>Find no block
Sat Jan 13 00:07:16 AEDT 2018 com.google.javascript.rhino.Node,2342
Sat Jan 13 00:07:22 AEDT 2018 com.google.javascript.rhino.Node,2343
Sat Jan 13 00:07:23 AEDT 2018 Sat Jan 13 00:07:23 AEDT 2018 : com.google.javascript.rhino.Node,2344=>Find no block
Sat Jan 13 00:07:24 AEDT 2018 com.google.javascript.rhino.Node,1461
Sat Jan 13 00:07:35 AEDT 2018 com.google.javascript.rhino.Node,1490
Sat Jan 13 00:08:40 AEDT 2018 com.google.javascript.rhino.Node,1503
Sat Jan 13 00:09:00 AEDT 2018 com.google.javascript.rhino.Node,221
Sat Jan 13 00:09:14 AEDT 2018 com.google.javascript.rhino.Node,430
Sat Jan 13 00:09:50 AEDT 2018 com.google.javascript.rhino.Node,1143
Sat Jan 13 00:26:41 AEDT 2018 com.google.javascript.rhino.Node,1150
Sat Jan 13 00:41:43 AEDT 2018 Sat Jan 13 00:41:43 AEDT 2018 : com.google.javascript.rhino.Node,1149=>Find no block
Sat Jan 13 00:41:46 AEDT 2018 com.google.javascript.rhino.Node,1122
Sat Jan 13 00:41:51 AEDT 2018 com.google.javascript.rhino.Node,1127
Sat Jan 13 00:41:59 AEDT 2018 com.google.javascript.rhino.Node,1128
Sat Jan 13 00:42:03 AEDT 2018 com.google.javascript.rhino.Node,1129
Sat Jan 13 00:42:06 AEDT 2018 com.google.javascript.rhino.Node,1136
Sat Jan 13 00:42:14 AEDT 2018 Sat Jan 13 00:42:14 AEDT 2018 : com.google.javascript.rhino.Node,1137=>Find no block
Sat Jan 13 00:42:15 AEDT 2018 com.google.javascript.rhino.Node,1142
Sat Jan 13 00:42:15 AEDT 2018 com.google.javascript.rhino.Node,1145
Sat Jan 13 01:18:37 AEDT 2018 com.google.javascript.rhino.Node,1146
Sat Jan 13 01:18:38 AEDT 2018 Sat Jan 13 01:18:38 AEDT 2018 : com.google.javascript.rhino.Node,1147=>Find no block
Sat Jan 13 01:18:38 AEDT 2018 com.google.javascript.rhino.Node,1148
Sat Jan 13 01:18:39 AEDT 2018 Sat Jan 13 01:18:39 AEDT 2018 : com.google.javascript.rhino.Node,1153=>Find no block
Sat Jan 13 01:18:42 AEDT 2018 com.google.javascript.rhino.Node,1044
Sat Jan 13 01:27:53 AEDT 2018 com.google.javascript.rhino.Node,1045
Sat Jan 13 01:27:54 AEDT 2018 com.google.javascript.rhino.Node,1013
Sat Jan 13 01:28:15 AEDT 2018 com.google.javascript.rhino.Node,1014
Sat Jan 13 01:28:16 AEDT 2018 com.google.javascript.jscomp.Compiler,1987
Sat Jan 13 01:28:19 AEDT 2018 Sat Jan 13 01:28:19 AEDT 2018 : com.google.javascript.rhino.Node,173=>Find no block
Sat Jan 13 01:28:20 AEDT 2018 com.google.javascript.rhino.Node,195
Sat Jan 13 01:28:36 AEDT 2018 com.google.javascript.rhino.Node,923
Sat Jan 13 01:30:40 AEDT 2018 com.google.javascript.rhino.Node,928
Sat Jan 13 01:46:03 AEDT 2018 com.google.javascript.rhino.Node,929
Sat Jan 13 01:46:05 AEDT 2018 com.google.javascript.rhino.Node,1050
Sat Jan 13 01:55:50 AEDT 2018 com.google.javascript.rhino.Node,1051
Sat Jan 13 01:55:54 AEDT 2018 com.google.javascript.rhino.Node,1058
Sat Jan 13 02:22:37 AEDT 2018 com.google.javascript.rhino.Node,1059
Sat Jan 13 02:22:39 AEDT 2018 com.google.javascript.rhino.Node,1060
Sat Jan 13 02:37:08 AEDT 2018 com.google.javascript.rhino.Node,1061
Sat Jan 13 02:49:57 AEDT 2018 com.google.javascript.rhino.Node,1062
Sat Jan 13 03:05:46 AEDT 2018 Sat Jan 13 03:05:46 AEDT 2018 : com.google.javascript.rhino.Node,1064=>Find no block
Sat Jan 13 03:05:49 AEDT 2018 com.google.javascript.rhino.Node,1100
Sat Jan 13 03:07:26 AEDT 2018 com.google.javascript.rhino.Node,1103
Sat Jan 13 04:34:01 AEDT 2018 com.google.javascript.rhino.Node,1104
Sat Jan 13 04:34:02 AEDT 2018 com.google.javascript.rhino.Node,398
Sat Jan 13 04:34:55 AEDT 2018 com.google.javascript.rhino.Node,921
Sat Jan 13 04:53:46 AEDT 2018 com.google.javascript.rhino.Node,922
Sat Jan 13 04:53:46 AEDT 2018 com.google.javascript.rhino.Node,926
Sat Jan 13 04:53:47 AEDT 2018 com.google.javascript.rhino.Node,927
Sat Jan 13 04:53:47 AEDT 2018 com.google.javascript.rhino.Node,932
Sat Jan 13 04:53:48 AEDT 2018 com.google.javascript.rhino.Node,933
Sat Jan 13 04:53:48 AEDT 2018 com.google.javascript.rhino.Node,990
Sat Jan 13 04:53:54 AEDT 2018 com.google.javascript.rhino.Node,1048
Sat Jan 13 04:58:47 AEDT 2018 com.google.javascript.rhino.Node,1049
Sat Jan 13 04:58:49 AEDT 2018 com.google.javascript.rhino.Node,1056
Sat Jan 13 04:59:00 AEDT 2018 com.google.javascript.rhino.Node,1057
Timeout time : 18/01/13 05:07
