=================================================
Project : closure_62	start : 18/01/12 19:05
Current failed test : com.google.javascript.jscomp.LightweightMessageFormatterTest::testFormatErrorSpaceEndOfLine1 | 18/01/12 19:06
Fri Jan 12 19:06:32 AEDT 2018 com.google.javascript.jscomp.LightweightMessageFormatter,90
Fri Jan 12 19:16:06 AEDT 2018 com.google.javascript.jscomp.LightweightMessageFormatter,91
Fri Jan 12 19:16:08 AEDT 2018 com.google.javascript.jscomp.LightweightMessageFormatter,92
Fri Jan 12 20:29:21 AEDT 2018 com.google.javascript.jscomp.LightweightMessageFormatter,97
Fri Jan 12 20:29:22 AEDT 2018 com.google.javascript.jscomp.LightweightMessageFormatter,59
Fri Jan 12 20:29:32 AEDT 2018 com.google.javascript.jscomp.AbstractMessageFormatter,75
Fri Jan 12 20:29:51 AEDT 2018 com.google.javascript.jscomp.LightweightMessageFormatter,76
Fri Jan 12 20:38:32 AEDT 2018 com.google.javascript.jscomp.LightweightMessageFormatter,77
Fri Jan 12 20:38:33 AEDT 2018 com.google.javascript.jscomp.LightweightMessageFormatter,78
Fri Jan 12 20:38:34 AEDT 2018 com.google.javascript.jscomp.LightweightMessageFormatter,79
Fri Jan 12 20:38:35 AEDT 2018 com.google.javascript.jscomp.LightweightMessageFormatter,81
Fri Jan 12 20:38:36 AEDT 2018 com.google.javascript.jscomp.LightweightMessageFormatter,122
Fri Jan 12 20:38:45 AEDT 2018 com.google.javascript.jscomp.LightweightMessageFormatter,68
Fri Jan 12 20:49:07 AEDT 2018 com.google.javascript.jscomp.LightweightMessageFormatter,69
Fri Jan 12 20:49:09 AEDT 2018 com.google.javascript.jscomp.LightweightMessageFormatter,74
Fri Jan 12 21:06:49 AEDT 2018 com.google.javascript.jscomp.LightweightMessageFormatter,75
Fri Jan 12 21:06:50 AEDT 2018 com.google.javascript.jscomp.LightweightMessageFormatter,84
Fri Jan 12 21:15:46 AEDT 2018 com.google.javascript.jscomp.LightweightMessageFormatter,85
Fri Jan 12 21:22:21 AEDT 2018 com.google.javascript.jscomp.LightweightMessageFormatter,87
Fri Jan 12 21:28:24 AEDT 2018 com.google.javascript.jscomp.LightweightMessageFormatter,88
Fri Jan 12 21:28:27 AEDT 2018 com.google.javascript.jscomp.LightweightMessageFormatter,89
Fri Jan 12 21:41:18 AEDT 2018 com.google.javascript.jscomp.LightweightMessageFormatter,110
Fri Jan 12 22:00:08 AEDT 2018 com.google.javascript.jscomp.AbstractMessageFormatter,44
Fri Jan 12 22:00:16 AEDT 2018 Fri Jan 12 22:00:16 AEDT 2018 : com.google.javascript.jscomp.AbstractMessageFormatter,74=>Find no block
Fri Jan 12 22:00:17 AEDT 2018 com.google.javascript.jscomp.AbstractMessageFormatter,82
Fri Jan 12 22:00:22 AEDT 2018 Fri Jan 12 22:00:22 AEDT 2018 : com.google.javascript.jscomp.AbstractMessageFormatter,64=>Find no block
Fri Jan 12 22:00:24 AEDT 2018 com.google.javascript.jscomp.AbstractMessageFormatter,65
Fri Jan 12 22:00:32 AEDT 2018 Fri Jan 12 22:00:32 AEDT 2018 : com.google.javascript.jscomp.AbstractMessageFormatter,66=>Find no block
Fri Jan 12 22:00:35 AEDT 2018 Fri Jan 12 22:00:35 AEDT 2018 : com.google.javascript.jscomp.AbstractMessageFormatter,58=>Find no block
Fri Jan 12 22:00:37 AEDT 2018 Fri Jan 12 22:00:37 AEDT 2018 : com.google.javascript.jscomp.AbstractMessageFormatter,59=>Find no block
Fri Jan 12 22:00:39 AEDT 2018 Fri Jan 12 22:00:39 AEDT 2018 : com.google.javascript.jscomp.AbstractMessageFormatter,60=>Find no block
Fri Jan 12 22:00:40 AEDT 2018 Fri Jan 12 22:00:40 AEDT 2018 : com.google.javascript.jscomp.AbstractMessageFormatter,57=>Find no block
Fri Jan 12 22:00:41 AEDT 2018 Fri Jan 12 22:00:41 AEDT 2018 : com.google.javascript.jscomp.SourceExcerptProvider,36=>Find no block
Fri Jan 12 22:00:41 AEDT 2018 Fri Jan 12 22:00:41 AEDT 2018 : com.google.javascript.jscomp.AbstractMessageFormatter,74=>Find no block
Fri Jan 12 22:00:42 AEDT 2018 com.google.javascript.jscomp.JSError,85
Fri Jan 12 22:00:46 AEDT 2018 com.google.javascript.jscomp.JSError,200
Fri Jan 12 22:01:29 AEDT 2018 Fri Jan 12 22:01:29 AEDT 2018 : com.google.javascript.jscomp.JSError,141=>Find no block
Fri Jan 12 22:01:30 AEDT 2018 com.google.javascript.jscomp.JSError,142
Fri Jan 12 22:15:23 AEDT 2018 com.google.javascript.jscomp.JSError,143
Fri Jan 12 22:15:26 AEDT 2018 com.google.javascript.jscomp.JSError,144
Fri Jan 12 22:15:30 AEDT 2018 com.google.javascript.jscomp.JSError,145
Fri Jan 12 22:15:32 AEDT 2018 com.google.javascript.jscomp.JSError,146
Fri Jan 12 22:15:33 AEDT 2018 com.google.javascript.jscomp.JSError,147
Fri Jan 12 22:15:33 AEDT 2018 com.google.javascript.jscomp.JSError,148
Fri Jan 12 22:15:34 AEDT 2018 Fri Jan 12 22:15:34 AEDT 2018 : com.google.javascript.jscomp.JSError,149=>Find no block
Fri Jan 12 22:15:35 AEDT 2018 com.google.javascript.jscomp.LightweightMessageFormatter,44
Fri Jan 12 22:15:38 AEDT 2018 Fri Jan 12 22:15:38 AEDT 2018 : com.google.javascript.jscomp.LightweightMessageFormatter,45=>Find no block
Fri Jan 12 22:15:39 AEDT 2018 com.google.javascript.jscomp.LightweightMessageFormatter,49
Fri Jan 12 22:16:38 AEDT 2018 com.google.javascript.jscomp.LightweightMessageFormatter,50
Fri Jan 12 22:16:41 AEDT 2018 com.google.javascript.jscomp.LightweightMessageFormatter,51
Fri Jan 12 22:16:43 AEDT 2018 Fri Jan 12 22:16:43 AEDT 2018 : com.google.javascript.jscomp.LightweightMessageFormatter,52=>Find no block
Fri Jan 12 22:16:46 AEDT 2018 Fri Jan 12 22:16:46 AEDT 2018 : com.google.javascript.jscomp.LightweightMessageFormatter,32=>Find no block
Fri Jan 12 22:16:46 AEDT 2018 Fri Jan 12 22:16:46 AEDT 2018 : com.google.javascript.jscomp.AbstractMessageFormatter,32=>Find no block
Fri Jan 12 22:16:47 AEDT 2018 com.google.javascript.jscomp.AbstractMessageFormatter,33
Fri Jan 12 22:16:58 AEDT 2018 Fri Jan 12 22:16:58 AEDT 2018 : com.google.javascript.jscomp.AbstractMessageFormatter,34=>Find no block
Fri Jan 12 22:17:02 AEDT 2018 Fri Jan 12 22:17:02 AEDT 2018 : com.google.javascript.jscomp.AbstractMessageFormatter,47=>Find no block
Fri Jan 12 22:17:06 AEDT 2018 Fri Jan 12 22:17:06 AEDT 2018 : com.google.javascript.jscomp.SourceExcerptProvider,43=>Find no block
Fri Jan 12 22:17:06 AEDT 2018 Fri Jan 12 22:17:06 AEDT 2018 : com.google.javascript.jscomp.SourceExcerptProvider,28=>Find no block
Fri Jan 12 22:17:07 AEDT 2018 Fri Jan 12 22:17:07 AEDT 2018 : com.google.javascript.jscomp.SourceExcerptProvider,32=>Find no block
Fri Jan 12 22:17:08 AEDT 2018 Fri Jan 12 22:17:08 AEDT 2018 : com.google.javascript.jscomp.SourceExcerptProvider,43=>Find no block
Fri Jan 12 22:17:08 AEDT 2018 Fri Jan 12 22:17:08 AEDT 2018 : com.google.javascript.jscomp.SourceExcerptProvider,32=>Find no block
Fri Jan 12 22:17:09 AEDT 2018 Fri Jan 12 22:17:09 AEDT 2018 : com.google.javascript.jscomp.LightweightMessageFormatter,120=>Find no block
Fri Jan 12 22:17:10 AEDT 2018 com.google.javascript.jscomp.DiagnosticType,54
Fri Jan 12 22:17:26 AEDT 2018 Fri Jan 12 22:17:26 AEDT 2018 : com.google.javascript.jscomp.DiagnosticType,97=>Find no block
Fri Jan 12 22:17:28 AEDT 2018 com.google.javascript.jscomp.DiagnosticType,98
Fri Jan 12 22:18:40 AEDT 2018 com.google.javascript.jscomp.DiagnosticType,99
Fri Jan 12 22:18:41 AEDT 2018 com.google.javascript.jscomp.DiagnosticType,100
Fri Jan 12 22:18:42 AEDT 2018 com.google.javascript.jscomp.DiagnosticType,102
Fri Jan 12 22:18:43 AEDT 2018 Fri Jan 12 22:18:43 AEDT 2018 : com.google.javascript.jscomp.DiagnosticType,103=>Find no block
Fri Jan 12 22:18:44 AEDT 2018 com.google.javascript.jscomp.DiagnosticType,90
Fri Jan 12 22:18:59 AEDT 2018 Fri Jan 12 22:18:59 AEDT 2018 : com.google.javascript.jscomp.CheckLevel,24=>Find no block
Fri Jan 12 22:19:02 AEDT 2018 Fri Jan 12 22:19:02 AEDT 2018 : com.google.javascript.jscomp.CheckLevel,25=>Find no block
Fri Jan 12 22:19:04 AEDT 2018 Fri Jan 12 22:19:04 AEDT 2018 : com.google.javascript.jscomp.CheckLevel,26=>Find no block
Fri Jan 12 22:19:05 AEDT 2018 Fri Jan 12 22:19:05 AEDT 2018 : com.google.javascript.jscomp.CheckLevel,27=>Find no block
Fri Jan 12 22:19:06 AEDT 2018 Fri Jan 12 22:19:06 AEDT 2018 : com.google.javascript.jscomp.JSError,174=>Find no block
Fri Jan 12 22:19:07 AEDT 2018 com.google.javascript.jscomp.JSError,157
Fri Jan 12 22:19:11 AEDT 2018 Fri Jan 12 22:19:11 AEDT 2018 : com.google.javascript.jscomp.JSError,162=>Find no block
Fri Jan 12 22:19:14 AEDT 2018 com.google.javascript.jscomp.JSError,71
Fri Jan 12 22:19:21 AEDT 2018 com.google.javascript.jscomp.JSError,99
Fri Jan 12 22:19:28 AEDT 2018 com.google.javascript.jscomp.JSError,113
Fri Jan 12 22:19:33 AEDT 2018 com.google.javascript.jscomp.JSError,127
Fri Jan 12 22:19:43 AEDT 2018 com.google.javascript.jscomp.JSError,165
Fri Jan 12 22:19:53 AEDT 2018 Fri Jan 12 22:19:53 AEDT 2018 : com.google.javascript.jscomp.JSError,174=>Find no block
Fri Jan 12 22:19:55 AEDT 2018 com.google.javascript.jscomp.JSError,176
Fri Jan 12 22:20:19 AEDT 2018 com.google.javascript.jscomp.JSError,179
Fri Jan 12 22:20:20 AEDT 2018 com.google.javascript.jscomp.JSError,182
Fri Jan 12 22:20:22 AEDT 2018 com.google.javascript.jscomp.JSError,189
Fri Jan 12 22:20:31 AEDT 2018 com.google.javascript.jscomp.JSError,206
Fri Jan 12 22:21:21 AEDT 2018 com.google.javascript.jscomp.JSError,207
Fri Jan 12 22:21:25 AEDT 2018 com.google.javascript.jscomp.JSError,209
Fri Jan 12 22:22:33 AEDT 2018 com.google.javascript.jscomp.JSError,210
Fri Jan 12 22:22:37 AEDT 2018 com.google.javascript.jscomp.JSError,213
Fri Jan 12 22:28:52 AEDT 2018 com.google.javascript.jscomp.JSError,215
Fri Jan 12 22:28:54 AEDT 2018 com.google.javascript.jscomp.JSError,216
Fri Jan 12 22:28:55 AEDT 2018 com.google.javascript.jscomp.JSError,218
Fri Jan 12 22:29:38 AEDT 2018 com.google.javascript.jscomp.JSError,219
Fri Jan 12 22:29:41 AEDT 2018 com.google.javascript.jscomp.JSError,221
Fri Jan 12 22:38:07 AEDT 2018 com.google.javascript.jscomp.JSError,222
Fri Jan 12 22:38:11 AEDT 2018 com.google.javascript.jscomp.JSError,224
Fri Jan 12 22:38:45 AEDT 2018 com.google.javascript.jscomp.JSError,225
Fri Jan 12 22:38:46 AEDT 2018 com.google.javascript.jscomp.JSError,227
Fri Jan 12 22:50:47 AEDT 2018 com.google.javascript.jscomp.JSError,229
Fri Jan 12 22:50:49 AEDT 2018 com.google.javascript.jscomp.JSError,231
Fri Jan 12 22:59:02 AEDT 2018 com.google.javascript.jscomp.JSError,232
Fri Jan 12 22:59:04 AEDT 2018 com.google.javascript.jscomp.JSError,235
Fri Jan 12 23:08:13 AEDT 2018 com.google.javascript.jscomp.JSError,241
Fri Jan 12 23:19:11 AEDT 2018 com.google.javascript.jscomp.JSError,242
Fri Jan 12 23:19:14 AEDT 2018 com.google.javascript.jscomp.JSError,243
Fri Jan 12 23:19:17 AEDT 2018 com.google.javascript.jscomp.JSError,244
Fri Jan 12 23:19:19 AEDT 2018 com.google.javascript.jscomp.JSError,245
Fri Jan 12 23:19:20 AEDT 2018 com.google.javascript.jscomp.JSError,246
Fri Jan 12 23:19:23 AEDT 2018 com.google.javascript.jscomp.JSError,247
Fri Jan 12 23:19:26 AEDT 2018 com.google.javascript.jscomp.LightweightMessageFormatter,126
Fri Jan 12 23:19:32 AEDT 2018 com.google.javascript.jscomp.LightweightMessageFormatter,127
Fri Jan 12 23:19:32 AEDT 2018 com.google.javascript.jscomp.LightweightMessageFormatter,129
Fri Jan 12 23:26:24 AEDT 2018 com.google.javascript.jscomp.LightweightMessageFormatter,130
Fri Jan 12 23:26:27 AEDT 2018 com.google.javascript.jscomp.LightweightMessageFormatter,131
Fri Jan 12 23:26:30 AEDT 2018 com.google.javascript.jscomp.LightweightMessageFormatter,135
Fri Jan 12 23:35:54 AEDT 2018 com.google.javascript.jscomp.LightweightMessageFormatter,139
Fri Jan 12 23:47:21 AEDT 2018 com.google.javascript.jscomp.LightweightMessageFormatter,140
Fri Jan 12 23:51:20 AEDT 2018 com.google.javascript.jscomp.LightweightMessageFormatter,141
Fri Jan 12 23:57:29 AEDT 2018 com.google.javascript.jscomp.LightweightMessageFormatter,142
Fri Jan 12 23:57:30 AEDT 2018 com.google.javascript.jscomp.LightweightMessageFormatter,143
Timeout time : 18/01/13 00:06
