=================================================
Project : closure_63	start : 18/01/12 14:05
Current failed test : com.google.javascript.jscomp.LightweightMessageFormatterTest::testFormatErrorSpaceEndOfLine1 | 18/01/12 14:05
Fri Jan 12 14:05:45 AEDT 2018 com.google.javascript.jscomp.LightweightMessageFormatter,90
Fri Jan 12 14:19:39 AEDT 2018 com.google.javascript.jscomp.LightweightMessageFormatter,91
Fri Jan 12 14:19:39 AEDT 2018 com.google.javascript.jscomp.LightweightMessageFormatter,92
Fri Jan 12 15:48:59 AEDT 2018 com.google.javascript.jscomp.LightweightMessageFormatter,97
Fri Jan 12 15:49:00 AEDT 2018 com.google.javascript.jscomp.AbstractMessageFormatter,75
Fri Jan 12 15:49:17 AEDT 2018 com.google.javascript.jscomp.LightweightMessageFormatter,59
Fri Jan 12 15:49:28 AEDT 2018 com.google.javascript.jscomp.LightweightMessageFormatter,76
Fri Jan 12 15:59:35 AEDT 2018 com.google.javascript.jscomp.LightweightMessageFormatter,77
Fri Jan 12 15:59:39 AEDT 2018 com.google.javascript.jscomp.LightweightMessageFormatter,78
Fri Jan 12 15:59:42 AEDT 2018 com.google.javascript.jscomp.LightweightMessageFormatter,79
Fri Jan 12 15:59:45 AEDT 2018 com.google.javascript.jscomp.LightweightMessageFormatter,81
Fri Jan 12 15:59:46 AEDT 2018 Fri Jan 12 15:59:46 AEDT 2018 : com.google.javascript.jscomp.AbstractMessageFormatter,74=>Find no block
Fri Jan 12 15:59:47 AEDT 2018 com.google.javascript.jscomp.AbstractMessageFormatter,44
Fri Jan 12 15:59:51 AEDT 2018 Fri Jan 12 15:59:51 AEDT 2018 : com.google.javascript.jscomp.AbstractMessageFormatter,74=>Find no block
Fri Jan 12 15:59:52 AEDT 2018 com.google.javascript.jscomp.AbstractMessageFormatter,82
Fri Jan 12 16:00:01 AEDT 2018 com.google.javascript.jscomp.LightweightMessageFormatter,68
Fri Jan 12 16:11:13 AEDT 2018 com.google.javascript.jscomp.LightweightMessageFormatter,69
Fri Jan 12 16:11:15 AEDT 2018 com.google.javascript.jscomp.LightweightMessageFormatter,74
Fri Jan 12 16:31:17 AEDT 2018 com.google.javascript.jscomp.LightweightMessageFormatter,75
Fri Jan 12 16:31:21 AEDT 2018 com.google.javascript.jscomp.LightweightMessageFormatter,84
Fri Jan 12 16:41:22 AEDT 2018 com.google.javascript.jscomp.LightweightMessageFormatter,85
Fri Jan 12 16:48:21 AEDT 2018 com.google.javascript.jscomp.LightweightMessageFormatter,87
Fri Jan 12 16:54:13 AEDT 2018 com.google.javascript.jscomp.LightweightMessageFormatter,88
Fri Jan 12 16:54:16 AEDT 2018 com.google.javascript.jscomp.LightweightMessageFormatter,89
Fri Jan 12 17:07:38 AEDT 2018 com.google.javascript.jscomp.LightweightMessageFormatter,110
Fri Jan 12 17:27:04 AEDT 2018 Fri Jan 12 17:27:04 AEDT 2018 : com.google.javascript.jscomp.SourceExcerptProvider,36=>Find no block
Fri Jan 12 17:27:06 AEDT 2018 Fri Jan 12 17:27:06 AEDT 2018 : com.google.javascript.jscomp.AbstractMessageFormatter,64=>Find no block
Fri Jan 12 17:27:07 AEDT 2018 com.google.javascript.jscomp.AbstractMessageFormatter,65
Fri Jan 12 17:27:11 AEDT 2018 Fri Jan 12 17:27:11 AEDT 2018 : com.google.javascript.jscomp.AbstractMessageFormatter,66=>Find no block
Fri Jan 12 17:27:12 AEDT 2018 Fri Jan 12 17:27:12 AEDT 2018 : com.google.javascript.jscomp.AbstractMessageFormatter,58=>Find no block
Fri Jan 12 17:27:13 AEDT 2018 Fri Jan 12 17:27:13 AEDT 2018 : com.google.javascript.jscomp.AbstractMessageFormatter,59=>Find no block
Fri Jan 12 17:27:15 AEDT 2018 Fri Jan 12 17:27:15 AEDT 2018 : com.google.javascript.jscomp.AbstractMessageFormatter,60=>Find no block
Fri Jan 12 17:27:18 AEDT 2018 Fri Jan 12 17:27:18 AEDT 2018 : com.google.javascript.jscomp.AbstractMessageFormatter,57=>Find no block
Fri Jan 12 17:27:20 AEDT 2018 com.google.javascript.jscomp.LightweightMessageFormatter,122
Fri Jan 12 17:27:29 AEDT 2018 com.google.javascript.jscomp.JSError,85
Fri Jan 12 17:27:34 AEDT 2018 com.google.javascript.jscomp.JSError,200
Fri Jan 12 17:28:18 AEDT 2018 Fri Jan 12 17:28:18 AEDT 2018 : com.google.javascript.jscomp.JSError,141=>Find no block
Fri Jan 12 17:28:19 AEDT 2018 com.google.javascript.jscomp.JSError,142
Fri Jan 12 17:42:41 AEDT 2018 com.google.javascript.jscomp.JSError,143
Fri Jan 12 17:42:44 AEDT 2018 com.google.javascript.jscomp.JSError,144
Fri Jan 12 17:42:47 AEDT 2018 com.google.javascript.jscomp.JSError,145
Fri Jan 12 17:42:50 AEDT 2018 com.google.javascript.jscomp.JSError,146
Fri Jan 12 17:42:51 AEDT 2018 com.google.javascript.jscomp.JSError,147
Fri Jan 12 17:42:51 AEDT 2018 com.google.javascript.jscomp.JSError,148
Fri Jan 12 17:42:52 AEDT 2018 Fri Jan 12 17:42:52 AEDT 2018 : com.google.javascript.jscomp.JSError,149=>Find no block
Fri Jan 12 17:42:53 AEDT 2018 com.google.javascript.jscomp.LightweightMessageFormatter,44
Fri Jan 12 17:42:59 AEDT 2018 Fri Jan 12 17:42:59 AEDT 2018 : com.google.javascript.jscomp.LightweightMessageFormatter,45=>Find no block
Fri Jan 12 17:43:01 AEDT 2018 com.google.javascript.jscomp.LightweightMessageFormatter,49
Fri Jan 12 17:44:01 AEDT 2018 com.google.javascript.jscomp.LightweightMessageFormatter,50
Fri Jan 12 17:44:02 AEDT 2018 com.google.javascript.jscomp.LightweightMessageFormatter,51
Fri Jan 12 17:44:03 AEDT 2018 Fri Jan 12 17:44:03 AEDT 2018 : com.google.javascript.jscomp.LightweightMessageFormatter,52=>Find no block
Fri Jan 12 17:44:03 AEDT 2018 Fri Jan 12 17:44:03 AEDT 2018 : com.google.javascript.jscomp.AbstractMessageFormatter,32=>Find no block
Fri Jan 12 17:44:04 AEDT 2018 com.google.javascript.jscomp.AbstractMessageFormatter,33
Fri Jan 12 17:44:15 AEDT 2018 Fri Jan 12 17:44:15 AEDT 2018 : com.google.javascript.jscomp.AbstractMessageFormatter,34=>Find no block
Fri Jan 12 17:44:17 AEDT 2018 Fri Jan 12 17:44:17 AEDT 2018 : com.google.javascript.jscomp.AbstractMessageFormatter,47=>Find no block
Fri Jan 12 17:44:20 AEDT 2018 Fri Jan 12 17:44:20 AEDT 2018 : com.google.javascript.jscomp.LightweightMessageFormatter,32=>Find no block
Fri Jan 12 17:44:23 AEDT 2018 Fri Jan 12 17:44:23 AEDT 2018 : com.google.javascript.jscomp.SourceExcerptProvider,28=>Find no block
Fri Jan 12 17:44:24 AEDT 2018 Fri Jan 12 17:44:24 AEDT 2018 : com.google.javascript.jscomp.SourceExcerptProvider,32=>Find no block
Fri Jan 12 17:44:25 AEDT 2018 Fri Jan 12 17:44:25 AEDT 2018 : com.google.javascript.jscomp.SourceExcerptProvider,43=>Find no block
Fri Jan 12 17:44:26 AEDT 2018 Fri Jan 12 17:44:26 AEDT 2018 : com.google.javascript.jscomp.SourceExcerptProvider,32=>Find no block
Fri Jan 12 17:44:26 AEDT 2018 Fri Jan 12 17:44:26 AEDT 2018 : com.google.javascript.jscomp.SourceExcerptProvider,43=>Find no block
Fri Jan 12 17:44:27 AEDT 2018 Fri Jan 12 17:44:27 AEDT 2018 : com.google.javascript.jscomp.LightweightMessageFormatter,120=>Find no block
Fri Jan 12 17:44:28 AEDT 2018 com.google.javascript.jscomp.DiagnosticType,54
Fri Jan 12 17:44:43 AEDT 2018 Fri Jan 12 17:44:43 AEDT 2018 : com.google.javascript.jscomp.DiagnosticType,97=>Find no block
Fri Jan 12 17:44:45 AEDT 2018 com.google.javascript.jscomp.DiagnosticType,98
Fri Jan 12 17:46:01 AEDT 2018 com.google.javascript.jscomp.DiagnosticType,99
Fri Jan 12 17:46:04 AEDT 2018 com.google.javascript.jscomp.DiagnosticType,100
Fri Jan 12 17:46:05 AEDT 2018 com.google.javascript.jscomp.DiagnosticType,102
Fri Jan 12 17:46:07 AEDT 2018 Fri Jan 12 17:46:07 AEDT 2018 : com.google.javascript.jscomp.DiagnosticType,103=>Find no block
Fri Jan 12 17:46:09 AEDT 2018 com.google.javascript.jscomp.DiagnosticType,90
Fri Jan 12 17:46:21 AEDT 2018 Fri Jan 12 17:46:21 AEDT 2018 : com.google.javascript.jscomp.CheckLevel,24=>Find no block
Fri Jan 12 17:46:24 AEDT 2018 Fri Jan 12 17:46:24 AEDT 2018 : com.google.javascript.jscomp.CheckLevel,25=>Find no block
Fri Jan 12 17:46:26 AEDT 2018 Fri Jan 12 17:46:26 AEDT 2018 : com.google.javascript.jscomp.CheckLevel,26=>Find no block
Fri Jan 12 17:46:29 AEDT 2018 Fri Jan 12 17:46:29 AEDT 2018 : com.google.javascript.jscomp.CheckLevel,27=>Find no block
Fri Jan 12 17:46:32 AEDT 2018 com.google.javascript.jscomp.AbstractMessageFormatter,37
Fri Jan 12 17:46:36 AEDT 2018 Fri Jan 12 17:46:36 AEDT 2018 : com.google.javascript.jscomp.AbstractMessageFormatter,38=>Find no block
Fri Jan 12 17:46:37 AEDT 2018 com.google.javascript.jscomp.AbstractMessageFormatter,54
Fri Jan 12 17:48:07 AEDT 2018 com.google.javascript.jscomp.AbstractMessageFormatter,76
Fri Jan 12 17:48:10 AEDT 2018 com.google.javascript.jscomp.AbstractMessageFormatter,77
Fri Jan 12 17:48:11 AEDT 2018 com.google.javascript.jscomp.AbstractMessageFormatter,84
Fri Jan 12 17:48:26 AEDT 2018 Fri Jan 12 17:48:26 AEDT 2018 : com.google.javascript.jscomp.JSError,174=>Find no block
Fri Jan 12 17:48:29 AEDT 2018 com.google.javascript.jscomp.JSError,157
Fri Jan 12 17:48:37 AEDT 2018 Fri Jan 12 17:48:37 AEDT 2018 : com.google.javascript.jscomp.JSError,162=>Find no block
Fri Jan 12 17:48:38 AEDT 2018 com.google.javascript.jscomp.JSError,71
Fri Jan 12 17:48:42 AEDT 2018 com.google.javascript.jscomp.JSError,99
Fri Jan 12 17:48:47 AEDT 2018 com.google.javascript.jscomp.JSError,113
Fri Jan 12 17:48:57 AEDT 2018 com.google.javascript.jscomp.JSError,127
Fri Jan 12 17:49:05 AEDT 2018 com.google.javascript.jscomp.JSError,165
Fri Jan 12 17:49:11 AEDT 2018 Fri Jan 12 17:49:11 AEDT 2018 : com.google.javascript.jscomp.JSError,174=>Find no block
Fri Jan 12 17:49:12 AEDT 2018 com.google.javascript.jscomp.JSError,176
Fri Jan 12 17:49:33 AEDT 2018 com.google.javascript.jscomp.JSError,179
Fri Jan 12 17:49:33 AEDT 2018 com.google.javascript.jscomp.JSError,182
Fri Jan 12 17:49:34 AEDT 2018 com.google.javascript.jscomp.JSError,189
Fri Jan 12 17:49:40 AEDT 2018 com.google.javascript.jscomp.JSError,206
Fri Jan 12 17:50:27 AEDT 2018 com.google.javascript.jscomp.JSError,207
Fri Jan 12 17:50:29 AEDT 2018 com.google.javascript.jscomp.JSError,209
Fri Jan 12 17:51:29 AEDT 2018 com.google.javascript.jscomp.JSError,210
Fri Jan 12 17:51:30 AEDT 2018 com.google.javascript.jscomp.JSError,213
Fri Jan 12 17:57:18 AEDT 2018 com.google.javascript.jscomp.JSError,215
Fri Jan 12 17:57:21 AEDT 2018 com.google.javascript.jscomp.JSError,216
Fri Jan 12 17:57:23 AEDT 2018 com.google.javascript.jscomp.JSError,218
Fri Jan 12 17:58:02 AEDT 2018 com.google.javascript.jscomp.JSError,219
Fri Jan 12 17:58:05 AEDT 2018 com.google.javascript.jscomp.JSError,221
Fri Jan 12 18:06:19 AEDT 2018 com.google.javascript.jscomp.JSError,222
Fri Jan 12 18:06:21 AEDT 2018 com.google.javascript.jscomp.JSError,224
Fri Jan 12 18:06:50 AEDT 2018 com.google.javascript.jscomp.JSError,225
Fri Jan 12 18:06:51 AEDT 2018 com.google.javascript.jscomp.JSError,227
Fri Jan 12 18:18:51 AEDT 2018 com.google.javascript.jscomp.JSError,229
Fri Jan 12 18:18:55 AEDT 2018 com.google.javascript.jscomp.JSError,231
Fri Jan 12 18:26:50 AEDT 2018 com.google.javascript.jscomp.JSError,232
Fri Jan 12 18:26:50 AEDT 2018 com.google.javascript.jscomp.JSError,235
Fri Jan 12 18:35:44 AEDT 2018 com.google.javascript.jscomp.JSError,241
Fri Jan 12 18:46:36 AEDT 2018 com.google.javascript.jscomp.JSError,242
Fri Jan 12 18:46:38 AEDT 2018 com.google.javascript.jscomp.JSError,243
Fri Jan 12 18:46:40 AEDT 2018 com.google.javascript.jscomp.JSError,244
Fri Jan 12 18:46:43 AEDT 2018 com.google.javascript.jscomp.JSError,245
Fri Jan 12 18:46:46 AEDT 2018 com.google.javascript.jscomp.JSError,246
Fri Jan 12 18:46:47 AEDT 2018 com.google.javascript.jscomp.JSError,247
Fri Jan 12 18:46:47 AEDT 2018 com.google.javascript.jscomp.DiagnosticType,65
Fri Jan 12 18:47:02 AEDT 2018 com.google.javascript.jscomp.DiagnosticType,77
Fri Jan 12 18:47:16 AEDT 2018 com.google.javascript.jscomp.DiagnosticType,110
Fri Jan 12 18:47:30 AEDT 2018 com.google.javascript.jscomp.DiagnosticType,115
Fri Jan 12 18:52:11 AEDT 2018 com.google.javascript.jscomp.DiagnosticType,121
Fri Jan 12 18:52:45 AEDT 2018 com.google.javascript.jscomp.DiagnosticType,126
Fri Jan 12 18:53:26 AEDT 2018 com.google.javascript.jscomp.DiagnosticType,131
Fri Jan 12 18:53:39 AEDT 2018 Fri Jan 12 18:53:39 AEDT 2018 : com.google.javascript.jscomp.DiagnosticType,27=>Find no block
Fri Jan 12 18:53:40 AEDT 2018 com.google.javascript.jscomp.CheckLevel,30
Fri Jan 12 18:53:46 AEDT 2018 com.google.javascript.jscomp.LightweightMessageFormatter,39
Fri Jan 12 18:53:57 AEDT 2018 com.google.javascript.jscomp.LightweightMessageFormatter,40
Fri Jan 12 18:53:58 AEDT 2018 Fri Jan 12 18:53:58 AEDT 2018 : com.google.javascript.jscomp.LightweightMessageFormatter,41=>Find no block
Fri Jan 12 18:53:59 AEDT 2018 com.google.javascript.jscomp.LightweightMessageFormatter,55
Fri Jan 12 18:54:03 AEDT 2018 com.google.javascript.jscomp.LightweightMessageFormatter,63
Fri Jan 12 18:54:14 AEDT 2018 com.google.javascript.jscomp.LightweightMessageFormatter,99
Fri Jan 12 18:54:17 AEDT 2018 com.google.javascript.jscomp.LightweightMessageFormatter,100
Fri Jan 12 18:54:20 AEDT 2018 com.google.javascript.jscomp.LightweightMessageFormatter,101
Fri Jan 12 18:54:21 AEDT 2018 com.google.javascript.jscomp.LightweightMessageFormatter,102
Fri Jan 12 18:54:22 AEDT 2018 com.google.javascript.jscomp.LightweightMessageFormatter,104
Fri Jan 12 18:54:23 AEDT 2018 com.google.javascript.jscomp.LightweightMessageFormatter,107
Fri Jan 12 18:54:24 AEDT 2018 Fri Jan 12 18:54:24 AEDT 2018 : com.google.javascript.jscomp.SourceExcerptProvider,47=>Find no block
Fri Jan 12 18:54:25 AEDT 2018 com.google.javascript.jscomp.AbstractMessageFormatter,69
Fri Jan 12 18:54:31 AEDT 2018 com.google.javascript.jscomp.LightweightMessageFormatter,126
Fri Jan 12 18:54:39 AEDT 2018 com.google.javascript.jscomp.LightweightMessageFormatter,127
Fri Jan 12 18:54:41 AEDT 2018 com.google.javascript.jscomp.LightweightMessageFormatter,129
Fri Jan 12 19:01:22 AEDT 2018 com.google.javascript.jscomp.LightweightMessageFormatter,130
Fri Jan 12 19:01:25 AEDT 2018 com.google.javascript.jscomp.LightweightMessageFormatter,131
Fri Jan 12 19:01:28 AEDT 2018 com.google.javascript.jscomp.LightweightMessageFormatter,135
Timeout time : 18/01/12 19:05
