=================================================
Project : closure_65	start : 18/01/12 18:09
Current failed test : com.google.javascript.jscomp.CodePrinterTest::testZero | 18/01/12 18:09
Fri Jan 12 18:27:56 AEDT 2018 com.google.javascript.jscomp.CodeGenerator,1015
Fri Jan 12 18:32:24 AEDT 2018 com.google.javascript.jscomp.Compiler,1265
Fri Jan 12 18:34:42 AEDT 2018 com.google.javascript.jscomp.Compiler,1261
Fri Jan 12 18:47:13 AEDT 2018 com.google.javascript.jscomp.Compiler,1262
Fri Jan 12 18:47:14 AEDT 2018 com.google.javascript.jscomp.Compiler,1264
Fri Jan 12 18:47:15 AEDT 2018 com.google.javascript.jscomp.Compiler,1267
Fri Jan 12 18:47:16 AEDT 2018 com.google.javascript.jscomp.Compiler,1268
Fri Jan 12 18:47:16 AEDT 2018 Fri Jan 12 18:47:16 AEDT 2018 : com.google.javascript.jscomp.CodeGenerator,961=>Find no block
Fri Jan 12 18:47:17 AEDT 2018 com.google.javascript.jscomp.CodeGenerator,632
Fri Jan 12 20:44:08 AEDT 2018 com.google.javascript.jscomp.CodeGenerator,638
Fri Jan 12 21:23:51 AEDT 2018 com.google.javascript.jscomp.CodeGenerator,639
Fri Jan 12 21:36:12 AEDT 2018 com.google.javascript.jscomp.CodeGenerator,976
Fri Jan 12 21:36:16 AEDT 2018 com.google.javascript.jscomp.CodeGenerator,977
Fri Jan 12 21:36:16 AEDT 2018 com.google.javascript.jscomp.CodeGenerator,978
Fri Jan 12 21:36:18 AEDT 2018 com.google.javascript.jscomp.CodeGenerator,948
Fri Jan 12 22:10:21 AEDT 2018 com.google.javascript.jscomp.CodeGenerator,949
Fri Jan 12 22:20:43 AEDT 2018 com.google.javascript.jscomp.CodeGenerator,950
Fri Jan 12 22:20:44 AEDT 2018 com.google.javascript.jscomp.CodeGenerator,951
Fri Jan 12 22:20:45 AEDT 2018 com.google.javascript.jscomp.CodeGenerator,953
Fri Jan 12 22:20:46 AEDT 2018 Fri Jan 12 22:20:46 AEDT 2018 : com.google.javascript.jscomp.CodeGenerator,954=>Find no block
Fri Jan 12 22:20:47 AEDT 2018 com.google.javascript.jscomp.CodeGenerator,957
Timeout time : 18/01/12 23:30
