=================================================
Project : closure_77	start : 18/01/12 19:16
Current failed test : com.google.javascript.jscomp.CodePrinterTest::testZero | 18/01/12 19:16
Fri Jan 12 19:26:15 AEDT 2018 com.google.javascript.jscomp.CodeGenerator,1018
Fri Jan 12 19:34:55 AEDT 2018 com.google.javascript.jscomp.CodeGenerator,1127
Fri Jan 12 19:35:22 AEDT 2018 Fri Jan 12 19:35:22 AEDT 2018 : com.google.javascript.jscomp.CodeGenerator,1131=>Find no block
Fri Jan 12 19:35:25 AEDT 2018 Fri Jan 12 19:35:25 AEDT 2018 : com.google.javascript.jscomp.CodeGenerator,1132=>Find no block
Fri Jan 12 19:35:28 AEDT 2018 com.google.javascript.jscomp.CodeGenerator,1144
Fri Jan 12 19:38:07 AEDT 2018 com.google.javascript.jscomp.CodeGenerator,1154
Fri Jan 12 19:51:29 AEDT 2018 Fri Jan 12 19:51:29 AEDT 2018 : com.google.javascript.jscomp.CodeGenerator,1159=>Find no block
Fri Jan 12 19:51:32 AEDT 2018 com.google.javascript.jscomp.Compiler,1240
Fri Jan 12 19:53:21 AEDT 2018 com.google.javascript.jscomp.Compiler,1236
Fri Jan 12 20:03:17 AEDT 2018 com.google.javascript.jscomp.Compiler,1237
Fri Jan 12 20:03:20 AEDT 2018 com.google.javascript.jscomp.Compiler,1239
Fri Jan 12 20:03:22 AEDT 2018 com.google.javascript.jscomp.Compiler,1242
Fri Jan 12 20:03:25 AEDT 2018 com.google.javascript.jscomp.Compiler,1243
Fri Jan 12 20:03:27 AEDT 2018 Fri Jan 12 20:03:27 AEDT 2018 : com.google.javascript.jscomp.CodeGenerator,912=>Find no block
Fri Jan 12 20:03:29 AEDT 2018 com.google.javascript.jscomp.CodeGenerator,1001
Fri Jan 12 20:59:50 AEDT 2018 com.google.javascript.jscomp.CodeGenerator,1012
Fri Jan 12 20:59:52 AEDT 2018 com.google.javascript.jscomp.CodeGenerator,964
Timeout time : 18/01/13 00:26
