=================================================
Project : closure_8	start : 18/01/12 19:05
Current failed test : com.google.javascript.jscomp.CollapseVariableDeclarationsTest::testIssue820 | 18/01/12 19:06
Fri Jan 12 19:06:43 AEDT 2018 Fri Jan 12 19:06:43 AEDT 2018 : com.google.javascript.rhino.Node,112=>Find no block
Fri Jan 12 19:06:48 AEDT 2018 com.google.javascript.rhino.Node,115
Fri Jan 12 19:07:13 AEDT 2018 com.google.javascript.rhino.Node,121
Fri Jan 12 19:07:41 AEDT 2018 com.google.javascript.rhino.Node,132
Fri Jan 12 19:08:03 AEDT 2018 com.google.javascript.rhino.Node,133
Fri Jan 12 19:08:29 AEDT 2018 com.google.javascript.rhino.Node,860
Fri Jan 12 19:30:16 AEDT 2018 com.google.javascript.rhino.Node,861
Fri Jan 12 19:30:21 AEDT 2018 com.google.javascript.rhino.Node,862
Fri Jan 12 19:30:25 AEDT 2018 com.google.javascript.rhino.Node,865
Fri Jan 12 19:30:29 AEDT 2018 com.google.javascript.rhino.Node,866
Fri Jan 12 19:30:34 AEDT 2018 com.google.javascript.rhino.Node,867
Fri Jan 12 19:30:39 AEDT 2018 com.google.javascript.rhino.Node,868
Fri Jan 12 19:30:44 AEDT 2018 com.google.javascript.rhino.Node,871
Fri Jan 12 19:30:49 AEDT 2018 com.google.javascript.rhino.Node,872
Fri Jan 12 19:30:54 AEDT 2018 com.google.javascript.rhino.Node,917
Fri Jan 12 19:31:06 AEDT 2018 com.google.javascript.rhino.Node,939
Fri Jan 12 20:41:25 AEDT 2018 com.google.javascript.rhino.Node,943
Fri Jan 12 20:41:30 AEDT 2018 com.google.javascript.rhino.Node,946
Fri Jan 12 20:41:34 AEDT 2018 com.google.javascript.rhino.Node,949
Fri Jan 12 20:41:38 AEDT 2018 com.google.javascript.rhino.Node,950
Fri Jan 12 20:41:43 AEDT 2018 com.google.javascript.rhino.Node,953
Fri Jan 12 20:50:19 AEDT 2018 com.google.javascript.rhino.Node,954
Fri Jan 12 20:50:25 AEDT 2018 com.google.javascript.rhino.Node,955
Fri Jan 12 20:50:30 AEDT 2018 com.google.javascript.rhino.Node,956
Fri Jan 12 20:50:35 AEDT 2018 com.google.javascript.rhino.Node,961
Fri Jan 12 20:51:36 AEDT 2018 com.google.javascript.rhino.Node,962
Fri Jan 12 21:12:29 AEDT 2018 com.google.javascript.rhino.Node,963
Fri Jan 12 21:31:10 AEDT 2018 com.google.javascript.rhino.Node,964
Fri Jan 12 21:31:11 AEDT 2018 com.google.javascript.rhino.Node,965
Fri Jan 12 21:41:52 AEDT 2018 com.google.javascript.rhino.Node,966
Fri Jan 12 21:50:21 AEDT 2018 com.google.javascript.rhino.Node,967
Fri Jan 12 22:02:37 AEDT 2018 Fri Jan 12 22:02:37 AEDT 2018 : com.google.javascript.rhino.Node,969=>Find no block
Fri Jan 12 22:02:41 AEDT 2018 com.google.javascript.rhino.Node,971
Fri Jan 12 22:02:45 AEDT 2018 com.google.javascript.rhino.Node,974
Fri Jan 12 22:08:23 AEDT 2018 com.google.javascript.rhino.Node,975
Fri Jan 12 22:08:24 AEDT 2018 com.google.javascript.rhino.Node,980
Fri Jan 12 22:12:46 AEDT 2018 com.google.javascript.rhino.Node,992
Fri Jan 12 22:12:49 AEDT 2018 com.google.javascript.rhino.Node,997
Fri Jan 12 22:12:53 AEDT 2018 com.google.javascript.rhino.Node,998
Fri Jan 12 22:12:54 AEDT 2018 com.google.javascript.rhino.Node,999
Fri Jan 12 22:12:55 AEDT 2018 com.google.javascript.rhino.Node,1006
Fri Jan 12 22:12:58 AEDT 2018 Fri Jan 12 22:12:58 AEDT 2018 : com.google.javascript.rhino.Node,1007=>Find no block
Fri Jan 12 22:12:59 AEDT 2018 com.google.javascript.rhino.Node,1011
Fri Jan 12 22:21:58 AEDT 2018 com.google.javascript.rhino.Node,1012
Fri Jan 12 22:22:00 AEDT 2018 com.google.javascript.rhino.Node,1014
Fri Jan 12 23:00:56 AEDT 2018 com.google.javascript.rhino.Node,1015
Fri Jan 12 23:00:57 AEDT 2018 Fri Jan 12 23:00:57 AEDT 2018 : com.google.javascript.rhino.Node,1016=>Find no block
Fri Jan 12 23:00:58 AEDT 2018 com.google.javascript.rhino.Node,1017
Fri Jan 12 23:00:59 AEDT 2018 com.google.javascript.rhino.Node,1019
Fri Jan 12 23:01:00 AEDT 2018 Fri Jan 12 23:01:00 AEDT 2018 : com.google.javascript.rhino.Node,1018=>Find no block
Fri Jan 12 23:01:01 AEDT 2018 Fri Jan 12 23:01:01 AEDT 2018 : com.google.javascript.rhino.Node,1021=>Find no block
Fri Jan 12 23:01:02 AEDT 2018 com.google.javascript.rhino.Node,1411
Fri Jan 12 23:01:07 AEDT 2018 com.google.javascript.rhino.Node,1427
Fri Jan 12 23:02:16 AEDT 2018 com.google.javascript.rhino.Node,1440
Fri Jan 12 23:02:30 AEDT 2018 Fri Jan 12 23:02:30 AEDT 2018 : com.google.javascript.rhino.Node,2125=>Find no block
Fri Jan 12 23:02:31 AEDT 2018 com.google.javascript.rhino.Node,2126
Fri Jan 12 23:02:35 AEDT 2018 com.google.javascript.rhino.Node,2127
Fri Jan 12 23:02:36 AEDT 2018 Fri Jan 12 23:02:36 AEDT 2018 : com.google.javascript.rhino.Node,2128=>Find no block
Fri Jan 12 23:02:37 AEDT 2018 com.google.javascript.rhino.Node,311
Fri Jan 12 23:03:24 AEDT 2018 com.google.javascript.rhino.InputId,74
Fri Jan 12 23:03:28 AEDT 2018 com.google.javascript.rhino.Node,343
Fri Jan 12 23:03:52 AEDT 2018 com.google.javascript.jscomp.SourceFile,303
Fri Jan 12 23:04:00 AEDT 2018 com.google.javascript.rhino.Node,924
Fri Jan 12 23:06:44 AEDT 2018 com.google.javascript.rhino.Node,925
Fri Jan 12 23:06:45 AEDT 2018 com.google.javascript.rhino.Node,926
Fri Jan 12 23:06:46 AEDT 2018 com.google.javascript.rhino.Node,934
Timeout time : 18/01/13 00:06
