=================================================
Project : closure_84	start : 18/01/12 14:05
Current failed test : com.google.javascript.jscomp.parsing.ParserTest::testDestructuringAssignForbidden4 | 18/01/12 14:06
Fri Jan 12 14:20:33 AEDT 2018 com.google.javascript.jscomp.parsing.IRFactory,308
Fri Jan 12 14:21:11 AEDT 2018 com.google.javascript.jscomp.parsing.IRFactory,854
Fri Jan 12 14:23:28 AEDT 2018 Fri Jan 12 14:23:28 AEDT 2018 : com.google.javascript.jscomp.parsing.IRFactory,858=>Find no block
Fri Jan 12 14:23:28 AEDT 2018 com.google.javascript.jscomp.parsing.IRFactory,314
Fri Jan 12 16:15:32 AEDT 2018 com.google.javascript.jscomp.parsing.IRFactory,315
Fri Jan 12 16:15:33 AEDT 2018 com.google.javascript.jscomp.parsing.IRFactory,318
Fri Jan 12 16:15:34 AEDT 2018 Fri Jan 12 16:15:34 AEDT 2018 : com.google.javascript.jscomp.parsing.IRFactory,320=>Find no block
Fri Jan 12 16:15:35 AEDT 2018 com.google.javascript.jscomp.parsing.ParserRunner,99
Fri Jan 12 16:16:06 AEDT 2018 com.google.javascript.jscomp.parsing.ParserRunner,100
Fri Jan 12 16:16:07 AEDT 2018 com.google.javascript.rhino.jstype.JSTypeRegistry,189
Fri Jan 12 16:16:15 AEDT 2018 Fri Jan 12 16:16:15 AEDT 2018 : com.google.javascript.rhino.jstype.JSTypeRegistry,190=>Find no block
Fri Jan 12 16:16:15 AEDT 2018 com.google.javascript.jscomp.parsing.TypeSafeDispatcher,146
Fri Jan 12 16:24:41 AEDT 2018 com.google.javascript.jscomp.parsing.IRFactory,307
Fri Jan 12 16:24:42 AEDT 2018 com.google.javascript.jscomp.parsing.IRFactory,311
Fri Jan 12 16:56:45 AEDT 2018 com.google.javascript.jscomp.parsing.IRFactory,312
Fri Jan 12 18:14:44 AEDT 2018 com.google.javascript.jscomp.parsing.IRFactory,313
Fri Jan 12 18:14:47 AEDT 2018 com.google.javascript.jscomp.parsing.IRFactory,321
Timeout time : 18/01/12 19:20
