=================================================
Project : closure_85	start : 18/01/12 14:05
Current failed test : com.google.javascript.jscomp.UnreachableCodeEliminationTest::testCascadedRemovalOfUnlessUnconditonalJumps | 18/01/12 14:06
Fri Jan 12 14:12:23 AEDT 2018 Fri Jan 12 14:12:23 AEDT 2018 : com.google.javascript.rhino.Node,175=>Find no block
Fri Jan 12 14:12:24 AEDT 2018 com.google.javascript.rhino.Node,195
Fri Jan 12 14:13:38 AEDT 2018 com.google.javascript.rhino.Node,220
Fri Jan 12 14:15:05 AEDT 2018 com.google.javascript.rhino.Node,843
Fri Jan 12 15:18:17 AEDT 2018 com.google.javascript.rhino.Node,844
Fri Jan 12 15:18:18 AEDT 2018 com.google.javascript.rhino.Node,845
Fri Jan 12 15:18:19 AEDT 2018 com.google.javascript.rhino.Node,848
Fri Jan 12 15:18:20 AEDT 2018 com.google.javascript.rhino.Node,849
Fri Jan 12 15:18:21 AEDT 2018 com.google.javascript.rhino.Node,850
Fri Jan 12 15:18:23 AEDT 2018 com.google.javascript.rhino.Node,851
Fri Jan 12 15:18:25 AEDT 2018 com.google.javascript.rhino.Node,854
Fri Jan 12 15:18:27 AEDT 2018 com.google.javascript.rhino.Node,855
Fri Jan 12 15:18:28 AEDT 2018 com.google.javascript.rhino.Node,908
Fri Jan 12 15:18:34 AEDT 2018 com.google.javascript.rhino.Node,916
Fri Jan 12 15:25:15 AEDT 2018 com.google.javascript.rhino.Node,917
Fri Jan 12 15:25:17 AEDT 2018 com.google.javascript.rhino.Node,918
Fri Jan 12 15:25:18 AEDT 2018 com.google.javascript.rhino.Node,929
Timeout time : 18/01/12 16:42
Current failed test : com.google.javascript.jscomp.UnreachableCodeEliminationTest::testIssue311 | 18/01/12 16:42
Fri Jan 12 16:44:27 AEDT 2018 com.google.javascript.rhino.Node,916
Fri Jan 12 16:50:09 AEDT 2018 com.google.javascript.rhino.Node,917
Fri Jan 12 16:50:10 AEDT 2018 com.google.javascript.rhino.Node,918
Fri Jan 12 16:50:11 AEDT 2018 com.google.javascript.rhino.Node,929
Timeout time : 18/01/12 19:14
