=================================================
Project : closure_89	start : 18/01/12 14:05
Current failed test : com.google.javascript.jscomp.CollapsePropertiesTest::testAddPropertyToUncollapsibleFunctionInLocalScopeDepth1 | 18/01/12 14:08
Fri Jan 12 14:16:43 AEDT 2018 Fri Jan 12 14:16:43 AEDT 2018 : com.google.javascript.rhino.Node,175=>Find no block
Fri Jan 12 14:16:51 AEDT 2018 com.google.javascript.rhino.Node,195
Fri Jan 12 14:17:42 AEDT 2018 com.google.javascript.rhino.Node,217
Fri Jan 12 14:18:42 AEDT 2018 com.google.javascript.rhino.Node,220
Fri Jan 12 14:20:02 AEDT 2018 com.google.javascript.rhino.Node,222
Fri Jan 12 14:20:21 AEDT 2018 com.google.javascript.rhino.Node,232
Fri Jan 12 14:21:01 AEDT 2018 com.google.javascript.rhino.Node,843
Timeout time : 18/01/12 14:53
Current failed test : com.google.javascript.jscomp.CollapsePropertiesTest::testAddPropertyToChildOfUncollapsibleFunctionInLocalScope | 18/01/12 14:53
Fri Jan 12 14:56:24 AEDT 2018 Fri Jan 12 14:56:24 AEDT 2018 : com.google.javascript.rhino.Node,175=>Find no block
Fri Jan 12 14:56:24 AEDT 2018 com.google.javascript.rhino.Node,195
Fri Jan 12 14:56:34 AEDT 2018 com.google.javascript.rhino.Node,217
Fri Jan 12 14:56:45 AEDT 2018 com.google.javascript.rhino.Node,220
Fri Jan 12 14:57:03 AEDT 2018 com.google.javascript.rhino.Node,222
Fri Jan 12 14:57:21 AEDT 2018 com.google.javascript.rhino.Node,232
Fri Jan 12 14:57:30 AEDT 2018 com.google.javascript.rhino.Node,843
Timeout time : 18/01/12 15:33
Current failed test : com.google.javascript.jscomp.CollapsePropertiesTest::testAddPropertyToUncollapsibleFunctionInLocalScopeDepth2 | 18/01/12 15:33
Fri Jan 12 15:35:55 AEDT 2018 Fri Jan 12 15:35:55 AEDT 2018 : com.google.javascript.rhino.Node,175=>Find no block
Fri Jan 12 15:35:56 AEDT 2018 com.google.javascript.rhino.Node,195
Fri Jan 12 15:36:06 AEDT 2018 com.google.javascript.rhino.Node,217
Fri Jan 12 15:36:15 AEDT 2018 com.google.javascript.rhino.Node,220
Fri Jan 12 15:36:24 AEDT 2018 com.google.javascript.rhino.Node,222
Fri Jan 12 15:36:34 AEDT 2018 com.google.javascript.rhino.Node,232
Fri Jan 12 15:36:43 AEDT 2018 com.google.javascript.rhino.Node,843
Timeout time : 18/01/12 16:12
Current failed test : com.google.javascript.jscomp.CollapsePropertiesTest::testAliasCreatedForFunctionDepth1_3 | 18/01/12 16:12
Fri Jan 12 16:15:24 AEDT 2018 Fri Jan 12 16:15:24 AEDT 2018 : com.google.javascript.rhino.Node,175=>Find no block
Fri Jan 12 16:15:25 AEDT 2018 com.google.javascript.rhino.Node,195
Fri Jan 12 16:15:35 AEDT 2018 com.google.javascript.rhino.Node,220
Fri Jan 12 16:15:44 AEDT 2018 com.google.javascript.rhino.Node,222
Fri Jan 12 16:15:55 AEDT 2018 com.google.javascript.rhino.Node,843
Timeout time : 18/01/12 16:52
Current failed test : com.google.javascript.jscomp.CollapsePropertiesTest::testAliasCreatedForFunctionDepth1_2 | 18/01/12 16:52
Fri Jan 12 16:54:43 AEDT 2018 Fri Jan 12 16:54:43 AEDT 2018 : com.google.javascript.rhino.Node,175=>Find no block
Fri Jan 12 16:54:44 AEDT 2018 com.google.javascript.rhino.Node,195
Fri Jan 12 16:54:52 AEDT 2018 com.google.javascript.rhino.Node,220
Fri Jan 12 16:55:01 AEDT 2018 com.google.javascript.rhino.Node,222
Fri Jan 12 16:55:10 AEDT 2018 com.google.javascript.rhino.Node,232
Fri Jan 12 16:55:20 AEDT 2018 com.google.javascript.rhino.Node,843
Timeout time : 18/01/12 17:31
Current failed test : com.google.javascript.jscomp.CollapsePropertiesTest::testAliasCreatedForFunctionDepth2 | 18/01/12 17:31
Fri Jan 12 17:34:31 AEDT 2018 Fri Jan 12 17:34:31 AEDT 2018 : com.google.javascript.rhino.Node,175=>Find no block
Fri Jan 12 17:34:31 AEDT 2018 com.google.javascript.rhino.Node,195
Fri Jan 12 17:34:43 AEDT 2018 com.google.javascript.rhino.Node,220
Fri Jan 12 17:34:51 AEDT 2018 com.google.javascript.rhino.Node,222
Fri Jan 12 17:35:01 AEDT 2018 com.google.javascript.rhino.Node,843
Timeout time : 18/01/12 18:11
Current failed test : com.google.javascript.jscomp.CollapsePropertiesTest::testAliasCreatedForFunctionDepth1_1 | 18/01/12 18:11
Fri Jan 12 18:13:57 AEDT 2018 Fri Jan 12 18:13:57 AEDT 2018 : com.google.javascript.rhino.Node,175=>Find no block
Fri Jan 12 18:13:58 AEDT 2018 com.google.javascript.rhino.Node,195
Fri Jan 12 18:14:08 AEDT 2018 com.google.javascript.rhino.Node,220
Fri Jan 12 18:14:19 AEDT 2018 com.google.javascript.rhino.Node,222
Fri Jan 12 18:14:27 AEDT 2018 com.google.javascript.rhino.Node,843
Timeout time : 18/01/12 18:50
Current failed test : com.google.javascript.jscomp.CollapsePropertiesTest::testAddPropertyToUncollapsibleNamedCtorInLocalScopeDepth1 | 18/01/12 18:50
Fri Jan 12 18:53:16 AEDT 2018 Fri Jan 12 18:53:16 AEDT 2018 : com.google.javascript.rhino.Node,175=>Find no block
Fri Jan 12 18:53:17 AEDT 2018 com.google.javascript.rhino.Node,195
Fri Jan 12 18:53:26 AEDT 2018 com.google.javascript.rhino.Node,211
Fri Jan 12 18:53:38 AEDT 2018 com.google.javascript.rhino.Node,217
Fri Jan 12 18:53:48 AEDT 2018 com.google.javascript.rhino.Node,220
Fri Jan 12 18:53:59 AEDT 2018 com.google.javascript.rhino.Node,222
Fri Jan 12 18:54:09 AEDT 2018 com.google.javascript.rhino.Node,232
Fri Jan 12 18:54:20 AEDT 2018 com.google.javascript.rhino.Node,843
Timeout time : 18/01/12 19:30
