=================================================
Project : closure_97	start : 18/01/13 00:13
Current failed test : com.google.javascript.jscomp.PeepholeFoldConstantsTest::testFoldBitShifts | 18/01/13 00:13
Sat Jan 13 00:15:00 AEDT 2018 com.google.javascript.rhino.Node,202
Sat Jan 13 00:15:10 AEDT 2018 com.google.javascript.rhino.Node,227
Sat Jan 13 00:15:20 AEDT 2018 com.google.javascript.rhino.Node,939
Sat Jan 13 00:15:52 AEDT 2018 com.google.javascript.rhino.Node,940
Sat Jan 13 00:15:53 AEDT 2018 com.google.javascript.rhino.Node,1028
Sat Jan 13 00:22:03 AEDT 2018 com.google.javascript.rhino.Node,1051
Sat Jan 13 00:22:05 AEDT 2018 com.google.javascript.rhino.Node,1056
Sat Jan 13 00:22:27 AEDT 2018 com.google.javascript.rhino.Node,1057
Sat Jan 13 00:22:28 AEDT 2018 com.google.javascript.rhino.Node,1058
Sat Jan 13 00:22:29 AEDT 2018 com.google.javascript.rhino.Node,1065
Sat Jan 13 00:22:32 AEDT 2018 Sat Jan 13 00:22:32 AEDT 2018 : com.google.javascript.rhino.Node,1066=>Find no block
Sat Jan 13 00:22:33 AEDT 2018 com.google.javascript.rhino.Node,1071
Sat Jan 13 00:45:51 AEDT 2018 com.google.javascript.rhino.Node,1072
Sat Jan 13 00:45:53 AEDT 2018 com.google.javascript.rhino.Node,1074
Sat Jan 13 01:45:55 AEDT 2018 com.google.javascript.rhino.Node,1075
Sat Jan 13 01:45:56 AEDT 2018 Sat Jan 13 01:45:56 AEDT 2018 : com.google.javascript.rhino.Node,1076=>Find no block
Sat Jan 13 01:45:57 AEDT 2018 com.google.javascript.rhino.Node,1077
Sat Jan 13 01:45:58 AEDT 2018 com.google.javascript.rhino.Node,1079
Sat Jan 13 01:45:59 AEDT 2018 Sat Jan 13 01:45:59 AEDT 2018 : com.google.javascript.rhino.Node,1078=>Find no block
Sat Jan 13 01:46:00 AEDT 2018 Sat Jan 13 01:46:00 AEDT 2018 : com.google.javascript.rhino.Node,1082=>Find no block
Sat Jan 13 01:46:01 AEDT 2018 com.google.javascript.rhino.Node,1377
Sat Jan 13 01:46:04 AEDT 2018 com.google.javascript.rhino.Token,364
Sat Jan 13 01:46:11 AEDT 2018 com.google.javascript.rhino.Token,402
Sat Jan 13 01:46:20 AEDT 2018 com.google.javascript.rhino.Token,407
Sat Jan 13 01:46:28 AEDT 2018 com.google.javascript.rhino.Token,409
Sat Jan 13 01:46:36 AEDT 2018 com.google.javascript.jscomp.PeepholeFoldConstants,698
Sat Jan 13 01:48:31 AEDT 2018 com.google.javascript.jscomp.PeepholeFoldConstants,699
Sat Jan 13 01:49:39 AEDT 2018 com.google.javascript.jscomp.parsing.IRFactory,935
Sat Jan 13 01:49:49 AEDT 2018 com.google.javascript.rhino.Token,315
Sat Jan 13 01:49:58 AEDT 2018 com.google.javascript.jscomp.PeepholeFoldConstants,123
Sat Jan 13 01:53:50 AEDT 2018 com.google.javascript.jscomp.PeepholeFoldConstants,653
Timeout time : 18/01/13 05:15
