=================================================
Project : closure_98	start : 18/01/12 14:05
Current failed test : com.google.javascript.jscomp.InlineVariablesTest::testNoInlineAliasesInLoop | 18/01/12 14:05
Fri Jan 12 14:07:15 AEDT 2018 Fri Jan 12 14:07:15 AEDT 2018 : com.google.javascript.rhino.Node,179=>Find no block
Fri Jan 12 14:07:16 AEDT 2018 com.google.javascript.rhino.Node,199
Fri Jan 12 14:07:27 AEDT 2018 com.google.javascript.rhino.Node,218
Fri Jan 12 14:07:37 AEDT 2018 com.google.javascript.rhino.Node,221
Fri Jan 12 14:07:46 AEDT 2018 com.google.javascript.rhino.Node,224
Fri Jan 12 14:07:54 AEDT 2018 com.google.javascript.rhino.Node,812
Fri Jan 12 14:31:11 AEDT 2018 com.google.javascript.rhino.Node,813
Fri Jan 12 14:31:12 AEDT 2018 com.google.javascript.rhino.Node,814
Fri Jan 12 14:31:14 AEDT 2018 com.google.javascript.rhino.Node,817
Fri Jan 12 14:31:15 AEDT 2018 com.google.javascript.rhino.Node,818
Fri Jan 12 14:31:16 AEDT 2018 com.google.javascript.rhino.Node,819
Fri Jan 12 14:31:17 AEDT 2018 com.google.javascript.rhino.Node,820
Fri Jan 12 14:31:17 AEDT 2018 com.google.javascript.rhino.Node,823
Fri Jan 12 14:31:18 AEDT 2018 com.google.javascript.rhino.Node,824
Fri Jan 12 14:31:19 AEDT 2018 com.google.javascript.rhino.Node,877
Fri Jan 12 14:31:23 AEDT 2018 com.google.javascript.rhino.Node,885
Fri Jan 12 14:34:29 AEDT 2018 com.google.javascript.rhino.Node,886
Fri Jan 12 14:34:30 AEDT 2018 com.google.javascript.rhino.Node,887
Fri Jan 12 14:34:31 AEDT 2018 com.google.javascript.rhino.Node,898
Timeout time : 18/01/12 19:07
