=================================================
Project : math_103	start : 18/01/14 06:18
Current failed test : org.apache.commons.math.distribution.NormalDistributionTest::testExtremeValues | 18/01/14 06:19
Sun Jan 14 06:32:44 AEDT 2018 org.apache.commons.math.MaxIterationsExceededException,36
Sun Jan 14 06:32:58 AEDT 2018 org.apache.commons.math.MaxIterationsExceededException,38
Sun Jan 14 06:33:01 AEDT 2018 Sun Jan 14 06:33:01 AEDT 2018 : org.apache.commons.math.MaxIterationsExceededException,39=>Find no block
Sun Jan 14 06:33:05 AEDT 2018 org.apache.commons.math.ConvergenceException,44
Sun Jan 14 07:00:45 AEDT 2018 Sun Jan 14 07:00:45 AEDT 2018 : org.apache.commons.math.ConvergenceException,45=>Find no block
Sun Jan 14 07:00:45 AEDT 2018 org.apache.commons.math.MathException,151
Sun Jan 14 07:03:21 AEDT 2018 org.apache.commons.math.MathException,152
Sun Jan 14 07:03:24 AEDT 2018 org.apache.commons.math.MathException,153
Sun Jan 14 07:03:27 AEDT 2018 org.apache.commons.math.MathException,154
Sun Jan 14 07:03:29 AEDT 2018 Sun Jan 14 07:03:29 AEDT 2018 : org.apache.commons.math.MathException,155=>Find no block
Sun Jan 14 07:03:32 AEDT 2018 org.apache.commons.math.MathException,83
Sun Jan 14 07:04:07 AEDT 2018 org.apache.commons.math.MathException,85
Sun Jan 14 07:04:10 AEDT 2018 Sun Jan 14 07:04:10 AEDT 2018 : org.apache.commons.math.MathException,94=>Find no block
Sun Jan 14 07:04:13 AEDT 2018 org.apache.commons.math.MathException,100
Sun Jan 14 07:06:55 AEDT 2018 org.apache.commons.math.MathException,113
Sun Jan 14 07:12:03 AEDT 2018 org.apache.commons.math.MathException,114
Sun Jan 14 07:12:06 AEDT 2018 org.apache.commons.math.MathException,115
Sun Jan 14 07:12:08 AEDT 2018 org.apache.commons.math.MathException,235
Sun Jan 14 07:12:12 AEDT 2018 Sun Jan 14 07:12:12 AEDT 2018 : org.apache.commons.math.MathException,265=>Find no block
Sun Jan 14 07:12:13 AEDT 2018 org.apache.commons.math.MathException,266
Sun Jan 14 07:12:19 AEDT 2018 org.apache.commons.math.MathException,267
Sun Jan 14 07:12:26 AEDT 2018 Sun Jan 14 07:12:26 AEDT 2018 : org.apache.commons.math.MathException,271=>Find no block
Sun Jan 14 07:12:29 AEDT 2018 Sun Jan 14 07:12:29 AEDT 2018 : org.apache.commons.math.MathException,272=>Find no block
Sun Jan 14 07:12:31 AEDT 2018 org.apache.commons.math.special.Gamma,180
Sun Jan 14 10:57:46 AEDT 2018 org.apache.commons.math.special.Gamma,161
Sun Jan 14 11:05:22 AEDT 2018 org.apache.commons.math.distribution.NormalDistributionImpl,109
Timeout time : 18/01/14 11:32
