=================================================
Project : math_81	start : 18/01/14 03:54
Current failed test : org.apache.commons.math.linear.EigenDecompositionImplTest::testMath308 | 18/01/14 03:56
Sun Jan 14 03:57:35 AEDT 2018 org.apache.commons.math.linear.EigenDecompositionImpl,1509
Sun Jan 14 04:00:50 AEDT 2018 org.apache.commons.math.linear.EigenDecompositionImpl,1529
Sun Jan 14 04:11:06 AEDT 2018 org.apache.commons.math.linear.EigenDecompositionImpl,1530
Sun Jan 14 04:11:11 AEDT 2018 org.apache.commons.math.linear.EigenDecompositionImpl,1533
Sun Jan 14 04:18:03 AEDT 2018 org.apache.commons.math.linear.EigenDecompositionImpl,1534
Sun Jan 14 04:21:38 AEDT 2018 org.apache.commons.math.linear.EigenDecompositionImpl,1535

----------------------------------------
----------------------------------------
Pass Single Test : [=>0,0]
work[4]=TOLERANCE;
double b1=work[np-2];
double b2=work[np-6];
 final double gam=dN2;

Time : 18/01/14 04:26
----------------------------------------
Sun Jan 14 04:29:15 AEDT 2018 org.apache.commons.math.linear.EigenDecompositionImpl,1536

----------------------------------------
----------------------------------------
Pass Single Test : [=>0,0]
double b2=work[np-6];
 final double gam=dN2;
if(b2>0.0&&b2>b2*b1/(1+b2*b2)){
return ;
}

Time : 18/01/14 04:31
----------------------------------------

----------------------------------------
----------------------------------------
Similar code block : 1.2053370772744245 : [/home/hz985/jiajun/d4j/projects/math/math_81_buggy/src/main/java/org/apache/commons/math/linear/EigenDecompositionImpl.java=>0,0]
 final double a2=dMin2/(1+b2*b2);
 final double gap2=work[nn-7]+work[nn-9]-Math.sqrt(work[nn-11])*Math.sqrt(work[nn-9])-a2;
if(gap2>0.0&&gap2>b2*a2){
tau=Math.max(s,a2*(1-cnst2*a2));
}else {
tau=Math.max(s,a2*(1-cnst2*b2));
}

Time : 18/01/14 04:32
----------------------------------------

----------------------------------------
----------------------------------------
Original source code : [/home/hz985/jiajun/d4j/projects/math/math_81_buggy/src/main/java/org/apache/commons/math/linear/EigenDecompositionImpl.java=>1535,1539]
double b2=work[np-6];
 final double gam=dN2;
if(work[np-8]>b2||work[np-4]>b1){
return ;
}

Time : 18/01/14 04:32
----------------------------------------

----------------------------------------
----------------------------------------
Find a patch : [/home/hz985/jiajun/d4j/projects/math/math_81_buggy/src/main/java/org/apache/commons/math/linear/EigenDecompositionImpl.java=>1535,1539]
double b2=work[np-6];
 final double gam=dN2;
if(b2>0.0&&b2>b2*b1/(1+b2*b2)){
return ;
}

Time : 18/01/14 04:32
----------------------------------------
Success time : 18/01/14 04:32
