=================================================
Project : closure_1	start : 17/08/23 17:41
Current failed test : com.google.javascript.jscomp.CommandLineRunnerTest::testSimpleModeLeavesUnusedParams | 17/08/23 17:42
Wed Aug 23 17:45:31 AEST 2017 Wed Aug 23 17:45:31 AEST 2017 : com.google.javascript.rhino.Node,112=>Find no block
Wed Aug 23 17:45:32 AEST 2017 com.google.javascript.rhino.Node,121
Wed Aug 23 17:45:46 AEST 2017 com.google.javascript.rhino.Node,132
Wed Aug 23 17:45:58 AEST 2017 com.google.javascript.rhino.Node,133
Wed Aug 23 17:46:12 AEST 2017 com.google.javascript.rhino.Node,860
Wed Aug 23 19:04:53 AEST 2017 com.google.javascript.rhino.Node,861
Wed Aug 23 19:04:54 AEST 2017 com.google.javascript.rhino.Node,862
Wed Aug 23 19:04:57 AEST 2017 com.google.javascript.rhino.Node,865
Wed Aug 23 19:04:58 AEST 2017 com.google.javascript.rhino.Node,866
Wed Aug 23 19:04:59 AEST 2017 com.google.javascript.rhino.Node,867
Wed Aug 23 19:05:00 AEST 2017 com.google.javascript.rhino.Node,868
Wed Aug 23 19:05:01 AEST 2017 com.google.javascript.rhino.Node,871
Wed Aug 23 19:05:02 AEST 2017 com.google.javascript.rhino.Node,872
Wed Aug 23 19:05:04 AEST 2017 com.google.javascript.rhino.Node,917
Wed Aug 23 19:05:08 AEST 2017 com.google.javascript.rhino.Node,939
Wed Aug 23 20:26:29 AEST 2017 com.google.javascript.rhino.Node,943
Wed Aug 23 20:26:30 AEST 2017 com.google.javascript.rhino.Node,946
Wed Aug 23 20:26:31 AEST 2017 com.google.javascript.rhino.Node,953
Wed Aug 23 20:45:55 AEST 2017 com.google.javascript.rhino.Node,954
Wed Aug 23 20:45:56 AEST 2017 com.google.javascript.rhino.Node,955
Wed Aug 23 20:45:57 AEST 2017 com.google.javascript.rhino.Node,956
Wed Aug 23 20:45:58 AEST 2017 com.google.javascript.rhino.Node,961
Wed Aug 23 20:48:38 AEST 2017 com.google.javascript.rhino.Node,962
Wed Aug 23 21:39:51 AEST 2017 com.google.javascript.rhino.Node,963
Wed Aug 23 21:58:45 AEST 2017 com.google.javascript.rhino.Node,964
Wed Aug 23 21:58:46 AEST 2017 com.google.javascript.rhino.Node,965
Wed Aug 23 22:07:58 AEST 2017 com.google.javascript.rhino.Node,966
Wed Aug 23 22:11:49 AEST 2017 com.google.javascript.rhino.Node,967
Wed Aug 23 22:18:23 AEST 2017 Wed Aug 23 22:18:23 AEST 2017 : com.google.javascript.rhino.Node,969=>Find no block
Wed Aug 23 22:18:24 AEST 2017 com.google.javascript.rhino.Node,971
Wed Aug 23 22:18:26 AEST 2017 com.google.javascript.rhino.Node,974
Wed Aug 23 22:25:48 AEST 2017 com.google.javascript.rhino.Node,975
Wed Aug 23 22:25:50 AEST 2017 com.google.javascript.rhino.Node,980
Wed Aug 23 22:27:49 AEST 2017 com.google.javascript.rhino.Node,992
Wed Aug 23 22:27:55 AEST 2017 com.google.javascript.rhino.Node,997
Wed Aug 23 22:28:04 AEST 2017 com.google.javascript.rhino.Node,998
Wed Aug 23 22:28:07 AEST 2017 com.google.javascript.rhino.Node,999
Wed Aug 23 22:28:09 AEST 2017 com.google.javascript.rhino.Node,1006
Wed Aug 23 22:28:17 AEST 2017 Wed Aug 23 22:28:17 AEST 2017 : com.google.javascript.rhino.Node,1007=>Find no block
Wed Aug 23 22:28:18 AEST 2017 com.google.javascript.rhino.Node,1011
Wed Aug 23 22:35:50 AEST 2017 com.google.javascript.rhino.Node,1012
Wed Aug 23 22:35:51 AEST 2017 com.google.javascript.rhino.Node,1014
Timeout time : 17/08/23 22:45
