=================================================
Project : closure_107	start : 17/08/24 03:51
Current failed test : com.google.javascript.jscomp.CommandLineRunnerTest::testGetMsgWiringNoWarnings | 17/08/24 03:52
Thu Aug 24 03:57:37 AEST 2017 com.google.javascript.jscomp.JsMessageVisitor,939
Thu Aug 24 04:10:41 AEST 2017 com.google.javascript.jscomp.JsMessageVisitor,940
Thu Aug 24 04:10:42 AEST 2017 Thu Aug 24 04:10:42 AEST 2017 : com.google.javascript.jscomp.JsMessageVisitor,941=>Find no block
Thu Aug 24 04:10:43 AEST 2017 com.google.javascript.jscomp.JsMessageVisitor,944
Thu Aug 24 04:14:52 AEST 2017 com.google.javascript.jscomp.JsMessageVisitor,259
Thu Aug 24 04:29:08 AEST 2017 com.google.javascript.jscomp.JsMessageVisitor,260
Thu Aug 24 04:29:09 AEST 2017 Thu Aug 24 04:29:09 AEST 2017 : com.google.javascript.jscomp.JsMessageVisitor,276=>Find no block
Thu Aug 24 04:29:10 AEST 2017 com.google.javascript.jscomp.JsMessageVisitor,277
Thu Aug 24 06:28:12 AEST 2017 com.google.javascript.jscomp.JsMessageVisitor,279
Thu Aug 24 06:28:13 AEST 2017 com.google.javascript.jscomp.JsMessageVisitor,406
Thu Aug 24 06:30:06 AEST 2017 com.google.javascript.jscomp.BasicErrorManager,170
Thu Aug 24 06:43:25 AEST 2017 Thu Aug 24 06:43:25 AEST 2017 : com.google.javascript.jscomp.parsing.JsDocInfoParser,1473=>Find no block
Thu Aug 24 06:43:26 AEST 2017 com.google.javascript.rhino.JSDocInfo,1211
Thu Aug 24 06:44:01 AEST 2017 com.google.javascript.rhino.JSDocInfo,1215
Thu Aug 24 06:45:05 AEST 2017 com.google.javascript.rhino.JSDocInfo,1216
Thu Aug 24 06:45:06 AEST 2017 Thu Aug 24 06:45:06 AEST 2017 : com.google.javascript.rhino.JSDocInfo,1217=>Find no block
Thu Aug 24 06:45:07 AEST 2017 com.google.javascript.rhino.JSDocInfoBuilder,120
Thu Aug 24 06:45:12 AEST 2017 com.google.javascript.rhino.JSDocInfoBuilder,178
Thu Aug 24 06:45:46 AEST 2017 Thu Aug 24 06:45:46 AEST 2017 : com.google.javascript.rhino.JSDocInfoBuilder,185=>Find no block
Thu Aug 24 06:45:54 AEST 2017 com.google.javascript.rhino.JSDocInfoBuilder,645
Thu Aug 24 06:46:29 AEST 2017 com.google.javascript.rhino.JSDocInfoBuilder,646
Thu Aug 24 06:46:32 AEST 2017 com.google.javascript.rhino.JSDocInfoBuilder,647
Thu Aug 24 06:46:33 AEST 2017 com.google.javascript.rhino.JSDocInfoBuilder,648
Thu Aug 24 06:46:34 AEST 2017 Thu Aug 24 06:46:34 AEST 2017 : com.google.javascript.jscomp.JsMessage,325=>Find no block
Thu Aug 24 06:46:35 AEST 2017 Thu Aug 24 06:46:35 AEST 2017 : com.google.javascript.jscomp.JsMessage,315=>Find no block
Thu Aug 24 06:46:36 AEST 2017 Thu Aug 24 06:46:36 AEST 2017 : com.google.javascript.jscomp.JsMessage,316=>Find no block
Thu Aug 24 06:46:37 AEST 2017 com.google.javascript.jscomp.JsMessage,326
Thu Aug 24 06:46:44 AEST 2017 Thu Aug 24 06:46:44 AEST 2017 : com.google.javascript.jscomp.JsMessage,327=>Find no block
Thu Aug 24 06:46:45 AEST 2017 com.google.javascript.jscomp.JsMessage,331
Thu Aug 24 06:47:08 AEST 2017 com.google.javascript.jscomp.JsMessage,347
Thu Aug 24 06:47:15 AEST 2017 com.google.javascript.jscomp.JsMessage,348
Thu Aug 24 06:47:16 AEST 2017 com.google.javascript.jscomp.JsMessageVisitor,249
Thu Aug 24 06:53:23 AEST 2017 com.google.javascript.jscomp.JsMessageVisitor,257
Thu Aug 24 06:59:33 AEST 2017 com.google.javascript.jscomp.JsMessageVisitor,264
Thu Aug 24 07:07:44 AEST 2017 com.google.javascript.jscomp.JsMessageVisitor,266
Thu Aug 24 07:09:09 AEST 2017 com.google.javascript.jscomp.JsMessageVisitor,268
Thu Aug 24 07:25:13 AEST 2017 com.google.javascript.jscomp.JsMessageVisitor,271
Thu Aug 24 07:36:39 AEST 2017 com.google.javascript.jscomp.JsMessageVisitor,272
Thu Aug 24 07:36:40 AEST 2017 com.google.javascript.jscomp.JsMessageVisitor,388
Thu Aug 24 07:40:58 AEST 2017 Thu Aug 24 07:40:58 AEST 2017 : com.google.javascript.jscomp.JsMessageVisitor,389=>Find no block
Thu Aug 24 07:40:59 AEST 2017 com.google.javascript.jscomp.JsMessageVisitor,864
Thu Aug 24 07:41:21 AEST 2017 com.google.javascript.jscomp.parsing.JsDocInfoParser,425
Thu Aug 24 07:46:49 AEST 2017 com.google.javascript.jscomp.parsing.JsDocInfoParser,430
Thu Aug 24 07:46:50 AEST 2017 com.google.javascript.jscomp.parsing.JsDocInfoParser,433
Thu Aug 24 07:46:51 AEST 2017 com.google.javascript.jscomp.parsing.JsDocInfoParser,435
Thu Aug 24 07:46:52 AEST 2017 com.google.javascript.jscomp.parsing.JsDocInfoParser,436
Thu Aug 24 07:46:54 AEST 2017 com.google.javascript.jscomp.parsing.JsDocInfoParser,437
Thu Aug 24 07:46:56 AEST 2017 com.google.javascript.jscomp.parsing.JsDocInfoParser,1594
Thu Aug 24 07:48:34 AEST 2017 com.google.javascript.jscomp.SourceFile,108
Thu Aug 24 07:48:39 AEST 2017 Thu Aug 24 07:48:39 AEST 2017 : com.google.javascript.jscomp.parsing.JsDocInfoParser,1423=>Find no block
Thu Aug 24 07:48:40 AEST 2017 com.google.javascript.jscomp.parsing.JsDocInfoParser,1424
Thu Aug 24 07:50:30 AEST 2017 com.google.javascript.jscomp.parsing.JsDocInfoParser,1425
Thu Aug 24 07:50:32 AEST 2017 Thu Aug 24 07:50:32 AEST 2017 : com.google.javascript.jscomp.parsing.JsDocInfoParser,1426=>Find no block
Thu Aug 24 07:50:33 AEST 2017 com.google.javascript.jscomp.parsing.JsDocTokenStream,203
Thu Aug 24 07:51:55 AEST 2017 Thu Aug 24 07:51:55 AEST 2017 : com.google.javascript.jscomp.parsing.JsDocTokenStream,204=>Find no block
Thu Aug 24 07:51:55 AEST 2017 com.google.javascript.jscomp.parsing.JsDocTokenStream,206
Thu Aug 24 07:51:57 AEST 2017 com.google.javascript.jscomp.parsing.JsDocTokenStream,213
Thu Aug 24 07:53:20 AEST 2017 com.google.javascript.jscomp.parsing.JsDocTokenStream,214
Thu Aug 24 07:54:32 AEST 2017 com.google.javascript.jscomp.parsing.JsDocTokenStream,215
Thu Aug 24 07:54:57 AEST 2017 com.google.javascript.jscomp.parsing.JsDocTokenStream,216
Thu Aug 24 07:55:25 AEST 2017 com.google.javascript.jscomp.parsing.JsDocTokenStream,219
Thu Aug 24 07:55:40 AEST 2017 com.google.javascript.jscomp.parsing.JsDocTokenStream,220
Thu Aug 24 07:55:41 AEST 2017 com.google.javascript.jscomp.parsing.JsDocTokenStream,326
Thu Aug 24 07:55:54 AEST 2017 Thu Aug 24 07:55:54 AEST 2017 : com.google.javascript.jscomp.parsing.JsDocTokenStream,327=>Find no block
Thu Aug 24 07:55:55 AEST 2017 com.google.javascript.jscomp.parsing.JsDocTokenStream,330
Thu Aug 24 07:57:03 AEST 2017 com.google.javascript.jscomp.parsing.JsDocTokenStream,331
Thu Aug 24 07:57:04 AEST 2017 com.google.javascript.jscomp.parsing.JsDocTokenStream,332
Thu Aug 24 07:57:05 AEST 2017 com.google.javascript.jscomp.parsing.JsDocTokenStream,393
Thu Aug 24 07:59:13 AEST 2017 com.google.javascript.jscomp.parsing.JsDocTokenStream,394
Thu Aug 24 07:59:14 AEST 2017 com.google.javascript.jscomp.parsing.JsDocTokenStream,395
Thu Aug 24 07:59:15 AEST 2017 com.google.javascript.jscomp.parsing.JsDocTokenStream,398
Thu Aug 24 07:59:16 AEST 2017 com.google.javascript.jscomp.parsing.JsDocInfoParser,1470
Thu Aug 24 07:59:21 AEST 2017 com.google.javascript.jscomp.parsing.JsDocInfoParser,1504
Thu Aug 24 08:04:22 AEST 2017 com.google.javascript.jscomp.parsing.JsDocInfoParser,1509
Thu Aug 24 08:09:14 AEST 2017 com.google.javascript.jscomp.parsing.JsDocInfoParser,1510
Thu Aug 24 08:10:23 AEST 2017 com.google.javascript.jscomp.parsing.JsDocInfoParser,1511
Thu Aug 24 08:11:59 AEST 2017 com.google.javascript.jscomp.parsing.JsDocInfoParser,1514
Thu Aug 24 08:13:06 AEST 2017 com.google.javascript.jscomp.parsing.JsDocInfoParser,1515
Thu Aug 24 08:13:17 AEST 2017 com.google.javascript.jscomp.parsing.JsDocInfoParser,1516
Thu Aug 24 08:13:18 AEST 2017 com.google.javascript.jscomp.parsing.JsDocInfoParser,1519
Thu Aug 24 08:18:53 AEST 2017 com.google.javascript.jscomp.parsing.JsDocInfoParser,1520
Thu Aug 24 08:26:50 AEST 2017 com.google.javascript.jscomp.parsing.JsDocInfoParser,1522
Thu Aug 24 08:39:08 AEST 2017 com.google.javascript.jscomp.parsing.JsDocInfoParser,1523
Thu Aug 24 08:42:46 AEST 2017 com.google.javascript.jscomp.parsing.JsDocInfoParser,1525
Thu Aug 24 08:45:08 AEST 2017 com.google.javascript.jscomp.parsing.JsDocInfoParser,1530
Thu Aug 24 08:45:10 AEST 2017 Thu Aug 24 08:45:10 AEST 2017 : com.google.javascript.jscomp.parsing.JsDocInfoParser,1533=>Find no block
Thu Aug 24 08:45:11 AEST 2017 com.google.javascript.jscomp.parsing.JsDocInfoParser,1561
Thu Aug 24 08:45:37 AEST 2017 com.google.javascript.jscomp.parsing.JsDocInfoParser,1562
Thu Aug 24 08:47:28 AEST 2017 com.google.javascript.jscomp.parsing.JsDocInfoParser,1564
Timeout time : 17/08/24 08:57
