=================================================
Project : closure_108	start : 17/08/23 17:41
Current failed test : com.google.javascript.jscomp.ScopedAliasesTest::testIssue1144 | 17/08/23 17:42
Wed Aug 23 17:42:58 AEST 2017 com.google.javascript.jscomp.ScopedAliases,410
Wed Aug 23 17:44:57 AEST 2017 com.google.javascript.jscomp.parsing.IRFactory,1409
Wed Aug 23 17:45:11 AEST 2017 com.google.javascript.jscomp.ScopedAliases,407
Wed Aug 23 17:45:12 AEST 2017 com.google.javascript.jscomp.ScopedAliases,412
Wed Aug 23 17:51:51 AEST 2017 com.google.javascript.jscomp.ScopedAliases,430
Wed Aug 23 17:54:22 AEST 2017 com.google.javascript.jscomp.ScopedAliases,418
Wed Aug 23 18:16:48 AEST 2017 com.google.javascript.jscomp.ScopedAliases,424
Wed Aug 23 18:16:49 AEST 2017 com.google.javascript.jscomp.ScopedAliases,427
Wed Aug 23 18:16:50 AEST 2017 com.google.javascript.jscomp.NodeUtil,2394
Wed Aug 23 18:30:07 AEST 2017 com.google.javascript.jscomp.NodeUtil,2395
Wed Aug 23 18:30:08 AEST 2017 com.google.javascript.jscomp.Compiler,2572
Wed Aug 23 18:31:44 AEST 2017 com.google.javascript.jscomp.Compiler,2577
Wed Aug 23 18:35:38 AEST 2017 com.google.javascript.jscomp.Compiler,2578
Wed Aug 23 18:35:39 AEST 2017 com.google.javascript.jscomp.Compiler,2582
Wed Aug 23 18:36:07 AEST 2017 com.google.javascript.jscomp.Compiler,2583
Wed Aug 23 18:47:18 AEST 2017 com.google.javascript.jscomp.Compiler,2585
Wed Aug 23 19:15:54 AEST 2017 com.google.javascript.jscomp.Compiler,2586
Wed Aug 23 19:28:01 AEST 2017 com.google.javascript.jscomp.Compiler,2587
Wed Aug 23 19:28:01 AEST 2017 com.google.javascript.jscomp.Compiler,2592
Wed Aug 23 20:04:03 AEST 2017 com.google.javascript.jscomp.Compiler,2594
Wed Aug 23 20:14:43 AEST 2017 com.google.javascript.jscomp.Compiler,2595
Wed Aug 23 20:14:44 AEST 2017 com.google.javascript.jscomp.Compiler,2603
Wed Aug 23 20:17:20 AEST 2017 Wed Aug 23 20:17:20 AEST 2017 : com.google.javascript.jscomp.Compiler,2609=>Find no block
Wed Aug 23 20:17:21 AEST 2017 com.google.javascript.jscomp.Compiler,2611
Wed Aug 23 20:17:22 AEST 2017 com.google.javascript.jscomp.parsing.JsDocInfoParser,342
Wed Aug 23 20:25:48 AEST 2017 com.google.javascript.jscomp.parsing.JsDocInfoParser,354
Wed Aug 23 20:25:50 AEST 2017 com.google.javascript.jscomp.parsing.JsDocInfoParser,356
Wed Aug 23 20:29:19 AEST 2017 com.google.javascript.jscomp.parsing.JsDocTokenStream,151
Wed Aug 23 20:36:45 AEST 2017 com.google.javascript.jscomp.parsing.JsDocTokenStream,152
Wed Aug 23 20:36:46 AEST 2017 com.google.javascript.jscomp.parsing.JsDocTokenStream,416
Wed Aug 23 20:38:00 AEST 2017 com.google.javascript.jscomp.parsing.JsDocTokenStream,417
Wed Aug 23 20:38:01 AEST 2017 com.google.javascript.jscomp.ScopedAliases,373
Wed Aug 23 20:52:36 AEST 2017 com.google.javascript.jscomp.ScopedAliases,374
Wed Aug 23 20:52:37 AEST 2017 com.google.javascript.jscomp.ScopedAliases,375
Wed Aug 23 21:03:14 AEST 2017 com.google.javascript.jscomp.ScopedAliases,378
Wed Aug 23 21:09:11 AEST 2017 com.google.javascript.jscomp.ScopedAliases,380
Wed Aug 23 21:30:26 AEST 2017 com.google.javascript.jscomp.ScopedAliases,381
Wed Aug 23 22:09:53 AEST 2017 com.google.javascript.jscomp.ScopedAliases,382
Wed Aug 23 22:42:22 AEST 2017 com.google.javascript.jscomp.ScopedAliases,383
Timeout time : 17/08/23 22:42
