=================================================
Project : closure_115	start : 17/08/22 19:33
Current failed test : com.google.javascript.jscomp.InlineFunctionsTest::testInlineFunctions23 | 17/08/22 19:35
Tue Aug 22 19:37:16 AEST 2017 com.google.javascript.rhino.Node,1430
Tue Aug 22 19:37:32 AEST 2017 com.google.javascript.rhino.Node,1446
Tue Aug 22 19:37:36 AEST 2017 com.google.javascript.rhino.Node,1459
Tue Aug 22 19:37:39 AEST 2017 Tue Aug 22 19:37:39 AEST 2017 : com.google.javascript.rhino.Node,2194=>Find no block
Tue Aug 22 19:37:39 AEST 2017 com.google.javascript.rhino.Node,2195
Tue Aug 22 19:37:43 AEST 2017 com.google.javascript.rhino.Node,2196
Tue Aug 22 19:37:43 AEST 2017 Tue Aug 22 19:37:43 AEST 2017 : com.google.javascript.rhino.Node,2197=>Find no block
Tue Aug 22 19:37:43 AEST 2017 com.google.javascript.jscomp.FunctionInjector,731

----------------------------------------
----------------------------------------
Pass Single Test : [=>0,0]
if(cArg==null&&NodeUtil.canBeSideEffected(cArg)){
return CanInlineResult.NO;
}

Time : 17/08/22 19:38
----------------------------------------

----------------------------------------
----------------------------------------
Similar code block : 1.1694744451420718 : [/home/similar-fix/d4j/projects/closure/closure_115_buggy/src/com/google/javascript/jscomp/FunctionInjector.java=>0,0]
if(NodeUtil.isFunctionObjectCall(callNode)){
if(cArg==null||!cArg.isThis()){
return CanInlineResult.NO;
}
cArg=cArg.getNext();
}else {
Preconditions.checkState(!NodeUtil.isFunctionObjectApply(callNode));
}

Time : 17/08/22 19:41
----------------------------------------

----------------------------------------
----------------------------------------
Original source code : [/home/similar-fix/d4j/projects/closure/closure_115_buggy/src/com/google/javascript/jscomp/FunctionInjector.java=>730,732]
if(hasSideEffects&&NodeUtil.canBeSideEffected(cArg)){
return CanInlineResult.NO;
}

Time : 17/08/22 19:41
----------------------------------------

----------------------------------------
----------------------------------------
Find a patch : [/home/similar-fix/d4j/projects/closure/closure_115_buggy/src/com/google/javascript/jscomp/FunctionInjector.java=>730,732]
if(cArg==null&&NodeUtil.canBeSideEffected(cArg)){
return CanInlineResult.NO;
}

Time : 17/08/22 19:41
----------------------------------------
Success time : 17/08/22 19:41
Current failed test : com.google.javascript.jscomp.InlineFunctionsTest::testInlineFunctions22 | 17/08/22 19:41
Already fixed : com.google.javascript.jscomp.InlineFunctionsTest::testInlineFunctions22
Current failed test : com.google.javascript.jscomp.InlineFunctionsTest::testInlineFunctions6 | 17/08/22 19:42
Already fixed : com.google.javascript.jscomp.InlineFunctionsTest::testInlineFunctions6
Current failed test : com.google.javascript.jscomp.InlineFunctionsTest::testNoInlineIfParametersModified9 | 17/08/22 19:42
Already fixed : com.google.javascript.jscomp.InlineFunctionsTest::testNoInlineIfParametersModified9
Current failed test : com.google.javascript.jscomp.InlineFunctionsTest::testBug4944818 | 17/08/22 19:42
Already fixed : com.google.javascript.jscomp.InlineFunctionsTest::testBug4944818
Current failed test : com.google.javascript.jscomp.InlineFunctionsTest::testNoInlineIfParametersModified8 | 17/08/22 19:42
Already fixed : com.google.javascript.jscomp.InlineFunctionsTest::testNoInlineIfParametersModified8
Current failed test : com.google.javascript.jscomp.InlineFunctionsTest::testDoubleInlining1 | 17/08/22 19:42
Already fixed : com.google.javascript.jscomp.InlineFunctionsTest::testDoubleInlining1
