=================================================
Project : closure_125	start : 17/08/23 22:42
Current failed test : com.google.javascript.jscomp.TypeCheckTest::testIssue1002 | 17/08/23 22:43
Wed Aug 23 22:43:31 AEST 2017 com.google.javascript.rhino.jstype.JSType,958
Wed Aug 23 22:43:34 AEST 2017 com.google.javascript.jscomp.type.SemanticReverseAbstractInterpreter,202
Wed Aug 23 22:44:18 AEST 2017 com.google.javascript.jscomp.type.SemanticReverseAbstractInterpreter,203
Wed Aug 23 22:44:19 AEST 2017 com.google.javascript.jscomp.type.SemanticReverseAbstractInterpreter,205
Wed Aug 23 22:44:20 AEST 2017 com.google.javascript.jscomp.TypeCheck,678
Wed Aug 23 22:46:15 AEST 2017 com.google.javascript.jscomp.type.SemanticReverseAbstractInterpreter,423
Wed Aug 23 22:46:45 AEST 2017 com.google.javascript.rhino.jstype.JSType,877
Wed Aug 23 22:52:43 AEST 2017 com.google.javascript.rhino.jstype.JSType,878
Wed Aug 23 22:52:44 AEST 2017 com.google.javascript.rhino.jstype.FunctionType,901
Wed Aug 23 22:54:07 AEST 2017 com.google.javascript.rhino.jstype.JSType,873
Wed Aug 23 22:57:15 AEST 2017 com.google.javascript.rhino.jstype.JSType,1164
Wed Aug 23 22:57:44 AEST 2017 com.google.javascript.rhino.jstype.JSType,1165
Wed Aug 23 22:57:45 AEST 2017 Wed Aug 23 22:57:45 AEST 2017 : com.google.javascript.jscomp.type.SemanticReverseAbstractInterpreter,83=>Find no block
Wed Aug 23 22:57:46 AEST 2017 com.google.javascript.rhino.jstype.JSType,1179
Wed Aug 23 22:58:55 AEST 2017 com.google.javascript.rhino.jstype.JSType,1187
Wed Aug 23 22:59:04 AEST 2017 com.google.javascript.rhino.jstype.JSType,1191
Wed Aug 23 22:59:06 AEST 2017 Wed Aug 23 22:59:06 AEST 2017 : com.google.javascript.jscomp.type.SemanticReverseAbstractInterpreter,98=>Find no block
Wed Aug 23 22:59:06 AEST 2017 Wed Aug 23 22:59:06 AEST 2017 : com.google.javascript.jscomp.type.SemanticReverseAbstractInterpreter,80=>Find no block
Wed Aug 23 22:59:07 AEST 2017 Wed Aug 23 22:59:07 AEST 2017 : com.google.javascript.jscomp.type.SemanticReverseAbstractInterpreter,95=>Find no block
Wed Aug 23 22:59:08 AEST 2017 com.google.javascript.jscomp.type.SemanticReverseAbstractInterpreter,287
Wed Aug 23 23:01:48 AEST 2017 com.google.javascript.jscomp.parsing.IRFactory,1360
Wed Aug 23 23:01:58 AEST 2017 com.google.javascript.jscomp.type.SemanticReverseAbstractInterpreter,420
Wed Aug 23 23:02:37 AEST 2017 com.google.javascript.jscomp.type.SemanticReverseAbstractInterpreter,418
Wed Aug 23 23:03:13 AEST 2017 com.google.javascript.jscomp.type.SemanticReverseAbstractInterpreter,419
Wed Aug 23 23:03:14 AEST 2017 com.google.javascript.jscomp.type.SemanticReverseAbstractInterpreter,422
Wed Aug 23 23:03:16 AEST 2017 com.google.javascript.jscomp.type.SemanticReverseAbstractInterpreter,425
Wed Aug 23 23:03:17 AEST 2017 com.google.javascript.rhino.jstype.FunctionType,790
Wed Aug 23 23:06:47 AEST 2017 com.google.javascript.rhino.jstype.FunctionType,792
Wed Aug 23 23:07:28 AEST 2017 com.google.javascript.rhino.jstype.FunctionType,794
Wed Aug 23 23:07:28 AEST 2017 com.google.javascript.rhino.jstype.FunctionType,780
Wed Aug 23 23:07:29 AEST 2017 com.google.javascript.jscomp.type.SemanticReverseAbstractInterpreter,427
Wed Aug 23 23:09:11 AEST 2017 com.google.javascript.rhino.jstype.FunctionType,776
Wed Aug 23 23:12:50 AEST 2017 com.google.javascript.rhino.jstype.FunctionType,778
Wed Aug 23 23:12:51 AEST 2017 com.google.javascript.rhino.jstype.FunctionType,320
Wed Aug 23 23:29:20 AEST 2017 com.google.javascript.rhino.jstype.FunctionType,753
Wed Aug 23 23:31:01 AEST 2017 com.google.javascript.jscomp.type.SemanticReverseAbstractInterpreter,149
Wed Aug 23 23:34:15 AEST 2017 com.google.javascript.jscomp.type.SemanticReverseAbstractInterpreter,277
Wed Aug 23 23:37:41 AEST 2017 com.google.javascript.rhino.jstype.UnionTypeBuilder,151
Wed Aug 23 23:41:01 AEST 2017 com.google.javascript.rhino.jstype.UnionTypeBuilder,153
Wed Aug 23 23:41:01 AEST 2017 com.google.javascript.rhino.jstype.UnionTypeBuilder,155
Wed Aug 23 23:41:02 AEST 2017 com.google.javascript.rhino.jstype.UnionTypeBuilder,156
Wed Aug 23 23:41:02 AEST 2017 com.google.javascript.rhino.jstype.UnionTypeBuilder,157
Wed Aug 23 23:41:03 AEST 2017 com.google.javascript.rhino.jstype.FunctionType,743
Wed Aug 23 23:44:26 AEST 2017 com.google.javascript.rhino.jstype.FunctionType,745
Wed Aug 23 23:44:52 AEST 2017 com.google.javascript.jscomp.TypeCheck,651
Thu Aug 24 00:07:23 AEST 2017 com.google.javascript.jscomp.type.SemanticReverseAbstractInterpreter,267
Thu Aug 24 00:07:38 AEST 2017 com.google.javascript.jscomp.type.SemanticReverseAbstractInterpreter,140
Thu Aug 24 00:14:53 AEST 2017 com.google.javascript.jscomp.type.SemanticReverseAbstractInterpreter,141
Thu Aug 24 00:14:54 AEST 2017 com.google.javascript.jscomp.type.SemanticReverseAbstractInterpreter,298
Thu Aug 24 00:15:41 AEST 2017 com.google.javascript.jscomp.type.SemanticReverseAbstractInterpreter,274
Thu Aug 24 00:21:13 AEST 2017 com.google.javascript.jscomp.type.SemanticReverseAbstractInterpreter,276
Thu Aug 24 00:21:14 AEST 2017 com.google.javascript.jscomp.type.SemanticReverseAbstractInterpreter,284
Thu Aug 24 00:26:15 AEST 2017 com.google.javascript.jscomp.type.SemanticReverseAbstractInterpreter,286
Thu Aug 24 00:26:16 AEST 2017 com.google.javascript.jscomp.type.SemanticReverseAbstractInterpreter,294
Thu Aug 24 00:32:18 AEST 2017 com.google.javascript.jscomp.type.SemanticReverseAbstractInterpreter,297
Thu Aug 24 00:32:19 AEST 2017 Thu Aug 24 00:32:19 AEST 2017 : com.google.javascript.rhino.jstype.JSType,1410=>Find no block
Thu Aug 24 00:32:20 AEST 2017 com.google.javascript.rhino.jstype.JSType,1411
Thu Aug 24 00:32:31 AEST 2017 com.google.javascript.rhino.jstype.JSType,1412
Thu Aug 24 00:32:32 AEST 2017 Thu Aug 24 00:32:32 AEST 2017 : com.google.javascript.rhino.jstype.JSType,1413=>Find no block
Thu Aug 24 00:32:33 AEST 2017 com.google.javascript.jscomp.LinkedFlowScope,464
Thu Aug 24 00:34:02 AEST 2017 com.google.javascript.jscomp.TypeCheck,644
Thu Aug 24 02:00:53 AEST 2017 com.google.javascript.jscomp.TypeCheck,645
Thu Aug 24 02:00:54 AEST 2017 com.google.javascript.jscomp.TypeCheck,647
Thu Aug 24 02:00:55 AEST 2017 com.google.javascript.jscomp.TypeCheck,655
Thu Aug 24 02:26:54 AEST 2017 com.google.javascript.jscomp.TypeCheck,656
Thu Aug 24 02:32:49 AEST 2017 com.google.javascript.jscomp.TypeCheck,667
Thu Aug 24 02:37:31 AEST 2017 com.google.javascript.jscomp.TypeCheck,668
Thu Aug 24 02:40:42 AEST 2017 com.google.javascript.jscomp.TypeCheck,670
Timeout time : 17/08/24 03:43
