=================================================
Project : closure_131	start : 17/08/23 17:41
Current failed test : com.google.javascript.jscomp.ConvertToDottedPropertiesTest::testQuotedProps | 17/08/23 17:42
Wed Aug 23 17:42:44 AEST 2017 com.google.javascript.rhino.Node,1417
Wed Aug 23 17:42:53 AEST 2017 com.google.javascript.rhino.Node,1433
Wed Aug 23 17:43:02 AEST 2017 com.google.javascript.rhino.Node,1446
Wed Aug 23 17:43:08 AEST 2017 Wed Aug 23 17:43:08 AEST 2017 : com.google.javascript.rhino.Node,2132=>Find no block
Wed Aug 23 17:43:11 AEST 2017 com.google.javascript.rhino.Node,2133
Wed Aug 23 17:43:16 AEST 2017 com.google.javascript.rhino.Node,2134
Wed Aug 23 17:43:17 AEST 2017 Wed Aug 23 17:43:17 AEST 2017 : com.google.javascript.rhino.Node,2135=>Find no block
Wed Aug 23 17:43:18 AEST 2017 com.google.javascript.rhino.Node,118
Wed Aug 23 17:43:28 AEST 2017 com.google.javascript.rhino.Node,121
Wed Aug 23 17:43:40 AEST 2017 com.google.javascript.rhino.Node,133
Wed Aug 23 17:43:51 AEST 2017 com.google.javascript.rhino.InputId,74
Wed Aug 23 17:43:55 AEST 2017 com.google.javascript.jscomp.CodeGenerator,1156
Wed Aug 23 17:44:48 AEST 2017 com.google.javascript.jscomp.CodeGenerator,1254
Wed Aug 23 17:44:54 AEST 2017 Wed Aug 23 17:44:54 AEST 2017 : com.google.javascript.jscomp.CodeGenerator,1258=>Find no block
Wed Aug 23 17:44:55 AEST 2017 Wed Aug 23 17:44:55 AEST 2017 : com.google.javascript.jscomp.CodeGenerator,1259=>Find no block
Wed Aug 23 17:44:56 AEST 2017 com.google.javascript.jscomp.CodeGenerator,1271
Wed Aug 23 17:45:05 AEST 2017 com.google.javascript.jscomp.CodeGenerator,1281
Wed Aug 23 17:47:01 AEST 2017 Wed Aug 23 17:47:01 AEST 2017 : com.google.javascript.jscomp.CodeGenerator,1286=>Find no block
Wed Aug 23 17:47:01 AEST 2017 com.google.javascript.rhino.Node,998
Wed Aug 23 17:47:05 AEST 2017 com.google.javascript.rhino.Node,1003
Wed Aug 23 17:47:10 AEST 2017 com.google.javascript.rhino.Node,1004
Wed Aug 23 17:47:11 AEST 2017 com.google.javascript.rhino.Node,1005
Wed Aug 23 17:47:12 AEST 2017 com.google.javascript.rhino.Node,1012
Wed Aug 23 17:47:16 AEST 2017 Wed Aug 23 17:47:16 AEST 2017 : com.google.javascript.rhino.Node,1013=>Find no block
Wed Aug 23 17:47:17 AEST 2017 com.google.javascript.rhino.Node,1017
Wed Aug 23 17:52:36 AEST 2017 com.google.javascript.rhino.Node,1018
Wed Aug 23 17:52:37 AEST 2017 com.google.javascript.rhino.Node,1020
Wed Aug 23 18:20:35 AEST 2017 com.google.javascript.rhino.Node,1021
Wed Aug 23 18:20:37 AEST 2017 Wed Aug 23 18:20:37 AEST 2017 : com.google.javascript.rhino.Node,1022=>Find no block
Wed Aug 23 18:20:37 AEST 2017 com.google.javascript.rhino.Node,1023
Wed Aug 23 18:20:38 AEST 2017 com.google.javascript.rhino.Node,1025
Wed Aug 23 18:20:39 AEST 2017 Wed Aug 23 18:20:39 AEST 2017 : com.google.javascript.rhino.Node,1024=>Find no block
Wed Aug 23 18:20:40 AEST 2017 Wed Aug 23 18:20:40 AEST 2017 : com.google.javascript.rhino.Node,1027=>Find no block
Wed Aug 23 18:20:41 AEST 2017 com.google.javascript.rhino.Node,343
Wed Aug 23 18:20:48 AEST 2017 com.google.javascript.rhino.Node,1517
Wed Aug 23 18:20:51 AEST 2017 com.google.javascript.jscomp.NodeUtil,2434
Wed Aug 23 18:21:10 AEST 2017 com.google.javascript.rhino.TokenStream,195
Wed Aug 23 18:23:17 AEST 2017 Wed Aug 23 18:23:17 AEST 2017 : com.google.javascript.rhino.Node,112=>Find no block
Wed Aug 23 18:23:18 AEST 2017 com.google.javascript.rhino.Node,132
Wed Aug 23 18:23:28 AEST 2017 com.google.javascript.rhino.Node,860
Wed Aug 23 18:33:24 AEST 2017 com.google.javascript.rhino.Node,861
Wed Aug 23 18:33:24 AEST 2017 com.google.javascript.rhino.Node,862
Wed Aug 23 18:33:25 AEST 2017 com.google.javascript.rhino.Node,865
Wed Aug 23 18:33:26 AEST 2017 com.google.javascript.rhino.Node,866
Wed Aug 23 18:33:27 AEST 2017 com.google.javascript.rhino.Node,867
Wed Aug 23 18:33:27 AEST 2017 com.google.javascript.rhino.Node,868
Wed Aug 23 18:33:28 AEST 2017 com.google.javascript.rhino.Node,871
Wed Aug 23 18:33:29 AEST 2017 com.google.javascript.rhino.Node,872
Wed Aug 23 18:33:29 AEST 2017 com.google.javascript.rhino.Node,923
Wed Aug 23 18:33:34 AEST 2017 com.google.javascript.rhino.Node,959
Wed Aug 23 18:39:35 AEST 2017 com.google.javascript.rhino.Node,960
Wed Aug 23 18:39:36 AEST 2017 com.google.javascript.rhino.Node,961
Wed Aug 23 18:39:37 AEST 2017 com.google.javascript.rhino.Node,962
Wed Aug 23 18:39:38 AEST 2017 com.google.javascript.rhino.Node,967
Wed Aug 23 18:40:28 AEST 2017 com.google.javascript.rhino.Node,968
Wed Aug 23 18:54:04 AEST 2017 com.google.javascript.rhino.Node,969
Wed Aug 23 18:58:53 AEST 2017 com.google.javascript.rhino.Node,970
Wed Aug 23 18:58:54 AEST 2017 com.google.javascript.rhino.Node,971
Wed Aug 23 19:03:04 AEST 2017 com.google.javascript.rhino.Node,972
Wed Aug 23 19:06:54 AEST 2017 com.google.javascript.rhino.Node,973
Wed Aug 23 19:10:59 AEST 2017 Wed Aug 23 19:10:59 AEST 2017 : com.google.javascript.rhino.Node,975=>Find no block
Wed Aug 23 19:11:00 AEST 2017 com.google.javascript.rhino.Node,977
Wed Aug 23 19:11:08 AEST 2017 com.google.javascript.rhino.Node,980
Wed Aug 23 19:16:48 AEST 2017 com.google.javascript.rhino.Node,981
Wed Aug 23 19:16:48 AEST 2017 com.google.javascript.rhino.Node,986
Wed Aug 23 19:18:26 AEST 2017 com.google.javascript.rhino.TokenStream,160
Wed Aug 23 19:18:31 AEST 2017 com.google.javascript.rhino.TokenStream,201
Wed Aug 23 19:18:49 AEST 2017 com.google.javascript.rhino.Node,311
Wed Aug 23 19:18:56 AEST 2017 com.google.javascript.jscomp.SourceFile,303
Wed Aug 23 19:19:03 AEST 2017 com.google.javascript.rhino.Node,942
Wed Aug 23 19:19:23 AEST 2017 com.google.javascript.rhino.Node,943
Wed Aug 23 19:19:24 AEST 2017 com.google.javascript.rhino.Node,955
Wed Aug 23 19:23:45 AEST 2017 com.google.javascript.rhino.Node,956
Wed Aug 23 19:23:45 AEST 2017 com.google.javascript.rhino.Node,954
Wed Aug 23 19:23:46 AEST 2017 com.google.javascript.rhino.TokenStream,64
Wed Aug 23 19:24:00 AEST 2017 com.google.javascript.rhino.TokenStream,65
Wed Aug 23 19:36:26 AEST 2017 com.google.javascript.rhino.TokenStream,67
Wed Aug 23 19:36:27 AEST 2017 com.google.javascript.rhino.TokenStream,69
Wed Aug 23 19:36:27 AEST 2017 com.google.javascript.rhino.TokenStream,158
Wed Aug 23 19:36:31 AEST 2017 com.google.javascript.rhino.Node,944
Wed Aug 23 19:54:41 AEST 2017 com.google.javascript.rhino.Node,930
Wed Aug 23 19:56:26 AEST 2017 com.google.javascript.rhino.Node,931
Wed Aug 23 19:56:27 AEST 2017 com.google.javascript.rhino.Node,932
Wed Aug 23 19:56:28 AEST 2017 com.google.javascript.rhino.Node,940
Wed Aug 23 20:03:59 AEST 2017 com.google.javascript.rhino.Node,941
Wed Aug 23 20:04:00 AEST 2017 com.google.javascript.rhino.Node,958
Wed Aug 23 20:04:01 AEST 2017 com.google.javascript.rhino.Node,966
Wed Aug 23 20:04:02 AEST 2017 com.google.javascript.rhino.Node,985
Wed Aug 23 20:05:00 AEST 2017 Wed Aug 23 20:05:00 AEST 2017 : com.google.javascript.rhino.Node,994=>Find no block
Wed Aug 23 20:05:01 AEST 2017 com.google.javascript.jscomp.ConvertToDottedProperties,61
Wed Aug 23 20:11:35 AEST 2017 com.google.javascript.jscomp.ConvertToDottedProperties,62
Wed Aug 23 20:11:36 AEST 2017 com.google.javascript.jscomp.ConvertToDottedProperties,63
Wed Aug 23 20:11:36 AEST 2017 com.google.javascript.jscomp.ConvertToDottedProperties,64
Wed Aug 23 20:11:38 AEST 2017 com.google.javascript.jscomp.ConvertToDottedProperties,57
Wed Aug 23 20:22:19 AEST 2017 com.google.javascript.jscomp.ConvertToDottedProperties,58
Wed Aug 23 20:43:56 AEST 2017 com.google.javascript.jscomp.ConvertToDottedProperties,59
Wed Aug 23 20:43:57 AEST 2017 com.google.javascript.jscomp.ConvertToDottedProperties,51
Wed Aug 23 20:50:36 AEST 2017 com.google.javascript.jscomp.ConvertToDottedProperties,52
Wed Aug 23 20:50:37 AEST 2017 com.google.javascript.jscomp.ConvertToDottedProperties,50
Wed Aug 23 20:50:38 AEST 2017 com.google.javascript.jscomp.CodeGenerator,670
Wed Aug 23 20:52:15 AEST 2017 com.google.javascript.jscomp.CodeGenerator,707
Wed Aug 23 20:53:51 AEST 2017 com.google.javascript.jscomp.CodeGenerator,791
Wed Aug 23 21:00:00 AEST 2017 com.google.javascript.jscomp.NodeUtil,2444
Wed Aug 23 21:00:17 AEST 2017 com.google.javascript.jscomp.NodeUtil,2478
Wed Aug 23 21:00:24 AEST 2017 Wed Aug 23 21:00:24 AEST 2017 : com.google.javascript.jscomp.ConvertToDottedProperties,35=>Find no block
Wed Aug 23 21:00:25 AEST 2017 com.google.javascript.jscomp.ConvertToDottedProperties,36
Wed Aug 23 21:00:39 AEST 2017 Wed Aug 23 21:00:39 AEST 2017 : com.google.javascript.jscomp.ConvertToDottedProperties,37=>Find no block
Wed Aug 23 21:00:40 AEST 2017 com.google.javascript.jscomp.ConvertToDottedProperties,41
Wed Aug 23 21:02:20 AEST 2017 Wed Aug 23 21:02:20 AEST 2017 : com.google.javascript.jscomp.ConvertToDottedProperties,42=>Find no block
Wed Aug 23 21:02:21 AEST 2017 Wed Aug 23 21:02:21 AEST 2017 : com.google.javascript.jscomp.ConvertToDottedProperties,46=>Find no block
Wed Aug 23 21:02:22 AEST 2017 Wed Aug 23 21:02:22 AEST 2017 : com.google.javascript.jscomp.ConvertToDottedProperties,68=>Find no block
Wed Aug 23 21:02:23 AEST 2017 com.google.javascript.jscomp.CodeGenerator,650
Wed Aug 23 21:09:02 AEST 2017 com.google.javascript.jscomp.CodeGenerator,652
Wed Aug 23 21:17:30 AEST 2017 com.google.javascript.jscomp.CodeGenerator,653
Wed Aug 23 21:20:48 AEST 2017 com.google.javascript.jscomp.CodeGenerator,698
Wed Aug 23 21:20:54 AEST 2017 com.google.javascript.jscomp.CodeGenerator,788
Wed Aug 23 21:20:55 AEST 2017 com.google.javascript.jscomp.CodeGenerator,805
Wed Aug 23 21:21:29 AEST 2017 com.google.javascript.jscomp.CodeGenerator,694
Wed Aug 23 21:24:14 AEST 2017 com.google.javascript.jscomp.CodeGenerator,695
Wed Aug 23 21:24:16 AEST 2017 com.google.javascript.jscomp.AstValidator,734
Wed Aug 23 21:35:31 AEST 2017 Wed Aug 23 21:35:31 AEST 2017 : com.google.javascript.jscomp.AstValidator,737=>Find no block
Wed Aug 23 21:35:32 AEST 2017 com.google.javascript.jscomp.CodeGenerator,786
Wed Aug 23 21:35:32 AEST 2017 com.google.javascript.jscomp.CodeGenerator,787
Wed Aug 23 21:35:33 AEST 2017 com.google.javascript.jscomp.CodeGenerator,784
Wed Aug 23 21:35:34 AEST 2017 com.google.javascript.jscomp.CodeGenerator,785
Wed Aug 23 21:35:34 AEST 2017 com.google.javascript.jscomp.CodeGenerator,795
Wed Aug 23 21:35:35 AEST 2017 com.google.javascript.jscomp.parsing.IRFactory,543
Wed Aug 23 21:35:39 AEST 2017 com.google.javascript.jscomp.parsing.IRFactory,544
Wed Aug 23 21:35:40 AEST 2017 com.google.javascript.rhino.TokenStream,94
Timeout time : 17/08/23 22:42
