=================================================
Project : closure_133	start : 17/08/23 17:41
Current failed test : com.google.javascript.jscomp.PeepholeSubstituteAlternateSyntaxTest::testIssue925 | 17/08/23 17:42
Wed Aug 23 17:42:47 AEST 2017 com.google.javascript.rhino.SourcePosition,87
Wed Aug 23 17:42:55 AEST 2017 com.google.javascript.jscomp.parsing.JsDocInfoParser,1838
Wed Aug 23 18:06:43 AEST 2017 com.google.javascript.jscomp.parsing.JsDocInfoParser,1839
Wed Aug 23 18:06:44 AEST 2017 com.google.javascript.jscomp.parsing.JsDocInfoParser,2303
Wed Aug 23 18:06:48 AEST 2017 com.google.javascript.jscomp.parsing.JsDocInfoParser,947
Wed Aug 23 18:06:59 AEST 2017 com.google.javascript.jscomp.parsing.JsDocInfoParser,2341
Wed Aug 23 18:07:06 AEST 2017 Wed Aug 23 18:07:06 AEST 2017 : com.google.javascript.jscomp.parsing.JsDocInfoParser,2342=>Find no block
Wed Aug 23 18:07:07 AEST 2017 com.google.javascript.jscomp.parsing.JsDocInfoParser,2298
Wed Aug 23 18:07:27 AEST 2017 com.google.javascript.jscomp.parsing.JsDocInfoParser,2299
Wed Aug 23 18:07:28 AEST 2017 com.google.javascript.jscomp.parsing.JsDocInfoParser,958
Wed Aug 23 18:11:23 AEST 2017 com.google.javascript.jscomp.parsing.JsDocInfoParser,1483
Wed Aug 23 18:11:58 AEST 2017 com.google.javascript.rhino.JSDocInfoBuilder,170
Wed Aug 23 18:12:17 AEST 2017 com.google.javascript.rhino.JSDocInfoBuilder,171
Wed Aug 23 18:12:18 AEST 2017 com.google.javascript.rhino.JSDocInfoBuilder,172
Wed Aug 23 18:12:19 AEST 2017 com.google.javascript.jscomp.parsing.JsDocInfoParser,1475
Wed Aug 23 18:21:00 AEST 2017 com.google.javascript.jscomp.parsing.JsDocInfoParser,82
Wed Aug 23 18:22:02 AEST 2017 Wed Aug 23 18:22:02 AEST 2017 : com.google.javascript.jscomp.parsing.JsDocInfoParser,86=>Find no block
Wed Aug 23 18:22:03 AEST 2017 Wed Aug 23 18:22:03 AEST 2017 : com.google.javascript.jscomp.parsing.JsDocInfoParser,48=>Find no block
Wed Aug 23 18:22:04 AEST 2017 Wed Aug 23 18:22:04 AEST 2017 : com.google.javascript.rhino.JSDocInfo,136=>Find no block
Wed Aug 23 18:22:05 AEST 2017 com.google.javascript.rhino.JSDocInfo,138
Wed Aug 23 18:27:35 AEST 2017 com.google.javascript.rhino.JSDocInfo,142
Wed Aug 23 18:27:35 AEST 2017 Wed Aug 23 18:27:35 AEST 2017 : com.google.javascript.rhino.JSDocInfo,143=>Find no block
Wed Aug 23 18:27:36 AEST 2017 Wed Aug 23 18:27:36 AEST 2017 : com.google.javascript.rhino.JSDocInfo,129=>Find no block
Wed Aug 23 18:27:37 AEST 2017 com.google.javascript.rhino.SourcePosition,86
Wed Aug 23 18:27:38 AEST 2017 com.google.javascript.rhino.JSDocInfo,690
Wed Aug 23 18:28:03 AEST 2017 com.google.javascript.rhino.JSDocInfo,691
Wed Aug 23 18:28:04 AEST 2017 com.google.javascript.rhino.JSDocInfo,694
Wed Aug 23 18:39:02 AEST 2017 com.google.javascript.rhino.JSDocInfo,695
Wed Aug 23 18:39:03 AEST 2017 com.google.javascript.rhino.JSDocInfo,696
Wed Aug 23 18:39:04 AEST 2017 Wed Aug 23 18:39:04 AEST 2017 : com.google.javascript.rhino.JSDocInfo,179=>Find no block
Wed Aug 23 18:39:05 AEST 2017 Wed Aug 23 18:39:05 AEST 2017 : com.google.javascript.rhino.JSDocInfo,180=>Find no block
Wed Aug 23 18:39:06 AEST 2017 Wed Aug 23 18:39:06 AEST 2017 : com.google.javascript.rhino.JSDocInfo,181=>Find no block
Wed Aug 23 18:39:07 AEST 2017 Wed Aug 23 18:39:07 AEST 2017 : com.google.javascript.rhino.JSDocInfo,182=>Find no block
Wed Aug 23 18:39:08 AEST 2017 Wed Aug 23 18:39:08 AEST 2017 : com.google.javascript.rhino.JSDocInfo,183=>Find no block
Wed Aug 23 18:39:08 AEST 2017 Wed Aug 23 18:39:08 AEST 2017 : com.google.javascript.rhino.JSDocInfo,184=>Find no block
Wed Aug 23 18:39:09 AEST 2017 com.google.javascript.rhino.JSDocInfo,194
Wed Aug 23 18:39:15 AEST 2017 Wed Aug 23 18:39:15 AEST 2017 : com.google.javascript.rhino.JSDocInfo,195=>Find no block
Wed Aug 23 18:39:17 AEST 2017 com.google.javascript.rhino.JSDocInfoBuilder,152
Wed Aug 23 18:39:52 AEST 2017 com.google.javascript.rhino.JSDocInfoBuilder,154
Wed Aug 23 18:39:53 AEST 2017 com.google.javascript.rhino.JSDocInfoBuilder,155
Wed Aug 23 18:39:54 AEST 2017 com.google.javascript.rhino.JSDocInfoBuilder,157
Wed Aug 23 18:39:56 AEST 2017 com.google.javascript.rhino.JSDocInfoBuilder,158
Wed Aug 23 18:39:56 AEST 2017 com.google.javascript.jscomp.parsing.JsDocInfoParser,1503
Wed Aug 23 18:41:25 AEST 2017 com.google.javascript.rhino.JSDocInfo,674
Wed Aug 23 18:42:42 AEST 2017 com.google.javascript.rhino.JSDocInfo,675
Wed Aug 23 18:42:43 AEST 2017 com.google.javascript.rhino.JSDocInfo,678
Wed Aug 23 18:44:24 AEST 2017 com.google.javascript.rhino.JSDocInfo,1577
Wed Aug 23 18:44:29 AEST 2017 com.google.javascript.rhino.JSDocInfo,1580
Wed Aug 23 18:44:33 AEST 2017 Wed Aug 23 18:44:33 AEST 2017 : com.google.javascript.rhino.JSDocInfo,1581=>Find no block
Wed Aug 23 18:44:34 AEST 2017 Wed Aug 23 18:44:34 AEST 2017 : com.google.javascript.rhino.JSDocInfo,110=>Find no block
Wed Aug 23 18:44:35 AEST 2017 Wed Aug 23 18:44:35 AEST 2017 : com.google.javascript.rhino.JSDocInfo,111=>Find no block
Wed Aug 23 18:44:36 AEST 2017 Wed Aug 23 18:44:36 AEST 2017 : com.google.javascript.rhino.JSDocInfo,112=>Find no block
Wed Aug 23 18:44:39 AEST 2017 Wed Aug 23 18:44:39 AEST 2017 : com.google.javascript.rhino.JSDocInfo,114=>Find no block
Wed Aug 23 18:44:43 AEST 2017 Wed Aug 23 18:44:43 AEST 2017 : com.google.javascript.rhino.JSDocInfo,115=>Find no block
Wed Aug 23 18:44:44 AEST 2017 Wed Aug 23 18:44:44 AEST 2017 : com.google.javascript.rhino.JSDocInfo,116=>Find no block
Wed Aug 23 18:44:45 AEST 2017 Wed Aug 23 18:44:45 AEST 2017 : com.google.javascript.rhino.JSDocInfo,117=>Find no block
Wed Aug 23 18:44:46 AEST 2017 Wed Aug 23 18:44:46 AEST 2017 : com.google.javascript.rhino.JSDocInfo,118=>Find no block
Wed Aug 23 18:44:47 AEST 2017 Wed Aug 23 18:44:47 AEST 2017 : com.google.javascript.rhino.JSDocInfo,119=>Find no block
Wed Aug 23 18:44:47 AEST 2017 Wed Aug 23 18:44:47 AEST 2017 : com.google.javascript.rhino.JSDocInfo,121=>Find no block
Wed Aug 23 18:44:49 AEST 2017 Wed Aug 23 18:44:49 AEST 2017 : com.google.javascript.rhino.JSDocInfo,122=>Find no block
Wed Aug 23 18:44:50 AEST 2017 com.google.javascript.rhino.JSDocInfoBuilder,80
Wed Aug 23 18:44:55 AEST 2017 com.google.javascript.jscomp.parsing.JsDocInfoParser,209
Wed Aug 23 18:50:03 AEST 2017 com.google.javascript.jscomp.parsing.JsDocInfoParser,210
Wed Aug 23 18:50:03 AEST 2017 com.google.javascript.jscomp.parsing.JsDocInfoParser,211
Wed Aug 23 18:50:04 AEST 2017 Wed Aug 23 18:50:04 AEST 2017 : com.google.javascript.jscomp.parsing.JsDocInfoParser,214=>Find no block
Wed Aug 23 18:50:05 AEST 2017 com.google.javascript.jscomp.parsing.JsDocInfoParser,1537
Wed Aug 23 18:58:38 AEST 2017 com.google.javascript.jscomp.parsing.JsDocInfoParser,1539
Wed Aug 23 18:58:39 AEST 2017 Wed Aug 23 18:58:39 AEST 2017 : com.google.javascript.jscomp.parsing.JsDocInfoParser,1542=>Find no block
Wed Aug 23 18:58:40 AEST 2017 com.google.javascript.jscomp.parsing.JsDocInfoParser,1546
Wed Aug 23 18:59:01 AEST 2017 com.google.javascript.rhino.SourcePosition,77
Wed Aug 23 18:59:06 AEST 2017 Wed Aug 23 18:59:06 AEST 2017 : com.google.javascript.rhino.SourcePosition,78=>Find no block
Wed Aug 23 18:59:06 AEST 2017 Wed Aug 23 18:59:06 AEST 2017 : com.google.javascript.rhino.SourcePosition,47=>Find no block
Wed Aug 23 18:59:07 AEST 2017 Wed Aug 23 18:59:07 AEST 2017 : com.google.javascript.rhino.SourcePosition,51=>Find no block
Wed Aug 23 18:59:08 AEST 2017 Wed Aug 23 18:59:08 AEST 2017 : com.google.javascript.rhino.SourcePosition,56=>Find no block
Wed Aug 23 18:59:09 AEST 2017 Wed Aug 23 18:59:09 AEST 2017 : com.google.javascript.rhino.SourcePosition,61=>Find no block
Wed Aug 23 18:59:11 AEST 2017 Wed Aug 23 18:59:11 AEST 2017 : com.google.javascript.rhino.SourcePosition,66=>Find no block
Wed Aug 23 18:59:12 AEST 2017 Wed Aug 23 18:59:12 AEST 2017 : com.google.javascript.rhino.SourcePosition,71=>Find no block
Wed Aug 23 18:59:13 AEST 2017 com.google.javascript.rhino.SourcePosition,85
Wed Aug 23 18:59:42 AEST 2017 com.google.javascript.rhino.SourcePosition,101
Wed Aug 23 19:00:05 AEST 2017 com.google.javascript.rhino.SourcePosition,102
Wed Aug 23 19:00:13 AEST 2017 com.google.javascript.rhino.SourcePosition,103
Wed Aug 23 19:00:19 AEST 2017 com.google.javascript.rhino.SourcePosition,104
Wed Aug 23 19:00:21 AEST 2017 Wed Aug 23 19:00:21 AEST 2017 : com.google.javascript.rhino.SourcePosition,105=>Find no block
Wed Aug 23 19:00:21 AEST 2017 com.google.javascript.jscomp.parsing.JsDocInfoParser,1379
Wed Aug 23 19:00:27 AEST 2017 com.google.javascript.jscomp.parsing.JsDocInfoParser,1425
Wed Aug 23 19:00:36 AEST 2017 com.google.javascript.jscomp.parsing.JsDocInfoParser,1496
Wed Aug 23 19:00:43 AEST 2017 Wed Aug 23 19:00:43 AEST 2017 : com.google.javascript.jscomp.parsing.JsDocInfoParser,1382=>Find no block
Wed Aug 23 19:00:43 AEST 2017 Wed Aug 23 19:00:43 AEST 2017 : com.google.javascript.jscomp.parsing.JsDocInfoParser,1387=>Find no block
Wed Aug 23 19:00:44 AEST 2017 Wed Aug 23 19:00:44 AEST 2017 : com.google.javascript.jscomp.parsing.JsDocInfoParser,1390=>Find no block
Wed Aug 23 19:00:46 AEST 2017 Wed Aug 23 19:00:46 AEST 2017 : com.google.javascript.jscomp.parsing.JsDocInfoParser,1393=>Find no block
Wed Aug 23 19:00:47 AEST 2017 com.google.javascript.jscomp.parsing.JsDocInfoParser,1413
Wed Aug 23 19:04:36 AEST 2017 com.google.javascript.jscomp.parsing.JsDocInfoParser,1418
Wed Aug 23 19:07:58 AEST 2017 com.google.javascript.jscomp.parsing.JsDocInfoParser,1419
Wed Aug 23 19:08:47 AEST 2017 com.google.javascript.jscomp.parsing.JsDocInfoParser,1420
Wed Aug 23 19:09:48 AEST 2017 com.google.javascript.jscomp.parsing.JsDocInfoParser,1423
Wed Aug 23 19:10:49 AEST 2017 com.google.javascript.jscomp.parsing.JsDocInfoParser,1424
Wed Aug 23 19:10:50 AEST 2017 com.google.javascript.jscomp.parsing.JsDocInfoParser,1428
Wed Aug 23 19:14:27 AEST 2017 com.google.javascript.jscomp.parsing.JsDocInfoParser,1429
Wed Aug 23 19:19:44 AEST 2017 com.google.javascript.jscomp.parsing.JsDocInfoParser,1431
Wed Aug 23 19:28:03 AEST 2017 com.google.javascript.jscomp.parsing.JsDocInfoParser,1432
Wed Aug 23 19:30:49 AEST 2017 com.google.javascript.jscomp.parsing.JsDocInfoParser,1434
Wed Aug 23 19:32:41 AEST 2017 com.google.javascript.jscomp.parsing.JsDocInfoParser,1439
Wed Aug 23 19:32:43 AEST 2017 Wed Aug 23 19:32:43 AEST 2017 : com.google.javascript.jscomp.parsing.JsDocInfoParser,1442=>Find no block
Wed Aug 23 19:32:44 AEST 2017 com.google.javascript.jscomp.parsing.JsDocInfoParser,1470
Wed Aug 23 19:33:02 AEST 2017 com.google.javascript.jscomp.parsing.JsDocInfoParser,1471
Wed Aug 23 19:34:40 AEST 2017 com.google.javascript.jscomp.parsing.JsDocInfoParser,1473
Wed Aug 23 19:39:55 AEST 2017 com.google.javascript.jscomp.parsing.JsDocInfoParser,1474
Wed Aug 23 19:39:57 AEST 2017 com.google.javascript.jscomp.parsing.JsDocInfoParser,1487
Wed Aug 23 19:46:58 AEST 2017 com.google.javascript.jscomp.parsing.JsDocInfoParser,1493
Wed Aug 23 19:46:59 AEST 2017 com.google.javascript.jscomp.parsing.JsDocInfoParser,1495
Wed Aug 23 19:47:00 AEST 2017 com.google.javascript.jscomp.parsing.JsDocInfoParser,1499
Wed Aug 23 19:47:01 AEST 2017 com.google.javascript.jscomp.parsing.JsDocInfoParser,1500
Wed Aug 23 19:47:02 AEST 2017 com.google.javascript.jscomp.parsing.JsDocInfoParser,1502
Wed Aug 23 19:47:02 AEST 2017 com.google.javascript.jscomp.parsing.JsDocTokenStream,42
Wed Aug 23 19:47:13 AEST 2017 Wed Aug 23 19:47:13 AEST 2017 : com.google.javascript.jscomp.parsing.JsDocTokenStream,43=>Find no block
Wed Aug 23 19:47:13 AEST 2017 Wed Aug 23 19:47:13 AEST 2017 : com.google.javascript.rhino.jstype.SimpleSourceFile,50=>Find no block
Wed Aug 23 19:47:15 AEST 2017 com.google.javascript.rhino.jstype.SimpleSourceFile,51
Wed Aug 23 19:48:07 AEST 2017 com.google.javascript.rhino.jstype.SimpleSourceFile,52
Wed Aug 23 19:48:08 AEST 2017 Wed Aug 23 19:48:08 AEST 2017 : com.google.javascript.rhino.jstype.SimpleSourceFile,53=>Find no block
Wed Aug 23 19:48:09 AEST 2017 com.google.javascript.rhino.jstype.SimpleSourceFile,57
Wed Aug 23 19:48:37 AEST 2017 com.google.javascript.rhino.jstype.JSTypeRegistry,213
Wed Aug 23 19:48:40 AEST 2017 Wed Aug 23 19:48:40 AEST 2017 : com.google.javascript.rhino.jstype.JSTypeRegistry,214=>Find no block
Wed Aug 23 19:48:41 AEST 2017 com.google.javascript.jscomp.parsing.ParserRunner,58
Wed Aug 23 19:48:45 AEST 2017 com.google.javascript.rhino.JSDocInfoBuilder,169
Wed Aug 23 19:48:46 AEST 2017 com.google.javascript.jscomp.parsing.JsDocTokenStream,220
Wed Aug 23 19:48:58 AEST 2017 com.google.javascript.jscomp.parsing.JsDocTokenStream,221
Wed Aug 23 19:48:59 AEST 2017 com.google.javascript.jscomp.parsing.JsDocTokenStream,327
Wed Aug 23 19:49:11 AEST 2017 Wed Aug 23 19:49:11 AEST 2017 : com.google.javascript.jscomp.parsing.JsDocTokenStream,328=>Find no block
Wed Aug 23 19:49:12 AEST 2017 com.google.javascript.jscomp.parsing.JsDocTokenStream,204
Wed Aug 23 19:50:22 AEST 2017 Wed Aug 23 19:50:22 AEST 2017 : com.google.javascript.jscomp.parsing.JsDocTokenStream,205=>Find no block
Wed Aug 23 19:50:22 AEST 2017 com.google.javascript.jscomp.parsing.JsDocTokenStream,214
Wed Aug 23 19:51:44 AEST 2017 com.google.javascript.jscomp.parsing.JsDocTokenStream,215
Wed Aug 23 19:52:42 AEST 2017 com.google.javascript.jscomp.parsing.JsDocTokenStream,216
Wed Aug 23 19:53:01 AEST 2017 com.google.javascript.jscomp.parsing.JsDocTokenStream,217
Wed Aug 23 19:53:23 AEST 2017 com.google.javascript.jscomp.parsing.JsDocInfoParser,2400
Wed Aug 23 19:53:37 AEST 2017 com.google.javascript.jscomp.parsing.JsDocInfoParser,2401
Wed Aug 23 19:53:38 AEST 2017 Wed Aug 23 19:53:38 AEST 2017 : com.google.javascript.jscomp.parsing.JsDocInfoParser,1332=>Find no block
Wed Aug 23 19:53:39 AEST 2017 com.google.javascript.jscomp.parsing.JsDocInfoParser,1333
Wed Aug 23 19:55:09 AEST 2017 com.google.javascript.jscomp.parsing.JsDocInfoParser,1334
Wed Aug 23 19:55:11 AEST 2017 Wed Aug 23 19:55:11 AEST 2017 : com.google.javascript.jscomp.parsing.JsDocInfoParser,1335=>Find no block
Wed Aug 23 19:55:12 AEST 2017 Wed Aug 23 19:55:12 AEST 2017 : com.google.javascript.jscomp.parsing.JsDocInfoParser,1328=>Find no block
Wed Aug 23 19:55:12 AEST 2017 com.google.javascript.jscomp.parsing.JsDocInfoParser,2271
Wed Aug 23 19:55:21 AEST 2017 com.google.javascript.rhino.JSDocInfo,1061
Wed Aug 23 19:55:43 AEST 2017 Wed Aug 23 19:55:43 AEST 2017 : com.google.javascript.rhino.JSDocInfo,1062=>Find no block
Wed Aug 23 19:55:44 AEST 2017 com.google.javascript.rhino.JSDocInfoBuilder,517
Wed Aug 23 19:56:55 AEST 2017 com.google.javascript.rhino.JSDocInfoBuilder,518
Wed Aug 23 19:56:56 AEST 2017 com.google.javascript.rhino.JSDocInfoBuilder,519
Wed Aug 23 19:56:56 AEST 2017 com.google.javascript.jscomp.parsing.JsDocInfoParser,957
Wed Aug 23 19:56:57 AEST 2017 com.google.javascript.rhino.JSDocInfoBuilder,515
Wed Aug 23 19:56:58 AEST 2017 com.google.javascript.jscomp.parsing.JsDocInfoParser,946
Wed Aug 23 19:56:59 AEST 2017 com.google.javascript.jscomp.parsing.JsDocInfoParser,950
Wed Aug 23 19:57:26 AEST 2017 com.google.javascript.rhino.JSDocInfo,1139
Wed Aug 23 19:57:39 AEST 2017 com.google.javascript.rhino.JSDocInfo,1160
Wed Aug 23 19:58:07 AEST 2017 com.google.javascript.rhino.jstype.ObjectType,490
Wed Aug 23 19:58:11 AEST 2017 com.google.javascript.rhino.jstype.PropertyMap,152
Wed Aug 23 19:58:58 AEST 2017 com.google.javascript.rhino.jstype.PropertyMap,153
Wed Aug 23 19:58:58 AEST 2017 com.google.javascript.rhino.jstype.PropertyMap,156
Wed Aug 23 19:58:59 AEST 2017 com.google.javascript.rhino.jstype.PropertyMap,157
Wed Aug 23 19:59:00 AEST 2017 com.google.javascript.rhino.jstype.PropertyMap,158
Wed Aug 23 19:59:01 AEST 2017 com.google.javascript.rhino.jstype.PropertyMap,174
Wed Aug 23 20:02:45 AEST 2017 com.google.javascript.rhino.jstype.PropertyMap,175
Wed Aug 23 20:02:46 AEST 2017 Wed Aug 23 20:02:46 AEST 2017 : com.google.javascript.rhino.jstype.PropertyMap,176=>Find no block
Wed Aug 23 20:02:49 AEST 2017 com.google.javascript.rhino.jstype.PropertyMap,177
Wed Aug 23 20:07:47 AEST 2017 com.google.javascript.rhino.jstype.PropertyMap,178
Wed Aug 23 20:07:47 AEST 2017 com.google.javascript.rhino.jstype.PropertyMap,179
Wed Aug 23 20:07:48 AEST 2017 com.google.javascript.rhino.jstype.PropertyMap,181
Wed Aug 23 20:07:49 AEST 2017 Wed Aug 23 20:07:49 AEST 2017 : com.google.javascript.rhino.jstype.PropertyMap,186=>Find no block
Wed Aug 23 20:07:49 AEST 2017 com.google.javascript.jscomp.parsing.JsDocTokenStream,371
Wed Aug 23 20:09:00 AEST 2017 com.google.javascript.jscomp.parsing.JsDocTokenStream,372
Wed Aug 23 20:09:01 AEST 2017 com.google.javascript.rhino.JSDocInfo,1157
Wed Aug 23 20:09:02 AEST 2017 com.google.javascript.jscomp.parsing.JsDocInfoParser,2443
Wed Aug 23 20:10:26 AEST 2017 com.google.javascript.jscomp.parsing.JsDocInfoParser,2444
Wed Aug 23 20:10:27 AEST 2017 com.google.javascript.jscomp.parsing.JsDocInfoParser,1625
Wed Aug 23 20:16:08 AEST 2017 com.google.javascript.jscomp.parsing.JsDocInfoParser,1626
Wed Aug 23 20:16:09 AEST 2017 com.google.javascript.jscomp.parsing.JsDocInfoParser,1627
Wed Aug 23 20:16:09 AEST 2017 com.google.javascript.jscomp.parsing.JsDocInfoParser,1636
Wed Aug 23 20:21:09 AEST 2017 com.google.javascript.jscomp.parsing.JsDocInfoParser,877
Wed Aug 23 20:22:31 AEST 2017 com.google.javascript.jscomp.parsing.JsDocInfoParser,878
Wed Aug 23 20:22:32 AEST 2017 com.google.javascript.jscomp.parsing.JsDocInfoParser,879
Wed Aug 23 20:22:33 AEST 2017 com.google.javascript.jscomp.parsing.JsDocInfoParser,881
Wed Aug 23 20:22:33 AEST 2017 com.google.javascript.jscomp.parsing.JsDocInfoParser,884
Wed Aug 23 20:22:34 AEST 2017 com.google.javascript.rhino.JSDocInfo,1073
Wed Aug 23 20:22:46 AEST 2017 com.google.javascript.rhino.JSDocInfo,1078
Wed Aug 23 20:23:04 AEST 2017 com.google.javascript.rhino.JSDocInfo,1079
Wed Aug 23 20:23:04 AEST 2017 Wed Aug 23 20:23:04 AEST 2017 : com.google.javascript.rhino.JSDocInfo,1080=>Find no block
Wed Aug 23 20:23:05 AEST 2017 com.google.javascript.jscomp.parsing.JsDocInfoParser,1154
Wed Aug 23 20:23:12 AEST 2017 com.google.javascript.jscomp.parsing.JsDocInfoParser,1166
Wed Aug 23 20:23:19 AEST 2017 com.google.javascript.jscomp.parsing.JsDocInfoParser,1236
Wed Aug 23 20:24:30 AEST 2017 com.google.javascript.jscomp.parsing.JsDocInfoParser,1624
Wed Aug 23 20:27:57 AEST 2017 com.google.javascript.jscomp.parsing.ParserRunner,84
Wed Aug 23 20:28:01 AEST 2017 com.google.javascript.jscomp.parsing.JsDocInfoParser,1231
Wed Aug 23 20:29:14 AEST 2017 com.google.javascript.jscomp.parsing.JsDocInfoParser,1233
Wed Aug 23 20:29:15 AEST 2017 com.google.javascript.jscomp.parsing.JsDocInfoParser,1239
Wed Aug 23 20:30:05 AEST 2017 com.google.javascript.jscomp.parsing.JsDocInfoParser,1247
Wed Aug 23 20:30:43 AEST 2017 com.google.javascript.jscomp.parsing.JsDocInfoParser,1731
Wed Aug 23 20:48:52 AEST 2017 com.google.javascript.jscomp.parsing.JsDocInfoParser,898
Wed Aug 23 20:49:55 AEST 2017 Wed Aug 23 20:49:55 AEST 2017 : com.google.javascript.jscomp.parsing.JsDocInfoParser,906=>Find no block
Wed Aug 23 20:49:56 AEST 2017 com.google.javascript.jscomp.parsing.JsDocInfoParser,2441
Wed Aug 23 20:52:21 AEST 2017 com.google.javascript.jscomp.parsing.JsDocInfoParser,862
Wed Aug 23 20:54:22 AEST 2017 com.google.javascript.jscomp.parsing.JsDocInfoParser,863
Failed time : 17/08/23 20:55
