=================================================
Project : closure_14	start : 17/08/23 09:50
Current failed test : com.google.javascript.jscomp.CheckMissingReturnTest::testIssue779 | 17/08/23 09:50
Wed Aug 23 09:56:50 AEST 2017 com.google.javascript.jscomp.ControlFlowAnalysis,579
Wed Aug 23 10:43:06 AEST 2017 Wed Aug 23 10:43:06 AEST 2017 : com.google.javascript.jscomp.type.ChainableReverseAbstractInterpreter,250=>Find no block
Wed Aug 23 10:43:06 AEST 2017 com.google.javascript.jscomp.ControlFlowAnalysis,767

----------------------------------------
----------------------------------------
Pass Single Test : [=>0,0]
for(Node finallyNode : cfa.finallyMap.get(parent)){
cfa.createEdge(fromNode,Branch.ON_EX,finallyNode);
}

Time : 17/08/23 10:44
----------------------------------------

----------------------------------------
----------------------------------------
Similar code block : 1.6182856494444295 : [/home/similar-fix/d4j/projects/closure/closure_14_buggy/src/com/google/javascript/jscomp/ControlFlowAnalysis.java=>0,0]
if(lastJump==cfgNode){
createEdge(cfgNode,Branch.ON_EX,catchBlock);
return ;
}else {
finallyMap.put(lastJump,catchBlock);
}

Time : 17/08/23 10:46
----------------------------------------

----------------------------------------
----------------------------------------
Original source code : [/home/similar-fix/d4j/projects/closure/closure_14_buggy/src/com/google/javascript/jscomp/ControlFlowAnalysis.java=>766,768]
for(Node finallyNode : cfa.finallyMap.get(parent)){
cfa.createEdge(fromNode,Branch.UNCOND,finallyNode);
}

Time : 17/08/23 10:46
----------------------------------------

----------------------------------------
----------------------------------------
Find a patch : [/home/similar-fix/d4j/projects/closure/closure_14_buggy/src/com/google/javascript/jscomp/ControlFlowAnalysis.java=>766,768]
for(Node finallyNode : cfa.finallyMap.get(parent)){
cfa.createEdge(fromNode,Branch.ON_EX,finallyNode);
}

Time : 17/08/23 10:46
----------------------------------------
Success time : 17/08/23 10:46
