=================================================
Project : closure_23	start : 17/08/23 17:41
Current failed test : com.google.javascript.jscomp.PeepholeFoldConstantsTest::testFoldGetElem | 17/08/23 17:42
Wed Aug 23 17:42:45 AEST 2017 com.google.javascript.jscomp.PeepholeFoldConstants,1431
Wed Aug 23 17:45:54 AEST 2017 com.google.javascript.jscomp.PeepholeFoldConstants,1437
Wed Aug 23 17:50:32 AEST 2017 com.google.javascript.jscomp.PeepholeFoldConstants,1438
Wed Aug 23 17:58:33 AEST 2017 com.google.javascript.jscomp.PeepholeFoldConstants,1439
Wed Aug 23 18:03:09 AEST 2017 com.google.javascript.jscomp.PeepholeFoldConstants,1444
Wed Aug 23 18:05:28 AEST 2017 com.google.javascript.jscomp.PeepholeFoldConstants,1449
Wed Aug 23 18:18:48 AEST 2017 com.google.javascript.jscomp.PeepholeFoldConstants,1450
Wed Aug 23 18:36:22 AEST 2017 com.google.javascript.jscomp.PeepholeFoldConstants,1451
Wed Aug 23 18:41:54 AEST 2017 com.google.javascript.jscomp.PeepholeFoldConstants,1457
Wed Aug 23 18:48:55 AEST 2017 com.google.javascript.jscomp.PeepholeFoldConstants,1458
Wed Aug 23 18:48:56 AEST 2017 com.google.javascript.jscomp.PeepholeFoldConstants,1459
Wed Aug 23 18:48:57 AEST 2017 com.google.javascript.jscomp.PeepholeFoldConstants,1364
Wed Aug 23 18:54:18 AEST 2017 com.google.javascript.jscomp.PeepholeFoldConstants,1423
Wed Aug 23 19:06:14 AEST 2017 com.google.javascript.jscomp.PeepholeFoldConstants,1427
Wed Aug 23 19:10:17 AEST 2017 Wed Aug 23 19:10:17 AEST 2017 : com.google.javascript.rhino.Node,117=>Find no block
Wed Aug 23 19:10:18 AEST 2017 com.google.javascript.rhino.Node,142
Wed Aug 23 19:10:29 AEST 2017 com.google.javascript.rhino.Node,879
Wed Aug 23 19:21:40 AEST 2017 com.google.javascript.rhino.Node,880
Wed Aug 23 19:21:41 AEST 2017 com.google.javascript.rhino.Node,881
Wed Aug 23 19:21:43 AEST 2017 com.google.javascript.rhino.Node,884
Wed Aug 23 19:21:43 AEST 2017 com.google.javascript.rhino.Node,885
Wed Aug 23 19:21:44 AEST 2017 com.google.javascript.rhino.Node,886
Wed Aug 23 19:21:45 AEST 2017 com.google.javascript.rhino.Node,887
Wed Aug 23 19:21:48 AEST 2017 com.google.javascript.rhino.Node,890
Wed Aug 23 19:21:49 AEST 2017 com.google.javascript.rhino.Node,891
Wed Aug 23 19:21:49 AEST 2017 com.google.javascript.rhino.Node,936
Wed Aug 23 19:21:58 AEST 2017 com.google.javascript.rhino.Node,968
Wed Aug 23 19:27:47 AEST 2017 com.google.javascript.rhino.Node,969
Wed Aug 23 19:27:48 AEST 2017 com.google.javascript.rhino.Node,972
Wed Aug 23 19:34:04 AEST 2017 com.google.javascript.rhino.Node,973
Wed Aug 23 19:34:05 AEST 2017 com.google.javascript.rhino.Node,974
Wed Aug 23 19:34:06 AEST 2017 com.google.javascript.rhino.Node,975
Wed Aug 23 19:34:07 AEST 2017 com.google.javascript.rhino.Node,980
Wed Aug 23 19:35:00 AEST 2017 com.google.javascript.rhino.Node,981
Wed Aug 23 19:50:03 AEST 2017 com.google.javascript.rhino.Node,982
Wed Aug 23 19:56:27 AEST 2017 com.google.javascript.rhino.Node,983
Wed Aug 23 19:56:28 AEST 2017 com.google.javascript.rhino.Node,984
Wed Aug 23 20:01:37 AEST 2017 com.google.javascript.rhino.Node,985
Wed Aug 23 20:06:26 AEST 2017 com.google.javascript.rhino.Node,986
Wed Aug 23 20:11:36 AEST 2017 Wed Aug 23 20:11:36 AEST 2017 : com.google.javascript.rhino.Node,988=>Find no block
Wed Aug 23 20:11:36 AEST 2017 com.google.javascript.rhino.Node,990
Wed Aug 23 20:11:37 AEST 2017 com.google.javascript.rhino.Node,993
Wed Aug 23 20:18:30 AEST 2017 com.google.javascript.rhino.Node,994
Wed Aug 23 20:18:31 AEST 2017 com.google.javascript.rhino.Node,999
Wed Aug 23 20:20:22 AEST 2017 com.google.javascript.jscomp.SourceFile,303
Wed Aug 23 20:20:28 AEST 2017 com.google.javascript.jscomp.AbstractPeepholeOptimization,52
Wed Aug 23 20:27:03 AEST 2017 com.google.javascript.jscomp.AbstractPeepholeOptimization,54
Wed Aug 23 20:27:03 AEST 2017 Wed Aug 23 20:27:03 AEST 2017 : com.google.javascript.jscomp.AbstractPeepholeOptimization,55=>Find no block
Wed Aug 23 20:27:04 AEST 2017 com.google.javascript.rhino.Node,320
Wed Aug 23 20:27:11 AEST 2017 com.google.javascript.rhino.Token,213
Wed Aug 23 20:27:20 AEST 2017 com.google.javascript.rhino.Node,943
Wed Aug 23 20:29:14 AEST 2017 com.google.javascript.rhino.Node,944
Wed Aug 23 20:29:15 AEST 2017 com.google.javascript.rhino.Node,945
Wed Aug 23 20:29:16 AEST 2017 com.google.javascript.rhino.Node,953
Wed Aug 23 20:55:53 AEST 2017 com.google.javascript.rhino.Node,954
Wed Aug 23 20:55:53 AEST 2017 com.google.javascript.rhino.Node,957
Wed Aug 23 20:55:54 AEST 2017 com.google.javascript.rhino.Node,967
Wed Aug 23 20:55:55 AEST 2017 com.google.javascript.rhino.Node,971
Wed Aug 23 20:55:56 AEST 2017 com.google.javascript.rhino.Node,979
Wed Aug 23 20:55:57 AEST 2017 com.google.javascript.rhino.Node,998
Wed Aug 23 20:57:02 AEST 2017 Wed Aug 23 20:57:02 AEST 2017 : com.google.javascript.rhino.Node,1007=>Find no block
Wed Aug 23 20:57:03 AEST 2017 com.google.javascript.jscomp.PeepholeFoldConstants,1419
Wed Aug 23 21:20:04 AEST 2017 com.google.javascript.jscomp.PeepholeFoldConstants,1410
Wed Aug 23 21:20:05 AEST 2017 com.google.javascript.jscomp.PeepholeFoldConstants,1411
Wed Aug 23 21:35:23 AEST 2017 com.google.javascript.jscomp.parsing.IRFactory,566
Wed Aug 23 21:38:06 AEST 2017 com.google.javascript.jscomp.parsing.IRFactory,567
Wed Aug 23 21:38:06 AEST 2017 com.google.javascript.jscomp.AstValidator,589
Wed Aug 23 21:54:43 AEST 2017 com.google.javascript.jscomp.AstValidator,662
Wed Aug 23 22:04:52 AEST 2017 com.google.javascript.jscomp.parsing.IRFactory,432
Wed Aug 23 22:16:26 AEST 2017 com.google.javascript.jscomp.parsing.IRFactory,433
Wed Aug 23 22:16:26 AEST 2017 Wed Aug 23 22:16:26 AEST 2017 : com.google.javascript.jscomp.parsing.IRFactory,434=>Find no block
Wed Aug 23 22:16:27 AEST 2017 com.google.javascript.jscomp.PeepholeFoldConstants,1363
Wed Aug 23 22:16:28 AEST 2017 com.google.javascript.jscomp.PeepholeFoldConstants,118
Wed Aug 23 22:17:57 AEST 2017 com.google.javascript.jscomp.PeepholeFoldConstants,1357
Wed Aug 23 22:38:52 AEST 2017 com.google.javascript.jscomp.PeepholeFoldConstants,1359
Wed Aug 23 22:38:53 AEST 2017 com.google.javascript.jscomp.parsing.TypeSafeDispatcher,199
Wed Aug 23 22:40:09 AEST 2017 com.google.javascript.jscomp.AstValidator,239
Timeout time : 17/08/23 22:42
