=================================================
Project : closure_37	start : 17/08/24 03:44
Current failed test : com.google.javascript.jscomp.IntegrationTest::testIncompleteFunction | 17/08/24 03:44
Thu Aug 24 04:09:39 AEST 2017 com.google.javascript.jscomp.Compiler,642
Thu Aug 24 04:09:45 AEST 2017 Thu Aug 24 04:09:45 AEST 2017 : com.google.javascript.jscomp.Compiler,615=>Find no block
Thu Aug 24 04:09:45 AEST 2017 com.google.javascript.jscomp.Compiler,616
Thu Aug 24 04:11:06 AEST 2017 com.google.javascript.jscomp.parsing.TypeSafeDispatcher,280
Thu Aug 24 07:50:26 AEST 2017 Thu Aug 24 07:50:26 AEST 2017 : com.google.javascript.jscomp.NodeTraversal,279=>Find no block
Thu Aug 24 07:50:27 AEST 2017 com.google.javascript.jscomp.NodeTraversal,280
Thu Aug 24 07:50:51 AEST 2017 com.google.javascript.jscomp.parsing.IRFactory,1066
Thu Aug 24 08:00:50 AEST 2017 com.google.javascript.jscomp.parsing.IRFactory,1072
Thu Aug 24 08:00:53 AEST 2017 com.google.javascript.jscomp.NodeTraversal,244
Thu Aug 24 08:22:46 AEST 2017 com.google.javascript.jscomp.NodeTraversal,249
Thu Aug 24 08:25:04 AEST 2017 com.google.javascript.jscomp.NodeTraversal,257
Thu Aug 24 08:25:05 AEST 2017 com.google.javascript.jscomp.Compiler,1989
Thu Aug 24 08:25:08 AEST 2017 com.google.javascript.jscomp.Compiler,1983
Thu Aug 24 08:25:11 AEST 2017 com.google.javascript.jscomp.Compiler,1987
Thu Aug 24 08:25:12 AEST 2017 com.google.javascript.jscomp.Compiler,1988
Thu Aug 24 08:25:12 AEST 2017 com.google.javascript.jscomp.Compiler,1991
Thu Aug 24 08:25:13 AEST 2017 com.google.javascript.jscomp.RhinoErrorReporter,119
Thu Aug 24 08:32:02 AEST 2017 Thu Aug 24 08:32:02 AEST 2017 : com.google.javascript.jscomp.RhinoErrorReporter,121=>Find no block
Thu Aug 24 08:32:04 AEST 2017 com.google.javascript.jscomp.RhinoErrorReporter,165
Thu Aug 24 08:32:08 AEST 2017 Thu Aug 24 08:32:08 AEST 2017 : com.google.javascript.jscomp.RhinoErrorReporter,166=>Find no block
Thu Aug 24 08:32:09 AEST 2017 com.google.javascript.jscomp.LoggerErrorManager,70
Thu Aug 24 08:32:12 AEST 2017 com.google.javascript.jscomp.RhinoErrorReporter,135
Thu Aug 24 08:45:42 AEST 2017 com.google.javascript.jscomp.JSError,99
Thu Aug 24 08:45:46 AEST 2017 com.google.javascript.jscomp.LoggerErrorManager,53
Thu Aug 24 08:48:54 AEST 2017 com.google.javascript.jscomp.LoggerErrorManager,54
Thu Aug 24 08:48:54 AEST 2017 com.google.javascript.jscomp.BasicErrorManager,171
Timeout time : 17/08/24 09:09
