=================================================
Project : closure_38	start : 17/08/23 17:41
Current failed test : com.google.javascript.jscomp.CodePrinterTest::testMinusNegativeZero | 17/08/23 17:42
Wed Aug 23 17:42:48 AEST 2017 com.google.javascript.jscomp.CodeConsumer,265
Wed Aug 23 17:43:04 AEST 2017 com.google.javascript.jscomp.NodeUtil,2148
Wed Aug 23 17:43:28 AEST 2017 com.google.javascript.jscomp.parsing.IRFactory,1139
Wed Aug 23 17:43:48 AEST 2017 com.google.javascript.jscomp.parsing.IRFactory,978
Wed Aug 23 17:43:51 AEST 2017 com.google.javascript.jscomp.parsing.IRFactory,979
Wed Aug 23 17:43:52 AEST 2017 com.google.javascript.rhino.Node,171
Wed Aug 23 17:44:06 AEST 2017 Wed Aug 23 17:44:06 AEST 2017 : com.google.javascript.rhino.Node,172=>Find no block
Wed Aug 23 17:44:09 AEST 2017 com.google.javascript.jscomp.parsing.IRFactory,1153
Wed Aug 23 17:44:46 AEST 2017 com.google.javascript.jscomp.Compiler,1472
Wed Aug 23 17:44:50 AEST 2017 com.google.javascript.jscomp.NodeUtil,1196
Wed Aug 23 17:45:04 AEST 2017 com.google.javascript.jscomp.Compiler,1468
Wed Aug 23 17:48:25 AEST 2017 com.google.javascript.jscomp.Compiler,1469
Wed Aug 23 17:48:25 AEST 2017 com.google.javascript.jscomp.Compiler,1471
Wed Aug 23 17:48:26 AEST 2017 com.google.javascript.jscomp.Compiler,1474
Wed Aug 23 17:48:27 AEST 2017 com.google.javascript.jscomp.Compiler,1475
Wed Aug 23 17:48:27 AEST 2017 com.google.javascript.jscomp.parsing.TypeSafeDispatcher,169
Wed Aug 23 17:50:02 AEST 2017 com.google.javascript.jscomp.parsing.IRFactory,975
Wed Aug 23 17:59:27 AEST 2017 com.google.javascript.jscomp.parsing.IRFactory,976
Wed Aug 23 17:59:28 AEST 2017 com.google.javascript.jscomp.parsing.IRFactory,977
Wed Aug 23 18:06:16 AEST 2017 com.google.javascript.jscomp.parsing.TypeSafeDispatcher,144
Wed Aug 23 18:07:26 AEST 2017 com.google.javascript.jscomp.Compiler,254
Wed Aug 23 18:08:21 AEST 2017 com.google.javascript.jscomp.Compiler,289
Wed Aug 23 18:08:27 AEST 2017 com.google.javascript.jscomp.WarningsGuard,95
Wed Aug 23 18:08:31 AEST 2017 com.google.javascript.jscomp.WarningsGuard,106
Wed Aug 23 18:08:32 AEST 2017 com.google.javascript.jscomp.Compiler,250
Wed Aug 23 18:08:33 AEST 2017 com.google.javascript.jscomp.Compiler,248
Wed Aug 23 18:08:45 AEST 2017 com.google.javascript.jscomp.ComposeWarningsGuard,129
Wed Aug 23 18:09:45 AEST 2017 com.google.javascript.jscomp.CompilerOptions,1025
Wed Aug 23 18:09:49 AEST 2017 com.google.javascript.jscomp.ComposeWarningsGuard,118
Wed Aug 23 18:09:49 AEST 2017 com.google.javascript.jscomp.ComposeWarningsGuard,119
Wed Aug 23 18:09:50 AEST 2017 com.google.javascript.jscomp.ComposeWarningsGuard,121
Wed Aug 23 18:09:51 AEST 2017 com.google.javascript.jscomp.ComposeWarningsGuard,149
Wed Aug 23 18:10:32 AEST 2017 Wed Aug 23 18:10:32 AEST 2017 : com.google.javascript.jscomp.DiagnosticGroup,61=>Find no block
Wed Aug 23 18:10:33 AEST 2017 com.google.javascript.jscomp.DiagnosticGroup,62
Wed Aug 23 18:11:11 AEST 2017 com.google.javascript.jscomp.DiagnosticGroup,63
Wed Aug 23 18:11:12 AEST 2017 Wed Aug 23 18:11:12 AEST 2017 : com.google.javascript.jscomp.DiagnosticGroup,64=>Find no block
Wed Aug 23 18:11:14 AEST 2017 com.google.javascript.jscomp.DiagnosticGroup,72
Wed Aug 23 18:13:28 AEST 2017 com.google.javascript.jscomp.DiagnosticGroup,73
Wed Aug 23 18:13:29 AEST 2017 com.google.javascript.jscomp.DiagnosticGroup,75
Wed Aug 23 18:16:45 AEST 2017 com.google.javascript.jscomp.DiagnosticGroup,118
Wed Aug 23 18:16:59 AEST 2017 com.google.javascript.jscomp.DiagnosticGroup,119
Wed Aug 23 18:17:00 AEST 2017 com.google.javascript.jscomp.DiagnosticGroup,120
Wed Aug 23 18:17:01 AEST 2017 com.google.javascript.jscomp.DiagnosticGroupWarningsGuard,45
Wed Aug 23 18:17:04 AEST 2017 com.google.javascript.jscomp.DiagnosticGroupWarningsGuard,58
Wed Aug 23 18:17:47 AEST 2017 com.google.javascript.jscomp.ComposeWarningsGuard,144
Wed Aug 23 18:17:48 AEST 2017 Wed Aug 23 18:17:48 AEST 2017 : com.google.javascript.jscomp.ComposeWarningsGuard,147=>Find no block
Wed Aug 23 18:17:49 AEST 2017 com.google.javascript.rhino.Node,2297
Wed Aug 23 18:17:52 AEST 2017 com.google.javascript.jscomp.CodeGenerator,244
Wed Aug 23 18:26:56 AEST 2017 com.google.javascript.jscomp.CodeGenerator,245
Wed Aug 23 18:38:16 AEST 2017 com.google.javascript.jscomp.CodeGenerator,246
Wed Aug 23 18:45:02 AEST 2017 com.google.javascript.jscomp.CodeConsumer,243
Wed Aug 23 18:45:56 AEST 2017 com.google.javascript.jscomp.CodeConsumer,244
Wed Aug 23 18:45:57 AEST 2017 com.google.javascript.jscomp.CodeConsumer,245
Wed Aug 23 18:46:50 AEST 2017 com.google.javascript.jscomp.CodeConsumer,249
Wed Aug 23 18:49:03 AEST 2017 Wed Aug 23 18:49:03 AEST 2017 : com.google.javascript.jscomp.CodeConsumer,267=>Find no block
Wed Aug 23 18:49:04 AEST 2017 com.google.javascript.jscomp.CodeConsumer,270
Wed Aug 23 18:49:09 AEST 2017 com.google.javascript.jscomp.CodeGenerator,98
Wed Aug 23 19:00:09 AEST 2017 com.google.javascript.jscomp.CodeGenerator,102
Wed Aug 23 19:00:10 AEST 2017 com.google.javascript.jscomp.CodeGenerator,103
Wed Aug 23 19:01:59 AEST 2017 com.google.javascript.jscomp.CodeGenerator,104
Wed Aug 23 19:03:32 AEST 2017 com.google.javascript.jscomp.CodeGenerator,108
Wed Aug 23 19:37:21 AEST 2017 com.google.javascript.jscomp.CodeGenerator,113
Wed Aug 23 19:37:21 AEST 2017 com.google.javascript.jscomp.CodeGenerator,116
Wed Aug 23 19:37:22 AEST 2017 com.google.javascript.jscomp.CodeGenerator,120
Wed Aug 23 19:37:23 AEST 2017 com.google.javascript.jscomp.CodeGenerator,122
Wed Aug 23 19:53:04 AEST 2017 com.google.javascript.rhino.Node,166
Wed Aug 23 19:53:07 AEST 2017 com.google.javascript.jscomp.parsing.IRFactory,1316
Wed Aug 23 19:53:13 AEST 2017 com.google.javascript.jscomp.parsing.TypeSafeDispatcher,246
Wed Aug 23 19:54:37 AEST 2017 com.google.javascript.jscomp.parsing.IRFactory,763
Wed Aug 23 19:54:41 AEST 2017 com.google.javascript.rhino.IR,418
Wed Aug 23 19:54:44 AEST 2017 com.google.javascript.rhino.Node,504
Wed Aug 23 19:54:47 AEST 2017 com.google.javascript.rhino.Node,155
Wed Aug 23 19:54:51 AEST 2017 com.google.javascript.rhino.Node,156
Wed Aug 23 19:54:51 AEST 2017 Wed Aug 23 19:54:51 AEST 2017 : com.google.javascript.rhino.Node,157=>Find no block
Wed Aug 23 19:54:52 AEST 2017 com.google.javascript.jscomp.parsing.IRFactory,685
Wed Aug 23 20:07:58 AEST 2017 com.google.javascript.jscomp.parsing.IRFactory,689
Wed Aug 23 20:07:58 AEST 2017 com.google.javascript.jscomp.parsing.IRFactory,690
Wed Aug 23 20:07:59 AEST 2017 com.google.javascript.jscomp.parsing.IRFactory,691
Wed Aug 23 20:08:00 AEST 2017 com.google.javascript.jscomp.parsing.IRFactory,692
Wed Aug 23 20:08:01 AEST 2017 com.google.javascript.jscomp.CodeConsumer,236
Wed Aug 23 20:08:19 AEST 2017 com.google.javascript.jscomp.CodeConsumer,207
Wed Aug 23 20:08:50 AEST 2017 Wed Aug 23 20:08:50 AEST 2017 : com.google.javascript.jscomp.CodeConsumer,208=>Find no block
Wed Aug 23 20:08:51 AEST 2017 com.google.javascript.jscomp.CodeConsumer,224
Wed Aug 23 20:09:33 AEST 2017 com.google.javascript.jscomp.CodeConsumer,211
Wed Aug 23 20:10:30 AEST 2017 com.google.javascript.jscomp.CodeConsumer,213
Wed Aug 23 20:10:31 AEST 2017 com.google.javascript.jscomp.CodeConsumer,214
Wed Aug 23 20:18:37 AEST 2017 com.google.javascript.jscomp.CodeConsumer,216
Wed Aug 23 20:18:38 AEST 2017 com.google.javascript.jscomp.CodeConsumer,220
Wed Aug 23 20:18:39 AEST 2017 com.google.javascript.jscomp.CodeConsumer,230
Wed Aug 23 20:23:13 AEST 2017 com.google.javascript.jscomp.CodeConsumer,235
Wed Aug 23 20:23:13 AEST 2017 Wed Aug 23 20:23:13 AEST 2017 : com.google.javascript.jscomp.CodeConsumer,238=>Find no block
Wed Aug 23 20:23:14 AEST 2017 com.google.javascript.jscomp.CodeGenerator,1166
Wed Aug 23 20:23:23 AEST 2017 com.google.javascript.jscomp.CodeGenerator,621
Wed Aug 23 20:25:54 AEST 2017 com.google.javascript.jscomp.CodeGenerator,622
Wed Aug 23 20:28:47 AEST 2017 com.google.javascript.jscomp.CodeGenerator,623
Wed Aug 23 20:31:37 AEST 2017 com.google.javascript.jscomp.CodeGenerator,624
Wed Aug 23 20:32:29 AEST 2017 com.google.javascript.jscomp.NodeUtil,1452
Wed Aug 23 20:37:54 AEST 2017 Wed Aug 23 20:37:54 AEST 2017 : com.google.javascript.jscomp.NodeUtil,1437=>Find no block
Wed Aug 23 20:37:55 AEST 2017 com.google.javascript.rhino.Node,2329
Wed Aug 23 20:37:58 AEST 2017 com.google.javascript.jscomp.parsing.IRFactory,1300
Wed Aug 23 20:38:05 AEST 2017 Wed Aug 23 20:38:05 AEST 2017 : com.google.javascript.rhino.Node,380=>Find no block
Wed Aug 23 20:38:05 AEST 2017 com.google.javascript.rhino.Node,381
Wed Aug 23 20:45:26 AEST 2017 com.google.javascript.rhino.Node,383
Wed Aug 23 20:45:27 AEST 2017 com.google.javascript.rhino.Node,385
Wed Aug 23 20:52:23 AEST 2017 com.google.javascript.rhino.Node,387
Wed Aug 23 21:03:28 AEST 2017 com.google.javascript.rhino.Node,389
Wed Aug 23 21:15:57 AEST 2017 com.google.javascript.rhino.Node,390
Wed Aug 23 21:22:46 AEST 2017 com.google.javascript.rhino.Node,391
Wed Aug 23 21:28:06 AEST 2017 com.google.javascript.rhino.Node,392
Wed Aug 23 21:32:47 AEST 2017 com.google.javascript.rhino.Node,393
Wed Aug 23 21:38:32 AEST 2017 com.google.javascript.rhino.Node,394
Wed Aug 23 21:43:36 AEST 2017 com.google.javascript.rhino.Node,395
Wed Aug 23 21:46:29 AEST 2017 com.google.javascript.rhino.Node,396
Wed Aug 23 21:49:29 AEST 2017 com.google.javascript.rhino.Node,397
Wed Aug 23 21:49:30 AEST 2017 Wed Aug 23 21:49:30 AEST 2017 : com.google.javascript.rhino.Node,398=>Find no block
Wed Aug 23 21:49:32 AEST 2017 com.google.javascript.jscomp.CodePrinter,491
Wed Aug 23 21:50:42 AEST 2017 Wed Aug 23 21:50:42 AEST 2017 : com.google.javascript.jscomp.CodePrinter,506=>Find no block
Wed Aug 23 21:50:43 AEST 2017 com.google.javascript.jscomp.CodeGenerator,192
Wed Aug 23 22:15:46 AEST 2017 com.google.javascript.jscomp.CodeGenerator,874
Wed Aug 23 22:31:16 AEST 2017 com.google.javascript.jscomp.CodeGenerator,881
Wed Aug 23 22:31:17 AEST 2017 Wed Aug 23 22:31:17 AEST 2017 : com.google.javascript.jscomp.CodeGenerator,883=>Find no block
Wed Aug 23 22:31:17 AEST 2017 com.google.javascript.jscomp.NodeUtil,1227
Wed Aug 23 22:31:30 AEST 2017 Wed Aug 23 22:31:30 AEST 2017 : com.google.javascript.jscomp.NodeUtil,1162=>Find no block
Wed Aug 23 22:31:30 AEST 2017 com.google.javascript.jscomp.CodeGenerator,191
Wed Aug 23 22:31:31 AEST 2017 com.google.javascript.jscomp.CodeConsumer,135
Wed Aug 23 22:31:35 AEST 2017 Wed Aug 23 22:31:35 AEST 2017 : com.google.javascript.jscomp.CodeConsumer,136=>Find no block
Wed Aug 23 22:31:35 AEST 2017 com.google.javascript.jscomp.CodeConsumer,143
Wed Aug 23 22:32:03 AEST 2017 com.google.javascript.jscomp.CodeConsumer,144
Wed Aug 23 22:32:03 AEST 2017 com.google.javascript.jscomp.CodeConsumer,62
Wed Aug 23 22:32:27 AEST 2017 Wed Aug 23 22:32:27 AEST 2017 : com.google.javascript.jscomp.CodeConsumer,63=>Find no block
Wed Aug 23 22:32:27 AEST 2017 com.google.javascript.jscomp.CodeGenerator,78
Wed Aug 23 22:32:34 AEST 2017 Wed Aug 23 22:32:34 AEST 2017 : com.google.javascript.jscomp.CodeGenerator,79=>Find no block
Wed Aug 23 22:32:35 AEST 2017 com.google.javascript.jscomp.CodeGenerator,1089
Wed Aug 23 22:32:50 AEST 2017 com.google.javascript.jscomp.CodeGenerator,1090
Wed Aug 23 22:32:50 AEST 2017 com.google.javascript.jscomp.NodeUtil,2403
Wed Aug 23 22:35:17 AEST 2017 com.google.javascript.jscomp.NodeUtil,2404
Wed Aug 23 22:35:17 AEST 2017 com.google.javascript.jscomp.NodeUtil,2408
Wed Aug 23 22:40:02 AEST 2017 com.google.javascript.jscomp.NodeUtil,2400
Wed Aug 23 22:40:03 AEST 2017 com.google.javascript.jscomp.NodeUtil,2401
Wed Aug 23 22:40:04 AEST 2017 com.google.javascript.jscomp.NodeUtil,2402
Wed Aug 23 22:40:04 AEST 2017 com.google.javascript.jscomp.CodePrinter,510
Wed Aug 23 22:40:33 AEST 2017 Wed Aug 23 22:40:33 AEST 2017 : com.google.javascript.jscomp.CodePrinter,511=>Find no block
Wed Aug 23 22:40:34 AEST 2017 com.google.javascript.jscomp.parsing.IRFactory,1273
Wed Aug 23 22:40:45 AEST 2017 com.google.javascript.jscomp.parsing.TypeSafeDispatcher,201
Wed Aug 23 22:40:51 AEST 2017 com.google.javascript.jscomp.parsing.IRFactory,561
Timeout time : 17/08/23 22:42
