=================================================
Project : closure_50	start : 17/08/23 22:42
Current failed test : com.google.javascript.jscomp.PeepholeReplaceKnownMethodsTest::testNoStringJoin | 17/08/23 22:43
Wed Aug 23 22:43:33 AEST 2017 Wed Aug 23 22:43:33 AEST 2017 : com.google.javascript.rhino.Node,184=>Find no block
Wed Aug 23 22:43:33 AEST 2017 com.google.javascript.rhino.Node,232
Wed Aug 23 22:43:42 AEST 2017 com.google.javascript.rhino.Node,245
Wed Aug 23 22:43:54 AEST 2017 com.google.javascript.rhino.Node,246
Wed Aug 23 22:44:05 AEST 2017 com.google.javascript.rhino.Node,962
Wed Aug 23 22:56:58 AEST 2017 com.google.javascript.rhino.Node,963
Wed Aug 23 22:56:58 AEST 2017 com.google.javascript.rhino.Node,964
Wed Aug 23 22:56:59 AEST 2017 com.google.javascript.rhino.Node,967
Wed Aug 23 22:57:00 AEST 2017 com.google.javascript.rhino.Node,968
Wed Aug 23 22:57:00 AEST 2017 com.google.javascript.rhino.Node,969
Wed Aug 23 22:57:01 AEST 2017 com.google.javascript.rhino.Node,970
Wed Aug 23 22:57:02 AEST 2017 com.google.javascript.rhino.Node,973
Wed Aug 23 22:57:03 AEST 2017 com.google.javascript.rhino.Node,974
Wed Aug 23 22:57:04 AEST 2017 com.google.javascript.rhino.Node,1019
Wed Aug 23 22:57:08 AEST 2017 com.google.javascript.rhino.Node,1026
Wed Aug 23 22:57:35 AEST 2017 com.google.javascript.rhino.Node,1027
Wed Aug 23 22:57:35 AEST 2017 com.google.javascript.rhino.Node,1028
Wed Aug 23 22:57:36 AEST 2017 com.google.javascript.rhino.Node,1029
Wed Aug 23 22:57:37 AEST 2017 com.google.javascript.rhino.Node,1040
Timeout time : 17/08/24 01:14
Current failed test : com.google.javascript.jscomp.PeepholeReplaceKnownMethodsTest::testStringJoinAdd | 17/08/24 01:14
Thu Aug 24 01:14:09 AEST 2017 Thu Aug 24 01:14:09 AEST 2017 : com.google.javascript.rhino.Node,184=>Find no block
Thu Aug 24 01:14:10 AEST 2017 com.google.javascript.rhino.Node,232
Thu Aug 24 01:14:19 AEST 2017 com.google.javascript.rhino.Node,245
Thu Aug 24 01:14:29 AEST 2017 com.google.javascript.rhino.Node,246
Thu Aug 24 01:14:38 AEST 2017 com.google.javascript.rhino.Node,962
Thu Aug 24 01:27:04 AEST 2017 com.google.javascript.rhino.Node,963
Thu Aug 24 01:27:05 AEST 2017 com.google.javascript.rhino.Node,964
Thu Aug 24 01:27:05 AEST 2017 com.google.javascript.rhino.Node,967
Thu Aug 24 01:27:06 AEST 2017 com.google.javascript.rhino.Node,968
Thu Aug 24 01:27:07 AEST 2017 com.google.javascript.rhino.Node,969
Thu Aug 24 01:27:09 AEST 2017 com.google.javascript.rhino.Node,970
Thu Aug 24 01:27:10 AEST 2017 com.google.javascript.rhino.Node,973
Thu Aug 24 01:27:11 AEST 2017 com.google.javascript.rhino.Node,974
Thu Aug 24 01:27:11 AEST 2017 com.google.javascript.rhino.Node,1019
Thu Aug 24 01:27:15 AEST 2017 com.google.javascript.rhino.Node,1026
Thu Aug 24 01:27:40 AEST 2017 com.google.javascript.rhino.Node,1027
Thu Aug 24 01:27:40 AEST 2017 com.google.javascript.rhino.Node,1028
Thu Aug 24 01:27:41 AEST 2017 com.google.javascript.rhino.Node,1029
Thu Aug 24 01:27:42 AEST 2017 com.google.javascript.rhino.Node,1040
Timeout time : 17/08/24 03:44
