=================================================
Project : closure_53	start : 17/08/23 22:38
Current failed test : com.google.javascript.jscomp.InlineObjectLiteralsTest::testBug545 | 17/08/23 22:39
Wed Aug 23 22:39:14 AEST 2017 com.google.javascript.rhino.Node,1026
Wed Aug 23 22:39:36 AEST 2017 com.google.javascript.rhino.Node,1027
Wed Aug 23 22:39:37 AEST 2017 com.google.javascript.rhino.Node,1028
Wed Aug 23 22:39:38 AEST 2017 com.google.javascript.rhino.Node,1029
Wed Aug 23 22:39:39 AEST 2017 com.google.javascript.rhino.Node,1040
Thu Aug 24 00:58:15 AEST 2017 com.google.javascript.rhino.Node,1041
Thu Aug 24 00:58:15 AEST 2017 com.google.javascript.rhino.Node,1044
Thu Aug 24 00:58:16 AEST 2017 com.google.javascript.rhino.Node,1045
Thu Aug 24 01:39:25 AEST 2017 com.google.javascript.rhino.Node,1049
Thu Aug 24 01:39:26 AEST 2017 com.google.javascript.rhino.Node,1052
Thu Aug 24 01:39:27 AEST 2017 com.google.javascript.rhino.Node,1054
Thu Aug 24 01:39:28 AEST 2017 com.google.javascript.rhino.Node,1076
Thu Aug 24 01:39:28 AEST 2017 com.google.javascript.rhino.Node,1084
Thu Aug 24 01:39:29 AEST 2017 com.google.javascript.rhino.Node,1137
Thu Aug 24 01:40:40 AEST 2017 Thu Aug 24 01:40:40 AEST 2017 : com.google.javascript.rhino.Node,1147=>Find no block
Thu Aug 24 01:40:41 AEST 2017 com.google.javascript.jscomp.NodeTraversal,226
Thu Aug 24 01:44:39 AEST 2017 com.google.javascript.jscomp.NodeTraversal,231
Thu Aug 24 01:44:52 AEST 2017 com.google.javascript.jscomp.NodeTraversal,232
Thu Aug 24 01:44:53 AEST 2017 com.google.javascript.jscomp.NodeTraversal,239
Thu Aug 24 01:44:53 AEST 2017 com.google.javascript.jscomp.NodeTraversal,243
Thu Aug 24 01:49:57 AEST 2017 com.google.javascript.jscomp.NodeTraversal,246
Thu Aug 24 01:55:26 AEST 2017 Thu Aug 24 01:55:26 AEST 2017 : com.google.javascript.jscomp.NodeTraversal,290=>Find no block
Thu Aug 24 01:55:26 AEST 2017 com.google.javascript.jscomp.NodeTraversal,291
Thu Aug 24 02:11:08 AEST 2017 com.google.javascript.jscomp.NodeTraversal,298
Thu Aug 24 02:16:22 AEST 2017 com.google.javascript.jscomp.NodeTraversal,302
Thu Aug 24 02:34:08 AEST 2017 com.google.javascript.jscomp.NodeTraversal,303
Thu Aug 24 02:34:09 AEST 2017 com.google.javascript.jscomp.NodeTraversal,304
Thu Aug 24 02:34:09 AEST 2017 com.google.javascript.jscomp.NodeTraversal,305
Thu Aug 24 02:34:10 AEST 2017 com.google.javascript.jscomp.NodeTraversal,308
Thu Aug 24 02:34:11 AEST 2017 com.google.javascript.jscomp.Compiler,1836
Thu Aug 24 02:34:17 AEST 2017 com.google.javascript.jscomp.Compiler,1840
Thu Aug 24 02:34:17 AEST 2017 com.google.javascript.jscomp.Compiler,1841
Thu Aug 24 02:34:18 AEST 2017 com.google.javascript.jscomp.Compiler,1842
Thu Aug 24 02:34:19 AEST 2017 com.google.javascript.jscomp.Compiler,1844
Thu Aug 24 02:34:19 AEST 2017 com.google.javascript.jscomp.ReferenceCollectingCallback,381
Thu Aug 24 02:34:26 AEST 2017 com.google.javascript.jscomp.ReferenceCollectingCallback,399
Thu Aug 24 02:34:44 AEST 2017 com.google.javascript.jscomp.InlineObjectLiterals,386
Thu Aug 24 02:40:15 AEST 2017 com.google.javascript.jscomp.InlineObjectLiterals,416
Thu Aug 24 02:57:27 AEST 2017 com.google.javascript.jscomp.ReferenceCollectingCallback,602
Thu Aug 24 03:10:38 AEST 2017 com.google.javascript.jscomp.InlineObjectLiterals,306
Thu Aug 24 03:12:46 AEST 2017 com.google.javascript.jscomp.InlineObjectLiterals,307
Thu Aug 24 03:12:47 AEST 2017 com.google.javascript.jscomp.InlineObjectLiterals,308
Thu Aug 24 03:17:13 AEST 2017 com.google.javascript.jscomp.InlineObjectLiterals,309
Thu Aug 24 03:22:43 AEST 2017 com.google.javascript.jscomp.InlineObjectLiterals,310
Thu Aug 24 03:36:44 AEST 2017 com.google.javascript.jscomp.InlineObjectLiterals,311
Timeout time : 17/08/24 03:39
