=================================================
Project : closure_62	start : 17/08/23 08:10
Current failed test : com.google.javascript.jscomp.LightweightMessageFormatterTest::testFormatErrorSpaceEndOfLine1 | 17/08/23 08:10
Wed Aug 23 08:17:10 AEST 2017 com.google.javascript.jscomp.LightweightMessageFormatter,90
Wed Aug 23 08:33:54 AEST 2017 com.google.javascript.jscomp.LightweightMessageFormatter,91
Wed Aug 23 08:33:55 AEST 2017 com.google.javascript.jscomp.LightweightMessageFormatter,92

----------------------------------------
----------------------------------------
Pass Single Test : [=>0,0]
if(excerpt.equals(LINE)&&0<=charno&&charno<=sourceExcerpt.length()){
for(int i=0;i<charno;i++){
char c=sourceExcerpt.charAt(i);
if(Character.isWhitespace(c)){
b.append(c);
}else {
b.append(' ');
}
}
b.append("^\n");
}

Time : 17/08/23 09:47
----------------------------------------

----------------------------------------
----------------------------------------
Similar code block : 2.9715598018508236 : [/home/similar-fix/d4j/projects/closure/closure_62_buggy/src/com/google/javascript/jscomp/LightweightMessageFormatter.java=>0,0]
String details=details();
if(sourceName==null||lineNumber<=0){
return details;
}
StringBuilder buf=new StringBuilder(details);
buf.append(" (");
if(sourceName!=null){
buf.append(sourceName);
}
if(lineNumber>0){
buf.append('#');
buf.append(lineNumber);
}
buf.append(')');
return buf.toString();

Time : 17/08/23 09:50
----------------------------------------

----------------------------------------
----------------------------------------
Original source code : [/home/similar-fix/d4j/projects/closure/closure_62_buggy/src/com/google/javascript/jscomp/LightweightMessageFormatter.java=>97,108]
if(excerpt.equals(LINE)&&0<=charno&&charno<sourceExcerpt.length()){
for(int i=0;i<charno;i++){
char c=sourceExcerpt.charAt(i);
if(Character.isWhitespace(c)){
b.append(c);
}else {
b.append(' ');
}
}
b.append("^\n");
}

Time : 17/08/23 09:50
----------------------------------------

----------------------------------------
----------------------------------------
Find a patch : [/home/similar-fix/d4j/projects/closure/closure_62_buggy/src/com/google/javascript/jscomp/LightweightMessageFormatter.java=>97,108]
if(excerpt.equals(LINE)&&0<=charno&&charno<=sourceExcerpt.length()){
for(int i=0;i<charno;i++){
char c=sourceExcerpt.charAt(i);
if(Character.isWhitespace(c)){
b.append(c);
}else {
b.append(' ');
}
}
b.append("^\n");
}

Time : 17/08/23 09:50
----------------------------------------
Success time : 17/08/23 09:50
