=================================================
Project : closure_67	start : 17/08/23 23:13
Current failed test : com.google.javascript.jscomp.RemoveUnusedPrototypePropertiesTest::testAliasing7 | 17/08/23 23:14
Wed Aug 23 23:16:03 AEST 2017 Wed Aug 23 23:16:03 AEST 2017 : com.google.javascript.rhino.Node,173=>Find no block
Wed Aug 23 23:16:03 AEST 2017 com.google.javascript.rhino.Node,195
Wed Aug 23 23:16:15 AEST 2017 com.google.javascript.rhino.Node,221
Wed Aug 23 23:16:24 AEST 2017 com.google.javascript.rhino.Node,844
Wed Aug 23 23:30:50 AEST 2017 com.google.javascript.rhino.Node,845
Wed Aug 23 23:30:51 AEST 2017 com.google.javascript.rhino.Node,846
Wed Aug 23 23:30:52 AEST 2017 com.google.javascript.rhino.Node,849
Wed Aug 23 23:30:53 AEST 2017 com.google.javascript.rhino.Node,850
Wed Aug 23 23:30:54 AEST 2017 com.google.javascript.rhino.Node,851
Wed Aug 23 23:30:55 AEST 2017 com.google.javascript.rhino.Node,852
Wed Aug 23 23:30:55 AEST 2017 com.google.javascript.rhino.Node,855
Wed Aug 23 23:30:56 AEST 2017 com.google.javascript.rhino.Node,856
Wed Aug 23 23:30:57 AEST 2017 com.google.javascript.rhino.Node,913
Wed Aug 23 23:31:01 AEST 2017 com.google.javascript.rhino.Node,921
Wed Aug 23 23:36:44 AEST 2017 com.google.javascript.rhino.Node,922
Wed Aug 23 23:36:45 AEST 2017 com.google.javascript.rhino.Node,923
Wed Aug 23 23:36:46 AEST 2017 com.google.javascript.rhino.Node,934
Timeout time : 17/08/24 04:16
