=================================================
Project : closure_68	start : 17/08/23 17:41
Current failed test : com.google.javascript.jscomp.parsing.JsDocInfoParserTest::testIssue477 | 17/08/23 17:43
Wed Aug 23 17:48:04 AEST 2017 com.google.javascript.jscomp.parsing.JsDocTokenStream,352
Wed Aug 23 17:49:50 AEST 2017 com.google.javascript.jscomp.parsing.JsDocInfoParser,886
Wed Aug 23 17:51:07 AEST 2017 com.google.javascript.jscomp.parsing.JsDocInfoParser,887
Wed Aug 23 17:53:33 AEST 2017 com.google.javascript.jscomp.parsing.JsDocInfoParser,1761

----------------------------------------
----------------------------------------
Pass Single Test : [=>0,0]
if(token!=JsDocToken.LP){
restoreLookAhead(token);
return reportTypeSyntaxWarning("msg.jsdoc.missing.lp");
}

Time : 17/08/23 17:57
----------------------------------------

----------------------------------------
----------------------------------------
Similar code block : 1.1196263565463043 : [/home/hz985/jiajun/d4j/projects/closure/closure_68_buggy/src/com/google/javascript/jscomp/parsing/JsDocInfoParser.java=>0,0]
if(token==JsDocToken.COMMA||token==JsDocToken.EQUALS||token==JsDocToken.RC||token==JsDocToken.RP||token==JsDocToken.PIPE){
restoreLookAhead(token);
return newNode(Token.QMARK);
}
return wrapNode(Token.QMARK,parseBasicTypeExpression(token));

Time : 17/08/23 18:00
----------------------------------------

----------------------------------------
----------------------------------------
Original source code : [/home/hz985/jiajun/d4j/projects/closure/closure_68_buggy/src/com/google/javascript/jscomp/parsing/JsDocInfoParser.java=>1760,1762]
if(token!=JsDocToken.LP){
return reportTypeSyntaxWarning("msg.jsdoc.missing.lp");
}

Time : 17/08/23 18:00
----------------------------------------

----------------------------------------
----------------------------------------
Find a patch : [/home/hz985/jiajun/d4j/projects/closure/closure_68_buggy/src/com/google/javascript/jscomp/parsing/JsDocInfoParser.java=>1760,1762]
if(token!=JsDocToken.LP){
restoreLookAhead(token);
return reportTypeSyntaxWarning("msg.jsdoc.missing.lp");
}

Time : 17/08/23 18:00
----------------------------------------
Success time : 17/08/23 18:00
