=================================================
Project : closure_71	start : 17/08/23 22:55
Current failed test : com.google.javascript.jscomp.CheckAccessControlsTest::testNoPrivateAccessForProperties6 | 17/08/23 22:55
Wed Aug 23 23:08:52 AEST 2017 com.google.javascript.jscomp.DiagnosticType,131
Wed Aug 23 23:09:21 AEST 2017 com.google.javascript.jscomp.CheckAccessControls,455
Wed Aug 23 23:45:21 AEST 2017 com.google.javascript.jscomp.CheckAccessControls,447
Wed Aug 23 23:54:28 AEST 2017 com.google.javascript.jscomp.CheckAccessControls,448
Wed Aug 23 23:54:29 AEST 2017 com.google.javascript.jscomp.CheckAccessControls,454
Wed Aug 23 23:54:30 AEST 2017 Wed Aug 23 23:54:30 AEST 2017 : com.google.javascript.jscomp.CheckAccessControls,465=>Find no block
Wed Aug 23 23:54:31 AEST 2017 com.google.javascript.jscomp.CheckAccessControls,431
Wed Aug 23 23:59:12 AEST 2017 com.google.javascript.jscomp.CheckAccessControls,440
Thu Aug 24 00:04:31 AEST 2017 com.google.javascript.jscomp.CheckAccessControls,442
Thu Aug 24 00:08:42 AEST 2017 com.google.javascript.jscomp.CheckAccessControls,443
Thu Aug 24 00:08:43 AEST 2017 com.google.javascript.jscomp.CheckAccessControls,444
Thu Aug 24 02:11:51 AEST 2017 com.google.javascript.jscomp.CheckAccessControls,388
Thu Aug 24 02:17:59 AEST 2017 com.google.javascript.jscomp.CheckAccessControls,389
Thu Aug 24 02:17:59 AEST 2017 com.google.javascript.jscomp.CheckAccessControls,390
Thu Aug 24 02:18:00 AEST 2017 com.google.javascript.jscomp.CheckAccessControls,392
Thu Aug 24 02:18:01 AEST 2017 com.google.javascript.jscomp.parsing.JsDocInfoParser,675
Thu Aug 24 02:20:07 AEST 2017 com.google.javascript.jscomp.parsing.JsDocInfoParser,679
Thu Aug 24 02:23:49 AEST 2017 com.google.javascript.jscomp.parsing.JsDocInfoParser,680
Thu Aug 24 02:28:07 AEST 2017 com.google.javascript.rhino.JSDocInfoBuilder,215
Thu Aug 24 02:29:11 AEST 2017 com.google.javascript.rhino.JSDocInfoBuilder,216
Thu Aug 24 02:29:11 AEST 2017 com.google.javascript.rhino.JSDocInfoBuilder,217
Thu Aug 24 02:29:12 AEST 2017 com.google.javascript.rhino.JSDocInfoBuilder,218
Thu Aug 24 02:29:13 AEST 2017 com.google.javascript.jscomp.TypeCheck,1060
Thu Aug 24 02:32:46 AEST 2017 com.google.javascript.jscomp.CheckAccessControls,359
Thu Aug 24 03:36:03 AEST 2017 com.google.javascript.jscomp.CheckAccessControls,361
Thu Aug 24 03:36:04 AEST 2017 com.google.javascript.jscomp.CheckAccessControls,364
Timeout time : 17/08/24 04:09
