=================================================
Project : closure_74	start : 17/08/23 17:41
Current failed test : com.google.javascript.jscomp.PeepholeFoldConstantsTest::testFoldComparison3 | 17/08/23 17:42
Wed Aug 23 17:44:20 AEST 2017 com.google.javascript.jscomp.PeepholeFoldConstants,1061
Wed Aug 23 17:49:07 AEST 2017 com.google.javascript.jscomp.PeepholeFoldConstants,930
Wed Aug 23 18:17:16 AEST 2017 com.google.javascript.jscomp.PeepholeFoldConstants,940
Wed Aug 23 18:24:25 AEST 2017 com.google.javascript.jscomp.PeepholeFoldConstants,941
Wed Aug 23 18:26:40 AEST 2017 com.google.javascript.jscomp.NodeUtil,2128
Wed Aug 23 18:27:25 AEST 2017 com.google.javascript.jscomp.NodeUtil,2127
Wed Aug 23 18:27:51 AEST 2017 com.google.javascript.jscomp.NodeUtil,2131
Wed Aug 23 18:28:38 AEST 2017 com.google.javascript.jscomp.PeepholeFoldConstants,1133
Wed Aug 23 18:29:40 AEST 2017 com.google.javascript.jscomp.NodeUtil,1124
Wed Aug 23 18:30:34 AEST 2017 com.google.javascript.rhino.Node,219
Wed Aug 23 18:30:51 AEST 2017 com.google.javascript.rhino.Node,934
Wed Aug 23 18:32:05 AEST 2017 com.google.javascript.rhino.Node,935
Wed Aug 23 18:32:06 AEST 2017 com.google.javascript.rhino.Node,1025
Wed Aug 23 18:37:44 AEST 2017 com.google.javascript.rhino.Node,1048
Wed Aug 23 18:37:48 AEST 2017 com.google.javascript.rhino.Node,1053
Wed Aug 23 18:38:53 AEST 2017 com.google.javascript.rhino.Node,1054
Wed Aug 23 18:38:54 AEST 2017 com.google.javascript.rhino.Node,1055
Wed Aug 23 18:38:54 AEST 2017 com.google.javascript.rhino.Node,1062
Wed Aug 23 18:38:59 AEST 2017 Wed Aug 23 18:38:59 AEST 2017 : com.google.javascript.rhino.Node,1063=>Find no block
Wed Aug 23 18:39:00 AEST 2017 com.google.javascript.rhino.Node,1068
Wed Aug 23 19:08:39 AEST 2017 com.google.javascript.rhino.Node,1069
Wed Aug 23 19:08:39 AEST 2017 com.google.javascript.rhino.Node,1071
Timeout time : 17/08/23 22:44
