=================================================
Project : closure_84	start : 17/08/23 17:41
Current failed test : com.google.javascript.jscomp.parsing.ParserTest::testDestructuringAssignForbidden4 | 17/08/23 17:43
Wed Aug 23 17:52:22 AEST 2017 com.google.javascript.jscomp.parsing.IRFactory,308
Wed Aug 23 17:52:28 AEST 2017 com.google.javascript.jscomp.parsing.IRFactory,854
Wed Aug 23 17:54:14 AEST 2017 Wed Aug 23 17:54:14 AEST 2017 : com.google.javascript.jscomp.parsing.IRFactory,858=>Find no block
Wed Aug 23 17:54:14 AEST 2017 com.google.javascript.jscomp.parsing.IRFactory,314
Wed Aug 23 18:48:09 AEST 2017 com.google.javascript.jscomp.parsing.IRFactory,315
Wed Aug 23 18:48:09 AEST 2017 com.google.javascript.jscomp.parsing.IRFactory,318
Wed Aug 23 18:48:10 AEST 2017 Wed Aug 23 18:48:10 AEST 2017 : com.google.javascript.jscomp.parsing.IRFactory,320=>Find no block
Wed Aug 23 18:48:10 AEST 2017 com.google.javascript.jscomp.parsing.ParserRunner,99
Wed Aug 23 18:48:30 AEST 2017 com.google.javascript.jscomp.parsing.ParserRunner,100
Wed Aug 23 18:48:31 AEST 2017 com.google.javascript.rhino.jstype.JSTypeRegistry,189
Wed Aug 23 18:48:36 AEST 2017 Wed Aug 23 18:48:36 AEST 2017 : com.google.javascript.rhino.jstype.JSTypeRegistry,190=>Find no block
Wed Aug 23 18:48:37 AEST 2017 com.google.javascript.jscomp.parsing.TypeSafeDispatcher,146
Wed Aug 23 18:51:05 AEST 2017 com.google.javascript.jscomp.parsing.IRFactory,307
Wed Aug 23 18:51:05 AEST 2017 com.google.javascript.jscomp.parsing.IRFactory,311
Wed Aug 23 18:55:51 AEST 2017 com.google.javascript.jscomp.parsing.IRFactory,312
Wed Aug 23 19:25:13 AEST 2017 com.google.javascript.jscomp.parsing.IRFactory,313
Wed Aug 23 19:25:14 AEST 2017 com.google.javascript.jscomp.parsing.IRFactory,321
Wed Aug 23 20:30:35 AEST 2017 com.google.javascript.jscomp.parsing.IRFactory,335
Wed Aug 23 20:52:47 AEST 2017 com.google.javascript.rhino.jstype.PrototypeObjectType,127
Wed Aug 23 21:00:56 AEST 2017 com.google.javascript.rhino.jstype.PrototypeObjectType,128
Wed Aug 23 21:00:57 AEST 2017 com.google.javascript.rhino.jstype.PrototypeObjectType,129
Wed Aug 23 21:00:57 AEST 2017 com.google.javascript.rhino.jstype.PrototypeObjectType,131
Wed Aug 23 21:00:58 AEST 2017 com.google.javascript.rhino.jstype.PrototypeObjectType,132
Wed Aug 23 21:01:00 AEST 2017 com.google.javascript.rhino.jstype.PrototypeObjectType,133
Wed Aug 23 21:01:01 AEST 2017 com.google.javascript.rhino.jstype.PrototypeObjectType,134
Wed Aug 23 21:01:01 AEST 2017 Wed Aug 23 21:01:01 AEST 2017 : com.google.javascript.rhino.jstype.PrototypeObjectType,136=>Find no block
Wed Aug 23 21:01:02 AEST 2017 com.google.javascript.rhino.jstype.PrototypeObjectType,137
Wed Aug 23 21:01:03 AEST 2017 com.google.javascript.rhino.jstype.PrototypeObjectType,149
Wed Aug 23 21:06:57 AEST 2017 com.google.javascript.rhino.jstype.PrototypeObjectType,145
Wed Aug 23 21:06:58 AEST 2017 com.google.javascript.rhino.jstype.PrototypeObjectType,146
Wed Aug 23 21:06:59 AEST 2017 com.google.javascript.rhino.jstype.PrototypeObjectType,142
Wed Aug 23 21:06:59 AEST 2017 com.google.javascript.jscomp.parsing.IRFactory,1052
Wed Aug 23 21:07:48 AEST 2017 com.google.javascript.jscomp.parsing.TypeSafeDispatcher,159
Wed Aug 23 21:13:02 AEST 2017 com.google.javascript.jscomp.parsing.IRFactory,340
Wed Aug 23 21:14:59 AEST 2017 com.google.javascript.jscomp.parsing.IRFactory,341
Wed Aug 23 21:14:59 AEST 2017 com.google.javascript.jscomp.parsing.TypeSafeDispatcher,184
Wed Aug 23 21:19:40 AEST 2017 com.google.javascript.jscomp.parsing.IRFactory,954
Wed Aug 23 21:19:49 AEST 2017 com.google.javascript.jscomp.parsing.IRFactory,492
Timeout time : 17/08/23 22:52
