=================================================
Project : closure_89	start : 17/08/23 17:41
Current failed test : com.google.javascript.jscomp.CollapsePropertiesTest::testAddPropertyToUncollapsibleFunctionInLocalScopeDepth1 | 17/08/23 17:43
Wed Aug 23 17:45:12 AEST 2017 Wed Aug 23 17:45:12 AEST 2017 : com.google.javascript.rhino.Node,175=>Find no block
Wed Aug 23 17:45:13 AEST 2017 com.google.javascript.rhino.Node,195
Wed Aug 23 17:45:24 AEST 2017 com.google.javascript.rhino.Node,217
Wed Aug 23 17:45:35 AEST 2017 com.google.javascript.rhino.Node,220
Wed Aug 23 17:45:43 AEST 2017 com.google.javascript.rhino.Node,222
Wed Aug 23 17:45:51 AEST 2017 com.google.javascript.rhino.Node,232
Wed Aug 23 17:46:00 AEST 2017 com.google.javascript.rhino.Node,843
Wed Aug 23 17:59:27 AEST 2017 com.google.javascript.rhino.Node,844
Wed Aug 23 17:59:28 AEST 2017 com.google.javascript.rhino.Node,845
Wed Aug 23 17:59:29 AEST 2017 com.google.javascript.rhino.Node,848
Wed Aug 23 17:59:29 AEST 2017 com.google.javascript.rhino.Node,849
Wed Aug 23 17:59:30 AEST 2017 com.google.javascript.rhino.Node,850
Wed Aug 23 17:59:31 AEST 2017 com.google.javascript.rhino.Node,851
Wed Aug 23 17:59:32 AEST 2017 com.google.javascript.rhino.Node,854
Wed Aug 23 17:59:33 AEST 2017 com.google.javascript.rhino.Node,855
Wed Aug 23 17:59:35 AEST 2017 com.google.javascript.rhino.Node,908
Wed Aug 23 17:59:38 AEST 2017 com.google.javascript.rhino.Node,916
Wed Aug 23 18:04:03 AEST 2017 com.google.javascript.rhino.Node,917
Wed Aug 23 18:04:04 AEST 2017 com.google.javascript.rhino.Node,918
Wed Aug 23 18:04:04 AEST 2017 com.google.javascript.rhino.Node,929
Timeout time : 17/08/23 18:22
Current failed test : com.google.javascript.jscomp.CollapsePropertiesTest::testAddPropertyToChildOfUncollapsibleFunctionInLocalScope | 17/08/23 18:22
Wed Aug 23 18:23:50 AEST 2017 Wed Aug 23 18:23:50 AEST 2017 : com.google.javascript.rhino.Node,175=>Find no block
Wed Aug 23 18:23:50 AEST 2017 com.google.javascript.rhino.Node,195
Wed Aug 23 18:23:57 AEST 2017 com.google.javascript.rhino.Node,217
Wed Aug 23 18:24:04 AEST 2017 com.google.javascript.rhino.Node,220
Wed Aug 23 18:24:11 AEST 2017 com.google.javascript.rhino.Node,222
Wed Aug 23 18:24:19 AEST 2017 com.google.javascript.rhino.Node,232
Wed Aug 23 18:24:27 AEST 2017 com.google.javascript.rhino.Node,843
Wed Aug 23 18:37:46 AEST 2017 com.google.javascript.rhino.Node,844
Wed Aug 23 18:37:47 AEST 2017 com.google.javascript.rhino.Node,845
Wed Aug 23 18:37:47 AEST 2017 com.google.javascript.rhino.Node,848
Wed Aug 23 18:37:48 AEST 2017 com.google.javascript.rhino.Node,849
Wed Aug 23 18:37:49 AEST 2017 com.google.javascript.rhino.Node,850
Wed Aug 23 18:37:49 AEST 2017 com.google.javascript.rhino.Node,851
Wed Aug 23 18:37:50 AEST 2017 com.google.javascript.rhino.Node,854
Wed Aug 23 18:37:50 AEST 2017 com.google.javascript.rhino.Node,855
Wed Aug 23 18:37:51 AEST 2017 com.google.javascript.rhino.Node,908
Wed Aug 23 18:37:54 AEST 2017 com.google.javascript.rhino.Node,916
Wed Aug 23 18:42:13 AEST 2017 com.google.javascript.rhino.Node,917
Wed Aug 23 18:42:14 AEST 2017 com.google.javascript.rhino.Node,918
Wed Aug 23 18:42:14 AEST 2017 com.google.javascript.rhino.Node,929
Timeout time : 17/08/23 19:00
Current failed test : com.google.javascript.jscomp.CollapsePropertiesTest::testAddPropertyToUncollapsibleFunctionInLocalScopeDepth2 | 17/08/23 19:00
Wed Aug 23 19:02:31 AEST 2017 Wed Aug 23 19:02:31 AEST 2017 : com.google.javascript.rhino.Node,175=>Find no block
Wed Aug 23 19:02:31 AEST 2017 com.google.javascript.rhino.Node,195
Wed Aug 23 19:02:40 AEST 2017 com.google.javascript.rhino.Node,217
Wed Aug 23 19:02:47 AEST 2017 com.google.javascript.rhino.Node,220
Wed Aug 23 19:02:54 AEST 2017 com.google.javascript.rhino.Node,222
Wed Aug 23 19:03:01 AEST 2017 com.google.javascript.rhino.Node,232
Wed Aug 23 19:03:08 AEST 2017 com.google.javascript.rhino.Node,843
Wed Aug 23 19:16:38 AEST 2017 com.google.javascript.rhino.Node,844
Wed Aug 23 19:16:39 AEST 2017 com.google.javascript.rhino.Node,845
Wed Aug 23 19:16:40 AEST 2017 com.google.javascript.rhino.Node,848
Wed Aug 23 19:16:41 AEST 2017 com.google.javascript.rhino.Node,849
Wed Aug 23 19:16:42 AEST 2017 com.google.javascript.rhino.Node,850
Wed Aug 23 19:16:42 AEST 2017 com.google.javascript.rhino.Node,851
Wed Aug 23 19:16:43 AEST 2017 com.google.javascript.rhino.Node,854
Wed Aug 23 19:16:44 AEST 2017 com.google.javascript.rhino.Node,855
Wed Aug 23 19:16:45 AEST 2017 com.google.javascript.rhino.Node,908
Wed Aug 23 19:16:48 AEST 2017 com.google.javascript.rhino.Node,916
Wed Aug 23 19:21:14 AEST 2017 com.google.javascript.rhino.Node,917
Wed Aug 23 19:21:14 AEST 2017 com.google.javascript.rhino.Node,918
Wed Aug 23 19:21:15 AEST 2017 com.google.javascript.rhino.Node,929
Timeout time : 17/08/23 19:39
Current failed test : com.google.javascript.jscomp.CollapsePropertiesTest::testAliasCreatedForFunctionDepth1_3 | 17/08/23 19:39
Wed Aug 23 19:42:50 AEST 2017 Wed Aug 23 19:42:50 AEST 2017 : com.google.javascript.rhino.Node,175=>Find no block
Wed Aug 23 19:42:50 AEST 2017 com.google.javascript.rhino.Node,195
Wed Aug 23 19:42:59 AEST 2017 com.google.javascript.rhino.Node,220
Wed Aug 23 19:43:06 AEST 2017 com.google.javascript.rhino.Node,222
Wed Aug 23 19:43:13 AEST 2017 com.google.javascript.rhino.Node,843
Wed Aug 23 19:56:35 AEST 2017 com.google.javascript.rhino.Node,844
Wed Aug 23 19:56:36 AEST 2017 com.google.javascript.rhino.Node,845
Wed Aug 23 19:56:37 AEST 2017 com.google.javascript.rhino.Node,848
Wed Aug 23 19:56:38 AEST 2017 com.google.javascript.rhino.Node,849
Wed Aug 23 19:56:39 AEST 2017 com.google.javascript.rhino.Node,850
Wed Aug 23 19:56:40 AEST 2017 com.google.javascript.rhino.Node,851
Wed Aug 23 19:56:42 AEST 2017 com.google.javascript.rhino.Node,854
Wed Aug 23 19:56:42 AEST 2017 com.google.javascript.rhino.Node,855
Wed Aug 23 19:56:43 AEST 2017 com.google.javascript.rhino.Node,908
Wed Aug 23 19:56:47 AEST 2017 com.google.javascript.rhino.Node,916
Wed Aug 23 20:03:21 AEST 2017 com.google.javascript.rhino.Node,917
Wed Aug 23 20:03:22 AEST 2017 com.google.javascript.rhino.Node,918
Wed Aug 23 20:03:22 AEST 2017 com.google.javascript.rhino.Node,929
Timeout time : 17/08/23 20:19
Current failed test : com.google.javascript.jscomp.CollapsePropertiesTest::testAliasCreatedForFunctionDepth1_2 | 17/08/23 20:19
Wed Aug 23 20:30:36 AEST 2017 Wed Aug 23 20:30:36 AEST 2017 : com.google.javascript.rhino.Node,175=>Find no block
Wed Aug 23 20:30:36 AEST 2017 com.google.javascript.rhino.Node,195
Wed Aug 23 20:30:44 AEST 2017 com.google.javascript.rhino.Node,220
Wed Aug 23 20:30:53 AEST 2017 com.google.javascript.rhino.Node,222
Wed Aug 23 20:31:00 AEST 2017 com.google.javascript.rhino.Node,232
Wed Aug 23 20:31:07 AEST 2017 com.google.javascript.rhino.Node,843
Wed Aug 23 20:47:57 AEST 2017 com.google.javascript.rhino.Node,844
Wed Aug 23 20:47:58 AEST 2017 com.google.javascript.rhino.Node,845
Wed Aug 23 20:47:58 AEST 2017 com.google.javascript.rhino.Node,848
Wed Aug 23 20:47:59 AEST 2017 com.google.javascript.rhino.Node,849
Wed Aug 23 20:47:59 AEST 2017 com.google.javascript.rhino.Node,850
Wed Aug 23 20:48:00 AEST 2017 com.google.javascript.rhino.Node,851
Wed Aug 23 20:48:00 AEST 2017 com.google.javascript.rhino.Node,854
Wed Aug 23 20:48:01 AEST 2017 com.google.javascript.rhino.Node,855
Wed Aug 23 20:48:02 AEST 2017 com.google.javascript.rhino.Node,908
Wed Aug 23 20:48:05 AEST 2017 com.google.javascript.rhino.Node,916
Wed Aug 23 20:55:02 AEST 2017 com.google.javascript.rhino.Node,917
Wed Aug 23 20:55:03 AEST 2017 com.google.javascript.rhino.Node,918
Wed Aug 23 20:55:04 AEST 2017 com.google.javascript.rhino.Node,929
Timeout time : 17/08/23 21:10
Current failed test : com.google.javascript.jscomp.CollapsePropertiesTest::testAliasCreatedForFunctionDepth2 | 17/08/23 21:10
Wed Aug 23 21:17:43 AEST 2017 Wed Aug 23 21:17:43 AEST 2017 : com.google.javascript.rhino.Node,175=>Find no block
Wed Aug 23 21:17:44 AEST 2017 com.google.javascript.rhino.Node,195
Wed Aug 23 21:18:00 AEST 2017 com.google.javascript.rhino.Node,220
Wed Aug 23 21:18:09 AEST 2017 com.google.javascript.rhino.Node,222
Wed Aug 23 21:18:28 AEST 2017 com.google.javascript.rhino.Node,843
Timeout time : 17/08/23 21:55
Current failed test : com.google.javascript.jscomp.CollapsePropertiesTest::testAliasCreatedForFunctionDepth1_1 | 17/08/23 21:55
Wed Aug 23 22:02:03 AEST 2017 Wed Aug 23 22:02:03 AEST 2017 : com.google.javascript.rhino.Node,175=>Find no block
Wed Aug 23 22:02:04 AEST 2017 com.google.javascript.rhino.Node,195
Wed Aug 23 22:02:10 AEST 2017 com.google.javascript.rhino.Node,220
Wed Aug 23 22:02:16 AEST 2017 com.google.javascript.rhino.Node,222
Wed Aug 23 22:02:22 AEST 2017 com.google.javascript.rhino.Node,843
Timeout time : 17/08/23 22:39
Current failed test : com.google.javascript.jscomp.CollapsePropertiesTest::testAddPropertyToUncollapsibleNamedCtorInLocalScopeDepth1 | 17/08/23 22:39
Wed Aug 23 22:47:26 AEST 2017 Wed Aug 23 22:47:26 AEST 2017 : com.google.javascript.rhino.Node,175=>Find no block
Wed Aug 23 22:47:26 AEST 2017 com.google.javascript.rhino.Node,195
Wed Aug 23 22:47:33 AEST 2017 com.google.javascript.rhino.Node,211
Wed Aug 23 22:47:40 AEST 2017 com.google.javascript.rhino.Node,217
Wed Aug 23 22:47:47 AEST 2017 com.google.javascript.rhino.Node,220
Wed Aug 23 22:47:53 AEST 2017 com.google.javascript.rhino.Node,222
Wed Aug 23 22:48:00 AEST 2017 com.google.javascript.rhino.Node,232
Wed Aug 23 22:48:07 AEST 2017 com.google.javascript.rhino.Node,843
Wed Aug 23 23:12:45 AEST 2017 com.google.javascript.rhino.Node,844
Wed Aug 23 23:12:47 AEST 2017 com.google.javascript.rhino.Node,845
Wed Aug 23 23:12:47 AEST 2017 com.google.javascript.rhino.Node,848
Wed Aug 23 23:12:48 AEST 2017 com.google.javascript.rhino.Node,849
Wed Aug 23 23:12:48 AEST 2017 com.google.javascript.rhino.Node,850
Wed Aug 23 23:12:49 AEST 2017 com.google.javascript.rhino.Node,851
Wed Aug 23 23:12:49 AEST 2017 com.google.javascript.rhino.Node,854
Wed Aug 23 23:12:50 AEST 2017 com.google.javascript.rhino.Node,855
Wed Aug 23 23:12:51 AEST 2017 com.google.javascript.rhino.Node,908
Wed Aug 23 23:12:53 AEST 2017 com.google.javascript.rhino.Node,916
Wed Aug 23 23:18:49 AEST 2017 com.google.javascript.rhino.Node,917
Wed Aug 23 23:18:49 AEST 2017 com.google.javascript.rhino.Node,918
Wed Aug 23 23:18:50 AEST 2017 com.google.javascript.rhino.Node,929
Timeout time : 17/08/23 23:24
