=================================================
Project : closure_92	start : 17/08/23 22:44
Current failed test : com.google.javascript.jscomp.ProcessClosurePrimitivesTest::testProvideInIndependentModules4 | 17/08/23 22:45
Wed Aug 23 22:48:13 AEST 2017 Wed Aug 23 22:48:13 AEST 2017 : com.google.javascript.rhino.Node,175=>Find no block
Wed Aug 23 22:48:14 AEST 2017 com.google.javascript.rhino.Node,195
Wed Aug 23 22:48:21 AEST 2017 com.google.javascript.rhino.Node,220
Wed Aug 23 22:48:29 AEST 2017 com.google.javascript.rhino.Node,222
Wed Aug 23 22:48:36 AEST 2017 com.google.javascript.rhino.Node,225
Wed Aug 23 22:48:44 AEST 2017 com.google.javascript.rhino.Node,228
Wed Aug 23 22:48:50 AEST 2017 com.google.javascript.rhino.Node,843
Wed Aug 23 23:03:36 AEST 2017 com.google.javascript.rhino.Node,844
Wed Aug 23 23:03:37 AEST 2017 com.google.javascript.rhino.Node,845
Wed Aug 23 23:03:37 AEST 2017 com.google.javascript.rhino.Node,848
Wed Aug 23 23:03:38 AEST 2017 com.google.javascript.rhino.Node,849
Wed Aug 23 23:03:38 AEST 2017 com.google.javascript.rhino.Node,850
Wed Aug 23 23:03:39 AEST 2017 com.google.javascript.rhino.Node,851
Wed Aug 23 23:03:40 AEST 2017 com.google.javascript.rhino.Node,854
Wed Aug 23 23:03:40 AEST 2017 com.google.javascript.rhino.Node,855
Wed Aug 23 23:03:41 AEST 2017 com.google.javascript.rhino.Node,908
Wed Aug 23 23:03:44 AEST 2017 com.google.javascript.rhino.Node,916
Wed Aug 23 23:08:42 AEST 2017 com.google.javascript.rhino.Node,917
Wed Aug 23 23:08:42 AEST 2017 com.google.javascript.rhino.Node,918
Wed Aug 23 23:08:43 AEST 2017 com.google.javascript.rhino.Node,929
Thu Aug 24 01:49:33 AEST 2017 com.google.javascript.rhino.Node,930
Thu Aug 24 01:49:33 AEST 2017 com.google.javascript.rhino.Node,931
Thu Aug 24 01:50:05 AEST 2017 com.google.javascript.rhino.Node,932
Thu Aug 24 01:50:05 AEST 2017 com.google.javascript.rhino.Node,933
Thu Aug 24 01:50:06 AEST 2017 com.google.javascript.rhino.Node,941
Thu Aug 24 01:50:06 AEST 2017 com.google.javascript.rhino.Node,963
Thu Aug 24 01:50:07 AEST 2017 com.google.javascript.rhino.Node,964
Thu Aug 24 01:50:08 AEST 2017 com.google.javascript.rhino.Node,965
Thu Aug 24 01:50:08 AEST 2017 com.google.javascript.rhino.Node,966
Thu Aug 24 01:50:09 AEST 2017 com.google.javascript.rhino.Node,967
Thu Aug 24 01:50:09 AEST 2017 com.google.javascript.rhino.Node,971
Thu Aug 24 01:50:10 AEST 2017 com.google.javascript.rhino.Node,972
Thu Aug 24 01:50:16 AEST 2017 com.google.javascript.rhino.Node,973
Thu Aug 24 01:50:17 AEST 2017 com.google.javascript.rhino.Node,974
Thu Aug 24 02:06:57 AEST 2017 com.google.javascript.rhino.Node,975
Thu Aug 24 02:06:57 AEST 2017 com.google.javascript.rhino.Node,976
Thu Aug 24 02:19:57 AEST 2017 com.google.javascript.rhino.Node,977
Thu Aug 24 02:31:17 AEST 2017 com.google.javascript.rhino.Node,978
Thu Aug 24 02:44:04 AEST 2017 Thu Aug 24 02:44:04 AEST 2017 : com.google.javascript.rhino.Node,980=>Find no block
Thu Aug 24 02:44:05 AEST 2017 com.google.javascript.rhino.Node,1016
Thu Aug 24 02:48:35 AEST 2017 com.google.javascript.rhino.Node,1017
Thu Aug 24 02:48:36 AEST 2017 com.google.javascript.rhino.Node,1018
Thu Aug 24 02:48:37 AEST 2017 com.google.javascript.rhino.Node,1020
Thu Aug 24 02:48:37 AEST 2017 com.google.javascript.rhino.Node,1024
Thu Aug 24 03:17:57 AEST 2017 com.google.javascript.rhino.Node,1025
Thu Aug 24 03:17:58 AEST 2017 com.google.javascript.rhino.Node,1029
Thu Aug 24 03:22:13 AEST 2017 com.google.javascript.rhino.Node,1030
Thu Aug 24 03:22:14 AEST 2017 com.google.javascript.rhino.Node,1031
Thu Aug 24 03:22:14 AEST 2017 com.google.javascript.rhino.Node,1032
Thu Aug 24 03:22:15 AEST 2017 com.google.javascript.rhino.Node,1033
Thu Aug 24 03:22:16 AEST 2017 com.google.javascript.rhino.Node,1034
Thu Aug 24 03:22:16 AEST 2017 Thu Aug 24 03:22:16 AEST 2017 : com.google.javascript.rhino.Node,1039=>Find no block
Thu Aug 24 03:22:17 AEST 2017 com.google.javascript.rhino.Node,1043
Thu Aug 24 03:22:20 AEST 2017 com.google.javascript.rhino.Node,1048
Thu Aug 24 03:22:43 AEST 2017 com.google.javascript.rhino.Node,1049
Thu Aug 24 03:22:43 AEST 2017 com.google.javascript.rhino.Node,1050
Thu Aug 24 03:22:44 AEST 2017 com.google.javascript.rhino.Node,1057
Thu Aug 24 03:22:46 AEST 2017 Thu Aug 24 03:22:46 AEST 2017 : com.google.javascript.rhino.Node,1058=>Find no block
Thu Aug 24 03:22:47 AEST 2017 com.google.javascript.rhino.Node,1063
Thu Aug 24 03:38:43 AEST 2017 com.google.javascript.rhino.Node,1064
Thu Aug 24 03:38:44 AEST 2017 com.google.javascript.rhino.Node,1066
Timeout time : 17/08/24 03:48
