=================================================
Project : closure_93	start : 17/08/23 17:41
Current failed test : com.google.javascript.jscomp.ProcessClosurePrimitivesTest::testProvideInIndependentModules4 | 17/08/23 17:42
Wed Aug 23 17:44:20 AEST 2017 Wed Aug 23 17:44:20 AEST 2017 : com.google.javascript.rhino.Node,175=>Find no block
Wed Aug 23 17:44:21 AEST 2017 com.google.javascript.rhino.Node,195
Wed Aug 23 17:44:32 AEST 2017 com.google.javascript.rhino.Node,220
Wed Aug 23 17:44:41 AEST 2017 com.google.javascript.rhino.Node,222
Wed Aug 23 17:44:53 AEST 2017 com.google.javascript.rhino.Node,225
Wed Aug 23 17:45:01 AEST 2017 com.google.javascript.rhino.Node,228
Wed Aug 23 17:45:16 AEST 2017 com.google.javascript.rhino.Node,843
Wed Aug 23 18:01:07 AEST 2017 com.google.javascript.rhino.Node,844
Wed Aug 23 18:01:07 AEST 2017 com.google.javascript.rhino.Node,845
Wed Aug 23 18:01:08 AEST 2017 com.google.javascript.rhino.Node,848
Wed Aug 23 18:01:08 AEST 2017 com.google.javascript.rhino.Node,849
Wed Aug 23 18:01:09 AEST 2017 com.google.javascript.rhino.Node,850
Wed Aug 23 18:01:10 AEST 2017 com.google.javascript.rhino.Node,851
Wed Aug 23 18:01:10 AEST 2017 com.google.javascript.rhino.Node,854
Wed Aug 23 18:01:11 AEST 2017 com.google.javascript.rhino.Node,855
Wed Aug 23 18:01:14 AEST 2017 com.google.javascript.rhino.Node,908
Wed Aug 23 18:01:17 AEST 2017 com.google.javascript.rhino.Node,916
Wed Aug 23 18:05:16 AEST 2017 com.google.javascript.rhino.Node,917
Wed Aug 23 18:05:18 AEST 2017 com.google.javascript.rhino.Node,918
Wed Aug 23 18:05:18 AEST 2017 com.google.javascript.rhino.Node,929
Wed Aug 23 20:54:44 AEST 2017 com.google.javascript.rhino.Node,930
Wed Aug 23 20:54:47 AEST 2017 com.google.javascript.rhino.Node,931
Wed Aug 23 20:55:22 AEST 2017 com.google.javascript.rhino.Node,932
Wed Aug 23 20:55:23 AEST 2017 com.google.javascript.rhino.Node,933
Wed Aug 23 20:55:23 AEST 2017 com.google.javascript.rhino.Node,941
Wed Aug 23 20:55:24 AEST 2017 com.google.javascript.rhino.Node,963
Wed Aug 23 20:55:29 AEST 2017 com.google.javascript.rhino.Node,964
Wed Aug 23 20:55:31 AEST 2017 com.google.javascript.rhino.Node,965
Wed Aug 23 20:55:31 AEST 2017 com.google.javascript.rhino.Node,966
Wed Aug 23 20:55:32 AEST 2017 com.google.javascript.rhino.Node,967
Wed Aug 23 20:55:33 AEST 2017 com.google.javascript.rhino.Node,971
Wed Aug 23 20:55:33 AEST 2017 com.google.javascript.rhino.Node,972
Wed Aug 23 20:55:38 AEST 2017 com.google.javascript.rhino.Node,973
Wed Aug 23 20:55:39 AEST 2017 com.google.javascript.rhino.Node,974
Wed Aug 23 21:11:23 AEST 2017 com.google.javascript.rhino.Node,975
Wed Aug 23 21:11:24 AEST 2017 com.google.javascript.rhino.Node,976
Wed Aug 23 21:23:44 AEST 2017 com.google.javascript.rhino.Node,977
Wed Aug 23 21:34:40 AEST 2017 com.google.javascript.rhino.Node,978
Wed Aug 23 21:46:57 AEST 2017 Wed Aug 23 21:46:57 AEST 2017 : com.google.javascript.rhino.Node,980=>Find no block
Wed Aug 23 21:46:58 AEST 2017 com.google.javascript.rhino.Node,1016
Wed Aug 23 21:51:08 AEST 2017 com.google.javascript.rhino.Node,1017
Wed Aug 23 21:51:08 AEST 2017 com.google.javascript.rhino.Node,1018
Wed Aug 23 21:51:09 AEST 2017 com.google.javascript.rhino.Node,1020
Wed Aug 23 21:51:10 AEST 2017 com.google.javascript.rhino.Node,1024
Wed Aug 23 22:18:10 AEST 2017 com.google.javascript.rhino.Node,1025
Wed Aug 23 22:18:11 AEST 2017 com.google.javascript.rhino.Node,1029
Wed Aug 23 22:21:49 AEST 2017 com.google.javascript.rhino.Node,1030
Wed Aug 23 22:21:49 AEST 2017 com.google.javascript.rhino.Node,1031
Wed Aug 23 22:21:50 AEST 2017 com.google.javascript.rhino.Node,1032
Wed Aug 23 22:21:51 AEST 2017 com.google.javascript.rhino.Node,1033
Wed Aug 23 22:21:51 AEST 2017 com.google.javascript.rhino.Node,1034
Wed Aug 23 22:21:52 AEST 2017 Wed Aug 23 22:21:52 AEST 2017 : com.google.javascript.rhino.Node,1039=>Find no block
Wed Aug 23 22:21:53 AEST 2017 com.google.javascript.rhino.Node,1043
Wed Aug 23 22:21:55 AEST 2017 com.google.javascript.rhino.Node,1048
Wed Aug 23 22:22:12 AEST 2017 com.google.javascript.rhino.Node,1049
Wed Aug 23 22:22:13 AEST 2017 com.google.javascript.rhino.Node,1050
Wed Aug 23 22:22:14 AEST 2017 com.google.javascript.rhino.Node,1057
Wed Aug 23 22:22:16 AEST 2017 Wed Aug 23 22:22:16 AEST 2017 : com.google.javascript.rhino.Node,1058=>Find no block
Wed Aug 23 22:22:17 AEST 2017 com.google.javascript.rhino.Node,1063
Wed Aug 23 22:37:15 AEST 2017 com.google.javascript.rhino.Node,1064
Wed Aug 23 22:37:15 AEST 2017 com.google.javascript.rhino.Node,1066
Timeout time : 17/08/23 22:44
