=================================================
Project : chart_10	start : 18/01/12 19:29
Current failed test : org.jfree.chart.imagemap.junit.StandardToolTipTagFragmentGeneratorTests::testGenerateURLFragment | 18/01/12 19:30
Fri Jan 12 19:31:32 AEDT 2018 org.jfree.chart.imagemap.StandardToolTipTagFragmentGenerator,54
Fri Jan 12 19:31:58 AEDT 2018 Fri Jan 12 19:31:58 AEDT 2018 : org.jfree.chart.imagemap.StandardToolTipTagFragmentGenerator,55=>Find no block
Fri Jan 12 19:32:09 AEDT 2018 org.jfree.chart.imagemap.StandardToolTipTagFragmentGenerator,65
Fri Jan 12 19:33:17 AEDT 2018 Fri Jan 12 19:33:17 AEDT 2018 : org.jfree.chart.imagemap.ImageMapUtilities,63=>Find no block
Fri Jan 12 19:33:27 AEDT 2018 org.jfree.chart.imagemap.ImageMapUtilities,79
Fri Jan 12 19:35:29 AEDT 2018 Fri Jan 12 19:35:29 AEDT 2018 : org.jfree.chart.imagemap.ImageMapUtilities,83=>Find no block
Fri Jan 12 19:35:39 AEDT 2018 org.jfree.chart.imagemap.ImageMapUtilities,102
Fri Jan 12 19:40:34 AEDT 2018 org.jfree.chart.imagemap.ImageMapUtilities,103
Fri Jan 12 19:41:01 AEDT 2018 org.jfree.chart.imagemap.ImageMapUtilities,104
Fri Jan 12 19:41:12 AEDT 2018 org.jfree.chart.imagemap.ImageMapUtilities,108
Fri Jan 12 19:41:22 AEDT 2018 org.jfree.chart.imagemap.ImageMapUtilities,111
Fri Jan 12 19:41:31 AEDT 2018 Fri Jan 12 19:41:31 AEDT 2018 : org.jfree.chart.imagemap.ImageMapUtilities,115=>Find no block
Fri Jan 12 19:41:41 AEDT 2018 org.jfree.chart.imagemap.ImageMapUtilities,138
Fri Jan 12 19:44:10 AEDT 2018 Fri Jan 12 19:44:10 AEDT 2018 : org.jfree.chart.imagemap.ImageMapUtilities,140=>Find no block
Fri Jan 12 19:44:20 AEDT 2018 org.jfree.chart.imagemap.ImageMapUtilities,152
Fri Jan 12 19:45:54 AEDT 2018 org.jfree.chart.imagemap.ImageMapUtilities,176
Fri Jan 12 19:56:30 AEDT 2018 org.jfree.chart.imagemap.ImageMapUtilities,177
Fri Jan 12 19:56:39 AEDT 2018 org.jfree.chart.imagemap.ImageMapUtilities,179
Fri Jan 12 20:04:37 AEDT 2018 org.jfree.chart.imagemap.ImageMapUtilities,180
Fri Jan 12 20:04:46 AEDT 2018 org.jfree.chart.imagemap.ImageMapUtilities,181
Fri Jan 12 20:32:13 AEDT 2018 org.jfree.chart.imagemap.ImageMapUtilities,182
Fri Jan 12 20:32:23 AEDT 2018 org.jfree.chart.imagemap.ImageMapUtilities,183
Fri Jan 12 20:32:32 AEDT 2018 org.jfree.chart.imagemap.ImageMapUtilities,184
Fri Jan 12 20:32:41 AEDT 2018 org.jfree.chart.imagemap.ImageMapUtilities,185
Fri Jan 12 20:32:51 AEDT 2018 org.jfree.chart.imagemap.ImageMapUtilities,187
Fri Jan 12 20:33:00 AEDT 2018 org.jfree.chart.imagemap.ImageMapUtilities,190
Fri Jan 12 20:33:10 AEDT 2018 org.jfree.chart.imagemap.ImageMapUtilities,191
Fri Jan 12 20:33:20 AEDT 2018 org.jfree.chart.imagemap.ImageMapUtilities,192
Fri Jan 12 20:33:29 AEDT 2018 org.jfree.chart.imagemap.ImageMapUtilities,197
Fri Jan 12 20:41:14 AEDT 2018 org.jfree.chart.imagemap.ImageMapUtilities,198
Fri Jan 12 20:51:49 AEDT 2018 org.jfree.chart.imagemap.ImageMapUtilities,213
Fri Jan 12 20:52:12 AEDT 2018 org.jfree.chart.imagemap.ImageMapUtilities,214
Fri Jan 12 20:52:22 AEDT 2018 org.jfree.chart.imagemap.ImageMapUtilities,216
Fri Jan 12 20:57:36 AEDT 2018 org.jfree.chart.imagemap.ImageMapUtilities,217
Fri Jan 12 20:57:45 AEDT 2018 org.jfree.chart.imagemap.ImageMapUtilities,218
Fri Jan 12 21:35:03 AEDT 2018 org.jfree.chart.imagemap.ImageMapUtilities,219
Fri Jan 12 21:36:31 AEDT 2018 org.jfree.chart.imagemap.ImageMapUtilities,220
Fri Jan 12 21:36:32 AEDT 2018 org.jfree.chart.imagemap.ImageMapUtilities,221
Fri Jan 12 21:37:38 AEDT 2018 org.jfree.chart.imagemap.ImageMapUtilities,223
Fri Jan 12 21:37:39 AEDT 2018 org.jfree.chart.imagemap.ImageMapUtilities,224
Fri Jan 12 21:38:44 AEDT 2018 org.jfree.chart.imagemap.ImageMapUtilities,226
Fri Jan 12 21:38:45 AEDT 2018 org.jfree.chart.imagemap.ImageMapUtilities,227
Fri Jan 12 21:38:47 AEDT 2018 org.jfree.chart.imagemap.ImageMapUtilities,229
Fri Jan 12 21:38:49 AEDT 2018 org.jfree.chart.imagemap.ImageMapUtilities,230
Fri Jan 12 21:38:50 AEDT 2018 org.jfree.chart.imagemap.ImageMapUtilities,232
Fri Jan 12 21:38:52 AEDT 2018 org.jfree.chart.imagemap.ImageMapUtilities,233
Fri Jan 12 21:38:53 AEDT 2018 org.jfree.chart.imagemap.ImageMapUtilities,235
Fri Jan 12 21:38:55 AEDT 2018 org.jfree.chart.imagemap.ImageMapUtilities,236
Fri Jan 12 21:38:56 AEDT 2018 org.jfree.chart.imagemap.ImageMapUtilities,239
Fri Jan 12 21:38:58 AEDT 2018 org.jfree.chart.imagemap.ImageMapUtilities,242
Fri Jan 12 22:03:59 AEDT 2018 org.jfree.chart.imagemap.OverLIBToolTipTagFragmentGenerator,55
Fri Jan 12 22:04:01 AEDT 2018 Fri Jan 12 22:04:01 AEDT 2018 : org.jfree.chart.imagemap.OverLIBToolTipTagFragmentGenerator,56=>Find no block
Fri Jan 12 22:04:02 AEDT 2018 org.jfree.chart.imagemap.OverLIBToolTipTagFragmentGenerator,66
Failed time : 18/01/12 22:05
