=================================================
Project : chart_11	start : 18/01/12 22:05
Current failed test : org.jfree.chart.util.junit.ShapeUtilitiesTests::testEqualGeneralPaths | 18/01/12 22:05
Fri Jan 12 22:06:49 AEDT 2018 org.jfree.chart.util.ShapeUtilities,265
Fri Jan 12 22:07:33 AEDT 2018 org.jfree.chart.util.ShapeUtilities,268
Fri Jan 12 22:08:10 AEDT 2018 org.jfree.chart.util.ShapeUtilities,271
Fri Jan 12 22:08:59 AEDT 2018 org.jfree.chart.util.ShapeUtilities,274
Fri Jan 12 22:09:54 AEDT 2018 org.jfree.chart.util.ShapeUtilities,275
Fri Jan 12 22:11:08 AEDT 2018 org.jfree.chart.util.ShapeUtilities,276
Fri Jan 12 22:12:17 AEDT 2018 org.jfree.chart.util.ShapeUtilities,277
Fri Jan 12 22:13:22 AEDT 2018 org.jfree.chart.util.ShapeUtilities,278
Fri Jan 12 22:13:24 AEDT 2018 org.jfree.chart.util.ShapeUtilities,279
Fri Jan 12 22:26:34 AEDT 2018 org.jfree.chart.util.ShapeUtilities,280
Fri Jan 12 22:26:36 AEDT 2018 org.jfree.chart.util.ShapeUtilities,283
Fri Jan 12 22:28:10 AEDT 2018 org.jfree.chart.util.ShapeUtilities,284
Fri Jan 12 22:30:41 AEDT 2018 org.jfree.chart.util.ShapeUtilities,285
Fri Jan 12 22:30:42 AEDT 2018 org.jfree.chart.util.ShapeUtilities,288
Fri Jan 12 22:30:44 AEDT 2018 org.jfree.chart.util.ShapeUtilities,291
Fri Jan 12 22:36:29 AEDT 2018 org.jfree.chart.util.ShapeUtilities,292
Fri Jan 12 22:37:45 AEDT 2018 org.jfree.chart.util.ShapeUtilities,293
Fri Jan 12 22:37:47 AEDT 2018 Fri Jan 12 22:37:47 AEDT 2018 : org.jfree.chart.util.ShapeUtilities,294=>Find no block
Fri Jan 12 22:37:48 AEDT 2018 org.jfree.chart.util.ShapeUtilities,295
Fri Jan 12 22:47:51 AEDT 2018 Fri Jan 12 22:47:51 AEDT 2018 : org.jfree.chart.util.ShapeUtilities,84=>Find no block
Fri Jan 12 22:47:53 AEDT 2018 Fri Jan 12 22:47:53 AEDT 2018 : org.jfree.chart.util.ShapeUtilities,85=>Find no block
Fri Jan 12 22:47:54 AEDT 2018 org.jfree.chart.util.ShapeUtilities,103
Fri Jan 12 22:49:29 AEDT 2018 org.jfree.chart.util.ShapeUtilities,105
Fri Jan 12 22:49:30 AEDT 2018 Fri Jan 12 22:49:30 AEDT 2018 : org.jfree.chart.util.ShapeUtilities,107=>Find no block
Fri Jan 12 22:49:31 AEDT 2018 org.jfree.chart.util.ShapeUtilities,110
Fri Jan 12 23:03:30 AEDT 2018 org.jfree.chart.util.ShapeUtilities,111
Fri Jan 12 23:03:31 AEDT 2018 org.jfree.chart.util.ShapeUtilities,128
Fri Jan 12 23:09:04 AEDT 2018 org.jfree.chart.util.ShapeUtilities,129
Fri Jan 12 23:09:09 AEDT 2018 org.jfree.chart.util.ShapeUtilities,131
Fri Jan 12 23:09:10 AEDT 2018 org.jfree.chart.util.ShapeUtilities,132
Fri Jan 12 23:09:11 AEDT 2018 org.jfree.chart.util.ShapeUtilities,134
Fri Jan 12 23:09:12 AEDT 2018 org.jfree.chart.util.ShapeUtilities,135
Fri Jan 12 23:09:13 AEDT 2018 org.jfree.chart.util.ShapeUtilities,137
Fri Jan 12 23:09:14 AEDT 2018 org.jfree.chart.util.ShapeUtilities,138
Fri Jan 12 23:09:15 AEDT 2018 org.jfree.chart.util.ShapeUtilities,140
Fri Jan 12 23:09:16 AEDT 2018 org.jfree.chart.util.ShapeUtilities,141
Fri Jan 12 23:09:18 AEDT 2018 org.jfree.chart.util.ShapeUtilities,145
Fri Jan 12 23:09:19 AEDT 2018 org.jfree.chart.util.ShapeUtilities,159
Fri Jan 12 23:09:23 AEDT 2018 org.jfree.chart.util.ShapeUtilities,160
Fri Jan 12 23:09:24 AEDT 2018 org.jfree.chart.util.ShapeUtilities,162
Fri Jan 12 23:09:29 AEDT 2018 org.jfree.chart.util.ShapeUtilities,163
Fri Jan 12 23:09:30 AEDT 2018 org.jfree.chart.util.ShapeUtilities,165
Fri Jan 12 23:14:45 AEDT 2018 org.jfree.chart.util.ShapeUtilities,166
Fri Jan 12 23:14:46 AEDT 2018 org.jfree.chart.util.ShapeUtilities,168
Fri Jan 12 23:20:03 AEDT 2018 org.jfree.chart.util.ShapeUtilities,169
Fri Jan 12 23:20:05 AEDT 2018 org.jfree.chart.util.ShapeUtilities,171
Fri Jan 12 23:26:00 AEDT 2018 org.jfree.chart.util.ShapeUtilities,184
Fri Jan 12 23:26:58 AEDT 2018 org.jfree.chart.util.ShapeUtilities,185
Fri Jan 12 23:26:59 AEDT 2018 org.jfree.chart.util.ShapeUtilities,187
Fri Jan 12 23:27:56 AEDT 2018 org.jfree.chart.util.ShapeUtilities,188
Fri Jan 12 23:27:57 AEDT 2018 org.jfree.chart.util.ShapeUtilities,190
Fri Jan 12 23:33:12 AEDT 2018 org.jfree.chart.util.ShapeUtilities,191
Fri Jan 12 23:33:13 AEDT 2018 org.jfree.chart.util.ShapeUtilities,193
Fri Jan 12 23:39:33 AEDT 2018 org.jfree.chart.util.ShapeUtilities,206
Fri Jan 12 23:40:32 AEDT 2018 org.jfree.chart.util.ShapeUtilities,207
Fri Jan 12 23:40:33 AEDT 2018 org.jfree.chart.util.ShapeUtilities,209
Fri Jan 12 23:41:31 AEDT 2018 org.jfree.chart.util.ShapeUtilities,210
Fri Jan 12 23:41:32 AEDT 2018 org.jfree.chart.util.ShapeUtilities,212
Fri Jan 12 23:44:28 AEDT 2018 org.jfree.chart.util.ShapeUtilities,213
Fri Jan 12 23:44:29 AEDT 2018 org.jfree.chart.util.ShapeUtilities,215
Fri Jan 12 23:45:58 AEDT 2018 org.jfree.chart.util.ShapeUtilities,216
Fri Jan 12 23:45:59 AEDT 2018 org.jfree.chart.util.ShapeUtilities,218
Fri Jan 12 23:47:25 AEDT 2018 org.jfree.chart.util.ShapeUtilities,219
Fri Jan 12 23:47:26 AEDT 2018 org.jfree.chart.util.ShapeUtilities,221
Fri Jan 12 23:48:54 AEDT 2018 org.jfree.chart.util.ShapeUtilities,222
Fri Jan 12 23:48:55 AEDT 2018 org.jfree.chart.util.ShapeUtilities,224
Fri Jan 12 23:50:23 AEDT 2018 org.jfree.chart.util.ShapeUtilities,237
Fri Jan 12 23:50:24 AEDT 2018 org.jfree.chart.util.ShapeUtilities,238
Fri Jan 12 23:50:25 AEDT 2018 org.jfree.chart.util.ShapeUtilities,240
Fri Jan 12 23:50:26 AEDT 2018 org.jfree.chart.util.ShapeUtilities,241
Fri Jan 12 23:50:27 AEDT 2018 org.jfree.chart.util.ShapeUtilities,243
Fri Jan 12 23:50:32 AEDT 2018 org.jfree.chart.util.ShapeUtilities,244
Fri Jan 12 23:50:33 AEDT 2018 org.jfree.chart.util.ShapeUtilities,246
Fri Jan 12 23:53:37 AEDT 2018 org.jfree.chart.util.ShapeUtilities,247
Fri Jan 12 23:53:38 AEDT 2018 org.jfree.chart.util.ShapeUtilities,249
Fri Jan 12 23:56:46 AEDT 2018 org.jfree.chart.util.ShapeUtilities,250
Fri Jan 12 23:56:47 AEDT 2018 org.jfree.chart.util.ShapeUtilities,252
Fri Jan 12 23:59:42 AEDT 2018 org.jfree.chart.util.ShapeUtilities,266
Fri Jan 12 23:59:43 AEDT 2018 org.jfree.chart.util.ShapeUtilities,269
Fri Jan 12 23:59:44 AEDT 2018 org.jfree.chart.util.ShapeUtilities,272
Fri Jan 12 23:59:45 AEDT 2018 org.jfree.chart.util.ShapeUtilities,281
Fri Jan 12 23:59:46 AEDT 2018 org.jfree.chart.util.ShapeUtilities,286
Fri Jan 12 23:59:48 AEDT 2018 org.jfree.chart.util.ShapeUtilities,289
Fri Jan 12 23:59:49 AEDT 2018 org.jfree.chart.util.ShapeUtilities,310
Sat Jan 13 00:00:57 AEDT 2018 org.jfree.chart.util.ShapeUtilities,311
Sat Jan 13 00:00:58 AEDT 2018 org.jfree.chart.util.ShapeUtilities,313
Sat Jan 13 00:03:37 AEDT 2018 org.jfree.chart.util.ShapeUtilities,315
Sat Jan 13 00:03:39 AEDT 2018 org.jfree.chart.util.ShapeUtilities,334
Sat Jan 13 00:03:39 AEDT 2018 org.jfree.chart.util.ShapeUtilities,335
Sat Jan 13 00:03:41 AEDT 2018 org.jfree.chart.util.ShapeUtilities,337
Sat Jan 13 00:04:31 AEDT 2018 org.jfree.chart.util.ShapeUtilities,338
Sat Jan 13 00:04:32 AEDT 2018 org.jfree.chart.util.ShapeUtilities,340
Sat Jan 13 00:16:49 AEDT 2018 org.jfree.chart.util.ShapeUtilities,342
Sat Jan 13 00:16:50 AEDT 2018 org.jfree.chart.util.ShapeUtilities,344
Sat Jan 13 00:16:50 AEDT 2018 org.jfree.chart.util.ShapeUtilities,360
Sat Jan 13 00:16:54 AEDT 2018 org.jfree.chart.util.ShapeUtilities,361
Sat Jan 13 00:16:55 AEDT 2018 org.jfree.chart.util.ShapeUtilities,363
Sat Jan 13 00:20:52 AEDT 2018 org.jfree.chart.util.ShapeUtilities,364
Sat Jan 13 00:20:52 AEDT 2018 org.jfree.chart.util.ShapeUtilities,365
Sat Jan 13 00:20:54 AEDT 2018 org.jfree.chart.util.ShapeUtilities,380
Sat Jan 13 00:49:48 AEDT 2018 org.jfree.chart.util.ShapeUtilities,381
Sat Jan 13 00:49:49 AEDT 2018 org.jfree.chart.util.ShapeUtilities,382
Sat Jan 13 00:49:50 AEDT 2018 org.jfree.chart.util.ShapeUtilities,383
Sat Jan 13 00:49:51 AEDT 2018 org.jfree.chart.util.ShapeUtilities,384
Sat Jan 13 00:49:52 AEDT 2018 Sat Jan 13 00:49:52 AEDT 2018 : org.jfree.chart.util.ShapeUtilities,386=>Find no block
Sat Jan 13 00:49:53 AEDT 2018 org.jfree.chart.util.ShapeUtilities,400
Sat Jan 13 01:02:59 AEDT 2018 org.jfree.chart.util.ShapeUtilities,401
Sat Jan 13 01:03:00 AEDT 2018 org.jfree.chart.util.ShapeUtilities,402
Sat Jan 13 01:21:12 AEDT 2018 org.jfree.chart.util.ShapeUtilities,403
Sat Jan 13 01:42:56 AEDT 2018 org.jfree.chart.util.ShapeUtilities,404
Sat Jan 13 02:04:46 AEDT 2018 org.jfree.chart.util.ShapeUtilities,405
Sat Jan 13 02:26:08 AEDT 2018 org.jfree.chart.util.ShapeUtilities,406
Sat Jan 13 02:47:28 AEDT 2018 org.jfree.chart.util.ShapeUtilities,407
Timeout time : 18/01/13 03:06
