=================================================
Project : chart_13	start : 18/01/12 19:30
Current failed test : org.jfree.chart.block.junit.BorderArrangementTests::testSizingWithWidthConstraint | 18/01/12 19:31
Fri Jan 12 19:34:40 AEDT 2018 org.jfree.chart.block.BorderArrangement,147

----------------------------------------
----------------------------------------
Pass Single Test : [=>0,0]
if(h==LengthConstraintType.FIXED){
contentSize=new Size2D(contentConstraint.getWidth(),contentConstraint.getHeight());
}else if(h==LengthConstraintType.RANGE){
contentSize=arrangeFR(container,g2,constraint);
}

Time : 18/01/12 19:40
----------------------------------------

----------------------------------------
----------------------------------------
Similar code block : 1.4868143013166655 : [/home/hz985/jiajun/d4j/projects/chart/chart_13_buggy/source/org/jfree/chart/block/BorderArrangement.java=>0,0]
if(h==LengthConstraintType.FIXED){
contentSize=new Size2D(contentConstraint.getWidth(),contentConstraint.getHeight());
}

Time : 18/01/12 19:41
----------------------------------------

----------------------------------------
----------------------------------------
Original source code : [/home/hz985/jiajun/d4j/projects/chart/chart_13_buggy/source/org/jfree/chart/block/BorderArrangement.java=>151,156]
if(h==LengthConstraintType.FIXED){
contentSize=arrangeFF(container,g2,constraint);
}else if(h==LengthConstraintType.RANGE){
contentSize=arrangeFR(container,g2,constraint);
}

Time : 18/01/12 19:41
----------------------------------------

----------------------------------------
----------------------------------------
Find a patch : [/home/hz985/jiajun/d4j/projects/chart/chart_13_buggy/source/org/jfree/chart/block/BorderArrangement.java=>151,156]
if(h==LengthConstraintType.FIXED){
contentSize=new Size2D(contentConstraint.getWidth(),contentConstraint.getHeight());
}else if(h==LengthConstraintType.RANGE){
contentSize=arrangeFR(container,g2,constraint);
}

Time : 18/01/12 19:41
----------------------------------------
Success time : 18/01/12 19:41
