=================================================
Project : closure_106	start : 18/01/14 03:41
Current failed test : com.google.javascript.jscomp.CollapsePropertiesTest::testTwinReferenceCancelsChildCollapsing | 18/01/14 03:42
Sun Jan 14 03:46:08 AEDT 2018 com.google.javascript.rhino.Node,221
Sun Jan 14 03:46:28 AEDT 2018 com.google.javascript.rhino.Node,915
Sun Jan 14 03:56:09 AEDT 2018 com.google.javascript.rhino.Node,916
Sun Jan 14 03:56:13 AEDT 2018 com.google.javascript.rhino.Node,1323
Sun Jan 14 03:56:43 AEDT 2018 Sun Jan 14 03:56:43 AEDT 2018 : com.google.javascript.rhino.Node,173=>Find no block
Sun Jan 14 03:56:48 AEDT 2018 com.google.javascript.rhino.Node,193
Sun Jan 14 03:57:07 AEDT 2018 com.google.javascript.rhino.Node,218
Sun Jan 14 03:57:27 AEDT 2018 com.google.javascript.rhino.Node,796
Sun Jan 14 04:09:59 AEDT 2018 com.google.javascript.rhino.Node,797
Sun Jan 14 04:10:03 AEDT 2018 com.google.javascript.rhino.Node,798
Sun Jan 14 04:10:07 AEDT 2018 com.google.javascript.rhino.Node,801
Sun Jan 14 04:10:10 AEDT 2018 com.google.javascript.rhino.Node,802
Sun Jan 14 04:10:13 AEDT 2018 com.google.javascript.rhino.Node,803
Sun Jan 14 04:10:17 AEDT 2018 com.google.javascript.rhino.Node,804
Sun Jan 14 04:10:20 AEDT 2018 com.google.javascript.rhino.Node,807
Sun Jan 14 04:10:24 AEDT 2018 com.google.javascript.rhino.Node,808
Sun Jan 14 04:10:27 AEDT 2018 com.google.javascript.rhino.Node,865
Sun Jan 14 04:10:38 AEDT 2018 com.google.javascript.rhino.Node,874
Sun Jan 14 04:13:22 AEDT 2018 com.google.javascript.rhino.Node,875
Sun Jan 14 04:13:26 AEDT 2018 com.google.javascript.rhino.Node,876
Sun Jan 14 04:13:29 AEDT 2018 com.google.javascript.rhino.Node,888
Timeout time : 18/01/14 05:01
Current failed test : com.google.javascript.jscomp.CollapsePropertiesTest::testCrashInNestedAssign | 18/01/14 05:01
Sun Jan 14 05:04:16 AEDT 2018 com.google.javascript.rhino.Node,221
Sun Jan 14 05:04:36 AEDT 2018 com.google.javascript.rhino.Node,1323
Sun Jan 14 05:05:06 AEDT 2018 Sun Jan 14 05:05:06 AEDT 2018 : com.google.javascript.rhino.Node,173=>Find no block
Sun Jan 14 05:05:10 AEDT 2018 com.google.javascript.rhino.Node,193
Sun Jan 14 05:05:26 AEDT 2018 com.google.javascript.rhino.Node,218
Sun Jan 14 05:05:42 AEDT 2018 com.google.javascript.rhino.Node,796
Sun Jan 14 05:18:03 AEDT 2018 com.google.javascript.rhino.Node,797
Sun Jan 14 05:18:06 AEDT 2018 com.google.javascript.rhino.Node,798
Sun Jan 14 05:18:10 AEDT 2018 com.google.javascript.rhino.Node,801
Sun Jan 14 05:18:13 AEDT 2018 com.google.javascript.rhino.Node,802
Sun Jan 14 05:18:17 AEDT 2018 com.google.javascript.rhino.Node,803
Sun Jan 14 05:18:21 AEDT 2018 com.google.javascript.rhino.Node,804
Sun Jan 14 05:18:24 AEDT 2018 com.google.javascript.rhino.Node,807
Sun Jan 14 05:18:28 AEDT 2018 com.google.javascript.rhino.Node,808
Sun Jan 14 05:18:31 AEDT 2018 com.google.javascript.rhino.Node,865
Sun Jan 14 05:18:40 AEDT 2018 com.google.javascript.rhino.Node,874
Sun Jan 14 05:21:26 AEDT 2018 com.google.javascript.rhino.Node,875
Sun Jan 14 05:21:30 AEDT 2018 com.google.javascript.rhino.Node,876
Sun Jan 14 05:21:33 AEDT 2018 com.google.javascript.rhino.Node,888
Timeout time : 18/01/14 06:19
Current failed test : com.google.javascript.jscomp.CheckSideEffectsTest::testJSDocComments | 18/01/14 06:19
Sun Jan 14 06:22:55 AEDT 2018 com.google.javascript.rhino.Node,742
Sun Jan 14 06:26:52 AEDT 2018 com.google.javascript.rhino.JSDocInfo,596
Sun Jan 14 06:27:13 AEDT 2018 com.google.javascript.rhino.JSDocInfo,597
Sun Jan 14 06:27:16 AEDT 2018 com.google.javascript.rhino.JSDocInfoBuilder,116
Sun Jan 14 06:28:10 AEDT 2018 com.google.javascript.rhino.JSDocInfoBuilder,189
Sun Jan 14 06:28:19 AEDT 2018 com.google.javascript.rhino.JSDocInfoBuilder,192
Sun Jan 14 06:31:02 AEDT 2018 com.google.javascript.jscomp.JSError,215
Sun Jan 14 06:31:11 AEDT 2018 com.google.javascript.jscomp.parsing.JsDocInfoParser,252
Sun Jan 14 06:31:47 AEDT 2018 Sun Jan 14 06:31:47 AEDT 2018 : com.google.javascript.jscomp.parsing.JsDocInfoParser,1016=>Find no block
Sun Jan 14 06:31:50 AEDT 2018 com.google.javascript.jscomp.parsing.JsDocInfoParser,1069
Sun Jan 14 06:32:37 AEDT 2018 com.google.javascript.jscomp.parsing.JsDocInfoParser,1298
Sun Jan 14 06:34:07 AEDT 2018 com.google.javascript.jscomp.parsing.JsDocInfoParser,1302
Sun Jan 14 06:36:24 AEDT 2018 com.google.javascript.jscomp.parsing.JsDocInfoParser,1304
Sun Jan 14 06:44:34 AEDT 2018 com.google.javascript.jscomp.parsing.JsDocInfoParser,1306
Sun Jan 14 06:51:53 AEDT 2018 com.google.javascript.jscomp.parsing.JsDocInfoParser,1307
Sun Jan 14 06:57:07 AEDT 2018 com.google.javascript.jscomp.parsing.JsDocInfoParser,1308

----------------------------------------
----------------------------------------
Pass Single Test : [=>0,0]
line=trimEnd(line);
builder.append(line);
jsdocBuilder.recordDescription(line);
token=next();

Time : 18/01/14 07:05
----------------------------------------

----------------------------------------
----------------------------------------
Similar code block : 1.072055154795044 : [/home/hz985/jiajun/d4j/projects/closure/closure_106_buggy/src/com/google/javascript/jscomp/parsing/JsDocInfoParser.java=>0,0]
ExtractionInfo descriptionInfo=extractMultilineTextualBlock(token);
String description=descriptionInfo.string;
jsdocBuilder.recordDescription(description);
token=descriptionInfo.token;

Time : 18/01/14 07:07
----------------------------------------

----------------------------------------
----------------------------------------
Original source code : [/home/hz985/jiajun/d4j/projects/closure/closure_106_buggy/src/com/google/javascript/jscomp/parsing/JsDocInfoParser.java=>1307,1309]
line=trimEnd(line);
builder.append(line);
token=next();

Time : 18/01/14 07:07
----------------------------------------

----------------------------------------
----------------------------------------
Find a patch : [/home/hz985/jiajun/d4j/projects/closure/closure_106_buggy/src/com/google/javascript/jscomp/parsing/JsDocInfoParser.java=>1307,1309]
line=trimEnd(line);
builder.append(line);
jsdocBuilder.recordDescription(line);
token=next();

Time : 18/01/14 07:07
----------------------------------------
Success time : 18/01/14 07:07
Current failed test : com.google.javascript.jscomp.CollapsePropertiesTest::testCrashInCommaOperator | 18/01/14 07:07
Sun Jan 14 07:10:24 AEDT 2018 com.google.javascript.jscomp.parsing.IRFactory,985
Sun Jan 14 07:10:43 AEDT 2018 com.google.javascript.jscomp.GlobalNamespace,1040
Sun Jan 14 07:12:01 AEDT 2018 com.google.javascript.jscomp.GlobalNamespace,1044
Sun Jan 14 07:30:10 AEDT 2018 com.google.javascript.jscomp.GlobalNamespace,1048
Sun Jan 14 07:30:14 AEDT 2018 com.google.javascript.jscomp.GlobalNamespace,1049
Sun Jan 14 07:30:18 AEDT 2018 Sun Jan 14 07:30:18 AEDT 2018 : com.google.javascript.jscomp.GlobalNamespace,1050=>Find no block
Sun Jan 14 07:30:20 AEDT 2018 com.google.javascript.jscomp.GlobalNamespace,458
Sun Jan 14 07:50:39 AEDT 2018 com.google.javascript.jscomp.GlobalNamespace,459
Sun Jan 14 07:50:42 AEDT 2018 com.google.javascript.jscomp.GlobalNamespace,460
Sun Jan 14 07:50:46 AEDT 2018 com.google.javascript.jscomp.GlobalNamespace,461
Sun Jan 14 07:50:49 AEDT 2018 Sun Jan 14 07:50:49 AEDT 2018 : com.google.javascript.jscomp.CollapseProperties,637=>Find no block
Sun Jan 14 07:50:53 AEDT 2018 com.google.javascript.jscomp.CollapseProperties,639
Sun Jan 14 08:00:43 AEDT 2018 Sun Jan 14 08:00:43 AEDT 2018 : com.google.javascript.jscomp.CollapseProperties,644=>Find no block
Sun Jan 14 08:00:46 AEDT 2018 com.google.javascript.jscomp.CollapseProperties,636
Sun Jan 14 08:09:18 AEDT 2018 com.google.javascript.jscomp.CollapseProperties,589

----------------------------------------
----------------------------------------
Pass Single Test : [=>0,0]
if(rvalue.getType()==Token.FUNCTION){
checkForHosedThisReferences(rvalue,n.docInfo,n);
return ;
}

Time : 18/01/14 08:10
----------------------------------------

----------------------------------------
----------------------------------------
Pass Single Test : [=>0,0]
if(varParent==null)return ;
if(rvalue.getType()==Token.FUNCTION){
checkForHosedThisReferences(rvalue,n.docInfo,n);
return ;
}

Time : 18/01/14 08:12
----------------------------------------

----------------------------------------
----------------------------------------
Pass Single Test : [=>0,0]
if(rvalue.getType()==Token.FUNCTION||rvalue.getType()==Token.SCRIPT){
checkForHosedThisReferences(rvalue,n.docInfo,n);
return ;
}

Time : 18/01/14 08:16
----------------------------------------
Timeout time : 18/01/14 08:25
