=================================================
Project : closure_115	start : 18/01/13 22:45
Current failed test : com.google.javascript.jscomp.InlineFunctionsTest::testInlineFunctions23 | 18/01/13 22:47
Sat Jan 13 22:49:01 EST 2018 com.google.javascript.rhino.Node,1430
Sat Jan 13 22:49:04 EST 2018 com.google.javascript.rhino.Node,1446
Sat Jan 13 22:49:06 EST 2018 com.google.javascript.rhino.Node,1459
Sat Jan 13 22:49:09 EST 2018 Sat Jan 13 22:49:09 EST 2018 : com.google.javascript.rhino.Node,2194=>Find no block
Sat Jan 13 22:49:09 EST 2018 com.google.javascript.rhino.Node,2195
Sat Jan 13 22:49:11 EST 2018 com.google.javascript.rhino.Node,2196
Sat Jan 13 22:49:11 EST 2018 Sat Jan 13 22:49:11 EST 2018 : com.google.javascript.rhino.Node,2197=>Find no block
Sat Jan 13 22:49:11 EST 2018 com.google.javascript.jscomp.FunctionInjector,731

----------------------------------------
----------------------------------------
Pass Single Test : [=>0,0]
if(cArg==null&&NodeUtil.canBeSideEffected(cArg)){
return CanInlineResult.NO;
}

Time : 18/01/13 22:49
----------------------------------------

----------------------------------------
----------------------------------------
Similar code block : 1.1694744451420718 : [/home/jiajun/d4j/projects/closure/closure_115_buggy/src/com/google/javascript/jscomp/FunctionInjector.java=>0,0]
if(NodeUtil.isFunctionObjectCall(callNode)){
if(cArg==null||!cArg.isThis()){
return CanInlineResult.NO;
}
cArg=cArg.getNext();
}else {
Preconditions.checkState(!NodeUtil.isFunctionObjectApply(callNode));
}

Time : 18/01/13 22:52
----------------------------------------

----------------------------------------
----------------------------------------
Original source code : [/home/jiajun/d4j/projects/closure/closure_115_buggy/src/com/google/javascript/jscomp/FunctionInjector.java=>730,732]
if(hasSideEffects&&NodeUtil.canBeSideEffected(cArg)){
return CanInlineResult.NO;
}

Time : 18/01/13 22:52
----------------------------------------

----------------------------------------
----------------------------------------
Find a patch : [/home/jiajun/d4j/projects/closure/closure_115_buggy/src/com/google/javascript/jscomp/FunctionInjector.java=>730,732]
if(cArg==null&&NodeUtil.canBeSideEffected(cArg)){
return CanInlineResult.NO;
}

Time : 18/01/13 22:52
----------------------------------------
Success time : 18/01/13 22:52
Current failed test : com.google.javascript.jscomp.InlineFunctionsTest::testInlineFunctions22 | 18/01/13 22:52
Already fixed : com.google.javascript.jscomp.InlineFunctionsTest::testInlineFunctions22
Current failed test : com.google.javascript.jscomp.InlineFunctionsTest::testInlineFunctions6 | 18/01/13 22:53
Already fixed : com.google.javascript.jscomp.InlineFunctionsTest::testInlineFunctions6
Current failed test : com.google.javascript.jscomp.InlineFunctionsTest::testNoInlineIfParametersModified9 | 18/01/13 22:53
Already fixed : com.google.javascript.jscomp.InlineFunctionsTest::testNoInlineIfParametersModified9
Current failed test : com.google.javascript.jscomp.InlineFunctionsTest::testBug4944818 | 18/01/13 22:53
Already fixed : com.google.javascript.jscomp.InlineFunctionsTest::testBug4944818
Current failed test : com.google.javascript.jscomp.InlineFunctionsTest::testNoInlineIfParametersModified8 | 18/01/13 22:53
Already fixed : com.google.javascript.jscomp.InlineFunctionsTest::testNoInlineIfParametersModified8
Current failed test : com.google.javascript.jscomp.InlineFunctionsTest::testDoubleInlining1 | 18/01/13 22:53
Already fixed : com.google.javascript.jscomp.InlineFunctionsTest::testDoubleInlining1
