=================================================
Project : closure_31	start : 18/01/14 07:23
Current failed test : com.google.javascript.jscomp.CommandLineRunnerTest::testDependencySortingWhitespaceMode | 18/01/14 07:23
Sun Jan 14 07:24:12 AEDT 2018 com.google.javascript.rhino.Node,1430
Sun Jan 14 07:24:33 AEDT 2018 com.google.javascript.rhino.Node,1446
Sun Jan 14 07:24:54 AEDT 2018 com.google.javascript.rhino.Node,1459
Sun Jan 14 07:25:06 AEDT 2018 Sun Jan 14 07:25:06 AEDT 2018 : com.google.javascript.rhino.Node,2143=>Find no block
Sun Jan 14 07:25:09 AEDT 2018 com.google.javascript.rhino.Node,2144
Sun Jan 14 07:25:21 AEDT 2018 com.google.javascript.rhino.Node,2145
Sun Jan 14 07:25:23 AEDT 2018 Sun Jan 14 07:25:23 AEDT 2018 : com.google.javascript.rhino.Node,2146=>Find no block
Sun Jan 14 07:25:28 AEDT 2018 com.google.javascript.jscomp.CompilerOptions,1019
Sun Jan 14 07:25:44 AEDT 2018 Sun Jan 14 07:25:44 AEDT 2018 : com.google.javascript.jscomp.CompilerOptions,1020=>Find no block
Sun Jan 14 07:25:49 AEDT 2018 com.google.javascript.jscomp.CompilationLevel,56
Sun Jan 14 07:26:43 AEDT 2018 com.google.javascript.jscomp.CompilationLevel,57
Sun Jan 14 07:27:29 AEDT 2018 com.google.javascript.jscomp.CompilationLevel,82
Sun Jan 14 07:29:15 AEDT 2018 com.google.javascript.jscomp.CompilationLevel,85
Sun Jan 14 07:29:19 AEDT 2018 Sun Jan 14 07:29:19 AEDT 2018 : com.google.javascript.jscomp.CompilationLevel,87=>Find no block
Sun Jan 14 07:29:22 AEDT 2018 com.google.javascript.jscomp.CommandLineRunner,460
Sun Jan 14 07:34:35 AEDT 2018 com.google.javascript.jscomp.CommandLineRunner,461
Sun Jan 14 07:34:39 AEDT 2018 com.google.javascript.jscomp.CommandLineRunner,457
Sun Jan 14 07:34:45 AEDT 2018 com.google.javascript.jscomp.AbstractCommandLineRunner,243
Sun Jan 14 07:38:14 AEDT 2018 com.google.javascript.jscomp.CompilerOptions,1278
Sun Jan 14 07:40:55 AEDT 2018 com.google.javascript.jscomp.CompilerOptions,1279
Sun Jan 14 07:40:58 AEDT 2018 Sun Jan 14 07:40:58 AEDT 2018 : com.google.javascript.jscomp.CompilerOptions,1280=>Find no block
Sun Jan 14 07:41:00 AEDT 2018 com.google.javascript.jscomp.DependencyOptions,96
Sun Jan 14 07:41:08 AEDT 2018 com.google.javascript.jscomp.DependencyOptions,97
Sun Jan 14 07:41:11 AEDT 2018 com.google.javascript.jscomp.DependencyOptions,113
Sun Jan 14 07:42:23 AEDT 2018 com.google.javascript.jscomp.DependencyOptions,114
Sun Jan 14 07:42:27 AEDT 2018 com.google.javascript.jscomp.DependencyOptions,115
Sun Jan 14 07:42:30 AEDT 2018 com.google.javascript.jscomp.DependencyOptions,73
Sun Jan 14 07:42:38 AEDT 2018 com.google.javascript.jscomp.DependencyOptions,74
Sun Jan 14 07:42:40 AEDT 2018 Sun Jan 14 07:42:40 AEDT 2018 : com.google.javascript.jscomp.CommandLineRunner,448=>Find no block
Sun Jan 14 07:42:43 AEDT 2018 com.google.javascript.jscomp.CommandLineRunner,454
Sun Jan 14 07:52:13 AEDT 2018 com.google.javascript.jscomp.CommandLineRunner,455
Sun Jan 14 07:52:16 AEDT 2018 com.google.javascript.rhino.Node,129
Sun Jan 14 07:52:36 AEDT 2018 com.google.javascript.rhino.Node,143
Sun Jan 14 07:52:58 AEDT 2018 com.google.javascript.rhino.InputId,74
Sun Jan 14 07:53:07 AEDT 2018 com.google.javascript.jscomp.CommandLineRunner,445
Sun Jan 14 07:53:16 AEDT 2018 com.google.javascript.jscomp.CommandLineRunner,447
Sun Jan 14 07:53:26 AEDT 2018 com.google.javascript.jscomp.CommandLineRunner,450
Sun Jan 14 07:54:07 AEDT 2018 com.google.javascript.rhino.Node,1011
Sun Jan 14 07:54:16 AEDT 2018 com.google.javascript.rhino.Node,1016
Sun Jan 14 07:54:27 AEDT 2018 com.google.javascript.rhino.Node,1017
Sun Jan 14 07:54:30 AEDT 2018 com.google.javascript.rhino.Node,1018
Sun Jan 14 07:54:34 AEDT 2018 com.google.javascript.rhino.Node,1025
Sun Jan 14 07:54:44 AEDT 2018 Sun Jan 14 07:54:44 AEDT 2018 : com.google.javascript.rhino.Node,1026=>Find no block
Sun Jan 14 07:54:47 AEDT 2018 com.google.javascript.rhino.Node,1030
Sun Jan 14 08:02:18 AEDT 2018 com.google.javascript.rhino.Node,1031
Sun Jan 14 08:02:21 AEDT 2018 com.google.javascript.rhino.Node,1033
Sun Jan 14 08:42:38 AEDT 2018 com.google.javascript.rhino.Node,1034
Sun Jan 14 08:42:42 AEDT 2018 Sun Jan 14 08:42:42 AEDT 2018 : com.google.javascript.rhino.Node,1035=>Find no block
Sun Jan 14 08:42:44 AEDT 2018 com.google.javascript.rhino.Node,1036
Sun Jan 14 08:42:47 AEDT 2018 com.google.javascript.rhino.Node,1038
Sun Jan 14 08:42:49 AEDT 2018 Sun Jan 14 08:42:49 AEDT 2018 : com.google.javascript.rhino.Node,1037=>Find no block
Sun Jan 14 08:42:53 AEDT 2018 Sun Jan 14 08:42:53 AEDT 2018 : com.google.javascript.rhino.Node,1040=>Find no block
Sun Jan 14 08:42:57 AEDT 2018 com.google.javascript.rhino.Node,352
Sun Jan 14 08:43:26 AEDT 2018 Sun Jan 14 08:43:26 AEDT 2018 : com.google.javascript.rhino.Node,117=>Find no block
Sun Jan 14 08:43:28 AEDT 2018 com.google.javascript.rhino.Node,142
Sun Jan 14 08:43:49 AEDT 2018 com.google.javascript.rhino.Node,881
Sun Jan 14 08:47:16 AEDT 2018 com.google.javascript.rhino.Node,886
Sun Jan 14 08:50:42 AEDT 2018 com.google.javascript.rhino.Node,887
Sun Jan 14 08:50:46 AEDT 2018 com.google.javascript.rhino.Node,974
Sun Jan 14 08:55:38 AEDT 2018 com.google.javascript.rhino.Node,975
Sun Jan 14 08:55:42 AEDT 2018 com.google.javascript.rhino.Node,982
Sun Jan 14 09:03:50 AEDT 2018 com.google.javascript.rhino.Node,983
Sun Jan 14 09:03:53 AEDT 2018 com.google.javascript.rhino.Node,984
Sun Jan 14 09:10:22 AEDT 2018 com.google.javascript.rhino.Node,985
Sun Jan 14 09:16:34 AEDT 2018 com.google.javascript.rhino.Node,986
Sun Jan 14 09:23:40 AEDT 2018 Sun Jan 14 09:23:40 AEDT 2018 : com.google.javascript.rhino.Node,988=>Find no block
Sun Jan 14 09:23:43 AEDT 2018 com.google.javascript.rhino.Node,990
Sun Jan 14 09:24:06 AEDT 2018 com.google.javascript.rhino.Node,993
Sun Jan 14 09:32:53 AEDT 2018 com.google.javascript.rhino.Node,994
Sun Jan 14 09:32:57 AEDT 2018 com.google.javascript.jscomp.SourceFile,305
Sun Jan 14 09:33:13 AEDT 2018 com.google.javascript.rhino.Node,320
Sun Jan 14 09:33:34 AEDT 2018 com.google.javascript.rhino.Node,879
Sun Jan 14 09:44:02 AEDT 2018 com.google.javascript.rhino.Node,880
Sun Jan 14 09:44:06 AEDT 2018 com.google.javascript.rhino.Node,884
Sun Jan 14 09:44:09 AEDT 2018 com.google.javascript.rhino.Node,885
Sun Jan 14 09:44:11 AEDT 2018 com.google.javascript.rhino.Node,890
Sun Jan 14 09:44:14 AEDT 2018 com.google.javascript.rhino.Node,891
Sun Jan 14 09:44:16 AEDT 2018 com.google.javascript.rhino.Node,936
Sun Jan 14 09:44:25 AEDT 2018 com.google.javascript.rhino.Node,972
Sun Jan 14 09:47:24 AEDT 2018 com.google.javascript.rhino.Node,973
Sun Jan 14 09:47:27 AEDT 2018 com.google.javascript.rhino.Node,980
Sun Jan 14 09:48:31 AEDT 2018 com.google.javascript.rhino.Node,981
Sun Jan 14 10:13:29 AEDT 2018 com.google.javascript.rhino.Node,999
Sun Jan 14 10:16:39 AEDT 2018 com.google.javascript.rhino.Node,955
Sun Jan 14 10:17:16 AEDT 2018 com.google.javascript.rhino.Node,956
Sun Jan 14 10:17:19 AEDT 2018 com.google.javascript.rhino.Node,967
Sun Jan 14 10:25:59 AEDT 2018 com.google.javascript.rhino.Node,957
Sun Jan 14 11:07:51 AEDT 2018 com.google.javascript.rhino.Node,943
Sun Jan 14 11:11:25 AEDT 2018 com.google.javascript.rhino.Node,944
Sun Jan 14 11:11:28 AEDT 2018 com.google.javascript.rhino.Node,945
Sun Jan 14 11:11:31 AEDT 2018 com.google.javascript.rhino.Node,953
Sun Jan 14 11:26:17 AEDT 2018 com.google.javascript.rhino.Node,954
Sun Jan 14 11:26:21 AEDT 2018 com.google.javascript.rhino.Node,971
Sun Jan 14 11:26:23 AEDT 2018 com.google.javascript.rhino.Node,979
Sun Jan 14 11:26:26 AEDT 2018 com.google.javascript.rhino.Node,998
Sun Jan 14 11:28:40 AEDT 2018 Sun Jan 14 11:28:40 AEDT 2018 : com.google.javascript.rhino.Node,1007=>Find no block
Sun Jan 14 11:28:43 AEDT 2018 com.google.javascript.jscomp.CommandLineRunner,563
Sun Jan 14 11:29:28 AEDT 2018 com.google.javascript.jscomp.CommandLineRunner,564
Sun Jan 14 11:29:30 AEDT 2018 Sun Jan 14 11:29:30 AEDT 2018 : com.google.javascript.jscomp.CommandLineRunner,565=>Find no block
Sun Jan 14 11:29:33 AEDT 2018 com.google.javascript.jscomp.AbstractCommandLineRunner,133
Sun Jan 14 11:29:42 AEDT 2018 Sun Jan 14 11:29:42 AEDT 2018 : com.google.javascript.jscomp.AbstractCommandLineRunner,134=>Find no block
Sun Jan 14 11:29:45 AEDT 2018 com.google.javascript.jscomp.AbstractCommandLineRunner,1172
Sun Jan 14 11:30:09 AEDT 2018 com.google.javascript.jscomp.AbstractCommandLineRunner,805
Sun Jan 14 11:30:17 AEDT 2018 com.google.javascript.jscomp.AbstractCommandLineRunner,810
Sun Jan 14 11:30:20 AEDT 2018 com.google.javascript.jscomp.AbstractCommandLineRunner,1171
Sun Jan 14 11:30:23 AEDT 2018 com.google.javascript.jscomp.CommandLineRunner,583
Sun Jan 14 11:41:32 AEDT 2018 com.google.javascript.jscomp.CommandLineRunner,585
Sun Jan 14 11:41:33 AEDT 2018 com.google.javascript.jscomp.CommandLineRunner,586
Sun Jan 14 11:53:13 AEDT 2018 com.google.javascript.jscomp.CommandLineRunner,587
Sun Jan 14 12:02:28 AEDT 2018 com.google.javascript.jscomp.CommandLineRunner,590
Sun Jan 14 12:02:31 AEDT 2018 Sun Jan 14 12:02:31 AEDT 2018 : com.google.javascript.jscomp.CommandLineRunner,592=>Find no block
Sun Jan 14 12:02:33 AEDT 2018 com.google.javascript.jscomp.WarningLevel,39
Sun Jan 14 12:03:34 AEDT 2018 com.google.javascript.jscomp.WarningLevel,40
Sun Jan 14 12:04:20 AEDT 2018 com.google.javascript.jscomp.AbstractCommandLineRunner,653
Sun Jan 14 12:18:51 AEDT 2018 com.google.javascript.jscomp.AbstractCommandLineRunner,654
Timeout time : 18/01/14 12:24
