=================================================
Project : closure_51	start : 18/01/13 21:20
Current failed test : com.google.javascript.jscomp.CodePrinterTest::testIssue582 | 18/01/13 21:21
Sat Jan 13 21:21:33 AEDT 2018 com.google.javascript.rhino.Node,275
Sat Jan 13 21:22:07 AEDT 2018 Sat Jan 13 21:22:07 AEDT 2018 : com.google.javascript.rhino.Node,276=>Find no block
Sat Jan 13 21:22:09 AEDT 2018 com.google.javascript.jscomp.parsing.IRFactory,945
Sat Jan 13 21:22:17 AEDT 2018 com.google.javascript.jscomp.parsing.IRFactory,946
Sat Jan 13 21:22:22 AEDT 2018 com.google.javascript.jscomp.parsing.IRFactory,1121
Sat Jan 13 21:22:36 AEDT 2018 com.google.javascript.jscomp.Compiler,1331
Sat Jan 13 21:22:40 AEDT 2018 com.google.javascript.jscomp.Compiler,1327
Sat Jan 13 21:25:25 AEDT 2018 com.google.javascript.jscomp.Compiler,1328
Sat Jan 13 21:25:29 AEDT 2018 com.google.javascript.jscomp.Compiler,1330
Sat Jan 13 21:25:33 AEDT 2018 com.google.javascript.jscomp.Compiler,1333
Sat Jan 13 21:25:38 AEDT 2018 com.google.javascript.jscomp.Compiler,1334
Sat Jan 13 21:25:43 AEDT 2018 com.google.javascript.jscomp.parsing.IRFactory,942
Sat Jan 13 22:02:45 AEDT 2018 com.google.javascript.jscomp.parsing.IRFactory,943
Sat Jan 13 22:02:49 AEDT 2018 com.google.javascript.jscomp.parsing.IRFactory,944
Sat Jan 13 22:41:56 AEDT 2018 com.google.javascript.jscomp.parsing.TypeSafeDispatcher,169
Sat Jan 13 22:45:04 AEDT 2018 com.google.javascript.jscomp.Compiler,285
Sat Jan 13 22:45:15 AEDT 2018 com.google.javascript.jscomp.WarningsGuard,95
Sat Jan 13 22:45:25 AEDT 2018 com.google.javascript.jscomp.WarningsGuard,106
Sat Jan 13 22:45:28 AEDT 2018 com.google.javascript.jscomp.Compiler,250
Sat Jan 13 22:46:35 AEDT 2018 com.google.javascript.jscomp.Compiler,246
Sat Jan 13 22:46:38 AEDT 2018 com.google.javascript.jscomp.Compiler,244
Sat Jan 13 22:47:05 AEDT 2018 com.google.javascript.jscomp.ComposeWarningsGuard,129
Sat Jan 13 22:48:24 AEDT 2018 com.google.javascript.jscomp.ComposeWarningsGuard,149
Sat Jan 13 22:49:47 AEDT 2018 com.google.javascript.jscomp.CompilerOptions,1016
Sat Jan 13 22:49:59 AEDT 2018 com.google.javascript.jscomp.ComposeWarningsGuard,118
Sat Jan 13 22:50:02 AEDT 2018 com.google.javascript.jscomp.ComposeWarningsGuard,119
Sat Jan 13 22:50:06 AEDT 2018 com.google.javascript.jscomp.ComposeWarningsGuard,121
Sat Jan 13 22:50:11 AEDT 2018 Sat Jan 13 22:50:11 AEDT 2018 : com.google.javascript.jscomp.DiagnosticGroup,61=>Find no block
Sat Jan 13 22:50:15 AEDT 2018 com.google.javascript.jscomp.DiagnosticGroup,62
Sat Jan 13 22:51:15 AEDT 2018 com.google.javascript.jscomp.DiagnosticGroup,63
Sat Jan 13 22:51:18 AEDT 2018 Sat Jan 13 22:51:18 AEDT 2018 : com.google.javascript.jscomp.DiagnosticGroup,64=>Find no block
Sat Jan 13 22:51:22 AEDT 2018 com.google.javascript.jscomp.DiagnosticGroup,72
Sat Jan 13 22:56:08 AEDT 2018 com.google.javascript.jscomp.DiagnosticGroup,73
Sat Jan 13 22:56:12 AEDT 2018 com.google.javascript.jscomp.DiagnosticGroup,75
Sat Jan 13 23:04:21 AEDT 2018 com.google.javascript.jscomp.DiagnosticGroup,118
Sat Jan 13 23:04:47 AEDT 2018 com.google.javascript.jscomp.DiagnosticGroup,119
Sat Jan 13 23:04:51 AEDT 2018 com.google.javascript.jscomp.DiagnosticGroup,120
Sat Jan 13 23:04:56 AEDT 2018 com.google.javascript.jscomp.DiagnosticGroupWarningsGuard,45
Sat Jan 13 23:05:07 AEDT 2018 com.google.javascript.jscomp.DiagnosticGroupWarningsGuard,58
Sat Jan 13 23:06:50 AEDT 2018 com.google.javascript.jscomp.ComposeWarningsGuard,144
Sat Jan 13 23:06:55 AEDT 2018 Sat Jan 13 23:06:55 AEDT 2018 : com.google.javascript.jscomp.ComposeWarningsGuard,147=>Find no block
Sat Jan 13 23:06:59 AEDT 2018 com.google.javascript.jscomp.CodeGenerator,225
Sat Jan 13 23:22:23 AEDT 2018 com.google.javascript.jscomp.CodeGenerator,226
Sat Jan 13 23:44:38 AEDT 2018 com.google.javascript.jscomp.CodeGenerator,227
Sat Jan 13 23:57:50 AEDT 2018 com.google.javascript.jscomp.CodeConsumer,242
Sat Jan 13 23:59:19 AEDT 2018 com.google.javascript.jscomp.CodeConsumer,243
Sat Jan 13 23:59:23 AEDT 2018 com.google.javascript.jscomp.CodeConsumer,244
Sun Jan 14 00:01:58 AEDT 2018 com.google.javascript.jscomp.CodeConsumer,245
Sun Jan 14 00:02:03 AEDT 2018 com.google.javascript.jscomp.CodeConsumer,251
Sun Jan 14 00:08:53 AEDT 2018 com.google.javascript.jscomp.CodeConsumer,254
Sun Jan 14 00:08:58 AEDT 2018 Sun Jan 14 00:08:58 AEDT 2018 : com.google.javascript.jscomp.CodeConsumer,256=>Find no block
Sun Jan 14 00:09:03 AEDT 2018 com.google.javascript.jscomp.CodeConsumer,236
Sun Jan 14 00:10:43 AEDT 2018 com.google.javascript.jscomp.CodeConsumer,237
Sun Jan 14 00:12:00 AEDT 2018 com.google.javascript.jscomp.CodeConsumer,241
Sun Jan 14 00:14:59 AEDT 2018 Sun Jan 14 00:14:59 AEDT 2018 : com.google.javascript.jscomp.CodeConsumer,259=>Find no block
Sun Jan 14 00:15:04 AEDT 2018 com.google.javascript.rhino.Node,270
Sun Jan 14 00:15:21 AEDT 2018 com.google.javascript.jscomp.CodeGenerator,202
Sun Jan 14 01:25:31 AEDT 2018 com.google.javascript.jscomp.CodeGenerator,205
Timeout time : 18/01/14 02:21
