=================================================
Project : closure_52	start : 18/01/14 07:18
Current failed test : com.google.javascript.jscomp.CodePrinterTest::testNumericKeys | 18/01/14 07:18
Sun Jan 14 07:19:10 AEDT 2018 com.google.javascript.jscomp.CodeGenerator,676
Sun Jan 14 07:19:34 AEDT 2018 com.google.javascript.jscomp.parsing.IRFactory,401
Sun Jan 14 07:19:47 AEDT 2018 com.google.javascript.jscomp.parsing.IRFactory,402
Sun Jan 14 07:19:52 AEDT 2018 com.google.javascript.jscomp.parsing.IRFactory,290
Sun Jan 14 07:21:49 AEDT 2018 com.google.javascript.jscomp.parsing.IRFactory,291
Sun Jan 14 07:21:54 AEDT 2018 com.google.javascript.jscomp.parsing.IRFactory,292
Sun Jan 14 07:21:59 AEDT 2018 com.google.javascript.jscomp.parsing.IRFactory,295
Sun Jan 14 07:22:03 AEDT 2018 com.google.javascript.jscomp.parsing.IRFactory,296
Sun Jan 14 07:22:08 AEDT 2018 com.google.javascript.jscomp.parsing.IRFactory,300
Sun Jan 14 07:23:18 AEDT 2018 com.google.javascript.jscomp.parsing.IRFactory,303
Sun Jan 14 07:24:15 AEDT 2018 com.google.javascript.jscomp.parsing.IRFactory,304
Sun Jan 14 07:24:20 AEDT 2018 com.google.javascript.jscomp.CodeGenerator,752
Sun Jan 14 07:24:33 AEDT 2018 com.google.javascript.jscomp.CodeGenerator,753
Sun Jan 14 07:24:37 AEDT 2018 com.google.javascript.jscomp.CodeGenerator,751
Sun Jan 14 07:24:49 AEDT 2018 com.google.javascript.jscomp.CodeGenerator,745
Sun Jan 14 07:31:42 AEDT 2018 com.google.javascript.jscomp.CodeGenerator,674
Sun Jan 14 07:35:30 AEDT 2018 com.google.javascript.jscomp.CodeGenerator,675
Sun Jan 14 07:35:34 AEDT 2018 com.google.javascript.jscomp.CodeGenerator,740
Sun Jan 14 07:35:39 AEDT 2018 com.google.javascript.jscomp.CodeGenerator,741
Sun Jan 14 07:35:43 AEDT 2018 com.google.javascript.jscomp.CodeGenerator,738
Sun Jan 14 07:35:48 AEDT 2018 com.google.javascript.jscomp.CodeGenerator,739
Sun Jan 14 07:35:53 AEDT 2018 com.google.javascript.jscomp.CodeGenerator,749
Sun Jan 14 07:35:58 AEDT 2018 com.google.javascript.jscomp.parsing.IRFactory,404
Sun Jan 14 07:36:03 AEDT 2018 com.google.javascript.jscomp.parsing.IRFactory,405
Sun Jan 14 07:36:08 AEDT 2018 com.google.javascript.jscomp.parsing.IRFactory,400
Sun Jan 14 07:36:13 AEDT 2018 com.google.javascript.jscomp.Compiler,1331
Sun Jan 14 07:36:25 AEDT 2018 com.google.javascript.jscomp.CodeGenerator,661
Sun Jan 14 07:58:59 AEDT 2018 com.google.javascript.jscomp.CodeGenerator,662
Sun Jan 14 07:59:03 AEDT 2018 com.google.javascript.jscomp.CodeGenerator,665
Sun Jan 14 07:59:08 AEDT 2018 com.google.javascript.jscomp.CodeGenerator,681
Sun Jan 14 08:21:13 AEDT 2018 com.google.javascript.jscomp.CodeGenerator,682
Sun Jan 14 08:21:18 AEDT 2018 com.google.javascript.jscomp.Compiler,1327
Sun Jan 14 08:24:16 AEDT 2018 com.google.javascript.jscomp.Compiler,1328
Sun Jan 14 08:24:21 AEDT 2018 com.google.javascript.jscomp.Compiler,1330
Sun Jan 14 08:24:27 AEDT 2018 com.google.javascript.jscomp.Compiler,1333
Sun Jan 14 08:24:33 AEDT 2018 com.google.javascript.jscomp.Compiler,1334
Sun Jan 14 08:24:38 AEDT 2018 com.google.javascript.jscomp.CodeGenerator,654
Sun Jan 14 08:30:22 AEDT 2018 com.google.javascript.jscomp.CodeGenerator,658
Sun Jan 14 09:45:10 AEDT 2018 com.google.javascript.jscomp.parsing.IRFactory,785
Sun Jan 14 09:52:41 AEDT 2018 com.google.javascript.rhino.Node,342
Sun Jan 14 09:53:14 AEDT 2018 com.google.javascript.jscomp.PrepareAst,166
Sun Jan 14 10:06:25 AEDT 2018 com.google.javascript.jscomp.PrepareAst,167
Sun Jan 14 10:06:30 AEDT 2018 com.google.javascript.jscomp.PrepareAst,224
Sun Jan 14 10:33:55 AEDT 2018 com.google.javascript.jscomp.PrepareAst,225
Sun Jan 14 11:06:54 AEDT 2018 Sun Jan 14 11:06:54 AEDT 2018 : com.google.javascript.jscomp.PrepareAst,229=>Find no block
Sun Jan 14 11:06:59 AEDT 2018 com.google.javascript.jscomp.parsing.IRFactory,767
Sun Jan 14 11:07:59 AEDT 2018 com.google.javascript.jscomp.parsing.IRFactory,777
Sun Jan 14 11:10:35 AEDT 2018 com.google.javascript.jscomp.parsing.IRFactory,778
Sun Jan 14 11:10:40 AEDT 2018 com.google.javascript.jscomp.parsing.IRFactory,779
Sun Jan 14 11:24:12 AEDT 2018 com.google.javascript.jscomp.parsing.IRFactory,792
Sun Jan 14 11:45:49 AEDT 2018 com.google.javascript.jscomp.parsing.IRFactory,793
Sun Jan 14 11:45:55 AEDT 2018 Sun Jan 14 11:45:55 AEDT 2018 : com.google.javascript.jscomp.parsing.IRFactory,794=>Find no block
Sun Jan 14 11:45:59 AEDT 2018 com.google.javascript.jscomp.Compiler,285
Sun Jan 14 11:46:15 AEDT 2018 com.google.javascript.jscomp.WarningsGuard,95
Sun Jan 14 11:46:27 AEDT 2018 com.google.javascript.jscomp.WarningsGuard,106
Sun Jan 14 11:46:32 AEDT 2018 com.google.javascript.jscomp.Compiler,250
Sun Jan 14 11:47:29 AEDT 2018 com.google.javascript.jscomp.Compiler,246
Sun Jan 14 11:47:34 AEDT 2018 com.google.javascript.jscomp.Compiler,244
Sun Jan 14 11:47:59 AEDT 2018 com.google.javascript.jscomp.ComposeWarningsGuard,129
Sun Jan 14 11:49:09 AEDT 2018 com.google.javascript.jscomp.ComposeWarningsGuard,149
Sun Jan 14 11:50:20 AEDT 2018 Sun Jan 14 11:50:20 AEDT 2018 : com.google.javascript.jscomp.DiagnosticGroup,61=>Find no block
Sun Jan 14 11:50:25 AEDT 2018 com.google.javascript.jscomp.DiagnosticGroup,62
Sun Jan 14 11:51:11 AEDT 2018 com.google.javascript.jscomp.DiagnosticGroup,63
Sun Jan 14 11:51:16 AEDT 2018 Sun Jan 14 11:51:16 AEDT 2018 : com.google.javascript.jscomp.DiagnosticGroup,64=>Find no block
Sun Jan 14 11:51:20 AEDT 2018 com.google.javascript.jscomp.DiagnosticGroup,72
Sun Jan 14 11:54:41 AEDT 2018 com.google.javascript.jscomp.DiagnosticGroup,73
Sun Jan 14 11:54:46 AEDT 2018 com.google.javascript.jscomp.DiagnosticGroup,75
Sun Jan 14 11:59:18 AEDT 2018 com.google.javascript.jscomp.ComposeWarningsGuard,118
Sun Jan 14 11:59:23 AEDT 2018 com.google.javascript.jscomp.ComposeWarningsGuard,119
Sun Jan 14 11:59:28 AEDT 2018 com.google.javascript.jscomp.ComposeWarningsGuard,121
Sun Jan 14 11:59:33 AEDT 2018 com.google.javascript.jscomp.CompilerOptions,1013
Sun Jan 14 11:59:48 AEDT 2018 com.google.javascript.jscomp.DiagnosticGroup,118
Sun Jan 14 12:00:15 AEDT 2018 com.google.javascript.jscomp.DiagnosticGroup,119
Sun Jan 14 12:00:20 AEDT 2018 com.google.javascript.jscomp.DiagnosticGroup,120
Sun Jan 14 12:00:25 AEDT 2018 com.google.javascript.jscomp.DiagnosticGroupWarningsGuard,45
Sun Jan 14 12:00:38 AEDT 2018 com.google.javascript.jscomp.DiagnosticGroupWarningsGuard,58
Sun Jan 14 12:01:50 AEDT 2018 com.google.javascript.jscomp.ComposeWarningsGuard,144
Sun Jan 14 12:01:55 AEDT 2018 Sun Jan 14 12:01:55 AEDT 2018 : com.google.javascript.jscomp.ComposeWarningsGuard,147=>Find no block
Sun Jan 14 12:02:00 AEDT 2018 com.google.javascript.jscomp.CodeGenerator,648
Sun Jan 14 12:04:39 AEDT 2018 com.google.javascript.jscomp.CodeGenerator,649
Sun Jan 14 12:06:32 AEDT 2018 com.google.javascript.jscomp.CodeGenerator,652
Sun Jan 14 12:09:34 AEDT 2018 com.google.javascript.jscomp.CodeGenerator,653
Timeout time : 18/01/14 12:19
