=================================================
Project : closure_6	start : 18/01/14 07:22
Current failed test : com.google.javascript.jscomp.TypeCheckTest::testTypeRedefinition | 18/01/14 07:22
Sun Jan 14 07:22:55 AEDT 2018 com.google.javascript.jscomp.TypeValidator,367
Sun Jan 14 07:39:08 AEDT 2018 com.google.javascript.rhino.jstype.JSTypeRegistry,839
Sun Jan 14 07:41:11 AEDT 2018 com.google.javascript.jscomp.TypeValidator,406
Sun Jan 14 07:47:10 AEDT 2018 com.google.javascript.rhino.jstype.EnumType,145
Sun Jan 14 07:47:25 AEDT 2018 com.google.javascript.jscomp.parsing.JsDocInfoParser,1856
Sun Jan 14 07:51:32 AEDT 2018 com.google.javascript.jscomp.TypeValidator,534
Sun Jan 14 07:53:14 AEDT 2018 com.google.javascript.jscomp.Scope,282
Sun Jan 14 07:53:24 AEDT 2018 com.google.javascript.jscomp.Scope,285
Sun Jan 14 07:53:26 AEDT 2018 com.google.javascript.jscomp.TypeValidator,577
Sun Jan 14 08:01:53 AEDT 2018 com.google.javascript.jscomp.TypeValidator,677
Sun Jan 14 08:07:11 AEDT 2018 com.google.javascript.jscomp.TypeValidator,678
Sun Jan 14 08:07:13 AEDT 2018 com.google.javascript.jscomp.TypeValidator,679
Sun Jan 14 08:07:15 AEDT 2018 com.google.javascript.jscomp.TypeValidator,680
Sun Jan 14 08:07:17 AEDT 2018 com.google.javascript.jscomp.TypeValidator,681
Sun Jan 14 08:07:19 AEDT 2018 com.google.javascript.jscomp.TypeValidator,686
Sun Jan 14 08:07:20 AEDT 2018 com.google.javascript.jscomp.TypeValidator,693
Sun Jan 14 08:07:46 AEDT 2018 Sun Jan 14 08:07:46 AEDT 2018 : com.google.javascript.jscomp.TypeValidator,697=>Find no block
Sun Jan 14 08:07:47 AEDT 2018 com.google.javascript.jscomp.TypeValidator,532
Sun Jan 14 08:17:57 AEDT 2018 com.google.javascript.jscomp.TypeValidator,533
Sun Jan 14 08:17:59 AEDT 2018 com.google.javascript.jscomp.TypeValidator,536
Sun Jan 14 08:18:01 AEDT 2018 com.google.javascript.jscomp.TypeValidator,386
Sun Jan 14 08:36:17 AEDT 2018 com.google.javascript.jscomp.TypeValidator,366
Sun Jan 14 08:36:19 AEDT 2018 com.google.javascript.jscomp.TypeValidator,574
Sun Jan 14 08:36:20 AEDT 2018 com.google.javascript.rhino.jstype.EnumType,160
Sun Jan 14 08:36:26 AEDT 2018 com.google.javascript.rhino.jstype.PrototypeObjectType,436
Sun Jan 14 08:36:41 AEDT 2018 com.google.javascript.jscomp.parsing.JsDocInfoParser,388
Sun Jan 14 08:38:58 AEDT 2018 com.google.javascript.rhino.jstype.FunctionType,928
Sun Jan 14 08:41:11 AEDT 2018 com.google.javascript.rhino.jstype.EnumElementType,169
Sun Jan 14 08:41:33 AEDT 2018 com.google.javascript.jscomp.TypeCheck,1066
Sun Jan 14 08:41:57 AEDT 2018 com.google.javascript.rhino.jstype.EnumElementType,87
Sun Jan 14 08:42:03 AEDT 2018 com.google.javascript.rhino.jstype.EnumElementType,168
Sun Jan 14 08:42:05 AEDT 2018 com.google.javascript.rhino.jstype.EnumElementType,201
Sun Jan 14 08:42:06 AEDT 2018 com.google.javascript.rhino.jstype.ObjectType,583
Sun Jan 14 08:42:30 AEDT 2018 com.google.javascript.rhino.jstype.EnumType,116
Sun Jan 14 08:47:34 AEDT 2018 com.google.javascript.rhino.jstype.EnumType,117
Sun Jan 14 08:47:36 AEDT 2018 com.google.javascript.jscomp.Compiler,2117
Sun Jan 14 08:47:49 AEDT 2018 com.google.javascript.jscomp.TypedScopeCreator,1036
Sun Jan 14 08:49:25 AEDT 2018 com.google.javascript.jscomp.GoogleCodingConvention,114
Sun Jan 14 08:49:51 AEDT 2018 com.google.javascript.jscomp.TypeCheck,1869
Sun Jan 14 08:56:57 AEDT 2018 com.google.javascript.jscomp.TypeCheck,1870
Sun Jan 14 08:56:59 AEDT 2018 com.google.javascript.jscomp.TypeCheck,1872
Sun Jan 14 08:57:01 AEDT 2018 Sun Jan 14 08:57:01 AEDT 2018 : com.google.javascript.jscomp.TypeCheck,1875=>Find no block
Sun Jan 14 08:57:05 AEDT 2018 com.google.javascript.jscomp.TypedScopeCreator,1027
Timeout time : 18/01/14 09:02
Current failed test : com.google.javascript.jscomp.TypeCheckTest::testIssue635b | 18/01/14 09:02
Sun Jan 14 09:03:04 AEDT 2018 com.google.javascript.jscomp.TypeValidator,367
Sun Jan 14 09:19:29 AEDT 2018 com.google.javascript.rhino.jstype.JSTypeRegistry,839
Sun Jan 14 09:21:32 AEDT 2018 com.google.javascript.jscomp.TypeValidator,406
Sun Jan 14 09:27:26 AEDT 2018 com.google.javascript.rhino.jstype.EnumType,145
Sun Jan 14 09:27:40 AEDT 2018 com.google.javascript.jscomp.parsing.JsDocInfoParser,1856
Sun Jan 14 09:31:47 AEDT 2018 com.google.javascript.jscomp.TypeValidator,534
Sun Jan 14 09:33:24 AEDT 2018 com.google.javascript.jscomp.Scope,282
Sun Jan 14 09:33:34 AEDT 2018 com.google.javascript.jscomp.Scope,285
Sun Jan 14 09:33:35 AEDT 2018 com.google.javascript.jscomp.TypeValidator,577
Sun Jan 14 09:41:58 AEDT 2018 com.google.javascript.jscomp.TypeValidator,677
Sun Jan 14 09:47:11 AEDT 2018 com.google.javascript.jscomp.TypeValidator,678
Sun Jan 14 09:47:13 AEDT 2018 com.google.javascript.jscomp.TypeValidator,679
Sun Jan 14 09:47:14 AEDT 2018 com.google.javascript.jscomp.TypeValidator,680
Sun Jan 14 09:47:16 AEDT 2018 com.google.javascript.jscomp.TypeValidator,681
Sun Jan 14 09:47:18 AEDT 2018 com.google.javascript.jscomp.TypeValidator,686
Sun Jan 14 09:47:19 AEDT 2018 com.google.javascript.jscomp.TypeValidator,693
Sun Jan 14 09:47:44 AEDT 2018 Sun Jan 14 09:47:44 AEDT 2018 : com.google.javascript.jscomp.TypeValidator,697=>Find no block
Sun Jan 14 09:47:45 AEDT 2018 com.google.javascript.jscomp.TypeValidator,532
Sun Jan 14 09:57:51 AEDT 2018 com.google.javascript.jscomp.TypeValidator,533
Sun Jan 14 09:57:53 AEDT 2018 com.google.javascript.jscomp.TypeValidator,536
Sun Jan 14 09:57:54 AEDT 2018 com.google.javascript.jscomp.TypeValidator,386
Sun Jan 14 10:15:57 AEDT 2018 com.google.javascript.jscomp.TypeValidator,366
Sun Jan 14 10:15:59 AEDT 2018 com.google.javascript.jscomp.TypeValidator,574
Sun Jan 14 10:16:01 AEDT 2018 com.google.javascript.rhino.jstype.EnumType,160
Sun Jan 14 10:16:06 AEDT 2018 com.google.javascript.rhino.jstype.PrototypeObjectType,436
Sun Jan 14 10:16:20 AEDT 2018 com.google.javascript.jscomp.parsing.JsDocInfoParser,388
Sun Jan 14 10:18:35 AEDT 2018 com.google.javascript.rhino.jstype.FunctionType,928
Sun Jan 14 10:20:50 AEDT 2018 com.google.javascript.rhino.jstype.EnumElementType,169
Sun Jan 14 10:21:10 AEDT 2018 com.google.javascript.jscomp.TypeCheck,1066
Sun Jan 14 10:21:32 AEDT 2018 com.google.javascript.rhino.jstype.EnumElementType,87
Sun Jan 14 10:21:37 AEDT 2018 com.google.javascript.rhino.jstype.EnumElementType,168
Sun Jan 14 10:21:39 AEDT 2018 com.google.javascript.rhino.jstype.EnumElementType,201
Sun Jan 14 10:21:40 AEDT 2018 com.google.javascript.rhino.jstype.ObjectType,583
Sun Jan 14 10:22:03 AEDT 2018 com.google.javascript.rhino.jstype.EnumType,116
Sun Jan 14 10:27:06 AEDT 2018 com.google.javascript.rhino.jstype.EnumType,117
Sun Jan 14 10:27:08 AEDT 2018 com.google.javascript.jscomp.Compiler,2117
Sun Jan 14 10:27:19 AEDT 2018 com.google.javascript.jscomp.TypedScopeCreator,1036
Sun Jan 14 10:28:54 AEDT 2018 com.google.javascript.jscomp.GoogleCodingConvention,114
Sun Jan 14 10:29:19 AEDT 2018 com.google.javascript.jscomp.TypeCheck,1869
Sun Jan 14 10:36:29 AEDT 2018 com.google.javascript.jscomp.TypeCheck,1870
Sun Jan 14 10:36:31 AEDT 2018 com.google.javascript.jscomp.TypeCheck,1872
Sun Jan 14 10:36:33 AEDT 2018 Sun Jan 14 10:36:33 AEDT 2018 : com.google.javascript.jscomp.TypeCheck,1875=>Find no block
Sun Jan 14 10:36:34 AEDT 2018 com.google.javascript.jscomp.TypedScopeCreator,1027
Timeout time : 18/01/14 10:43
Current failed test : com.google.javascript.jscomp.LooseTypeCheckTest::testTypeRedefinition | 18/01/14 10:43
Sun Jan 14 10:43:12 AEDT 2018 com.google.javascript.jscomp.TypeValidator,367
Sun Jan 14 10:59:27 AEDT 2018 com.google.javascript.rhino.jstype.JSTypeRegistry,839
Sun Jan 14 11:01:29 AEDT 2018 com.google.javascript.jscomp.TypeValidator,406
Sun Jan 14 11:07:35 AEDT 2018 com.google.javascript.rhino.jstype.EnumType,145
Sun Jan 14 11:07:49 AEDT 2018 com.google.javascript.jscomp.parsing.JsDocInfoParser,1856
Sun Jan 14 11:12:00 AEDT 2018 com.google.javascript.jscomp.TypeValidator,534
Sun Jan 14 11:13:38 AEDT 2018 com.google.javascript.jscomp.Scope,282
Sun Jan 14 11:13:49 AEDT 2018 com.google.javascript.jscomp.Scope,285
Sun Jan 14 11:13:50 AEDT 2018 com.google.javascript.jscomp.TypeValidator,577
Sun Jan 14 11:22:20 AEDT 2018 com.google.javascript.jscomp.TypeValidator,677
Sun Jan 14 11:27:38 AEDT 2018 com.google.javascript.jscomp.TypeValidator,678
Sun Jan 14 11:27:40 AEDT 2018 com.google.javascript.jscomp.TypeValidator,679
Sun Jan 14 11:27:42 AEDT 2018 com.google.javascript.jscomp.TypeValidator,680
Sun Jan 14 11:27:44 AEDT 2018 com.google.javascript.jscomp.TypeValidator,681
Sun Jan 14 11:27:46 AEDT 2018 com.google.javascript.jscomp.TypeValidator,686
Sun Jan 14 11:27:47 AEDT 2018 com.google.javascript.jscomp.TypeValidator,693
Sun Jan 14 11:28:13 AEDT 2018 Sun Jan 14 11:28:13 AEDT 2018 : com.google.javascript.jscomp.TypeValidator,697=>Find no block
Sun Jan 14 11:28:15 AEDT 2018 com.google.javascript.jscomp.TypeValidator,532
Sun Jan 14 11:38:30 AEDT 2018 com.google.javascript.jscomp.TypeValidator,533
Sun Jan 14 11:38:31 AEDT 2018 com.google.javascript.jscomp.TypeValidator,536
Sun Jan 14 11:38:33 AEDT 2018 com.google.javascript.jscomp.TypeValidator,386
Sun Jan 14 11:56:44 AEDT 2018 com.google.javascript.jscomp.TypeValidator,366
Sun Jan 14 11:56:46 AEDT 2018 com.google.javascript.jscomp.TypeValidator,574
Sun Jan 14 11:56:47 AEDT 2018 com.google.javascript.rhino.jstype.EnumType,160
Sun Jan 14 11:56:51 AEDT 2018 com.google.javascript.rhino.jstype.PrototypeObjectType,436
Sun Jan 14 11:57:05 AEDT 2018 com.google.javascript.jscomp.parsing.JsDocInfoParser,388
Sun Jan 14 11:59:22 AEDT 2018 com.google.javascript.rhino.jstype.FunctionType,928
Sun Jan 14 12:01:38 AEDT 2018 com.google.javascript.rhino.jstype.EnumElementType,169
Sun Jan 14 12:01:59 AEDT 2018 com.google.javascript.jscomp.TypeCheck,1066
Sun Jan 14 12:02:23 AEDT 2018 com.google.javascript.rhino.jstype.EnumElementType,87
Sun Jan 14 12:02:29 AEDT 2018 com.google.javascript.rhino.jstype.EnumElementType,168
Sun Jan 14 12:02:31 AEDT 2018 com.google.javascript.rhino.jstype.EnumElementType,201
Sun Jan 14 12:02:32 AEDT 2018 com.google.javascript.rhino.jstype.ObjectType,583
Sun Jan 14 12:02:56 AEDT 2018 com.google.javascript.rhino.jstype.EnumType,116
Sun Jan 14 12:08:01 AEDT 2018 com.google.javascript.rhino.jstype.EnumType,117
Sun Jan 14 12:08:03 AEDT 2018 com.google.javascript.jscomp.Compiler,2117
Sun Jan 14 12:08:15 AEDT 2018 com.google.javascript.jscomp.TypedScopeCreator,1036
Sun Jan 14 12:09:52 AEDT 2018 com.google.javascript.jscomp.GoogleCodingConvention,114
Sun Jan 14 12:10:18 AEDT 2018 com.google.javascript.jscomp.TypeCheck,1869
Sun Jan 14 12:17:20 AEDT 2018 com.google.javascript.jscomp.TypeCheck,1870
Sun Jan 14 12:17:21 AEDT 2018 com.google.javascript.jscomp.TypeCheck,1872
Sun Jan 14 12:17:22 AEDT 2018 Sun Jan 14 12:17:22 AEDT 2018 : com.google.javascript.jscomp.TypeCheck,1875=>Find no block
Sun Jan 14 12:17:24 AEDT 2018 com.google.javascript.jscomp.TypedScopeCreator,1027
Timeout time : 18/01/14 12:23
