=================================================
Project : closure_68	start : 18/01/13 21:22
Current failed test : com.google.javascript.jscomp.parsing.JsDocInfoParserTest::testIssue477 | 18/01/13 21:23
Sat Jan 13 21:39:22 AEDT 2018 com.google.javascript.jscomp.parsing.JsDocTokenStream,352
Sat Jan 13 21:41:30 AEDT 2018 com.google.javascript.jscomp.parsing.JsDocInfoParser,886
Sat Jan 13 21:42:51 AEDT 2018 com.google.javascript.jscomp.parsing.JsDocInfoParser,887
Sat Jan 13 21:45:16 AEDT 2018 com.google.javascript.jscomp.parsing.JsDocInfoParser,1761

----------------------------------------
----------------------------------------
Pass Single Test : [=>0,0]
if(token!=JsDocToken.LP){
restoreLookAhead(token);
return reportTypeSyntaxWarning("msg.jsdoc.missing.lp");
}

Time : 18/01/13 21:50
----------------------------------------

----------------------------------------
----------------------------------------
Similar code block : 1.1196263565463043 : [/home/hz985/jiajun/d4j/projects/closure/closure_68_buggy/src/com/google/javascript/jscomp/parsing/JsDocInfoParser.java=>0,0]
if(token==JsDocToken.COMMA||token==JsDocToken.EQUALS||token==JsDocToken.RC||token==JsDocToken.RP||token==JsDocToken.PIPE){
restoreLookAhead(token);
return newNode(Token.QMARK);
}
return wrapNode(Token.QMARK,parseBasicTypeExpression(token));

Time : 18/01/13 21:56
----------------------------------------

----------------------------------------
----------------------------------------
Original source code : [/home/hz985/jiajun/d4j/projects/closure/closure_68_buggy/src/com/google/javascript/jscomp/parsing/JsDocInfoParser.java=>1760,1762]
if(token!=JsDocToken.LP){
return reportTypeSyntaxWarning("msg.jsdoc.missing.lp");
}

Time : 18/01/13 21:56
----------------------------------------

----------------------------------------
----------------------------------------
Find a patch : [/home/hz985/jiajun/d4j/projects/closure/closure_68_buggy/src/com/google/javascript/jscomp/parsing/JsDocInfoParser.java=>1760,1762]
if(token!=JsDocToken.LP){
restoreLookAhead(token);
return reportTypeSyntaxWarning("msg.jsdoc.missing.lp");
}

Time : 18/01/13 21:56
----------------------------------------
Success time : 18/01/13 21:56
