=================================================
Project : closure_78	start : 18/01/14 07:53
Current failed test : com.google.javascript.jscomp.PeepholeFoldConstantsTest::testFoldArithmetic | 18/01/14 07:54
Sun Jan 14 07:57:27 AEDT 2018 com.google.javascript.jscomp.PeepholeFoldConstants,718
Sun Jan 14 08:01:13 AEDT 2018 com.google.javascript.jscomp.PeepholeFoldConstants,719
Sun Jan 14 08:01:19 AEDT 2018 com.google.javascript.jscomp.PeepholeFoldConstants,717
Sun Jan 14 08:01:24 AEDT 2018 com.google.javascript.jscomp.PeepholeFoldConstants,721
Sun Jan 14 08:06:27 AEDT 2018 com.google.javascript.jscomp.PeepholeFoldConstants,722
Sun Jan 14 08:06:40 AEDT 2018 Sun Jan 14 08:06:40 AEDT 2018 : com.google.javascript.rhino.Node,175=>Find no block
Sun Jan 14 08:06:45 AEDT 2018 com.google.javascript.rhino.Node,195
Sun Jan 14 08:07:13 AEDT 2018 com.google.javascript.rhino.Node,843
Sun Jan 14 08:23:51 AEDT 2018 com.google.javascript.rhino.Node,844
Sun Jan 14 08:23:57 AEDT 2018 com.google.javascript.rhino.Node,845
Sun Jan 14 08:24:02 AEDT 2018 com.google.javascript.rhino.Node,848
Sun Jan 14 08:24:07 AEDT 2018 com.google.javascript.rhino.Node,849
Sun Jan 14 08:24:14 AEDT 2018 com.google.javascript.rhino.Node,850
Sun Jan 14 08:24:19 AEDT 2018 com.google.javascript.rhino.Node,851
Sun Jan 14 08:24:24 AEDT 2018 com.google.javascript.rhino.Node,854
Sun Jan 14 08:24:29 AEDT 2018 com.google.javascript.rhino.Node,855
Sun Jan 14 08:24:37 AEDT 2018 com.google.javascript.rhino.Node,908
Sun Jan 14 08:24:50 AEDT 2018 com.google.javascript.rhino.Node,916
Sun Jan 14 08:29:27 AEDT 2018 com.google.javascript.rhino.Node,917
Sun Jan 14 08:29:32 AEDT 2018 com.google.javascript.rhino.Node,918
Sun Jan 14 08:29:37 AEDT 2018 com.google.javascript.rhino.Node,929
Sun Jan 14 11:18:21 AEDT 2018 com.google.javascript.rhino.Node,930
Sun Jan 14 11:18:26 AEDT 2018 com.google.javascript.rhino.Node,933
Sun Jan 14 11:18:30 AEDT 2018 com.google.javascript.rhino.Node,941
Sun Jan 14 11:18:35 AEDT 2018 com.google.javascript.rhino.Node,960
Sun Jan 14 11:18:40 AEDT 2018 com.google.javascript.rhino.Node,961
Sun Jan 14 11:18:45 AEDT 2018 com.google.javascript.rhino.Node,963
Sun Jan 14 11:18:49 AEDT 2018 com.google.javascript.rhino.Node,964
Sun Jan 14 11:18:55 AEDT 2018 com.google.javascript.rhino.Node,965
Sun Jan 14 11:18:59 AEDT 2018 com.google.javascript.rhino.Node,966
Sun Jan 14 11:19:04 AEDT 2018 com.google.javascript.rhino.Node,967
Sun Jan 14 11:19:09 AEDT 2018 com.google.javascript.rhino.Node,971
Sun Jan 14 11:19:14 AEDT 2018 com.google.javascript.rhino.Node,972
Sun Jan 14 11:19:28 AEDT 2018 com.google.javascript.rhino.Node,973
Sun Jan 14 11:19:32 AEDT 2018 com.google.javascript.rhino.Node,974
Sun Jan 14 11:36:19 AEDT 2018 com.google.javascript.rhino.Node,975
Sun Jan 14 11:36:24 AEDT 2018 com.google.javascript.rhino.Node,976
Sun Jan 14 11:49:48 AEDT 2018 com.google.javascript.rhino.Node,977
Sun Jan 14 12:00:58 AEDT 2018 com.google.javascript.rhino.Node,978
Sun Jan 14 12:14:10 AEDT 2018 Sun Jan 14 12:14:10 AEDT 2018 : com.google.javascript.rhino.Node,980=>Find no block
Sun Jan 14 12:14:15 AEDT 2018 com.google.javascript.rhino.Node,1016
Sun Jan 14 12:19:07 AEDT 2018 com.google.javascript.rhino.Node,1017
Sun Jan 14 12:19:12 AEDT 2018 com.google.javascript.rhino.Node,1018
Sun Jan 14 12:19:16 AEDT 2018 com.google.javascript.rhino.Node,1024
Timeout time : 18/01/14 12:57
