=================================================
Project : closure_79	start : 18/01/14 06:58
Current failed test : com.google.javascript.jscomp.VarCheckTest::testCallInExterns | 18/01/14 07:01
Sun Jan 14 07:14:21 AEDT 2018 com.google.javascript.jscomp.VarCheck,247
Sun Jan 14 07:22:03 AEDT 2018 com.google.javascript.jscomp.VarCheck,249
Sun Jan 14 07:32:49 AEDT 2018 com.google.javascript.jscomp.VarCheck,250

----------------------------------------
----------------------------------------
Pass Single Test : [=>0,0]
Scope scope=t.getScope();
Scope.Var var=scope.getVar(n.getString());
if(var!=null){
varsToDeclareInExterns.add(n.getString());
}

Time : 18/01/14 07:35
----------------------------------------

----------------------------------------
----------------------------------------
Pass Single Test : [=>0,0]
Scope scope=t.getScope();
if(n.getString().isEmpty()){
return ;
}
Scope.Var var=scope.getVar(n.getString());
if(var!=null){
varsToDeclareInExterns.add(n.getString());
}

Time : 18/01/14 07:38
----------------------------------------

----------------------------------------
----------------------------------------
Pass Single Test : [=>0,0]
Scope scope=t.getScope();
Scope.Var var=scope.getVar(n.getString());
Preconditions.checkState(n.getString().length()!=0);
if(var!=null){
varsToDeclareInExterns.add(n.getString());
}

Time : 18/01/14 07:46
----------------------------------------

----------------------------------------
----------------------------------------
Pass Single Test : [=>0,0]
Scope scope=t.getScope();
Scope.Var var=scope.getVar(n.getString());
if(n.getType()!=Token.CALL){
return ;
}
if(var==null){
varsToDeclareInExterns.add(n.getString());
}

Time : 18/01/14 07:51
----------------------------------------

----------------------------------------
----------------------------------------
Pass Single Test : [=>0,0]
Scope scope=t.getScope();
Scope.Var var=scope.getVar(n.getString());
if(n.getType()!=Token.CALL){
return ;
}
if(var==null){
varsToDeclareInExterns.add(n.getString());
return ;
}

Time : 18/01/14 07:54
----------------------------------------

----------------------------------------
----------------------------------------
Pass Single Test : [=>0,0]
Scope scope=t.getScope();
Scope.Var var=scope.getVar(n.getString());
if(n.getType()!=Token.RETURN){
return ;
}
if(var==null){
varsToDeclareInExterns.add(n.getString());
}

Time : 18/01/14 07:58
----------------------------------------

----------------------------------------
----------------------------------------
Pass Single Test : [=>0,0]
Scope scope=t.getScope();
Scope.Var var=scope.getVar(n.getString());
if(n.getType()!=Token.RETURN){
return ;
}
if(var!=null){
varsToDeclareInExterns.add(n.getString());
}

Time : 18/01/14 08:01
----------------------------------------

----------------------------------------
----------------------------------------
Pass Single Test : [=>0,0]
Scope scope=t.getScope();
Scope.Var var=scope.getVar(n.getString());
if(n.getType()!=Token.FUNCTION){
return ;
}
if(var==null){
varsToDeclareInExterns.add(n.getString());
}

Time : 18/01/14 08:05
----------------------------------------

----------------------------------------
----------------------------------------
Pass Single Test : [=>0,0]
Scope scope=t.getScope();
Scope.Var var=scope.getVar(n.getString());
if(n.getType()!=Token.FUNCTION){
return ;
}
if(var==null){
varsToDeclareInExterns.add(n.getString());
return ;
}

Time : 18/01/14 08:08
----------------------------------------

----------------------------------------
----------------------------------------
Pass Single Test : [=>0,0]
compiler.reportCodeChange();
Scope scope=t.getScope();
Scope.Var var=scope.getVar(n.getString());
if(var==null){
varsToDeclareInExterns.add(n.getString());
}

Time : 18/01/14 08:12
----------------------------------------

----------------------------------------
----------------------------------------
Similar code block : 1.1986727864989266 : [/home/hz985/jiajun/d4j/projects/closure/closure_79_buggy/src/com/google/javascript/jscomp/VarCheck.java=>0,0]
String googNowQName=googNow.getQualifiedName();
if(googNowQName==null||!"goog.now".equals(googNowQName)||googNow.getNext()!=null){
return ;
}
n.removeChild(callGoogNow);
compiler.reportCodeChange();

Time : 18/01/14 08:15
----------------------------------------

----------------------------------------
----------------------------------------
Original source code : [/home/hz985/jiajun/d4j/projects/closure/closure_79_buggy/src/com/google/javascript/jscomp/VarCheck.java=>249,253]
Scope scope=t.getScope();
Scope.Var var=scope.getVar(n.getString());
if(var==null){
varsToDeclareInExterns.add(n.getString());
}

Time : 18/01/14 08:15
----------------------------------------

----------------------------------------
----------------------------------------
Find a patch : [/home/hz985/jiajun/d4j/projects/closure/closure_79_buggy/src/com/google/javascript/jscomp/VarCheck.java=>249,253]
compiler.reportCodeChange();
Scope scope=t.getScope();
Scope.Var var=scope.getVar(n.getString());
if(var==null){
varsToDeclareInExterns.add(n.getString());
}

Time : 18/01/14 08:15
----------------------------------------
Success time : 18/01/14 08:15
Current failed test : com.google.javascript.jscomp.NormalizeTest::testIssue | 18/01/14 08:15
Sun Jan 14 08:30:30 AEDT 2018 Sun Jan 14 08:30:30 AEDT 2018 : com.google.javascript.jscomp.NodeTraversal,279=>Find no block
Sun Jan 14 08:30:35 AEDT 2018 com.google.javascript.jscomp.NodeTraversal,280

----------------------------------------
----------------------------------------
Pass Single Test : [=>0,0]
curNode.setType(Token.GET);
for(Node root : roots){
Preconditions.checkState(root.getParent()==scopeRoot);
traverseBranch(root,scopeRoot);
}

Time : 18/01/14 08:55
----------------------------------------

----------------------------------------
----------------------------------------
Pass Single Test : [=>0,0]
if(scopes.isEmpty()){
return ;
}
try{
Node scopeRoot=roots.get(0).getParent();
Preconditions.checkState(scopeRoot!=null);
sourceName="";
curNode=scopeRoot;
pushScope(scopeRoot);
for(Node root : roots){
Preconditions.checkState(root.getParent()==scopeRoot);
traverseBranch(root,scopeRoot);
}
popScope();
}catch (Exception unexpectedException) {
  throwUnexpectedException(unexpectedException);
}


Time : 18/01/14 09:11
----------------------------------------
Sun Jan 14 09:15:23 AEDT 2018 com.google.javascript.jscomp.Normalize,690
Timeout time : 18/01/14 09:30
Current failed test : com.google.javascript.jscomp.VarCheckTest::testPropReferenceInExterns1 | 18/01/14 09:30
Sun Jan 14 09:43:59 AEDT 2018 com.google.javascript.jscomp.VarCheck,241
Sun Jan 14 09:51:04 AEDT 2018 com.google.javascript.jscomp.VarCheck,242
Sun Jan 14 09:51:09 AEDT 2018 com.google.javascript.rhino.Node,2043
Sun Jan 14 09:51:20 AEDT 2018 com.google.javascript.rhino.Node,2044
Sun Jan 14 09:51:24 AEDT 2018 com.google.javascript.rhino.Node,2046
Sun Jan 14 09:52:47 AEDT 2018 Sun Jan 14 09:52:47 AEDT 2018 : com.google.javascript.rhino.Node,2047=>Find no block
Sun Jan 14 09:52:51 AEDT 2018 com.google.javascript.rhino.JSDocInfo,545
Sun Jan 14 10:03:54 AEDT 2018 com.google.javascript.rhino.JSDocInfo,547
Sun Jan 14 10:05:15 AEDT 2018 com.google.javascript.rhino.JSDocInfo,548
Sun Jan 14 10:05:20 AEDT 2018 com.google.javascript.rhino.JSDocInfo,550
Sun Jan 14 10:05:24 AEDT 2018 Sun Jan 14 10:05:24 AEDT 2018 : com.google.javascript.rhino.JSDocInfo,551=>Find no block
Sun Jan 14 10:05:28 AEDT 2018 com.google.javascript.jscomp.VarCheck,137

----------------------------------------
----------------------------------------
Pass Single Test : [=>0,0]
if((parent.getType()==Token.VAR||NodeUtil.isFunctionDeclaration(parent))&&varsToDeclareInExterns.contains(varName)){
compiler.reportCodeChange();
createSynthesizedExternVar(varName);
n.addSuppression("duplicate");
}

Time : 18/01/14 10:27
----------------------------------------

----------------------------------------
----------------------------------------
Similar code block : 1.2405535048490524 : [/home/hz985/jiajun/d4j/projects/closure/closure_79_buggy/src/com/google/javascript/jscomp/VarCheck.java=>0,0]
if(moduleGraph.dependsOn(deepestCommonModuleRef,prop.getModule())&&value.getType()==Token.FUNCTION){
Node valueParent=value.getParent();
if(valueParent.getType()==Token.GET||valueParent.getType()==Token.SET){
continue;
}
Node proto=prop.getPrototype();
int stubId=idGenerator.newId();
valueParent.replaceChild(value,new Node(Token.CALL,Node.newString(Token.NAME,STUB_METHOD_NAME),Node.newNumber(stubId)).copyInformationFromForTree(value));
Node unstubParent=compiler.getNodeForCodeInsertion(deepestCommonModuleRef);
unstubParent.addChildToFront(new Node(Token.EXPR_RESULT,new Node(Token.ASSIGN,new Node(Token.GETPROP,proto.cloneTree(),Node.newString(Token.STRING,nameInfo.name)),new Node(Token.CALL,Node.newString(Token.NAME,UNSTUB_METHOD_NAME),Node.newNumber(stubId),value))).copyInformationFromForTree(value));
compiler.reportCodeChange();
logger.fine("Moved method: "+proto.getQualifiedName());
}

Time : 18/01/14 10:31
----------------------------------------

----------------------------------------
----------------------------------------
Original source code : [/home/hz985/jiajun/d4j/projects/closure/closure_79_buggy/src/com/google/javascript/jscomp/VarCheck.java=>134,140]
if((parent.getType()==Token.VAR||NodeUtil.isFunctionDeclaration(parent))&&varsToDeclareInExterns.contains(varName)){
createSynthesizedExternVar(varName);
n.addSuppression("duplicate");
}

Time : 18/01/14 10:31
----------------------------------------

----------------------------------------
----------------------------------------
Find a patch : [/home/hz985/jiajun/d4j/projects/closure/closure_79_buggy/src/com/google/javascript/jscomp/VarCheck.java=>134,140]
if((parent.getType()==Token.VAR||NodeUtil.isFunctionDeclaration(parent))&&varsToDeclareInExterns.contains(varName)){
compiler.reportCodeChange();
createSynthesizedExternVar(varName);
n.addSuppression("duplicate");
}

Time : 18/01/14 10:31
----------------------------------------
Success time : 18/01/14 10:31
Current failed test : com.google.javascript.jscomp.VarCheckTest::testVarReferenceInExterns | 18/01/14 10:31
Already fixed : com.google.javascript.jscomp.VarCheckTest::testVarReferenceInExterns
Current failed test : com.google.javascript.jscomp.VarCheckTest::testPropReferenceInExterns3 | 18/01/14 10:31
Already fixed : com.google.javascript.jscomp.VarCheckTest::testPropReferenceInExterns3
