=================================================
Project : closure_8	start : 18/01/14 02:17
Current failed test : com.google.javascript.jscomp.CollapseVariableDeclarationsTest::testIssue820 | 18/01/14 02:17
Sun Jan 14 02:17:53 AEDT 2018 Sun Jan 14 02:17:53 AEDT 2018 : com.google.javascript.rhino.Node,112=>Find no block
Sun Jan 14 02:17:55 AEDT 2018 com.google.javascript.rhino.Node,115
Sun Jan 14 02:18:07 AEDT 2018 com.google.javascript.rhino.Node,121
Sun Jan 14 02:18:18 AEDT 2018 com.google.javascript.rhino.Node,132
Sun Jan 14 02:18:30 AEDT 2018 com.google.javascript.rhino.Node,133
Sun Jan 14 02:18:40 AEDT 2018 com.google.javascript.rhino.Node,860
Sun Jan 14 02:28:40 AEDT 2018 com.google.javascript.rhino.Node,861
Sun Jan 14 02:28:42 AEDT 2018 com.google.javascript.rhino.Node,862
Sun Jan 14 02:28:44 AEDT 2018 com.google.javascript.rhino.Node,865
Sun Jan 14 02:28:45 AEDT 2018 com.google.javascript.rhino.Node,866
Sun Jan 14 02:28:46 AEDT 2018 com.google.javascript.rhino.Node,867
Sun Jan 14 02:28:48 AEDT 2018 com.google.javascript.rhino.Node,868
Sun Jan 14 02:28:49 AEDT 2018 com.google.javascript.rhino.Node,871
Sun Jan 14 02:28:50 AEDT 2018 com.google.javascript.rhino.Node,872
Sun Jan 14 02:28:52 AEDT 2018 com.google.javascript.rhino.Node,917
Sun Jan 14 02:28:56 AEDT 2018 com.google.javascript.rhino.Node,939
Sun Jan 14 02:54:22 AEDT 2018 com.google.javascript.rhino.Node,943
Sun Jan 14 02:54:24 AEDT 2018 com.google.javascript.rhino.Node,946
Sun Jan 14 02:54:25 AEDT 2018 com.google.javascript.rhino.Node,949
Sun Jan 14 02:54:26 AEDT 2018 com.google.javascript.rhino.Node,950
Sun Jan 14 02:54:28 AEDT 2018 com.google.javascript.rhino.Node,953
Sun Jan 14 02:59:07 AEDT 2018 com.google.javascript.rhino.Node,954
Sun Jan 14 02:59:09 AEDT 2018 com.google.javascript.rhino.Node,955
Sun Jan 14 02:59:10 AEDT 2018 com.google.javascript.rhino.Node,956
Sun Jan 14 02:59:11 AEDT 2018 com.google.javascript.rhino.Node,961
Sun Jan 14 02:59:54 AEDT 2018 com.google.javascript.rhino.Node,962
Sun Jan 14 03:11:39 AEDT 2018 com.google.javascript.rhino.Node,963
Sun Jan 14 03:16:27 AEDT 2018 com.google.javascript.rhino.Node,964
Sun Jan 14 03:16:29 AEDT 2018 com.google.javascript.rhino.Node,965
Sun Jan 14 03:20:22 AEDT 2018 com.google.javascript.rhino.Node,966
Sun Jan 14 03:24:03 AEDT 2018 com.google.javascript.rhino.Node,967
Sun Jan 14 03:28:00 AEDT 2018 Sun Jan 14 03:28:00 AEDT 2018 : com.google.javascript.rhino.Node,969=>Find no block
Sun Jan 14 03:28:02 AEDT 2018 com.google.javascript.rhino.Node,971
Sun Jan 14 03:28:04 AEDT 2018 com.google.javascript.rhino.Node,974
Sun Jan 14 03:33:11 AEDT 2018 com.google.javascript.rhino.Node,975
Sun Jan 14 03:33:12 AEDT 2018 com.google.javascript.rhino.Node,980
Sun Jan 14 03:34:41 AEDT 2018 com.google.javascript.rhino.Node,992
Sun Jan 14 03:34:45 AEDT 2018 com.google.javascript.rhino.Node,997
Sun Jan 14 03:34:50 AEDT 2018 com.google.javascript.rhino.Node,998
Sun Jan 14 03:34:51 AEDT 2018 com.google.javascript.rhino.Node,999
Sun Jan 14 03:34:52 AEDT 2018 com.google.javascript.rhino.Node,1006
Sun Jan 14 03:34:57 AEDT 2018 Sun Jan 14 03:34:57 AEDT 2018 : com.google.javascript.rhino.Node,1007=>Find no block
Sun Jan 14 03:34:58 AEDT 2018 com.google.javascript.rhino.Node,1011
Sun Jan 14 03:40:47 AEDT 2018 com.google.javascript.rhino.Node,1012
Sun Jan 14 03:40:49 AEDT 2018 com.google.javascript.rhino.Node,1014
Sun Jan 14 04:11:56 AEDT 2018 com.google.javascript.rhino.Node,1015
Sun Jan 14 04:11:57 AEDT 2018 Sun Jan 14 04:11:57 AEDT 2018 : com.google.javascript.rhino.Node,1016=>Find no block
Sun Jan 14 04:11:58 AEDT 2018 com.google.javascript.rhino.Node,1017
Sun Jan 14 04:11:59 AEDT 2018 com.google.javascript.rhino.Node,1019
Sun Jan 14 04:12:01 AEDT 2018 Sun Jan 14 04:12:01 AEDT 2018 : com.google.javascript.rhino.Node,1018=>Find no block
Sun Jan 14 04:12:02 AEDT 2018 Sun Jan 14 04:12:02 AEDT 2018 : com.google.javascript.rhino.Node,1021=>Find no block
Sun Jan 14 04:12:03 AEDT 2018 com.google.javascript.rhino.Node,1411
Sun Jan 14 04:12:12 AEDT 2018 com.google.javascript.rhino.Node,1427
Sun Jan 14 04:12:26 AEDT 2018 com.google.javascript.rhino.Node,1440
Sun Jan 14 04:12:30 AEDT 2018 Sun Jan 14 04:12:30 AEDT 2018 : com.google.javascript.rhino.Node,2125=>Find no block
Sun Jan 14 04:12:32 AEDT 2018 com.google.javascript.rhino.Node,2126
Sun Jan 14 04:12:36 AEDT 2018 com.google.javascript.rhino.Node,2127
Sun Jan 14 04:12:37 AEDT 2018 Sun Jan 14 04:12:37 AEDT 2018 : com.google.javascript.rhino.Node,2128=>Find no block
Sun Jan 14 04:12:38 AEDT 2018 com.google.javascript.rhino.Node,311
Sun Jan 14 04:12:50 AEDT 2018 com.google.javascript.rhino.InputId,74
Sun Jan 14 04:12:55 AEDT 2018 com.google.javascript.rhino.Node,343
Sun Jan 14 04:13:15 AEDT 2018 com.google.javascript.jscomp.SourceFile,303
Sun Jan 14 04:13:24 AEDT 2018 com.google.javascript.rhino.Node,924
Sun Jan 14 04:15:00 AEDT 2018 com.google.javascript.rhino.Node,925
Sun Jan 14 04:15:01 AEDT 2018 com.google.javascript.rhino.Node,926
Sun Jan 14 04:15:03 AEDT 2018 com.google.javascript.rhino.Node,934
Sun Jan 14 04:21:06 AEDT 2018 com.google.javascript.rhino.Node,935
Sun Jan 14 04:21:07 AEDT 2018 com.google.javascript.rhino.Node,936
Sun Jan 14 04:21:25 AEDT 2018 com.google.javascript.rhino.Node,937
Sun Jan 14 04:21:26 AEDT 2018 com.google.javascript.rhino.Node,938
Sun Jan 14 04:21:28 AEDT 2018 com.google.javascript.rhino.Node,948
Sun Jan 14 04:21:29 AEDT 2018 com.google.javascript.rhino.Node,952
Sun Jan 14 04:21:30 AEDT 2018 com.google.javascript.rhino.Node,960
Sun Jan 14 04:21:32 AEDT 2018 com.google.javascript.rhino.Node,979
Sun Jan 14 04:22:35 AEDT 2018 Sun Jan 14 04:22:35 AEDT 2018 : com.google.javascript.rhino.Node,988=>Find no block
Sun Jan 14 04:22:37 AEDT 2018 com.google.javascript.jscomp.CollapseVariableDeclarations,228
Sun Jan 14 04:40:16 AEDT 2018 com.google.javascript.jscomp.CollapseVariableDeclarations,229
Sun Jan 14 04:40:17 AEDT 2018 com.google.javascript.jscomp.CollapseVariableDeclarations,230
Sun Jan 14 05:00:07 AEDT 2018 com.google.javascript.jscomp.CollapseVariableDeclarations,231
Sun Jan 14 05:17:44 AEDT 2018 com.google.javascript.jscomp.CollapseVariableDeclarations,232
Sun Jan 14 05:32:07 AEDT 2018 com.google.javascript.jscomp.CollapseVariableDeclarations,233
Sun Jan 14 05:39:55 AEDT 2018 com.google.javascript.jscomp.CollapseVariableDeclarations,234
Sun Jan 14 05:39:56 AEDT 2018 com.google.javascript.jscomp.CollapseVariableDeclarations,240
Sun Jan 14 05:40:34 AEDT 2018 com.google.javascript.jscomp.CollapseVariableDeclarations,241
Sun Jan 14 05:40:35 AEDT 2018 com.google.javascript.jscomp.CollapseVariableDeclarations,242
Sun Jan 14 05:40:36 AEDT 2018 com.google.javascript.rhino.Node,1532
Sun Jan 14 05:43:16 AEDT 2018 Sun Jan 14 05:43:16 AEDT 2018 : com.google.javascript.jscomp.LineNumberCheck,40=>Find no block
Sun Jan 14 05:43:17 AEDT 2018 Sun Jan 14 05:43:17 AEDT 2018 : com.google.javascript.jscomp.LineNumberCheck,38=>Find no block
Sun Jan 14 05:43:19 AEDT 2018 com.google.javascript.jscomp.LineNumberCheck,41
Sun Jan 14 05:44:41 AEDT 2018 Sun Jan 14 05:44:41 AEDT 2018 : com.google.javascript.jscomp.LineNumberCheck,42=>Find no block
Sun Jan 14 05:44:42 AEDT 2018 Sun Jan 14 05:44:42 AEDT 2018 : com.google.javascript.jscomp.LineNumberCheck,30=>Find no block
Sun Jan 14 05:44:44 AEDT 2018 com.google.javascript.jscomp.LineNumberCheck,52
Sun Jan 14 05:50:09 AEDT 2018 com.google.javascript.jscomp.LineNumberCheck,54
Sun Jan 14 05:50:10 AEDT 2018 Sun Jan 14 05:50:10 AEDT 2018 : com.google.javascript.jscomp.LineNumberCheck,55=>Find no block
Sun Jan 14 05:50:11 AEDT 2018 com.google.javascript.jscomp.LineNumberCheck,61
Sun Jan 14 05:55:38 AEDT 2018 com.google.javascript.jscomp.LineNumberCheck,62
Sun Jan 14 05:55:39 AEDT 2018 com.google.javascript.jscomp.LineNumberCheck,64
Sun Jan 14 06:02:47 AEDT 2018 com.google.javascript.jscomp.LineNumberCheck,69
Sun Jan 14 06:18:23 AEDT 2018 com.google.javascript.jscomp.LineNumberCheck,70
Sun Jan 14 06:18:24 AEDT 2018 com.google.javascript.jscomp.LineNumberCheck,71
Sun Jan 14 06:18:25 AEDT 2018 com.google.javascript.jscomp.LineNumberCheck,72
Sun Jan 14 06:18:26 AEDT 2018 Sun Jan 14 06:18:26 AEDT 2018 : com.google.javascript.jscomp.LineNumberCheck,80=>Find no block
Sun Jan 14 06:18:27 AEDT 2018 com.google.javascript.jscomp.AstValidator,68
Sun Jan 14 06:21:53 AEDT 2018 com.google.javascript.jscomp.AstValidator,69
Sun Jan 14 06:21:54 AEDT 2018 com.google.javascript.jscomp.AstValidator,70
Sun Jan 14 06:21:56 AEDT 2018 com.google.javascript.jscomp.AstValidator,71
Sun Jan 14 06:21:57 AEDT 2018 com.google.javascript.jscomp.AstValidator,72
Sun Jan 14 06:21:58 AEDT 2018 Sun Jan 14 06:21:58 AEDT 2018 : com.google.javascript.jscomp.AstValidator,73=>Find no block
Sun Jan 14 06:21:59 AEDT 2018 com.google.javascript.rhino.jstype.ObjectType,489
Sun Jan 14 06:22:55 AEDT 2018 com.google.javascript.rhino.jstype.InstanceObjectType,163
Sun Jan 14 06:23:31 AEDT 2018 com.google.javascript.rhino.Node,1493
Sun Jan 14 06:28:11 AEDT 2018 com.google.javascript.rhino.Node,1531
Sun Jan 14 06:28:12 AEDT 2018 Sun Jan 14 06:28:12 AEDT 2018 : com.google.javascript.rhino.Node,1530=>Find no block
Sun Jan 14 06:28:14 AEDT 2018 com.google.javascript.rhino.jstype.UnionTypeBuilder,185
Sun Jan 14 06:31:05 AEDT 2018 com.google.javascript.rhino.jstype.JSType,432
Sun Jan 14 06:31:09 AEDT 2018 com.google.javascript.jscomp.CollapseVariableDeclarations,185
Sun Jan 14 06:34:51 AEDT 2018 com.google.javascript.jscomp.SyntacticScopeCreator,195
Sun Jan 14 06:49:22 AEDT 2018 com.google.javascript.jscomp.SyntacticScopeCreator,198
Sun Jan 14 07:04:57 AEDT 2018 Sun Jan 14 07:04:57 AEDT 2018 : com.google.javascript.jscomp.SyntacticScopeCreator,225=>Find no block
Sun Jan 14 07:04:59 AEDT 2018 com.google.javascript.jscomp.SyntacticScopeCreator,240
Sun Jan 14 07:09:10 AEDT 2018 Sun Jan 14 07:09:10 AEDT 2018 : com.google.javascript.jscomp.SyntacticScopeCreator,33=>Find no block
Sun Jan 14 07:09:11 AEDT 2018 com.google.javascript.jscomp.CollapseVariableDeclarations,201
Timeout time : 18/01/14 07:17
