=================================================
Project : closure_80	start : 18/01/14 09:48
Current failed test : com.google.javascript.jscomp.NodeUtilTest::testLocalValue1_purify_61 | 18/01/14 09:54
Sun Jan 14 10:00:47 EST 2018 com.google.javascript.jscomp.NodeUtil,2923
Sun Jan 14 10:07:08 EST 2018 com.google.javascript.rhino.Node,217
Sun Jan 14 10:07:13 EST 2018 com.google.javascript.jscomp.parsing.IRFactory,1015
Sun Jan 14 10:07:18 EST 2018 com.google.javascript.rhino.Node,931
Sun Jan 14 10:07:33 EST 2018 com.google.javascript.rhino.Node,932
Sun Jan 14 10:07:33 EST 2018 Sun Jan 14 10:07:33 EST 2018 : com.google.javascript.rhino.Node,175=>Find no block
Sun Jan 14 10:07:34 EST 2018 com.google.javascript.rhino.Node,195
Sun Jan 14 10:07:38 EST 2018 com.google.javascript.rhino.Node,843
Sun Jan 14 10:17:38 EST 2018 com.google.javascript.rhino.Node,844
Sun Jan 14 10:17:38 EST 2018 com.google.javascript.rhino.Node,845
Sun Jan 14 10:17:38 EST 2018 com.google.javascript.rhino.Node,848
Sun Jan 14 10:17:38 EST 2018 com.google.javascript.rhino.Node,849
Sun Jan 14 10:17:38 EST 2018 com.google.javascript.rhino.Node,850
Sun Jan 14 10:17:38 EST 2018 com.google.javascript.rhino.Node,851
Sun Jan 14 10:17:38 EST 2018 com.google.javascript.rhino.Node,854
Sun Jan 14 10:17:38 EST 2018 com.google.javascript.rhino.Node,855
Sun Jan 14 10:17:39 EST 2018 com.google.javascript.rhino.Node,908
Sun Jan 14 10:17:40 EST 2018 com.google.javascript.rhino.Node,964
Sun Jan 14 10:29:58 EST 2018 com.google.javascript.rhino.Node,965
Sun Jan 14 10:29:58 EST 2018 com.google.javascript.rhino.Node,966
Sun Jan 14 10:29:58 EST 2018 com.google.javascript.rhino.Node,967
Sun Jan 14 10:29:58 EST 2018 com.google.javascript.rhino.Node,972
Sun Jan 14 10:40:33 EST 2018 com.google.javascript.rhino.Node,973
Sun Jan 14 11:04:16 EST 2018 com.google.javascript.rhino.Node,974
Sun Jan 14 11:15:52 EST 2018 com.google.javascript.rhino.Node,975
Sun Jan 14 11:15:52 EST 2018 com.google.javascript.rhino.Node,976
Sun Jan 14 11:25:12 EST 2018 com.google.javascript.rhino.Node,977
Sun Jan 14 11:33:03 EST 2018 com.google.javascript.rhino.Node,978
Sun Jan 14 11:42:11 EST 2018 Sun Jan 14 11:42:11 EST 2018 : com.google.javascript.rhino.Node,980=>Find no block
Sun Jan 14 11:42:12 EST 2018 com.google.javascript.rhino.Node,1016
Sun Jan 14 11:44:38 EST 2018 com.google.javascript.rhino.Node,1017
Sun Jan 14 11:44:38 EST 2018 com.google.javascript.rhino.Node,1018
Sun Jan 14 11:44:38 EST 2018 com.google.javascript.rhino.Node,1024
Timeout time : 18/01/14 12:30
Current failed test : com.google.javascript.jscomp.NodeUtilTest::testIsBooleanResult_purify_36 | 18/01/14 12:30
Sun Jan 14 12:37:36 EST 2018 com.google.javascript.jscomp.parsing.IRFactory,1015
Sun Jan 14 12:37:41 EST 2018 com.google.javascript.jscomp.NodeUtil,1264
Sun Jan 14 12:37:42 EST 2018 com.google.javascript.jscomp.NodeUtil,1239
Sun Jan 14 12:38:50 EST 2018 Sun Jan 14 12:38:50 EST 2018 : com.google.javascript.jscomp.NodeUtil,1243=>Find no block
Sun Jan 14 12:38:50 EST 2018 com.google.javascript.jscomp.NodeUtil,1228
Sun Jan 14 12:39:38 EST 2018 Sun Jan 14 12:39:38 EST 2018 : com.google.javascript.jscomp.NodeUtil,1158=>Find no block
Sun Jan 14 12:39:38 EST 2018 com.google.javascript.jscomp.NodeUtil,1170
Sun Jan 14 12:42:29 EST 2018 com.google.javascript.jscomp.parsing.IRFactory,831
Sun Jan 14 12:55:00 EST 2018 com.google.javascript.jscomp.parsing.IRFactory,843
Sun Jan 14 13:16:15 EST 2018 com.google.javascript.jscomp.parsing.IRFactory,844
Sun Jan 14 13:16:15 EST 2018 com.google.javascript.jscomp.parsing.IRFactory,847
Sun Jan 14 13:24:52 EST 2018 com.google.javascript.jscomp.parsing.IRFactory,825
Sun Jan 14 13:26:11 EST 2018 com.google.javascript.jscomp.parsing.IRFactory,826
Sun Jan 14 13:26:11 EST 2018 com.google.javascript.jscomp.parsing.IRFactory,827
Timeout time : 18/01/14 15:07
