=================================================
Project : chart_16	start : 17/08/22 19:37
Current failed test : org.jfree.data.category.junit.DefaultIntervalCategoryDatasetTests::testGetColumnIndex | 17/08/22 19:38
Tue Aug 22 19:38:58 AEST 2017 org.jfree.data.category.DefaultIntervalCategoryDataset,625
Tue Aug 22 19:39:20 AEST 2017 org.jfree.data.category.DefaultIntervalCategoryDataset,628
Tue Aug 22 19:39:42 AEST 2017 org.jfree.data.category.DefaultIntervalCategoryDataset,573

----------------------------------------
----------------------------------------
Pass Single Test : [=>0,0]
for(int i=0;i<result;i++){
if(category.equals(this.categoryKeys[i])){
result=i;
break;
}
}

Time : 17/08/22 19:42
----------------------------------------

----------------------------------------
----------------------------------------
Pass Single Test : [=>0,0]
int result=-1;
for(int i=0;i<result;i++){
if(category.equals(this.categoryKeys[i])){
result=i;
break;
}
}
return result;

Time : 17/08/22 19:50
----------------------------------------

----------------------------------------
----------------------------------------
Pass Single Test : [=>0,0]
int result=-1;
new StringBuffer(7).append("#");
for(int i=0;i<result;i++){
if(category.equals(this.categoryKeys[i])){
result=i;
break;
}
}
return result;

Time : 17/08/22 19:51
----------------------------------------
Tue Aug 22 19:55:40 AEST 2017 org.jfree.data.category.DefaultIntervalCategoryDataset,574
Tue Aug 22 19:55:40 AEST 2017 org.jfree.data.category.DefaultIntervalCategoryDataset,207
Tue Aug 22 19:55:43 AEST 2017 org.jfree.data.category.DefaultIntervalCategoryDataset,208
Tue Aug 22 19:55:43 AEST 2017 Tue Aug 22 19:55:43 AEST 2017 : org.jfree.data.general.AbstractDataset,94=>Find no block
Tue Aug 22 19:55:43 AEST 2017 org.jfree.data.general.AbstractDataset,95
Tue Aug 22 19:56:12 AEST 2017 org.jfree.data.general.AbstractDataset,96
Tue Aug 22 19:56:12 AEST 2017 Tue Aug 22 19:56:12 AEST 2017 : org.jfree.data.general.AbstractDataset,97=>Find no block
Tue Aug 22 19:56:12 AEST 2017 org.jfree.data.general.AbstractSeriesDataset,65
Tue Aug 22 19:56:15 AEST 2017 Tue Aug 22 19:56:15 AEST 2017 : org.jfree.data.general.AbstractSeriesDataset,66=>Find no block
Tue Aug 22 19:56:15 AEST 2017 org.jfree.data.general.DatasetGroup,63
Tue Aug 22 19:56:36 AEST 2017 org.jfree.data.general.DatasetGroup,64
Tue Aug 22 19:56:36 AEST 2017 Tue Aug 22 19:56:36 AEST 2017 : org.jfree.data.general.DatasetGroup,65=>Find no block
Tue Aug 22 19:56:36 AEST 2017 org.jfree.data.DataUtilities,125
Tue Aug 22 19:57:05 AEST 2017 org.jfree.data.DataUtilities,128
Tue Aug 22 20:05:35 AEST 2017 org.jfree.data.DataUtilities,129
Tue Aug 22 20:05:35 AEST 2017 org.jfree.data.DataUtilities,130
Tue Aug 22 20:05:35 AEST 2017 org.jfree.data.DataUtilities,133
Tue Aug 22 20:05:35 AEST 2017 org.jfree.data.category.DefaultIntervalCategoryDataset,91
Tue Aug 22 20:05:38 AEST 2017 Tue Aug 22 20:05:38 AEST 2017 : org.jfree.data.category.DefaultIntervalCategoryDataset,93=>Find no block
Tue Aug 22 20:05:38 AEST 2017 org.jfree.data.category.DefaultIntervalCategoryDataset,107
Tue Aug 22 20:05:41 AEST 2017 Tue Aug 22 20:05:41 AEST 2017 : org.jfree.data.category.DefaultIntervalCategoryDataset,108=>Find no block
Tue Aug 22 20:05:41 AEST 2017 Tue Aug 22 20:05:41 AEST 2017 : org.jfree.data.category.DefaultIntervalCategoryDataset,145=>Find no block
Tue Aug 22 20:05:41 AEST 2017 org.jfree.data.category.DefaultIntervalCategoryDataset,147
Timeout time : 17/08/22 20:08
Current failed test : org.jfree.data.category.junit.DefaultIntervalCategoryDatasetTests::testGetColumnCount | 17/08/22 20:08
Tue Aug 22 20:09:22 AEST 2017 org.jfree.data.category.DefaultIntervalCategoryDataset,690
Tue Aug 22 20:09:25 AEST 2017 org.jfree.data.category.DefaultIntervalCategoryDataset,207
Tue Aug 22 20:09:28 AEST 2017 org.jfree.data.category.DefaultIntervalCategoryDataset,208
Tue Aug 22 20:09:28 AEST 2017 Tue Aug 22 20:09:28 AEST 2017 : org.jfree.data.general.AbstractDataset,94=>Find no block
Tue Aug 22 20:09:28 AEST 2017 org.jfree.data.general.AbstractDataset,95
Tue Aug 22 20:09:55 AEST 2017 org.jfree.data.general.AbstractDataset,96
Tue Aug 22 20:09:56 AEST 2017 Tue Aug 22 20:09:56 AEST 2017 : org.jfree.data.general.AbstractDataset,97=>Find no block
Tue Aug 22 20:09:56 AEST 2017 org.jfree.data.general.AbstractSeriesDataset,65
Tue Aug 22 20:09:58 AEST 2017 Tue Aug 22 20:09:58 AEST 2017 : org.jfree.data.general.AbstractSeriesDataset,66=>Find no block
Tue Aug 22 20:09:59 AEST 2017 org.jfree.data.general.DatasetGroup,63
Tue Aug 22 20:10:20 AEST 2017 org.jfree.data.general.DatasetGroup,64
Tue Aug 22 20:10:20 AEST 2017 Tue Aug 22 20:10:20 AEST 2017 : org.jfree.data.general.DatasetGroup,65=>Find no block
Tue Aug 22 20:10:20 AEST 2017 org.jfree.data.DataUtilities,125
Tue Aug 22 20:10:49 AEST 2017 org.jfree.data.DataUtilities,128
Tue Aug 22 20:19:18 AEST 2017 org.jfree.data.DataUtilities,129
Tue Aug 22 20:19:18 AEST 2017 org.jfree.data.DataUtilities,130
Tue Aug 22 20:19:19 AEST 2017 org.jfree.data.DataUtilities,133
Tue Aug 22 20:19:19 AEST 2017 org.jfree.data.category.DefaultIntervalCategoryDataset,91
Tue Aug 22 20:19:22 AEST 2017 Tue Aug 22 20:19:22 AEST 2017 : org.jfree.data.category.DefaultIntervalCategoryDataset,93=>Find no block
Tue Aug 22 20:19:22 AEST 2017 org.jfree.data.category.DefaultIntervalCategoryDataset,107
Tue Aug 22 20:19:25 AEST 2017 Tue Aug 22 20:19:25 AEST 2017 : org.jfree.data.category.DefaultIntervalCategoryDataset,108=>Find no block
Tue Aug 22 20:19:25 AEST 2017 Tue Aug 22 20:19:25 AEST 2017 : org.jfree.data.category.DefaultIntervalCategoryDataset,145=>Find no block
Tue Aug 22 20:19:25 AEST 2017 org.jfree.data.category.DefaultIntervalCategoryDataset,147
Timeout time : 17/08/22 20:39
Current failed test : org.jfree.data.category.junit.DefaultIntervalCategoryDatasetTests::testGetRowCount | 17/08/22 20:39
Tue Aug 22 20:39:46 AEST 2017 org.jfree.data.category.DefaultIntervalCategoryDataset,690
Tue Aug 22 20:39:49 AEST 2017 org.jfree.data.category.DefaultIntervalCategoryDataset,207
Tue Aug 22 20:39:51 AEST 2017 org.jfree.data.category.DefaultIntervalCategoryDataset,208
Tue Aug 22 20:39:51 AEST 2017 Tue Aug 22 20:39:51 AEST 2017 : org.jfree.data.general.AbstractDataset,94=>Find no block
Tue Aug 22 20:39:52 AEST 2017 org.jfree.data.general.AbstractDataset,95
Tue Aug 22 20:40:20 AEST 2017 org.jfree.data.general.AbstractDataset,96
Tue Aug 22 20:40:20 AEST 2017 Tue Aug 22 20:40:20 AEST 2017 : org.jfree.data.general.AbstractDataset,97=>Find no block
Tue Aug 22 20:40:20 AEST 2017 org.jfree.data.general.AbstractSeriesDataset,65
Tue Aug 22 20:40:23 AEST 2017 Tue Aug 22 20:40:23 AEST 2017 : org.jfree.data.general.AbstractSeriesDataset,66=>Find no block
Tue Aug 22 20:40:23 AEST 2017 org.jfree.data.general.DatasetGroup,63
Tue Aug 22 20:40:44 AEST 2017 org.jfree.data.general.DatasetGroup,64
Tue Aug 22 20:40:44 AEST 2017 Tue Aug 22 20:40:44 AEST 2017 : org.jfree.data.general.DatasetGroup,65=>Find no block
Tue Aug 22 20:40:44 AEST 2017 org.jfree.data.DataUtilities,125
Tue Aug 22 20:41:13 AEST 2017 org.jfree.data.DataUtilities,128
Tue Aug 22 20:49:43 AEST 2017 org.jfree.data.DataUtilities,129
Tue Aug 22 20:49:44 AEST 2017 org.jfree.data.DataUtilities,130
Tue Aug 22 20:49:44 AEST 2017 org.jfree.data.DataUtilities,133
Tue Aug 22 20:49:44 AEST 2017 org.jfree.data.category.DefaultIntervalCategoryDataset,91
Tue Aug 22 20:49:47 AEST 2017 Tue Aug 22 20:49:47 AEST 2017 : org.jfree.data.category.DefaultIntervalCategoryDataset,93=>Find no block
Tue Aug 22 20:49:47 AEST 2017 org.jfree.data.category.DefaultIntervalCategoryDataset,107
Tue Aug 22 20:49:50 AEST 2017 Tue Aug 22 20:49:50 AEST 2017 : org.jfree.data.category.DefaultIntervalCategoryDataset,108=>Find no block
Tue Aug 22 20:49:50 AEST 2017 Tue Aug 22 20:49:50 AEST 2017 : org.jfree.data.category.DefaultIntervalCategoryDataset,145=>Find no block
Tue Aug 22 20:49:50 AEST 2017 org.jfree.data.category.DefaultIntervalCategoryDataset,147
Timeout time : 17/08/22 21:09
Current failed test : org.jfree.data.category.junit.DefaultIntervalCategoryDatasetTests::testCloning2_purify_1 | 17/08/22 21:09
Tue Aug 22 21:10:13 AEST 2017 org.jfree.data.general.AbstractDataset,205
Tue Aug 22 21:15:08 AEST 2017 org.jfree.data.general.AbstractDataset,206
Tue Aug 22 21:15:08 AEST 2017 org.jfree.data.general.AbstractDataset,207
Tue Aug 22 21:15:09 AEST 2017 org.jfree.data.category.DefaultIntervalCategoryDataset,746
Tue Aug 22 21:19:29 AEST 2017 org.jfree.data.category.DefaultIntervalCategoryDataset,748
Tue Aug 22 21:19:29 AEST 2017 org.jfree.data.category.DefaultIntervalCategoryDataset,207
Tue Aug 22 21:19:32 AEST 2017 org.jfree.data.category.DefaultIntervalCategoryDataset,208
Tue Aug 22 21:19:32 AEST 2017 Tue Aug 22 21:19:32 AEST 2017 : org.jfree.data.general.AbstractDataset,94=>Find no block
Tue Aug 22 21:19:32 AEST 2017 org.jfree.data.general.AbstractDataset,95
Tue Aug 22 21:20:00 AEST 2017 org.jfree.data.general.AbstractDataset,96
Tue Aug 22 21:20:00 AEST 2017 Tue Aug 22 21:20:00 AEST 2017 : org.jfree.data.general.AbstractDataset,97=>Find no block
Tue Aug 22 21:20:00 AEST 2017 org.jfree.data.general.AbstractSeriesDataset,65
Tue Aug 22 21:20:03 AEST 2017 Tue Aug 22 21:20:03 AEST 2017 : org.jfree.data.general.AbstractSeriesDataset,66=>Find no block
Tue Aug 22 21:20:03 AEST 2017 org.jfree.data.general.DatasetGroup,63
Tue Aug 22 21:20:24 AEST 2017 org.jfree.data.general.DatasetGroup,64
Tue Aug 22 21:20:24 AEST 2017 Tue Aug 22 21:20:24 AEST 2017 : org.jfree.data.general.DatasetGroup,65=>Find no block
Tue Aug 22 21:20:24 AEST 2017 org.jfree.data.DataUtilities,125
Tue Aug 22 21:20:53 AEST 2017 org.jfree.data.DataUtilities,128
Tue Aug 22 21:29:23 AEST 2017 org.jfree.data.DataUtilities,129
Tue Aug 22 21:29:24 AEST 2017 org.jfree.data.DataUtilities,130
Tue Aug 22 21:29:24 AEST 2017 org.jfree.data.DataUtilities,133
Tue Aug 22 21:29:24 AEST 2017 org.jfree.data.category.DefaultIntervalCategoryDataset,91
Tue Aug 22 21:29:27 AEST 2017 Tue Aug 22 21:29:27 AEST 2017 : org.jfree.data.category.DefaultIntervalCategoryDataset,93=>Find no block
Tue Aug 22 21:29:27 AEST 2017 org.jfree.data.category.DefaultIntervalCategoryDataset,107
Tue Aug 22 21:29:30 AEST 2017 Tue Aug 22 21:29:30 AEST 2017 : org.jfree.data.category.DefaultIntervalCategoryDataset,108=>Find no block
Tue Aug 22 21:29:30 AEST 2017 Tue Aug 22 21:29:30 AEST 2017 : org.jfree.data.category.DefaultIntervalCategoryDataset,145=>Find no block
Tue Aug 22 21:29:30 AEST 2017 org.jfree.data.category.DefaultIntervalCategoryDataset,147
Timeout time : 17/08/22 21:40
Current failed test : org.jfree.data.category.junit.DefaultIntervalCategoryDatasetTests::testCloning2_purify_2 | 17/08/22 21:40
Tue Aug 22 21:40:39 AEST 2017 org.jfree.data.general.AbstractDataset,205
Tue Aug 22 21:45:35 AEST 2017 org.jfree.data.general.AbstractDataset,206
Tue Aug 22 21:45:35 AEST 2017 org.jfree.data.general.AbstractDataset,207
Tue Aug 22 21:45:35 AEST 2017 org.jfree.data.category.DefaultIntervalCategoryDataset,746
Tue Aug 22 21:49:55 AEST 2017 org.jfree.data.category.DefaultIntervalCategoryDataset,748
Tue Aug 22 21:49:55 AEST 2017 org.jfree.data.category.DefaultIntervalCategoryDataset,207
Tue Aug 22 21:49:58 AEST 2017 org.jfree.data.category.DefaultIntervalCategoryDataset,208
Tue Aug 22 21:49:58 AEST 2017 Tue Aug 22 21:49:58 AEST 2017 : org.jfree.data.general.AbstractDataset,94=>Find no block
Tue Aug 22 21:49:58 AEST 2017 org.jfree.data.general.AbstractDataset,95
Tue Aug 22 21:50:26 AEST 2017 org.jfree.data.general.AbstractDataset,96
Tue Aug 22 21:50:26 AEST 2017 Tue Aug 22 21:50:26 AEST 2017 : org.jfree.data.general.AbstractDataset,97=>Find no block
Tue Aug 22 21:50:26 AEST 2017 org.jfree.data.general.AbstractSeriesDataset,65
Tue Aug 22 21:50:29 AEST 2017 Tue Aug 22 21:50:29 AEST 2017 : org.jfree.data.general.AbstractSeriesDataset,66=>Find no block
Tue Aug 22 21:50:29 AEST 2017 org.jfree.data.general.DatasetGroup,63
Tue Aug 22 21:50:50 AEST 2017 org.jfree.data.general.DatasetGroup,64
Tue Aug 22 21:50:50 AEST 2017 Tue Aug 22 21:50:50 AEST 2017 : org.jfree.data.general.DatasetGroup,65=>Find no block
Tue Aug 22 21:50:51 AEST 2017 org.jfree.data.DataUtilities,125
Tue Aug 22 21:51:19 AEST 2017 org.jfree.data.DataUtilities,128
Tue Aug 22 21:59:49 AEST 2017 org.jfree.data.DataUtilities,129
Tue Aug 22 21:59:49 AEST 2017 org.jfree.data.DataUtilities,130
Tue Aug 22 21:59:49 AEST 2017 org.jfree.data.DataUtilities,133
Tue Aug 22 21:59:49 AEST 2017 org.jfree.data.category.DefaultIntervalCategoryDataset,91
Tue Aug 22 21:59:52 AEST 2017 Tue Aug 22 21:59:52 AEST 2017 : org.jfree.data.category.DefaultIntervalCategoryDataset,93=>Find no block
Tue Aug 22 21:59:52 AEST 2017 org.jfree.data.category.DefaultIntervalCategoryDataset,107
Tue Aug 22 21:59:55 AEST 2017 Tue Aug 22 21:59:55 AEST 2017 : org.jfree.data.category.DefaultIntervalCategoryDataset,108=>Find no block
Tue Aug 22 21:59:55 AEST 2017 Tue Aug 22 21:59:55 AEST 2017 : org.jfree.data.category.DefaultIntervalCategoryDataset,145=>Find no block
Tue Aug 22 21:59:55 AEST 2017 org.jfree.data.category.DefaultIntervalCategoryDataset,147
Timeout time : 17/08/22 22:10
Current failed test : org.jfree.data.category.junit.DefaultIntervalCategoryDatasetTests::testCloning2_purify_3 | 17/08/22 22:10
Tue Aug 22 22:11:05 AEST 2017 org.jfree.data.general.AbstractDataset,205
Tue Aug 22 22:16:01 AEST 2017 org.jfree.data.general.AbstractDataset,206
Tue Aug 22 22:16:01 AEST 2017 org.jfree.data.general.AbstractDataset,207
Tue Aug 22 22:16:02 AEST 2017 org.jfree.data.category.DefaultIntervalCategoryDataset,746
Tue Aug 22 22:20:22 AEST 2017 org.jfree.data.category.DefaultIntervalCategoryDataset,748
Tue Aug 22 22:20:22 AEST 2017 org.jfree.data.category.DefaultIntervalCategoryDataset,207
Tue Aug 22 22:20:25 AEST 2017 org.jfree.data.category.DefaultIntervalCategoryDataset,208
Tue Aug 22 22:20:25 AEST 2017 Tue Aug 22 22:20:25 AEST 2017 : org.jfree.data.general.AbstractDataset,94=>Find no block
Tue Aug 22 22:20:25 AEST 2017 org.jfree.data.general.AbstractDataset,95
Tue Aug 22 22:20:53 AEST 2017 org.jfree.data.general.AbstractDataset,96
Tue Aug 22 22:20:53 AEST 2017 Tue Aug 22 22:20:53 AEST 2017 : org.jfree.data.general.AbstractDataset,97=>Find no block
Tue Aug 22 22:20:53 AEST 2017 org.jfree.data.general.AbstractSeriesDataset,65
Tue Aug 22 22:20:56 AEST 2017 Tue Aug 22 22:20:56 AEST 2017 : org.jfree.data.general.AbstractSeriesDataset,66=>Find no block
Tue Aug 22 22:20:56 AEST 2017 org.jfree.data.general.DatasetGroup,63
Tue Aug 22 22:21:17 AEST 2017 org.jfree.data.general.DatasetGroup,64
Tue Aug 22 22:21:17 AEST 2017 Tue Aug 22 22:21:17 AEST 2017 : org.jfree.data.general.DatasetGroup,65=>Find no block
Tue Aug 22 22:21:17 AEST 2017 org.jfree.data.DataUtilities,125
Tue Aug 22 22:21:46 AEST 2017 org.jfree.data.DataUtilities,128
Tue Aug 22 22:30:16 AEST 2017 org.jfree.data.DataUtilities,129
Tue Aug 22 22:30:16 AEST 2017 org.jfree.data.DataUtilities,130
Tue Aug 22 22:30:16 AEST 2017 org.jfree.data.DataUtilities,133
Tue Aug 22 22:30:16 AEST 2017 org.jfree.data.category.DefaultIntervalCategoryDataset,91
Tue Aug 22 22:30:19 AEST 2017 Tue Aug 22 22:30:19 AEST 2017 : org.jfree.data.category.DefaultIntervalCategoryDataset,93=>Find no block
Tue Aug 22 22:30:19 AEST 2017 org.jfree.data.category.DefaultIntervalCategoryDataset,107
Tue Aug 22 22:30:22 AEST 2017 Tue Aug 22 22:30:22 AEST 2017 : org.jfree.data.category.DefaultIntervalCategoryDataset,108=>Find no block
Tue Aug 22 22:30:22 AEST 2017 Tue Aug 22 22:30:22 AEST 2017 : org.jfree.data.category.DefaultIntervalCategoryDataset,145=>Find no block
Tue Aug 22 22:30:22 AEST 2017 org.jfree.data.category.DefaultIntervalCategoryDataset,147
Timeout time : 17/08/22 22:41
Current failed test : org.jfree.data.category.junit.DefaultIntervalCategoryDatasetTests::testGetSeriesIndex | 17/08/22 22:41
Tue Aug 22 22:41:32 AEST 2017 org.jfree.data.category.DefaultIntervalCategoryDataset,241

----------------------------------------
----------------------------------------
Pass Single Test : [=>0,0]
for(int i=0;i<result;i++){
if(seriesKey.equals(this.seriesKeys[i])){
result=i;
break;
}
}

Time : 17/08/22 22:43
----------------------------------------

----------------------------------------
----------------------------------------
Pass Single Test : [=>0,0]
int result=-1;
for(int i=0;i<result;i++){
if(seriesKey.equals(this.seriesKeys[i])){
result=i;
break;
}
}
return result;

Time : 17/08/22 22:50
----------------------------------------

----------------------------------------
----------------------------------------
Pass Single Test : [=>0,0]
int result=-1;
new StringBuffer(7).append("#");
for(int i=0;i<result;i++){
if(seriesKey.equals(this.seriesKeys[i])){
result=i;
break;
}
}
return result;

Time : 17/08/22 22:52
----------------------------------------
Tue Aug 22 22:57:29 AEST 2017 org.jfree.data.category.DefaultIntervalCategoryDataset,242
Tue Aug 22 22:57:29 AEST 2017 org.jfree.data.category.DefaultIntervalCategoryDataset,207
Tue Aug 22 22:57:32 AEST 2017 org.jfree.data.category.DefaultIntervalCategoryDataset,208
Tue Aug 22 22:57:32 AEST 2017 Tue Aug 22 22:57:32 AEST 2017 : org.jfree.data.general.AbstractDataset,94=>Find no block
Tue Aug 22 22:57:32 AEST 2017 org.jfree.data.general.AbstractDataset,95
Tue Aug 22 22:58:00 AEST 2017 org.jfree.data.general.AbstractDataset,96
Tue Aug 22 22:58:00 AEST 2017 Tue Aug 22 22:58:00 AEST 2017 : org.jfree.data.general.AbstractDataset,97=>Find no block
Tue Aug 22 22:58:00 AEST 2017 org.jfree.data.general.AbstractSeriesDataset,65
Tue Aug 22 22:58:03 AEST 2017 Tue Aug 22 22:58:03 AEST 2017 : org.jfree.data.general.AbstractSeriesDataset,66=>Find no block
Tue Aug 22 22:58:03 AEST 2017 org.jfree.data.general.DatasetGroup,63
Tue Aug 22 22:58:24 AEST 2017 org.jfree.data.general.DatasetGroup,64
Tue Aug 22 22:58:24 AEST 2017 Tue Aug 22 22:58:24 AEST 2017 : org.jfree.data.general.DatasetGroup,65=>Find no block
Tue Aug 22 22:58:25 AEST 2017 org.jfree.data.DataUtilities,125
Tue Aug 22 22:58:53 AEST 2017 org.jfree.data.DataUtilities,128
Tue Aug 22 23:07:23 AEST 2017 org.jfree.data.DataUtilities,129
Tue Aug 22 23:07:23 AEST 2017 org.jfree.data.DataUtilities,130
Tue Aug 22 23:07:23 AEST 2017 org.jfree.data.DataUtilities,133
Tue Aug 22 23:07:23 AEST 2017 org.jfree.data.category.DefaultIntervalCategoryDataset,91
Tue Aug 22 23:07:26 AEST 2017 Tue Aug 22 23:07:26 AEST 2017 : org.jfree.data.category.DefaultIntervalCategoryDataset,93=>Find no block
Tue Aug 22 23:07:26 AEST 2017 org.jfree.data.category.DefaultIntervalCategoryDataset,107
Tue Aug 22 23:07:29 AEST 2017 Tue Aug 22 23:07:29 AEST 2017 : org.jfree.data.category.DefaultIntervalCategoryDataset,108=>Find no block
Tue Aug 22 23:07:29 AEST 2017 Tue Aug 22 23:07:29 AEST 2017 : org.jfree.data.category.DefaultIntervalCategoryDataset,145=>Find no block
Tue Aug 22 23:07:29 AEST 2017 org.jfree.data.category.DefaultIntervalCategoryDataset,147
Timeout time : 17/08/22 23:11
Current failed test : org.jfree.data.category.junit.DefaultIntervalCategoryDatasetTests::testGetRowIndex | 17/08/22 23:11
Tue Aug 22 23:12:19 AEST 2017 org.jfree.data.category.DefaultIntervalCategoryDataset,641
Tue Aug 22 23:12:22 AEST 2017 org.jfree.data.category.DefaultIntervalCategoryDataset,241

----------------------------------------
----------------------------------------
Pass Single Test : [=>0,0]
for(int i=0;i<result;i++){
if(seriesKey.equals(this.seriesKeys[i])){
result=i;
break;
}
}

Time : 17/08/22 23:14
----------------------------------------

----------------------------------------
----------------------------------------
Pass Single Test : [=>0,0]
int result=-1;
for(int i=0;i<result;i++){
if(seriesKey.equals(this.seriesKeys[i])){
result=i;
break;
}
}
return result;

Time : 17/08/22 23:21
----------------------------------------

----------------------------------------
----------------------------------------
Pass Single Test : [=>0,0]
int result=-1;
new StringBuffer(7).append("#");
for(int i=0;i<result;i++){
if(seriesKey.equals(this.seriesKeys[i])){
result=i;
break;
}
}
return result;

Time : 17/08/22 23:22
----------------------------------------
Tue Aug 22 23:28:19 AEST 2017 org.jfree.data.category.DefaultIntervalCategoryDataset,242
Tue Aug 22 23:28:19 AEST 2017 org.jfree.data.category.DefaultIntervalCategoryDataset,207
Tue Aug 22 23:28:22 AEST 2017 org.jfree.data.category.DefaultIntervalCategoryDataset,208
Tue Aug 22 23:28:22 AEST 2017 Tue Aug 22 23:28:22 AEST 2017 : org.jfree.data.general.AbstractDataset,94=>Find no block
Tue Aug 22 23:28:22 AEST 2017 org.jfree.data.general.AbstractDataset,95
Tue Aug 22 23:28:50 AEST 2017 org.jfree.data.general.AbstractDataset,96
Tue Aug 22 23:28:50 AEST 2017 Tue Aug 22 23:28:50 AEST 2017 : org.jfree.data.general.AbstractDataset,97=>Find no block
Tue Aug 22 23:28:50 AEST 2017 org.jfree.data.general.AbstractSeriesDataset,65
Tue Aug 22 23:28:53 AEST 2017 Tue Aug 22 23:28:53 AEST 2017 : org.jfree.data.general.AbstractSeriesDataset,66=>Find no block
Tue Aug 22 23:28:53 AEST 2017 org.jfree.data.general.DatasetGroup,63
Tue Aug 22 23:29:14 AEST 2017 org.jfree.data.general.DatasetGroup,64
Tue Aug 22 23:29:14 AEST 2017 Tue Aug 22 23:29:14 AEST 2017 : org.jfree.data.general.DatasetGroup,65=>Find no block
Tue Aug 22 23:29:14 AEST 2017 org.jfree.data.DataUtilities,125
Tue Aug 22 23:29:42 AEST 2017 org.jfree.data.DataUtilities,128
Tue Aug 22 23:38:12 AEST 2017 org.jfree.data.DataUtilities,129
Tue Aug 22 23:38:12 AEST 2017 org.jfree.data.DataUtilities,130
Tue Aug 22 23:38:12 AEST 2017 org.jfree.data.DataUtilities,133
Tue Aug 22 23:38:12 AEST 2017 org.jfree.data.category.DefaultIntervalCategoryDataset,91
Tue Aug 22 23:38:15 AEST 2017 Tue Aug 22 23:38:15 AEST 2017 : org.jfree.data.category.DefaultIntervalCategoryDataset,93=>Find no block
Tue Aug 22 23:38:15 AEST 2017 org.jfree.data.category.DefaultIntervalCategoryDataset,107
Tue Aug 22 23:38:18 AEST 2017 Tue Aug 22 23:38:18 AEST 2017 : org.jfree.data.category.DefaultIntervalCategoryDataset,108=>Find no block
Tue Aug 22 23:38:18 AEST 2017 Tue Aug 22 23:38:18 AEST 2017 : org.jfree.data.category.DefaultIntervalCategoryDataset,145=>Find no block
Tue Aug 22 23:38:18 AEST 2017 org.jfree.data.category.DefaultIntervalCategoryDataset,147
Timeout time : 17/08/22 23:42
Current failed test : org.jfree.data.category.junit.DefaultIntervalCategoryDatasetTests::testSetCategoryKeys | 17/08/22 23:42
Tue Aug 22 23:43:07 AEST 2017 org.jfree.data.category.DefaultIntervalCategoryDataset,335
Tue Aug 22 23:43:38 AEST 2017 org.jfree.data.category.DefaultIntervalCategoryDataset,338
Tue Aug 22 23:45:41 AEST 2017 org.jfree.data.category.DefaultIntervalCategoryDataset,207
Tue Aug 22 23:45:43 AEST 2017 org.jfree.data.category.DefaultIntervalCategoryDataset,208
Tue Aug 22 23:45:43 AEST 2017 Tue Aug 22 23:45:43 AEST 2017 : org.jfree.data.general.AbstractDataset,94=>Find no block
Tue Aug 22 23:45:44 AEST 2017 org.jfree.data.general.AbstractDataset,95
Tue Aug 22 23:46:11 AEST 2017 org.jfree.data.general.AbstractDataset,96
Tue Aug 22 23:46:12 AEST 2017 Tue Aug 22 23:46:12 AEST 2017 : org.jfree.data.general.AbstractDataset,97=>Find no block
Tue Aug 22 23:46:12 AEST 2017 org.jfree.data.general.AbstractSeriesDataset,65
Tue Aug 22 23:46:14 AEST 2017 Tue Aug 22 23:46:14 AEST 2017 : org.jfree.data.general.AbstractSeriesDataset,66=>Find no block
Tue Aug 22 23:46:14 AEST 2017 org.jfree.data.general.DatasetGroup,63
Tue Aug 22 23:46:36 AEST 2017 org.jfree.data.general.DatasetGroup,64
Tue Aug 22 23:46:36 AEST 2017 Tue Aug 22 23:46:36 AEST 2017 : org.jfree.data.general.DatasetGroup,65=>Find no block
Tue Aug 22 23:46:36 AEST 2017 org.jfree.data.DataUtilities,125
Tue Aug 22 23:47:05 AEST 2017 org.jfree.data.DataUtilities,128
Tue Aug 22 23:55:35 AEST 2017 org.jfree.data.DataUtilities,129
Tue Aug 22 23:55:35 AEST 2017 org.jfree.data.DataUtilities,130
Tue Aug 22 23:55:35 AEST 2017 org.jfree.data.DataUtilities,133
Tue Aug 22 23:55:35 AEST 2017 org.jfree.data.category.DefaultIntervalCategoryDataset,91
Tue Aug 22 23:55:38 AEST 2017 Tue Aug 22 23:55:38 AEST 2017 : org.jfree.data.category.DefaultIntervalCategoryDataset,93=>Find no block
Tue Aug 22 23:55:38 AEST 2017 org.jfree.data.category.DefaultIntervalCategoryDataset,107
Tue Aug 22 23:55:41 AEST 2017 Tue Aug 22 23:55:41 AEST 2017 : org.jfree.data.category.DefaultIntervalCategoryDataset,108=>Find no block
Tue Aug 22 23:55:41 AEST 2017 Tue Aug 22 23:55:41 AEST 2017 : org.jfree.data.category.DefaultIntervalCategoryDataset,145=>Find no block
Tue Aug 22 23:55:41 AEST 2017 org.jfree.data.category.DefaultIntervalCategoryDataset,147
Timeout time : 17/08/23 00:13
Current failed test : org.jfree.data.category.junit.DefaultIntervalCategoryDatasetTests::testGetCategoryIndex | 17/08/23 00:13
Wed Aug 23 00:13:35 AEST 2017 org.jfree.data.category.DefaultIntervalCategoryDataset,573

----------------------------------------
----------------------------------------
Pass Single Test : [=>0,0]
for(int i=0;i<result;i++){
if(category.equals(this.categoryKeys[i])){
result=i;
break;
}
}

Time : 17/08/23 00:16
----------------------------------------

----------------------------------------
----------------------------------------
Pass Single Test : [=>0,0]
int result=-1;
for(int i=0;i<result;i++){
if(category.equals(this.categoryKeys[i])){
result=i;
break;
}
}
return result;

Time : 17/08/23 00:23
----------------------------------------

----------------------------------------
----------------------------------------
Pass Single Test : [=>0,0]
int result=-1;
new StringBuffer(7).append("#");
for(int i=0;i<result;i++){
if(category.equals(this.categoryKeys[i])){
result=i;
break;
}
}
return result;

Time : 17/08/23 00:25
----------------------------------------
Wed Aug 23 00:29:33 AEST 2017 org.jfree.data.category.DefaultIntervalCategoryDataset,574
Wed Aug 23 00:29:33 AEST 2017 org.jfree.data.category.DefaultIntervalCategoryDataset,207
Wed Aug 23 00:29:36 AEST 2017 org.jfree.data.category.DefaultIntervalCategoryDataset,208
Wed Aug 23 00:29:36 AEST 2017 Wed Aug 23 00:29:36 AEST 2017 : org.jfree.data.general.AbstractDataset,94=>Find no block
Wed Aug 23 00:29:36 AEST 2017 org.jfree.data.general.AbstractDataset,95
Wed Aug 23 00:30:04 AEST 2017 org.jfree.data.general.AbstractDataset,96
Wed Aug 23 00:30:04 AEST 2017 Wed Aug 23 00:30:04 AEST 2017 : org.jfree.data.general.AbstractDataset,97=>Find no block
Wed Aug 23 00:30:04 AEST 2017 org.jfree.data.general.AbstractSeriesDataset,65
Wed Aug 23 00:30:07 AEST 2017 Wed Aug 23 00:30:07 AEST 2017 : org.jfree.data.general.AbstractSeriesDataset,66=>Find no block
Wed Aug 23 00:30:07 AEST 2017 org.jfree.data.general.DatasetGroup,63
Wed Aug 23 00:30:28 AEST 2017 org.jfree.data.general.DatasetGroup,64
Wed Aug 23 00:30:28 AEST 2017 Wed Aug 23 00:30:28 AEST 2017 : org.jfree.data.general.DatasetGroup,65=>Find no block
Wed Aug 23 00:30:28 AEST 2017 org.jfree.data.DataUtilities,125
Wed Aug 23 00:30:57 AEST 2017 org.jfree.data.DataUtilities,128
Wed Aug 23 00:39:27 AEST 2017 org.jfree.data.DataUtilities,129
Wed Aug 23 00:39:27 AEST 2017 org.jfree.data.DataUtilities,130
Wed Aug 23 00:39:27 AEST 2017 org.jfree.data.DataUtilities,133
Wed Aug 23 00:39:27 AEST 2017 org.jfree.data.category.DefaultIntervalCategoryDataset,91
Wed Aug 23 00:39:30 AEST 2017 Wed Aug 23 00:39:30 AEST 2017 : org.jfree.data.category.DefaultIntervalCategoryDataset,93=>Find no block
Wed Aug 23 00:39:30 AEST 2017 org.jfree.data.category.DefaultIntervalCategoryDataset,107
Wed Aug 23 00:39:33 AEST 2017 Wed Aug 23 00:39:33 AEST 2017 : org.jfree.data.category.DefaultIntervalCategoryDataset,108=>Find no block
Wed Aug 23 00:39:33 AEST 2017 Wed Aug 23 00:39:33 AEST 2017 : org.jfree.data.category.DefaultIntervalCategoryDataset,145=>Find no block
Wed Aug 23 00:39:33 AEST 2017 org.jfree.data.category.DefaultIntervalCategoryDataset,147
Timeout time : 17/08/23 00:44
