=================================================
Project : chart_23	start : 17/08/23 23:45
Current failed test : org.jfree.chart.renderer.category.junit.MinMaxCategoryRendererTests::testEquals | 17/08/23 23:45
Wed Aug 23 23:45:59 AEST 2017 org.jfree.chart.event.RendererChangeEvent,63
Wed Aug 23 23:46:02 AEST 2017 org.jfree.chart.event.RendererChangeEvent,64
Wed Aug 23 23:46:02 AEST 2017 Wed Aug 23 23:46:02 AEST 2017 : org.jfree.chart.event.RendererChangeEvent,65=>Find no block
Wed Aug 23 23:46:02 AEST 2017 org.jfree.chart.renderer.AbstractRenderer,2339
Wed Aug 23 23:56:25 AEST 2017 org.jfree.chart.renderer.AbstractRenderer,2340
Wed Aug 23 23:56:25 AEST 2017 Wed Aug 23 23:56:25 AEST 2017 : org.jfree.chart.renderer.AbstractRenderer,2345=>Find no block
Wed Aug 23 23:56:25 AEST 2017 org.jfree.chart.renderer.category.MinMaxCategoryRenderer,169
Thu Aug 24 00:05:23 AEST 2017 org.jfree.chart.renderer.category.MinMaxCategoryRenderer,170
Thu Aug 24 00:05:23 AEST 2017 org.jfree.chart.renderer.category.MinMaxCategoryRenderer,171
Thu Aug 24 00:05:23 AEST 2017 Thu Aug 24 00:05:23 AEST 2017 : org.jfree.chart.renderer.category.MinMaxCategoryRenderer,174=>Find no block
Thu Aug 24 00:05:24 AEST 2017 org.jfree.chart.event.ChartChangeEvent,71
Thu Aug 24 00:05:26 AEST 2017 Thu Aug 24 00:05:26 AEST 2017 : org.jfree.chart.event.ChartChangeEvent,72=>Find no block
Thu Aug 24 00:05:26 AEST 2017 org.jfree.chart.event.ChartChangeEvent,95
Thu Aug 24 00:06:10 AEST 2017 org.jfree.chart.event.ChartChangeEvent,96
Thu Aug 24 00:06:10 AEST 2017 org.jfree.chart.event.ChartChangeEvent,97
Thu Aug 24 00:06:10 AEST 2017 Thu Aug 24 00:06:10 AEST 2017 : org.jfree.chart.event.ChartChangeEvent,98=>Find no block
Thu Aug 24 00:06:10 AEST 2017 org.jfree.chart.labels.ItemLabelPosition,176
Thu Aug 24 00:07:37 AEST 2017 org.jfree.chart.labels.ItemLabelPosition,179
Thu Aug 24 00:08:04 AEST 2017 org.jfree.chart.labels.ItemLabelPosition,182
Thu Aug 24 00:16:04 AEST 2017 org.jfree.chart.labels.ItemLabelPosition,183
Thu Aug 24 00:16:04 AEST 2017 org.jfree.chart.labels.ItemLabelPosition,186
Thu Aug 24 00:18:21 AEST 2017 org.jfree.chart.labels.ItemLabelPosition,189
Thu Aug 24 00:20:38 AEST 2017 org.jfree.chart.labels.ItemLabelPosition,192
Thu Aug 24 00:22:30 AEST 2017 org.jfree.chart.labels.ItemLabelPosition,195
Thu Aug 24 00:24:22 AEST 2017 org.jfree.chart.labels.ItemLabelAnchor,192
Thu Aug 24 00:24:44 AEST 2017 org.jfree.chart.labels.ItemLabelAnchor,193
Thu Aug 24 00:24:44 AEST 2017 org.jfree.chart.text.TextAnchor,149
Thu Aug 24 00:26:31 AEST 2017 org.jfree.chart.text.TextAnchor,150
Thu Aug 24 00:26:31 AEST 2017 org.jfree.chart.labels.StandardCategorySeriesLabelGenerator,141
Thu Aug 24 00:26:31 AEST 2017 org.jfree.chart.labels.StandardCategorySeriesLabelGenerator,144
Thu Aug 24 00:26:59 AEST 2017 org.jfree.chart.labels.StandardCategorySeriesLabelGenerator,147
Thu Aug 24 00:45:02 AEST 2017 org.jfree.chart.labels.StandardCategorySeriesLabelGenerator,149
Thu Aug 24 00:45:03 AEST 2017 org.jfree.chart.labels.StandardCategorySeriesLabelGenerator,152
Thu Aug 24 00:45:03 AEST 2017 org.jfree.chart.renderer.AbstractRenderer,2355
Thu Aug 24 00:45:03 AEST 2017 org.jfree.chart.renderer.AbstractRenderer,2358
Thu Aug 24 00:45:31 AEST 2017 org.jfree.chart.renderer.AbstractRenderer,2361
Thu Aug 24 00:57:45 AEST 2017 org.jfree.chart.renderer.AbstractRenderer,2362
Thu Aug 24 00:57:45 AEST 2017 org.jfree.chart.renderer.AbstractRenderer,2365
Thu Aug 24 00:57:48 AEST 2017 org.jfree.chart.renderer.AbstractRenderer,2368
Thu Aug 24 01:00:21 AEST 2017 org.jfree.chart.renderer.AbstractRenderer,2372
Thu Aug 24 01:00:24 AEST 2017 org.jfree.chart.renderer.AbstractRenderer,2375
Thu Aug 24 01:21:52 AEST 2017 org.jfree.chart.renderer.AbstractRenderer,2378
Thu Aug 24 01:41:12 AEST 2017 org.jfree.chart.renderer.AbstractRenderer,2381
Thu Aug 24 02:02:37 AEST 2017 org.jfree.chart.renderer.AbstractRenderer,2384
Thu Aug 24 02:21:46 AEST 2017 org.jfree.chart.renderer.AbstractRenderer,2387
Thu Aug 24 02:43:07 AEST 2017 org.jfree.chart.renderer.AbstractRenderer,2391
Thu Aug 24 03:02:16 AEST 2017 org.jfree.chart.renderer.AbstractRenderer,2395
Thu Aug 24 03:24:04 AEST 2017 org.jfree.chart.renderer.AbstractRenderer,2398
Thu Aug 24 03:45:00 AEST 2017 org.jfree.chart.renderer.AbstractRenderer,2401
Thu Aug 24 04:06:48 AEST 2017 org.jfree.chart.renderer.AbstractRenderer,2405
Thu Aug 24 04:27:45 AEST 2017 org.jfree.chart.renderer.AbstractRenderer,2410
Timeout time : 17/08/24 04:46
