=================================================
Project : math_14	start : 18/01/12 19:27
Current failed test : org.apache.commons.math3.fitting.PolynomialFitterTest::testLargeSample_purify_1 | 18/01/12 19:28
Fri Jan 12 19:32:57 AEDT 2018 org.apache.commons.math3.fitting.PolynomialFitter,37
Fri Jan 12 19:33:26 AEDT 2018 Fri Jan 12 19:33:26 AEDT 2018 : org.apache.commons.math3.fitting.PolynomialFitter,38=>Find no block
Fri Jan 12 19:33:27 AEDT 2018 org.apache.commons.math3.fitting.PolynomialFitter,68
Fri Jan 12 19:34:46 AEDT 2018 org.apache.commons.math3.util.CompositeFormat,43
Fri Jan 12 19:34:51 AEDT 2018 org.apache.commons.math3.analysis.polynomials.PolynomialFunction,69
Fri Jan 12 20:53:22 AEDT 2018 org.apache.commons.math3.analysis.polynomials.PolynomialFunction,70
Fri Jan 12 20:53:24 AEDT 2018 org.apache.commons.math3.analysis.polynomials.PolynomialFunction,71
Fri Jan 12 20:53:26 AEDT 2018 org.apache.commons.math3.analysis.polynomials.PolynomialFunction,72
Fri Jan 12 20:53:28 AEDT 2018 org.apache.commons.math3.analysis.polynomials.PolynomialFunction,75
Fri Jan 12 20:53:31 AEDT 2018 org.apache.commons.math3.analysis.polynomials.PolynomialFunction,78
Fri Jan 12 20:53:34 AEDT 2018 org.apache.commons.math3.analysis.polynomials.PolynomialFunction,79
Fri Jan 12 20:53:36 AEDT 2018 Fri Jan 12 20:53:36 AEDT 2018 : org.apache.commons.math3.analysis.polynomials.PolynomialFunction,80=>Find no block
Fri Jan 12 20:53:39 AEDT 2018 org.apache.commons.math3.analysis.polynomials.PolynomialFunction,94
Fri Jan 12 21:24:41 AEDT 2018 org.apache.commons.math3.linear.RealMatrixFormat,115
Fri Jan 12 21:32:01 AEDT 2018 Fri Jan 12 21:32:01 AEDT 2018 : org.apache.commons.math3.linear.RealMatrixFormat,117=>Find no block
Fri Jan 12 21:32:14 AEDT 2018 org.apache.commons.math3.linear.RealMatrixFormat,207
Fri Jan 12 21:32:33 AEDT 2018 org.apache.commons.math3.linear.RealMatrixFormat,215
Fri Jan 12 21:32:42 AEDT 2018 org.apache.commons.math3.linear.RealMatrixFormat,99
Fri Jan 12 21:32:52 AEDT 2018 Fri Jan 12 21:32:52 AEDT 2018 : org.apache.commons.math3.linear.RealMatrixFormat,101=>Find no block
Fri Jan 12 21:32:53 AEDT 2018 Fri Jan 12 21:32:53 AEDT 2018 : org.apache.commons.math3.linear.RealMatrixFormat,133=>Find no block
Fri Jan 12 21:32:55 AEDT 2018 org.apache.commons.math3.linear.RealMatrixFormat,134
Fri Jan 12 21:40:56 AEDT 2018 org.apache.commons.math3.linear.RealMatrixFormat,135
Fri Jan 12 21:41:01 AEDT 2018 org.apache.commons.math3.linear.RealMatrixFormat,136
Fri Jan 12 21:41:06 AEDT 2018 org.apache.commons.math3.linear.RealMatrixFormat,137
Fri Jan 12 21:41:10 AEDT 2018 org.apache.commons.math3.linear.RealMatrixFormat,138
Fri Jan 12 21:41:15 AEDT 2018 org.apache.commons.math3.linear.RealMatrixFormat,139
Fri Jan 12 21:41:19 AEDT 2018 org.apache.commons.math3.linear.RealMatrixFormat,140
Fri Jan 12 21:41:24 AEDT 2018 org.apache.commons.math3.linear.RealMatrixFormat,142
Fri Jan 12 21:41:28 AEDT 2018 Fri Jan 12 21:41:28 AEDT 2018 : org.apache.commons.math3.linear.RealMatrixFormat,143=>Find no block
Fri Jan 12 21:41:32 AEDT 2018 org.apache.commons.math3.linear.RealMatrixFormat,224
Fri Jan 12 21:42:36 AEDT 2018 org.apache.commons.math3.util.CompositeFormat,54
Fri Jan 12 21:47:02 AEDT 2018 org.apache.commons.math3.util.CompositeFormat,55
Fri Jan 12 21:47:05 AEDT 2018 org.apache.commons.math3.util.CompositeFormat,56
Fri Jan 12 21:47:11 AEDT 2018 org.apache.commons.math3.analysis.polynomials.PolynomialFunction,130
Timeout time : 18/01/12 22:04
Current failed test : org.apache.commons.math3.fitting.PolynomialFitterTest::testLargeSample_purify_2 | 18/01/12 22:04
Fri Jan 12 22:07:46 AEDT 2018 Fri Jan 12 22:07:46 AEDT 2018 : org.apache.commons.math3.exception.MathIllegalStateException,45=>Find no block
Fri Jan 12 22:07:49 AEDT 2018 org.apache.commons.math3.exception.MathIllegalStateException,46
Fri Jan 12 22:08:53 AEDT 2018 org.apache.commons.math3.exception.MathIllegalStateException,47
Fri Jan 12 22:08:55 AEDT 2018 Fri Jan 12 22:08:55 AEDT 2018 : org.apache.commons.math3.exception.MathIllegalStateException,48=>Find no block
Fri Jan 12 22:08:56 AEDT 2018 org.apache.commons.math3.exception.MathIllegalStateException,60
Fri Jan 12 22:10:02 AEDT 2018 org.apache.commons.math3.exception.MathIllegalStateException,61
Fri Jan 12 22:10:05 AEDT 2018 org.apache.commons.math3.exception.MathIllegalStateException,62
Fri Jan 12 22:10:06 AEDT 2018 Fri Jan 12 22:10:06 AEDT 2018 : org.apache.commons.math3.exception.MathIllegalStateException,63=>Find no block
Fri Jan 12 22:10:08 AEDT 2018 org.apache.commons.math3.exception.MathIllegalStateException,69
Fri Jan 12 22:10:19 AEDT 2018 Fri Jan 12 22:10:19 AEDT 2018 : org.apache.commons.math3.exception.MathIllegalStateException,70=>Find no block
Fri Jan 12 22:10:21 AEDT 2018 org.apache.commons.math3.exception.MathIllegalStateException,74
Fri Jan 12 22:10:30 AEDT 2018 org.apache.commons.math3.exception.MathIllegalStateException,80
Fri Jan 12 22:11:21 AEDT 2018 org.apache.commons.math3.exception.MathIllegalStateException,86
Fri Jan 12 22:12:12 AEDT 2018 org.apache.commons.math3.exception.NumberIsTooSmallException,50
Fri Jan 12 22:12:18 AEDT 2018 Fri Jan 12 22:12:18 AEDT 2018 : org.apache.commons.math3.exception.NumberIsTooSmallException,54=>Find no block
Fri Jan 12 22:12:21 AEDT 2018 org.apache.commons.math3.exception.NumberIsTooSmallException,68
Fri Jan 12 22:13:42 AEDT 2018 org.apache.commons.math3.exception.NumberIsTooSmallException,70
Fri Jan 12 22:13:44 AEDT 2018 org.apache.commons.math3.exception.NumberIsTooSmallException,71
Fri Jan 12 22:13:49 AEDT 2018 Fri Jan 12 22:13:49 AEDT 2018 : org.apache.commons.math3.exception.NumberIsTooSmallException,72=>Find no block
Fri Jan 12 22:13:51 AEDT 2018 org.apache.commons.math3.exception.NumberIsTooSmallException,78
Fri Jan 12 22:14:08 AEDT 2018 org.apache.commons.math3.exception.NumberIsTooSmallException,85
Fri Jan 12 22:14:15 AEDT 2018 org.apache.commons.math3.exception.MathIllegalNumberException,46
Fri Jan 12 22:15:45 AEDT 2018 org.apache.commons.math3.exception.MathIllegalNumberException,47
Fri Jan 12 22:15:47 AEDT 2018 Fri Jan 12 22:15:47 AEDT 2018 : org.apache.commons.math3.exception.MathIllegalNumberException,48=>Find no block
Fri Jan 12 22:15:49 AEDT 2018 org.apache.commons.math3.exception.MathIllegalNumberException,54
Fri Jan 12 22:15:56 AEDT 2018 Fri Jan 12 22:15:56 AEDT 2018 : org.apache.commons.math3.exception.MathIllegalArgumentException,44=>Find no block
Fri Jan 12 22:15:57 AEDT 2018 org.apache.commons.math3.exception.MathIllegalArgumentException,45
Fri Jan 12 22:16:00 AEDT 2018 org.apache.commons.math3.exception.MathIllegalArgumentException,46
Fri Jan 12 22:16:01 AEDT 2018 Fri Jan 12 22:16:01 AEDT 2018 : org.apache.commons.math3.exception.MathIllegalArgumentException,47=>Find no block
Fri Jan 12 22:16:03 AEDT 2018 org.apache.commons.math3.exception.MathIllegalArgumentException,51
Fri Jan 12 22:16:05 AEDT 2018 org.apache.commons.math3.exception.MathIllegalArgumentException,57
Fri Jan 12 22:16:06 AEDT 2018 org.apache.commons.math3.exception.MathIllegalArgumentException,63
Fri Jan 12 22:16:08 AEDT 2018 org.apache.commons.math3.exception.MaxCountExceededException,42
Fri Jan 12 22:16:16 AEDT 2018 Fri Jan 12 22:16:16 AEDT 2018 : org.apache.commons.math3.exception.MaxCountExceededException,43=>Find no block
Fri Jan 12 22:16:17 AEDT 2018 Fri Jan 12 22:16:17 AEDT 2018 : org.apache.commons.math3.exception.MaxCountExceededException,53=>Find no block
Fri Jan 12 22:16:19 AEDT 2018 org.apache.commons.math3.exception.MaxCountExceededException,54
Fri Jan 12 22:17:26 AEDT 2018 org.apache.commons.math3.exception.MaxCountExceededException,55
Fri Jan 12 22:17:28 AEDT 2018 Fri Jan 12 22:17:28 AEDT 2018 : org.apache.commons.math3.exception.MaxCountExceededException,56=>Find no block
Fri Jan 12 22:17:30 AEDT 2018 org.apache.commons.math3.exception.MaxCountExceededException,62
Fri Jan 12 22:17:36 AEDT 2018 org.apache.commons.math3.exception.NotPositiveException,37
Fri Jan 12 22:17:47 AEDT 2018 Fri Jan 12 22:17:47 AEDT 2018 : org.apache.commons.math3.exception.NotPositiveException,38=>Find no block
Fri Jan 12 22:17:49 AEDT 2018 org.apache.commons.math3.exception.NotPositiveException,47
Fri Jan 12 22:18:24 AEDT 2018 Fri Jan 12 22:18:24 AEDT 2018 : org.apache.commons.math3.exception.NotPositiveException,48=>Find no block
Fri Jan 12 22:18:27 AEDT 2018 Fri Jan 12 22:18:27 AEDT 2018 : org.apache.commons.math3.exception.MathArithmeticException,43=>Find no block
Fri Jan 12 22:18:28 AEDT 2018 org.apache.commons.math3.exception.MathArithmeticException,44
Fri Jan 12 22:19:59 AEDT 2018 org.apache.commons.math3.exception.MathArithmeticException,45
Fri Jan 12 22:20:00 AEDT 2018 Fri Jan 12 22:20:00 AEDT 2018 : org.apache.commons.math3.exception.MathArithmeticException,46=>Find no block
Fri Jan 12 22:20:02 AEDT 2018 Fri Jan 12 22:20:02 AEDT 2018 : org.apache.commons.math3.exception.MathArithmeticException,56=>Find no block
Fri Jan 12 22:20:04 AEDT 2018 org.apache.commons.math3.exception.MathArithmeticException,57
Fri Jan 12 22:20:06 AEDT 2018 org.apache.commons.math3.exception.MathArithmeticException,58
Fri Jan 12 22:20:08 AEDT 2018 Fri Jan 12 22:20:08 AEDT 2018 : org.apache.commons.math3.exception.MathArithmeticException,59=>Find no block
Fri Jan 12 22:20:09 AEDT 2018 org.apache.commons.math3.exception.MathArithmeticException,63
Fri Jan 12 22:20:12 AEDT 2018 org.apache.commons.math3.exception.MathArithmeticException,69
Fri Jan 12 22:20:13 AEDT 2018 org.apache.commons.math3.exception.MathArithmeticException,75
Fri Jan 12 22:20:15 AEDT 2018 org.apache.commons.math3.exception.NumberIsTooLargeException,50
Fri Jan 12 22:20:23 AEDT 2018 Fri Jan 12 22:20:23 AEDT 2018 : org.apache.commons.math3.exception.NumberIsTooLargeException,54=>Find no block
Fri Jan 12 22:20:25 AEDT 2018 org.apache.commons.math3.exception.NumberIsTooLargeException,67
Fri Jan 12 22:21:45 AEDT 2018 org.apache.commons.math3.exception.NumberIsTooLargeException,69
Fri Jan 12 22:21:47 AEDT 2018 org.apache.commons.math3.exception.NumberIsTooLargeException,70
Fri Jan 12 22:21:48 AEDT 2018 Fri Jan 12 22:21:48 AEDT 2018 : org.apache.commons.math3.exception.NumberIsTooLargeException,71=>Find no block
Fri Jan 12 22:21:50 AEDT 2018 org.apache.commons.math3.exception.NumberIsTooLargeException,77
Fri Jan 12 22:21:52 AEDT 2018 org.apache.commons.math3.exception.NumberIsTooLargeException,84
Fri Jan 12 22:21:54 AEDT 2018 org.apache.commons.math3.exception.TooManyIterationsException,37
Fri Jan 12 22:22:58 AEDT 2018 org.apache.commons.math3.exception.TooManyIterationsException,38
Fri Jan 12 22:22:59 AEDT 2018 Fri Jan 12 22:22:59 AEDT 2018 : org.apache.commons.math3.exception.TooManyIterationsException,39=>Find no block
Fri Jan 12 22:23:01 AEDT 2018 org.apache.commons.math3.exception.NullArgumentException,41
Fri Jan 12 22:23:09 AEDT 2018 Fri Jan 12 22:23:09 AEDT 2018 : org.apache.commons.math3.exception.NullArgumentException,42=>Find no block
Fri Jan 12 22:23:11 AEDT 2018 org.apache.commons.math3.exception.NullArgumentException,50
Fri Jan 12 22:23:23 AEDT 2018 Fri Jan 12 22:23:23 AEDT 2018 : org.apache.commons.math3.exception.NullArgumentException,51=>Find no block
Fri Jan 12 22:23:25 AEDT 2018 org.apache.commons.math3.exception.NoDataException,37
Fri Jan 12 22:23:32 AEDT 2018 Fri Jan 12 22:23:32 AEDT 2018 : org.apache.commons.math3.exception.NoDataException,38=>Find no block
Fri Jan 12 22:23:35 AEDT 2018 org.apache.commons.math3.exception.NoDataException,45
Fri Jan 12 22:23:41 AEDT 2018 Fri Jan 12 22:23:41 AEDT 2018 : org.apache.commons.math3.exception.NoDataException,46=>Find no block
Fri Jan 12 22:23:44 AEDT 2018 org.apache.commons.math3.exception.TooManyEvaluationsException,37
Fri Jan 12 22:24:44 AEDT 2018 org.apache.commons.math3.exception.TooManyEvaluationsException,38
Fri Jan 12 22:24:46 AEDT 2018 Fri Jan 12 22:24:46 AEDT 2018 : org.apache.commons.math3.exception.TooManyEvaluationsException,39=>Find no block
Fri Jan 12 22:24:47 AEDT 2018 org.apache.commons.math3.exception.ConvergenceException,37
Fri Jan 12 22:24:54 AEDT 2018 Fri Jan 12 22:24:54 AEDT 2018 : org.apache.commons.math3.exception.ConvergenceException,38=>Find no block
Fri Jan 12 22:24:56 AEDT 2018 Fri Jan 12 22:24:56 AEDT 2018 : org.apache.commons.math3.exception.ConvergenceException,48=>Find no block
Fri Jan 12 22:24:58 AEDT 2018 org.apache.commons.math3.exception.ConvergenceException,49
Fri Jan 12 22:26:02 AEDT 2018 Fri Jan 12 22:26:02 AEDT 2018 : org.apache.commons.math3.exception.ConvergenceException,50=>Find no block
Fri Jan 12 22:26:04 AEDT 2018 org.apache.commons.math3.exception.MathUnsupportedOperationException,44
Fri Jan 12 22:26:11 AEDT 2018 Fri Jan 12 22:26:11 AEDT 2018 : org.apache.commons.math3.exception.MathUnsupportedOperationException,45=>Find no block
Fri Jan 12 22:26:12 AEDT 2018 Fri Jan 12 22:26:12 AEDT 2018 : org.apache.commons.math3.exception.MathUnsupportedOperationException,52=>Find no block
Fri Jan 12 22:26:14 AEDT 2018 org.apache.commons.math3.exception.MathUnsupportedOperationException,53
Fri Jan 12 22:26:16 AEDT 2018 org.apache.commons.math3.exception.MathUnsupportedOperationException,54
Fri Jan 12 22:26:17 AEDT 2018 Fri Jan 12 22:26:17 AEDT 2018 : org.apache.commons.math3.exception.MathUnsupportedOperationException,55=>Find no block
Fri Jan 12 22:26:20 AEDT 2018 org.apache.commons.math3.exception.MathUnsupportedOperationException,59
Fri Jan 12 22:26:21 AEDT 2018 org.apache.commons.math3.exception.MathUnsupportedOperationException,65
Fri Jan 12 22:26:24 AEDT 2018 org.apache.commons.math3.exception.MathUnsupportedOperationException,71
Fri Jan 12 22:26:25 AEDT 2018 org.apache.commons.math3.exception.DimensionMismatchException,44
Fri Jan 12 22:33:49 AEDT 2018 org.apache.commons.math3.exception.DimensionMismatchException,45
Fri Jan 12 22:33:50 AEDT 2018 Fri Jan 12 22:33:50 AEDT 2018 : org.apache.commons.math3.exception.DimensionMismatchException,46=>Find no block
Fri Jan 12 22:33:52 AEDT 2018 org.apache.commons.math3.exception.DimensionMismatchException,56
Fri Jan 12 22:33:57 AEDT 2018 Fri Jan 12 22:33:57 AEDT 2018 : org.apache.commons.math3.exception.DimensionMismatchException,57=>Find no block
Fri Jan 12 22:33:59 AEDT 2018 org.apache.commons.math3.exception.DimensionMismatchException,63
Fri Jan 12 22:34:47 AEDT 2018 org.apache.commons.math3.exception.MultiDimensionMismatchException,45
Fri Jan 12 22:34:51 AEDT 2018 Fri Jan 12 22:34:51 AEDT 2018 : org.apache.commons.math3.exception.MultiDimensionMismatchException,46=>Find no block
Fri Jan 12 22:34:53 AEDT 2018 org.apache.commons.math3.exception.MultiDimensionMismatchException,59
Fri Jan 12 22:39:12 AEDT 2018 org.apache.commons.math3.exception.MultiDimensionMismatchException,60
Fri Jan 12 22:39:13 AEDT 2018 org.apache.commons.math3.exception.MultiDimensionMismatchException,61
Fri Jan 12 22:39:15 AEDT 2018 Fri Jan 12 22:39:15 AEDT 2018 : org.apache.commons.math3.exception.MultiDimensionMismatchException,62=>Find no block
Fri Jan 12 22:39:16 AEDT 2018 org.apache.commons.math3.exception.MultiDimensionMismatchException,68
Fri Jan 12 22:40:20 AEDT 2018 org.apache.commons.math3.exception.MultiDimensionMismatchException,74
Fri Jan 12 22:41:24 AEDT 2018 org.apache.commons.math3.exception.MultiDimensionMismatchException,82
Fri Jan 12 22:42:49 AEDT 2018 org.apache.commons.math3.exception.MultiDimensionMismatchException,89
Fri Jan 12 22:44:15 AEDT 2018 org.apache.commons.math3.exception.NotStrictlyPositiveException,38
Fri Jan 12 22:44:25 AEDT 2018 Fri Jan 12 22:44:25 AEDT 2018 : org.apache.commons.math3.exception.NotStrictlyPositiveException,39=>Find no block
Fri Jan 12 22:44:27 AEDT 2018 org.apache.commons.math3.exception.NotStrictlyPositiveException,48
Fri Jan 12 22:45:00 AEDT 2018 Fri Jan 12 22:45:00 AEDT 2018 : org.apache.commons.math3.exception.NotStrictlyPositiveException,49=>Find no block
Fri Jan 12 22:45:01 AEDT 2018 Fri Jan 12 22:45:01 AEDT 2018 : org.apache.commons.math3.exception.MathParseException,42=>Find no block
Fri Jan 12 22:45:03 AEDT 2018 org.apache.commons.math3.exception.MathParseException,43
Fri Jan 12 22:45:49 AEDT 2018 Fri Jan 12 22:45:49 AEDT 2018 : org.apache.commons.math3.exception.MathParseException,45=>Find no block
Fri Jan 12 22:45:50 AEDT 2018 Fri Jan 12 22:45:50 AEDT 2018 : org.apache.commons.math3.exception.MathParseException,53=>Find no block
Fri Jan 12 22:45:52 AEDT 2018 org.apache.commons.math3.exception.MathParseException,54
Fri Jan 12 22:46:55 AEDT 2018 Fri Jan 12 22:46:55 AEDT 2018 : org.apache.commons.math3.exception.MathParseException,56=>Find no block
Fri Jan 12 22:46:57 AEDT 2018 org.apache.commons.math3.exception.NotFiniteNumberException,40
Fri Jan 12 22:47:02 AEDT 2018 Fri Jan 12 22:47:02 AEDT 2018 : org.apache.commons.math3.exception.NotFiniteNumberException,41=>Find no block
Fri Jan 12 22:47:03 AEDT 2018 org.apache.commons.math3.exception.NotFiniteNumberException,53
Fri Jan 12 22:48:00 AEDT 2018 Fri Jan 12 22:48:00 AEDT 2018 : org.apache.commons.math3.exception.NotFiniteNumberException,54=>Find no block
Fri Jan 12 22:48:01 AEDT 2018 org.apache.commons.math3.exception.OutOfRangeException,46
Fri Jan 12 22:48:07 AEDT 2018 Fri Jan 12 22:48:07 AEDT 2018 : org.apache.commons.math3.exception.OutOfRangeException,47=>Find no block
Fri Jan 12 22:48:08 AEDT 2018 org.apache.commons.math3.exception.OutOfRangeException,62
Fri Jan 12 22:49:18 AEDT 2018 org.apache.commons.math3.exception.OutOfRangeException,63
Fri Jan 12 22:49:19 AEDT 2018 org.apache.commons.math3.exception.OutOfRangeException,64
Fri Jan 12 22:49:20 AEDT 2018 Fri Jan 12 22:49:20 AEDT 2018 : org.apache.commons.math3.exception.OutOfRangeException,65=>Find no block
Fri Jan 12 22:49:22 AEDT 2018 org.apache.commons.math3.exception.OutOfRangeException,71
Fri Jan 12 22:49:27 AEDT 2018 org.apache.commons.math3.exception.OutOfRangeException,77
Fri Jan 12 22:49:31 AEDT 2018 org.apache.commons.math3.exception.ZeroException,37
Fri Jan 12 22:49:36 AEDT 2018 Fri Jan 12 22:49:36 AEDT 2018 : org.apache.commons.math3.exception.ZeroException,38=>Find no block
Fri Jan 12 22:49:37 AEDT 2018 org.apache.commons.math3.exception.ZeroException,47
Fri Jan 12 22:50:13 AEDT 2018 Fri Jan 12 22:50:13 AEDT 2018 : org.apache.commons.math3.exception.ZeroException,48=>Find no block
Fri Jan 12 22:50:15 AEDT 2018 Fri Jan 12 22:50:15 AEDT 2018 : org.apache.commons.math3.fitting.WeightedObservedPoint,45=>Find no block
Fri Jan 12 22:50:16 AEDT 2018 org.apache.commons.math3.fitting.WeightedObservedPoint,46
Fri Jan 12 23:09:22 AEDT 2018 org.apache.commons.math3.fitting.WeightedObservedPoint,47
Fri Jan 12 23:09:23 AEDT 2018 org.apache.commons.math3.fitting.WeightedObservedPoint,48
Fri Jan 12 23:09:25 AEDT 2018 Fri Jan 12 23:09:25 AEDT 2018 : org.apache.commons.math3.fitting.WeightedObservedPoint,49=>Find no block
Fri Jan 12 23:09:26 AEDT 2018 org.apache.commons.math3.fitting.WeightedObservedPoint,57
Fri Jan 12 23:09:30 AEDT 2018 org.apache.commons.math3.fitting.WeightedObservedPoint,66
Fri Jan 12 23:17:33 AEDT 2018 org.apache.commons.math3.fitting.WeightedObservedPoint,75
Fri Jan 12 23:20:38 AEDT 2018 Fri Jan 12 23:20:38 AEDT 2018 : org.apache.commons.math3.fitting.CurveFitter,63=>Find no block
Fri Jan 12 23:20:39 AEDT 2018 org.apache.commons.math3.fitting.CurveFitter,64
Fri Jan 12 23:21:41 AEDT 2018 org.apache.commons.math3.fitting.CurveFitter,65
Fri Jan 12 23:21:44 AEDT 2018 Fri Jan 12 23:21:44 AEDT 2018 : org.apache.commons.math3.fitting.CurveFitter,66=>Find no block
Fri Jan 12 23:21:45 AEDT 2018 org.apache.commons.math3.fitting.CurveFitter,79
Fri Jan 12 23:22:19 AEDT 2018 Fri Jan 12 23:22:19 AEDT 2018 : org.apache.commons.math3.fitting.CurveFitter,80=>Find no block
Fri Jan 12 23:22:22 AEDT 2018 org.apache.commons.math3.fitting.CurveFitter,92
Fri Jan 12 23:33:22 AEDT 2018 Fri Jan 12 23:33:22 AEDT 2018 : org.apache.commons.math3.fitting.CurveFitter,93=>Find no block
Fri Jan 12 23:33:25 AEDT 2018 org.apache.commons.math3.fitting.CurveFitter,102
Fri Jan 12 23:36:18 AEDT 2018 Fri Jan 12 23:36:18 AEDT 2018 : org.apache.commons.math3.fitting.CurveFitter,103=>Find no block
Fri Jan 12 23:36:20 AEDT 2018 org.apache.commons.math3.fitting.CurveFitter,112
Fri Jan 12 23:36:41 AEDT 2018 org.apache.commons.math3.fitting.CurveFitter,119
Fri Jan 12 23:38:18 AEDT 2018 Fri Jan 12 23:38:18 AEDT 2018 : org.apache.commons.math3.fitting.CurveFitter,120=>Find no block
Fri Jan 12 23:38:20 AEDT 2018 org.apache.commons.math3.fitting.CurveFitter,136
Fri Jan 12 23:39:16 AEDT 2018 org.apache.commons.math3.fitting.CurveFitter,159
Fri Jan 12 23:48:56 AEDT 2018 org.apache.commons.math3.fitting.CurveFitter,160
Fri Jan 12 23:48:57 AEDT 2018 org.apache.commons.math3.fitting.CurveFitter,161
Sat Jan 13 00:06:57 AEDT 2018 org.apache.commons.math3.fitting.CurveFitter,162
Sat Jan 13 00:25:53 AEDT 2018 org.apache.commons.math3.fitting.CurveFitter,163
Sat Jan 13 00:25:55 AEDT 2018 org.apache.commons.math3.fitting.CurveFitter,164
Sat Jan 13 00:25:57 AEDT 2018 org.apache.commons.math3.fitting.CurveFitter,165
Sat Jan 13 00:25:58 AEDT 2018 Sat Jan 13 00:25:58 AEDT 2018 : org.apache.commons.math3.fitting.CurveFitter,166=>Find no block
Sat Jan 13 00:26:00 AEDT 2018 org.apache.commons.math3.fitting.CurveFitter,169
Timeout time : 18/01/13 00:37
