=================================================
Project : math_17	start : 18/01/12 14:05
Current failed test : org.apache.commons.math3.dfp.DfpTest::testMultiply | 18/01/12 14:05
Fri Jan 12 14:12:13 AEDT 2018 org.apache.commons.math3.dfp.Dfp,1524
Fri Jan 12 15:08:44 AEDT 2018 org.apache.commons.math3.dfp.Dfp,1525
Fri Jan 12 15:08:47 AEDT 2018 org.apache.commons.math3.dfp.Dfp,1526
Fri Jan 12 15:08:48 AEDT 2018 org.apache.commons.math3.dfp.Dfp,1527
Fri Jan 12 15:08:49 AEDT 2018 org.apache.commons.math3.dfp.Dfp,1530
Fri Jan 12 16:06:59 AEDT 2018 org.apache.commons.math3.dfp.Dfp,1531
Fri Jan 12 16:07:00 AEDT 2018 org.apache.commons.math3.dfp.Dfp,1532
Fri Jan 12 16:07:01 AEDT 2018 org.apache.commons.math3.dfp.Dfp,1533
Fri Jan 12 16:07:03 AEDT 2018 org.apache.commons.math3.dfp.Dfp,1536
Fri Jan 12 17:01:39 AEDT 2018 org.apache.commons.math3.dfp.Dfp,1538
Fri Jan 12 17:01:40 AEDT 2018 org.apache.commons.math3.dfp.Dfp,1539
Fri Jan 12 17:01:41 AEDT 2018 org.apache.commons.math3.dfp.Dfp,1540
Fri Jan 12 17:01:42 AEDT 2018 org.apache.commons.math3.dfp.Dfp,1541
Fri Jan 12 17:01:44 AEDT 2018 org.apache.commons.math3.dfp.Dfp,1542
Fri Jan 12 17:01:46 AEDT 2018 org.apache.commons.math3.dfp.Dfp,1616
Fri Jan 12 17:02:44 AEDT 2018 org.apache.commons.math3.dfp.Dfp,1617
Fri Jan 12 17:02:46 AEDT 2018 org.apache.commons.math3.dfp.Dfp,1620
Fri Jan 12 17:31:45 AEDT 2018 org.apache.commons.math3.dfp.Dfp,1621
Fri Jan 12 17:31:46 AEDT 2018 org.apache.commons.math3.dfp.Dfp,1622
Fri Jan 12 17:31:47 AEDT 2018 org.apache.commons.math3.dfp.Dfp,1625
Fri Jan 12 17:54:20 AEDT 2018 org.apache.commons.math3.dfp.Dfp,1626
Fri Jan 12 17:54:22 AEDT 2018 org.apache.commons.math3.dfp.Dfp,1627
Fri Jan 12 17:54:23 AEDT 2018 org.apache.commons.math3.dfp.Dfp,1628
Fri Jan 12 17:54:24 AEDT 2018 org.apache.commons.math3.dfp.Dfp,1629
Fri Jan 12 17:54:25 AEDT 2018 org.apache.commons.math3.dfp.Dfp,1630
Fri Jan 12 17:54:27 AEDT 2018 org.apache.commons.math3.dfp.Dfp,1636
Fri Jan 12 18:17:25 AEDT 2018 org.apache.commons.math3.dfp.Dfp,1637
Fri Jan 12 18:17:27 AEDT 2018 org.apache.commons.math3.dfp.Dfp,1638
Fri Jan 12 18:17:28 AEDT 2018 org.apache.commons.math3.dfp.Dfp,1639
Fri Jan 12 18:17:29 AEDT 2018 org.apache.commons.math3.dfp.Dfp,1640
Fri Jan 12 18:17:30 AEDT 2018 org.apache.commons.math3.dfp.Dfp,1658
Fri Jan 12 19:11:29 AEDT 2018 org.apache.commons.math3.dfp.Dfp,1510
Fri Jan 12 19:11:30 AEDT 2018 org.apache.commons.math3.dfp.Dfp,1511
Fri Jan 12 19:11:31 AEDT 2018 org.apache.commons.math3.dfp.Dfp,1514
Timeout time : 18/01/12 19:12
