=================================================
Project : math_37	start : 18/01/13 00:13
Current failed test : org.apache.commons.math.complex.ComplexTest::testTanh_purify_2 | 18/01/13 00:15
Sat Jan 13 00:16:19 AEDT 2018 org.apache.commons.math.util.FastMath,393
Sat Jan 13 00:34:52 AEDT 2018 org.apache.commons.math.util.FastMath,453
Sat Jan 13 00:34:54 AEDT 2018 org.apache.commons.math.complex.Complex,1066
Sat Jan 13 00:44:29 AEDT 2018 org.apache.commons.math.complex.Complex,1067
Sat Jan 13 00:44:30 AEDT 2018 org.apache.commons.math.complex.Complex,1068
Sat Jan 13 00:44:31 AEDT 2018 org.apache.commons.math.complex.Complex,1070
Sat Jan 13 00:44:32 AEDT 2018 org.apache.commons.math.complex.Complex,1063
Sat Jan 13 00:44:33 AEDT 2018 org.apache.commons.math.util.FastMath,867
Sat Jan 13 00:47:01 AEDT 2018 org.apache.commons.math.util.FastMath,871
Sat Jan 13 00:47:54 AEDT 2018 org.apache.commons.math.util.FastMath,807

----------------------------------------
----------------------------------------
Pass Single Test : [=>0,0]
return 997*MathUtils.hash(x);

Time : 18/01/13 00:49
----------------------------------------

----------------------------------------
----------------------------------------
Pass Single Test : [=>0,0]
return x;

Time : 18/01/13 00:51
----------------------------------------
Timeout time : 18/01/13 00:53
Current failed test : org.apache.commons.math.complex.ComplexTest::testTanh_purify_3 | 18/01/13 00:53
Sat Jan 13 00:54:09 AEDT 2018 org.apache.commons.math.util.FastMath,393
Sat Jan 13 01:11:37 AEDT 2018 org.apache.commons.math.util.FastMath,397
Sat Jan 13 01:17:39 AEDT 2018 org.apache.commons.math.util.FastMath,453
Sat Jan 13 01:17:40 AEDT 2018 org.apache.commons.math.util.FastMath,457
Sat Jan 13 01:22:36 AEDT 2018 org.apache.commons.math.complex.Complex,1066
Timeout time : 18/01/13 01:31
Current failed test : org.apache.commons.math.complex.ComplexTest::testTanhInf_purify_3 | 18/01/13 01:31
Sat Jan 13 01:31:53 AEDT 2018 org.apache.commons.math.complex.Complex,1178
Sat Jan 13 01:34:08 AEDT 2018 org.apache.commons.math.complex.Complex,1182
Sat Jan 13 01:36:59 AEDT 2018 org.apache.commons.math.util.FastMath,393
Sat Jan 13 01:53:30 AEDT 2018 org.apache.commons.math.util.FastMath,453
Sat Jan 13 01:53:30 AEDT 2018 org.apache.commons.math.complex.Complex,1066
Sat Jan 13 02:02:17 AEDT 2018 org.apache.commons.math.complex.Complex,1067
Sat Jan 13 02:02:18 AEDT 2018 org.apache.commons.math.complex.Complex,1068
Sat Jan 13 02:02:18 AEDT 2018 org.apache.commons.math.complex.Complex,1070
Sat Jan 13 02:02:19 AEDT 2018 org.apache.commons.math.complex.Complex,1063
Sat Jan 13 02:02:20 AEDT 2018 org.apache.commons.math.util.FastMath,867
Sat Jan 13 02:04:34 AEDT 2018 org.apache.commons.math.util.FastMath,871
Sat Jan 13 02:05:23 AEDT 2018 org.apache.commons.math.util.FastMath,807
Timeout time : 18/01/13 02:08
Current failed test : org.apache.commons.math.complex.ComplexTest::testTanhInf_purify_4 | 18/01/13 02:08
Sat Jan 13 02:09:35 AEDT 2018 org.apache.commons.math.complex.Complex,1178
Sat Jan 13 02:11:49 AEDT 2018 org.apache.commons.math.complex.Complex,1182
Sat Jan 13 02:14:38 AEDT 2018 org.apache.commons.math.util.FastMath,397
Sat Jan 13 02:20:37 AEDT 2018 org.apache.commons.math.util.FastMath,457
Sat Jan 13 02:25:23 AEDT 2018 org.apache.commons.math.complex.Complex,1066
Sat Jan 13 02:33:42 AEDT 2018 org.apache.commons.math.complex.Complex,1067
Sat Jan 13 02:33:43 AEDT 2018 org.apache.commons.math.complex.Complex,1068
Sat Jan 13 02:33:44 AEDT 2018 org.apache.commons.math.complex.Complex,1070
Sat Jan 13 02:33:45 AEDT 2018 org.apache.commons.math.complex.Complex,1063
Sat Jan 13 02:33:45 AEDT 2018 org.apache.commons.math.util.FastMath,867
Sat Jan 13 02:35:53 AEDT 2018 org.apache.commons.math.util.FastMath,871
Sat Jan 13 02:36:39 AEDT 2018 org.apache.commons.math.util.FastMath,396
Sat Jan 13 02:36:42 AEDT 2018 org.apache.commons.math.util.FastMath,456
Sat Jan 13 02:36:43 AEDT 2018 org.apache.commons.math.util.FastMath,807
Sat Jan 13 02:42:52 AEDT 2018 org.apache.commons.math.util.FastMath,383
Timeout time : 18/01/13 02:46
Current failed test : org.apache.commons.math.complex.ComplexTest::testTan_purify_2 | 18/01/13 02:46
Sat Jan 13 02:47:18 AEDT 2018 org.apache.commons.math.util.FastMath,393
Sat Jan 13 03:03:08 AEDT 2018 org.apache.commons.math.util.FastMath,453
Sat Jan 13 03:03:09 AEDT 2018 org.apache.commons.math.complex.Complex,1022
Sat Jan 13 03:11:39 AEDT 2018 org.apache.commons.math.complex.Complex,1023
Sat Jan 13 03:11:40 AEDT 2018 org.apache.commons.math.complex.Complex,1024
Sat Jan 13 03:11:41 AEDT 2018 org.apache.commons.math.complex.Complex,1026
Sat Jan 13 03:11:42 AEDT 2018 org.apache.commons.math.complex.Complex,1018
Sat Jan 13 03:11:43 AEDT 2018 org.apache.commons.math.util.FastMath,867
Sat Jan 13 03:13:51 AEDT 2018 org.apache.commons.math.util.FastMath,871
Sat Jan 13 03:14:37 AEDT 2018 org.apache.commons.math.util.FastMath,807

----------------------------------------
----------------------------------------
Pass Single Test : [=>0,0]
return 997*MathUtils.hash(x);

Time : 18/01/13 03:15
----------------------------------------

----------------------------------------
----------------------------------------
Pass Single Test : [=>0,0]
return x;

Time : 18/01/13 03:18
----------------------------------------

----------------------------------------
----------------------------------------
Pass Single Test : [=>0,0]
return 122*(76*MathUtils.hash(x)+MathUtils.hash(E));

Time : 18/01/13 03:19
----------------------------------------

----------------------------------------
----------------------------------------
Pass Single Test : [=>0,0]
return (76*MathUtils.hash(x)+MathUtils.hash(E));

Time : 18/01/13 03:21
----------------------------------------

----------------------------------------
----------------------------------------
Pass Single Test : [=>0,0]
return 76*MathUtils.hash(x)+MathUtils.hash(E);

Time : 18/01/13 03:22
----------------------------------------

----------------------------------------
----------------------------------------
Pass Single Test : [=>0,0]
return 76*MathUtils.hash(x);

Time : 18/01/13 03:23
----------------------------------------
Timeout time : 18/01/13 03:25
Current failed test : org.apache.commons.math.complex.ComplexTest::testTan_purify_3 | 18/01/13 03:25
Sat Jan 13 03:25:45 AEDT 2018 org.apache.commons.math.util.FastMath,393
Sat Jan 13 03:41:34 AEDT 2018 org.apache.commons.math.util.FastMath,397
Sat Jan 13 03:47:19 AEDT 2018 org.apache.commons.math.util.FastMath,453
Sat Jan 13 03:47:19 AEDT 2018 org.apache.commons.math.util.FastMath,457
Sat Jan 13 03:52:03 AEDT 2018 org.apache.commons.math.complex.Complex,1022
Sat Jan 13 04:00:33 AEDT 2018 org.apache.commons.math.complex.Complex,1023
Sat Jan 13 04:00:34 AEDT 2018 org.apache.commons.math.complex.Complex,1024
Sat Jan 13 04:00:34 AEDT 2018 org.apache.commons.math.complex.Complex,1026
Sat Jan 13 04:00:35 AEDT 2018 org.apache.commons.math.complex.Complex,1018
Sat Jan 13 04:00:36 AEDT 2018 org.apache.commons.math.util.FastMath,867
Sat Jan 13 04:02:44 AEDT 2018 org.apache.commons.math.util.FastMath,871
Timeout time : 18/01/13 04:02
Current failed test : org.apache.commons.math.complex.ComplexTest::testTanInf_purify_1 | 18/01/13 04:02
Sat Jan 13 04:03:26 AEDT 2018 org.apache.commons.math.complex.Complex,1178
Sat Jan 13 04:05:34 AEDT 2018 org.apache.commons.math.complex.Complex,1182
Sat Jan 13 04:08:17 AEDT 2018 org.apache.commons.math.util.FastMath,393
Sat Jan 13 04:24:06 AEDT 2018 org.apache.commons.math.util.FastMath,453
Sat Jan 13 04:24:07 AEDT 2018 org.apache.commons.math.complex.Complex,1022
Sat Jan 13 04:32:36 AEDT 2018 org.apache.commons.math.complex.Complex,1023
Sat Jan 13 04:32:37 AEDT 2018 org.apache.commons.math.complex.Complex,1024
Sat Jan 13 04:32:38 AEDT 2018 org.apache.commons.math.complex.Complex,1026
Sat Jan 13 04:32:39 AEDT 2018 org.apache.commons.math.complex.Complex,1018
Sat Jan 13 04:32:40 AEDT 2018 org.apache.commons.math.util.FastMath,867
Sat Jan 13 04:34:47 AEDT 2018 org.apache.commons.math.util.FastMath,871
Sat Jan 13 04:35:34 AEDT 2018 org.apache.commons.math.util.FastMath,807
Timeout time : 18/01/13 04:40
Current failed test : org.apache.commons.math.complex.ComplexTest::testTanInf_purify_2 | 18/01/13 04:40
Sat Jan 13 04:41:07 AEDT 2018 org.apache.commons.math.complex.Complex,1178
Sat Jan 13 04:43:16 AEDT 2018 org.apache.commons.math.complex.Complex,1182
Sat Jan 13 04:45:58 AEDT 2018 org.apache.commons.math.util.FastMath,397
Sat Jan 13 04:51:45 AEDT 2018 org.apache.commons.math.util.FastMath,457
Sat Jan 13 04:56:28 AEDT 2018 org.apache.commons.math.complex.Complex,1022
Sat Jan 13 05:04:57 AEDT 2018 org.apache.commons.math.complex.Complex,1023
Sat Jan 13 05:04:58 AEDT 2018 org.apache.commons.math.complex.Complex,1024
Sat Jan 13 05:04:58 AEDT 2018 org.apache.commons.math.complex.Complex,1026
Sat Jan 13 05:05:00 AEDT 2018 org.apache.commons.math.complex.Complex,1018
Sat Jan 13 05:05:01 AEDT 2018 org.apache.commons.math.util.FastMath,867
Sat Jan 13 05:07:09 AEDT 2018 org.apache.commons.math.util.FastMath,871
Sat Jan 13 05:07:55 AEDT 2018 org.apache.commons.math.util.FastMath,396
Sat Jan 13 05:07:56 AEDT 2018 org.apache.commons.math.util.FastMath,456
Sat Jan 13 05:07:57 AEDT 2018 org.apache.commons.math.util.FastMath,807
Sat Jan 13 05:14:07 AEDT 2018 org.apache.commons.math.util.FastMath,383
Timeout time : 18/01/13 05:18
