=================================================
Project : math_47	start : 18/01/12 22:03
Current failed test : org.apache.commons.math.complex.ComplexTest::testAtanI | 18/01/12 22:04
Fri Jan 12 22:05:25 AEDT 2018 org.apache.commons.math.complex.Complex,1179
Fri Jan 12 22:06:53 AEDT 2018 org.apache.commons.math.util.FastMath,2991
Fri Jan 12 22:24:43 AEDT 2018 org.apache.commons.math.util.FastMath,2994
Fri Jan 12 22:24:45 AEDT 2018 org.apache.commons.math.complex.Complex,257

----------------------------------------
----------------------------------------
Pass Single Test : [=>0,0]
if(divisor.getReal()==0.0&&divisor.getImaginary()==0.0){
return ZERO;
}

Time : 18/01/12 22:25
----------------------------------------

----------------------------------------
----------------------------------------
Pass Single Test : [=>0,0]
if(divisor.getReal()==0.0&&!isInfinite()){
return ZERO;
}

Time : 18/01/12 22:28
----------------------------------------
Fri Jan 12 22:29:58 AEDT 2018 org.apache.commons.math.complex.Complex,583

----------------------------------------
----------------------------------------
Pass Single Test : [=>0,0]
if(isNaN){
return NaN;
}
return INF;

Time : 18/01/12 22:33
----------------------------------------

----------------------------------------
----------------------------------------
Pass Single Test : [=>0,0]
MathUtils.checkNotNull(ONE);
if(isNaN){
return NaN;
}
return INF;

Time : 18/01/12 22:35
----------------------------------------
Fri Jan 12 22:37:14 AEDT 2018 org.apache.commons.math.complex.Complex,579
Fri Jan 12 22:38:04 AEDT 2018 org.apache.commons.math.complex.Complex,268
Fri Jan 12 23:00:37 AEDT 2018 org.apache.commons.math.complex.Complex,269
Fri Jan 12 23:00:39 AEDT 2018 org.apache.commons.math.complex.Complex,270
Fri Jan 12 23:00:40 AEDT 2018 org.apache.commons.math.util.FastMath,1315
Timeout time : 18/01/13 00:35
Current failed test : org.apache.commons.math.complex.ComplexTest::testDivideZero | 18/01/13 00:35
Sat Jan 13 00:36:14 AEDT 2018 org.apache.commons.math.complex.Complex,1179
Sat Jan 13 00:37:30 AEDT 2018 org.apache.commons.math.complex.Complex,257
Sat Jan 13 00:39:19 AEDT 2018 org.apache.commons.math.complex.Complex,256
Sat Jan 13 00:39:20 AEDT 2018 org.apache.commons.math.complex.Complex,251
Sat Jan 13 00:42:29 AEDT 2018 org.apache.commons.math.complex.Complex,252
Sat Jan 13 00:44:28 AEDT 2018 org.apache.commons.math.complex.Complex,327
Sat Jan 13 00:45:03 AEDT 2018 org.apache.commons.math.complex.Complex,323

----------------------------------------
----------------------------------------
Pass Single Test : [=>0,0]
if(other instanceof Complex){
Complex c=(Complex)other;
if(c.isNaN){
return isNaN;
}else {
return this.isNaN();
}
}

Time : 18/01/13 00:47
----------------------------------------
Sat Jan 13 00:51:23 AEDT 2018 org.apache.commons.math.complex.Complex,324
Sat Jan 13 00:51:24 AEDT 2018 org.apache.commons.math.complex.Complex,322
Sat Jan 13 00:51:25 AEDT 2018 org.apache.commons.math.complex.Complex,319

----------------------------------------
----------------------------------------
Pass Single Test : [=>0,0]
if(this!=other){
return true;
}

Time : 18/01/13 00:53
----------------------------------------

----------------------------------------
----------------------------------------
Pass Single Test : [=>0,0]
if(this!=null){
return true;
}

Time : 18/01/13 00:55
----------------------------------------

----------------------------------------
----------------------------------------
Pass Single Test : [=>0,0]
if(other instanceof Complex){
return true;
}

Time : 18/01/13 00:57
----------------------------------------

----------------------------------------
----------------------------------------
Pass Single Test : [=>0,0]
if(other instanceof Complex){
return isNaN;
}

Time : 18/01/13 00:58
----------------------------------------

----------------------------------------
----------------------------------------
Pass Single Test : [=>0,0]
if(!isInfinite){
return true;
}

Time : 18/01/13 01:00
----------------------------------------
Sat Jan 13 01:02:07 AEDT 2018 Sat Jan 13 01:02:07 AEDT 2018 : org.apache.commons.math.util.MathUtils,2337=>Find no block
Sat Jan 13 01:02:08 AEDT 2018 org.apache.commons.math.util.MathUtils,2334
Sat Jan 13 01:03:37 AEDT 2018 org.apache.commons.math.complex.Complex,364
Sat Jan 13 01:05:32 AEDT 2018 org.apache.commons.math.complex.Complex,355
Sat Jan 13 01:07:19 AEDT 2018 Sat Jan 13 01:07:19 AEDT 2018 : org.apache.commons.math.complex.Complex,98=>Find no block
Sat Jan 13 01:07:20 AEDT 2018 org.apache.commons.math.complex.Complex,99
Sat Jan 13 01:13:31 AEDT 2018 org.apache.commons.math.complex.Complex,100
Sat Jan 13 01:13:32 AEDT 2018 org.apache.commons.math.complex.Complex,102
Sat Jan 13 01:13:33 AEDT 2018 org.apache.commons.math.complex.Complex,103
Sat Jan 13 01:13:36 AEDT 2018 Sat Jan 13 01:13:36 AEDT 2018 : org.apache.commons.math.complex.Complex,105=>Find no block
Sat Jan 13 01:13:38 AEDT 2018 org.apache.commons.math.exception.NumberIsTooSmallException,50
Sat Jan 13 01:13:41 AEDT 2018 Sat Jan 13 01:13:41 AEDT 2018 : org.apache.commons.math.exception.NumberIsTooSmallException,54=>Find no block
Sat Jan 13 01:13:42 AEDT 2018 org.apache.commons.math.exception.NumberIsTooSmallException,68
Sat Jan 13 01:14:47 AEDT 2018 org.apache.commons.math.exception.NumberIsTooSmallException,70
Sat Jan 13 01:14:48 AEDT 2018 org.apache.commons.math.exception.NumberIsTooSmallException,71
Sat Jan 13 01:14:49 AEDT 2018 Sat Jan 13 01:14:49 AEDT 2018 : org.apache.commons.math.exception.NumberIsTooSmallException,72=>Find no block
Sat Jan 13 01:14:50 AEDT 2018 org.apache.commons.math.exception.NumberIsTooSmallException,78
Sat Jan 13 01:14:53 AEDT 2018 org.apache.commons.math.exception.NumberIsTooSmallException,85
Sat Jan 13 01:14:56 AEDT 2018 org.apache.commons.math.exception.MathIllegalNumberException,46
Sat Jan 13 01:15:57 AEDT 2018 org.apache.commons.math.exception.MathIllegalNumberException,47
Sat Jan 13 01:15:58 AEDT 2018 Sat Jan 13 01:15:58 AEDT 2018 : org.apache.commons.math.exception.MathIllegalNumberException,48=>Find no block
Sat Jan 13 01:15:59 AEDT 2018 org.apache.commons.math.exception.MathIllegalNumberException,54
Sat Jan 13 01:16:02 AEDT 2018 Sat Jan 13 01:16:02 AEDT 2018 : org.apache.commons.math.exception.MathIllegalArgumentException,44=>Find no block
Sat Jan 13 01:16:03 AEDT 2018 Sat Jan 13 01:16:03 AEDT 2018 : org.apache.commons.math.exception.MathIllegalArgumentException,37=>Find no block
Sat Jan 13 01:16:07 AEDT 2018 org.apache.commons.math.exception.MathIllegalArgumentException,45
Sat Jan 13 01:16:42 AEDT 2018 Sat Jan 13 01:16:42 AEDT 2018 : org.apache.commons.math.exception.MathIllegalArgumentException,46=>Find no block
Sat Jan 13 01:16:43 AEDT 2018 org.apache.commons.math.exception.MathIllegalArgumentException,50
Sat Jan 13 01:16:47 AEDT 2018 org.apache.commons.math.exception.MathIllegalArgumentException,55
Sat Jan 13 01:16:50 AEDT 2018 org.apache.commons.math.exception.MathIllegalArgumentException,61
Sat Jan 13 01:17:28 AEDT 2018 org.apache.commons.math.exception.MathIllegalArgumentException,67
Sat Jan 13 01:18:05 AEDT 2018 org.apache.commons.math.exception.NotPositiveException,37
Sat Jan 13 01:18:11 AEDT 2018 Sat Jan 13 01:18:11 AEDT 2018 : org.apache.commons.math.exception.NotPositiveException,38=>Find no block
Sat Jan 13 01:18:12 AEDT 2018 org.apache.commons.math.exception.NotPositiveException,47
Sat Jan 13 01:18:51 AEDT 2018 Sat Jan 13 01:18:51 AEDT 2018 : org.apache.commons.math.exception.NotPositiveException,48=>Find no block
Sat Jan 13 01:18:52 AEDT 2018 org.apache.commons.math.exception.NonMonotonousSequenceException,61
Sat Jan 13 01:18:56 AEDT 2018 Sat Jan 13 01:18:56 AEDT 2018 : org.apache.commons.math.exception.NonMonotonousSequenceException,62=>Find no block
Sat Jan 13 01:18:57 AEDT 2018 org.apache.commons.math.exception.NonMonotonousSequenceException,80
Sat Jan 13 01:25:03 AEDT 2018 org.apache.commons.math.exception.NonMonotonousSequenceException,89
Sat Jan 13 01:25:07 AEDT 2018 org.apache.commons.math.exception.NonMonotonousSequenceException,90
Sat Jan 13 01:25:09 AEDT 2018 org.apache.commons.math.exception.NonMonotonousSequenceException,91
Sat Jan 13 01:25:10 AEDT 2018 org.apache.commons.math.exception.NonMonotonousSequenceException,92
Sat Jan 13 01:25:11 AEDT 2018 Sat Jan 13 01:25:11 AEDT 2018 : org.apache.commons.math.exception.NonMonotonousSequenceException,93=>Find no block
Sat Jan 13 01:25:12 AEDT 2018 org.apache.commons.math.exception.NonMonotonousSequenceException,99
Sat Jan 13 01:25:15 AEDT 2018 org.apache.commons.math.exception.NonMonotonousSequenceException,105
Sat Jan 13 01:25:19 AEDT 2018 org.apache.commons.math.exception.NonMonotonousSequenceException,113
Sat Jan 13 01:26:33 AEDT 2018 org.apache.commons.math.exception.NonMonotonousSequenceException,119
Sat Jan 13 01:26:37 AEDT 2018 Sat Jan 13 01:26:37 AEDT 2018 : org.apache.commons.math.util.MathUtils,1946=>Find no block
Sat Jan 13 01:26:38 AEDT 2018 Sat Jan 13 01:26:38 AEDT 2018 : org.apache.commons.math.util.MathUtils,1946=>Find no block
Sat Jan 13 01:26:39 AEDT 2018 Sat Jan 13 01:26:39 AEDT 2018 : org.apache.commons.math.util.MathUtils,1946=>Find no block
Sat Jan 13 01:26:39 AEDT 2018 Sat Jan 13 01:26:39 AEDT 2018 : org.apache.commons.math.exception.MathArithmeticException,43=>Find no block
Sat Jan 13 01:26:40 AEDT 2018 Sat Jan 13 01:26:40 AEDT 2018 : org.apache.commons.math.exception.MathArithmeticException,38=>Find no block
Sat Jan 13 01:26:42 AEDT 2018 org.apache.commons.math.exception.MathArithmeticException,44
Sat Jan 13 01:27:35 AEDT 2018 Sat Jan 13 01:27:35 AEDT 2018 : org.apache.commons.math.exception.MathArithmeticException,45=>Find no block
Sat Jan 13 01:27:37 AEDT 2018 Sat Jan 13 01:27:37 AEDT 2018 : org.apache.commons.math.exception.MathArithmeticException,55=>Find no block
Sat Jan 13 01:27:37 AEDT 2018 org.apache.commons.math.exception.MathArithmeticException,56
Sat Jan 13 01:27:38 AEDT 2018 Sat Jan 13 01:27:38 AEDT 2018 : org.apache.commons.math.exception.MathArithmeticException,57=>Find no block
Sat Jan 13 01:27:39 AEDT 2018 org.apache.commons.math.exception.MathArithmeticException,61
Sat Jan 13 01:27:41 AEDT 2018 org.apache.commons.math.exception.MathArithmeticException,66
Sat Jan 13 01:27:42 AEDT 2018 org.apache.commons.math.exception.MathArithmeticException,72
Sat Jan 13 01:27:43 AEDT 2018 org.apache.commons.math.exception.MathArithmeticException,78
Sat Jan 13 01:27:44 AEDT 2018 org.apache.commons.math.exception.NumberIsTooLargeException,50
Sat Jan 13 01:27:47 AEDT 2018 Sat Jan 13 01:27:47 AEDT 2018 : org.apache.commons.math.exception.NumberIsTooLargeException,54=>Find no block
Sat Jan 13 01:27:48 AEDT 2018 org.apache.commons.math.exception.NumberIsTooLargeException,67
Sat Jan 13 01:28:48 AEDT 2018 org.apache.commons.math.exception.NumberIsTooLargeException,69
Sat Jan 13 01:28:49 AEDT 2018 org.apache.commons.math.exception.NumberIsTooLargeException,70
Sat Jan 13 01:28:50 AEDT 2018 Sat Jan 13 01:28:50 AEDT 2018 : org.apache.commons.math.exception.NumberIsTooLargeException,71=>Find no block
Sat Jan 13 01:28:51 AEDT 2018 org.apache.commons.math.exception.NumberIsTooLargeException,77
Sat Jan 13 01:28:52 AEDT 2018 org.apache.commons.math.exception.NumberIsTooLargeException,84
Sat Jan 13 01:28:55 AEDT 2018 org.apache.commons.math.exception.NullArgumentException,41
Sat Jan 13 01:28:59 AEDT 2018 Sat Jan 13 01:28:59 AEDT 2018 : org.apache.commons.math.exception.NullArgumentException,42=>Find no block
Sat Jan 13 01:29:00 AEDT 2018 org.apache.commons.math.exception.NullArgumentException,50
Sat Jan 13 01:29:43 AEDT 2018 Sat Jan 13 01:29:43 AEDT 2018 : org.apache.commons.math.exception.NullArgumentException,51=>Find no block
Sat Jan 13 01:29:44 AEDT 2018 org.apache.commons.math.exception.DimensionMismatchException,44
Sat Jan 13 01:34:14 AEDT 2018 org.apache.commons.math.exception.DimensionMismatchException,45
Sat Jan 13 01:34:15 AEDT 2018 Sat Jan 13 01:34:15 AEDT 2018 : org.apache.commons.math.exception.DimensionMismatchException,46=>Find no block
Sat Jan 13 01:34:16 AEDT 2018 org.apache.commons.math.exception.DimensionMismatchException,56
Sat Jan 13 01:34:19 AEDT 2018 Sat Jan 13 01:34:19 AEDT 2018 : org.apache.commons.math.exception.DimensionMismatchException,57=>Find no block
Sat Jan 13 01:34:20 AEDT 2018 org.apache.commons.math.exception.DimensionMismatchException,63
Sat Jan 13 01:35:02 AEDT 2018 org.apache.commons.math.exception.NotFiniteNumberException,40
Sat Jan 13 01:35:05 AEDT 2018 Sat Jan 13 01:35:05 AEDT 2018 : org.apache.commons.math.exception.NotFiniteNumberException,41=>Find no block
Sat Jan 13 01:35:06 AEDT 2018 org.apache.commons.math.exception.NotFiniteNumberException,53
Sat Jan 13 01:35:55 AEDT 2018 Sat Jan 13 01:35:55 AEDT 2018 : org.apache.commons.math.exception.NotFiniteNumberException,54=>Find no block
Sat Jan 13 01:35:55 AEDT 2018 Sat Jan 13 01:35:55 AEDT 2018 : org.apache.commons.math.util.MathUtils,2229=>Find no block
Sat Jan 13 01:35:56 AEDT 2018 Sat Jan 13 01:35:56 AEDT 2018 : org.apache.commons.math.util.MathUtils,2233=>Find no block
Sat Jan 13 01:35:57 AEDT 2018 org.apache.commons.math.util.MathUtils,2235
Sat Jan 13 01:36:01 AEDT 2018 org.apache.commons.math.util.MathUtils,2236
Sat Jan 13 01:36:07 AEDT 2018 org.apache.commons.math.util.MathUtils,2238
Sat Jan 13 01:36:10 AEDT 2018 org.apache.commons.math.util.MathUtils,2239
Sat Jan 13 01:36:16 AEDT 2018 org.apache.commons.math.util.MathUtils,2242
Sat Jan 13 01:36:19 AEDT 2018 org.apache.commons.math.util.MathUtils,2244
Sat Jan 13 01:36:22 AEDT 2018 org.apache.commons.math.util.MathUtils,101
Sat Jan 13 01:36:26 AEDT 2018 Sat Jan 13 01:36:26 AEDT 2018 : org.apache.commons.math.util.MathUtils,102=>Find no block
Sat Jan 13 01:36:27 AEDT 2018 org.apache.commons.math.util.MathUtils,115
Sat Jan 13 01:54:08 AEDT 2018 org.apache.commons.math.util.MathUtils,116
Sat Jan 13 01:57:35 AEDT 2018 org.apache.commons.math.util.MathUtils,117
Sat Jan 13 01:57:36 AEDT 2018 org.apache.commons.math.util.MathUtils,119
Sat Jan 13 01:57:37 AEDT 2018 org.apache.commons.math.util.MathUtils,133
Sat Jan 13 01:58:48 AEDT 2018 org.apache.commons.math.util.MathUtils,149
Sat Jan 13 02:06:11 AEDT 2018 org.apache.commons.math.util.MathUtils,151
Sat Jan 13 02:06:14 AEDT 2018 org.apache.commons.math.util.MathUtils,155
Sat Jan 13 02:06:15 AEDT 2018 org.apache.commons.math.util.MathUtils,156
Sat Jan 13 02:06:16 AEDT 2018 org.apache.commons.math.util.MathUtils,158
Sat Jan 13 02:06:17 AEDT 2018 org.apache.commons.math.util.MathUtils,159
Sat Jan 13 02:06:18 AEDT 2018 org.apache.commons.math.util.MathUtils,161
Sat Jan 13 02:06:19 AEDT 2018 org.apache.commons.math.util.MathUtils,165
Sat Jan 13 02:06:20 AEDT 2018 org.apache.commons.math.util.MathUtils,172
Sat Jan 13 02:06:21 AEDT 2018 org.apache.commons.math.util.MathUtils,173
Sat Jan 13 02:06:22 AEDT 2018 org.apache.commons.math.util.MathUtils,175
Sat Jan 13 02:06:23 AEDT 2018 org.apache.commons.math.util.MathUtils,179
Sat Jan 13 02:08:40 AEDT 2018 org.apache.commons.math.util.MathUtils,208
Sat Jan 13 02:27:13 AEDT 2018 org.apache.commons.math.util.MathUtils,209
Sat Jan 13 02:46:24 AEDT 2018 org.apache.commons.math.util.MathUtils,210
Sat Jan 13 02:46:25 AEDT 2018 org.apache.commons.math.util.MathUtils,212
Timeout time : 18/01/13 03:06
