=================================================
Project : math_52	start : 18/01/13 00:24
Current failed test : org.apache.commons.math.geometry.euclidean.threed.RotationTest::testIssue639_purify_1 | 18/01/13 00:25
Sat Jan 13 00:26:22 AEDT 2018 org.apache.commons.math.geometry.euclidean.threed.Vector3D,224
Sat Jan 13 00:38:43 AEDT 2018 Sat Jan 13 00:38:43 AEDT 2018 : org.apache.commons.math.geometry.euclidean.threed.Rotation,313=>Find no block
Sat Jan 13 00:38:44 AEDT 2018 org.apache.commons.math.geometry.euclidean.threed.Rotation,316
Sat Jan 13 00:42:52 AEDT 2018 org.apache.commons.math.geometry.euclidean.threed.Rotation,317
Sat Jan 13 00:42:53 AEDT 2018 org.apache.commons.math.geometry.euclidean.threed.Rotation,318
Sat Jan 13 00:48:02 AEDT 2018 org.apache.commons.math.geometry.euclidean.threed.Rotation,319
Sat Jan 13 01:00:02 AEDT 2018 org.apache.commons.math.geometry.euclidean.threed.Rotation,320
Sat Jan 13 01:02:26 AEDT 2018 org.apache.commons.math.geometry.euclidean.threed.Rotation,325
Sat Jan 13 01:09:14 AEDT 2018 org.apache.commons.math.geometry.euclidean.threed.Rotation,328
Sat Jan 13 01:14:24 AEDT 2018 org.apache.commons.math.geometry.euclidean.threed.Rotation,329
Sat Jan 13 01:18:53 AEDT 2018 org.apache.commons.math.geometry.euclidean.threed.Rotation,330
Sat Jan 13 01:24:46 AEDT 2018 org.apache.commons.math.geometry.euclidean.threed.Rotation,331
Timeout time : 18/01/13 01:41
Current failed test : org.apache.commons.math.geometry.euclidean.threed.RotationTest::testIssue639_purify_2 | 18/01/13 01:41
Sat Jan 13 01:42:01 AEDT 2018 org.apache.commons.math.geometry.euclidean.threed.Vector3D,224
Sat Jan 13 01:53:22 AEDT 2018 Sat Jan 13 01:53:22 AEDT 2018 : org.apache.commons.math.geometry.euclidean.threed.Rotation,313=>Find no block
Sat Jan 13 01:53:23 AEDT 2018 org.apache.commons.math.geometry.euclidean.threed.Rotation,316
Sat Jan 13 01:57:24 AEDT 2018 org.apache.commons.math.geometry.euclidean.threed.Rotation,317
Sat Jan 13 01:57:25 AEDT 2018 org.apache.commons.math.geometry.euclidean.threed.Rotation,318
Sat Jan 13 02:02:21 AEDT 2018 org.apache.commons.math.geometry.euclidean.threed.Rotation,319
Sat Jan 13 02:14:18 AEDT 2018 org.apache.commons.math.geometry.euclidean.threed.Rotation,320
Sat Jan 13 02:16:41 AEDT 2018 org.apache.commons.math.geometry.euclidean.threed.Rotation,325
Sat Jan 13 02:23:20 AEDT 2018 org.apache.commons.math.geometry.euclidean.threed.Rotation,328
Sat Jan 13 02:28:24 AEDT 2018 org.apache.commons.math.geometry.euclidean.threed.Rotation,329
Sat Jan 13 02:32:43 AEDT 2018 org.apache.commons.math.geometry.euclidean.threed.Rotation,330
Sat Jan 13 02:38:26 AEDT 2018 org.apache.commons.math.geometry.euclidean.threed.Rotation,331
Sat Jan 13 02:55:36 AEDT 2018 org.apache.commons.math.geometry.euclidean.threed.Rotation,332
Timeout time : 18/01/13 02:57
Current failed test : org.apache.commons.math.geometry.euclidean.threed.RotationTest::testIssue639_purify_3 | 18/01/13 02:57
Sat Jan 13 02:57:42 AEDT 2018 org.apache.commons.math.geometry.euclidean.threed.Vector3D,224
Sat Jan 13 03:09:05 AEDT 2018 Sat Jan 13 03:09:05 AEDT 2018 : org.apache.commons.math.geometry.euclidean.threed.Rotation,313=>Find no block
Sat Jan 13 03:09:06 AEDT 2018 org.apache.commons.math.geometry.euclidean.threed.Rotation,316
Sat Jan 13 03:13:01 AEDT 2018 org.apache.commons.math.geometry.euclidean.threed.Rotation,317
Sat Jan 13 03:13:02 AEDT 2018 org.apache.commons.math.geometry.euclidean.threed.Rotation,318
Sat Jan 13 03:17:49 AEDT 2018 org.apache.commons.math.geometry.euclidean.threed.Rotation,319
Sat Jan 13 03:29:37 AEDT 2018 org.apache.commons.math.geometry.euclidean.threed.Rotation,320
Sat Jan 13 03:31:58 AEDT 2018 org.apache.commons.math.geometry.euclidean.threed.Rotation,325
Sat Jan 13 03:38:30 AEDT 2018 org.apache.commons.math.geometry.euclidean.threed.Rotation,328
Sat Jan 13 03:43:27 AEDT 2018 org.apache.commons.math.geometry.euclidean.threed.Rotation,329
Sat Jan 13 03:47:40 AEDT 2018 org.apache.commons.math.geometry.euclidean.threed.Rotation,330
Sat Jan 13 03:53:18 AEDT 2018 org.apache.commons.math.geometry.euclidean.threed.Rotation,331
Sat Jan 13 04:10:07 AEDT 2018 org.apache.commons.math.geometry.euclidean.threed.Rotation,332
Timeout time : 18/01/13 04:12
Current failed test : org.apache.commons.math.geometry.euclidean.threed.RotationTest::testIssue639_purify_4 | 18/01/13 04:12
Sat Jan 13 04:13:19 AEDT 2018 org.apache.commons.math.geometry.euclidean.threed.Vector3D,224
Sat Jan 13 04:24:32 AEDT 2018 Sat Jan 13 04:24:32 AEDT 2018 : org.apache.commons.math.geometry.euclidean.threed.Rotation,313=>Find no block
Sat Jan 13 04:24:33 AEDT 2018 org.apache.commons.math.geometry.euclidean.threed.Rotation,316
Sat Jan 13 04:28:30 AEDT 2018 org.apache.commons.math.geometry.euclidean.threed.Rotation,317
Sat Jan 13 04:28:31 AEDT 2018 org.apache.commons.math.geometry.euclidean.threed.Rotation,318
Sat Jan 13 04:33:19 AEDT 2018 org.apache.commons.math.geometry.euclidean.threed.Rotation,319
Sat Jan 13 04:45:00 AEDT 2018 org.apache.commons.math.geometry.euclidean.threed.Rotation,320
Sat Jan 13 04:47:21 AEDT 2018 org.apache.commons.math.geometry.euclidean.threed.Rotation,325
Sat Jan 13 04:53:54 AEDT 2018 org.apache.commons.math.geometry.euclidean.threed.Rotation,328
Sat Jan 13 04:58:54 AEDT 2018 org.apache.commons.math.geometry.euclidean.threed.Rotation,329
Sat Jan 13 05:03:10 AEDT 2018 org.apache.commons.math.geometry.euclidean.threed.Rotation,330
Sat Jan 13 05:08:51 AEDT 2018 org.apache.commons.math.geometry.euclidean.threed.Rotation,331
Sat Jan 13 05:25:34 AEDT 2018 org.apache.commons.math.geometry.euclidean.threed.Rotation,332
Timeout time : 18/01/13 05:28
