=================================================
Project : math_74	start : 18/01/12 14:24
Current failed test : org.apache.commons.math.ode.nonstiff.AdamsMoultonIntegratorTest::polynomial | 18/01/12 14:24
Fri Jan 12 14:25:15 AEDT 2018 org.apache.commons.math.ode.nonstiff.AdaptiveStepsizeIntegrator,292
Fri Jan 12 14:31:06 AEDT 2018 org.apache.commons.math.ode.nonstiff.AdamsMoultonIntegrator,309
Fri Jan 12 15:25:35 AEDT 2018 org.apache.commons.math.ode.nonstiff.AdamsMoultonIntegrator,310
Fri Jan 12 15:25:36 AEDT 2018 org.apache.commons.math.ode.nonstiff.AdamsMoultonIntegrator,311
Fri Jan 12 15:25:37 AEDT 2018 Fri Jan 12 15:25:37 AEDT 2018 : org.apache.commons.math.ode.nonstiff.AdamsNordsieckTransformer,152=>Find no block
Fri Jan 12 15:25:38 AEDT 2018 org.apache.commons.math.ode.nonstiff.AdamsNordsieckTransformer,155
Fri Jan 12 15:27:07 AEDT 2018 org.apache.commons.math.ode.nonstiff.AdamsNordsieckTransformer,156
Fri Jan 12 15:27:08 AEDT 2018 org.apache.commons.math.ode.nonstiff.AdamsNordsieckTransformer,159
Fri Jan 12 15:30:56 AEDT 2018 org.apache.commons.math.ode.nonstiff.AdamsNordsieckTransformer,160
Fri Jan 12 15:34:32 AEDT 2018 org.apache.commons.math.ode.nonstiff.AdamsNordsieckTransformer,161
Fri Jan 12 15:38:42 AEDT 2018 org.apache.commons.math.ode.nonstiff.AdamsNordsieckTransformer,166
Fri Jan 12 16:13:51 AEDT 2018 org.apache.commons.math.ode.nonstiff.AdamsNordsieckTransformer,167
Fri Jan 12 16:35:05 AEDT 2018 org.apache.commons.math.ode.nonstiff.AdamsNordsieckTransformer,169
Fri Jan 12 16:35:06 AEDT 2018 org.apache.commons.math.ode.nonstiff.AdamsNordsieckTransformer,171
Fri Jan 12 17:02:46 AEDT 2018 org.apache.commons.math.ode.nonstiff.AdamsNordsieckTransformer,172
Fri Jan 12 17:05:26 AEDT 2018 org.apache.commons.math.ode.nonstiff.AdamsNordsieckTransformer,173
Fri Jan 12 17:08:39 AEDT 2018 org.apache.commons.math.ode.nonstiff.AdamsNordsieckTransformer,177
Fri Jan 12 17:08:52 AEDT 2018 org.apache.commons.math.ode.nonstiff.AdamsNordsieckTransformer,184
Fri Jan 12 17:10:35 AEDT 2018 org.apache.commons.math.ode.nonstiff.AdamsNordsieckTransformer,188
Fri Jan 12 17:11:53 AEDT 2018 org.apache.commons.math.ode.nonstiff.AdamsNordsieckTransformer,189
Fri Jan 12 17:14:16 AEDT 2018 org.apache.commons.math.ode.nonstiff.AdamsNordsieckTransformer,190
Fri Jan 12 17:27:31 AEDT 2018 org.apache.commons.math.ode.nonstiff.AdamsNordsieckTransformer,191
Fri Jan 12 18:06:56 AEDT 2018 org.apache.commons.math.ode.nonstiff.AdamsNordsieckTransformer,192
Fri Jan 12 18:06:57 AEDT 2018 Fri Jan 12 18:06:57 AEDT 2018 : org.apache.commons.math.ode.nonstiff.AdamsNordsieckTransformer,195=>Find no block
Fri Jan 12 18:06:58 AEDT 2018 org.apache.commons.math.ode.nonstiff.AdamsNordsieckTransformer,206
Fri Jan 12 18:07:42 AEDT 2018 org.apache.commons.math.ode.nonstiff.AdamsNordsieckTransformer,207
Fri Jan 12 18:07:44 AEDT 2018 org.apache.commons.math.ode.nonstiff.AdamsNordsieckTransformer,237
Timeout time : 18/01/12 19:25
