=================================================
Project : math_86	start : 18/01/12 19:16
Current failed test : org.apache.commons.math.linear.CholeskyDecompositionImplTest::testMath274 | 18/01/12 19:17
Fri Jan 12 19:19:16 AEDT 2018 Fri Jan 12 19:19:16 AEDT 2018 : org.apache.commons.math.linear.CholeskyDecompositionImpl,76=>Find no block
Fri Jan 12 19:19:21 AEDT 2018 org.apache.commons.math.linear.CholeskyDecompositionImpl,132
Timeout time : 18/01/12 21:49
Current failed test : org.apache.commons.math.linear.CholeskyDecompositionImplTest::testNotPositiveDefinite | 18/01/12 21:49
Fri Jan 12 21:50:57 AEDT 2018 org.apache.commons.math.linear.AbstractRealMatrix,991
Fri Jan 12 22:11:26 AEDT 2018 org.apache.commons.math.linear.AbstractRealMatrix,992
Fri Jan 12 22:11:30 AEDT 2018 org.apache.commons.math.linear.AbstractRealMatrix,993
Fri Jan 12 22:27:05 AEDT 2018 org.apache.commons.math.linear.AbstractRealMatrix,994
Fri Jan 12 22:32:12 AEDT 2018 org.apache.commons.math.linear.AbstractRealMatrix,995
Fri Jan 12 22:36:31 AEDT 2018 org.apache.commons.math.linear.AbstractRealMatrix,996
Fri Jan 12 22:36:35 AEDT 2018 org.apache.commons.math.linear.AbstractRealMatrix,998
Fri Jan 12 23:28:23 AEDT 2018 org.apache.commons.math.linear.AbstractRealMatrix,999
Fri Jan 12 23:28:28 AEDT 2018 org.apache.commons.math.linear.AbstractRealMatrix,1000
Fri Jan 12 23:28:32 AEDT 2018 org.apache.commons.math.linear.AbstractRealMatrix,1002
Fri Jan 12 23:28:36 AEDT 2018 org.apache.commons.math.linear.AbstractRealMatrix,1003
Fri Jan 12 23:28:41 AEDT 2018 org.apache.commons.math.linear.AbstractRealMatrix,1004
Fri Jan 12 23:28:45 AEDT 2018 org.apache.commons.math.linear.AbstractRealMatrix,1005
Fri Jan 12 23:28:49 AEDT 2018 org.apache.commons.math.linear.AbstractRealMatrix,1007
Fri Jan 12 23:28:54 AEDT 2018 org.apache.commons.math.linear.AbstractRealMatrix,1009
Fri Jan 12 23:28:58 AEDT 2018 org.apache.commons.math.linear.AbstractRealMatrix,1012
Fri Jan 12 23:59:16 AEDT 2018 org.apache.commons.math.linear.AbstractRealMatrix,1013
Timeout time : 18/01/13 00:20
