=================================================
Project : math_9	start : 18/01/12 19:21
Current failed test : org.apache.commons.math3.geometry.euclidean.threed.LineTest::testRevert | 18/01/12 19:22
Fri Jan 12 19:24:02 AEDT 2018 org.apache.commons.math3.geometry.euclidean.threed.Vector3D,222
Fri Jan 12 19:25:18 AEDT 2018 org.apache.commons.math3.geometry.euclidean.threed.Vector3D,374
Fri Jan 12 19:26:31 AEDT 2018 org.apache.commons.math3.geometry.euclidean.threed.Line,87
Fri Jan 12 19:29:18 AEDT 2018 org.apache.commons.math3.geometry.euclidean.threed.Line,88
Fri Jan 12 19:29:20 AEDT 2018 org.apache.commons.math3.geometry.euclidean.threed.Line,95
Fri Jan 12 19:30:28 AEDT 2018 org.apache.commons.math3.geometry.euclidean.threed.Vector3D,249

----------------------------------------
----------------------------------------
Pass Single Test : [=>0,0]
return x*x+y*y+164*MathUtils.hash(x)+3*MathUtils.hash(y)*z;

Time : 18/01/12 19:31
----------------------------------------

----------------------------------------
----------------------------------------
Pass Single Test : [=>0,0]
return x*x+y*y+3*MathUtils.hash(y)*z;

Time : 18/01/12 19:35
----------------------------------------

----------------------------------------
----------------------------------------
Pass Single Test : [=>0,0]
if(isNaN()){
return 642;
}
return x*x+y*y+164*MathUtils.hash(x)+3*MathUtils.hash(y)*z;

Time : 18/01/12 19:39
----------------------------------------

----------------------------------------
----------------------------------------
Pass Single Test : [=>0,0]
if(isNaN()){
return 642;
}
return x*x+y*y+3*MathUtils.hash(y)*z;

Time : 18/01/12 19:43
----------------------------------------

----------------------------------------
----------------------------------------
Pass Single Test : [=>0,0]
return y+x;

Time : 18/01/12 19:48
----------------------------------------

----------------------------------------
----------------------------------------
Pass Single Test : [=>0,0]
return x+y;

Time : 18/01/12 19:51
----------------------------------------

----------------------------------------
----------------------------------------
Pass Single Test : [=>0,0]
return x;

Time : 18/01/12 19:58
----------------------------------------

----------------------------------------
----------------------------------------
Pass Single Test : [=>0,0]
return z-FastMath.exp(-y);

Time : 18/01/12 20:01
----------------------------------------

----------------------------------------
----------------------------------------
Pass Single Test : [=>0,0]
return z*FastMath.exp(-y);

Time : 18/01/12 20:05
----------------------------------------

----------------------------------------
----------------------------------------
Pass Single Test : [=>0,0]
return x+x;

Time : 18/01/12 20:09
----------------------------------------

----------------------------------------
----------------------------------------
Pass Single Test : [=>0,0]
return x+z-x;

Time : 18/01/12 20:13
----------------------------------------

----------------------------------------
----------------------------------------
Pass Single Test : [=>0,0]
return x+z+x;

Time : 18/01/12 20:16
----------------------------------------

----------------------------------------
----------------------------------------
Pass Single Test : [=>0,0]
return z+FastMath.exp(y);

Time : 18/01/12 20:20
----------------------------------------

----------------------------------------
----------------------------------------
Pass Single Test : [=>0,0]
return x*x+y*y+(y-z)*z;

Time : 18/01/12 20:24
----------------------------------------

----------------------------------------
----------------------------------------
Pass Single Test : [=>0,0]
return x*x+y*y+y-z*z;

Time : 18/01/12 20:28
----------------------------------------

----------------------------------------
----------------------------------------
Pass Single Test : [=>0,0]
return x*x+y*y+z*(1+FastMath.exp(-x));

Time : 18/01/12 20:31
----------------------------------------

----------------------------------------
----------------------------------------
Pass Single Test : [=>0,0]
return x*x+y*y+z*1+FastMath.exp(-x);

Time : 18/01/12 20:35
----------------------------------------

----------------------------------------
----------------------------------------
Pass Single Test : [=>0,0]
return z+(y-z)*z;

Time : 18/01/12 20:38
----------------------------------------

----------------------------------------
----------------------------------------
Pass Single Test : [=>0,0]
return z+y-z*z;

Time : 18/01/12 20:42
----------------------------------------

----------------------------------------
----------------------------------------
Pass Single Test : [=>0,0]
return z+z*(1+FastMath.exp(-x));

Time : 18/01/12 20:46
----------------------------------------

----------------------------------------
----------------------------------------
Pass Single Test : [=>0,0]
return z+z*1+FastMath.exp(-x);

Time : 18/01/12 20:50
----------------------------------------

----------------------------------------
----------------------------------------
Pass Single Test : [=>0,0]
return x*x+y*y+(y-z)*1+FastMath.exp(-x);

Time : 18/01/12 20:53
----------------------------------------

----------------------------------------
----------------------------------------
Pass Single Test : [=>0,0]
return x*x+y*y+y-z*1+FastMath.exp(-x);

Time : 18/01/12 20:57
----------------------------------------

----------------------------------------
----------------------------------------
Pass Single Test : [=>0,0]
return z+(y-z)*1+FastMath.exp(-x);

Time : 18/01/12 21:00
----------------------------------------

----------------------------------------
----------------------------------------
Pass Single Test : [=>0,0]
return z+y-z*1+FastMath.exp(-x);

Time : 18/01/12 21:03
----------------------------------------

----------------------------------------
----------------------------------------
Pass Single Test : [=>0,0]
return 1/x;

Time : 18/01/12 21:07
----------------------------------------

----------------------------------------
----------------------------------------
Pass Single Test : [=>0,0]
return z+x;

Time : 18/01/12 21:11
----------------------------------------

----------------------------------------
----------------------------------------
Pass Single Test : [=>0,0]
return FastMath.abs((x-y)/FastMath.max(FastMath.abs(x),FastMath.abs(y)))+z;

Time : 18/01/12 21:15
----------------------------------------

----------------------------------------
----------------------------------------
Pass Single Test : [=>0,0]
return (0.5*z)+z;

Time : 18/01/12 21:19
----------------------------------------

----------------------------------------
----------------------------------------
Pass Single Test : [=>0,0]
return (-0.5*z)+z;

Time : 18/01/12 21:23
----------------------------------------

----------------------------------------
----------------------------------------
Pass Single Test : [=>0,0]
return z+z;

Time : 18/01/12 21:27
----------------------------------------

----------------------------------------
----------------------------------------
Pass Single Test : [=>0,0]
if(y>=1.0){
return 0.0;
}
return z+z;

Time : 18/01/12 21:32
----------------------------------------

----------------------------------------
----------------------------------------
Pass Single Test : [=>0,0]
return (x-y)+(z-y);

Time : 18/01/12 21:36
----------------------------------------

----------------------------------------
----------------------------------------
Pass Single Test : [=>0,0]
if(x<=y){
return 0;
}
return (x-y)+(z-y);

Time : 18/01/12 21:41
----------------------------------------

----------------------------------------
----------------------------------------
Pass Single Test : [=>0,0]
return x+y+(z-y);

Time : 18/01/12 21:44
----------------------------------------

----------------------------------------
----------------------------------------
Pass Single Test : [=>0,0]
if(x<=y){
return 0;
}
return x+y+(z-y);

Time : 18/01/12 21:49
----------------------------------------

----------------------------------------
----------------------------------------
Pass Single Test : [=>0,0]
return z+y;

Time : 18/01/12 21:55
----------------------------------------

----------------------------------------
----------------------------------------
Pass Single Test : [=>0,0]
if(FastMath.abs(x)>40){
return x>0?1:-1;
}
return x*x+y*y+z*z;

Time : 18/01/12 21:59
----------------------------------------

----------------------------------------
----------------------------------------
Similar code block : 0.9789299093079076 : [/home/hz985/jiajun/d4j/projects/math/math_9_buggy/src/main/java/org/apache/commons/math3/geometry/euclidean/threed/Vector3D.java=>0,0]
if(FastMath.abs(x)>40){
return x>0?1:-1;
}
 final double ret=Gamma.regularizedGammaP(0.5,x*x,1.0E-15,10000);
return x<0?-ret:ret;

Time : 18/01/12 22:02
----------------------------------------

----------------------------------------
----------------------------------------
Original source code : [/home/hz985/jiajun/d4j/projects/math/math_9_buggy/src/main/java/org/apache/commons/math3/geometry/euclidean/threed/Vector3D.java=>249,249]
return x*x+y*y+z*z;

Time : 18/01/12 22:02
----------------------------------------

----------------------------------------
----------------------------------------
Find a patch : [/home/hz985/jiajun/d4j/projects/math/math_9_buggy/src/main/java/org/apache/commons/math3/geometry/euclidean/threed/Vector3D.java=>249,249]
if(FastMath.abs(x)>40){
return x>0?1:-1;
}
return x*x+y*y+z*z;

Time : 18/01/12 22:02
----------------------------------------
Success time : 18/01/12 22:02
