=================================================
Project : math_94	start : 18/01/12 18:08
Current failed test : org.apache.commons.math.util.MathUtilsTest::testGcd | 18/01/12 18:08
Fri Jan 12 18:09:58 AEDT 2018 org.apache.commons.math.util.MathUtils,413
Fri Jan 12 18:12:17 AEDT 2018 org.apache.commons.math.util.MathUtils,430
Fri Jan 12 18:23:24 AEDT 2018 org.apache.commons.math.util.MathUtils,431
Fri Jan 12 18:23:27 AEDT 2018 org.apache.commons.math.util.MathUtils,432
Fri Jan 12 18:23:30 AEDT 2018 org.apache.commons.math.util.MathUtils,450
Fri Jan 12 18:38:56 AEDT 2018 org.apache.commons.math.util.MathUtils,446
Fri Jan 12 18:40:00 AEDT 2018 org.apache.commons.math.util.MathUtils,421
Fri Jan 12 18:41:42 AEDT 2018 org.apache.commons.math.util.MathUtils,452
Fri Jan 12 18:41:45 AEDT 2018 org.apache.commons.math.util.MathUtils,420
Fri Jan 12 18:41:48 AEDT 2018 org.apache.commons.math.util.MathUtils,423
Fri Jan 12 18:44:42 AEDT 2018 org.apache.commons.math.util.MathUtils,424
Fri Jan 12 18:44:46 AEDT 2018 org.apache.commons.math.util.MathUtils,427
Fri Jan 12 18:55:56 AEDT 2018 org.apache.commons.math.util.MathUtils,428
Fri Jan 12 18:55:59 AEDT 2018 org.apache.commons.math.util.MathUtils,434
Fri Jan 12 18:59:57 AEDT 2018 org.apache.commons.math.util.MathUtils,439
Fri Jan 12 19:04:33 AEDT 2018 org.apache.commons.math.util.MathUtils,445
Fri Jan 12 19:04:36 AEDT 2018 org.apache.commons.math.util.MathUtils,449
Fri Jan 12 19:04:39 AEDT 2018 org.apache.commons.math.util.MathUtils,455
Fri Jan 12 19:05:08 AEDT 2018 org.apache.commons.math.util.MathUtils,458
Fri Jan 12 19:05:12 AEDT 2018 org.apache.commons.math.util.MathUtils,459
Fri Jan 12 19:07:35 AEDT 2018 org.apache.commons.math.util.MathUtils,412
Fri Jan 12 19:07:40 AEDT 2018 org.apache.commons.math.util.MathUtils,63
Fri Jan 12 19:07:51 AEDT 2018 Fri Jan 12 19:07:51 AEDT 2018 : org.apache.commons.math.util.MathUtils,64=>Find no block
Fri Jan 12 19:07:55 AEDT 2018 org.apache.commons.math.util.MathUtils,77
Fri Jan 12 19:10:14 AEDT 2018 org.apache.commons.math.util.MathUtils,78
Fri Jan 12 19:10:56 AEDT 2018 org.apache.commons.math.util.MathUtils,79
Fri Jan 12 19:11:00 AEDT 2018 org.apache.commons.math.util.MathUtils,81
Fri Jan 12 19:11:03 AEDT 2018 org.apache.commons.math.util.MathUtils,95
Fri Jan 12 19:11:11 AEDT 2018 org.apache.commons.math.util.MathUtils,111
Fri Jan 12 19:14:27 AEDT 2018 org.apache.commons.math.util.MathUtils,113
Fri Jan 12 19:14:37 AEDT 2018 org.apache.commons.math.util.MathUtils,117
Fri Jan 12 19:14:41 AEDT 2018 org.apache.commons.math.util.MathUtils,118
Fri Jan 12 19:14:45 AEDT 2018 org.apache.commons.math.util.MathUtils,120
Fri Jan 12 19:14:48 AEDT 2018 org.apache.commons.math.util.MathUtils,121
Fri Jan 12 19:14:52 AEDT 2018 org.apache.commons.math.util.MathUtils,123
Fri Jan 12 19:14:55 AEDT 2018 org.apache.commons.math.util.MathUtils,127
Fri Jan 12 19:14:59 AEDT 2018 org.apache.commons.math.util.MathUtils,134
Fri Jan 12 19:15:02 AEDT 2018 org.apache.commons.math.util.MathUtils,135
Fri Jan 12 19:15:06 AEDT 2018 org.apache.commons.math.util.MathUtils,137
Fri Jan 12 19:15:09 AEDT 2018 org.apache.commons.math.util.MathUtils,141
Fri Jan 12 19:16:57 AEDT 2018 org.apache.commons.math.util.MathUtils,171
Fri Jan 12 19:29:01 AEDT 2018 org.apache.commons.math.util.MathUtils,172
Fri Jan 12 19:29:05 AEDT 2018 org.apache.commons.math.util.MathUtils,175
Fri Jan 12 19:35:47 AEDT 2018 org.apache.commons.math.util.MathUtils,176
Fri Jan 12 19:35:51 AEDT 2018 org.apache.commons.math.util.MathUtils,179
Fri Jan 12 19:41:24 AEDT 2018 org.apache.commons.math.util.MathUtils,180
Fri Jan 12 19:41:28 AEDT 2018 org.apache.commons.math.util.MathUtils,182
Fri Jan 12 19:47:20 AEDT 2018 org.apache.commons.math.util.MathUtils,183
Fri Jan 12 19:47:24 AEDT 2018 org.apache.commons.math.util.MathUtils,186
Fri Jan 12 20:00:41 AEDT 2018 org.apache.commons.math.util.MathUtils,187
Fri Jan 12 20:00:45 AEDT 2018 org.apache.commons.math.util.MathUtils,188
Fri Jan 12 20:00:48 AEDT 2018 org.apache.commons.math.util.MathUtils,191
Fri Jan 12 20:00:56 AEDT 2018 org.apache.commons.math.util.MathUtils,217
Fri Jan 12 20:02:54 AEDT 2018 org.apache.commons.math.util.MathUtils,239
Fri Jan 12 20:02:58 AEDT 2018 org.apache.commons.math.util.MathUtils,240
Fri Jan 12 20:03:01 AEDT 2018 org.apache.commons.math.util.MathUtils,243
Fri Jan 12 20:03:04 AEDT 2018 org.apache.commons.math.util.MathUtils,244
Fri Jan 12 20:03:08 AEDT 2018 org.apache.commons.math.util.MathUtils,247
Fri Jan 12 20:08:42 AEDT 2018 org.apache.commons.math.util.MathUtils,248
Fri Jan 12 20:08:45 AEDT 2018 org.apache.commons.math.util.MathUtils,250
Fri Jan 12 20:14:48 AEDT 2018 org.apache.commons.math.util.MathUtils,251
Fri Jan 12 20:14:51 AEDT 2018 org.apache.commons.math.util.MathUtils,253
Fri Jan 12 21:48:32 AEDT 2018 org.apache.commons.math.util.MathUtils,256
Fri Jan 12 21:48:36 AEDT 2018 org.apache.commons.math.util.MathUtils,257
Fri Jan 12 21:48:39 AEDT 2018 org.apache.commons.math.util.MathUtils,261
Fri Jan 12 22:56:08 AEDT 2018 org.apache.commons.math.util.MathUtils,262
Fri Jan 12 22:56:11 AEDT 2018 org.apache.commons.math.util.MathUtils,265
Timeout time : 18/01/12 23:10
