=================================================
Project : closure_11	start : 18/01/15 19:07
Current failed test : com.google.javascript.jscomp.TypeCheckTest::testGetprop4 | 18/01/15 19:08
Mon Jan 15 19:08:22 AEDT 2018 com.google.javascript.rhino.jstype.NoObjectType,138
Mon Jan 15 19:09:31 AEDT 2018 com.google.javascript.rhino.jstype.NoObjectType,151
Mon Jan 15 19:09:43 AEDT 2018 com.google.javascript.rhino.jstype.NoObjectType,171
Mon Jan 15 19:09:56 AEDT 2018 com.google.javascript.rhino.jstype.NoObjectType,161
Mon Jan 15 19:10:09 AEDT 2018 com.google.javascript.rhino.jstype.JSType,580
Mon Jan 15 19:12:47 AEDT 2018 com.google.javascript.rhino.jstype.NoObjectType,144
Mon Jan 15 19:12:52 AEDT 2018 com.google.javascript.rhino.jstype.JSType,575
Mon Jan 15 19:12:58 AEDT 2018 com.google.javascript.rhino.jstype.JSType,576
Mon Jan 15 19:13:23 AEDT 2018 com.google.javascript.jscomp.TypeInference,550
Mon Jan 15 19:15:40 AEDT 2018 com.google.javascript.jscomp.TypedScopeCreator,1738
Mon Jan 15 19:21:41 AEDT 2018 com.google.javascript.jscomp.TypedScopeCreator,1493
Mon Jan 15 19:23:13 AEDT 2018 com.google.javascript.jscomp.TypeInference,1252
Mon Jan 15 19:26:12 AEDT 2018 com.google.javascript.jscomp.TypeInference,545
Mon Jan 15 19:26:17 AEDT 2018 com.google.javascript.jscomp.TypeInference,535
Mon Jan 15 19:30:34 AEDT 2018 com.google.javascript.jscomp.TypedScopeCreator,1718
Mon Jan 15 20:09:14 AEDT 2018 com.google.javascript.jscomp.TypedScopeCreator,1720
Mon Jan 15 20:09:15 AEDT 2018 com.google.javascript.jscomp.TypedScopeCreator,1730
Mon Jan 15 21:58:46 AEDT 2018 com.google.javascript.jscomp.TypedScopeCreator,1735
Mon Jan 15 21:58:47 AEDT 2018 com.google.javascript.jscomp.TypeInference,1245
Mon Jan 15 22:01:19 AEDT 2018 com.google.javascript.jscomp.TypeInference,1246
Mon Jan 15 22:01:21 AEDT 2018 com.google.javascript.jscomp.TypeCheck,490
Mon Jan 15 22:06:49 AEDT 2018 com.google.javascript.jscomp.TypeCheck,491
Mon Jan 15 22:10:56 AEDT 2018 com.google.javascript.rhino.jstype.NoObjectType,120
Mon Jan 15 22:11:01 AEDT 2018 com.google.javascript.rhino.jstype.JSType,274
Mon Jan 15 22:11:28 AEDT 2018 com.google.javascript.jscomp.TypeInference,1203
Mon Jan 15 22:14:44 AEDT 2018 com.google.javascript.jscomp.TypedScopeCreator,560
Mon Jan 15 22:22:23 AEDT 2018 com.google.javascript.jscomp.TypedScopeCreator,561
Mon Jan 15 22:26:55 AEDT 2018 com.google.javascript.jscomp.TypeInference,862
Mon Jan 15 22:32:13 AEDT 2018 com.google.javascript.jscomp.LinkedFlowScope,117
Mon Jan 15 22:33:10 AEDT 2018 com.google.javascript.jscomp.TypeInference,857
Mon Jan 15 22:50:47 AEDT 2018 com.google.javascript.jscomp.TypeInference,858
Mon Jan 15 22:50:49 AEDT 2018 com.google.javascript.jscomp.TypeInference,864
Mon Jan 15 22:50:51 AEDT 2018 com.google.javascript.jscomp.TypeInference,852
Mon Jan 15 22:50:53 AEDT 2018 com.google.javascript.rhino.jstype.FunctionType,347
Mon Jan 15 22:52:22 AEDT 2018 com.google.javascript.jscomp.TypedScopeCreator,1715
Mon Jan 15 22:52:23 AEDT 2018 Mon Jan 15 22:52:23 AEDT 2018 : com.google.javascript.jscomp.TypedScopeCreator,1716=>Find no block
Mon Jan 15 22:52:24 AEDT 2018 com.google.javascript.jscomp.TypeCheck,921
Mon Jan 15 22:52:56 AEDT 2018 com.google.javascript.jscomp.TypeCheck,486
Mon Jan 15 22:58:41 AEDT 2018 com.google.javascript.jscomp.TypeCheck,487
Mon Jan 15 23:03:18 AEDT 2018 com.google.javascript.rhino.Node,1616
Mon Jan 15 23:08:50 AEDT 2018 com.google.javascript.rhino.jstype.UnknownType,151
Mon Jan 15 23:08:54 AEDT 2018 com.google.javascript.jscomp.LinkedFlowScope,126
Mon Jan 15 23:09:00 AEDT 2018 com.google.javascript.jscomp.TypeInference,304
Mon Jan 15 23:14:35 AEDT 2018 com.google.javascript.jscomp.TypeInference,305
Mon Jan 15 23:17:54 AEDT 2018 com.google.javascript.rhino.Node,1581
Mon Jan 15 23:18:32 AEDT 2018 com.google.javascript.rhino.Node,1596
Mon Jan 15 23:23:37 AEDT 2018 com.google.javascript.jscomp.LinkedFlowScope,116
Mon Jan 15 23:23:38 AEDT 2018 com.google.javascript.jscomp.LinkedFlowScope,120
Mon Jan 15 23:25:17 AEDT 2018 com.google.javascript.rhino.jstype.ObjectType,310
Mon Jan 15 23:25:39 AEDT 2018 com.google.javascript.rhino.jstype.ObjectType,311
Mon Jan 15 23:25:41 AEDT 2018 com.google.javascript.rhino.jstype.UnknownType,156
Mon Jan 15 23:25:42 AEDT 2018 com.google.javascript.jscomp.TypeCheck,1442
Mon Jan 15 23:26:12 AEDT 2018 com.google.javascript.jscomp.TypedScopeCreator,1320
Timeout time : 18/01/16 00:08
