=================================================
Project : closure_129	start : 18/01/15 14:20
Current failed test : com.google.javascript.jscomp.IntegrationTest::testIssue937 | 18/01/15 14:21
Mon Jan 15 14:21:43 AEDT 2018 com.google.javascript.rhino.Node,1546
Mon Jan 15 14:22:17 AEDT 2018 com.google.javascript.jscomp.NodeUtil,3165
Mon Jan 15 14:24:09 AEDT 2018 com.google.javascript.rhino.Node,132
Mon Jan 15 14:24:24 AEDT 2018 com.google.javascript.rhino.Node,1428
Mon Jan 15 14:24:29 AEDT 2018 com.google.javascript.rhino.Node,1444
Mon Jan 15 14:24:35 AEDT 2018 com.google.javascript.rhino.Node,1457
Mon Jan 15 14:24:42 AEDT 2018 Mon Jan 15 14:24:42 AEDT 2018 : com.google.javascript.rhino.Node,2163=>Find no block
Mon Jan 15 14:24:42 AEDT 2018 com.google.javascript.rhino.Node,2164
Mon Jan 15 14:24:47 AEDT 2018 com.google.javascript.rhino.Node,2165
Mon Jan 15 14:24:50 AEDT 2018 Mon Jan 15 14:24:50 AEDT 2018 : com.google.javascript.rhino.Node,2166=>Find no block
Mon Jan 15 14:24:52 AEDT 2018 com.google.javascript.jscomp.CodeGenerator,530
Mon Jan 15 14:34:17 AEDT 2018 com.google.javascript.jscomp.CodeGenerator,531
Mon Jan 15 14:34:19 AEDT 2018 com.google.javascript.jscomp.CodeGenerator,532
Mon Jan 15 14:34:21 AEDT 2018 com.google.javascript.jscomp.ConvertToDottedProperties,61
Mon Jan 15 14:40:20 AEDT 2018 com.google.javascript.jscomp.ConvertToDottedProperties,62
Mon Jan 15 14:40:22 AEDT 2018 com.google.javascript.jscomp.ConvertToDottedProperties,63
Mon Jan 15 14:40:23 AEDT 2018 com.google.javascript.jscomp.ConvertToDottedProperties,64
Mon Jan 15 14:40:24 AEDT 2018 com.google.javascript.jscomp.Normalize,414
Mon Jan 15 14:46:17 AEDT 2018 com.google.javascript.jscomp.PeepholeFoldConstants,1332
Mon Jan 15 15:22:39 AEDT 2018 com.google.javascript.jscomp.ConvertToDottedProperties,57
Mon Jan 15 15:31:51 AEDT 2018 com.google.javascript.jscomp.ConvertToDottedProperties,58
Mon Jan 15 15:50:42 AEDT 2018 com.google.javascript.jscomp.ConvertToDottedProperties,59
Mon Jan 15 15:50:43 AEDT 2018 com.google.javascript.jscomp.PeepholeFoldConstants,1329
Mon Jan 15 15:50:44 AEDT 2018 com.google.javascript.jscomp.PeepholeFoldConstants,122
Mon Jan 15 15:52:17 AEDT 2018 com.google.javascript.jscomp.PeepholeFoldConstants,1323
Mon Jan 15 15:52:19 AEDT 2018 com.google.javascript.jscomp.PeepholeFoldConstants,1325
Mon Jan 15 15:52:20 AEDT 2018 com.google.javascript.jscomp.PeepholeReplaceKnownMethods,403
Mon Jan 15 15:56:31 AEDT 2018 com.google.javascript.jscomp.PeepholeFoldConstants,82
Mon Jan 15 15:57:39 AEDT 2018 com.google.javascript.jscomp.PeepholeFoldConstants,1258
Mon Jan 15 16:08:13 AEDT 2018 com.google.javascript.jscomp.PeepholeFoldConstants,1261
Mon Jan 15 16:09:28 AEDT 2018 com.google.javascript.jscomp.PeepholeFoldConstants,1264
Mon Jan 15 16:09:30 AEDT 2018 com.google.javascript.jscomp.PeepholeFoldConstants,1269
Mon Jan 15 16:12:03 AEDT 2018 com.google.javascript.jscomp.PeepholeFoldConstants,1275
Mon Jan 15 16:13:45 AEDT 2018 com.google.javascript.jscomp.PeepholeFoldConstants,1278
Mon Jan 15 16:22:47 AEDT 2018 com.google.javascript.jscomp.PeepholeSubstituteAlternateSyntax,140
Mon Jan 15 16:23:34 AEDT 2018 com.google.javascript.rhino.Node,122
Mon Jan 15 16:23:48 AEDT 2018 com.google.javascript.rhino.Node,134
Mon Jan 15 16:24:01 AEDT 2018 com.google.javascript.rhino.InputId,74
Mon Jan 15 16:24:06 AEDT 2018 com.google.javascript.jscomp.PeepholeSubstituteAlternateSyntax,138
Mon Jan 15 16:26:35 AEDT 2018 com.google.javascript.jscomp.PeepholeSubstituteAlternateSyntax,139
Mon Jan 15 16:26:35 AEDT 2018 com.google.javascript.jscomp.PeepholeSubstituteAlternateSyntax,1346
Mon Jan 15 17:00:03 AEDT 2018 com.google.javascript.jscomp.PeepholeSubstituteAlternateSyntax,1351
Mon Jan 15 17:00:03 AEDT 2018 com.google.javascript.jscomp.PeepholeSubstituteAlternateSyntax,1352
Mon Jan 15 17:00:04 AEDT 2018 com.google.javascript.jscomp.PeepholeSubstituteAlternateSyntax,1353
Mon Jan 15 17:00:05 AEDT 2018 com.google.javascript.jscomp.PeepholeSubstituteAlternateSyntax,1354
Mon Jan 15 17:00:06 AEDT 2018 com.google.javascript.jscomp.PeepholeSubstituteAlternateSyntax,1362
Mon Jan 15 17:00:08 AEDT 2018 com.google.javascript.rhino.Node,347
Mon Jan 15 17:00:14 AEDT 2018 com.google.javascript.rhino.Node,1007
Mon Jan 15 17:00:19 AEDT 2018 com.google.javascript.rhino.Node,1012
Mon Jan 15 17:00:25 AEDT 2018 com.google.javascript.rhino.Node,1013
Mon Jan 15 17:00:26 AEDT 2018 com.google.javascript.rhino.Node,1014
Mon Jan 15 17:00:28 AEDT 2018 com.google.javascript.rhino.Node,1021
Mon Jan 15 17:00:33 AEDT 2018 Mon Jan 15 17:00:33 AEDT 2018 : com.google.javascript.rhino.Node,1022=>Find no block
Mon Jan 15 17:00:35 AEDT 2018 com.google.javascript.rhino.Node,1026
Mon Jan 15 17:05:44 AEDT 2018 com.google.javascript.rhino.Node,1027
Mon Jan 15 17:05:45 AEDT 2018 com.google.javascript.rhino.Node,1029
Mon Jan 15 17:59:19 AEDT 2018 com.google.javascript.rhino.Node,1030
Mon Jan 15 17:59:19 AEDT 2018 Mon Jan 15 17:59:19 AEDT 2018 : com.google.javascript.rhino.Node,1031=>Find no block
Mon Jan 15 17:59:20 AEDT 2018 com.google.javascript.rhino.Node,1032
Mon Jan 15 17:59:21 AEDT 2018 com.google.javascript.rhino.Node,1034
Mon Jan 15 17:59:22 AEDT 2018 Mon Jan 15 17:59:22 AEDT 2018 : com.google.javascript.rhino.Node,1033=>Find no block
Mon Jan 15 17:59:23 AEDT 2018 Mon Jan 15 17:59:23 AEDT 2018 : com.google.javascript.rhino.Node,1036=>Find no block
Mon Jan 15 17:59:24 AEDT 2018 com.google.javascript.jscomp.PeepholeReplaceKnownMethods,100
Mon Jan 15 18:00:44 AEDT 2018 com.google.javascript.jscomp.PeepholeReplaceKnownMethods,412
Mon Jan 15 18:08:47 AEDT 2018 com.google.javascript.jscomp.PeepholeReplaceKnownMethods,402
Mon Jan 15 18:08:48 AEDT 2018 com.google.javascript.jscomp.NodeUtil,1171
Mon Jan 15 18:09:02 AEDT 2018 com.google.javascript.jscomp.PeepholeReplaceKnownMethods,407
Mon Jan 15 18:50:28 AEDT 2018 com.google.javascript.jscomp.PeepholeReplaceKnownMethods,408
Timeout time : 18/01/15 19:21
