=================================================
Project : closure_26	start : 18/01/15 23:57
Current failed test : com.google.javascript.jscomp.ProcessCommonJSModulesTest::testDash | 18/01/15 23:58
Mon Jan 15 23:58:41 AEDT 2018 com.google.javascript.rhino.Node,131
Mon Jan 15 23:58:51 AEDT 2018 com.google.javascript.jscomp.ProcessCommonJSModules,65
Tue Jan 16 00:01:35 AEDT 2018 Tue Jan 16 00:01:35 AEDT 2018 : com.google.javascript.jscomp.ProcessCommonJSModules,67=>Find no block
Tue Jan 16 00:01:36 AEDT 2018 Tue Jan 16 00:01:36 AEDT 2018 : com.google.javascript.jscomp.ProcessCommonJSModules,39=>Find no block
Tue Jan 16 00:01:36 AEDT 2018 Tue Jan 16 00:01:36 AEDT 2018 : com.google.javascript.jscomp.ProcessCommonJSModules,124=>Find no block
Tue Jan 16 00:01:37 AEDT 2018 Tue Jan 16 00:01:37 AEDT 2018 : com.google.javascript.jscomp.ProcessCommonJSModules,127=>Find no block
Tue Jan 16 00:01:38 AEDT 2018 com.google.javascript.jscomp.ProcessCommonJSModules,131
Tue Jan 16 00:06:21 AEDT 2018 com.google.javascript.jscomp.ProcessCommonJSModules,137
Tue Jan 16 00:14:41 AEDT 2018 com.google.javascript.jscomp.ProcessCommonJSModules,138
Tue Jan 16 00:14:41 AEDT 2018 com.google.javascript.jscomp.ProcessCommonJSModules,139
Tue Jan 16 00:14:43 AEDT 2018 com.google.javascript.jscomp.ProcessCommonJSModules,142
Tue Jan 16 00:20:36 AEDT 2018 Tue Jan 16 00:20:36 AEDT 2018 : com.google.javascript.jscomp.ProcessCommonJSModules,146=>Find no block
Tue Jan 16 00:20:37 AEDT 2018 com.google.javascript.jscomp.ProcessCommonJSModules,173
Timeout time : 18/01/16 00:25
Current failed test : com.google.javascript.jscomp.ProcessCommonJSModulesTest::testModuleName_purify_1 | 18/01/16 00:25
Tue Jan 16 00:25:47 AEDT 2018 com.google.javascript.rhino.Node,131
Tue Jan 16 00:25:55 AEDT 2018 com.google.javascript.jscomp.ProcessCommonJSModules,65
Tue Jan 16 00:28:38 AEDT 2018 Tue Jan 16 00:28:38 AEDT 2018 : com.google.javascript.jscomp.ProcessCommonJSModules,67=>Find no block
Tue Jan 16 00:28:39 AEDT 2018 Tue Jan 16 00:28:39 AEDT 2018 : com.google.javascript.jscomp.ProcessCommonJSModules,39=>Find no block
Tue Jan 16 00:28:40 AEDT 2018 Tue Jan 16 00:28:40 AEDT 2018 : com.google.javascript.jscomp.ProcessCommonJSModules,124=>Find no block
Tue Jan 16 00:28:40 AEDT 2018 Tue Jan 16 00:28:40 AEDT 2018 : com.google.javascript.jscomp.ProcessCommonJSModules,127=>Find no block
Tue Jan 16 00:28:41 AEDT 2018 com.google.javascript.jscomp.ProcessCommonJSModules,131
Tue Jan 16 00:33:17 AEDT 2018 com.google.javascript.jscomp.ProcessCommonJSModules,137
Tue Jan 16 00:41:24 AEDT 2018 com.google.javascript.jscomp.ProcessCommonJSModules,138
Tue Jan 16 00:41:25 AEDT 2018 com.google.javascript.jscomp.ProcessCommonJSModules,139
Tue Jan 16 00:41:26 AEDT 2018 com.google.javascript.jscomp.ProcessCommonJSModules,142
Tue Jan 16 00:47:18 AEDT 2018 Tue Jan 16 00:47:18 AEDT 2018 : com.google.javascript.jscomp.ProcessCommonJSModules,146=>Find no block
Tue Jan 16 00:47:20 AEDT 2018 com.google.javascript.jscomp.ProcessCommonJSModules,173
Timeout time : 18/01/16 00:52
Current failed test : com.google.javascript.jscomp.ProcessCommonJSModulesTest::testModuleName_purify_2 | 18/01/16 00:52
Tue Jan 16 00:52:53 AEDT 2018 com.google.javascript.rhino.Node,131
Tue Jan 16 00:53:02 AEDT 2018 com.google.javascript.jscomp.ProcessCommonJSModules,65
Tue Jan 16 00:55:44 AEDT 2018 Tue Jan 16 00:55:44 AEDT 2018 : com.google.javascript.jscomp.ProcessCommonJSModules,67=>Find no block
Tue Jan 16 00:55:45 AEDT 2018 Tue Jan 16 00:55:45 AEDT 2018 : com.google.javascript.jscomp.ProcessCommonJSModules,39=>Find no block
Tue Jan 16 00:55:46 AEDT 2018 Tue Jan 16 00:55:46 AEDT 2018 : com.google.javascript.jscomp.ProcessCommonJSModules,124=>Find no block
Tue Jan 16 00:55:47 AEDT 2018 Tue Jan 16 00:55:47 AEDT 2018 : com.google.javascript.jscomp.ProcessCommonJSModules,127=>Find no block
Tue Jan 16 00:55:48 AEDT 2018 com.google.javascript.jscomp.ProcessCommonJSModules,131
Tue Jan 16 01:00:22 AEDT 2018 com.google.javascript.jscomp.ProcessCommonJSModules,137
Tue Jan 16 01:08:27 AEDT 2018 com.google.javascript.jscomp.ProcessCommonJSModules,138
Tue Jan 16 01:08:28 AEDT 2018 com.google.javascript.jscomp.ProcessCommonJSModules,139
Tue Jan 16 01:08:29 AEDT 2018 com.google.javascript.jscomp.ProcessCommonJSModules,142
Tue Jan 16 01:14:21 AEDT 2018 Tue Jan 16 01:14:21 AEDT 2018 : com.google.javascript.jscomp.ProcessCommonJSModules,146=>Find no block
Tue Jan 16 01:14:21 AEDT 2018 com.google.javascript.jscomp.ProcessCommonJSModules,173
Timeout time : 18/01/16 01:19
Current failed test : com.google.javascript.jscomp.ProcessCommonJSModulesTest::testModuleName_purify_3 | 18/01/16 01:19
Tue Jan 16 01:19:59 AEDT 2018 com.google.javascript.rhino.Node,131
Tue Jan 16 01:20:08 AEDT 2018 com.google.javascript.jscomp.ProcessCommonJSModules,65
Tue Jan 16 01:22:47 AEDT 2018 Tue Jan 16 01:22:47 AEDT 2018 : com.google.javascript.jscomp.ProcessCommonJSModules,67=>Find no block
Tue Jan 16 01:22:47 AEDT 2018 Tue Jan 16 01:22:47 AEDT 2018 : com.google.javascript.jscomp.ProcessCommonJSModules,39=>Find no block
Tue Jan 16 01:22:48 AEDT 2018 Tue Jan 16 01:22:48 AEDT 2018 : com.google.javascript.jscomp.ProcessCommonJSModules,124=>Find no block
Tue Jan 16 01:22:49 AEDT 2018 Tue Jan 16 01:22:49 AEDT 2018 : com.google.javascript.jscomp.ProcessCommonJSModules,127=>Find no block
Tue Jan 16 01:22:49 AEDT 2018 com.google.javascript.jscomp.ProcessCommonJSModules,131
Tue Jan 16 01:27:23 AEDT 2018 com.google.javascript.jscomp.ProcessCommonJSModules,137
Tue Jan 16 01:35:26 AEDT 2018 com.google.javascript.jscomp.ProcessCommonJSModules,138
Tue Jan 16 01:35:27 AEDT 2018 com.google.javascript.jscomp.ProcessCommonJSModules,139
Tue Jan 16 01:35:28 AEDT 2018 com.google.javascript.jscomp.ProcessCommonJSModules,142
Tue Jan 16 01:41:23 AEDT 2018 Tue Jan 16 01:41:23 AEDT 2018 : com.google.javascript.jscomp.ProcessCommonJSModules,146=>Find no block
Tue Jan 16 01:41:25 AEDT 2018 com.google.javascript.jscomp.ProcessCommonJSModules,173
Timeout time : 18/01/16 01:46
Current failed test : com.google.javascript.jscomp.ProcessCommonJSModulesTest::testModuleName_purify_4 | 18/01/16 01:46
Tue Jan 16 01:47:06 AEDT 2018 com.google.javascript.rhino.Node,131
Tue Jan 16 01:47:17 AEDT 2018 com.google.javascript.jscomp.ProcessCommonJSModules,65
Tue Jan 16 01:50:01 AEDT 2018 Tue Jan 16 01:50:01 AEDT 2018 : com.google.javascript.jscomp.ProcessCommonJSModules,67=>Find no block
Tue Jan 16 01:50:02 AEDT 2018 Tue Jan 16 01:50:02 AEDT 2018 : com.google.javascript.jscomp.ProcessCommonJSModules,39=>Find no block
Tue Jan 16 01:50:02 AEDT 2018 Tue Jan 16 01:50:02 AEDT 2018 : com.google.javascript.jscomp.ProcessCommonJSModules,124=>Find no block
Tue Jan 16 01:50:03 AEDT 2018 Tue Jan 16 01:50:03 AEDT 2018 : com.google.javascript.jscomp.ProcessCommonJSModules,127=>Find no block
Tue Jan 16 01:50:04 AEDT 2018 com.google.javascript.jscomp.ProcessCommonJSModules,131
Tue Jan 16 01:54:44 AEDT 2018 com.google.javascript.jscomp.ProcessCommonJSModules,137
Tue Jan 16 02:02:53 AEDT 2018 com.google.javascript.jscomp.ProcessCommonJSModules,138
Tue Jan 16 02:02:54 AEDT 2018 com.google.javascript.jscomp.ProcessCommonJSModules,139
Tue Jan 16 02:02:55 AEDT 2018 com.google.javascript.jscomp.ProcessCommonJSModules,142
Tue Jan 16 02:08:47 AEDT 2018 Tue Jan 16 02:08:47 AEDT 2018 : com.google.javascript.jscomp.ProcessCommonJSModules,146=>Find no block
Tue Jan 16 02:08:48 AEDT 2018 com.google.javascript.jscomp.ProcessCommonJSModules,173
Timeout time : 18/01/16 02:14
Current failed test : com.google.javascript.jscomp.ProcessCommonJSModulesTest::testModuleName_purify_5 | 18/01/16 02:14
Tue Jan 16 02:14:13 AEDT 2018 com.google.javascript.rhino.Node,131
Tue Jan 16 02:14:21 AEDT 2018 com.google.javascript.jscomp.ProcessCommonJSModules,65
Tue Jan 16 02:17:00 AEDT 2018 Tue Jan 16 02:17:00 AEDT 2018 : com.google.javascript.jscomp.ProcessCommonJSModules,67=>Find no block
Tue Jan 16 02:17:01 AEDT 2018 Tue Jan 16 02:17:01 AEDT 2018 : com.google.javascript.jscomp.ProcessCommonJSModules,39=>Find no block
Tue Jan 16 02:17:01 AEDT 2018 Tue Jan 16 02:17:01 AEDT 2018 : com.google.javascript.jscomp.ProcessCommonJSModules,124=>Find no block
Tue Jan 16 02:17:02 AEDT 2018 Tue Jan 16 02:17:02 AEDT 2018 : com.google.javascript.jscomp.ProcessCommonJSModules,127=>Find no block
Tue Jan 16 02:17:03 AEDT 2018 com.google.javascript.jscomp.ProcessCommonJSModules,131
Tue Jan 16 02:21:40 AEDT 2018 com.google.javascript.jscomp.ProcessCommonJSModules,137
Tue Jan 16 02:29:44 AEDT 2018 com.google.javascript.jscomp.ProcessCommonJSModules,138
Tue Jan 16 02:29:45 AEDT 2018 com.google.javascript.jscomp.ProcessCommonJSModules,139
Tue Jan 16 02:29:46 AEDT 2018 com.google.javascript.jscomp.ProcessCommonJSModules,142
Tue Jan 16 02:35:36 AEDT 2018 Tue Jan 16 02:35:36 AEDT 2018 : com.google.javascript.jscomp.ProcessCommonJSModules,146=>Find no block
Tue Jan 16 02:35:36 AEDT 2018 com.google.javascript.jscomp.ProcessCommonJSModules,173
Timeout time : 18/01/16 02:41
Current failed test : com.google.javascript.jscomp.CommandLineRunnerTest::testTransformAMDAndProcessCJS | 18/01/16 02:41
Tue Jan 16 02:41:21 AEDT 2018 com.google.javascript.rhino.Node,131
Tue Jan 16 02:41:31 AEDT 2018 com.google.javascript.jscomp.ProcessCommonJSModules,65
Tue Jan 16 02:44:10 AEDT 2018 Tue Jan 16 02:44:10 AEDT 2018 : com.google.javascript.jscomp.ProcessCommonJSModules,67=>Find no block
Tue Jan 16 02:44:11 AEDT 2018 Tue Jan 16 02:44:11 AEDT 2018 : com.google.javascript.jscomp.ProcessCommonJSModules,39=>Find no block
Tue Jan 16 02:44:12 AEDT 2018 Tue Jan 16 02:44:12 AEDT 2018 : com.google.javascript.jscomp.ProcessCommonJSModules,124=>Find no block
Tue Jan 16 02:44:13 AEDT 2018 Tue Jan 16 02:44:13 AEDT 2018 : com.google.javascript.jscomp.ProcessCommonJSModules,127=>Find no block
Tue Jan 16 02:44:13 AEDT 2018 com.google.javascript.jscomp.ProcessCommonJSModules,131
Tue Jan 16 02:48:46 AEDT 2018 com.google.javascript.jscomp.ProcessCommonJSModules,137
Tue Jan 16 02:56:48 AEDT 2018 com.google.javascript.jscomp.ProcessCommonJSModules,138
Tue Jan 16 02:56:48 AEDT 2018 com.google.javascript.jscomp.ProcessCommonJSModules,139
Tue Jan 16 02:56:49 AEDT 2018 com.google.javascript.jscomp.ProcessCommonJSModules,142
Tue Jan 16 03:02:39 AEDT 2018 Tue Jan 16 03:02:39 AEDT 2018 : com.google.javascript.jscomp.ProcessCommonJSModules,146=>Find no block
Tue Jan 16 03:02:40 AEDT 2018 com.google.javascript.jscomp.ProcessCommonJSModules,173
Timeout time : 18/01/16 03:08
Current failed test : com.google.javascript.jscomp.ProcessCommonJSModulesTest::testVarRenaming | 18/01/16 03:08
Tue Jan 16 03:08:28 AEDT 2018 com.google.javascript.rhino.Node,131
Tue Jan 16 03:08:37 AEDT 2018 com.google.javascript.jscomp.ProcessCommonJSModules,65
Tue Jan 16 03:11:16 AEDT 2018 Tue Jan 16 03:11:16 AEDT 2018 : com.google.javascript.jscomp.ProcessCommonJSModules,67=>Find no block
Tue Jan 16 03:11:17 AEDT 2018 Tue Jan 16 03:11:17 AEDT 2018 : com.google.javascript.jscomp.ProcessCommonJSModules,39=>Find no block
Tue Jan 16 03:11:18 AEDT 2018 Tue Jan 16 03:11:18 AEDT 2018 : com.google.javascript.jscomp.ProcessCommonJSModules,124=>Find no block
Tue Jan 16 03:11:18 AEDT 2018 Tue Jan 16 03:11:18 AEDT 2018 : com.google.javascript.jscomp.ProcessCommonJSModules,127=>Find no block
Tue Jan 16 03:11:19 AEDT 2018 com.google.javascript.jscomp.ProcessCommonJSModules,131
Tue Jan 16 03:15:58 AEDT 2018 com.google.javascript.jscomp.ProcessCommonJSModules,137
Tue Jan 16 03:24:04 AEDT 2018 com.google.javascript.jscomp.ProcessCommonJSModules,138
Tue Jan 16 03:24:04 AEDT 2018 com.google.javascript.jscomp.ProcessCommonJSModules,139
Tue Jan 16 03:24:05 AEDT 2018 com.google.javascript.jscomp.ProcessCommonJSModules,142
Tue Jan 16 03:30:02 AEDT 2018 Tue Jan 16 03:30:02 AEDT 2018 : com.google.javascript.jscomp.ProcessCommonJSModules,146=>Find no block
Tue Jan 16 03:30:03 AEDT 2018 com.google.javascript.jscomp.ProcessCommonJSModules,173
Timeout time : 18/01/16 03:35
Current failed test : com.google.javascript.jscomp.ProcessCommonJSModulesTest::testWithoutExports | 18/01/16 03:35
Tue Jan 16 03:35:35 AEDT 2018 com.google.javascript.rhino.Node,131
Tue Jan 16 03:35:45 AEDT 2018 com.google.javascript.jscomp.ProcessCommonJSModules,65
Tue Jan 16 03:38:28 AEDT 2018 Tue Jan 16 03:38:28 AEDT 2018 : com.google.javascript.jscomp.ProcessCommonJSModules,67=>Find no block
Tue Jan 16 03:38:29 AEDT 2018 Tue Jan 16 03:38:29 AEDT 2018 : com.google.javascript.jscomp.ProcessCommonJSModules,39=>Find no block
Tue Jan 16 03:38:29 AEDT 2018 Tue Jan 16 03:38:29 AEDT 2018 : com.google.javascript.jscomp.ProcessCommonJSModules,124=>Find no block
Tue Jan 16 03:38:30 AEDT 2018 Tue Jan 16 03:38:30 AEDT 2018 : com.google.javascript.jscomp.ProcessCommonJSModules,127=>Find no block
Tue Jan 16 03:38:31 AEDT 2018 com.google.javascript.jscomp.ProcessCommonJSModules,131
Tue Jan 16 03:43:06 AEDT 2018 com.google.javascript.jscomp.ProcessCommonJSModules,137
Tue Jan 16 03:51:07 AEDT 2018 com.google.javascript.jscomp.ProcessCommonJSModules,138
Tue Jan 16 03:51:08 AEDT 2018 com.google.javascript.jscomp.ProcessCommonJSModules,139
Tue Jan 16 03:51:08 AEDT 2018 com.google.javascript.jscomp.ProcessCommonJSModules,142
Tue Jan 16 03:56:57 AEDT 2018 Tue Jan 16 03:56:57 AEDT 2018 : com.google.javascript.jscomp.ProcessCommonJSModules,146=>Find no block
Tue Jan 16 03:56:58 AEDT 2018 com.google.javascript.jscomp.ProcessCommonJSModules,173
Timeout time : 18/01/16 04:02
Current failed test : com.google.javascript.jscomp.CommandLineRunnerTest::testProcessCJS | 18/01/16 04:02
Tue Jan 16 04:02:42 AEDT 2018 com.google.javascript.rhino.Node,131
Tue Jan 16 04:02:51 AEDT 2018 com.google.javascript.jscomp.ProcessCommonJSModules,65
Tue Jan 16 04:05:30 AEDT 2018 Tue Jan 16 04:05:30 AEDT 2018 : com.google.javascript.jscomp.ProcessCommonJSModules,67=>Find no block
Tue Jan 16 04:05:30 AEDT 2018 Tue Jan 16 04:05:30 AEDT 2018 : com.google.javascript.jscomp.ProcessCommonJSModules,39=>Find no block
Tue Jan 16 04:05:31 AEDT 2018 Tue Jan 16 04:05:31 AEDT 2018 : com.google.javascript.jscomp.ProcessCommonJSModules,124=>Find no block
Tue Jan 16 04:05:32 AEDT 2018 Tue Jan 16 04:05:32 AEDT 2018 : com.google.javascript.jscomp.ProcessCommonJSModules,127=>Find no block
Tue Jan 16 04:05:32 AEDT 2018 com.google.javascript.jscomp.ProcessCommonJSModules,131
Tue Jan 16 04:10:04 AEDT 2018 com.google.javascript.jscomp.ProcessCommonJSModules,137
Tue Jan 16 04:18:04 AEDT 2018 com.google.javascript.jscomp.ProcessCommonJSModules,138
Tue Jan 16 04:18:05 AEDT 2018 com.google.javascript.jscomp.ProcessCommonJSModules,139
Tue Jan 16 04:18:05 AEDT 2018 com.google.javascript.jscomp.ProcessCommonJSModules,142
Tue Jan 16 04:23:55 AEDT 2018 Tue Jan 16 04:23:55 AEDT 2018 : com.google.javascript.jscomp.ProcessCommonJSModules,146=>Find no block
Tue Jan 16 04:23:56 AEDT 2018 com.google.javascript.jscomp.ProcessCommonJSModules,173
Timeout time : 18/01/16 04:29
Current failed test : com.google.javascript.jscomp.ProcessCommonJSModulesTest::testExports | 18/01/16 04:29
Tue Jan 16 04:29:48 AEDT 2018 com.google.javascript.rhino.Node,131
Tue Jan 16 04:29:56 AEDT 2018 com.google.javascript.jscomp.ProcessCommonJSModules,65
Tue Jan 16 04:32:35 AEDT 2018 Tue Jan 16 04:32:35 AEDT 2018 : com.google.javascript.jscomp.ProcessCommonJSModules,67=>Find no block
Tue Jan 16 04:32:36 AEDT 2018 Tue Jan 16 04:32:36 AEDT 2018 : com.google.javascript.jscomp.ProcessCommonJSModules,39=>Find no block
Tue Jan 16 04:32:36 AEDT 2018 Tue Jan 16 04:32:36 AEDT 2018 : com.google.javascript.jscomp.ProcessCommonJSModules,124=>Find no block
Tue Jan 16 04:32:37 AEDT 2018 Tue Jan 16 04:32:37 AEDT 2018 : com.google.javascript.jscomp.ProcessCommonJSModules,127=>Find no block
Tue Jan 16 04:32:38 AEDT 2018 com.google.javascript.jscomp.ProcessCommonJSModules,131
Tue Jan 16 04:37:12 AEDT 2018 com.google.javascript.jscomp.ProcessCommonJSModules,137
Tue Jan 16 04:45:12 AEDT 2018 com.google.javascript.jscomp.ProcessCommonJSModules,138
Tue Jan 16 04:45:13 AEDT 2018 com.google.javascript.jscomp.ProcessCommonJSModules,139
Tue Jan 16 04:45:13 AEDT 2018 com.google.javascript.jscomp.ProcessCommonJSModules,142
Tue Jan 16 04:51:02 AEDT 2018 Tue Jan 16 04:51:02 AEDT 2018 : com.google.javascript.jscomp.ProcessCommonJSModules,146=>Find no block
Tue Jan 16 04:51:03 AEDT 2018 com.google.javascript.jscomp.ProcessCommonJSModules,173
Timeout time : 18/01/16 04:56
