=================================================
Project : closure_40	start : 18/01/15 18:49
Current failed test : com.google.javascript.jscomp.IntegrationTest::testIssue284 | 18/01/15 18:50
Mon Jan 15 18:50:36 AEDT 2018 com.google.javascript.rhino.Node,930
Mon Jan 15 18:54:14 AEDT 2018 com.google.javascript.rhino.Node,931
Mon Jan 15 18:54:15 AEDT 2018 com.google.javascript.rhino.Node,932
Mon Jan 15 18:54:15 AEDT 2018 com.google.javascript.rhino.Node,940
Mon Jan 15 19:50:16 AEDT 2018 com.google.javascript.rhino.Node,941
Mon Jan 15 19:50:17 AEDT 2018 com.google.javascript.rhino.Node,942
Mon Jan 15 19:50:39 AEDT 2018 com.google.javascript.rhino.Node,943
Mon Jan 15 19:50:40 AEDT 2018 com.google.javascript.rhino.Node,944
Mon Jan 15 19:50:41 AEDT 2018 com.google.javascript.rhino.Node,954
Mon Jan 15 19:50:42 AEDT 2018 com.google.javascript.rhino.Node,958
Mon Jan 15 19:50:43 AEDT 2018 com.google.javascript.rhino.Node,966
Mon Jan 15 19:50:44 AEDT 2018 com.google.javascript.rhino.Node,985
Mon Jan 15 19:51:45 AEDT 2018 Mon Jan 15 19:51:45 AEDT 2018 : com.google.javascript.rhino.Node,994=>Find no block
Mon Jan 15 19:51:46 AEDT 2018 Mon Jan 15 19:51:46 AEDT 2018 : com.google.javascript.rhino.Node,2125=>Find no block
Mon Jan 15 19:51:46 AEDT 2018 com.google.javascript.rhino.Node,2126
Mon Jan 15 19:51:50 AEDT 2018 com.google.javascript.rhino.Node,2127
Mon Jan 15 19:51:50 AEDT 2018 Mon Jan 15 19:51:50 AEDT 2018 : com.google.javascript.rhino.Node,2128=>Find no block
Mon Jan 15 19:51:51 AEDT 2018 Mon Jan 15 19:51:51 AEDT 2018 : com.google.javascript.rhino.Node,117=>Find no block
Mon Jan 15 19:51:52 AEDT 2018 com.google.javascript.rhino.Node,129
Mon Jan 15 19:52:03 AEDT 2018 com.google.javascript.rhino.Node,142
Mon Jan 15 19:52:15 AEDT 2018 com.google.javascript.rhino.Node,143
Mon Jan 15 19:52:24 AEDT 2018 com.google.javascript.rhino.Node,866
Mon Jan 15 20:10:12 AEDT 2018 com.google.javascript.rhino.Node,867
Mon Jan 15 20:10:13 AEDT 2018 com.google.javascript.rhino.Node,868
Mon Jan 15 20:10:14 AEDT 2018 com.google.javascript.rhino.Node,871
Mon Jan 15 20:10:14 AEDT 2018 com.google.javascript.rhino.Node,872
Mon Jan 15 20:10:15 AEDT 2018 com.google.javascript.rhino.Node,873
Mon Jan 15 20:10:16 AEDT 2018 com.google.javascript.rhino.Node,874
Mon Jan 15 20:10:17 AEDT 2018 com.google.javascript.rhino.Node,877
Mon Jan 15 20:10:17 AEDT 2018 com.google.javascript.rhino.Node,878
Mon Jan 15 20:10:18 AEDT 2018 com.google.javascript.rhino.Node,923
Mon Jan 15 20:10:21 AEDT 2018 com.google.javascript.rhino.Node,959
Mon Jan 15 20:10:22 AEDT 2018 com.google.javascript.rhino.Node,960
Mon Jan 15 20:10:22 AEDT 2018 com.google.javascript.rhino.Node,961
Mon Jan 15 20:10:23 AEDT 2018 com.google.javascript.rhino.Node,962
Mon Jan 15 20:10:24 AEDT 2018 com.google.javascript.rhino.Node,967
Mon Jan 15 20:11:02 AEDT 2018 com.google.javascript.rhino.Node,968
Mon Jan 15 20:11:03 AEDT 2018 com.google.javascript.rhino.Node,969
Mon Jan 15 20:20:28 AEDT 2018 com.google.javascript.rhino.Node,970
Mon Jan 15 20:20:29 AEDT 2018 com.google.javascript.rhino.Node,971
Mon Jan 15 20:26:53 AEDT 2018 com.google.javascript.rhino.Node,972
Mon Jan 15 20:32:57 AEDT 2018 com.google.javascript.rhino.Node,973
Mon Jan 15 20:39:38 AEDT 2018 Mon Jan 15 20:39:38 AEDT 2018 : com.google.javascript.rhino.Node,975=>Find no block
Mon Jan 15 20:39:38 AEDT 2018 com.google.javascript.rhino.Node,977
Mon Jan 15 20:39:39 AEDT 2018 com.google.javascript.rhino.Node,980
Mon Jan 15 20:51:15 AEDT 2018 com.google.javascript.rhino.Node,981
Mon Jan 15 20:51:16 AEDT 2018 com.google.javascript.rhino.Node,986
Mon Jan 15 20:51:16 AEDT 2018 com.google.javascript.rhino.Node,998
Mon Jan 15 20:51:20 AEDT 2018 com.google.javascript.rhino.Node,1003
Mon Jan 15 20:51:26 AEDT 2018 com.google.javascript.rhino.Node,1004
Mon Jan 15 20:51:27 AEDT 2018 com.google.javascript.rhino.Node,1005
Mon Jan 15 20:51:28 AEDT 2018 com.google.javascript.rhino.Node,1012
Mon Jan 15 20:51:32 AEDT 2018 Mon Jan 15 20:51:32 AEDT 2018 : com.google.javascript.rhino.Node,1013=>Find no block
Mon Jan 15 20:51:33 AEDT 2018 com.google.javascript.rhino.Node,1017
Mon Jan 15 20:57:31 AEDT 2018 com.google.javascript.rhino.Node,1018
Mon Jan 15 20:57:32 AEDT 2018 com.google.javascript.rhino.Node,1020
Mon Jan 15 21:53:58 AEDT 2018 com.google.javascript.rhino.Node,1021
Mon Jan 15 21:53:59 AEDT 2018 Mon Jan 15 21:53:59 AEDT 2018 : com.google.javascript.rhino.Node,1022=>Find no block
Mon Jan 15 21:54:00 AEDT 2018 com.google.javascript.rhino.Node,1023
Mon Jan 15 21:54:00 AEDT 2018 com.google.javascript.rhino.Node,1025
Mon Jan 15 21:54:01 AEDT 2018 Mon Jan 15 21:54:01 AEDT 2018 : com.google.javascript.rhino.Node,1024=>Find no block
Mon Jan 15 21:54:02 AEDT 2018 Mon Jan 15 21:54:02 AEDT 2018 : com.google.javascript.rhino.Node,1027=>Find no block
Mon Jan 15 21:54:03 AEDT 2018 com.google.javascript.rhino.Node,1412
Mon Jan 15 21:54:09 AEDT 2018 com.google.javascript.rhino.Node,1428
Mon Jan 15 21:54:13 AEDT 2018 com.google.javascript.rhino.Node,1441
Mon Jan 15 21:54:18 AEDT 2018 com.google.javascript.rhino.InputId,74
Mon Jan 15 21:54:22 AEDT 2018 com.google.javascript.rhino.Node,351
Mon Jan 15 21:54:31 AEDT 2018 com.google.javascript.rhino.Token,213
Mon Jan 15 21:54:40 AEDT 2018 com.google.javascript.rhino.Token,263
Mon Jan 15 21:54:48 AEDT 2018 com.google.javascript.rhino.Node,319
Mon Jan 15 21:54:55 AEDT 2018 com.google.javascript.jscomp.SourceFile,305
Mon Jan 15 21:55:02 AEDT 2018 com.google.javascript.rhino.Node,1589
Mon Jan 15 22:01:35 AEDT 2018 com.google.javascript.rhino.Token,261
Mon Jan 15 22:01:44 AEDT 2018 com.google.javascript.rhino.Token,264
Mon Jan 15 22:01:54 AEDT 2018 com.google.javascript.jscomp.GlobalNamespace,1112
Mon Jan 15 22:01:58 AEDT 2018 Mon Jan 15 22:01:58 AEDT 2018 : com.google.javascript.jscomp.GlobalNamespace,1111=>Find no block
Mon Jan 15 22:01:59 AEDT 2018 com.google.javascript.jscomp.NodeTraversal,244
Mon Jan 15 22:08:22 AEDT 2018 com.google.javascript.jscomp.NodeTraversal,249
Mon Jan 15 22:08:36 AEDT 2018 com.google.javascript.jscomp.NodeTraversal,250
Mon Jan 15 22:08:37 AEDT 2018 com.google.javascript.jscomp.NodeTraversal,257
Mon Jan 15 22:08:38 AEDT 2018 com.google.javascript.jscomp.NodeTraversal,261
Mon Jan 15 22:12:41 AEDT 2018 com.google.javascript.jscomp.NodeTraversal,264
Mon Jan 15 22:17:11 AEDT 2018 Mon Jan 15 22:17:11 AEDT 2018 : com.google.javascript.jscomp.NodeTraversal,308=>Find no block
Mon Jan 15 22:17:12 AEDT 2018 com.google.javascript.jscomp.NodeTraversal,309
Mon Jan 15 22:37:01 AEDT 2018 com.google.javascript.jscomp.NodeTraversal,316
Mon Jan 15 22:41:03 AEDT 2018 com.google.javascript.jscomp.NodeTraversal,320
Timeout time : 18/01/15 23:50
