=================================================
Project : closure_47	start : 18/01/15 23:20
Current failed test : com.google.debugging.sourcemap.SourceMapGeneratorV3Test::testBasicMapping2 | 18/01/15 23:21
Mon Jan 15 23:21:40 AEDT 2018 com.google.debugging.sourcemap.SourceMapGeneratorV3,213
Mon Jan 15 23:24:01 AEDT 2018 com.google.debugging.sourcemap.SourceMapGeneratorV3,214
Mon Jan 15 23:24:02 AEDT 2018 com.google.debugging.sourcemap.SourceMapGeneratorV3,215
Mon Jan 15 23:24:03 AEDT 2018 com.google.debugging.sourcemap.SourceMapGeneratorV3,216
Mon Jan 15 23:24:04 AEDT 2018 com.google.debugging.sourcemap.SourceMapGeneratorV3,217
Mon Jan 15 23:24:04 AEDT 2018 com.google.debugging.sourcemap.SourceMapGeneratorV3,326
Mon Jan 15 23:32:00 AEDT 2018 com.google.debugging.sourcemap.SourceMapGeneratorV3,327
Mon Jan 15 23:32:01 AEDT 2018 com.google.debugging.sourcemap.SourceMapGeneratorV3,330
Mon Jan 15 23:32:01 AEDT 2018 com.google.debugging.sourcemap.SourceMapGeneratorV3,331
Mon Jan 15 23:32:02 AEDT 2018 Mon Jan 15 23:32:02 AEDT 2018 : com.google.debugging.sourcemap.SourceMapGeneratorV3,332=>Find no block
Mon Jan 15 23:32:03 AEDT 2018 com.google.debugging.sourcemap.SourceMapGeneratorV3,389
Mon Jan 15 23:32:53 AEDT 2018 com.google.debugging.sourcemap.SourceMapGeneratorV3,390
Mon Jan 15 23:32:54 AEDT 2018 com.google.debugging.sourcemap.SourceMapGeneratorV3,391
Mon Jan 15 23:32:55 AEDT 2018 com.google.debugging.sourcemap.SourceMapGeneratorV3,659
Mon Jan 15 23:36:27 AEDT 2018 com.google.debugging.sourcemap.SourceMapGeneratorV3,660
Mon Jan 15 23:36:28 AEDT 2018 com.google.debugging.sourcemap.SourceMapGeneratorV3,661
Mon Jan 15 23:36:29 AEDT 2018 com.google.debugging.sourcemap.SourceMapGeneratorV3,662
Mon Jan 15 23:36:30 AEDT 2018 com.google.debugging.sourcemap.SourceMapGeneratorV3,665
Mon Jan 15 23:36:31 AEDT 2018 com.google.debugging.sourcemap.SourceMapGeneratorV3,666
Mon Jan 15 23:36:31 AEDT 2018 com.google.debugging.sourcemap.SourceMapGeneratorV3,669
Timeout time : 18/01/15 23:39
Current failed test : com.google.debugging.sourcemap.SourceMapGeneratorV3Test::testLiteralMappingsGoldenOutput | 18/01/15 23:39
Mon Jan 15 23:39:50 AEDT 2018 com.google.debugging.sourcemap.SourceMapGeneratorV3,213
Mon Jan 15 23:42:15 AEDT 2018 com.google.debugging.sourcemap.SourceMapGeneratorV3,214
Mon Jan 15 23:42:15 AEDT 2018 com.google.debugging.sourcemap.SourceMapGeneratorV3,215
Mon Jan 15 23:42:16 AEDT 2018 com.google.debugging.sourcemap.SourceMapGeneratorV3,216
Mon Jan 15 23:42:17 AEDT 2018 com.google.debugging.sourcemap.SourceMapGeneratorV3,217
Mon Jan 15 23:42:18 AEDT 2018 com.google.debugging.sourcemap.SourceMapGeneratorV3,326
Mon Jan 15 23:50:38 AEDT 2018 com.google.debugging.sourcemap.SourceMapGeneratorV3,327
Mon Jan 15 23:50:39 AEDT 2018 com.google.debugging.sourcemap.SourceMapGeneratorV3,330
Mon Jan 15 23:50:40 AEDT 2018 com.google.debugging.sourcemap.SourceMapGeneratorV3,331
Mon Jan 15 23:50:41 AEDT 2018 Mon Jan 15 23:50:41 AEDT 2018 : com.google.debugging.sourcemap.SourceMapGeneratorV3,332=>Find no block
Mon Jan 15 23:50:43 AEDT 2018 com.google.debugging.sourcemap.SourceMapGeneratorV3,389
Mon Jan 15 23:51:29 AEDT 2018 com.google.debugging.sourcemap.SourceMapGeneratorV3,390
Mon Jan 15 23:51:30 AEDT 2018 com.google.debugging.sourcemap.SourceMapGeneratorV3,391
Mon Jan 15 23:51:30 AEDT 2018 com.google.debugging.sourcemap.SourceMapGeneratorV3,659
Mon Jan 15 23:55:19 AEDT 2018 com.google.debugging.sourcemap.SourceMapGeneratorV3,660
Mon Jan 15 23:55:20 AEDT 2018 com.google.debugging.sourcemap.SourceMapGeneratorV3,661
Mon Jan 15 23:55:20 AEDT 2018 com.google.debugging.sourcemap.SourceMapGeneratorV3,662
Mon Jan 15 23:55:21 AEDT 2018 com.google.debugging.sourcemap.SourceMapGeneratorV3,665
Mon Jan 15 23:55:22 AEDT 2018 com.google.debugging.sourcemap.SourceMapGeneratorV3,666
Mon Jan 15 23:55:23 AEDT 2018 com.google.debugging.sourcemap.SourceMapGeneratorV3,669
Timeout time : 18/01/15 23:57
Current failed test : com.google.debugging.sourcemap.SourceMapGeneratorV3Test::testParseSourceMetaMap | 18/01/15 23:57
Mon Jan 15 23:58:01 AEDT 2018 com.google.debugging.sourcemap.SourceMapGeneratorV3,213
Tue Jan 16 00:00:24 AEDT 2018 com.google.debugging.sourcemap.SourceMapGeneratorV3,214
Tue Jan 16 00:00:24 AEDT 2018 com.google.debugging.sourcemap.SourceMapGeneratorV3,215
Tue Jan 16 00:00:25 AEDT 2018 com.google.debugging.sourcemap.SourceMapGeneratorV3,216
Tue Jan 16 00:00:26 AEDT 2018 com.google.debugging.sourcemap.SourceMapGeneratorV3,217
Tue Jan 16 00:00:27 AEDT 2018 com.google.debugging.sourcemap.SourceMapGeneratorV3,326
Tue Jan 16 00:08:13 AEDT 2018 com.google.debugging.sourcemap.SourceMapGeneratorV3,327
Tue Jan 16 00:08:13 AEDT 2018 com.google.debugging.sourcemap.SourceMapGeneratorV3,330
Tue Jan 16 00:08:14 AEDT 2018 com.google.debugging.sourcemap.SourceMapGeneratorV3,331
Tue Jan 16 00:08:16 AEDT 2018 Tue Jan 16 00:08:16 AEDT 2018 : com.google.debugging.sourcemap.SourceMapGeneratorV3,332=>Find no block
Tue Jan 16 00:08:17 AEDT 2018 com.google.debugging.sourcemap.SourceMapGeneratorV3,389
Tue Jan 16 00:09:07 AEDT 2018 com.google.debugging.sourcemap.SourceMapGeneratorV3,390
Tue Jan 16 00:09:07 AEDT 2018 com.google.debugging.sourcemap.SourceMapGeneratorV3,391
Tue Jan 16 00:09:08 AEDT 2018 com.google.debugging.sourcemap.SourceMapGeneratorV3,659
Tue Jan 16 00:12:50 AEDT 2018 com.google.debugging.sourcemap.SourceMapGeneratorV3,660
Tue Jan 16 00:12:51 AEDT 2018 com.google.debugging.sourcemap.SourceMapGeneratorV3,661
Tue Jan 16 00:12:52 AEDT 2018 com.google.debugging.sourcemap.SourceMapGeneratorV3,662
Tue Jan 16 00:12:53 AEDT 2018 com.google.debugging.sourcemap.SourceMapGeneratorV3,665
Tue Jan 16 00:12:53 AEDT 2018 com.google.debugging.sourcemap.SourceMapGeneratorV3,666
Tue Jan 16 00:12:55 AEDT 2018 com.google.debugging.sourcemap.SourceMapGeneratorV3,669
Timeout time : 18/01/16 00:16
Current failed test : com.google.debugging.sourcemap.SourceMapGeneratorV3Test::testBasicMapping1 | 18/01/16 00:16
Tue Jan 16 00:16:12 AEDT 2018 com.google.debugging.sourcemap.SourceMapGeneratorV3,213
Tue Jan 16 00:18:36 AEDT 2018 com.google.debugging.sourcemap.SourceMapGeneratorV3,214
Tue Jan 16 00:18:37 AEDT 2018 com.google.debugging.sourcemap.SourceMapGeneratorV3,215
Tue Jan 16 00:18:38 AEDT 2018 com.google.debugging.sourcemap.SourceMapGeneratorV3,216
Tue Jan 16 00:18:38 AEDT 2018 com.google.debugging.sourcemap.SourceMapGeneratorV3,217
Tue Jan 16 00:18:39 AEDT 2018 com.google.debugging.sourcemap.SourceMapGeneratorV3,326
Tue Jan 16 00:27:11 AEDT 2018 com.google.debugging.sourcemap.SourceMapGeneratorV3,327
Tue Jan 16 00:27:12 AEDT 2018 com.google.debugging.sourcemap.SourceMapGeneratorV3,330
Tue Jan 16 00:27:13 AEDT 2018 com.google.debugging.sourcemap.SourceMapGeneratorV3,331
Tue Jan 16 00:27:14 AEDT 2018 Tue Jan 16 00:27:14 AEDT 2018 : com.google.debugging.sourcemap.SourceMapGeneratorV3,332=>Find no block
Tue Jan 16 00:27:14 AEDT 2018 com.google.debugging.sourcemap.SourceMapGeneratorV3,389
Tue Jan 16 00:27:54 AEDT 2018 com.google.debugging.sourcemap.SourceMapGeneratorV3,390
Tue Jan 16 00:27:55 AEDT 2018 com.google.debugging.sourcemap.SourceMapGeneratorV3,391
Tue Jan 16 00:27:56 AEDT 2018 com.google.debugging.sourcemap.SourceMapGeneratorV3,659
Tue Jan 16 00:31:57 AEDT 2018 com.google.debugging.sourcemap.SourceMapGeneratorV3,660
Tue Jan 16 00:31:57 AEDT 2018 com.google.debugging.sourcemap.SourceMapGeneratorV3,661
Tue Jan 16 00:31:58 AEDT 2018 com.google.debugging.sourcemap.SourceMapGeneratorV3,662
Tue Jan 16 00:31:59 AEDT 2018 com.google.debugging.sourcemap.SourceMapGeneratorV3,665
Tue Jan 16 00:32:00 AEDT 2018 com.google.debugging.sourcemap.SourceMapGeneratorV3,666
Tue Jan 16 00:32:00 AEDT 2018 com.google.debugging.sourcemap.SourceMapGeneratorV3,669
Timeout time : 18/01/16 00:34
Current failed test : com.google.debugging.sourcemap.SourceMapGeneratorV3Test::testGoldenOutput2 | 18/01/16 00:34
Tue Jan 16 00:34:22 AEDT 2018 com.google.debugging.sourcemap.SourceMapGeneratorV3,213
Tue Jan 16 00:36:02 AEDT 2018 com.google.debugging.sourcemap.SourceMapGeneratorV3,214
Tue Jan 16 00:36:03 AEDT 2018 com.google.debugging.sourcemap.SourceMapGeneratorV3,215
Tue Jan 16 00:36:03 AEDT 2018 com.google.debugging.sourcemap.SourceMapGeneratorV3,216
Tue Jan 16 00:36:04 AEDT 2018 com.google.debugging.sourcemap.SourceMapGeneratorV3,217
Tue Jan 16 00:36:05 AEDT 2018 com.google.debugging.sourcemap.SourceMapGeneratorV3,326
Tue Jan 16 00:44:10 AEDT 2018 com.google.debugging.sourcemap.SourceMapGeneratorV3,327
Tue Jan 16 00:44:11 AEDT 2018 com.google.debugging.sourcemap.SourceMapGeneratorV3,330
Tue Jan 16 00:44:11 AEDT 2018 com.google.debugging.sourcemap.SourceMapGeneratorV3,331
Tue Jan 16 00:44:12 AEDT 2018 Tue Jan 16 00:44:12 AEDT 2018 : com.google.debugging.sourcemap.SourceMapGeneratorV3,332=>Find no block
Tue Jan 16 00:44:13 AEDT 2018 com.google.debugging.sourcemap.SourceMapGeneratorV3,389
Tue Jan 16 00:45:03 AEDT 2018 com.google.debugging.sourcemap.SourceMapGeneratorV3,390
Tue Jan 16 00:45:03 AEDT 2018 com.google.debugging.sourcemap.SourceMapGeneratorV3,391
Tue Jan 16 00:45:04 AEDT 2018 com.google.debugging.sourcemap.SourceMapGeneratorV3,659
Tue Jan 16 00:47:19 AEDT 2018 com.google.debugging.sourcemap.SourceMapGeneratorV3,660
Tue Jan 16 00:47:20 AEDT 2018 com.google.debugging.sourcemap.SourceMapGeneratorV3,661
Tue Jan 16 00:47:21 AEDT 2018 com.google.debugging.sourcemap.SourceMapGeneratorV3,662
Tue Jan 16 00:47:22 AEDT 2018 com.google.debugging.sourcemap.SourceMapGeneratorV3,665
Tue Jan 16 00:47:23 AEDT 2018 com.google.debugging.sourcemap.SourceMapGeneratorV3,666
Tue Jan 16 00:47:23 AEDT 2018 com.google.debugging.sourcemap.SourceMapGeneratorV3,669
Tue Jan 16 00:50:24 AEDT 2018 com.google.debugging.sourcemap.SourceMapGeneratorV3,674
Timeout time : 18/01/16 00:52
Current failed test : com.google.debugging.sourcemap.SourceMapGeneratorV3Test::testGoldenOutput0a | 18/01/16 00:52
Tue Jan 16 00:52:28 AEDT 2018 com.google.debugging.sourcemap.SourceMapGeneratorV3,213
Tue Jan 16 00:53:59 AEDT 2018 com.google.debugging.sourcemap.SourceMapGeneratorV3,214
Tue Jan 16 00:54:00 AEDT 2018 com.google.debugging.sourcemap.SourceMapGeneratorV3,215
Tue Jan 16 00:54:01 AEDT 2018 com.google.debugging.sourcemap.SourceMapGeneratorV3,216
Tue Jan 16 00:54:02 AEDT 2018 com.google.debugging.sourcemap.SourceMapGeneratorV3,217
Tue Jan 16 00:54:03 AEDT 2018 com.google.debugging.sourcemap.SourceMapGeneratorV3,326
Tue Jan 16 00:59:03 AEDT 2018 com.google.debugging.sourcemap.SourceMapGeneratorV3,327
Tue Jan 16 00:59:04 AEDT 2018 com.google.debugging.sourcemap.SourceMapGeneratorV3,330
Tue Jan 16 00:59:05 AEDT 2018 com.google.debugging.sourcemap.SourceMapGeneratorV3,331
Tue Jan 16 00:59:06 AEDT 2018 Tue Jan 16 00:59:06 AEDT 2018 : com.google.debugging.sourcemap.SourceMapGeneratorV3,332=>Find no block
Tue Jan 16 00:59:06 AEDT 2018 com.google.debugging.sourcemap.SourceMapGeneratorV3,389
Tue Jan 16 00:59:36 AEDT 2018 com.google.debugging.sourcemap.SourceMapGeneratorV3,390
Tue Jan 16 00:59:37 AEDT 2018 com.google.debugging.sourcemap.SourceMapGeneratorV3,391
Tue Jan 16 00:59:38 AEDT 2018 com.google.debugging.sourcemap.SourceMapGeneratorV3,659
Tue Jan 16 01:01:55 AEDT 2018 com.google.debugging.sourcemap.SourceMapGeneratorV3,660
Tue Jan 16 01:01:56 AEDT 2018 com.google.debugging.sourcemap.SourceMapGeneratorV3,661
Tue Jan 16 01:01:57 AEDT 2018 com.google.debugging.sourcemap.SourceMapGeneratorV3,662
Tue Jan 16 01:01:58 AEDT 2018 com.google.debugging.sourcemap.SourceMapGeneratorV3,665
Tue Jan 16 01:02:00 AEDT 2018 com.google.debugging.sourcemap.SourceMapGeneratorV3,666
Tue Jan 16 01:02:00 AEDT 2018 com.google.debugging.sourcemap.SourceMapGeneratorV3,669
Tue Jan 16 01:05:02 AEDT 2018 com.google.debugging.sourcemap.SourceMapGeneratorV3,674
Timeout time : 18/01/16 01:10
Current failed test : com.google.debugging.sourcemap.SourceMapGeneratorV3Test::testGoldenOutput3 | 18/01/16 01:10
Tue Jan 16 01:10:35 AEDT 2018 com.google.debugging.sourcemap.SourceMapGeneratorV3,213
Tue Jan 16 01:12:03 AEDT 2018 com.google.debugging.sourcemap.SourceMapGeneratorV3,214
Tue Jan 16 01:12:04 AEDT 2018 com.google.debugging.sourcemap.SourceMapGeneratorV3,215
Tue Jan 16 01:12:04 AEDT 2018 com.google.debugging.sourcemap.SourceMapGeneratorV3,216
Tue Jan 16 01:12:05 AEDT 2018 com.google.debugging.sourcemap.SourceMapGeneratorV3,217
Tue Jan 16 01:12:06 AEDT 2018 com.google.debugging.sourcemap.SourceMapGeneratorV3,326
Tue Jan 16 01:17:02 AEDT 2018 com.google.debugging.sourcemap.SourceMapGeneratorV3,327
Tue Jan 16 01:17:02 AEDT 2018 com.google.debugging.sourcemap.SourceMapGeneratorV3,330
Tue Jan 16 01:17:03 AEDT 2018 com.google.debugging.sourcemap.SourceMapGeneratorV3,331
Tue Jan 16 01:17:04 AEDT 2018 Tue Jan 16 01:17:04 AEDT 2018 : com.google.debugging.sourcemap.SourceMapGeneratorV3,332=>Find no block
Tue Jan 16 01:17:05 AEDT 2018 com.google.debugging.sourcemap.SourceMapGeneratorV3,389
Tue Jan 16 01:17:34 AEDT 2018 com.google.debugging.sourcemap.SourceMapGeneratorV3,390
Tue Jan 16 01:17:34 AEDT 2018 com.google.debugging.sourcemap.SourceMapGeneratorV3,391
Tue Jan 16 01:17:35 AEDT 2018 com.google.debugging.sourcemap.SourceMapGeneratorV3,659
Tue Jan 16 01:19:51 AEDT 2018 com.google.debugging.sourcemap.SourceMapGeneratorV3,660
Tue Jan 16 01:19:52 AEDT 2018 com.google.debugging.sourcemap.SourceMapGeneratorV3,661
Tue Jan 16 01:19:53 AEDT 2018 com.google.debugging.sourcemap.SourceMapGeneratorV3,662
Tue Jan 16 01:19:53 AEDT 2018 com.google.debugging.sourcemap.SourceMapGeneratorV3,665
Tue Jan 16 01:19:54 AEDT 2018 com.google.debugging.sourcemap.SourceMapGeneratorV3,666
Tue Jan 16 01:19:55 AEDT 2018 com.google.debugging.sourcemap.SourceMapGeneratorV3,669
Tue Jan 16 01:22:54 AEDT 2018 com.google.debugging.sourcemap.SourceMapGeneratorV3,674
Timeout time : 18/01/16 01:28
Current failed test : com.google.debugging.sourcemap.SourceMapGeneratorV3Test::testGoldenOutput4 | 18/01/16 01:28
Tue Jan 16 01:28:41 AEDT 2018 com.google.debugging.sourcemap.SourceMapGeneratorV3,213
Tue Jan 16 01:30:07 AEDT 2018 com.google.debugging.sourcemap.SourceMapGeneratorV3,214
Tue Jan 16 01:30:08 AEDT 2018 com.google.debugging.sourcemap.SourceMapGeneratorV3,215
Tue Jan 16 01:30:09 AEDT 2018 com.google.debugging.sourcemap.SourceMapGeneratorV3,216
Tue Jan 16 01:30:09 AEDT 2018 com.google.debugging.sourcemap.SourceMapGeneratorV3,217
Tue Jan 16 01:30:10 AEDT 2018 com.google.debugging.sourcemap.SourceMapGeneratorV3,326
Tue Jan 16 01:35:06 AEDT 2018 com.google.debugging.sourcemap.SourceMapGeneratorV3,327
Tue Jan 16 01:35:07 AEDT 2018 com.google.debugging.sourcemap.SourceMapGeneratorV3,330
Tue Jan 16 01:35:08 AEDT 2018 com.google.debugging.sourcemap.SourceMapGeneratorV3,331
Tue Jan 16 01:35:09 AEDT 2018 Tue Jan 16 01:35:09 AEDT 2018 : com.google.debugging.sourcemap.SourceMapGeneratorV3,332=>Find no block
Tue Jan 16 01:35:10 AEDT 2018 com.google.debugging.sourcemap.SourceMapGeneratorV3,389
Tue Jan 16 01:35:40 AEDT 2018 com.google.debugging.sourcemap.SourceMapGeneratorV3,390
Tue Jan 16 01:35:41 AEDT 2018 com.google.debugging.sourcemap.SourceMapGeneratorV3,391
Tue Jan 16 01:35:42 AEDT 2018 com.google.debugging.sourcemap.SourceMapGeneratorV3,659
Tue Jan 16 01:37:58 AEDT 2018 com.google.debugging.sourcemap.SourceMapGeneratorV3,660
Tue Jan 16 01:37:59 AEDT 2018 com.google.debugging.sourcemap.SourceMapGeneratorV3,661
Tue Jan 16 01:38:00 AEDT 2018 com.google.debugging.sourcemap.SourceMapGeneratorV3,662
Tue Jan 16 01:38:01 AEDT 2018 com.google.debugging.sourcemap.SourceMapGeneratorV3,665
Tue Jan 16 01:38:02 AEDT 2018 com.google.debugging.sourcemap.SourceMapGeneratorV3,666
Tue Jan 16 01:38:02 AEDT 2018 com.google.debugging.sourcemap.SourceMapGeneratorV3,669
Tue Jan 16 01:41:01 AEDT 2018 com.google.debugging.sourcemap.SourceMapGeneratorV3,674
Timeout time : 18/01/16 01:46
Current failed test : com.google.debugging.sourcemap.SourceMapGeneratorV3Test::testSourceMapMerging | 18/01/16 01:46
Tue Jan 16 01:46:48 AEDT 2018 com.google.debugging.sourcemap.SourceMapGeneratorV3,213
Tue Jan 16 01:48:17 AEDT 2018 com.google.debugging.sourcemap.SourceMapGeneratorV3,214
Tue Jan 16 01:48:17 AEDT 2018 com.google.debugging.sourcemap.SourceMapGeneratorV3,215
Tue Jan 16 01:48:18 AEDT 2018 com.google.debugging.sourcemap.SourceMapGeneratorV3,216
Tue Jan 16 01:48:19 AEDT 2018 com.google.debugging.sourcemap.SourceMapGeneratorV3,217
Tue Jan 16 01:48:20 AEDT 2018 com.google.debugging.sourcemap.SourceMapGeneratorV3,326
Tue Jan 16 01:53:16 AEDT 2018 com.google.debugging.sourcemap.SourceMapGeneratorV3,327
Tue Jan 16 01:53:17 AEDT 2018 com.google.debugging.sourcemap.SourceMapGeneratorV3,330
Tue Jan 16 01:53:18 AEDT 2018 com.google.debugging.sourcemap.SourceMapGeneratorV3,331
Tue Jan 16 01:53:19 AEDT 2018 Tue Jan 16 01:53:19 AEDT 2018 : com.google.debugging.sourcemap.SourceMapGeneratorV3,332=>Find no block
Tue Jan 16 01:53:19 AEDT 2018 com.google.debugging.sourcemap.SourceMapGeneratorV3,389
Tue Jan 16 01:53:48 AEDT 2018 com.google.debugging.sourcemap.SourceMapGeneratorV3,390
Tue Jan 16 01:53:49 AEDT 2018 com.google.debugging.sourcemap.SourceMapGeneratorV3,391
Tue Jan 16 01:53:50 AEDT 2018 com.google.debugging.sourcemap.SourceMapGeneratorV3,659
Tue Jan 16 01:56:05 AEDT 2018 com.google.debugging.sourcemap.SourceMapGeneratorV3,660
Tue Jan 16 01:56:05 AEDT 2018 com.google.debugging.sourcemap.SourceMapGeneratorV3,661
Tue Jan 16 01:56:06 AEDT 2018 com.google.debugging.sourcemap.SourceMapGeneratorV3,662
Tue Jan 16 01:56:07 AEDT 2018 com.google.debugging.sourcemap.SourceMapGeneratorV3,665
Tue Jan 16 01:56:07 AEDT 2018 com.google.debugging.sourcemap.SourceMapGeneratorV3,666
Tue Jan 16 01:56:08 AEDT 2018 com.google.debugging.sourcemap.SourceMapGeneratorV3,669
Tue Jan 16 01:59:08 AEDT 2018 com.google.debugging.sourcemap.SourceMapGeneratorV3,674
Timeout time : 18/01/16 02:04
Current failed test : com.google.debugging.sourcemap.SourceMapGeneratorV3Test::testGoldenOutput5 | 18/01/16 02:04
Tue Jan 16 02:04:56 AEDT 2018 com.google.debugging.sourcemap.SourceMapGeneratorV3,213
Tue Jan 16 02:06:22 AEDT 2018 com.google.debugging.sourcemap.SourceMapGeneratorV3,214
Tue Jan 16 02:06:22 AEDT 2018 com.google.debugging.sourcemap.SourceMapGeneratorV3,215
Tue Jan 16 02:06:23 AEDT 2018 com.google.debugging.sourcemap.SourceMapGeneratorV3,216
Tue Jan 16 02:06:23 AEDT 2018 com.google.debugging.sourcemap.SourceMapGeneratorV3,217
Tue Jan 16 02:06:24 AEDT 2018 com.google.debugging.sourcemap.SourceMapGeneratorV3,326
Tue Jan 16 02:11:20 AEDT 2018 com.google.debugging.sourcemap.SourceMapGeneratorV3,327
Tue Jan 16 02:11:21 AEDT 2018 com.google.debugging.sourcemap.SourceMapGeneratorV3,330
Tue Jan 16 02:11:21 AEDT 2018 com.google.debugging.sourcemap.SourceMapGeneratorV3,331
Tue Jan 16 02:11:22 AEDT 2018 Tue Jan 16 02:11:22 AEDT 2018 : com.google.debugging.sourcemap.SourceMapGeneratorV3,332=>Find no block
Tue Jan 16 02:11:23 AEDT 2018 com.google.debugging.sourcemap.SourceMapGeneratorV3,389
Tue Jan 16 02:11:53 AEDT 2018 com.google.debugging.sourcemap.SourceMapGeneratorV3,390
Tue Jan 16 02:11:53 AEDT 2018 com.google.debugging.sourcemap.SourceMapGeneratorV3,391
Tue Jan 16 02:11:54 AEDT 2018 com.google.debugging.sourcemap.SourceMapGeneratorV3,659
Tue Jan 16 02:14:12 AEDT 2018 com.google.debugging.sourcemap.SourceMapGeneratorV3,660
Tue Jan 16 02:14:13 AEDT 2018 com.google.debugging.sourcemap.SourceMapGeneratorV3,661
Tue Jan 16 02:14:14 AEDT 2018 com.google.debugging.sourcemap.SourceMapGeneratorV3,662
Tue Jan 16 02:14:14 AEDT 2018 com.google.debugging.sourcemap.SourceMapGeneratorV3,665
Tue Jan 16 02:14:15 AEDT 2018 com.google.debugging.sourcemap.SourceMapGeneratorV3,666
Tue Jan 16 02:14:16 AEDT 2018 com.google.debugging.sourcemap.SourceMapGeneratorV3,669
Tue Jan 16 02:17:16 AEDT 2018 com.google.debugging.sourcemap.SourceMapGeneratorV3,674
Timeout time : 18/01/16 02:22
Current failed test : com.google.debugging.sourcemap.SourceMapGeneratorV3Test::testGoldenOutput1 | 18/01/16 02:22
Tue Jan 16 02:23:03 AEDT 2018 com.google.debugging.sourcemap.SourceMapGeneratorV3,213
Tue Jan 16 02:24:29 AEDT 2018 com.google.debugging.sourcemap.SourceMapGeneratorV3,214
Tue Jan 16 02:24:30 AEDT 2018 com.google.debugging.sourcemap.SourceMapGeneratorV3,215
Tue Jan 16 02:24:31 AEDT 2018 com.google.debugging.sourcemap.SourceMapGeneratorV3,216
Tue Jan 16 02:24:31 AEDT 2018 com.google.debugging.sourcemap.SourceMapGeneratorV3,217
Tue Jan 16 02:24:32 AEDT 2018 com.google.debugging.sourcemap.SourceMapGeneratorV3,326
Tue Jan 16 02:29:26 AEDT 2018 com.google.debugging.sourcemap.SourceMapGeneratorV3,327
Tue Jan 16 02:29:27 AEDT 2018 com.google.debugging.sourcemap.SourceMapGeneratorV3,330
Tue Jan 16 02:29:28 AEDT 2018 com.google.debugging.sourcemap.SourceMapGeneratorV3,331
Tue Jan 16 02:29:29 AEDT 2018 Tue Jan 16 02:29:29 AEDT 2018 : com.google.debugging.sourcemap.SourceMapGeneratorV3,332=>Find no block
Tue Jan 16 02:29:30 AEDT 2018 com.google.debugging.sourcemap.SourceMapGeneratorV3,389
Tue Jan 16 02:29:59 AEDT 2018 com.google.debugging.sourcemap.SourceMapGeneratorV3,390
Tue Jan 16 02:30:00 AEDT 2018 com.google.debugging.sourcemap.SourceMapGeneratorV3,391
Tue Jan 16 02:30:01 AEDT 2018 com.google.debugging.sourcemap.SourceMapGeneratorV3,659
Tue Jan 16 02:32:17 AEDT 2018 com.google.debugging.sourcemap.SourceMapGeneratorV3,660
Tue Jan 16 02:32:17 AEDT 2018 com.google.debugging.sourcemap.SourceMapGeneratorV3,661
Tue Jan 16 02:32:18 AEDT 2018 com.google.debugging.sourcemap.SourceMapGeneratorV3,662
Tue Jan 16 02:32:19 AEDT 2018 com.google.debugging.sourcemap.SourceMapGeneratorV3,665
Tue Jan 16 02:32:20 AEDT 2018 com.google.debugging.sourcemap.SourceMapGeneratorV3,666
Tue Jan 16 02:32:21 AEDT 2018 com.google.debugging.sourcemap.SourceMapGeneratorV3,669
Tue Jan 16 02:35:21 AEDT 2018 com.google.debugging.sourcemap.SourceMapGeneratorV3,674
Timeout time : 18/01/16 02:41
Current failed test : com.google.debugging.sourcemap.SourceMapGeneratorV3Test::testMultilineMapping | 18/01/16 02:41
Tue Jan 16 02:41:08 AEDT 2018 com.google.debugging.sourcemap.SourceMapGeneratorV3,213
Tue Jan 16 02:42:33 AEDT 2018 com.google.debugging.sourcemap.SourceMapGeneratorV3,214
Tue Jan 16 02:42:34 AEDT 2018 com.google.debugging.sourcemap.SourceMapGeneratorV3,215
Tue Jan 16 02:42:35 AEDT 2018 com.google.debugging.sourcemap.SourceMapGeneratorV3,216
Tue Jan 16 02:42:36 AEDT 2018 com.google.debugging.sourcemap.SourceMapGeneratorV3,217
Tue Jan 16 02:42:36 AEDT 2018 com.google.debugging.sourcemap.SourceMapGeneratorV3,326
Tue Jan 16 02:47:29 AEDT 2018 com.google.debugging.sourcemap.SourceMapGeneratorV3,327
Tue Jan 16 02:47:30 AEDT 2018 com.google.debugging.sourcemap.SourceMapGeneratorV3,330
Tue Jan 16 02:47:31 AEDT 2018 com.google.debugging.sourcemap.SourceMapGeneratorV3,331
Tue Jan 16 02:47:31 AEDT 2018 Tue Jan 16 02:47:31 AEDT 2018 : com.google.debugging.sourcemap.SourceMapGeneratorV3,332=>Find no block
Tue Jan 16 02:47:32 AEDT 2018 com.google.debugging.sourcemap.SourceMapGeneratorV3,389
Tue Jan 16 02:48:01 AEDT 2018 com.google.debugging.sourcemap.SourceMapGeneratorV3,390
Tue Jan 16 02:48:02 AEDT 2018 com.google.debugging.sourcemap.SourceMapGeneratorV3,391
Tue Jan 16 02:48:02 AEDT 2018 com.google.debugging.sourcemap.SourceMapGeneratorV3,659
Tue Jan 16 02:50:19 AEDT 2018 com.google.debugging.sourcemap.SourceMapGeneratorV3,660
Tue Jan 16 02:50:19 AEDT 2018 com.google.debugging.sourcemap.SourceMapGeneratorV3,661
Tue Jan 16 02:50:20 AEDT 2018 com.google.debugging.sourcemap.SourceMapGeneratorV3,662
Tue Jan 16 02:50:21 AEDT 2018 com.google.debugging.sourcemap.SourceMapGeneratorV3,665
Tue Jan 16 02:50:22 AEDT 2018 com.google.debugging.sourcemap.SourceMapGeneratorV3,666
Tue Jan 16 02:50:23 AEDT 2018 com.google.debugging.sourcemap.SourceMapGeneratorV3,669
Tue Jan 16 02:53:20 AEDT 2018 com.google.debugging.sourcemap.SourceMapGeneratorV3,674
Timeout time : 18/01/16 02:59
Current failed test : com.google.debugging.sourcemap.SourceMapGeneratorV3Test::testLiteralMappings | 18/01/16 02:59
Tue Jan 16 02:59:16 AEDT 2018 com.google.debugging.sourcemap.SourceMapGeneratorV3,213
Tue Jan 16 03:00:44 AEDT 2018 com.google.debugging.sourcemap.SourceMapGeneratorV3,214
Tue Jan 16 03:00:45 AEDT 2018 com.google.debugging.sourcemap.SourceMapGeneratorV3,215
Tue Jan 16 03:00:46 AEDT 2018 com.google.debugging.sourcemap.SourceMapGeneratorV3,216
Tue Jan 16 03:00:47 AEDT 2018 com.google.debugging.sourcemap.SourceMapGeneratorV3,217
Tue Jan 16 03:00:48 AEDT 2018 com.google.debugging.sourcemap.SourceMapGeneratorV3,326
Tue Jan 16 03:05:43 AEDT 2018 com.google.debugging.sourcemap.SourceMapGeneratorV3,327
Tue Jan 16 03:05:44 AEDT 2018 com.google.debugging.sourcemap.SourceMapGeneratorV3,330
Tue Jan 16 03:05:44 AEDT 2018 com.google.debugging.sourcemap.SourceMapGeneratorV3,331
Tue Jan 16 03:05:45 AEDT 2018 Tue Jan 16 03:05:45 AEDT 2018 : com.google.debugging.sourcemap.SourceMapGeneratorV3,332=>Find no block
Tue Jan 16 03:05:46 AEDT 2018 com.google.debugging.sourcemap.SourceMapGeneratorV3,389
Tue Jan 16 03:06:15 AEDT 2018 com.google.debugging.sourcemap.SourceMapGeneratorV3,390
Tue Jan 16 03:06:16 AEDT 2018 com.google.debugging.sourcemap.SourceMapGeneratorV3,391
Tue Jan 16 03:06:16 AEDT 2018 com.google.debugging.sourcemap.SourceMapGeneratorV3,659
Tue Jan 16 03:08:32 AEDT 2018 com.google.debugging.sourcemap.SourceMapGeneratorV3,660
Tue Jan 16 03:08:33 AEDT 2018 com.google.debugging.sourcemap.SourceMapGeneratorV3,661
Tue Jan 16 03:08:33 AEDT 2018 com.google.debugging.sourcemap.SourceMapGeneratorV3,662
Tue Jan 16 03:08:34 AEDT 2018 com.google.debugging.sourcemap.SourceMapGeneratorV3,665
Tue Jan 16 03:08:35 AEDT 2018 com.google.debugging.sourcemap.SourceMapGeneratorV3,666
Tue Jan 16 03:08:36 AEDT 2018 com.google.debugging.sourcemap.SourceMapGeneratorV3,669
Tue Jan 16 03:11:33 AEDT 2018 com.google.debugging.sourcemap.SourceMapGeneratorV3,674
Timeout time : 18/01/16 03:17
Current failed test : com.google.debugging.sourcemap.SourceMapGeneratorV3Test::testBasicMappingGoldenOutput | 18/01/16 03:17
Tue Jan 16 03:17:21 AEDT 2018 com.google.debugging.sourcemap.SourceMapGeneratorV3,213
Tue Jan 16 03:18:48 AEDT 2018 com.google.debugging.sourcemap.SourceMapGeneratorV3,214
Tue Jan 16 03:18:49 AEDT 2018 com.google.debugging.sourcemap.SourceMapGeneratorV3,215
Tue Jan 16 03:18:50 AEDT 2018 com.google.debugging.sourcemap.SourceMapGeneratorV3,216
Tue Jan 16 03:18:50 AEDT 2018 com.google.debugging.sourcemap.SourceMapGeneratorV3,217
Tue Jan 16 03:18:51 AEDT 2018 com.google.debugging.sourcemap.SourceMapGeneratorV3,326
Tue Jan 16 03:23:48 AEDT 2018 com.google.debugging.sourcemap.SourceMapGeneratorV3,327
Tue Jan 16 03:23:49 AEDT 2018 com.google.debugging.sourcemap.SourceMapGeneratorV3,330
Tue Jan 16 03:23:49 AEDT 2018 com.google.debugging.sourcemap.SourceMapGeneratorV3,331
Tue Jan 16 03:23:50 AEDT 2018 Tue Jan 16 03:23:50 AEDT 2018 : com.google.debugging.sourcemap.SourceMapGeneratorV3,332=>Find no block
Tue Jan 16 03:23:50 AEDT 2018 com.google.debugging.sourcemap.SourceMapGeneratorV3,389
Tue Jan 16 03:24:19 AEDT 2018 com.google.debugging.sourcemap.SourceMapGeneratorV3,390
Tue Jan 16 03:24:21 AEDT 2018 com.google.debugging.sourcemap.SourceMapGeneratorV3,391
Tue Jan 16 03:24:22 AEDT 2018 com.google.debugging.sourcemap.SourceMapGeneratorV3,659
Tue Jan 16 03:26:38 AEDT 2018 com.google.debugging.sourcemap.SourceMapGeneratorV3,660
Tue Jan 16 03:26:39 AEDT 2018 com.google.debugging.sourcemap.SourceMapGeneratorV3,661
Tue Jan 16 03:26:40 AEDT 2018 com.google.debugging.sourcemap.SourceMapGeneratorV3,662
Tue Jan 16 03:26:41 AEDT 2018 com.google.debugging.sourcemap.SourceMapGeneratorV3,665
Tue Jan 16 03:26:41 AEDT 2018 com.google.debugging.sourcemap.SourceMapGeneratorV3,666
Tue Jan 16 03:26:42 AEDT 2018 com.google.debugging.sourcemap.SourceMapGeneratorV3,669
Tue Jan 16 03:29:42 AEDT 2018 com.google.debugging.sourcemap.SourceMapGeneratorV3,674
Timeout time : 18/01/16 03:35
Current failed test : com.google.debugging.sourcemap.SourceMapGeneratorV3Test::testMultiFunctionMapping | 18/01/16 03:35
Tue Jan 16 03:35:28 AEDT 2018 com.google.debugging.sourcemap.SourceMapGeneratorV3,213
Tue Jan 16 03:36:54 AEDT 2018 com.google.debugging.sourcemap.SourceMapGeneratorV3,214
Tue Jan 16 03:36:55 AEDT 2018 com.google.debugging.sourcemap.SourceMapGeneratorV3,215
Tue Jan 16 03:36:56 AEDT 2018 com.google.debugging.sourcemap.SourceMapGeneratorV3,216
Tue Jan 16 03:36:56 AEDT 2018 com.google.debugging.sourcemap.SourceMapGeneratorV3,217
Tue Jan 16 03:36:57 AEDT 2018 com.google.debugging.sourcemap.SourceMapGeneratorV3,326
Tue Jan 16 03:41:49 AEDT 2018 com.google.debugging.sourcemap.SourceMapGeneratorV3,327
Tue Jan 16 03:41:50 AEDT 2018 com.google.debugging.sourcemap.SourceMapGeneratorV3,330
Tue Jan 16 03:41:50 AEDT 2018 com.google.debugging.sourcemap.SourceMapGeneratorV3,331
Tue Jan 16 03:41:51 AEDT 2018 Tue Jan 16 03:41:51 AEDT 2018 : com.google.debugging.sourcemap.SourceMapGeneratorV3,332=>Find no block
Tue Jan 16 03:41:52 AEDT 2018 com.google.debugging.sourcemap.SourceMapGeneratorV3,389
Tue Jan 16 03:42:21 AEDT 2018 com.google.debugging.sourcemap.SourceMapGeneratorV3,390
Tue Jan 16 03:42:22 AEDT 2018 com.google.debugging.sourcemap.SourceMapGeneratorV3,391
Tue Jan 16 03:42:22 AEDT 2018 com.google.debugging.sourcemap.SourceMapGeneratorV3,659
Tue Jan 16 03:44:36 AEDT 2018 com.google.debugging.sourcemap.SourceMapGeneratorV3,660
Tue Jan 16 03:44:37 AEDT 2018 com.google.debugging.sourcemap.SourceMapGeneratorV3,661
Tue Jan 16 03:44:37 AEDT 2018 com.google.debugging.sourcemap.SourceMapGeneratorV3,662
Tue Jan 16 03:44:38 AEDT 2018 com.google.debugging.sourcemap.SourceMapGeneratorV3,665
Tue Jan 16 03:44:39 AEDT 2018 com.google.debugging.sourcemap.SourceMapGeneratorV3,666
Tue Jan 16 03:44:40 AEDT 2018 com.google.debugging.sourcemap.SourceMapGeneratorV3,669
Tue Jan 16 03:47:36 AEDT 2018 com.google.debugging.sourcemap.SourceMapGeneratorV3,674
Timeout time : 18/01/16 03:53
Current failed test : com.google.debugging.sourcemap.SourceMapGeneratorV3Test::testMultilineMapping2 | 18/01/16 03:53
Tue Jan 16 03:53:36 AEDT 2018 com.google.debugging.sourcemap.SourceMapGeneratorV3,213
Tue Jan 16 03:55:06 AEDT 2018 com.google.debugging.sourcemap.SourceMapGeneratorV3,214
Tue Jan 16 03:55:07 AEDT 2018 com.google.debugging.sourcemap.SourceMapGeneratorV3,215
Tue Jan 16 03:55:09 AEDT 2018 com.google.debugging.sourcemap.SourceMapGeneratorV3,216
Tue Jan 16 03:55:10 AEDT 2018 com.google.debugging.sourcemap.SourceMapGeneratorV3,217
Tue Jan 16 03:55:11 AEDT 2018 com.google.debugging.sourcemap.SourceMapGeneratorV3,326
Tue Jan 16 04:00:08 AEDT 2018 com.google.debugging.sourcemap.SourceMapGeneratorV3,327
Tue Jan 16 04:00:09 AEDT 2018 com.google.debugging.sourcemap.SourceMapGeneratorV3,330
Tue Jan 16 04:00:10 AEDT 2018 com.google.debugging.sourcemap.SourceMapGeneratorV3,331
Tue Jan 16 04:00:10 AEDT 2018 Tue Jan 16 04:00:10 AEDT 2018 : com.google.debugging.sourcemap.SourceMapGeneratorV3,332=>Find no block
Tue Jan 16 04:00:11 AEDT 2018 com.google.debugging.sourcemap.SourceMapGeneratorV3,389
Tue Jan 16 04:00:40 AEDT 2018 com.google.debugging.sourcemap.SourceMapGeneratorV3,390
Tue Jan 16 04:00:42 AEDT 2018 com.google.debugging.sourcemap.SourceMapGeneratorV3,391
Tue Jan 16 04:00:43 AEDT 2018 com.google.debugging.sourcemap.SourceMapGeneratorV3,659
Tue Jan 16 04:03:01 AEDT 2018 com.google.debugging.sourcemap.SourceMapGeneratorV3,660
Tue Jan 16 04:03:01 AEDT 2018 com.google.debugging.sourcemap.SourceMapGeneratorV3,661
Tue Jan 16 04:03:02 AEDT 2018 com.google.debugging.sourcemap.SourceMapGeneratorV3,662
Tue Jan 16 04:03:03 AEDT 2018 com.google.debugging.sourcemap.SourceMapGeneratorV3,665
Tue Jan 16 04:03:03 AEDT 2018 com.google.debugging.sourcemap.SourceMapGeneratorV3,666
Tue Jan 16 04:03:04 AEDT 2018 com.google.debugging.sourcemap.SourceMapGeneratorV3,669
Tue Jan 16 04:06:03 AEDT 2018 com.google.debugging.sourcemap.SourceMapGeneratorV3,674
Timeout time : 18/01/16 04:11
