=================================================
Project : closure_54	start : 18/01/15 13:48
Current failed test : com.google.javascript.jscomp.TypedScopeCreatorTest::testPropertyOnUnknownSuperClass2_purify_1 | 18/01/15 13:49
Mon Jan 15 13:50:18 AEDT 2018 com.google.javascript.jscomp.TypedScopeCreator,1419
Mon Jan 15 13:50:35 AEDT 2018 com.google.javascript.rhino.jstype.FunctionType,556
Mon Jan 15 13:51:22 AEDT 2018 Mon Jan 15 13:51:22 AEDT 2018 : com.google.javascript.rhino.jstype.JSTypeRegistry,695=>Find no block
Mon Jan 15 13:51:27 AEDT 2018 com.google.javascript.jscomp.TypedScopeCreator,768
Mon Jan 15 13:54:23 AEDT 2018 com.google.javascript.jscomp.TypedScopeCreator,1421
Mon Jan 15 13:56:06 AEDT 2018 com.google.javascript.jscomp.TypedScopeCreator,1422
Mon Jan 15 13:56:11 AEDT 2018 com.google.javascript.jscomp.Scope,505
Mon Jan 15 14:07:50 AEDT 2018 com.google.javascript.jscomp.Scope,506
Mon Jan 15 14:07:56 AEDT 2018 com.google.javascript.jscomp.Scope,507
Mon Jan 15 14:08:02 AEDT 2018 Mon Jan 15 14:08:02 AEDT 2018 : com.google.javascript.jscomp.Scope,508=>Find no block
Mon Jan 15 14:08:08 AEDT 2018 com.google.javascript.jscomp.TypeInference,572
Mon Jan 15 14:09:45 AEDT 2018 com.google.javascript.rhino.jstype.FunctionType,558
Mon Jan 15 14:10:34 AEDT 2018 com.google.javascript.rhino.jstype.FunctionType,559
Mon Jan 15 14:10:39 AEDT 2018 com.google.javascript.rhino.jstype.FunctionType,500
Mon Jan 15 14:16:41 AEDT 2018 com.google.javascript.rhino.jstype.FunctionType,501
Mon Jan 15 14:21:35 AEDT 2018 com.google.javascript.rhino.jstype.FunctionType,510
Mon Jan 15 14:21:40 AEDT 2018 com.google.javascript.rhino.jstype.FunctionType,511
Mon Jan 15 14:21:45 AEDT 2018 com.google.javascript.rhino.jstype.FunctionType,512
Mon Jan 15 14:21:50 AEDT 2018 com.google.javascript.rhino.jstype.FunctionType,514
Mon Jan 15 14:21:55 AEDT 2018 com.google.javascript.rhino.jstype.FunctionType,515
Mon Jan 15 14:22:00 AEDT 2018 com.google.javascript.rhino.jstype.FunctionType,517
Mon Jan 15 14:22:06 AEDT 2018 com.google.javascript.rhino.jstype.FunctionType,524
Mon Jan 15 14:23:59 AEDT 2018 com.google.javascript.jscomp.TypedScopeCreator,1413
Mon Jan 15 14:24:04 AEDT 2018 com.google.javascript.rhino.jstype.JSType,706
Mon Jan 15 14:25:51 AEDT 2018 com.google.javascript.jscomp.TypedScopeCreator,1406
Mon Jan 15 14:29:21 AEDT 2018 com.google.javascript.jscomp.TypedScopeCreator,1407
Mon Jan 15 14:29:22 AEDT 2018 com.google.javascript.rhino.jstype.NamedType,300
Mon Jan 15 14:29:51 AEDT 2018 com.google.javascript.rhino.jstype.FunctionType,553
Mon Jan 15 14:31:50 AEDT 2018 com.google.javascript.rhino.jstype.FunctionType,554
Mon Jan 15 14:31:51 AEDT 2018 com.google.javascript.rhino.jstype.FunctionType,555
Mon Jan 15 14:31:51 AEDT 2018 com.google.javascript.jscomp.NodeUtil,3160
Timeout time : 18/01/15 14:32
Current failed test : com.google.javascript.jscomp.TypedScopeCreatorTest::testPropertyOnUnknownSuperClass2_purify_2 | 18/01/15 14:32
Mon Jan 15 14:32:22 AEDT 2018 com.google.javascript.jscomp.TypedScopeCreator,1419
Mon Jan 15 14:32:30 AEDT 2018 com.google.javascript.rhino.jstype.FunctionType,556
Mon Jan 15 14:33:02 AEDT 2018 Mon Jan 15 14:33:02 AEDT 2018 : com.google.javascript.rhino.jstype.JSTypeRegistry,695=>Find no block
Mon Jan 15 14:33:03 AEDT 2018 com.google.javascript.jscomp.TypedScopeCreator,768
Mon Jan 15 14:35:18 AEDT 2018 com.google.javascript.jscomp.TypedScopeCreator,1421
Mon Jan 15 14:36:36 AEDT 2018 com.google.javascript.jscomp.TypedScopeCreator,1422
Mon Jan 15 14:36:37 AEDT 2018 com.google.javascript.jscomp.Scope,505
Mon Jan 15 14:46:05 AEDT 2018 com.google.javascript.jscomp.Scope,506
Mon Jan 15 14:46:06 AEDT 2018 com.google.javascript.jscomp.Scope,507
Mon Jan 15 14:46:06 AEDT 2018 Mon Jan 15 14:46:06 AEDT 2018 : com.google.javascript.jscomp.Scope,508=>Find no block
Mon Jan 15 14:46:07 AEDT 2018 com.google.javascript.jscomp.TypeInference,572
Mon Jan 15 14:47:21 AEDT 2018 com.google.javascript.rhino.jstype.FunctionType,558
Mon Jan 15 14:47:55 AEDT 2018 com.google.javascript.rhino.jstype.FunctionType,559
Mon Jan 15 14:47:56 AEDT 2018 com.google.javascript.rhino.jstype.FunctionType,500
Mon Jan 15 14:52:45 AEDT 2018 com.google.javascript.rhino.jstype.FunctionType,501
Mon Jan 15 14:56:41 AEDT 2018 com.google.javascript.rhino.jstype.FunctionType,510
Mon Jan 15 14:56:42 AEDT 2018 com.google.javascript.rhino.jstype.FunctionType,511
Mon Jan 15 14:56:43 AEDT 2018 com.google.javascript.rhino.jstype.FunctionType,512
Mon Jan 15 14:56:44 AEDT 2018 com.google.javascript.rhino.jstype.FunctionType,514
Mon Jan 15 14:56:46 AEDT 2018 com.google.javascript.rhino.jstype.FunctionType,515
Mon Jan 15 14:56:47 AEDT 2018 com.google.javascript.rhino.jstype.FunctionType,517
Mon Jan 15 14:56:48 AEDT 2018 com.google.javascript.rhino.jstype.FunctionType,524
Mon Jan 15 14:58:14 AEDT 2018 com.google.javascript.jscomp.TypedScopeCreator,1413
Mon Jan 15 14:58:15 AEDT 2018 com.google.javascript.rhino.jstype.JSType,706
Mon Jan 15 14:59:37 AEDT 2018 com.google.javascript.jscomp.TypedScopeCreator,1406
Mon Jan 15 15:03:05 AEDT 2018 com.google.javascript.jscomp.TypedScopeCreator,1407
Mon Jan 15 15:03:06 AEDT 2018 com.google.javascript.rhino.jstype.NamedType,300
Mon Jan 15 15:03:35 AEDT 2018 com.google.javascript.rhino.jstype.FunctionType,553
Mon Jan 15 15:05:29 AEDT 2018 com.google.javascript.rhino.jstype.FunctionType,554
Mon Jan 15 15:05:30 AEDT 2018 com.google.javascript.rhino.jstype.FunctionType,555
Mon Jan 15 15:05:31 AEDT 2018 com.google.javascript.jscomp.NodeUtil,3160
Mon Jan 15 15:07:06 AEDT 2018 com.google.javascript.jscomp.TypeCheck,882
Mon Jan 15 15:08:39 AEDT 2018 com.google.javascript.jscomp.TypeCheck,883
Mon Jan 15 15:08:40 AEDT 2018 com.google.javascript.jscomp.TypeCheck,880
Mon Jan 15 15:12:47 AEDT 2018 com.google.javascript.jscomp.TypeCheck,881
Mon Jan 15 15:12:52 AEDT 2018 com.google.javascript.jscomp.TypeCheck,1302
Timeout time : 18/01/15 15:14
Current failed test : com.google.javascript.jscomp.TypedScopeCreatorTest::testPropertyOnUnknownSuperClass2_purify_3 | 18/01/15 15:14
Mon Jan 15 15:14:43 AEDT 2018 com.google.javascript.jscomp.TypedScopeCreator,1419
Mon Jan 15 15:14:59 AEDT 2018 com.google.javascript.rhino.jstype.FunctionType,556
Mon Jan 15 15:15:45 AEDT 2018 Mon Jan 15 15:15:45 AEDT 2018 : com.google.javascript.rhino.jstype.JSTypeRegistry,695=>Find no block
Mon Jan 15 15:15:51 AEDT 2018 com.google.javascript.jscomp.TypedScopeCreator,768
Mon Jan 15 15:18:45 AEDT 2018 com.google.javascript.jscomp.TypedScopeCreator,1421
Mon Jan 15 15:20:28 AEDT 2018 com.google.javascript.jscomp.TypedScopeCreator,1422
Mon Jan 15 15:20:33 AEDT 2018 com.google.javascript.jscomp.Scope,505
Mon Jan 15 15:32:37 AEDT 2018 com.google.javascript.jscomp.Scope,506
Mon Jan 15 15:32:43 AEDT 2018 com.google.javascript.jscomp.Scope,507
Mon Jan 15 15:32:49 AEDT 2018 Mon Jan 15 15:32:49 AEDT 2018 : com.google.javascript.jscomp.Scope,508=>Find no block
Mon Jan 15 15:32:54 AEDT 2018 com.google.javascript.jscomp.TypeInference,572
Mon Jan 15 15:34:37 AEDT 2018 com.google.javascript.rhino.jstype.FunctionType,558
Mon Jan 15 15:35:28 AEDT 2018 com.google.javascript.rhino.jstype.FunctionType,559
Mon Jan 15 15:35:34 AEDT 2018 com.google.javascript.rhino.jstype.FunctionType,500
Mon Jan 15 15:42:06 AEDT 2018 com.google.javascript.rhino.jstype.FunctionType,501
Mon Jan 15 15:47:29 AEDT 2018 com.google.javascript.rhino.jstype.FunctionType,510
Mon Jan 15 15:47:34 AEDT 2018 com.google.javascript.rhino.jstype.FunctionType,511
Mon Jan 15 15:47:40 AEDT 2018 com.google.javascript.rhino.jstype.FunctionType,512
Mon Jan 15 15:47:45 AEDT 2018 com.google.javascript.rhino.jstype.FunctionType,514
Mon Jan 15 15:47:51 AEDT 2018 com.google.javascript.rhino.jstype.FunctionType,515
Mon Jan 15 15:47:57 AEDT 2018 com.google.javascript.rhino.jstype.FunctionType,517
Mon Jan 15 15:48:04 AEDT 2018 com.google.javascript.rhino.jstype.FunctionType,524
Mon Jan 15 15:50:00 AEDT 2018 com.google.javascript.jscomp.TypedScopeCreator,1413
Mon Jan 15 15:50:06 AEDT 2018 com.google.javascript.rhino.jstype.JSType,706
Mon Jan 15 15:51:59 AEDT 2018 com.google.javascript.jscomp.TypedScopeCreator,1406
Mon Jan 15 15:56:32 AEDT 2018 com.google.javascript.jscomp.TypedScopeCreator,1407
Mon Jan 15 15:56:38 AEDT 2018 com.google.javascript.rhino.jstype.NamedType,300
Timeout time : 18/01/15 15:56
Current failed test : com.google.javascript.jscomp.TypedScopeCreatorTest::testPropertyOnUnknownSuperClass2_purify_4 | 18/01/15 15:56
Mon Jan 15 15:57:06 AEDT 2018 com.google.javascript.jscomp.TypedScopeCreator,1419
Mon Jan 15 15:57:24 AEDT 2018 com.google.javascript.rhino.jstype.FunctionType,556
Mon Jan 15 15:58:12 AEDT 2018 Mon Jan 15 15:58:12 AEDT 2018 : com.google.javascript.rhino.jstype.JSTypeRegistry,695=>Find no block
Mon Jan 15 15:58:17 AEDT 2018 com.google.javascript.jscomp.TypedScopeCreator,768
Mon Jan 15 16:01:24 AEDT 2018 com.google.javascript.jscomp.TypedScopeCreator,1421
Mon Jan 15 16:03:08 AEDT 2018 com.google.javascript.jscomp.TypedScopeCreator,1422
Mon Jan 15 16:03:13 AEDT 2018 com.google.javascript.jscomp.Scope,505
Mon Jan 15 16:15:07 AEDT 2018 com.google.javascript.jscomp.Scope,506
Mon Jan 15 16:15:12 AEDT 2018 com.google.javascript.jscomp.Scope,507
Mon Jan 15 16:15:18 AEDT 2018 Mon Jan 15 16:15:18 AEDT 2018 : com.google.javascript.jscomp.Scope,508=>Find no block
Mon Jan 15 16:15:24 AEDT 2018 com.google.javascript.jscomp.TypeInference,572
Mon Jan 15 16:17:05 AEDT 2018 com.google.javascript.rhino.jstype.FunctionType,558
Mon Jan 15 16:17:56 AEDT 2018 com.google.javascript.rhino.jstype.FunctionType,559
Mon Jan 15 16:18:02 AEDT 2018 com.google.javascript.rhino.jstype.FunctionType,500
Mon Jan 15 16:24:14 AEDT 2018 com.google.javascript.rhino.jstype.FunctionType,501
Mon Jan 15 16:29:12 AEDT 2018 com.google.javascript.rhino.jstype.FunctionType,510
Mon Jan 15 16:29:18 AEDT 2018 com.google.javascript.rhino.jstype.FunctionType,511
Mon Jan 15 16:29:23 AEDT 2018 com.google.javascript.rhino.jstype.FunctionType,512
Mon Jan 15 16:29:29 AEDT 2018 com.google.javascript.rhino.jstype.FunctionType,514
Mon Jan 15 16:29:34 AEDT 2018 com.google.javascript.rhino.jstype.FunctionType,515
Mon Jan 15 16:29:39 AEDT 2018 com.google.javascript.rhino.jstype.FunctionType,517
Mon Jan 15 16:29:44 AEDT 2018 com.google.javascript.rhino.jstype.FunctionType,524
Mon Jan 15 16:31:41 AEDT 2018 com.google.javascript.jscomp.TypedScopeCreator,1413
Mon Jan 15 16:31:46 AEDT 2018 com.google.javascript.rhino.jstype.JSType,706
Mon Jan 15 16:33:35 AEDT 2018 com.google.javascript.jscomp.TypedScopeCreator,1406
Mon Jan 15 16:37:31 AEDT 2018 com.google.javascript.jscomp.TypedScopeCreator,1407
Mon Jan 15 16:37:32 AEDT 2018 com.google.javascript.rhino.jstype.NamedType,300
Mon Jan 15 16:38:00 AEDT 2018 com.google.javascript.rhino.jstype.FunctionType,553
Timeout time : 18/01/15 16:39
Current failed test : com.google.javascript.jscomp.TypedScopeCreatorTest::testPropertyOnUnknownSuperClass2_purify_5 | 18/01/15 16:39
Mon Jan 15 16:39:07 AEDT 2018 com.google.javascript.jscomp.TypedScopeCreator,1419
Mon Jan 15 16:39:13 AEDT 2018 com.google.javascript.rhino.jstype.FunctionType,556
Mon Jan 15 16:39:44 AEDT 2018 Mon Jan 15 16:39:44 AEDT 2018 : com.google.javascript.rhino.jstype.JSTypeRegistry,695=>Find no block
Mon Jan 15 16:39:45 AEDT 2018 com.google.javascript.jscomp.TypedScopeCreator,768
Mon Jan 15 16:41:57 AEDT 2018 com.google.javascript.jscomp.TypedScopeCreator,1421
Mon Jan 15 16:43:12 AEDT 2018 com.google.javascript.jscomp.TypedScopeCreator,1422
Mon Jan 15 16:43:13 AEDT 2018 com.google.javascript.jscomp.Scope,505
Mon Jan 15 16:52:34 AEDT 2018 com.google.javascript.jscomp.Scope,506
Mon Jan 15 16:52:35 AEDT 2018 com.google.javascript.jscomp.Scope,507
Mon Jan 15 16:52:35 AEDT 2018 Mon Jan 15 16:52:35 AEDT 2018 : com.google.javascript.jscomp.Scope,508=>Find no block
Mon Jan 15 16:52:36 AEDT 2018 com.google.javascript.jscomp.TypeInference,572
Mon Jan 15 16:53:49 AEDT 2018 com.google.javascript.rhino.jstype.FunctionType,558
Mon Jan 15 16:54:27 AEDT 2018 com.google.javascript.rhino.jstype.FunctionType,559
Mon Jan 15 16:54:32 AEDT 2018 com.google.javascript.rhino.jstype.FunctionType,500
Mon Jan 15 16:59:36 AEDT 2018 com.google.javascript.rhino.jstype.FunctionType,501
Mon Jan 15 17:03:35 AEDT 2018 com.google.javascript.rhino.jstype.FunctionType,510
Mon Jan 15 17:03:36 AEDT 2018 com.google.javascript.rhino.jstype.FunctionType,511
Mon Jan 15 17:03:37 AEDT 2018 com.google.javascript.rhino.jstype.FunctionType,512
Mon Jan 15 17:03:38 AEDT 2018 com.google.javascript.rhino.jstype.FunctionType,514
Mon Jan 15 17:03:39 AEDT 2018 com.google.javascript.rhino.jstype.FunctionType,515
Mon Jan 15 17:03:40 AEDT 2018 com.google.javascript.rhino.jstype.FunctionType,517
Mon Jan 15 17:03:41 AEDT 2018 com.google.javascript.rhino.jstype.FunctionType,524
Mon Jan 15 17:05:07 AEDT 2018 com.google.javascript.jscomp.TypedScopeCreator,1413
Mon Jan 15 17:05:08 AEDT 2018 com.google.javascript.rhino.jstype.JSType,706
Mon Jan 15 17:06:33 AEDT 2018 com.google.javascript.jscomp.TypedScopeCreator,1406
Mon Jan 15 17:10:00 AEDT 2018 com.google.javascript.jscomp.TypedScopeCreator,1407
Mon Jan 15 17:10:01 AEDT 2018 com.google.javascript.rhino.jstype.NamedType,300
Mon Jan 15 17:10:30 AEDT 2018 com.google.javascript.rhino.jstype.FunctionType,553
Mon Jan 15 17:12:24 AEDT 2018 com.google.javascript.rhino.jstype.FunctionType,554
Mon Jan 15 17:12:25 AEDT 2018 com.google.javascript.rhino.jstype.FunctionType,555
Mon Jan 15 17:12:26 AEDT 2018 com.google.javascript.jscomp.NodeUtil,3160
Mon Jan 15 17:13:58 AEDT 2018 com.google.javascript.jscomp.TypeCheck,882
Mon Jan 15 17:15:31 AEDT 2018 com.google.javascript.jscomp.TypeCheck,883
Mon Jan 15 17:15:32 AEDT 2018 com.google.javascript.jscomp.TypeCheck,880
Mon Jan 15 17:19:33 AEDT 2018 com.google.javascript.jscomp.TypeCheck,881
Mon Jan 15 17:19:34 AEDT 2018 com.google.javascript.jscomp.TypeCheck,1302
Mon Jan 15 17:20:47 AEDT 2018 com.google.javascript.rhino.jstype.JSTypeRegistry,697
Timeout time : 18/01/15 17:21
Current failed test : com.google.javascript.jscomp.TypeCheckTest::testIssue537a | 18/01/15 17:21
Mon Jan 15 17:21:15 AEDT 2018 com.google.javascript.jscomp.TypedScopeCreator,1419
Mon Jan 15 17:21:20 AEDT 2018 com.google.javascript.rhino.jstype.FunctionType,556
Mon Jan 15 17:21:51 AEDT 2018 Mon Jan 15 17:21:51 AEDT 2018 : com.google.javascript.rhino.jstype.JSTypeRegistry,695=>Find no block
Mon Jan 15 17:21:52 AEDT 2018 com.google.javascript.jscomp.TypedScopeCreator,768
Mon Jan 15 17:24:04 AEDT 2018 com.google.javascript.jscomp.TypedScopeCreator,1421
Mon Jan 15 17:25:20 AEDT 2018 com.google.javascript.jscomp.TypedScopeCreator,1422
Mon Jan 15 17:25:21 AEDT 2018 com.google.javascript.jscomp.Scope,505
Mon Jan 15 17:34:48 AEDT 2018 com.google.javascript.jscomp.Scope,506
Mon Jan 15 17:34:49 AEDT 2018 com.google.javascript.jscomp.Scope,507
Mon Jan 15 17:34:50 AEDT 2018 Mon Jan 15 17:34:50 AEDT 2018 : com.google.javascript.jscomp.Scope,508=>Find no block
Mon Jan 15 17:34:51 AEDT 2018 com.google.javascript.jscomp.TypeInference,572
Mon Jan 15 17:36:04 AEDT 2018 com.google.javascript.rhino.jstype.FunctionType,558
Mon Jan 15 17:36:37 AEDT 2018 com.google.javascript.rhino.jstype.FunctionType,559
Mon Jan 15 17:36:37 AEDT 2018 com.google.javascript.rhino.jstype.FunctionType,500
Mon Jan 15 17:41:27 AEDT 2018 com.google.javascript.rhino.jstype.FunctionType,501
Mon Jan 15 17:45:24 AEDT 2018 com.google.javascript.rhino.jstype.FunctionType,510
Mon Jan 15 17:45:25 AEDT 2018 com.google.javascript.rhino.jstype.FunctionType,511
Mon Jan 15 17:45:26 AEDT 2018 com.google.javascript.rhino.jstype.FunctionType,512
Mon Jan 15 17:45:26 AEDT 2018 com.google.javascript.rhino.jstype.FunctionType,514
Mon Jan 15 17:45:27 AEDT 2018 com.google.javascript.rhino.jstype.FunctionType,515
Mon Jan 15 17:45:28 AEDT 2018 com.google.javascript.rhino.jstype.FunctionType,517
Mon Jan 15 17:45:29 AEDT 2018 com.google.javascript.rhino.jstype.FunctionType,524
Mon Jan 15 17:46:55 AEDT 2018 com.google.javascript.jscomp.TypedScopeCreator,1413
Mon Jan 15 17:46:56 AEDT 2018 com.google.javascript.rhino.jstype.JSType,706
Mon Jan 15 17:48:18 AEDT 2018 com.google.javascript.jscomp.TypedScopeCreator,1406
Mon Jan 15 17:51:48 AEDT 2018 com.google.javascript.jscomp.TypedScopeCreator,1407
Mon Jan 15 17:51:49 AEDT 2018 com.google.javascript.rhino.jstype.NamedType,300
Mon Jan 15 17:52:17 AEDT 2018 com.google.javascript.rhino.jstype.FunctionType,553
Mon Jan 15 17:54:17 AEDT 2018 com.google.javascript.rhino.jstype.FunctionType,554
Mon Jan 15 17:54:18 AEDT 2018 com.google.javascript.rhino.jstype.FunctionType,555
Mon Jan 15 17:54:19 AEDT 2018 com.google.javascript.jscomp.NodeUtil,3160
Mon Jan 15 17:55:52 AEDT 2018 com.google.javascript.jscomp.TypeCheck,882
Mon Jan 15 17:57:28 AEDT 2018 com.google.javascript.jscomp.TypeCheck,883
Mon Jan 15 17:57:29 AEDT 2018 com.google.javascript.jscomp.TypeCheck,880
Mon Jan 15 18:01:32 AEDT 2018 com.google.javascript.jscomp.TypeCheck,881
Mon Jan 15 18:01:33 AEDT 2018 com.google.javascript.jscomp.TypeCheck,1302
Mon Jan 15 18:02:46 AEDT 2018 com.google.javascript.rhino.jstype.JSTypeRegistry,697
Timeout time : 18/01/15 18:03
Current failed test : com.google.javascript.jscomp.TypeCheckTest::testIssue537b | 18/01/15 18:03
Mon Jan 15 18:03:22 AEDT 2018 com.google.javascript.jscomp.TypedScopeCreator,1419
Mon Jan 15 18:03:28 AEDT 2018 com.google.javascript.rhino.jstype.FunctionType,556
Mon Jan 15 18:03:59 AEDT 2018 Mon Jan 15 18:03:59 AEDT 2018 : com.google.javascript.rhino.jstype.JSTypeRegistry,695=>Find no block
Mon Jan 15 18:04:01 AEDT 2018 com.google.javascript.jscomp.TypedScopeCreator,768
Mon Jan 15 18:06:16 AEDT 2018 com.google.javascript.jscomp.TypedScopeCreator,1421
Mon Jan 15 18:07:32 AEDT 2018 com.google.javascript.jscomp.TypedScopeCreator,1422
Mon Jan 15 18:07:33 AEDT 2018 com.google.javascript.jscomp.Scope,505
Mon Jan 15 18:17:05 AEDT 2018 com.google.javascript.jscomp.Scope,506
Mon Jan 15 18:17:06 AEDT 2018 com.google.javascript.jscomp.Scope,507
Mon Jan 15 18:17:07 AEDT 2018 Mon Jan 15 18:17:07 AEDT 2018 : com.google.javascript.jscomp.Scope,508=>Find no block
Mon Jan 15 18:17:08 AEDT 2018 com.google.javascript.jscomp.TypeInference,572
Mon Jan 15 18:18:23 AEDT 2018 com.google.javascript.rhino.jstype.FunctionType,558
Mon Jan 15 18:18:56 AEDT 2018 com.google.javascript.rhino.jstype.FunctionType,559
Mon Jan 15 18:18:58 AEDT 2018 com.google.javascript.rhino.jstype.FunctionType,500
Mon Jan 15 18:23:51 AEDT 2018 com.google.javascript.rhino.jstype.FunctionType,501
Mon Jan 15 18:27:52 AEDT 2018 com.google.javascript.rhino.jstype.FunctionType,510
Mon Jan 15 18:27:53 AEDT 2018 com.google.javascript.rhino.jstype.FunctionType,511
Mon Jan 15 18:27:54 AEDT 2018 com.google.javascript.rhino.jstype.FunctionType,512
Mon Jan 15 18:27:55 AEDT 2018 com.google.javascript.rhino.jstype.FunctionType,514
Mon Jan 15 18:27:56 AEDT 2018 com.google.javascript.rhino.jstype.FunctionType,515
Mon Jan 15 18:27:57 AEDT 2018 com.google.javascript.rhino.jstype.FunctionType,517
Mon Jan 15 18:27:57 AEDT 2018 com.google.javascript.rhino.jstype.FunctionType,524
Mon Jan 15 18:29:24 AEDT 2018 com.google.javascript.jscomp.TypedScopeCreator,1413
Mon Jan 15 18:29:25 AEDT 2018 com.google.javascript.rhino.jstype.JSType,706
Mon Jan 15 18:30:50 AEDT 2018 com.google.javascript.jscomp.TypedScopeCreator,1406
Mon Jan 15 18:34:19 AEDT 2018 com.google.javascript.jscomp.TypedScopeCreator,1407
Mon Jan 15 18:34:20 AEDT 2018 com.google.javascript.rhino.jstype.NamedType,300
Mon Jan 15 18:34:49 AEDT 2018 com.google.javascript.rhino.jstype.FunctionType,553
Mon Jan 15 18:36:46 AEDT 2018 com.google.javascript.rhino.jstype.FunctionType,554
Mon Jan 15 18:36:47 AEDT 2018 com.google.javascript.rhino.jstype.FunctionType,555
Mon Jan 15 18:36:48 AEDT 2018 com.google.javascript.jscomp.NodeUtil,3160
Mon Jan 15 18:38:22 AEDT 2018 com.google.javascript.jscomp.TypeCheck,882
Mon Jan 15 18:39:57 AEDT 2018 com.google.javascript.jscomp.TypeCheck,883
Mon Jan 15 18:39:58 AEDT 2018 com.google.javascript.jscomp.TypeCheck,880
Mon Jan 15 18:44:01 AEDT 2018 com.google.javascript.jscomp.TypeCheck,881
Mon Jan 15 18:44:02 AEDT 2018 com.google.javascript.jscomp.TypeCheck,1302
Mon Jan 15 18:45:15 AEDT 2018 com.google.javascript.rhino.jstype.JSTypeRegistry,697
Timeout time : 18/01/15 18:45
