=================================================
Project : closure_60	start : 18/01/15 23:51
Current failed test : com.google.javascript.jscomp.NodeUtilTest::testGetBooleanValue_purify_1 | 18/01/15 23:52
Mon Jan 15 23:53:02 AEDT 2018 com.google.javascript.rhino.Node,1500
Mon Jan 15 23:53:08 AEDT 2018 com.google.javascript.rhino.Node,1529
Mon Jan 15 23:53:13 AEDT 2018 com.google.javascript.rhino.Node,1542
Mon Jan 15 23:53:17 AEDT 2018 Mon Jan 15 23:53:17 AEDT 2018 : com.google.javascript.rhino.jstype.TernaryValue,159=>Find no block
Mon Jan 15 23:53:18 AEDT 2018 Mon Jan 15 23:53:18 AEDT 2018 : com.google.javascript.rhino.Node,2384=>Find no block
Mon Jan 15 23:53:19 AEDT 2018 com.google.javascript.rhino.Node,2385
Mon Jan 15 23:53:23 AEDT 2018 com.google.javascript.rhino.Node,2386
Mon Jan 15 23:53:24 AEDT 2018 Mon Jan 15 23:53:24 AEDT 2018 : com.google.javascript.rhino.Node,2387=>Find no block
Mon Jan 15 23:53:25 AEDT 2018 com.google.javascript.jscomp.PeepholeFoldConstants,158
Mon Jan 15 23:54:28 AEDT 2018 com.google.javascript.jscomp.NodeUtil,136
Mon Jan 15 23:54:39 AEDT 2018 com.google.javascript.jscomp.PeepholeReplaceKnownMethods,130
Mon Jan 15 23:54:45 AEDT 2018 com.google.javascript.jscomp.PeepholeReplaceKnownMethods,138
Mon Jan 15 23:57:27 AEDT 2018 com.google.javascript.rhino.Node,240
Mon Jan 15 23:57:39 AEDT 2018 com.google.javascript.jscomp.PureFunctionIdentifier,228
Mon Jan 15 23:58:05 AEDT 2018 com.google.javascript.jscomp.PureFunctionIdentifier,238
Mon Jan 15 23:58:06 AEDT 2018 com.google.javascript.jscomp.NodeUtil,123
Tue Jan 16 00:01:06 AEDT 2018 com.google.javascript.jscomp.DefaultPassConfig,226
Tue Jan 16 00:05:24 AEDT 2018 com.google.javascript.jscomp.DefaultPassConfig,341
Tue Jan 16 00:06:09 AEDT 2018 com.google.javascript.jscomp.DefaultPassConfig,364
Timeout time : 18/01/16 00:09
Current failed test : com.google.javascript.jscomp.NodeUtilTest::testGetBooleanValue_purify_2 | 18/01/16 00:09
Tue Jan 16 00:09:10 AEDT 2018 com.google.javascript.rhino.Node,1500
Tue Jan 16 00:09:16 AEDT 2018 com.google.javascript.rhino.Node,1529
Tue Jan 16 00:09:20 AEDT 2018 com.google.javascript.rhino.Node,1542
Tue Jan 16 00:09:24 AEDT 2018 Tue Jan 16 00:09:24 AEDT 2018 : com.google.javascript.rhino.jstype.TernaryValue,159=>Find no block
Tue Jan 16 00:09:25 AEDT 2018 Tue Jan 16 00:09:25 AEDT 2018 : com.google.javascript.rhino.Node,2384=>Find no block
Tue Jan 16 00:09:25 AEDT 2018 com.google.javascript.rhino.Node,2385
Tue Jan 16 00:09:30 AEDT 2018 com.google.javascript.rhino.Node,2386
Tue Jan 16 00:09:31 AEDT 2018 Tue Jan 16 00:09:31 AEDT 2018 : com.google.javascript.rhino.Node,2387=>Find no block
Tue Jan 16 00:09:31 AEDT 2018 com.google.javascript.jscomp.PeepholeFoldConstants,158
Tue Jan 16 00:10:35 AEDT 2018 com.google.javascript.jscomp.NodeUtil,136
Tue Jan 16 00:10:46 AEDT 2018 com.google.javascript.jscomp.PeepholeReplaceKnownMethods,130
Tue Jan 16 00:10:52 AEDT 2018 com.google.javascript.jscomp.PeepholeReplaceKnownMethods,138
Tue Jan 16 00:13:24 AEDT 2018 com.google.javascript.rhino.Node,240
Tue Jan 16 00:13:34 AEDT 2018 com.google.javascript.jscomp.PureFunctionIdentifier,228
Tue Jan 16 00:14:01 AEDT 2018 com.google.javascript.jscomp.PureFunctionIdentifier,238
Tue Jan 16 00:14:02 AEDT 2018 com.google.javascript.jscomp.NodeUtil,123
Tue Jan 16 00:17:06 AEDT 2018 com.google.javascript.jscomp.DefaultPassConfig,226
Tue Jan 16 00:21:53 AEDT 2018 com.google.javascript.jscomp.DefaultPassConfig,341
Tue Jan 16 00:23:00 AEDT 2018 com.google.javascript.jscomp.DefaultPassConfig,364
Timeout time : 18/01/16 00:25
Current failed test : com.google.javascript.jscomp.NodeUtilTest::testGetBooleanValue_purify_3 | 18/01/16 00:25
Tue Jan 16 00:25:22 AEDT 2018 com.google.javascript.rhino.Node,1500
Tue Jan 16 00:25:27 AEDT 2018 com.google.javascript.rhino.Node,1529
Tue Jan 16 00:25:30 AEDT 2018 com.google.javascript.rhino.Node,1542
Tue Jan 16 00:25:34 AEDT 2018 Tue Jan 16 00:25:34 AEDT 2018 : com.google.javascript.rhino.jstype.TernaryValue,159=>Find no block
Tue Jan 16 00:25:35 AEDT 2018 Tue Jan 16 00:25:35 AEDT 2018 : com.google.javascript.rhino.Node,2384=>Find no block
Tue Jan 16 00:25:35 AEDT 2018 com.google.javascript.rhino.Node,2385
Tue Jan 16 00:25:39 AEDT 2018 com.google.javascript.rhino.Node,2386
Tue Jan 16 00:25:40 AEDT 2018 Tue Jan 16 00:25:40 AEDT 2018 : com.google.javascript.rhino.Node,2387=>Find no block
Tue Jan 16 00:25:41 AEDT 2018 com.google.javascript.jscomp.PeepholeFoldConstants,158
Tue Jan 16 00:27:10 AEDT 2018 com.google.javascript.jscomp.NodeUtil,136
Tue Jan 16 00:27:19 AEDT 2018 com.google.javascript.jscomp.PeepholeReplaceKnownMethods,130
Tue Jan 16 00:27:25 AEDT 2018 com.google.javascript.jscomp.PeepholeReplaceKnownMethods,138
Tue Jan 16 00:30:58 AEDT 2018 com.google.javascript.rhino.Node,240
Tue Jan 16 00:31:07 AEDT 2018 com.google.javascript.jscomp.PureFunctionIdentifier,228
Tue Jan 16 00:31:38 AEDT 2018 com.google.javascript.jscomp.PureFunctionIdentifier,238
Tue Jan 16 00:31:39 AEDT 2018 com.google.javascript.jscomp.NodeUtil,123
Tue Jan 16 00:35:40 AEDT 2018 com.google.javascript.jscomp.DefaultPassConfig,226
Tue Jan 16 00:41:19 AEDT 2018 com.google.javascript.jscomp.DefaultPassConfig,341
Timeout time : 18/01/16 00:41
Current failed test : com.google.javascript.jscomp.NodeUtilTest::testGetBooleanValue_purify_4 | 18/01/16 00:41
Tue Jan 16 00:41:30 AEDT 2018 com.google.javascript.rhino.Node,1500
Tue Jan 16 00:41:37 AEDT 2018 com.google.javascript.rhino.Node,1529
Tue Jan 16 00:41:40 AEDT 2018 com.google.javascript.rhino.Node,1542
Tue Jan 16 00:41:44 AEDT 2018 Tue Jan 16 00:41:44 AEDT 2018 : com.google.javascript.rhino.jstype.TernaryValue,159=>Find no block
Tue Jan 16 00:41:45 AEDT 2018 Tue Jan 16 00:41:45 AEDT 2018 : com.google.javascript.rhino.Node,2384=>Find no block
Tue Jan 16 00:41:45 AEDT 2018 com.google.javascript.rhino.Node,2385
Tue Jan 16 00:41:49 AEDT 2018 com.google.javascript.rhino.Node,2386
Tue Jan 16 00:41:50 AEDT 2018 Tue Jan 16 00:41:50 AEDT 2018 : com.google.javascript.rhino.Node,2387=>Find no block
Tue Jan 16 00:41:51 AEDT 2018 com.google.javascript.jscomp.PeepholeFoldConstants,158
Tue Jan 16 00:42:55 AEDT 2018 com.google.javascript.jscomp.NodeUtil,136
Tue Jan 16 00:43:07 AEDT 2018 com.google.javascript.jscomp.PeepholeReplaceKnownMethods,130
Tue Jan 16 00:43:15 AEDT 2018 com.google.javascript.jscomp.PeepholeReplaceKnownMethods,138
Tue Jan 16 00:45:47 AEDT 2018 com.google.javascript.rhino.Node,240
Tue Jan 16 00:45:58 AEDT 2018 com.google.javascript.jscomp.PureFunctionIdentifier,228
Tue Jan 16 00:46:25 AEDT 2018 com.google.javascript.jscomp.PureFunctionIdentifier,238
Tue Jan 16 00:46:26 AEDT 2018 com.google.javascript.jscomp.NodeUtil,123
Tue Jan 16 00:49:27 AEDT 2018 com.google.javascript.jscomp.DefaultPassConfig,226
Tue Jan 16 00:53:44 AEDT 2018 com.google.javascript.jscomp.DefaultPassConfig,341
Tue Jan 16 00:54:45 AEDT 2018 com.google.javascript.jscomp.DefaultPassConfig,364
Timeout time : 18/01/16 00:57
Current failed test : com.google.javascript.jscomp.NodeUtilTest::testGetBooleanValue_purify_5 | 18/01/16 00:57
Tue Jan 16 00:57:38 AEDT 2018 com.google.javascript.rhino.Node,1500
Tue Jan 16 00:57:43 AEDT 2018 com.google.javascript.rhino.Node,1529
Tue Jan 16 00:57:46 AEDT 2018 com.google.javascript.rhino.Node,1542
Tue Jan 16 00:57:53 AEDT 2018 Tue Jan 16 00:57:53 AEDT 2018 : com.google.javascript.rhino.jstype.TernaryValue,159=>Find no block
Tue Jan 16 00:57:54 AEDT 2018 Tue Jan 16 00:57:54 AEDT 2018 : com.google.javascript.rhino.Node,2384=>Find no block
Tue Jan 16 00:57:55 AEDT 2018 com.google.javascript.rhino.Node,2385
Tue Jan 16 00:57:58 AEDT 2018 com.google.javascript.rhino.Node,2386
Tue Jan 16 00:57:59 AEDT 2018 Tue Jan 16 00:57:59 AEDT 2018 : com.google.javascript.rhino.Node,2387=>Find no block
Tue Jan 16 00:58:00 AEDT 2018 com.google.javascript.jscomp.PeepholeFoldConstants,158
Tue Jan 16 00:59:08 AEDT 2018 com.google.javascript.jscomp.NodeUtil,136
Tue Jan 16 00:59:17 AEDT 2018 com.google.javascript.jscomp.PeepholeReplaceKnownMethods,130
Tue Jan 16 00:59:24 AEDT 2018 com.google.javascript.jscomp.PeepholeReplaceKnownMethods,138
Tue Jan 16 01:02:06 AEDT 2018 com.google.javascript.rhino.Node,240
Tue Jan 16 01:02:15 AEDT 2018 com.google.javascript.jscomp.PureFunctionIdentifier,228
Tue Jan 16 01:02:41 AEDT 2018 com.google.javascript.jscomp.PureFunctionIdentifier,238
Tue Jan 16 01:02:42 AEDT 2018 com.google.javascript.jscomp.NodeUtil,123
Tue Jan 16 01:06:29 AEDT 2018 com.google.javascript.jscomp.DefaultPassConfig,226
Tue Jan 16 01:12:01 AEDT 2018 com.google.javascript.jscomp.DefaultPassConfig,341
Tue Jan 16 01:12:59 AEDT 2018 com.google.javascript.jscomp.DefaultPassConfig,364
Timeout time : 18/01/16 01:13
Current failed test : com.google.javascript.jscomp.NodeUtilTest::testGetBooleanValue_purify_6 | 18/01/16 01:13
Tue Jan 16 01:13:47 AEDT 2018 com.google.javascript.rhino.Node,1500
Tue Jan 16 01:13:52 AEDT 2018 com.google.javascript.rhino.Node,1529
Tue Jan 16 01:13:56 AEDT 2018 com.google.javascript.rhino.Node,1542
Tue Jan 16 01:13:59 AEDT 2018 Tue Jan 16 01:13:59 AEDT 2018 : com.google.javascript.rhino.jstype.TernaryValue,159=>Find no block
Tue Jan 16 01:14:00 AEDT 2018 Tue Jan 16 01:14:00 AEDT 2018 : com.google.javascript.rhino.Node,2384=>Find no block
Tue Jan 16 01:14:01 AEDT 2018 com.google.javascript.rhino.Node,2385
Tue Jan 16 01:14:05 AEDT 2018 com.google.javascript.rhino.Node,2386
Tue Jan 16 01:14:06 AEDT 2018 Tue Jan 16 01:14:06 AEDT 2018 : com.google.javascript.rhino.Node,2387=>Find no block
Tue Jan 16 01:14:07 AEDT 2018 com.google.javascript.jscomp.PeepholeFoldConstants,158
Tue Jan 16 01:15:25 AEDT 2018 com.google.javascript.jscomp.NodeUtil,136
Tue Jan 16 01:15:34 AEDT 2018 com.google.javascript.jscomp.PeepholeReplaceKnownMethods,130
Tue Jan 16 01:15:40 AEDT 2018 com.google.javascript.jscomp.PeepholeReplaceKnownMethods,138
Tue Jan 16 01:19:11 AEDT 2018 com.google.javascript.rhino.Node,240
Tue Jan 16 01:19:27 AEDT 2018 com.google.javascript.jscomp.PureFunctionIdentifier,228
Tue Jan 16 01:20:10 AEDT 2018 com.google.javascript.jscomp.PureFunctionIdentifier,238
Tue Jan 16 01:20:11 AEDT 2018 com.google.javascript.jscomp.NodeUtil,123
Tue Jan 16 01:27:12 AEDT 2018 com.google.javascript.jscomp.DefaultPassConfig,226
Timeout time : 18/01/16 01:29
Current failed test : com.google.javascript.jscomp.NodeUtilTest::testGetBooleanValue_purify_7 | 18/01/16 01:29
Tue Jan 16 01:29:58 AEDT 2018 com.google.javascript.rhino.Node,1500
Tue Jan 16 01:30:04 AEDT 2018 com.google.javascript.rhino.Node,1529
Tue Jan 16 01:30:07 AEDT 2018 com.google.javascript.rhino.Node,1542
Tue Jan 16 01:30:14 AEDT 2018 Tue Jan 16 01:30:14 AEDT 2018 : com.google.javascript.rhino.jstype.TernaryValue,159=>Find no block
Tue Jan 16 01:30:15 AEDT 2018 Tue Jan 16 01:30:15 AEDT 2018 : com.google.javascript.rhino.Node,2384=>Find no block
Tue Jan 16 01:30:16 AEDT 2018 com.google.javascript.rhino.Node,2385
Tue Jan 16 01:30:30 AEDT 2018 com.google.javascript.rhino.Node,2386
Tue Jan 16 01:30:30 AEDT 2018 Tue Jan 16 01:30:30 AEDT 2018 : com.google.javascript.rhino.Node,2387=>Find no block
Tue Jan 16 01:30:34 AEDT 2018 com.google.javascript.jscomp.PeepholeFoldConstants,158
Tue Jan 16 01:32:38 AEDT 2018 com.google.javascript.jscomp.NodeUtil,136
Tue Jan 16 01:32:52 AEDT 2018 com.google.javascript.jscomp.PeepholeReplaceKnownMethods,130
Tue Jan 16 01:32:58 AEDT 2018 com.google.javascript.jscomp.PeepholeReplaceKnownMethods,138
Tue Jan 16 01:38:43 AEDT 2018 com.google.javascript.rhino.Node,240
Tue Jan 16 01:38:50 AEDT 2018 com.google.javascript.jscomp.PureFunctionIdentifier,228
Tue Jan 16 01:40:10 AEDT 2018 com.google.javascript.jscomp.PureFunctionIdentifier,238
Tue Jan 16 01:40:11 AEDT 2018 com.google.javascript.jscomp.NodeUtil,123
Timeout time : 18/01/16 01:46
Current failed test : com.google.javascript.jscomp.NodeUtilTest::testGetBooleanValue_purify_8 | 18/01/16 01:46
Tue Jan 16 01:46:20 AEDT 2018 com.google.javascript.rhino.Node,1500
Tue Jan 16 01:46:41 AEDT 2018 com.google.javascript.rhino.Node,1529
Tue Jan 16 01:46:45 AEDT 2018 com.google.javascript.rhino.Node,1542
Tue Jan 16 01:46:49 AEDT 2018 Tue Jan 16 01:46:49 AEDT 2018 : com.google.javascript.rhino.jstype.TernaryValue,159=>Find no block
Tue Jan 16 01:46:49 AEDT 2018 Tue Jan 16 01:46:49 AEDT 2018 : com.google.javascript.rhino.Node,2384=>Find no block
Tue Jan 16 01:46:49 AEDT 2018 com.google.javascript.rhino.Node,2385
Tue Jan 16 01:46:52 AEDT 2018 com.google.javascript.rhino.Node,2386
Tue Jan 16 01:46:53 AEDT 2018 Tue Jan 16 01:46:53 AEDT 2018 : com.google.javascript.rhino.Node,2387=>Find no block
Tue Jan 16 01:46:54 AEDT 2018 com.google.javascript.jscomp.PeepholeFoldConstants,158
Tue Jan 16 01:49:18 AEDT 2018 com.google.javascript.jscomp.NodeUtil,136
Tue Jan 16 01:49:26 AEDT 2018 com.google.javascript.jscomp.PeepholeReplaceKnownMethods,130
Tue Jan 16 01:49:32 AEDT 2018 com.google.javascript.jscomp.PeepholeReplaceKnownMethods,138
Tue Jan 16 01:54:59 AEDT 2018 com.google.javascript.rhino.Node,240
Tue Jan 16 01:55:06 AEDT 2018 com.google.javascript.jscomp.PureFunctionIdentifier,228
Tue Jan 16 01:56:01 AEDT 2018 com.google.javascript.jscomp.PureFunctionIdentifier,238
Tue Jan 16 01:56:03 AEDT 2018 com.google.javascript.jscomp.NodeUtil,123
Timeout time : 18/01/16 02:02
Current failed test : com.google.javascript.jscomp.NodeUtilTest::testGetBooleanValue_purify_9 | 18/01/16 02:02
Tue Jan 16 02:02:28 AEDT 2018 com.google.javascript.rhino.Node,1500
Tue Jan 16 02:02:39 AEDT 2018 com.google.javascript.rhino.Node,1529
Tue Jan 16 02:02:43 AEDT 2018 com.google.javascript.rhino.Node,1542
Tue Jan 16 02:02:46 AEDT 2018 Tue Jan 16 02:02:46 AEDT 2018 : com.google.javascript.rhino.jstype.TernaryValue,159=>Find no block
Tue Jan 16 02:02:47 AEDT 2018 Tue Jan 16 02:02:47 AEDT 2018 : com.google.javascript.rhino.Node,2384=>Find no block
Tue Jan 16 02:02:47 AEDT 2018 com.google.javascript.rhino.Node,2385
Tue Jan 16 02:02:50 AEDT 2018 com.google.javascript.rhino.Node,2386
Tue Jan 16 02:02:51 AEDT 2018 Tue Jan 16 02:02:51 AEDT 2018 : com.google.javascript.rhino.Node,2387=>Find no block
Tue Jan 16 02:02:51 AEDT 2018 com.google.javascript.jscomp.PeepholeFoldConstants,158
Tue Jan 16 02:04:51 AEDT 2018 com.google.javascript.jscomp.NodeUtil,136
Tue Jan 16 02:04:58 AEDT 2018 com.google.javascript.jscomp.PeepholeReplaceKnownMethods,130
Tue Jan 16 02:05:06 AEDT 2018 com.google.javascript.jscomp.PeepholeReplaceKnownMethods,138
Tue Jan 16 02:10:45 AEDT 2018 com.google.javascript.rhino.Node,240
Tue Jan 16 02:10:53 AEDT 2018 com.google.javascript.jscomp.PureFunctionIdentifier,228
Tue Jan 16 02:11:53 AEDT 2018 com.google.javascript.jscomp.PureFunctionIdentifier,238
Tue Jan 16 02:11:54 AEDT 2018 com.google.javascript.jscomp.NodeUtil,123
Timeout time : 18/01/16 02:18
Current failed test : com.google.javascript.jscomp.NodeUtilTest::testGetBooleanValue_purify_10 | 18/01/16 02:18
Tue Jan 16 02:18:41 AEDT 2018 com.google.javascript.rhino.Node,1500
Tue Jan 16 02:18:52 AEDT 2018 com.google.javascript.rhino.Node,1529
Tue Jan 16 02:18:56 AEDT 2018 com.google.javascript.rhino.Node,1542
Tue Jan 16 02:18:58 AEDT 2018 Tue Jan 16 02:18:58 AEDT 2018 : com.google.javascript.rhino.jstype.TernaryValue,159=>Find no block
Tue Jan 16 02:18:59 AEDT 2018 Tue Jan 16 02:18:59 AEDT 2018 : com.google.javascript.rhino.Node,2384=>Find no block
Tue Jan 16 02:19:00 AEDT 2018 com.google.javascript.rhino.Node,2385
Tue Jan 16 02:19:03 AEDT 2018 com.google.javascript.rhino.Node,2386
Tue Jan 16 02:19:04 AEDT 2018 Tue Jan 16 02:19:04 AEDT 2018 : com.google.javascript.rhino.Node,2387=>Find no block
Tue Jan 16 02:19:04 AEDT 2018 com.google.javascript.jscomp.PeepholeFoldConstants,158
Tue Jan 16 02:21:24 AEDT 2018 com.google.javascript.jscomp.NodeUtil,136
Tue Jan 16 02:21:32 AEDT 2018 com.google.javascript.jscomp.PeepholeReplaceKnownMethods,130
Tue Jan 16 02:21:41 AEDT 2018 com.google.javascript.jscomp.PeepholeReplaceKnownMethods,138
Tue Jan 16 02:27:52 AEDT 2018 com.google.javascript.rhino.Node,240
Tue Jan 16 02:28:00 AEDT 2018 com.google.javascript.jscomp.PureFunctionIdentifier,228
Tue Jan 16 02:28:42 AEDT 2018 com.google.javascript.jscomp.PureFunctionIdentifier,238
Tue Jan 16 02:28:43 AEDT 2018 com.google.javascript.jscomp.NodeUtil,123
Tue Jan 16 02:34:21 AEDT 2018 com.google.javascript.jscomp.DefaultPassConfig,226
Timeout time : 18/01/16 02:34
Current failed test : com.google.javascript.jscomp.NodeUtilTest::testGetBooleanValue_purify_11 | 18/01/16 02:34
Tue Jan 16 02:34:52 AEDT 2018 com.google.javascript.rhino.Node,1500
Tue Jan 16 02:34:57 AEDT 2018 com.google.javascript.rhino.Node,1529
Tue Jan 16 02:35:01 AEDT 2018 com.google.javascript.rhino.Node,1542
Tue Jan 16 02:35:05 AEDT 2018 Tue Jan 16 02:35:05 AEDT 2018 : com.google.javascript.rhino.jstype.TernaryValue,159=>Find no block
Tue Jan 16 02:35:06 AEDT 2018 Tue Jan 16 02:35:06 AEDT 2018 : com.google.javascript.rhino.Node,2384=>Find no block
Tue Jan 16 02:35:06 AEDT 2018 com.google.javascript.rhino.Node,2385
Tue Jan 16 02:35:11 AEDT 2018 com.google.javascript.rhino.Node,2386
Tue Jan 16 02:35:11 AEDT 2018 Tue Jan 16 02:35:11 AEDT 2018 : com.google.javascript.rhino.Node,2387=>Find no block
Tue Jan 16 02:35:12 AEDT 2018 com.google.javascript.jscomp.PeepholeFoldConstants,158
Tue Jan 16 02:36:34 AEDT 2018 com.google.javascript.jscomp.NodeUtil,136
Tue Jan 16 02:36:43 AEDT 2018 com.google.javascript.jscomp.PeepholeReplaceKnownMethods,130
Tue Jan 16 02:36:49 AEDT 2018 com.google.javascript.jscomp.PeepholeReplaceKnownMethods,138
Tue Jan 16 02:40:04 AEDT 2018 com.google.javascript.rhino.Node,240
Tue Jan 16 02:40:13 AEDT 2018 com.google.javascript.jscomp.PureFunctionIdentifier,228
Tue Jan 16 02:40:43 AEDT 2018 com.google.javascript.jscomp.PureFunctionIdentifier,238
Tue Jan 16 02:40:44 AEDT 2018 com.google.javascript.jscomp.NodeUtil,123
Tue Jan 16 02:44:41 AEDT 2018 com.google.javascript.jscomp.DefaultPassConfig,226
Tue Jan 16 02:49:44 AEDT 2018 com.google.javascript.jscomp.DefaultPassConfig,341
Tue Jan 16 02:50:41 AEDT 2018 com.google.javascript.jscomp.DefaultPassConfig,364
Timeout time : 18/01/16 02:50
Current failed test : com.google.javascript.jscomp.NodeUtilTest::testGetBooleanValue_purify_12 | 18/01/16 02:50
Tue Jan 16 02:50:58 AEDT 2018 com.google.javascript.rhino.Node,1500
Tue Jan 16 02:51:03 AEDT 2018 com.google.javascript.rhino.Node,1529
Tue Jan 16 02:51:07 AEDT 2018 com.google.javascript.rhino.Node,1542
Tue Jan 16 02:51:10 AEDT 2018 Tue Jan 16 02:51:10 AEDT 2018 : com.google.javascript.rhino.jstype.TernaryValue,159=>Find no block
Tue Jan 16 02:51:11 AEDT 2018 Tue Jan 16 02:51:11 AEDT 2018 : com.google.javascript.rhino.Node,2384=>Find no block
Tue Jan 16 02:51:12 AEDT 2018 com.google.javascript.rhino.Node,2385
Tue Jan 16 02:51:15 AEDT 2018 com.google.javascript.rhino.Node,2386
Tue Jan 16 02:51:16 AEDT 2018 Tue Jan 16 02:51:16 AEDT 2018 : com.google.javascript.rhino.Node,2387=>Find no block
Tue Jan 16 02:51:17 AEDT 2018 com.google.javascript.jscomp.PeepholeFoldConstants,158
Tue Jan 16 02:52:19 AEDT 2018 com.google.javascript.jscomp.NodeUtil,136
Tue Jan 16 02:52:27 AEDT 2018 com.google.javascript.jscomp.PeepholeReplaceKnownMethods,130
Tue Jan 16 02:52:35 AEDT 2018 com.google.javascript.jscomp.PeepholeReplaceKnownMethods,138
Tue Jan 16 02:55:41 AEDT 2018 com.google.javascript.rhino.Node,240
Tue Jan 16 02:55:50 AEDT 2018 com.google.javascript.jscomp.PureFunctionIdentifier,228
Tue Jan 16 02:56:28 AEDT 2018 com.google.javascript.jscomp.PureFunctionIdentifier,238
Tue Jan 16 02:56:29 AEDT 2018 com.google.javascript.jscomp.NodeUtil,123
Tue Jan 16 03:00:28 AEDT 2018 com.google.javascript.jscomp.DefaultPassConfig,226
Tue Jan 16 03:06:54 AEDT 2018 com.google.javascript.jscomp.DefaultPassConfig,341
Timeout time : 18/01/16 03:07
Current failed test : com.google.javascript.jscomp.NodeUtilTest::testGetBooleanValue_purify_13 | 18/01/16 03:07
Tue Jan 16 03:07:10 AEDT 2018 com.google.javascript.rhino.Node,1500
Tue Jan 16 03:07:17 AEDT 2018 com.google.javascript.rhino.Node,1529
Tue Jan 16 03:07:21 AEDT 2018 com.google.javascript.rhino.Node,1542
Tue Jan 16 03:07:24 AEDT 2018 Tue Jan 16 03:07:24 AEDT 2018 : com.google.javascript.rhino.jstype.TernaryValue,159=>Find no block
Tue Jan 16 03:07:24 AEDT 2018 Tue Jan 16 03:07:24 AEDT 2018 : com.google.javascript.rhino.Node,2384=>Find no block
Tue Jan 16 03:07:25 AEDT 2018 com.google.javascript.rhino.Node,2385
Tue Jan 16 03:07:27 AEDT 2018 com.google.javascript.rhino.Node,2386
Tue Jan 16 03:07:28 AEDT 2018 Tue Jan 16 03:07:28 AEDT 2018 : com.google.javascript.rhino.Node,2387=>Find no block
Tue Jan 16 03:07:28 AEDT 2018 com.google.javascript.jscomp.PeepholeFoldConstants,158
Tue Jan 16 03:09:11 AEDT 2018 com.google.javascript.jscomp.NodeUtil,136
Tue Jan 16 03:09:20 AEDT 2018 com.google.javascript.jscomp.PeepholeReplaceKnownMethods,130
Tue Jan 16 03:09:25 AEDT 2018 com.google.javascript.jscomp.PeepholeReplaceKnownMethods,138
Tue Jan 16 03:12:58 AEDT 2018 com.google.javascript.rhino.Node,240
Tue Jan 16 03:13:06 AEDT 2018 com.google.javascript.jscomp.PureFunctionIdentifier,228
Tue Jan 16 03:13:40 AEDT 2018 com.google.javascript.jscomp.PureFunctionIdentifier,238
Tue Jan 16 03:13:40 AEDT 2018 com.google.javascript.jscomp.NodeUtil,123
Tue Jan 16 03:18:03 AEDT 2018 com.google.javascript.jscomp.DefaultPassConfig,226
Timeout time : 18/01/16 03:23
Current failed test : com.google.javascript.jscomp.NodeUtilTest::testGetBooleanValue_purify_14 | 18/01/16 03:23
Tue Jan 16 03:23:16 AEDT 2018 com.google.javascript.rhino.Node,1500
Tue Jan 16 03:23:24 AEDT 2018 com.google.javascript.rhino.Node,1529
Tue Jan 16 03:23:28 AEDT 2018 com.google.javascript.rhino.Node,1542
Tue Jan 16 03:23:33 AEDT 2018 Tue Jan 16 03:23:33 AEDT 2018 : com.google.javascript.rhino.jstype.TernaryValue,159=>Find no block
Tue Jan 16 03:23:34 AEDT 2018 Tue Jan 16 03:23:34 AEDT 2018 : com.google.javascript.rhino.Node,2384=>Find no block
Tue Jan 16 03:23:35 AEDT 2018 com.google.javascript.rhino.Node,2385
Tue Jan 16 03:23:38 AEDT 2018 com.google.javascript.rhino.Node,2386
Tue Jan 16 03:23:39 AEDT 2018 Tue Jan 16 03:23:39 AEDT 2018 : com.google.javascript.rhino.Node,2387=>Find no block
Tue Jan 16 03:23:40 AEDT 2018 com.google.javascript.jscomp.PeepholeFoldConstants,158
Tue Jan 16 03:24:56 AEDT 2018 com.google.javascript.jscomp.NodeUtil,136
Tue Jan 16 03:25:07 AEDT 2018 com.google.javascript.jscomp.PeepholeReplaceKnownMethods,130
Tue Jan 16 03:25:13 AEDT 2018 com.google.javascript.jscomp.PeepholeReplaceKnownMethods,138
Tue Jan 16 03:27:50 AEDT 2018 com.google.javascript.rhino.Node,240
Tue Jan 16 03:28:00 AEDT 2018 com.google.javascript.jscomp.PureFunctionIdentifier,228
Tue Jan 16 03:28:25 AEDT 2018 com.google.javascript.jscomp.PureFunctionIdentifier,238
Tue Jan 16 03:28:26 AEDT 2018 com.google.javascript.jscomp.NodeUtil,123
Tue Jan 16 03:31:51 AEDT 2018 com.google.javascript.jscomp.DefaultPassConfig,226
Tue Jan 16 03:35:53 AEDT 2018 com.google.javascript.jscomp.DefaultPassConfig,341
Tue Jan 16 03:36:38 AEDT 2018 com.google.javascript.jscomp.DefaultPassConfig,364
Timeout time : 18/01/16 03:39
Current failed test : com.google.javascript.jscomp.NodeUtilTest::testGetBooleanValue_purify_15 | 18/01/16 03:39
Tue Jan 16 03:39:24 AEDT 2018 com.google.javascript.rhino.Node,1500
Tue Jan 16 03:39:30 AEDT 2018 com.google.javascript.rhino.Node,1529
Tue Jan 16 03:39:35 AEDT 2018 com.google.javascript.rhino.Node,1542
Tue Jan 16 03:39:39 AEDT 2018 Tue Jan 16 03:39:39 AEDT 2018 : com.google.javascript.rhino.jstype.TernaryValue,159=>Find no block
Tue Jan 16 03:39:40 AEDT 2018 Tue Jan 16 03:39:40 AEDT 2018 : com.google.javascript.rhino.Node,2384=>Find no block
Tue Jan 16 03:39:41 AEDT 2018 com.google.javascript.rhino.Node,2385
Tue Jan 16 03:39:44 AEDT 2018 com.google.javascript.rhino.Node,2386
Tue Jan 16 03:39:45 AEDT 2018 Tue Jan 16 03:39:45 AEDT 2018 : com.google.javascript.rhino.Node,2387=>Find no block
Tue Jan 16 03:39:46 AEDT 2018 com.google.javascript.jscomp.PeepholeFoldConstants,158
Tue Jan 16 03:40:50 AEDT 2018 com.google.javascript.jscomp.NodeUtil,136
Tue Jan 16 03:41:00 AEDT 2018 com.google.javascript.jscomp.PeepholeReplaceKnownMethods,130
Tue Jan 16 03:41:06 AEDT 2018 com.google.javascript.jscomp.PeepholeReplaceKnownMethods,138
Tue Jan 16 03:43:49 AEDT 2018 com.google.javascript.rhino.Node,240
Tue Jan 16 03:43:58 AEDT 2018 com.google.javascript.jscomp.PureFunctionIdentifier,228
Tue Jan 16 03:44:24 AEDT 2018 com.google.javascript.jscomp.PureFunctionIdentifier,238
Tue Jan 16 03:44:25 AEDT 2018 com.google.javascript.jscomp.NodeUtil,123
Tue Jan 16 03:47:25 AEDT 2018 com.google.javascript.jscomp.DefaultPassConfig,226
Tue Jan 16 03:51:18 AEDT 2018 com.google.javascript.jscomp.DefaultPassConfig,341
Tue Jan 16 03:52:02 AEDT 2018 com.google.javascript.jscomp.DefaultPassConfig,364
Timeout time : 18/01/16 03:55
Current failed test : com.google.javascript.jscomp.NodeUtilTest::testGetBooleanValue_purify_16 | 18/01/16 03:55
Tue Jan 16 03:55:31 AEDT 2018 com.google.javascript.rhino.Node,1500
Tue Jan 16 03:55:37 AEDT 2018 com.google.javascript.rhino.Node,1529
Tue Jan 16 03:55:40 AEDT 2018 com.google.javascript.rhino.Node,1542
Tue Jan 16 03:55:44 AEDT 2018 Tue Jan 16 03:55:44 AEDT 2018 : com.google.javascript.rhino.jstype.TernaryValue,159=>Find no block
Tue Jan 16 03:55:45 AEDT 2018 Tue Jan 16 03:55:45 AEDT 2018 : com.google.javascript.rhino.Node,2384=>Find no block
Tue Jan 16 03:55:46 AEDT 2018 com.google.javascript.rhino.Node,2385
Tue Jan 16 03:55:49 AEDT 2018 com.google.javascript.rhino.Node,2386
Tue Jan 16 03:55:50 AEDT 2018 Tue Jan 16 03:55:50 AEDT 2018 : com.google.javascript.rhino.Node,2387=>Find no block
Tue Jan 16 03:55:51 AEDT 2018 com.google.javascript.jscomp.PeepholeFoldConstants,158
Tue Jan 16 03:56:55 AEDT 2018 com.google.javascript.jscomp.NodeUtil,136
Tue Jan 16 03:57:05 AEDT 2018 com.google.javascript.jscomp.PeepholeReplaceKnownMethods,130
Tue Jan 16 03:57:11 AEDT 2018 com.google.javascript.jscomp.PeepholeReplaceKnownMethods,138
Tue Jan 16 03:59:41 AEDT 2018 com.google.javascript.rhino.Node,240
Tue Jan 16 03:59:51 AEDT 2018 com.google.javascript.jscomp.PureFunctionIdentifier,228
Tue Jan 16 04:00:17 AEDT 2018 com.google.javascript.jscomp.PureFunctionIdentifier,238
Tue Jan 16 04:00:18 AEDT 2018 com.google.javascript.jscomp.NodeUtil,123
Tue Jan 16 04:03:14 AEDT 2018 com.google.javascript.jscomp.DefaultPassConfig,226
Tue Jan 16 04:07:01 AEDT 2018 com.google.javascript.jscomp.DefaultPassConfig,341
Tue Jan 16 04:07:46 AEDT 2018 com.google.javascript.jscomp.DefaultPassConfig,364
Timeout time : 18/01/16 04:11
Current failed test : com.google.javascript.jscomp.NodeUtilTest::testGetBooleanValue_purify_17 | 18/01/16 04:11
Tue Jan 16 04:11:38 AEDT 2018 com.google.javascript.rhino.Node,1500
Tue Jan 16 04:11:45 AEDT 2018 com.google.javascript.rhino.Node,1529
Tue Jan 16 04:11:48 AEDT 2018 com.google.javascript.rhino.Node,1542
Tue Jan 16 04:11:52 AEDT 2018 Tue Jan 16 04:11:52 AEDT 2018 : com.google.javascript.rhino.jstype.TernaryValue,159=>Find no block
Tue Jan 16 04:11:53 AEDT 2018 Tue Jan 16 04:11:53 AEDT 2018 : com.google.javascript.rhino.Node,2384=>Find no block
Tue Jan 16 04:11:53 AEDT 2018 com.google.javascript.rhino.Node,2385
Tue Jan 16 04:11:57 AEDT 2018 com.google.javascript.rhino.Node,2386
Tue Jan 16 04:11:58 AEDT 2018 Tue Jan 16 04:11:58 AEDT 2018 : com.google.javascript.rhino.Node,2387=>Find no block
Tue Jan 16 04:11:59 AEDT 2018 com.google.javascript.jscomp.PeepholeFoldConstants,158
Tue Jan 16 04:13:01 AEDT 2018 com.google.javascript.jscomp.NodeUtil,136
Tue Jan 16 04:13:10 AEDT 2018 com.google.javascript.jscomp.PeepholeReplaceKnownMethods,130
Tue Jan 16 04:13:16 AEDT 2018 com.google.javascript.jscomp.PeepholeReplaceKnownMethods,138
Tue Jan 16 04:15:45 AEDT 2018 com.google.javascript.rhino.Node,240
Tue Jan 16 04:15:54 AEDT 2018 com.google.javascript.jscomp.PureFunctionIdentifier,228
Tue Jan 16 04:16:20 AEDT 2018 com.google.javascript.jscomp.PureFunctionIdentifier,238
Tue Jan 16 04:16:21 AEDT 2018 com.google.javascript.jscomp.NodeUtil,123
Tue Jan 16 04:19:34 AEDT 2018 com.google.javascript.jscomp.DefaultPassConfig,226
Tue Jan 16 04:23:53 AEDT 2018 com.google.javascript.jscomp.DefaultPassConfig,341
Tue Jan 16 04:24:37 AEDT 2018 com.google.javascript.jscomp.DefaultPassConfig,364
Timeout time : 18/01/16 04:27
Current failed test : com.google.javascript.jscomp.CommandLineRunnerTest::testIssue504 | 18/01/16 04:27
Tue Jan 16 04:27:47 AEDT 2018 com.google.javascript.rhino.Node,1500
Tue Jan 16 04:27:52 AEDT 2018 com.google.javascript.rhino.Node,1529
Tue Jan 16 04:27:56 AEDT 2018 com.google.javascript.rhino.Node,1542
Tue Jan 16 04:28:00 AEDT 2018 Tue Jan 16 04:28:00 AEDT 2018 : com.google.javascript.rhino.jstype.TernaryValue,159=>Find no block
Tue Jan 16 04:28:01 AEDT 2018 Tue Jan 16 04:28:01 AEDT 2018 : com.google.javascript.rhino.Node,2384=>Find no block
Tue Jan 16 04:28:01 AEDT 2018 com.google.javascript.rhino.Node,2385
Tue Jan 16 04:28:05 AEDT 2018 com.google.javascript.rhino.Node,2386
Tue Jan 16 04:28:05 AEDT 2018 Tue Jan 16 04:28:05 AEDT 2018 : com.google.javascript.rhino.Node,2387=>Find no block
Tue Jan 16 04:28:06 AEDT 2018 com.google.javascript.jscomp.PeepholeFoldConstants,158
Tue Jan 16 04:29:55 AEDT 2018 com.google.javascript.jscomp.NodeUtil,136
Tue Jan 16 04:30:06 AEDT 2018 com.google.javascript.jscomp.PeepholeReplaceKnownMethods,130
Tue Jan 16 04:30:12 AEDT 2018 com.google.javascript.jscomp.PeepholeReplaceKnownMethods,138
Tue Jan 16 04:32:59 AEDT 2018 com.google.javascript.rhino.Node,240
Tue Jan 16 04:33:11 AEDT 2018 com.google.javascript.jscomp.PureFunctionIdentifier,228
Tue Jan 16 04:33:42 AEDT 2018 com.google.javascript.jscomp.PureFunctionIdentifier,238
Tue Jan 16 04:33:43 AEDT 2018 com.google.javascript.jscomp.NodeUtil,123
Tue Jan 16 04:38:25 AEDT 2018 com.google.javascript.jscomp.DefaultPassConfig,226
Timeout time : 18/01/16 04:43
