=================================================
Project : closure_65	start : 18/01/15 17:23
Current failed test : com.google.javascript.jscomp.CodePrinterTest::testZero | 18/01/15 17:24
Mon Jan 15 17:35:21 AEDT 2018 com.google.javascript.jscomp.CodeGenerator,1015
Mon Jan 15 17:39:23 AEDT 2018 com.google.javascript.jscomp.Compiler,1265
Mon Jan 15 17:39:37 AEDT 2018 com.google.javascript.jscomp.Compiler,1261
Mon Jan 15 18:00:33 AEDT 2018 com.google.javascript.jscomp.Compiler,1262
Mon Jan 15 18:00:39 AEDT 2018 com.google.javascript.jscomp.Compiler,1264
Mon Jan 15 18:00:43 AEDT 2018 com.google.javascript.jscomp.Compiler,1267
Mon Jan 15 18:00:49 AEDT 2018 com.google.javascript.jscomp.Compiler,1268
Mon Jan 15 18:00:54 AEDT 2018 Mon Jan 15 18:00:54 AEDT 2018 : com.google.javascript.jscomp.CodeGenerator,961=>Find no block
Mon Jan 15 18:00:59 AEDT 2018 com.google.javascript.jscomp.CodeGenerator,632
Mon Jan 15 18:51:57 AEDT 2018 com.google.javascript.jscomp.CodeGenerator,638
Mon Jan 15 19:28:46 AEDT 2018 com.google.javascript.jscomp.CodeGenerator,639
Mon Jan 15 19:57:11 AEDT 2018 com.google.javascript.jscomp.CodeGenerator,976
Mon Jan 15 19:57:24 AEDT 2018 com.google.javascript.jscomp.CodeGenerator,977
Mon Jan 15 19:57:29 AEDT 2018 com.google.javascript.jscomp.CodeGenerator,978
Mon Jan 15 19:57:34 AEDT 2018 com.google.javascript.jscomp.CodeGenerator,948
Mon Jan 15 20:13:20 AEDT 2018 com.google.javascript.jscomp.CodeGenerator,949
Mon Jan 15 20:19:21 AEDT 2018 com.google.javascript.jscomp.CodeGenerator,950
Mon Jan 15 20:19:26 AEDT 2018 com.google.javascript.jscomp.CodeGenerator,951
Mon Jan 15 20:19:32 AEDT 2018 com.google.javascript.jscomp.CodeGenerator,953
Mon Jan 15 20:19:37 AEDT 2018 Mon Jan 15 20:19:37 AEDT 2018 : com.google.javascript.jscomp.CodeGenerator,954=>Find no block
Mon Jan 15 20:19:42 AEDT 2018 com.google.javascript.jscomp.CodeGenerator,957
Mon Jan 15 20:36:58 AEDT 2018 com.google.javascript.jscomp.CodeGenerator,960
Mon Jan 15 20:37:04 AEDT 2018 com.google.javascript.jscomp.CodeGenerator,969
Mon Jan 15 20:37:10 AEDT 2018 com.google.javascript.jscomp.CodeGenerator,981
Mon Jan 15 20:41:07 AEDT 2018 com.google.javascript.jscomp.CodeGenerator,1013
Timeout time : 18/01/15 22:35
