=================================================
Project : closure_67	start : 18/01/15 21:06
Current failed test : com.google.javascript.jscomp.RemoveUnusedPrototypePropertiesTest::testAliasing7 | 18/01/15 21:06
Mon Jan 15 21:10:56 AEDT 2018 Mon Jan 15 21:10:56 AEDT 2018 : com.google.javascript.rhino.Node,173=>Find no block
Mon Jan 15 21:10:57 AEDT 2018 com.google.javascript.rhino.Node,195
Mon Jan 15 21:11:09 AEDT 2018 com.google.javascript.rhino.Node,221
Mon Jan 15 21:11:24 AEDT 2018 com.google.javascript.rhino.Node,844
Mon Jan 15 22:45:20 AEDT 2018 com.google.javascript.rhino.Node,845
Mon Jan 15 22:45:21 AEDT 2018 com.google.javascript.rhino.Node,846
Mon Jan 15 22:45:22 AEDT 2018 com.google.javascript.rhino.Node,849
Mon Jan 15 22:45:23 AEDT 2018 com.google.javascript.rhino.Node,850
Mon Jan 15 22:45:24 AEDT 2018 com.google.javascript.rhino.Node,851
Mon Jan 15 22:45:24 AEDT 2018 com.google.javascript.rhino.Node,852
Mon Jan 15 22:45:25 AEDT 2018 com.google.javascript.rhino.Node,855
Mon Jan 15 22:45:26 AEDT 2018 com.google.javascript.rhino.Node,856
Mon Jan 15 22:45:27 AEDT 2018 com.google.javascript.rhino.Node,913
Mon Jan 15 22:45:31 AEDT 2018 com.google.javascript.rhino.Node,921
Mon Jan 15 22:55:20 AEDT 2018 com.google.javascript.rhino.Node,922
Mon Jan 15 22:55:21 AEDT 2018 com.google.javascript.rhino.Node,923
Mon Jan 15 22:55:22 AEDT 2018 com.google.javascript.rhino.Node,934
Timeout time : 18/01/16 02:10
