=================================================
Project : closure_84	start : 18/01/15 14:00
Current failed test : com.google.javascript.jscomp.parsing.ParserTest::testDestructuringAssignForbidden4 | 18/01/15 14:02
Mon Jan 15 14:13:28 AEDT 2018 com.google.javascript.jscomp.parsing.IRFactory,308
Mon Jan 15 14:13:37 AEDT 2018 com.google.javascript.jscomp.parsing.IRFactory,854
Mon Jan 15 14:15:42 AEDT 2018 Mon Jan 15 14:15:42 AEDT 2018 : com.google.javascript.jscomp.parsing.IRFactory,858=>Find no block
Mon Jan 15 14:15:46 AEDT 2018 com.google.javascript.jscomp.parsing.IRFactory,314
Mon Jan 15 15:44:00 AEDT 2018 com.google.javascript.jscomp.parsing.IRFactory,315
Mon Jan 15 15:44:04 AEDT 2018 com.google.javascript.jscomp.parsing.IRFactory,318
Mon Jan 15 15:44:08 AEDT 2018 Mon Jan 15 15:44:08 AEDT 2018 : com.google.javascript.jscomp.parsing.IRFactory,320=>Find no block
Mon Jan 15 15:44:13 AEDT 2018 com.google.javascript.jscomp.parsing.ParserRunner,99
Mon Jan 15 15:45:12 AEDT 2018 com.google.javascript.jscomp.parsing.ParserRunner,100
Mon Jan 15 15:45:14 AEDT 2018 com.google.javascript.rhino.jstype.JSTypeRegistry,189
Mon Jan 15 15:45:21 AEDT 2018 Mon Jan 15 15:45:21 AEDT 2018 : com.google.javascript.rhino.jstype.JSTypeRegistry,190=>Find no block
Mon Jan 15 15:45:22 AEDT 2018 com.google.javascript.jscomp.parsing.TypeSafeDispatcher,146
Mon Jan 15 15:50:25 AEDT 2018 com.google.javascript.jscomp.parsing.IRFactory,307
Mon Jan 15 15:50:28 AEDT 2018 com.google.javascript.jscomp.parsing.IRFactory,311
Mon Jan 15 16:04:52 AEDT 2018 com.google.javascript.jscomp.parsing.IRFactory,312
Mon Jan 15 17:53:18 AEDT 2018 com.google.javascript.jscomp.parsing.IRFactory,313
Mon Jan 15 17:53:21 AEDT 2018 com.google.javascript.jscomp.parsing.IRFactory,321
Mon Jan 15 19:11:59 AEDT 2018 com.google.javascript.jscomp.parsing.IRFactory,335
Timeout time : 18/01/15 19:13
