=================================================
Project : closure_86	start : 18/01/16 00:12
Current failed test : com.google.javascript.jscomp.NodeUtilTest::testLocalValue1 | 18/01/16 00:12
Tue Jan 16 00:45:46 AEDT 2018 com.google.javascript.jscomp.NodeUtil,762
Tue Jan 16 00:52:13 AEDT 2018 com.google.javascript.jscomp.NodeUtil,2465
Tue Jan 16 00:52:21 AEDT 2018 com.google.javascript.jscomp.PureFunctionIdentifier,820
Tue Jan 16 00:53:24 AEDT 2018 com.google.javascript.jscomp.PureFunctionIdentifier,160
Tue Jan 16 00:56:24 AEDT 2018 com.google.javascript.jscomp.PureFunctionIdentifier,161
Tue Jan 16 00:56:24 AEDT 2018 com.google.javascript.jscomp.PureFunctionIdentifier,279
Tue Jan 16 00:56:45 AEDT 2018 com.google.javascript.jscomp.PureFunctionIdentifier,280
Tue Jan 16 00:56:45 AEDT 2018 com.google.javascript.rhino.Node,2166
Tue Jan 16 00:58:27 AEDT 2018 Tue Jan 16 00:58:27 AEDT 2018 : com.google.javascript.rhino.Node,2167=>Find no block
Tue Jan 16 00:58:28 AEDT 2018 com.google.javascript.jscomp.PureFunctionIdentifier,336
Tue Jan 16 00:59:18 AEDT 2018 com.google.javascript.jscomp.PureFunctionIdentifier,553
Tue Jan 16 01:34:44 AEDT 2018 com.google.javascript.jscomp.PureFunctionIdentifier,554
Tue Jan 16 01:34:45 AEDT 2018 com.google.javascript.jscomp.PureFunctionIdentifier,555
Tue Jan 16 01:36:37 AEDT 2018 com.google.javascript.jscomp.PureFunctionIdentifier,556
Tue Jan 16 01:36:37 AEDT 2018 com.google.javascript.jscomp.PureFunctionIdentifier,558
Tue Jan 16 01:40:56 AEDT 2018 Tue Jan 16 01:40:56 AEDT 2018 : com.google.javascript.jscomp.PureFunctionIdentifier,566=>Find no block
Tue Jan 16 01:40:57 AEDT 2018 com.google.javascript.jscomp.PureFunctionIdentifier,356
Tue Jan 16 01:42:20 AEDT 2018 com.google.javascript.jscomp.PureFunctionIdentifier,358
Tue Jan 16 01:42:21 AEDT 2018 com.google.javascript.jscomp.NodeUtil,2416
Tue Jan 16 01:42:24 AEDT 2018 Tue Jan 16 01:42:24 AEDT 2018 : com.google.javascript.jscomp.NodeUtil,2425=>Find no block
Tue Jan 16 01:42:25 AEDT 2018 com.google.javascript.jscomp.PureFunctionIdentifier,551
Tue Jan 16 01:42:28 AEDT 2018 com.google.javascript.jscomp.PureFunctionIdentifier,914
Tue Jan 16 01:48:03 AEDT 2018 Tue Jan 16 01:48:03 AEDT 2018 : com.google.javascript.jscomp.PureFunctionIdentifier,915=>Find no block
Tue Jan 16 01:48:04 AEDT 2018 com.google.javascript.jscomp.PureFunctionIdentifier,446
Tue Jan 16 02:06:21 AEDT 2018 com.google.javascript.jscomp.PureFunctionIdentifier,447
Tue Jan 16 02:06:21 AEDT 2018 com.google.javascript.jscomp.PureFunctionIdentifier,448
Tue Jan 16 02:06:22 AEDT 2018 Tue Jan 16 02:06:22 AEDT 2018 : com.google.javascript.jscomp.PureFunctionIdentifier,449=>Find no block
Tue Jan 16 02:06:22 AEDT 2018 com.google.javascript.jscomp.PureFunctionIdentifier,559
Tue Jan 16 02:06:23 AEDT 2018 com.google.javascript.jscomp.PureFunctionIdentifier,439
Tue Jan 16 02:20:55 AEDT 2018 com.google.javascript.jscomp.PureFunctionIdentifier,441
Tue Jan 16 02:49:14 AEDT 2018 com.google.javascript.jscomp.PureFunctionIdentifier,445
Tue Jan 16 02:49:15 AEDT 2018 com.google.javascript.jscomp.PureFunctionIdentifier,495
Tue Jan 16 02:59:00 AEDT 2018 com.google.javascript.jscomp.PureFunctionIdentifier,496
Tue Jan 16 02:59:01 AEDT 2018 com.google.javascript.jscomp.NodeUtil,2450
Tue Jan 16 03:00:15 AEDT 2018 com.google.javascript.jscomp.PureFunctionIdentifier,155
Tue Jan 16 03:24:11 AEDT 2018 com.google.javascript.jscomp.PureFunctionIdentifier,159
Tue Jan 16 03:24:12 AEDT 2018 com.google.javascript.jscomp.NodeUtil,825
Tue Jan 16 03:28:43 AEDT 2018 com.google.javascript.jscomp.PureFunctionIdentifier,550
Tue Jan 16 03:52:16 AEDT 2018 com.google.javascript.jscomp.PureFunctionIdentifier,1030
Tue Jan 16 04:00:29 AEDT 2018 Tue Jan 16 04:00:29 AEDT 2018 : com.google.javascript.jscomp.PureFunctionIdentifier,1031=>Find no block
Tue Jan 16 04:00:30 AEDT 2018 com.google.javascript.jscomp.PureFunctionIdentifier,426
Tue Jan 16 04:10:46 AEDT 2018 com.google.javascript.jscomp.PureFunctionIdentifier,427
Tue Jan 16 04:14:11 AEDT 2018 com.google.javascript.jscomp.PureFunctionIdentifier,584
Tue Jan 16 04:20:32 AEDT 2018 com.google.javascript.jscomp.PureFunctionIdentifier,590
Tue Jan 16 04:25:58 AEDT 2018 com.google.javascript.jscomp.PureFunctionIdentifier,595
Tue Jan 16 04:59:26 AEDT 2018 Tue Jan 16 04:59:26 AEDT 2018 : com.google.javascript.jscomp.PureFunctionIdentifier,596=>Find no block
Tue Jan 16 04:59:26 AEDT 2018 com.google.javascript.jscomp.PureFunctionIdentifier,269
Tue Jan 16 05:41:15 AEDT 2018 com.google.javascript.jscomp.PureFunctionIdentifier,270
Tue Jan 16 05:41:16 AEDT 2018 com.google.javascript.jscomp.PureFunctionIdentifier,272
Tue Jan 16 05:41:16 AEDT 2018 com.google.javascript.jscomp.NodeUtil,1462
Timeout time : 18/01/16 05:45
