=================================================
Project : closure_99	start : 18/01/15 19:11
Current failed test : com.google.javascript.jscomp.CheckGlobalThisTest::testInterface1 | 18/01/15 19:12
Mon Jan 15 19:14:56 AEDT 2018 com.google.javascript.rhino.JSDocInfo,276

----------------------------------------
----------------------------------------
Pass Single Test : [=>0,0]
setFlag(value,MASK_CONSTRUCTOR);

Time : 18/01/15 19:16
----------------------------------------

----------------------------------------
----------------------------------------
Pass Single Test : [=>0,0]
setFlag(value,MASK_OVERRIDE);

Time : 18/01/15 19:19
----------------------------------------

----------------------------------------
----------------------------------------
Pass Single Test : [=>0,0]
setFlag(value,MASK_EXTERNS);

Time : 18/01/15 19:22
----------------------------------------
Mon Jan 15 19:25:48 AEDT 2018 Mon Jan 15 19:25:48 AEDT 2018 : com.google.javascript.rhino.JSDocInfo,277=>Find no block
Mon Jan 15 19:25:52 AEDT 2018 com.google.javascript.rhino.JSDocInfoBuilder,677

----------------------------------------
----------------------------------------
Pass Single Test : [=>0,0]
if(!hasAnySingletonTypeTags()&&!currentInfo.isConstructor()){
currentInfo.setConstructor(true);
populated=true;
return true;
}else {
return false;
}

Time : 18/01/15 19:26
----------------------------------------
Mon Jan 15 19:31:36 AEDT 2018 com.google.javascript.rhino.JSDocInfoBuilder,679
Mon Jan 15 19:31:40 AEDT 2018 com.google.javascript.rhino.JSDocInfoBuilder,680
Mon Jan 15 19:31:44 AEDT 2018 com.google.javascript.rhino.JSDocInfoBuilder,681
Mon Jan 15 19:31:48 AEDT 2018 com.google.javascript.jscomp.parsing.JsDocInfoParser,228
Mon Jan 15 19:35:00 AEDT 2018 com.google.javascript.jscomp.parsing.JsDocInfoParser,237
Mon Jan 15 19:38:21 AEDT 2018 com.google.javascript.jscomp.parsing.JsDocInfoParser,238
Mon Jan 15 19:48:27 AEDT 2018 com.google.javascript.rhino.JSDocInfo,365

----------------------------------------
----------------------------------------
Pass Single Test : [=>0,0]
return getFlag(MASK_INTERFACE);

Time : 18/01/15 19:50
----------------------------------------
Mon Jan 15 19:56:36 AEDT 2018 com.google.javascript.jscomp.CheckGlobalThis,154

----------------------------------------
----------------------------------------
Pass Single Test : [=>0,0]
if(assignLhsChild!=null){
return true;
}
return parent==null&&NodeUtil.isGet(parent);

Time : 18/01/15 20:00
----------------------------------------

----------------------------------------
----------------------------------------
Pass Single Test : [=>0,0]
if(assignLhsChild!=null){
return true;
}
return parent.getFirstChild()==assignLhsChild&&NodeUtil.isGet(parent);

Time : 18/01/15 20:05
----------------------------------------

----------------------------------------
----------------------------------------
Pass Single Test : [=>0,0]
if(assignLhsChild!=null){
return true;
}
return parent==assignLhsChild&&NodeUtil.isGet(parent);

Time : 18/01/15 20:11
----------------------------------------

----------------------------------------
----------------------------------------
Pass Single Test : [=>0,0]
if(assignLhsChild!=null){
return true;
}
return parent.getFirstChild()==null&&NodeUtil.isGet(parent);

Time : 18/01/15 20:16
----------------------------------------

----------------------------------------
----------------------------------------
Pass Single Test : [=>0,0]
if(parent!=null){
return false;
}
return parent!=null&&NodeUtil.isGet(parent);

Time : 18/01/15 20:22
----------------------------------------

----------------------------------------
----------------------------------------
Pass Single Test : [=>0,0]
if(parent.getFirstChild()!=null){
return false;
}
return parent!=null&&NodeUtil.isGet(parent);

Time : 18/01/15 20:27
----------------------------------------

----------------------------------------
----------------------------------------
Pass Single Test : [=>0,0]
if(n!=null){
return false;
}
return parent!=null&&NodeUtil.isGet(parent);

Time : 18/01/15 20:31
----------------------------------------

----------------------------------------
----------------------------------------
Pass Single Test : [=>0,0]
if(assignLhsChild==null){
return false;
}
return parent!=null&&NodeUtil.isGet(parent);

Time : 18/01/15 20:40
----------------------------------------

----------------------------------------
----------------------------------------
Pass Single Test : [=>0,0]
if(assignLhsChild!=parent.getFirstChild()){
return false;
}
return parent!=null&&NodeUtil.isGet(parent);

Time : 18/01/15 20:45
----------------------------------------

----------------------------------------
----------------------------------------
Pass Single Test : [=>0,0]
if(assignLhsChild==null){
if(parent.getFirstChild().getQualifiedName()!=null&&parent.getFirstChild().getQualifiedName().contains(".prototype.")){
return false;
}
return false;
}
return parent!=null&&NodeUtil.isGet(parent);

Time : 18/01/15 20:51
----------------------------------------
Timeout time : 18/01/15 20:56
Current failed test : com.google.javascript.jscomp.CheckGlobalThisTest::testMethod4 | 18/01/15 20:56
Mon Jan 15 21:00:10 AEDT 2018 com.google.javascript.jscomp.parsing.IRFactory,913
Mon Jan 15 21:00:36 AEDT 2018 com.google.javascript.jscomp.parsing.TypeSafeDispatcher,145
Mon Jan 15 21:07:25 AEDT 2018 com.google.javascript.jscomp.parsing.TypeSafeDispatcher,232
Mon Jan 15 21:13:08 AEDT 2018 com.google.javascript.jscomp.parsing.IRFactory,458
Mon Jan 15 21:13:17 AEDT 2018 com.google.javascript.rhino.Node,1705
Mon Jan 15 21:21:14 AEDT 2018 com.google.javascript.jscomp.CheckGlobalThis,150
Mon Jan 15 21:23:30 AEDT 2018 com.google.javascript.rhino.Node,1707
Mon Jan 15 21:23:36 AEDT 2018 com.google.javascript.rhino.Node,507
Mon Jan 15 21:23:46 AEDT 2018 com.google.javascript.jscomp.parsing.TypeSafeDispatcher,258
Mon Jan 15 21:29:38 AEDT 2018 com.google.javascript.jscomp.parsing.IRFactory,713
Mon Jan 15 21:42:20 AEDT 2018 com.google.javascript.jscomp.parsing.IRFactory,714
Mon Jan 15 21:42:21 AEDT 2018 com.google.javascript.jscomp.JSError,187
Mon Jan 15 21:42:23 AEDT 2018 com.google.javascript.jscomp.CheckGlobalThis,140

----------------------------------------
----------------------------------------
Pass Single Test : [=>0,0]
if(n.getType()==Token.LP&&shouldReportThis(n,parent)){
compiler.report(t.makeError(n,level,GLOBAL_THIS));
}

Time : 18/01/15 21:46
----------------------------------------

----------------------------------------
----------------------------------------
Pass Single Test : [=>0,0]
if(n.getType()==Token.THIS&&NodeUtil.isAssignmentOp(parent)){
compiler.report(t.makeError(n,level,GLOBAL_THIS));
}

Time : 18/01/15 21:51
----------------------------------------

----------------------------------------
----------------------------------------
Pass Single Test : [=>0,0]
if(n.getType()==Token.OBJECTLIT&&shouldReportThis(n,parent)){
compiler.report(t.makeError(n,level,GLOBAL_THIS));
}

Time : 18/01/15 21:55
----------------------------------------

----------------------------------------
----------------------------------------
Pass Single Test : [=>0,0]
if(n.getType()==Token.THIS&&NodeUtil.isExpressionNode(parent)){
compiler.report(t.makeError(n,level,GLOBAL_THIS));
}

Time : 18/01/15 22:01
----------------------------------------

----------------------------------------
----------------------------------------
Pass Single Test : [=>0,0]
if(n.getType()==Token.ASSIGN&&shouldReportThis(n,parent)){
compiler.report(t.makeError(n,level,GLOBAL_THIS));
}

Time : 18/01/15 22:06
----------------------------------------

----------------------------------------
----------------------------------------
Pass Single Test : [=>0,0]
if(n.getJSType()!=null&&shouldReportThis(n,parent)){
compiler.report(t.makeError(n,level,GLOBAL_THIS));
}

Time : 18/01/15 22:11
----------------------------------------

----------------------------------------
----------------------------------------
Pass Single Test : [=>0,0]
if(n.getType()==Token.THIS&&t.inGlobalScope()){
compiler.report(t.makeError(n,level,GLOBAL_THIS));
}

Time : 18/01/15 22:18
----------------------------------------

----------------------------------------
----------------------------------------
Pass Single Test : [=>0,0]
if(n.getType()==Token.DEC&&shouldReportThis(n,parent)){
compiler.report(t.makeError(n,level,GLOBAL_THIS));
}

Time : 18/01/15 22:24
----------------------------------------

----------------------------------------
----------------------------------------
Pass Single Test : [=>0,0]
if(n.getType()==Token.THIS&&parent.hasOneChild()){
compiler.report(t.makeError(n,level,GLOBAL_THIS));
}

Time : 18/01/15 22:29
----------------------------------------
Timeout time : 18/01/15 22:40
Current failed test : com.google.javascript.jscomp.CheckGlobalThisTest::testPropertyOfMethod | 18/01/15 22:40
Mon Jan 15 22:46:12 AEDT 2018 com.google.javascript.jscomp.CheckGlobalThis,130

----------------------------------------
----------------------------------------
Pass Single Test : [=>0,0]
if(lhs.getType()==Token.GETPROP&&lhs.getLastChild().getString().equals("prototype")){
return false;
}

Time : 18/01/15 22:47
----------------------------------------

----------------------------------------
----------------------------------------
Pass Single Test : [=>0,0]
if(lhs.getQualifiedName()==null&&lhs.getQualifiedName().contains(".prototype.")){
return false;
}

Time : 18/01/15 22:52
----------------------------------------

----------------------------------------
----------------------------------------
Pass Single Test : [=>0,0]
if(lhs.getQualifiedName()!=null&&lhs.getLastChild().getString().equals("prototype")){
return false;
}

Time : 18/01/15 22:58
----------------------------------------

----------------------------------------
----------------------------------------
Pass Single Test : [=>0,0]
if(lhs.getQualifiedName()==null&&lhs.getLastChild().getString().equals("prototype")){
return false;
}

Time : 18/01/15 23:03
----------------------------------------

----------------------------------------
----------------------------------------
Pass Single Test : [=>0,0]
if(lhs.getQualifiedName()==null&&lhs.getLastChild().getQualifiedName().contains(".prototype.")){
return false;
}

Time : 18/01/15 23:09
----------------------------------------

----------------------------------------
----------------------------------------
Pass Single Test : [=>0,0]
if(lhs.getType()==Token.ASSIGN&&lhs.getQualifiedName().contains(".prototype.")){
return false;
}

Time : 18/01/15 23:16
----------------------------------------

----------------------------------------
----------------------------------------
Pass Single Test : [=>0,0]
if(lhs.getType()==Token.NAME&&lhs.getQualifiedName().contains(".prototype.")){
return false;
}

Time : 18/01/15 23:21
----------------------------------------
Mon Jan 15 23:27:29 AEDT 2018 com.google.javascript.jscomp.PrepareAst,202
Timeout time : 18/01/16 00:26
