=================================================
Project : lang_11	start : 18/01/14 02:28
Current failed test : org.apache.commons.lang3.RandomStringUtilsTest::testLANG807 | 18/01/14 02:28
Sun Jan 14 02:29:15 AEDT 2018 org.apache.commons.lang3.RandomStringUtils,253
Sun Jan 14 02:32:27 AEDT 2018 org.apache.commons.lang3.RandomStringUtils,163
Sun Jan 14 02:33:13 AEDT 2018 org.apache.commons.lang3.RandomStringUtils,234
Sun Jan 14 02:48:54 AEDT 2018 org.apache.commons.lang3.RandomStringUtils,247
Sun Jan 14 02:55:29 AEDT 2018 org.apache.commons.lang3.RandomStringUtils,248
Sun Jan 14 03:04:10 AEDT 2018 org.apache.commons.lang3.RandomStringUtils,250
Sun Jan 14 03:15:11 AEDT 2018 org.apache.commons.lang3.RandomStringUtils,252
Sun Jan 14 03:15:12 AEDT 2018 org.apache.commons.lang3.RandomStringUtils,225
Sun Jan 14 03:18:09 AEDT 2018 org.apache.commons.lang3.RandomStringUtils,227
Sun Jan 14 03:18:10 AEDT 2018 org.apache.commons.lang3.RandomStringUtils,230
Sun Jan 14 03:24:12 AEDT 2018 org.apache.commons.lang3.RandomStringUtils,54
Sun Jan 14 03:24:16 AEDT 2018 Sun Jan 14 03:24:16 AEDT 2018 : org.apache.commons.lang3.RandomStringUtils,55=>Find no block
Sun Jan 14 03:24:17 AEDT 2018 org.apache.commons.lang3.RandomStringUtils,69
Sun Jan 14 03:25:11 AEDT 2018 org.apache.commons.lang3.RandomStringUtils,83
Sun Jan 14 03:26:54 AEDT 2018 org.apache.commons.lang3.RandomStringUtils,97
Sun Jan 14 03:27:47 AEDT 2018 org.apache.commons.lang3.RandomStringUtils,111
Sun Jan 14 03:28:41 AEDT 2018 org.apache.commons.lang3.RandomStringUtils,125
Sun Jan 14 03:29:35 AEDT 2018 org.apache.commons.lang3.RandomStringUtils,143
Sun Jan 14 03:30:40 AEDT 2018 org.apache.commons.lang3.RandomStringUtils,187
Sun Jan 14 03:31:29 AEDT 2018 org.apache.commons.lang3.RandomStringUtils,226
Sun Jan 14 03:31:30 AEDT 2018 org.apache.commons.lang3.RandomStringUtils,228
Sun Jan 14 03:31:30 AEDT 2018 org.apache.commons.lang3.RandomStringUtils,231
Sun Jan 14 03:31:30 AEDT 2018 org.apache.commons.lang3.RandomStringUtils,235
Sun Jan 14 03:31:30 AEDT 2018 org.apache.commons.lang3.RandomStringUtils,236
Sun Jan 14 03:31:31 AEDT 2018 org.apache.commons.lang3.RandomStringUtils,238
Sun Jan 14 03:31:31 AEDT 2018 org.apache.commons.lang3.RandomStringUtils,239
Sun Jan 14 03:31:31 AEDT 2018 org.apache.commons.lang3.RandomStringUtils,241
Sun Jan 14 03:31:32 AEDT 2018 org.apache.commons.lang3.RandomStringUtils,242
Sun Jan 14 03:31:33 AEDT 2018 org.apache.commons.lang3.RandomStringUtils,255
Sun Jan 14 03:31:34 AEDT 2018 org.apache.commons.lang3.RandomStringUtils,257
Sun Jan 14 03:31:35 AEDT 2018 org.apache.commons.lang3.RandomStringUtils,260
Sun Jan 14 03:31:36 AEDT 2018 org.apache.commons.lang3.RandomStringUtils,261
Sun Jan 14 03:31:37 AEDT 2018 org.apache.commons.lang3.RandomStringUtils,262
Sun Jan 14 03:31:37 AEDT 2018 org.apache.commons.lang3.RandomStringUtils,265
Sun Jan 14 03:31:38 AEDT 2018 org.apache.commons.lang3.RandomStringUtils,266
Sun Jan 14 03:31:39 AEDT 2018 org.apache.commons.lang3.RandomStringUtils,267
Sun Jan 14 03:31:40 AEDT 2018 org.apache.commons.lang3.RandomStringUtils,269
Sun Jan 14 03:31:40 AEDT 2018 org.apache.commons.lang3.RandomStringUtils,270
Sun Jan 14 03:31:41 AEDT 2018 org.apache.commons.lang3.RandomStringUtils,271
Sun Jan 14 03:31:42 AEDT 2018 org.apache.commons.lang3.RandomStringUtils,274
Sun Jan 14 03:31:43 AEDT 2018 org.apache.commons.lang3.RandomStringUtils,275
Sun Jan 14 03:31:45 AEDT 2018 org.apache.commons.lang3.RandomStringUtils,276
Sun Jan 14 03:31:46 AEDT 2018 org.apache.commons.lang3.RandomStringUtils,278
Sun Jan 14 03:31:47 AEDT 2018 org.apache.commons.lang3.RandomStringUtils,280
Sun Jan 14 03:31:47 AEDT 2018 org.apache.commons.lang3.RandomStringUtils,282
Sun Jan 14 03:31:47 AEDT 2018 org.apache.commons.lang3.RandomStringUtils,285
Sun Jan 14 03:31:48 AEDT 2018 Sun Jan 14 03:31:48 AEDT 2018 : org.apache.commons.lang3.RandomStringUtils,287=>Find no block
Sun Jan 14 03:31:49 AEDT 2018 org.apache.commons.lang3.RandomStringUtils,288
Sun Jan 14 03:34:54 AEDT 2018 org.apache.commons.lang3.RandomStringUtils,306
Sun Jan 14 03:35:34 AEDT 2018 org.apache.commons.lang3.RandomStringUtils,307
Sun Jan 14 03:35:35 AEDT 2018 org.apache.commons.lang3.RandomStringUtils,309
Sun Jan 14 03:36:47 AEDT 2018 org.apache.commons.lang3.RandomStringUtils,325
Sun Jan 14 03:36:48 AEDT 2018 org.apache.commons.lang3.RandomStringUtils,326
Sun Jan 14 03:36:48 AEDT 2018 org.apache.commons.lang3.RandomStringUtils,328
Failed time : 18/01/14 03:38
