=================================================
Project : lang_20	start : 18/01/14 10:07
Current failed test : org.apache.commons.lang3.StringUtilsTest::testJoin_Objectarray_purify_6 | 18/01/14 10:09
Sun Jan 14 10:10:11 AEDT 2018 org.apache.commons.lang3.StringUtils,3383
Sun Jan 14 10:45:51 AEDT 2018 org.apache.commons.lang3.StringUtils,3230
Sun Jan 14 10:46:24 AEDT 2018 org.apache.commons.lang3.StringUtils,3338
Sun Jan 14 10:49:59 AEDT 2018 org.apache.commons.lang3.StringUtils,3369
Sun Jan 14 10:51:06 AEDT 2018 org.apache.commons.lang3.StringUtils,3372
Sun Jan 14 10:53:20 AEDT 2018 org.apache.commons.lang3.StringUtils,3373
Sun Jan 14 10:53:20 AEDT 2018 org.apache.commons.lang3.StringUtils,3378
Sun Jan 14 11:00:37 AEDT 2018 org.apache.commons.lang3.StringUtils,3379
Sun Jan 14 11:00:38 AEDT 2018 org.apache.commons.lang3.StringUtils,3335
Sun Jan 14 11:00:40 AEDT 2018 org.apache.commons.lang3.StringUtils,158
Sun Jan 14 11:00:43 AEDT 2018 Sun Jan 14 11:00:43 AEDT 2018 : org.apache.commons.lang3.StringUtils,159=>Find no block
Sun Jan 14 11:00:44 AEDT 2018 org.apache.commons.lang3.StringUtils,183
Sun Jan 14 11:01:25 AEDT 2018 org.apache.commons.lang3.StringUtils,202
Sun Jan 14 11:01:58 AEDT 2018 org.apache.commons.lang3.StringUtils,223
Sun Jan 14 11:06:30 AEDT 2018 org.apache.commons.lang3.StringUtils,224
Sun Jan 14 11:06:31 AEDT 2018 org.apache.commons.lang3.StringUtils,226
Sun Jan 14 11:13:43 AEDT 2018 org.apache.commons.lang3.StringUtils,227
Sun Jan 14 11:13:44 AEDT 2018 org.apache.commons.lang3.StringUtils,228
Sun Jan 14 11:13:46 AEDT 2018 org.apache.commons.lang3.StringUtils,231
Sun Jan 14 11:31:19 AEDT 2018 org.apache.commons.lang3.StringUtils,252
Sun Jan 14 11:31:51 AEDT 2018 org.apache.commons.lang3.StringUtils,281
Sun Jan 14 11:33:12 AEDT 2018 org.apache.commons.lang3.StringUtils,307
Sun Jan 14 11:35:26 AEDT 2018 org.apache.commons.lang3.StringUtils,308
Sun Jan 14 11:35:28 AEDT 2018 org.apache.commons.lang3.StringUtils,333
Sun Jan 14 11:36:30 AEDT 2018 org.apache.commons.lang3.StringUtils,361
Sun Jan 14 11:39:12 AEDT 2018 org.apache.commons.lang3.StringUtils,388
Sun Jan 14 11:43:30 AEDT 2018 org.apache.commons.lang3.StringUtils,389
Sun Jan 14 11:43:31 AEDT 2018 org.apache.commons.lang3.StringUtils,391
Sun Jan 14 11:51:17 AEDT 2018 org.apache.commons.lang3.StringUtils,392
Sun Jan 14 11:51:18 AEDT 2018 org.apache.commons.lang3.StringUtils,418
Sun Jan 14 11:52:20 AEDT 2018 org.apache.commons.lang3.StringUtils,448
Sun Jan 14 11:53:58 AEDT 2018 org.apache.commons.lang3.StringUtils,449
Sun Jan 14 11:53:59 AEDT 2018 org.apache.commons.lang3.StringUtils,451
Sun Jan 14 11:58:06 AEDT 2018 org.apache.commons.lang3.StringUtils,452
Sun Jan 14 11:58:08 AEDT 2018 org.apache.commons.lang3.StringUtils,481
Sun Jan 14 12:04:46 AEDT 2018 org.apache.commons.lang3.StringUtils,482
Sun Jan 14 12:04:47 AEDT 2018 org.apache.commons.lang3.StringUtils,484
Sun Jan 14 12:13:14 AEDT 2018 org.apache.commons.lang3.StringUtils,485
Timeout time : 18/01/14 12:40
Current failed test : org.apache.commons.lang3.StringUtilsTest::testJoin_ArrayChar_purify_8 | 18/01/14 12:40
Sun Jan 14 12:41:01 AEDT 2018 org.apache.commons.lang3.StringUtils,3298
Sun Jan 14 13:16:35 AEDT 2018 org.apache.commons.lang3.StringUtils,3290
Sun Jan 14 13:17:37 AEDT 2018 org.apache.commons.lang3.StringUtils,3293
Sun Jan 14 13:21:42 AEDT 2018 org.apache.commons.lang3.StringUtils,3294
Sun Jan 14 13:21:43 AEDT 2018 org.apache.commons.lang3.StringUtils,158
Sun Jan 14 13:21:46 AEDT 2018 Sun Jan 14 13:21:46 AEDT 2018 : org.apache.commons.lang3.StringUtils,159=>Find no block
Sun Jan 14 13:21:47 AEDT 2018 org.apache.commons.lang3.StringUtils,183
Sun Jan 14 13:22:28 AEDT 2018 org.apache.commons.lang3.StringUtils,202
Sun Jan 14 13:22:59 AEDT 2018 org.apache.commons.lang3.StringUtils,223
Sun Jan 14 13:27:30 AEDT 2018 org.apache.commons.lang3.StringUtils,224
Sun Jan 14 13:27:31 AEDT 2018 org.apache.commons.lang3.StringUtils,226
Sun Jan 14 13:34:42 AEDT 2018 org.apache.commons.lang3.StringUtils,227
Sun Jan 14 13:34:43 AEDT 2018 org.apache.commons.lang3.StringUtils,228
Sun Jan 14 13:34:44 AEDT 2018 org.apache.commons.lang3.StringUtils,231
Sun Jan 14 13:52:17 AEDT 2018 org.apache.commons.lang3.StringUtils,252
Sun Jan 14 13:52:47 AEDT 2018 org.apache.commons.lang3.StringUtils,281
Sun Jan 14 13:54:08 AEDT 2018 org.apache.commons.lang3.StringUtils,307
Sun Jan 14 13:56:22 AEDT 2018 org.apache.commons.lang3.StringUtils,308
Sun Jan 14 13:56:23 AEDT 2018 org.apache.commons.lang3.StringUtils,333
Sun Jan 14 13:57:23 AEDT 2018 org.apache.commons.lang3.StringUtils,361
Sun Jan 14 14:00:05 AEDT 2018 org.apache.commons.lang3.StringUtils,388
Sun Jan 14 14:04:21 AEDT 2018 org.apache.commons.lang3.StringUtils,389
Sun Jan 14 14:04:22 AEDT 2018 org.apache.commons.lang3.StringUtils,391
Sun Jan 14 14:12:06 AEDT 2018 org.apache.commons.lang3.StringUtils,392
Sun Jan 14 14:12:07 AEDT 2018 org.apache.commons.lang3.StringUtils,418
Sun Jan 14 14:13:08 AEDT 2018 org.apache.commons.lang3.StringUtils,448
Sun Jan 14 14:14:45 AEDT 2018 org.apache.commons.lang3.StringUtils,449
Sun Jan 14 14:14:46 AEDT 2018 org.apache.commons.lang3.StringUtils,451
Sun Jan 14 14:18:50 AEDT 2018 org.apache.commons.lang3.StringUtils,452
Sun Jan 14 14:18:52 AEDT 2018 org.apache.commons.lang3.StringUtils,481
Sun Jan 14 14:25:29 AEDT 2018 org.apache.commons.lang3.StringUtils,482
Sun Jan 14 14:25:30 AEDT 2018 org.apache.commons.lang3.StringUtils,484
Sun Jan 14 14:33:54 AEDT 2018 org.apache.commons.lang3.StringUtils,485
Timeout time : 18/01/14 15:11
