=================================================
Project : lang_21	start : 18/01/14 05:06
Current failed test : org.apache.commons.lang3.time.DateUtilsTest::testIsSameLocalTime_Cal | 18/01/14 05:06
Sun Jan 14 05:07:15 AEDT 2018 org.apache.commons.lang3.time.DateUtils,259
Sun Jan 14 05:07:18 AEDT 2018 org.apache.commons.lang3.time.DateUtils,262
Sun Jan 14 05:08:45 AEDT 2018 org.apache.commons.lang3.time.DateUtils,1832
Sun Jan 14 05:09:57 AEDT 2018 org.apache.commons.lang3.time.DateUtils,1833
Sun Jan 14 05:09:59 AEDT 2018 org.apache.commons.lang3.time.DateUtils,1834
Sun Jan 14 05:10:00 AEDT 2018 org.apache.commons.lang3.time.DateUtils,1835
Sun Jan 14 05:10:02 AEDT 2018 Sun Jan 14 05:10:02 AEDT 2018 : org.apache.commons.lang3.time.DateUtils,1836=>Find no block
Sun Jan 14 05:10:03 AEDT 2018 org.apache.commons.lang3.time.DateUtils,1844
Sun Jan 14 05:10:05 AEDT 2018 org.apache.commons.lang3.time.DateUtils,1853
Sun Jan 14 05:11:25 AEDT 2018 org.apache.commons.lang3.time.DateUtils,1854
Sun Jan 14 05:11:27 AEDT 2018 org.apache.commons.lang3.time.DateUtils,1856
Sun Jan 14 05:13:28 AEDT 2018 org.apache.commons.lang3.time.DateUtils,1857
Sun Jan 14 05:13:29 AEDT 2018 org.apache.commons.lang3.time.DateUtils,1867
Sun Jan 14 05:13:31 AEDT 2018 org.apache.commons.lang3.time.DateUtils,158
Sun Jan 14 05:13:35 AEDT 2018 Sun Jan 14 05:13:35 AEDT 2018 : org.apache.commons.lang3.time.DateUtils,159=>Find no block
Sun Jan 14 05:13:36 AEDT 2018 org.apache.commons.lang3.time.DateUtils,176
Sun Jan 14 05:13:38 AEDT 2018 org.apache.commons.lang3.time.DateUtils,177
Sun Jan 14 05:13:39 AEDT 2018 org.apache.commons.lang3.time.DateUtils,179
Sun Jan 14 05:14:30 AEDT 2018 org.apache.commons.lang3.time.DateUtils,180
Sun Jan 14 05:14:31 AEDT 2018 org.apache.commons.lang3.time.DateUtils,181
Sun Jan 14 05:14:31 AEDT 2018 org.apache.commons.lang3.time.DateUtils,182
Sun Jan 14 05:14:32 AEDT 2018 org.apache.commons.lang3.time.DateUtils,183
Sun Jan 14 05:14:34 AEDT 2018 org.apache.commons.lang3.time.DateUtils,200
Sun Jan 14 05:14:35 AEDT 2018 org.apache.commons.lang3.time.DateUtils,201
Sun Jan 14 05:14:37 AEDT 2018 org.apache.commons.lang3.time.DateUtils,203
Sun Jan 14 05:42:22 AEDT 2018 org.apache.commons.lang3.time.DateUtils,221
Sun Jan 14 05:42:24 AEDT 2018 org.apache.commons.lang3.time.DateUtils,222
Sun Jan 14 05:42:25 AEDT 2018 org.apache.commons.lang3.time.DateUtils,224
Sun Jan 14 05:44:27 AEDT 2018 org.apache.commons.lang3.time.DateUtils,239
Sun Jan 14 05:44:29 AEDT 2018 org.apache.commons.lang3.time.DateUtils,240
Sun Jan 14 05:44:30 AEDT 2018 org.apache.commons.lang3.time.DateUtils,242
Sun Jan 14 05:45:06 AEDT 2018 org.apache.commons.lang3.time.DateUtils,260
Sun Jan 14 05:45:06 AEDT 2018 org.apache.commons.lang3.time.DateUtils,288
Sun Jan 14 05:45:37 AEDT 2018 org.apache.commons.lang3.time.DateUtils,308
Sun Jan 14 05:46:07 AEDT 2018 org.apache.commons.lang3.time.DateUtils,328
Sun Jan 14 05:51:40 AEDT 2018 org.apache.commons.lang3.time.DateUtils,329
Sun Jan 14 05:51:41 AEDT 2018 org.apache.commons.lang3.time.DateUtils,332
Sun Jan 14 05:58:29 AEDT 2018 org.apache.commons.lang3.time.DateUtils,333
Sun Jan 14 05:59:14 AEDT 2018 org.apache.commons.lang3.time.DateUtils,334
Sun Jan 14 05:59:16 AEDT 2018 org.apache.commons.lang3.time.DateUtils,335
Sun Jan 14 06:25:04 AEDT 2018 org.apache.commons.lang3.time.DateUtils,337
Sun Jan 14 06:29:00 AEDT 2018 org.apache.commons.lang3.time.DateUtils,340
Sun Jan 14 06:29:01 AEDT 2018 org.apache.commons.lang3.time.DateUtils,341
Sun Jan 14 06:29:02 AEDT 2018 org.apache.commons.lang3.time.DateUtils,344
Sun Jan 14 06:35:00 AEDT 2018 org.apache.commons.lang3.time.DateUtils,345
Sun Jan 14 06:39:25 AEDT 2018 org.apache.commons.lang3.time.DateUtils,347
Sun Jan 14 06:48:39 AEDT 2018 org.apache.commons.lang3.time.DateUtils,349
Sun Jan 14 06:48:40 AEDT 2018 org.apache.commons.lang3.time.DateUtils,350
Sun Jan 14 06:48:42 AEDT 2018 org.apache.commons.lang3.time.DateUtils,353
Sun Jan 14 07:02:46 AEDT 2018 org.apache.commons.lang3.time.DateUtils,354
Sun Jan 14 07:02:48 AEDT 2018 org.apache.commons.lang3.time.DateUtils,355
Sun Jan 14 07:02:49 AEDT 2018 org.apache.commons.lang3.time.DateUtils,358
Sun Jan 14 07:18:58 AEDT 2018 org.apache.commons.lang3.time.DateUtils,372
Sun Jan 14 07:21:04 AEDT 2018 org.apache.commons.lang3.time.DateUtils,386
Sun Jan 14 07:23:12 AEDT 2018 org.apache.commons.lang3.time.DateUtils,400
Sun Jan 14 07:25:19 AEDT 2018 org.apache.commons.lang3.time.DateUtils,414
Sun Jan 14 07:27:27 AEDT 2018 org.apache.commons.lang3.time.DateUtils,428
Sun Jan 14 07:29:33 AEDT 2018 org.apache.commons.lang3.time.DateUtils,442
Sun Jan 14 07:31:40 AEDT 2018 org.apache.commons.lang3.time.DateUtils,456
Sun Jan 14 07:33:48 AEDT 2018 org.apache.commons.lang3.time.DateUtils,470
Sun Jan 14 07:35:56 AEDT 2018 org.apache.commons.lang3.time.DateUtils,485
Sun Jan 14 07:36:13 AEDT 2018 org.apache.commons.lang3.time.DateUtils,486
Sun Jan 14 07:36:14 AEDT 2018 org.apache.commons.lang3.time.DateUtils,488
Sun Jan 14 07:38:41 AEDT 2018 org.apache.commons.lang3.time.DateUtils,489
Sun Jan 14 07:38:41 AEDT 2018 org.apache.commons.lang3.time.DateUtils,490
Sun Jan 14 07:38:42 AEDT 2018 org.apache.commons.lang3.time.DateUtils,491
Sun Jan 14 07:38:43 AEDT 2018 org.apache.commons.lang3.time.DateUtils,506
Sun Jan 14 07:40:51 AEDT 2018 org.apache.commons.lang3.time.DateUtils,521
Sun Jan 14 07:42:57 AEDT 2018 org.apache.commons.lang3.time.DateUtils,536
Sun Jan 14 07:45:02 AEDT 2018 org.apache.commons.lang3.time.DateUtils,552
Sun Jan 14 07:47:08 AEDT 2018 org.apache.commons.lang3.time.DateUtils,567
Sun Jan 14 07:49:14 AEDT 2018 org.apache.commons.lang3.time.DateUtils,582
Sun Jan 14 07:51:22 AEDT 2018 org.apache.commons.lang3.time.DateUtils,597
Sun Jan 14 07:53:30 AEDT 2018 org.apache.commons.lang3.time.DateUtils,614
Sun Jan 14 07:53:31 AEDT 2018 org.apache.commons.lang3.time.DateUtils,615
Sun Jan 14 07:53:32 AEDT 2018 org.apache.commons.lang3.time.DateUtils,618
Sun Jan 14 07:55:25 AEDT 2018 org.apache.commons.lang3.time.DateUtils,619
Sun Jan 14 07:55:27 AEDT 2018 org.apache.commons.lang3.time.DateUtils,620
Sun Jan 14 07:55:27 AEDT 2018 org.apache.commons.lang3.time.DateUtils,621
Sun Jan 14 07:55:27 AEDT 2018 org.apache.commons.lang3.time.DateUtils,622
Sun Jan 14 07:55:29 AEDT 2018 org.apache.commons.lang3.time.DateUtils,635
Sun Jan 14 07:58:19 AEDT 2018 org.apache.commons.lang3.time.DateUtils,636
Sun Jan 14 07:58:20 AEDT 2018 org.apache.commons.lang3.time.DateUtils,637
Sun Jan 14 07:58:21 AEDT 2018 org.apache.commons.lang3.time.DateUtils,670
Sun Jan 14 07:58:22 AEDT 2018 org.apache.commons.lang3.time.DateUtils,671
Sun Jan 14 07:58:24 AEDT 2018 org.apache.commons.lang3.time.DateUtils,673
Sun Jan 14 08:00:44 AEDT 2018 org.apache.commons.lang3.time.DateUtils,674
Sun Jan 14 08:00:46 AEDT 2018 org.apache.commons.lang3.time.DateUtils,675
Sun Jan 14 08:00:48 AEDT 2018 org.apache.commons.lang3.time.DateUtils,676
Sun Jan 14 08:00:50 AEDT 2018 org.apache.commons.lang3.time.DateUtils,708
Sun Jan 14 08:00:50 AEDT 2018 org.apache.commons.lang3.time.DateUtils,709
Sun Jan 14 08:00:51 AEDT 2018 org.apache.commons.lang3.time.DateUtils,711
Sun Jan 14 08:02:12 AEDT 2018 org.apache.commons.lang3.time.DateUtils,712
Sun Jan 14 08:02:12 AEDT 2018 org.apache.commons.lang3.time.DateUtils,713
Sun Jan 14 08:02:13 AEDT 2018 org.apache.commons.lang3.time.DateUtils,747
Sun Jan 14 08:02:14 AEDT 2018 org.apache.commons.lang3.time.DateUtils,748
Sun Jan 14 08:02:16 AEDT 2018 org.apache.commons.lang3.time.DateUtils,750
Sun Jan 14 08:04:25 AEDT 2018 org.apache.commons.lang3.time.DateUtils,751
Sun Jan 14 08:04:26 AEDT 2018 org.apache.commons.lang3.time.DateUtils,752
Sun Jan 14 08:04:28 AEDT 2018 org.apache.commons.lang3.time.DateUtils,753
Sun Jan 14 08:04:29 AEDT 2018 org.apache.commons.lang3.time.DateUtils,755
Sun Jan 14 08:04:30 AEDT 2018 org.apache.commons.lang3.time.DateUtils,777
Sun Jan 14 08:04:30 AEDT 2018 org.apache.commons.lang3.time.DateUtils,778
Sun Jan 14 08:04:32 AEDT 2018 org.apache.commons.lang3.time.DateUtils,780
Sun Jan 14 08:06:52 AEDT 2018 org.apache.commons.lang3.time.DateUtils,781
Sun Jan 14 08:06:52 AEDT 2018 org.apache.commons.lang3.time.DateUtils,782
Sun Jan 14 08:06:53 AEDT 2018 org.apache.commons.lang3.time.DateUtils,783
Sun Jan 14 08:06:53 AEDT 2018 org.apache.commons.lang3.time.DateUtils,803
Sun Jan 14 08:06:54 AEDT 2018 org.apache.commons.lang3.time.DateUtils,804
Sun Jan 14 08:06:55 AEDT 2018 org.apache.commons.lang3.time.DateUtils,806
Sun Jan 14 08:08:08 AEDT 2018 org.apache.commons.lang3.time.DateUtils,807
Sun Jan 14 08:08:08 AEDT 2018 org.apache.commons.lang3.time.DateUtils,808
Sun Jan 14 08:08:09 AEDT 2018 org.apache.commons.lang3.time.DateUtils,832
Sun Jan 14 08:08:10 AEDT 2018 org.apache.commons.lang3.time.DateUtils,833
Sun Jan 14 08:08:12 AEDT 2018 org.apache.commons.lang3.time.DateUtils,835
Sun Jan 14 08:10:24 AEDT 2018 org.apache.commons.lang3.time.DateUtils,836
Sun Jan 14 08:10:25 AEDT 2018 org.apache.commons.lang3.time.DateUtils,837
Sun Jan 14 08:10:26 AEDT 2018 org.apache.commons.lang3.time.DateUtils,838
Sun Jan 14 08:10:26 AEDT 2018 org.apache.commons.lang3.time.DateUtils,840
Sun Jan 14 08:10:27 AEDT 2018 org.apache.commons.lang3.time.DateUtils,863
Sun Jan 14 08:10:29 AEDT 2018 org.apache.commons.lang3.time.DateUtils,864
Sun Jan 14 08:10:30 AEDT 2018 org.apache.commons.lang3.time.DateUtils,866
Sun Jan 14 08:12:49 AEDT 2018 org.apache.commons.lang3.time.DateUtils,867
Sun Jan 14 08:12:49 AEDT 2018 org.apache.commons.lang3.time.DateUtils,868
Sun Jan 14 08:12:50 AEDT 2018 org.apache.commons.lang3.time.DateUtils,869
Sun Jan 14 08:12:52 AEDT 2018 org.apache.commons.lang3.time.DateUtils,890
Sun Jan 14 08:12:53 AEDT 2018 org.apache.commons.lang3.time.DateUtils,891
Sun Jan 14 08:12:54 AEDT 2018 org.apache.commons.lang3.time.DateUtils,893
Sun Jan 14 08:14:07 AEDT 2018 org.apache.commons.lang3.time.DateUtils,894
Sun Jan 14 08:14:09 AEDT 2018 org.apache.commons.lang3.time.DateUtils,895
Sun Jan 14 08:14:10 AEDT 2018 org.apache.commons.lang3.time.DateUtils,920
Sun Jan 14 08:14:11 AEDT 2018 org.apache.commons.lang3.time.DateUtils,921
Sun Jan 14 08:14:11 AEDT 2018 org.apache.commons.lang3.time.DateUtils,923
Sun Jan 14 08:16:36 AEDT 2018 org.apache.commons.lang3.time.DateUtils,924
Sun Jan 14 08:16:36 AEDT 2018 org.apache.commons.lang3.time.DateUtils,925
Sun Jan 14 08:16:37 AEDT 2018 org.apache.commons.lang3.time.DateUtils,926
Sun Jan 14 08:16:37 AEDT 2018 org.apache.commons.lang3.time.DateUtils,928
Sun Jan 14 08:16:37 AEDT 2018 org.apache.commons.lang3.time.DateUtils,942
Sun Jan 14 08:17:57 AEDT 2018 org.apache.commons.lang3.time.DateUtils,943
Sun Jan 14 08:17:58 AEDT 2018 org.apache.commons.lang3.time.DateUtils,946
Sun Jan 14 08:18:49 AEDT 2018 org.apache.commons.lang3.time.DateUtils,947
Sun Jan 14 08:18:50 AEDT 2018 org.apache.commons.lang3.time.DateUtils,956
Sun Jan 14 08:22:35 AEDT 2018 org.apache.commons.lang3.time.DateUtils,957
Sun Jan 14 08:24:45 AEDT 2018 org.apache.commons.lang3.time.DateUtils,958
Sun Jan 14 08:29:21 AEDT 2018 org.apache.commons.lang3.time.DateUtils,961
Sun Jan 14 08:33:22 AEDT 2018 org.apache.commons.lang3.time.DateUtils,962
Sun Jan 14 08:34:21 AEDT 2018 org.apache.commons.lang3.time.DateUtils,963
Sun Jan 14 08:34:22 AEDT 2018 org.apache.commons.lang3.time.DateUtils,965
Sun Jan 14 08:35:41 AEDT 2018 org.apache.commons.lang3.time.DateUtils,966
Sun Jan 14 08:35:41 AEDT 2018 org.apache.commons.lang3.time.DateUtils,970
Sun Jan 14 08:42:00 AEDT 2018 org.apache.commons.lang3.time.DateUtils,971
Sun Jan 14 08:42:02 AEDT 2018 org.apache.commons.lang3.time.DateUtils,972
Sun Jan 14 08:42:03 AEDT 2018 org.apache.commons.lang3.time.DateUtils,974
Sun Jan 14 08:43:25 AEDT 2018 org.apache.commons.lang3.time.DateUtils,975
Sun Jan 14 08:43:25 AEDT 2018 org.apache.commons.lang3.time.DateUtils,979
Sun Jan 14 08:53:39 AEDT 2018 org.apache.commons.lang3.time.DateUtils,980
Sun Jan 14 08:53:41 AEDT 2018 org.apache.commons.lang3.time.DateUtils,981
Sun Jan 14 08:53:41 AEDT 2018 org.apache.commons.lang3.time.DateUtils,985
Sun Jan 14 09:00:13 AEDT 2018 org.apache.commons.lang3.time.DateUtils,986
Sun Jan 14 09:00:14 AEDT 2018 org.apache.commons.lang3.time.DateUtils,987
Sun Jan 14 09:00:15 AEDT 2018 org.apache.commons.lang3.time.DateUtils,991
Sun Jan 14 09:05:58 AEDT 2018 org.apache.commons.lang3.time.DateUtils,992
Timeout time : 18/01/14 10:07
