=================================================
Project : lang_24	start : 18/01/14 07:28
Current failed test : org.apache.commons.lang3.math.NumberUtilsTest::testIsNumber | 18/01/14 07:28
Sun Jan 14 07:29:32 AEDT 2018 org.apache.commons.lang3.math.NumberUtils,457
Sun Jan 14 07:31:59 AEDT 2018 org.apache.commons.lang3.math.NumberUtils,464
Sun Jan 14 07:34:31 AEDT 2018 org.apache.commons.lang3.math.NumberUtils,480
Sun Jan 14 07:55:43 AEDT 2018 org.apache.commons.lang3.math.NumberUtils,492
Sun Jan 14 08:21:00 AEDT 2018 org.apache.commons.lang3.math.NumberUtils,521
Sun Jan 14 08:31:18 AEDT 2018 Sun Jan 14 08:31:18 AEDT 2018 : org.apache.commons.lang3.math.NumberUtils,532=>Find no block
Sun Jan 14 08:31:19 AEDT 2018 Sun Jan 14 08:31:19 AEDT 2018 : org.apache.commons.lang3.math.NumberUtils,543=>Find no block
Sun Jan 14 08:31:21 AEDT 2018 Sun Jan 14 08:31:21 AEDT 2018 : org.apache.commons.lang3.math.NumberUtils,548=>Find no block
Sun Jan 14 08:31:22 AEDT 2018 org.apache.commons.lang3.math.NumberUtils,553
Sun Jan 14 08:33:47 AEDT 2018 Sun Jan 14 08:33:47 AEDT 2018 : org.apache.commons.lang3.math.NumberUtils,586=>Find no block
Sun Jan 14 08:33:49 AEDT 2018 Sun Jan 14 08:33:49 AEDT 2018 : org.apache.commons.lang3.math.NumberUtils,594=>Find no block
Sun Jan 14 08:33:50 AEDT 2018 org.apache.commons.lang3.math.NumberUtils,598
Sun Jan 14 08:34:31 AEDT 2018 org.apache.commons.lang3.math.NumberUtils,621
Sun Jan 14 08:58:12 AEDT 2018 org.apache.commons.lang3.math.NumberUtils,1320
Sun Jan 14 09:00:42 AEDT 2018 org.apache.commons.lang3.math.NumberUtils,1321
Sun Jan 14 09:00:43 AEDT 2018 org.apache.commons.lang3.math.NumberUtils,1323
Sun Jan 14 09:06:55 AEDT 2018 org.apache.commons.lang3.math.NumberUtils,1324
Sun Jan 14 09:10:32 AEDT 2018 org.apache.commons.lang3.math.NumberUtils,1325
Sun Jan 14 09:13:42 AEDT 2018 org.apache.commons.lang3.math.NumberUtils,1326
Sun Jan 14 09:13:45 AEDT 2018 org.apache.commons.lang3.math.NumberUtils,1327
Sun Jan 14 09:13:49 AEDT 2018 org.apache.commons.lang3.math.NumberUtils,1328
Sun Jan 14 09:14:02 AEDT 2018 org.apache.commons.lang3.math.NumberUtils,1330
Sun Jan 14 09:14:03 AEDT 2018 org.apache.commons.lang3.math.NumberUtils,1331
Sun Jan 14 10:18:57 AEDT 2018 org.apache.commons.lang3.math.NumberUtils,1332
Sun Jan 14 10:18:58 AEDT 2018 org.apache.commons.lang3.math.NumberUtils,1333
Sun Jan 14 10:19:00 AEDT 2018 org.apache.commons.lang3.math.NumberUtils,1334
Sun Jan 14 10:19:01 AEDT 2018 org.apache.commons.lang3.math.NumberUtils,1338
Sun Jan 14 10:19:03 AEDT 2018 org.apache.commons.lang3.math.NumberUtils,1339
Sun Jan 14 10:19:04 AEDT 2018 org.apache.commons.lang3.math.NumberUtils,1342
Sun Jan 14 10:19:05 AEDT 2018 org.apache.commons.lang3.math.NumberUtils,1345
Sun Jan 14 10:19:07 AEDT 2018 org.apache.commons.lang3.math.NumberUtils,1348
Sun Jan 14 10:29:36 AEDT 2018 org.apache.commons.lang3.math.NumberUtils,1350
Sun Jan 14 10:47:45 AEDT 2018 org.apache.commons.lang3.math.NumberUtils,1353
Sun Jan 14 11:18:36 AEDT 2018 org.apache.commons.lang3.math.NumberUtils,1354
Sun Jan 14 11:18:38 AEDT 2018 org.apache.commons.lang3.math.NumberUtils,1355
Sun Jan 14 11:18:41 AEDT 2018 org.apache.commons.lang3.math.NumberUtils,1356
Sun Jan 14 11:18:43 AEDT 2018 org.apache.commons.lang3.math.NumberUtils,1358
Sun Jan 14 11:18:44 AEDT 2018 org.apache.commons.lang3.math.NumberUtils,1359
Sun Jan 14 11:18:45 AEDT 2018 org.apache.commons.lang3.math.NumberUtils,1361
Sun Jan 14 11:18:47 AEDT 2018 org.apache.commons.lang3.math.NumberUtils,1363
Sun Jan 14 11:19:28 AEDT 2018 org.apache.commons.lang3.math.NumberUtils,1364
Sun Jan 14 11:19:29 AEDT 2018 org.apache.commons.lang3.math.NumberUtils,1366
Sun Jan 14 11:19:31 AEDT 2018 org.apache.commons.lang3.math.NumberUtils,1370
Sun Jan 14 11:19:32 AEDT 2018 org.apache.commons.lang3.math.NumberUtils,1373
Sun Jan 14 11:20:19 AEDT 2018 org.apache.commons.lang3.math.NumberUtils,1374
Sun Jan 14 11:20:20 AEDT 2018 org.apache.commons.lang3.math.NumberUtils,1375
Sun Jan 14 11:20:22 AEDT 2018 org.apache.commons.lang3.math.NumberUtils,1376
Sun Jan 14 11:20:23 AEDT 2018 org.apache.commons.lang3.math.NumberUtils,1377
Sun Jan 14 11:20:25 AEDT 2018 org.apache.commons.lang3.math.NumberUtils,1379
Sun Jan 14 11:20:26 AEDT 2018 org.apache.commons.lang3.math.NumberUtils,1380
Sun Jan 14 11:20:27 AEDT 2018 org.apache.commons.lang3.math.NumberUtils,1382
Sun Jan 14 11:20:29 AEDT 2018 org.apache.commons.lang3.math.NumberUtils,1384
Sun Jan 14 11:22:25 AEDT 2018 org.apache.commons.lang3.math.NumberUtils,1386
Sun Jan 14 11:50:28 AEDT 2018 org.apache.commons.lang3.math.NumberUtils,1387
Sun Jan 14 11:50:30 AEDT 2018 org.apache.commons.lang3.math.NumberUtils,1389
Sun Jan 14 11:50:31 AEDT 2018 org.apache.commons.lang3.math.NumberUtils,1391
Sun Jan 14 11:50:32 AEDT 2018 org.apache.commons.lang3.math.NumberUtils,1393
Sun Jan 14 11:50:34 AEDT 2018 org.apache.commons.lang3.math.NumberUtils,1395
Sun Jan 14 11:50:35 AEDT 2018 org.apache.commons.lang3.math.NumberUtils,1396
Sun Jan 14 11:50:37 AEDT 2018 org.apache.commons.lang3.math.NumberUtils,1401
Sun Jan 14 11:50:38 AEDT 2018 org.apache.commons.lang3.math.NumberUtils,1403
Sun Jan 14 11:50:39 AEDT 2018 org.apache.commons.lang3.math.NumberUtils,1408
Sun Jan 14 11:50:41 AEDT 2018 org.apache.commons.lang3.math.NumberUtils,1410
Sun Jan 14 11:50:42 AEDT 2018 org.apache.commons.lang3.math.NumberUtils,1413
Sun Jan 14 11:50:43 AEDT 2018 org.apache.commons.lang3.math.NumberUtils,1416
Sun Jan 14 11:59:07 AEDT 2018 org.apache.commons.lang3.math.NumberUtils,454
Sun Jan 14 12:01:37 AEDT 2018 org.apache.commons.lang3.math.NumberUtils,467
Sun Jan 14 12:04:49 AEDT 2018 org.apache.commons.lang3.math.NumberUtils,478
Sun Jan 14 12:13:37 AEDT 2018 org.apache.commons.lang3.math.NumberUtils,479
Sun Jan 14 12:13:38 AEDT 2018 org.apache.commons.lang3.math.NumberUtils,482
Sun Jan 14 12:13:40 AEDT 2018 org.apache.commons.lang3.math.NumberUtils,484
Sun Jan 14 12:13:41 AEDT 2018 org.apache.commons.lang3.math.NumberUtils,486
Sun Jan 14 12:26:25 AEDT 2018 org.apache.commons.lang3.math.NumberUtils,489
Sun Jan 14 12:26:26 AEDT 2018 org.apache.commons.lang3.math.NumberUtils,500
Timeout time : 18/01/14 12:29
