=================================================
Project : lang_4	start : 18/01/13 23:27
Current failed test : org.apache.commons.lang3.text.translate.LookupTranslatorTest::testLang882_purify_1 | 18/01/13 23:28
Sat Jan 13 23:28:57 AEDT 2018 Sat Jan 13 23:28:57 AEDT 2018 : org.apache.commons.lang3.text.translate.LookupTranslator,45=>Find no block
Sat Jan 13 23:28:59 AEDT 2018 org.apache.commons.lang3.text.translate.LookupTranslator,46
Sat Jan 13 23:29:15 AEDT 2018 org.apache.commons.lang3.text.translate.LookupTranslator,47
Sat Jan 13 23:29:16 AEDT 2018 org.apache.commons.lang3.text.translate.LookupTranslator,48
Sat Jan 13 23:34:33 AEDT 2018 org.apache.commons.lang3.text.translate.LookupTranslator,49
Sat Jan 13 23:34:34 AEDT 2018 org.apache.commons.lang3.text.translate.LookupTranslator,50
Sat Jan 13 23:34:35 AEDT 2018 org.apache.commons.lang3.text.translate.LookupTranslator,51
Sat Jan 13 23:34:37 AEDT 2018 org.apache.commons.lang3.text.translate.LookupTranslator,52
Sat Jan 13 23:34:38 AEDT 2018 org.apache.commons.lang3.text.translate.LookupTranslator,53
Sat Jan 13 23:34:39 AEDT 2018 org.apache.commons.lang3.text.translate.LookupTranslator,54
Sat Jan 13 23:34:41 AEDT 2018 org.apache.commons.lang3.text.translate.LookupTranslator,56
Sat Jan 13 23:34:42 AEDT 2018 org.apache.commons.lang3.text.translate.LookupTranslator,57
Sat Jan 13 23:34:44 AEDT 2018 org.apache.commons.lang3.text.translate.LookupTranslator,61
Sat Jan 13 23:35:20 AEDT 2018 org.apache.commons.lang3.text.translate.LookupTranslator,62
Sat Jan 13 23:35:21 AEDT 2018 Sat Jan 13 23:35:21 AEDT 2018 : org.apache.commons.lang3.text.translate.LookupTranslator,63=>Find no block
Sat Jan 13 23:35:23 AEDT 2018 Sat Jan 13 23:35:23 AEDT 2018 : org.apache.commons.lang3.text.translate.CharSequenceTranslator,32=>Find no block
Sat Jan 13 23:35:24 AEDT 2018 org.apache.commons.lang3.text.translate.LookupTranslator,76
Sat Jan 13 23:41:05 AEDT 2018 org.apache.commons.lang3.text.translate.LookupTranslator,77
Sat Jan 13 23:41:06 AEDT 2018 org.apache.commons.lang3.text.translate.LookupTranslator,78
Sat Jan 13 23:41:08 AEDT 2018 org.apache.commons.lang3.text.translate.LookupTranslator,83
Sat Jan 13 23:45:56 AEDT 2018 org.apache.commons.lang3.text.translate.LookupTranslator,70
Sat Jan 13 23:53:01 AEDT 2018 org.apache.commons.lang3.text.translate.LookupTranslator,71
Sun Jan 14 00:00:42 AEDT 2018 org.apache.commons.lang3.text.translate.LookupTranslator,75
Sun Jan 14 00:00:43 AEDT 2018 Sun Jan 14 00:00:43 AEDT 2018 : org.apache.commons.lang3.text.translate.AggregateTranslator,40=>Find no block
Sun Jan 14 00:00:45 AEDT 2018 org.apache.commons.lang3.text.translate.AggregateTranslator,41
Sun Jan 14 00:01:17 AEDT 2018 Sun Jan 14 00:01:17 AEDT 2018 : org.apache.commons.lang3.text.translate.AggregateTranslator,42=>Find no block
Sun Jan 14 00:01:18 AEDT 2018 org.apache.commons.lang3.text.translate.AggregateTranslator,51
Sun Jan 14 00:02:17 AEDT 2018 org.apache.commons.lang3.text.translate.AggregateTranslator,52
Sun Jan 14 00:02:18 AEDT 2018 org.apache.commons.lang3.text.translate.AggregateTranslator,53
Sun Jan 14 00:02:20 AEDT 2018 org.apache.commons.lang3.text.translate.AggregateTranslator,54
Sun Jan 14 00:02:21 AEDT 2018 org.apache.commons.lang3.text.translate.AggregateTranslator,57
Sun Jan 14 00:03:22 AEDT 2018 org.apache.commons.lang3.text.translate.CharSequenceTranslator,54
Sun Jan 14 00:03:40 AEDT 2018 org.apache.commons.lang3.text.translate.CharSequenceTranslator,55
Sun Jan 14 00:03:42 AEDT 2018 org.apache.commons.lang3.text.translate.CharSequenceTranslator,58
Sun Jan 14 00:04:36 AEDT 2018 org.apache.commons.lang3.text.translate.CharSequenceTranslator,59
Sun Jan 14 00:04:37 AEDT 2018 org.apache.commons.lang3.text.translate.CharSequenceTranslator,60
Sun Jan 14 00:04:39 AEDT 2018 Sun Jan 14 00:04:39 AEDT 2018 : org.apache.commons.lang3.text.translate.CharSequenceTranslator,61=>Find no block
Sun Jan 14 00:04:40 AEDT 2018 org.apache.commons.lang3.text.translate.CharSequenceTranslator,63
Sun Jan 14 00:04:42 AEDT 2018 org.apache.commons.lang3.text.translate.CharSequenceTranslator,76
Sun Jan 14 00:04:45 AEDT 2018 org.apache.commons.lang3.text.translate.CharSequenceTranslator,77
Sun Jan 14 00:04:47 AEDT 2018 org.apache.commons.lang3.text.translate.CharSequenceTranslator,79
Sun Jan 14 00:05:12 AEDT 2018 org.apache.commons.lang3.text.translate.CharSequenceTranslator,80
Sun Jan 14 00:05:14 AEDT 2018 org.apache.commons.lang3.text.translate.CharSequenceTranslator,82
Sun Jan 14 00:09:03 AEDT 2018 org.apache.commons.lang3.text.translate.CharSequenceTranslator,83
Sun Jan 14 00:09:05 AEDT 2018 org.apache.commons.lang3.text.translate.CharSequenceTranslator,84
Sun Jan 14 00:19:11 AEDT 2018 org.apache.commons.lang3.text.translate.CharSequenceTranslator,85
Sun Jan 14 00:19:13 AEDT 2018 org.apache.commons.lang3.text.translate.CharSequenceTranslator,86
Sun Jan 14 00:19:14 AEDT 2018 org.apache.commons.lang3.text.translate.CharSequenceTranslator,87
Sun Jan 14 00:19:16 AEDT 2018 org.apache.commons.lang3.text.translate.CharSequenceTranslator,88
Sun Jan 14 00:19:17 AEDT 2018 org.apache.commons.lang3.text.translate.CharSequenceTranslator,89
Sun Jan 14 00:19:19 AEDT 2018 org.apache.commons.lang3.text.translate.CharSequenceTranslator,90
Sun Jan 14 00:19:20 AEDT 2018 org.apache.commons.lang3.text.translate.CharSequenceTranslator,94
Sun Jan 14 00:19:21 AEDT 2018 org.apache.commons.lang3.text.translate.CharSequenceTranslator,95
Sun Jan 14 00:19:23 AEDT 2018 Sun Jan 14 00:19:23 AEDT 2018 : org.apache.commons.lang3.text.translate.CharSequenceTranslator,97=>Find no block
Sun Jan 14 00:19:25 AEDT 2018 Sun Jan 14 00:19:25 AEDT 2018 : org.apache.commons.lang3.text.translate.CharSequenceTranslator,98=>Find no block
Sun Jan 14 00:19:26 AEDT 2018 org.apache.commons.lang3.text.translate.CharSequenceTranslator,108
Sun Jan 14 00:25:24 AEDT 2018 org.apache.commons.lang3.text.translate.CharSequenceTranslator,109
Sun Jan 14 00:25:25 AEDT 2018 org.apache.commons.lang3.text.translate.CharSequenceTranslator,110
Sun Jan 14 00:25:26 AEDT 2018 org.apache.commons.lang3.text.translate.CharSequenceTranslator,111
Sun Jan 14 00:25:27 AEDT 2018 org.apache.commons.lang3.text.translate.CharSequenceTranslator,122
Sun Jan 14 00:25:31 AEDT 2018 org.apache.commons.lang3.text.translate.LookupTranslator,72
Sun Jan 14 00:25:32 AEDT 2018 org.apache.commons.lang3.text.translate.LookupTranslator,79
Sun Jan 14 00:25:34 AEDT 2018 org.apache.commons.lang3.text.translate.LookupTranslator,80
Failed time : 18/01/14 00:25
Current failed test : org.apache.commons.lang3.text.translate.LookupTranslatorTest::testLang882_purify_2 | 18/01/14 00:25
Sun Jan 14 00:26:16 AEDT 2018 Sun Jan 14 00:26:16 AEDT 2018 : org.apache.commons.lang3.text.translate.LookupTranslator,45=>Find no block
Sun Jan 14 00:26:17 AEDT 2018 org.apache.commons.lang3.text.translate.LookupTranslator,46
Sun Jan 14 00:26:30 AEDT 2018 org.apache.commons.lang3.text.translate.LookupTranslator,47
Sun Jan 14 00:26:32 AEDT 2018 org.apache.commons.lang3.text.translate.LookupTranslator,48
Sun Jan 14 00:31:42 AEDT 2018 org.apache.commons.lang3.text.translate.LookupTranslator,49
Sun Jan 14 00:31:44 AEDT 2018 org.apache.commons.lang3.text.translate.LookupTranslator,50
Sun Jan 14 00:31:45 AEDT 2018 org.apache.commons.lang3.text.translate.LookupTranslator,51
Sun Jan 14 00:31:47 AEDT 2018 org.apache.commons.lang3.text.translate.LookupTranslator,52
Sun Jan 14 00:31:48 AEDT 2018 org.apache.commons.lang3.text.translate.LookupTranslator,53
Sun Jan 14 00:31:50 AEDT 2018 org.apache.commons.lang3.text.translate.LookupTranslator,54
Sun Jan 14 00:31:52 AEDT 2018 org.apache.commons.lang3.text.translate.LookupTranslator,56
Sun Jan 14 00:31:53 AEDT 2018 org.apache.commons.lang3.text.translate.LookupTranslator,57
Sun Jan 14 00:31:54 AEDT 2018 org.apache.commons.lang3.text.translate.LookupTranslator,61
Sun Jan 14 00:32:31 AEDT 2018 org.apache.commons.lang3.text.translate.LookupTranslator,62
Sun Jan 14 00:32:32 AEDT 2018 Sun Jan 14 00:32:32 AEDT 2018 : org.apache.commons.lang3.text.translate.LookupTranslator,63=>Find no block
Sun Jan 14 00:32:34 AEDT 2018 Sun Jan 14 00:32:34 AEDT 2018 : org.apache.commons.lang3.text.translate.CharSequenceTranslator,32=>Find no block
Sun Jan 14 00:32:35 AEDT 2018 org.apache.commons.lang3.text.translate.LookupTranslator,76
Sun Jan 14 00:38:15 AEDT 2018 org.apache.commons.lang3.text.translate.LookupTranslator,77
Sun Jan 14 00:38:17 AEDT 2018 org.apache.commons.lang3.text.translate.LookupTranslator,78
Sun Jan 14 00:38:18 AEDT 2018 org.apache.commons.lang3.text.translate.LookupTranslator,83
Sun Jan 14 00:43:05 AEDT 2018 org.apache.commons.lang3.text.translate.LookupTranslator,70
Sun Jan 14 00:50:11 AEDT 2018 org.apache.commons.lang3.text.translate.LookupTranslator,71
Sun Jan 14 00:57:53 AEDT 2018 org.apache.commons.lang3.text.translate.LookupTranslator,75
Sun Jan 14 00:57:53 AEDT 2018 Sun Jan 14 00:57:53 AEDT 2018 : org.apache.commons.lang3.text.translate.AggregateTranslator,40=>Find no block
Sun Jan 14 00:57:54 AEDT 2018 org.apache.commons.lang3.text.translate.AggregateTranslator,41
Sun Jan 14 00:58:28 AEDT 2018 Sun Jan 14 00:58:28 AEDT 2018 : org.apache.commons.lang3.text.translate.AggregateTranslator,42=>Find no block
Sun Jan 14 00:58:30 AEDT 2018 org.apache.commons.lang3.text.translate.AggregateTranslator,51
Sun Jan 14 00:59:28 AEDT 2018 org.apache.commons.lang3.text.translate.AggregateTranslator,52
Sun Jan 14 00:59:30 AEDT 2018 org.apache.commons.lang3.text.translate.AggregateTranslator,53
Sun Jan 14 00:59:31 AEDT 2018 org.apache.commons.lang3.text.translate.AggregateTranslator,54
Sun Jan 14 00:59:33 AEDT 2018 org.apache.commons.lang3.text.translate.AggregateTranslator,57
Sun Jan 14 01:00:33 AEDT 2018 org.apache.commons.lang3.text.translate.CharSequenceTranslator,54
Sun Jan 14 01:00:52 AEDT 2018 org.apache.commons.lang3.text.translate.CharSequenceTranslator,55
Sun Jan 14 01:00:53 AEDT 2018 org.apache.commons.lang3.text.translate.CharSequenceTranslator,58
Sun Jan 14 01:01:49 AEDT 2018 org.apache.commons.lang3.text.translate.CharSequenceTranslator,59
Sun Jan 14 01:01:50 AEDT 2018 org.apache.commons.lang3.text.translate.CharSequenceTranslator,60
Sun Jan 14 01:01:52 AEDT 2018 Sun Jan 14 01:01:52 AEDT 2018 : org.apache.commons.lang3.text.translate.CharSequenceTranslator,61=>Find no block
Sun Jan 14 01:01:53 AEDT 2018 org.apache.commons.lang3.text.translate.CharSequenceTranslator,63
Sun Jan 14 01:01:55 AEDT 2018 org.apache.commons.lang3.text.translate.CharSequenceTranslator,76
Sun Jan 14 01:01:59 AEDT 2018 org.apache.commons.lang3.text.translate.CharSequenceTranslator,77
Sun Jan 14 01:02:00 AEDT 2018 org.apache.commons.lang3.text.translate.CharSequenceTranslator,79
Sun Jan 14 01:02:24 AEDT 2018 org.apache.commons.lang3.text.translate.CharSequenceTranslator,80
Sun Jan 14 01:02:26 AEDT 2018 org.apache.commons.lang3.text.translate.CharSequenceTranslator,82
Sun Jan 14 01:06:14 AEDT 2018 org.apache.commons.lang3.text.translate.CharSequenceTranslator,83
Sun Jan 14 01:06:16 AEDT 2018 org.apache.commons.lang3.text.translate.CharSequenceTranslator,84
Sun Jan 14 01:16:26 AEDT 2018 org.apache.commons.lang3.text.translate.CharSequenceTranslator,85
Sun Jan 14 01:16:27 AEDT 2018 org.apache.commons.lang3.text.translate.CharSequenceTranslator,86
Sun Jan 14 01:16:29 AEDT 2018 org.apache.commons.lang3.text.translate.CharSequenceTranslator,87
Sun Jan 14 01:16:30 AEDT 2018 org.apache.commons.lang3.text.translate.CharSequenceTranslator,88
Sun Jan 14 01:16:32 AEDT 2018 org.apache.commons.lang3.text.translate.CharSequenceTranslator,89
Sun Jan 14 01:16:33 AEDT 2018 org.apache.commons.lang3.text.translate.CharSequenceTranslator,90
Sun Jan 14 01:16:35 AEDT 2018 org.apache.commons.lang3.text.translate.CharSequenceTranslator,94
Sun Jan 14 01:16:36 AEDT 2018 org.apache.commons.lang3.text.translate.CharSequenceTranslator,95
Sun Jan 14 01:16:37 AEDT 2018 Sun Jan 14 01:16:37 AEDT 2018 : org.apache.commons.lang3.text.translate.CharSequenceTranslator,97=>Find no block
Sun Jan 14 01:16:39 AEDT 2018 Sun Jan 14 01:16:39 AEDT 2018 : org.apache.commons.lang3.text.translate.CharSequenceTranslator,98=>Find no block
Sun Jan 14 01:16:40 AEDT 2018 org.apache.commons.lang3.text.translate.CharSequenceTranslator,108
Sun Jan 14 01:22:36 AEDT 2018 org.apache.commons.lang3.text.translate.CharSequenceTranslator,109
Sun Jan 14 01:22:38 AEDT 2018 org.apache.commons.lang3.text.translate.CharSequenceTranslator,110
Sun Jan 14 01:22:39 AEDT 2018 org.apache.commons.lang3.text.translate.CharSequenceTranslator,111
Sun Jan 14 01:22:41 AEDT 2018 org.apache.commons.lang3.text.translate.CharSequenceTranslator,122
Sun Jan 14 01:22:45 AEDT 2018 org.apache.commons.lang3.text.translate.LookupTranslator,72
Sun Jan 14 01:22:46 AEDT 2018 org.apache.commons.lang3.text.translate.LookupTranslator,79
Sun Jan 14 01:22:48 AEDT 2018 org.apache.commons.lang3.text.translate.LookupTranslator,80
Failed time : 18/01/14 01:22
