=================================================
Project : lang_44	start : 18/01/14 00:58
Current failed test : org.apache.commons.lang.NumberUtilsTest::testLang457 | 18/01/14 00:59
Sun Jan 14 00:59:36 AEDT 2018 org.apache.commons.lang.NumberUtils,139
Sun Jan 14 00:59:50 AEDT 2018 org.apache.commons.lang.NumberUtils,142

----------------------------------------
----------------------------------------
Pass Single Test : [=>0,0]
if(val.length()!=0){
throw new NumberFormatException("\"\" is not a valid number.");
}

Time : 18/01/14 01:01
----------------------------------------
Sun Jan 14 01:03:24 AEDT 2018 org.apache.commons.lang.NumberUtils,145
Sun Jan 14 01:04:15 AEDT 2018 org.apache.commons.lang.NumberUtils,152
Sun Jan 14 01:05:19 AEDT 2018 org.apache.commons.lang.NumberUtils,155
Sun Jan 14 01:11:24 AEDT 2018 org.apache.commons.lang.NumberUtils,159
Sun Jan 14 01:14:34 AEDT 2018 org.apache.commons.lang.NumberUtils,160
Sun Jan 14 01:14:34 AEDT 2018 org.apache.commons.lang.NumberUtils,162
Sun Jan 14 01:30:51 AEDT 2018 org.apache.commons.lang.NumberUtils,174
Sun Jan 14 01:30:51 AEDT 2018 org.apache.commons.lang.NumberUtils,177
Sun Jan 14 01:30:52 AEDT 2018 org.apache.commons.lang.NumberUtils,179
Sun Jan 14 01:35:49 AEDT 2018 org.apache.commons.lang.NumberUtils,181

----------------------------------------
----------------------------------------
Pass Single Test : [=>0,0]
if(expPos>-1&&expPos<val.length()-1){
exp=val.substring(expPos+1,val.length()-1);
}else {
exp=null;
throw new NumberFormatException("\"\" is not a valid number.");
}

Time : 18/01/14 01:39
----------------------------------------

----------------------------------------
----------------------------------------
Pass Single Test : [=>0,0]
if(expPos>-1&&expPos<val.length()-1){
exp=val.substring(expPos+1,val.length()-1);
}else {
exp=null;
return createInteger(val);
}

Time : 18/01/14 01:46
----------------------------------------

----------------------------------------
----------------------------------------
Pass Single Test : [=>0,0]
if(val.startsWith("--")){
return null;
}
if(expPos>-1&&expPos<val.length()-1){
exp=val.substring(expPos+1,val.length()-1);
}else {
exp=null;
return createInteger(val);
}

Time : 18/01/14 01:47
----------------------------------------

----------------------------------------
----------------------------------------
Pass Single Test : [=>0,0]
if(dec==null&&exp==null&&expPos<numeric.length()-1){
try{
return createLong(numeric);
}catch (NumberFormatException nfe) {
}

return createBigInteger(numeric);
}

Time : 18/01/14 01:59
----------------------------------------

----------------------------------------
----------------------------------------
Similar code block : 1.2094681193855221 : [/home/hz985/jiajun/d4j/projects/lang/lang_44_buggy/src/java/org/apache/commons/lang/NumberUtils.java=>0,0]
if(expPos>-1&&expPos<str.length()-1){
exp=str.substring(expPos+1,str.length());
}else {
exp=null;
}

Time : 18/01/14 01:59
----------------------------------------

----------------------------------------
----------------------------------------
Original source code : [/home/hz985/jiajun/d4j/projects/lang/lang_44_buggy/src/java/org/apache/commons/lang/NumberUtils.java=>193,203]
if(dec==null&&exp==null&&(numeric.charAt(0)=='-'&&isDigits(numeric.substring(1))||isDigits(numeric))){
try{
return createLong(numeric);
}catch (NumberFormatException nfe) {
}

return createBigInteger(numeric);
}

Time : 18/01/14 01:59
----------------------------------------

----------------------------------------
----------------------------------------
Find a patch : [/home/hz985/jiajun/d4j/projects/lang/lang_44_buggy/src/java/org/apache/commons/lang/NumberUtils.java=>193,203]
if(dec==null&&exp==null&&expPos<numeric.length()-1){
try{
return createLong(numeric);
}catch (NumberFormatException nfe) {
}

return createBigInteger(numeric);
}

Time : 18/01/14 01:59
----------------------------------------
Success time : 18/01/14 01:59
