=================================================
Project : lang_53	start : 18/01/14 05:20
Current failed test : org.apache.commons.lang.time.DateUtilsTest::testRoundLang346 | 18/01/14 05:21
Sun Jan 14 05:21:49 AEDT 2018 org.apache.commons.lang.time.DateUtils,676
Sun Jan 14 05:33:36 AEDT 2018 org.apache.commons.lang.time.DateUtils,689
Sun Jan 14 05:33:37 AEDT 2018 org.apache.commons.lang.time.DateUtils,437
Sun Jan 14 05:33:52 AEDT 2018 org.apache.commons.lang.time.DateUtils,440
Sun Jan 14 05:35:19 AEDT 2018 org.apache.commons.lang.time.DateUtils,441
Sun Jan 14 05:35:20 AEDT 2018 org.apache.commons.lang.time.DateUtils,442
Sun Jan 14 05:35:21 AEDT 2018 org.apache.commons.lang.time.DateUtils,443
Sun Jan 14 05:35:22 AEDT 2018 org.apache.commons.lang.time.DateUtils,621
Sun Jan 14 05:36:40 AEDT 2018 org.apache.commons.lang.time.DateUtils,625
Sun Jan 14 05:37:37 AEDT 2018 org.apache.commons.lang.time.DateUtils,635
Sun Jan 14 05:40:26 AEDT 2018 org.apache.commons.lang.time.DateUtils,636
Sun Jan 14 05:41:51 AEDT 2018 org.apache.commons.lang.time.DateUtils,637
Sun Jan 14 05:45:14 AEDT 2018 org.apache.commons.lang.time.DateUtils,640
Sun Jan 14 05:52:49 AEDT 2018 org.apache.commons.lang.time.DateUtils,641
Sun Jan 14 05:52:50 AEDT 2018 org.apache.commons.lang.time.DateUtils,642
Sun Jan 14 05:52:50 AEDT 2018 org.apache.commons.lang.time.DateUtils,643
Sun Jan 14 05:52:51 AEDT 2018 org.apache.commons.lang.time.DateUtils,649
Sun Jan 14 05:58:13 AEDT 2018 org.apache.commons.lang.time.DateUtils,650
Sun Jan 14 05:58:14 AEDT 2018 org.apache.commons.lang.time.DateUtils,658
Sun Jan 14 06:03:13 AEDT 2018 org.apache.commons.lang.time.DateUtils,659
Sun Jan 14 06:03:15 AEDT 2018 org.apache.commons.lang.time.DateUtils,660
Sun Jan 14 06:03:16 AEDT 2018 org.apache.commons.lang.time.DateUtils,664

----------------------------------------
----------------------------------------
Pass Single Test : [=>0,0]
if(date.getTime()==time){
date.setTime(time);
val.setTime(date);
}

Time : 18/01/14 06:03
----------------------------------------

----------------------------------------
----------------------------------------
Pass Single Test : [=>0,0]
if(date.getTime()==Calendar.MILLISECOND){
date.setTime(time);
val.setTime(date);
}

Time : 18/01/14 06:04
----------------------------------------

----------------------------------------
----------------------------------------
Pass Single Test : [=>0,0]
Calendar.getInstance().setTime(date);
if(date.getTime()==time){
date.setTime(time);
val.setTime(date);
}

Time : 18/01/14 06:04
----------------------------------------

----------------------------------------
----------------------------------------
Pass Single Test : [=>0,0]
val.setTime(date);
if(date.getTime()==time){
date.setTime(time);
val.setTime(date);
}

Time : 18/01/14 06:07
----------------------------------------

----------------------------------------
----------------------------------------
Pass Single Test : [=>0,0]
if(date.getTime()==Calendar.SECOND){
date.setTime(time);
val.setTime(date);
}

Time : 18/01/14 06:07
----------------------------------------

----------------------------------------
----------------------------------------
Pass Single Test : [=>0,0]
if(date.getTime()==Calendar.MINUTE){
date.setTime(time);
val.setTime(date);
}

Time : 18/01/14 06:08
----------------------------------------

----------------------------------------
----------------------------------------
Pass Single Test : [=>0,0]
if(!done&&(!round||minutes<30)){
time=time-(minutes*60000L);
}
if(date.getTime()==time){
date.setTime(time);
val.setTime(date);
}

Time : 18/01/14 06:08
----------------------------------------

----------------------------------------
----------------------------------------
Pass Single Test : [=>0,0]
if(!done&&(!round||minutes<30)){
time=time-(minutes*60000L);
}
if(date.getTime()==Calendar.MINUTE){
date.setTime(time);
val.setTime(date);
}

Time : 18/01/14 06:09
----------------------------------------
Sun Jan 14 06:09:45 AEDT 2018 org.apache.commons.lang.time.DateUtils,665
Sun Jan 14 06:09:46 AEDT 2018 org.apache.commons.lang.time.DateUtils,666
Sun Jan 14 06:09:47 AEDT 2018 org.apache.commons.lang.time.DateUtils,670

----------------------------------------
----------------------------------------
Pass Single Test : [=>0,0]
if(date.getTime()==time){
date.setTime(time);
val.setTime(date);
}
boolean roundUp=false;

Time : 18/01/14 06:10
----------------------------------------

----------------------------------------
----------------------------------------
Pass Single Test : [=>0,0]
if(date.getTime()==Calendar.MILLISECOND){
date.setTime(time);
val.setTime(date);
}
boolean roundUp=false;

Time : 18/01/14 06:10
----------------------------------------

----------------------------------------
----------------------------------------
Pass Single Test : [=>0,0]
Calendar.getInstance().setTime(date);
if(date.getTime()==time){
date.setTime(time);
val.setTime(date);
}
boolean roundUp=false;

Time : 18/01/14 06:11
----------------------------------------

----------------------------------------
----------------------------------------
Pass Single Test : [=>0,0]
val.setTime(date);
if(date.getTime()==time){
date.setTime(time);
val.setTime(date);
}
boolean roundUp=false;

Time : 18/01/14 06:13
----------------------------------------

----------------------------------------
----------------------------------------
Pass Single Test : [=>0,0]
if(date.getTime()==Calendar.SECOND){
date.setTime(time);
val.setTime(date);
}
boolean roundUp=false;

Time : 18/01/14 06:14
----------------------------------------
Sun Jan 14 06:14:49 AEDT 2018 org.apache.commons.lang.time.DateUtils,671
Sun Jan 14 07:15:01 AEDT 2018 org.apache.commons.lang.time.DateUtils,672
Sun Jan 14 07:15:01 AEDT 2018 org.apache.commons.lang.time.DateUtils,673
Sun Jan 14 07:15:02 AEDT 2018 org.apache.commons.lang.time.DateUtils,675
Sun Jan 14 07:15:02 AEDT 2018 org.apache.commons.lang.time.DateUtils,692
Sun Jan 14 07:26:37 AEDT 2018 org.apache.commons.lang.time.DateUtils,696
Sun Jan 14 07:39:49 AEDT 2018 org.apache.commons.lang.time.DateUtils,697
Sun Jan 14 07:39:50 AEDT 2018 Sun Jan 14 07:39:50 AEDT 2018 : org.apache.commons.lang.time.DateUtils,699=>Find no block
Sun Jan 14 07:39:51 AEDT 2018 org.apache.commons.lang.time.DateUtils,729
Sun Jan 14 07:39:53 AEDT 2018 org.apache.commons.lang.time.DateUtils,730
Sun Jan 14 07:39:54 AEDT 2018 org.apache.commons.lang.time.DateUtils,731
Sun Jan 14 07:39:55 AEDT 2018 org.apache.commons.lang.time.DateUtils,733
Sun Jan 14 07:39:56 AEDT 2018 org.apache.commons.lang.time.DateUtils,735
Sun Jan 14 07:39:57 AEDT 2018 org.apache.commons.lang.time.DateUtils,738
Sun Jan 14 07:39:58 AEDT 2018 org.apache.commons.lang.time.DateUtils,739
Sun Jan 14 07:40:00 AEDT 2018 org.apache.commons.lang.time.DateUtils,922
Sun Jan 14 07:41:06 AEDT 2018 org.apache.commons.lang.time.DateUtils,923
Sun Jan 14 07:41:07 AEDT 2018 org.apache.commons.lang.time.DateUtils,924
Sun Jan 14 07:41:08 AEDT 2018 org.apache.commons.lang.time.DateUtils,925
Sun Jan 14 07:41:09 AEDT 2018 Sun Jan 14 07:41:09 AEDT 2018 : org.apache.commons.lang.time.DateUtils,926=>Find no block
Sun Jan 14 07:41:10 AEDT 2018 org.apache.commons.lang.time.DateUtils,934
Sun Jan 14 07:41:14 AEDT 2018 org.apache.commons.lang.time.DateUtils,943
Sun Jan 14 07:41:33 AEDT 2018 org.apache.commons.lang.time.DateUtils,944
Sun Jan 14 07:41:34 AEDT 2018 org.apache.commons.lang.time.DateUtils,946
Sun Jan 14 07:43:12 AEDT 2018 org.apache.commons.lang.time.DateUtils,947
Sun Jan 14 07:43:13 AEDT 2018 org.apache.commons.lang.time.DateUtils,957
Sun Jan 14 07:43:15 AEDT 2018 org.apache.commons.lang.time.DateUtils,124
Sun Jan 14 07:43:18 AEDT 2018 Sun Jan 14 07:43:18 AEDT 2018 : org.apache.commons.lang.time.DateUtils,125=>Find no block
Sun Jan 14 07:43:19 AEDT 2018 org.apache.commons.lang.time.DateUtils,142
Sun Jan 14 07:43:22 AEDT 2018 org.apache.commons.lang.time.DateUtils,143
Sun Jan 14 07:43:23 AEDT 2018 org.apache.commons.lang.time.DateUtils,145
Sun Jan 14 07:44:04 AEDT 2018 org.apache.commons.lang.time.DateUtils,146
Sun Jan 14 07:44:05 AEDT 2018 org.apache.commons.lang.time.DateUtils,147
Sun Jan 14 07:44:06 AEDT 2018 org.apache.commons.lang.time.DateUtils,148
Sun Jan 14 07:44:07 AEDT 2018 org.apache.commons.lang.time.DateUtils,149
Sun Jan 14 07:44:09 AEDT 2018 org.apache.commons.lang.time.DateUtils,166
Sun Jan 14 07:44:11 AEDT 2018 org.apache.commons.lang.time.DateUtils,167
Sun Jan 14 07:44:12 AEDT 2018 org.apache.commons.lang.time.DateUtils,169
Sun Jan 14 08:13:47 AEDT 2018 org.apache.commons.lang.time.DateUtils,187
Sun Jan 14 08:13:49 AEDT 2018 org.apache.commons.lang.time.DateUtils,188
Sun Jan 14 08:13:50 AEDT 2018 org.apache.commons.lang.time.DateUtils,190
Sun Jan 14 08:15:05 AEDT 2018 org.apache.commons.lang.time.DateUtils,205
Sun Jan 14 08:15:06 AEDT 2018 org.apache.commons.lang.time.DateUtils,206
Sun Jan 14 08:15:07 AEDT 2018 org.apache.commons.lang.time.DateUtils,208
Sun Jan 14 08:15:43 AEDT 2018 org.apache.commons.lang.time.DateUtils,225
Sun Jan 14 08:15:45 AEDT 2018 org.apache.commons.lang.time.DateUtils,226
Sun Jan 14 08:15:46 AEDT 2018 org.apache.commons.lang.time.DateUtils,228
Sun Jan 14 08:17:18 AEDT 2018 org.apache.commons.lang.time.DateUtils,253
Sun Jan 14 08:23:48 AEDT 2018 org.apache.commons.lang.time.DateUtils,254
Sun Jan 14 08:23:49 AEDT 2018 org.apache.commons.lang.time.DateUtils,257
Sun Jan 14 08:30:29 AEDT 2018 org.apache.commons.lang.time.DateUtils,258
Sun Jan 14 08:30:29 AEDT 2018 org.apache.commons.lang.time.DateUtils,259
Sun Jan 14 08:53:50 AEDT 2018 org.apache.commons.lang.time.DateUtils,260
Sun Jan 14 08:53:50 AEDT 2018 org.apache.commons.lang.time.DateUtils,261
Sun Jan 14 08:53:51 AEDT 2018 org.apache.commons.lang.time.DateUtils,263
Sun Jan 14 08:53:51 AEDT 2018 org.apache.commons.lang.time.DateUtils,265
Sun Jan 14 08:53:51 AEDT 2018 org.apache.commons.lang.time.DateUtils,266
Sun Jan 14 08:53:51 AEDT 2018 org.apache.commons.lang.time.DateUtils,267
Sun Jan 14 08:53:51 AEDT 2018 org.apache.commons.lang.time.DateUtils,268
Sun Jan 14 08:53:52 AEDT 2018 org.apache.commons.lang.time.DateUtils,271
Sun Jan 14 09:06:55 AEDT 2018 org.apache.commons.lang.time.DateUtils,285
Sun Jan 14 09:08:12 AEDT 2018 org.apache.commons.lang.time.DateUtils,299
Sun Jan 14 09:09:30 AEDT 2018 org.apache.commons.lang.time.DateUtils,313
Sun Jan 14 09:10:50 AEDT 2018 org.apache.commons.lang.time.DateUtils,327
Sun Jan 14 09:12:10 AEDT 2018 org.apache.commons.lang.time.DateUtils,341
Sun Jan 14 09:13:31 AEDT 2018 org.apache.commons.lang.time.DateUtils,355
Sun Jan 14 09:14:51 AEDT 2018 org.apache.commons.lang.time.DateUtils,369
Sun Jan 14 09:16:10 AEDT 2018 org.apache.commons.lang.time.DateUtils,383
Sun Jan 14 09:17:30 AEDT 2018 org.apache.commons.lang.time.DateUtils,398
Sun Jan 14 09:17:31 AEDT 2018 org.apache.commons.lang.time.DateUtils,399
Sun Jan 14 09:17:32 AEDT 2018 org.apache.commons.lang.time.DateUtils,401
Sun Jan 14 09:19:32 AEDT 2018 org.apache.commons.lang.time.DateUtils,402
Sun Jan 14 09:19:33 AEDT 2018 org.apache.commons.lang.time.DateUtils,403
Sun Jan 14 09:19:36 AEDT 2018 org.apache.commons.lang.time.DateUtils,404
Sun Jan 14 09:19:37 AEDT 2018 org.apache.commons.lang.time.DateUtils,438
Sun Jan 14 09:19:38 AEDT 2018 org.apache.commons.lang.time.DateUtils,475
Sun Jan 14 09:19:39 AEDT 2018 org.apache.commons.lang.time.DateUtils,476
Sun Jan 14 09:19:40 AEDT 2018 org.apache.commons.lang.time.DateUtils,478
Sun Jan 14 09:20:27 AEDT 2018 org.apache.commons.lang.time.DateUtils,479
Sun Jan 14 09:20:28 AEDT 2018 org.apache.commons.lang.time.DateUtils,480
Sun Jan 14 09:20:30 AEDT 2018 org.apache.commons.lang.time.DateUtils,514
Sun Jan 14 09:20:31 AEDT 2018 org.apache.commons.lang.time.DateUtils,515
Sun Jan 14 09:20:32 AEDT 2018 org.apache.commons.lang.time.DateUtils,517
Sun Jan 14 09:21:59 AEDT 2018 org.apache.commons.lang.time.DateUtils,518
Sun Jan 14 09:22:01 AEDT 2018 org.apache.commons.lang.time.DateUtils,519
Sun Jan 14 09:22:02 AEDT 2018 org.apache.commons.lang.time.DateUtils,520
Sun Jan 14 09:22:03 AEDT 2018 org.apache.commons.lang.time.DateUtils,522
Sun Jan 14 09:22:04 AEDT 2018 org.apache.commons.lang.time.DateUtils,544
Sun Jan 14 09:22:05 AEDT 2018 org.apache.commons.lang.time.DateUtils,545
Sun Jan 14 09:22:06 AEDT 2018 org.apache.commons.lang.time.DateUtils,547
Sun Jan 14 09:23:23 AEDT 2018 org.apache.commons.lang.time.DateUtils,548
Sun Jan 14 09:23:24 AEDT 2018 org.apache.commons.lang.time.DateUtils,549
Sun Jan 14 09:23:25 AEDT 2018 org.apache.commons.lang.time.DateUtils,550
Sun Jan 14 09:23:26 AEDT 2018 org.apache.commons.lang.time.DateUtils,570
Sun Jan 14 09:23:27 AEDT 2018 org.apache.commons.lang.time.DateUtils,571
Sun Jan 14 09:23:29 AEDT 2018 org.apache.commons.lang.time.DateUtils,573
Sun Jan 14 09:24:15 AEDT 2018 org.apache.commons.lang.time.DateUtils,574
Sun Jan 14 09:24:16 AEDT 2018 org.apache.commons.lang.time.DateUtils,575
Sun Jan 14 09:24:17 AEDT 2018 org.apache.commons.lang.time.DateUtils,599
Sun Jan 14 09:24:19 AEDT 2018 org.apache.commons.lang.time.DateUtils,600
Sun Jan 14 09:24:20 AEDT 2018 org.apache.commons.lang.time.DateUtils,602
Sun Jan 14 09:25:48 AEDT 2018 org.apache.commons.lang.time.DateUtils,603
Sun Jan 14 09:25:49 AEDT 2018 org.apache.commons.lang.time.DateUtils,604
Sun Jan 14 09:25:50 AEDT 2018 org.apache.commons.lang.time.DateUtils,605
Sun Jan 14 09:25:51 AEDT 2018 org.apache.commons.lang.time.DateUtils,607
Sun Jan 14 09:25:52 AEDT 2018 org.apache.commons.lang.time.DateUtils,622
Sun Jan 14 09:25:53 AEDT 2018 org.apache.commons.lang.time.DateUtils,626
Sun Jan 14 09:25:54 AEDT 2018 org.apache.commons.lang.time.DateUtils,644
Sun Jan 14 09:25:55 AEDT 2018 org.apache.commons.lang.time.DateUtils,651
Sun Jan 14 09:25:56 AEDT 2018 org.apache.commons.lang.time.DateUtils,652
Sun Jan 14 09:25:57 AEDT 2018 org.apache.commons.lang.time.DateUtils,653
Sun Jan 14 09:25:58 AEDT 2018 org.apache.commons.lang.time.DateUtils,680
Sun Jan 14 09:25:59 AEDT 2018 org.apache.commons.lang.time.DateUtils,681
Sun Jan 14 09:26:00 AEDT 2018 org.apache.commons.lang.time.DateUtils,683
Sun Jan 14 09:26:01 AEDT 2018 org.apache.commons.lang.time.DateUtils,684
Sun Jan 14 09:26:02 AEDT 2018 org.apache.commons.lang.time.DateUtils,701
Sun Jan 14 09:26:03 AEDT 2018 org.apache.commons.lang.time.DateUtils,705
Sun Jan 14 09:26:04 AEDT 2018 org.apache.commons.lang.time.DateUtils,708
Sun Jan 14 09:26:05 AEDT 2018 org.apache.commons.lang.time.DateUtils,709
Sun Jan 14 09:26:06 AEDT 2018 org.apache.commons.lang.time.DateUtils,712
Sun Jan 14 09:26:06 AEDT 2018 org.apache.commons.lang.time.DateUtils,713
Sun Jan 14 09:26:06 AEDT 2018 org.apache.commons.lang.time.DateUtils,717
Sun Jan 14 09:26:06 AEDT 2018 org.apache.commons.lang.time.DateUtils,720
Sun Jan 14 09:26:07 AEDT 2018 org.apache.commons.lang.time.DateUtils,721
Sun Jan 14 09:26:07 AEDT 2018 org.apache.commons.lang.time.DateUtils,722
Sun Jan 14 09:26:07 AEDT 2018 org.apache.commons.lang.time.DateUtils,724
Sun Jan 14 09:26:08 AEDT 2018 org.apache.commons.lang.time.DateUtils,725
Sun Jan 14 09:26:09 AEDT 2018 org.apache.commons.lang.time.DateUtils,742
Sun Jan 14 09:32:04 AEDT 2018 org.apache.commons.lang.time.DateUtils,772
Sun Jan 14 09:32:06 AEDT 2018 org.apache.commons.lang.time.DateUtils,773
Sun Jan 14 09:32:07 AEDT 2018 org.apache.commons.lang.time.DateUtils,775
Sun Jan 14 09:33:09 AEDT 2018 org.apache.commons.lang.time.DateUtils,776
Sun Jan 14 09:33:10 AEDT 2018 org.apache.commons.lang.time.DateUtils,777
Sun Jan 14 09:33:11 AEDT 2018 org.apache.commons.lang.time.DateUtils,805
Sun Jan 14 09:33:12 AEDT 2018 org.apache.commons.lang.time.DateUtils,806
Sun Jan 14 09:33:13 AEDT 2018 org.apache.commons.lang.time.DateUtils,808
Sun Jan 14 09:33:28 AEDT 2018 org.apache.commons.lang.time.DateUtils,809
Sun Jan 14 09:33:42 AEDT 2018 org.apache.commons.lang.time.DateUtils,810
Sun Jan 14 09:34:06 AEDT 2018 org.apache.commons.lang.time.DateUtils,811
Sun Jan 14 09:34:07 AEDT 2018 Sun Jan 14 09:34:07 AEDT 2018 : org.apache.commons.lang.time.DateUtils,812=>Find no block
Sun Jan 14 09:34:08 AEDT 2018 org.apache.commons.lang.time.DateUtils,816
Sun Jan 14 09:35:14 AEDT 2018 org.apache.commons.lang.time.DateUtils,818
Sun Jan 14 09:36:20 AEDT 2018 org.apache.commons.lang.time.DateUtils,819
Sun Jan 14 09:38:02 AEDT 2018 org.apache.commons.lang.time.DateUtils,820
Sun Jan 14 09:40:58 AEDT 2018 org.apache.commons.lang.time.DateUtils,822
Sun Jan 14 09:41:02 AEDT 2018 org.apache.commons.lang.time.DateUtils,823
Sun Jan 14 09:41:03 AEDT 2018 org.apache.commons.lang.time.DateUtils,824
Sun Jan 14 09:41:04 AEDT 2018 org.apache.commons.lang.time.DateUtils,832
Sun Jan 14 09:41:23 AEDT 2018 org.apache.commons.lang.time.DateUtils,833
Sun Jan 14 09:41:24 AEDT 2018 Sun Jan 14 09:41:24 AEDT 2018 : org.apache.commons.lang.time.DateUtils,834=>Find no block
Sun Jan 14 09:41:25 AEDT 2018 org.apache.commons.lang.time.DateUtils,837
Sun Jan 14 09:41:32 AEDT 2018 org.apache.commons.lang.time.DateUtils,839
Sun Jan 14 09:42:05 AEDT 2018 org.apache.commons.lang.time.DateUtils,840
Sun Jan 14 09:42:23 AEDT 2018 org.apache.commons.lang.time.DateUtils,841
Sun Jan 14 09:42:35 AEDT 2018 org.apache.commons.lang.time.DateUtils,843
Sun Jan 14 09:43:06 AEDT 2018 org.apache.commons.lang.time.DateUtils,844
Sun Jan 14 09:43:38 AEDT 2018 org.apache.commons.lang.time.DateUtils,845
Sun Jan 14 09:43:41 AEDT 2018 org.apache.commons.lang.time.DateUtils,847
Sun Jan 14 09:44:13 AEDT 2018 org.apache.commons.lang.time.DateUtils,848
Sun Jan 14 09:44:44 AEDT 2018 org.apache.commons.lang.time.DateUtils,851
Sun Jan 14 09:44:48 AEDT 2018 org.apache.commons.lang.time.DateUtils,853
Sun Jan 14 09:45:02 AEDT 2018 org.apache.commons.lang.time.DateUtils,855
Sun Jan 14 09:45:28 AEDT 2018 org.apache.commons.lang.time.DateUtils,856
Sun Jan 14 09:45:29 AEDT 2018 org.apache.commons.lang.time.DateUtils,858
Sun Jan 14 09:45:57 AEDT 2018 org.apache.commons.lang.time.DateUtils,859
Sun Jan 14 09:45:58 AEDT 2018 org.apache.commons.lang.time.DateUtils,861
Sun Jan 14 09:46:26 AEDT 2018 org.apache.commons.lang.time.DateUtils,862
Sun Jan 14 09:46:27 AEDT 2018 org.apache.commons.lang.time.DateUtils,864
Sun Jan 14 09:46:55 AEDT 2018 org.apache.commons.lang.time.DateUtils,865
Sun Jan 14 09:46:56 AEDT 2018 org.apache.commons.lang.time.DateUtils,867
Sun Jan 14 09:51:21 AEDT 2018 org.apache.commons.lang.time.DateUtils,868
Sun Jan 14 09:51:22 AEDT 2018 org.apache.commons.lang.time.DateUtils,870
Sun Jan 14 09:58:11 AEDT 2018 org.apache.commons.lang.time.DateUtils,871
Sun Jan 14 09:58:13 AEDT 2018 org.apache.commons.lang.time.DateUtils,873
Sun Jan 14 10:02:32 AEDT 2018 org.apache.commons.lang.time.DateUtils,896
Failed time : 18/01/14 10:02
