=================================================
Project : lang_9	start : 18/01/14 07:04
Current failed test : org.apache.commons.lang3.time.FastDateFormat_ParserTest::testLANG_832 | 18/01/14 07:05
Sun Jan 14 07:06:03 AEDT 2018 org.apache.commons.lang3.time.FastDateParser,180
Sun Jan 14 07:06:05 AEDT 2018 org.apache.commons.lang3.time.FastDateParser,537
Sun Jan 14 07:08:32 AEDT 2018 org.apache.commons.lang3.time.FastDateParser,538
Sun Jan 14 07:08:33 AEDT 2018 org.apache.commons.lang3.time.FastDateParser,260
Sun Jan 14 07:11:49 AEDT 2018 org.apache.commons.lang3.time.FastDateParser,732
Sun Jan 14 07:12:10 AEDT 2018 Sun Jan 14 07:12:10 AEDT 2018 : org.apache.commons.lang3.time.FastDateParser,733=>Find no block
Sun Jan 14 07:12:10 AEDT 2018 org.apache.commons.lang3.time.FastDateParser,741
Sun Jan 14 07:12:11 AEDT 2018 org.apache.commons.lang3.time.FastDateParser,282
Sun Jan 14 07:13:31 AEDT 2018 org.apache.commons.lang3.time.FastDateParser,283
Sun Jan 14 07:17:32 AEDT 2018 org.apache.commons.lang3.time.FastDateParser,285
Sun Jan 14 07:22:48 AEDT 2018 org.apache.commons.lang3.time.FastDateParser,286
Sun Jan 14 07:22:48 AEDT 2018 org.apache.commons.lang3.time.FastDateParser,287
Sun Jan 14 07:22:49 AEDT 2018 Sun Jan 14 07:22:49 AEDT 2018 : org.apache.commons.lang3.time.FastDateParser,288=>Find no block
Sun Jan 14 07:22:50 AEDT 2018 org.apache.commons.lang3.time.FastDateParser,289
Sun Jan 14 07:30:24 AEDT 2018 org.apache.commons.lang3.time.FastDateParser,290
Sun Jan 14 07:30:24 AEDT 2018 org.apache.commons.lang3.time.FastDateParser,250
Sun Jan 14 07:30:25 AEDT 2018 org.apache.commons.lang3.time.FastDateParser,251
Sun Jan 14 07:30:25 AEDT 2018 org.apache.commons.lang3.time.FastDateParser,276
Sun Jan 14 07:31:50 AEDT 2018 org.apache.commons.lang3.time.FastDateParser,277
Sun Jan 14 07:31:50 AEDT 2018 org.apache.commons.lang3.time.FastDateParser,278
Sun Jan 14 07:32:07 AEDT 2018 Sun Jan 14 07:32:07 AEDT 2018 : org.apache.commons.lang3.time.FastDatePrinter,632=>Find no block
Sun Jan 14 07:32:07 AEDT 2018 org.apache.commons.lang3.time.FastDatePrinter,633
Sun Jan 14 07:32:42 AEDT 2018 Sun Jan 14 07:32:42 AEDT 2018 : org.apache.commons.lang3.time.FastDatePrinter,634=>Find no block
Sun Jan 14 07:32:43 AEDT 2018 org.apache.commons.lang3.time.FastDatePrinter,641
Sun Jan 14 07:33:29 AEDT 2018 org.apache.commons.lang3.time.FastDatePrinter,277
Sun Jan 14 07:38:34 AEDT 2018 org.apache.commons.lang3.time.FastDatePrinter,279
Sun Jan 14 07:44:48 AEDT 2018 org.apache.commons.lang3.time.FastDatePrinter,359
Sun Jan 14 07:45:09 AEDT 2018 Sun Jan 14 07:45:09 AEDT 2018 : org.apache.commons.lang3.time.FastDatePrinter,707=>Find no block
Sun Jan 14 07:45:10 AEDT 2018 org.apache.commons.lang3.time.FastDatePrinter,708
Sun Jan 14 07:45:29 AEDT 2018 Sun Jan 14 07:45:29 AEDT 2018 : org.apache.commons.lang3.time.FastDatePrinter,709=>Find no block
Sun Jan 14 07:45:29 AEDT 2018 org.apache.commons.lang3.time.FastDatePrinter,716
Sun Jan 14 07:45:31 AEDT 2018 org.apache.commons.lang3.time.FastDateParser,566
Sun Jan 14 07:45:36 AEDT 2018 org.apache.commons.lang3.time.FastDatePrinter,328
Sun Jan 14 07:56:20 AEDT 2018 org.apache.commons.lang3.time.FastDatePrinter,333
Sun Jan 14 07:56:20 AEDT 2018 org.apache.commons.lang3.time.FastDateParser,145
Sun Jan 14 07:57:29 AEDT 2018 org.apache.commons.lang3.time.FastDateParser,304
Sun Jan 14 08:10:18 AEDT 2018 org.apache.commons.lang3.time.FastDateParser,305
Sun Jan 14 08:10:28 AEDT 2018 Sun Jan 14 08:10:28 AEDT 2018 : org.apache.commons.lang3.time.FastDateParser,306=>Find no block
Sun Jan 14 08:10:28 AEDT 2018 org.apache.commons.lang3.time.FastDateParser,331
Sun Jan 14 08:12:44 AEDT 2018 org.apache.commons.lang3.time.FastDateParser,333
Sun Jan 14 08:24:46 AEDT 2018 org.apache.commons.lang3.time.FastDateParser,542
Sun Jan 14 08:25:06 AEDT 2018 Sun Jan 14 08:25:06 AEDT 2018 : org.apache.commons.lang3.time.FastDateParser,603=>Find no block
Sun Jan 14 08:25:07 AEDT 2018 org.apache.commons.lang3.time.FastDateParser,604
Sun Jan 14 08:25:09 AEDT 2018 Sun Jan 14 08:25:09 AEDT 2018 : org.apache.commons.lang3.time.FastDateParser,605=>Find no block
Sun Jan 14 08:25:09 AEDT 2018 org.apache.commons.lang3.time.FastDateParser,624
Sun Jan 14 08:25:56 AEDT 2018 org.apache.commons.lang3.time.FastDateParser,625
Sun Jan 14 08:25:57 AEDT 2018 Sun Jan 14 08:25:57 AEDT 2018 : org.apache.commons.lang3.time.FastDateParser,104=>Find no block
Sun Jan 14 08:25:57 AEDT 2018 org.apache.commons.lang3.time.FastDateParser,105
Sun Jan 14 08:26:51 AEDT 2018 org.apache.commons.lang3.time.FastDateParser,106
Sun Jan 14 08:26:52 AEDT 2018 org.apache.commons.lang3.time.FastDateParser,107
Sun Jan 14 08:26:53 AEDT 2018 org.apache.commons.lang3.time.FastDateParser,108
Sun Jan 14 08:26:54 AEDT 2018 Sun Jan 14 08:26:54 AEDT 2018 : org.apache.commons.lang3.time.FastDateParser,109=>Find no block
Sun Jan 14 08:26:55 AEDT 2018 org.apache.commons.lang3.time.FastDateParser,718
Sun Jan 14 08:27:11 AEDT 2018 org.apache.commons.lang3.time.FastDateParser,722
Sun Jan 14 08:27:11 AEDT 2018 org.apache.commons.lang3.time.FastDateParser,724
Sun Jan 14 08:28:11 AEDT 2018 org.apache.commons.lang3.time.FastDateParser,116
Sun Jan 14 08:29:30 AEDT 2018 org.apache.commons.lang3.time.FastDateParser,118
Sun Jan 14 08:29:31 AEDT 2018 org.apache.commons.lang3.time.FastDateParser,120
Sun Jan 14 08:30:08 AEDT 2018 org.apache.commons.lang3.time.FastDateParser,121
Sun Jan 14 08:31:02 AEDT 2018 org.apache.commons.lang3.time.FastDateParser,123
Sun Jan 14 08:31:54 AEDT 2018 org.apache.commons.lang3.time.FastDateParser,124
Sun Jan 14 08:32:10 AEDT 2018 org.apache.commons.lang3.time.FastDateParser,128
Sun Jan 14 08:32:57 AEDT 2018 org.apache.commons.lang3.time.FastDateParser,129
Sun Jan 14 08:32:57 AEDT 2018 org.apache.commons.lang3.time.FastDateParser,131
Sun Jan 14 08:34:22 AEDT 2018 org.apache.commons.lang3.time.FastDateParser,132
Sun Jan 14 08:34:54 AEDT 2018 org.apache.commons.lang3.time.FastDateParser,133
Sun Jan 14 08:34:55 AEDT 2018 org.apache.commons.lang3.time.FastDateParser,134
Sun Jan 14 08:34:56 AEDT 2018 org.apache.commons.lang3.time.FastDateParser,136
Sun Jan 14 08:35:34 AEDT 2018 org.apache.commons.lang3.time.FastDateParser,137
Sun Jan 14 08:36:35 AEDT 2018 org.apache.commons.lang3.time.FastDateParser,138
Sun Jan 14 08:36:35 AEDT 2018 org.apache.commons.lang3.time.FastDateParser,141
Sun Jan 14 08:38:01 AEDT 2018 org.apache.commons.lang3.time.FastDateParser,142
Sun Jan 14 08:38:02 AEDT 2018 Sun Jan 14 08:38:02 AEDT 2018 : org.apache.commons.lang3.time.FastDateParser,143=>Find no block
Sun Jan 14 08:38:03 AEDT 2018 org.apache.commons.lang3.time.FastDateParser,144
Sun Jan 14 08:38:04 AEDT 2018 org.apache.commons.lang3.time.FastDateParser,147
Sun Jan 14 08:39:08 AEDT 2018 org.apache.commons.lang3.time.FastDateParser,148
Sun Jan 14 08:40:23 AEDT 2018 org.apache.commons.lang3.time.FastDateParser,149
Sun Jan 14 08:40:24 AEDT 2018 Sun Jan 14 08:40:24 AEDT 2018 : org.apache.commons.lang3.time.FastDateParser,150=>Find no block
Sun Jan 14 08:40:24 AEDT 2018 org.apache.commons.lang3.time.FastDateParser,485
Sun Jan 14 08:40:26 AEDT 2018 Sun Jan 14 08:40:26 AEDT 2018 : org.apache.commons.lang3.time.FastDateParser,535=>Find no block
Sun Jan 14 08:40:27 AEDT 2018 org.apache.commons.lang3.time.FastDateFormat,472
Sun Jan 14 08:40:57 AEDT 2018 org.apache.commons.lang3.time.FastDatePrinter,217
Sun Jan 14 08:42:14 AEDT 2018 org.apache.commons.lang3.time.FastDatePrinter,218
Sun Jan 14 08:43:12 AEDT 2018 org.apache.commons.lang3.time.FastDateFormat,165
Sun Jan 14 08:45:10 AEDT 2018 org.apache.commons.lang3.time.FastDatePrinter,275
Sun Jan 14 08:45:10 AEDT 2018 Sun Jan 14 08:45:10 AEDT 2018 : org.apache.commons.lang3.time.FastDatePrinter,599=>Find no block
Sun Jan 14 08:45:11 AEDT 2018 org.apache.commons.lang3.time.FastDatePrinter,600
Sun Jan 14 08:45:11 AEDT 2018 Sun Jan 14 08:45:11 AEDT 2018 : org.apache.commons.lang3.time.FastDatePrinter,601=>Find no block
Sun Jan 14 08:45:12 AEDT 2018 org.apache.commons.lang3.time.FastDatePrinter,608
Sun Jan 14 08:45:12 AEDT 2018 Sun Jan 14 08:45:12 AEDT 2018 : org.apache.commons.lang3.time.FastDateFormat,368=>Find no block
Sun Jan 14 08:45:13 AEDT 2018 org.apache.commons.lang3.time.FastDateFormat,369
Sun Jan 14 08:45:52 AEDT 2018 org.apache.commons.lang3.time.FastDateFormat,370
Sun Jan 14 08:45:53 AEDT 2018 Sun Jan 14 08:45:53 AEDT 2018 : org.apache.commons.lang3.time.FastDateFormat,371=>Find no block
Sun Jan 14 08:45:53 AEDT 2018 org.apache.commons.lang3.time.FormatCache,82
Sun Jan 14 08:46:06 AEDT 2018 org.apache.commons.lang3.time.FormatCache,83
Sun Jan 14 08:46:07 AEDT 2018 org.apache.commons.lang3.time.FormatCache,84
Sun Jan 14 08:46:07 AEDT 2018 Sun Jan 14 08:46:07 AEDT 2018 : org.apache.commons.lang3.time.FastDateFormat,91=>Find no block
Sun Jan 14 08:46:08 AEDT 2018 Sun Jan 14 08:46:08 AEDT 2018 : org.apache.commons.lang3.time.FastDatePrinter,136=>Find no block
Sun Jan 14 08:46:08 AEDT 2018 org.apache.commons.lang3.time.FastDatePrinter,137
Sun Jan 14 08:47:05 AEDT 2018 org.apache.commons.lang3.time.FastDatePrinter,138
Sun Jan 14 08:47:05 AEDT 2018 org.apache.commons.lang3.time.FastDatePrinter,139
Sun Jan 14 08:47:06 AEDT 2018 org.apache.commons.lang3.time.FastDatePrinter,141
Sun Jan 14 08:47:07 AEDT 2018 Sun Jan 14 08:47:07 AEDT 2018 : org.apache.commons.lang3.time.FastDatePrinter,142=>Find no block
Sun Jan 14 08:47:08 AEDT 2018 org.apache.commons.lang3.time.FastDatePrinter,273
Sun Jan 14 08:47:40 AEDT 2018 org.apache.commons.lang3.time.FastDatePrinter,274
Sun Jan 14 08:47:40 AEDT 2018 org.apache.commons.lang3.time.FastDatePrinter,320
Sun Jan 14 08:50:49 AEDT 2018 org.apache.commons.lang3.time.FastDatePrinter,322
Sun Jan 14 08:50:49 AEDT 2018 org.apache.commons.lang3.time.FastDatePrinter,324
Sun Jan 14 08:57:23 AEDT 2018 org.apache.commons.lang3.time.FastDatePrinter,325
Sun Jan 14 08:57:27 AEDT 2018 org.apache.commons.lang3.time.FastDatePrinter,327
Sun Jan 14 08:57:28 AEDT 2018 org.apache.commons.lang3.time.FastDatePrinter,335
Sun Jan 14 08:57:29 AEDT 2018 org.apache.commons.lang3.time.FastDatePrinter,337
Sun Jan 14 08:57:30 AEDT 2018 org.apache.commons.lang3.time.FastDatePrinter,338
Sun Jan 14 08:57:31 AEDT 2018 org.apache.commons.lang3.time.FastDatePrinter,340
Sun Jan 14 08:57:32 AEDT 2018 Sun Jan 14 08:57:32 AEDT 2018 : org.apache.commons.lang3.time.FastDatePrinter,357=>Find no block
Sun Jan 14 08:57:33 AEDT 2018 org.apache.commons.lang3.time.FastDatePrinter,148
Sun Jan 14 09:13:10 AEDT 2018 org.apache.commons.lang3.time.FastDatePrinter,149
Sun Jan 14 09:13:10 AEDT 2018 org.apache.commons.lang3.time.FastDatePrinter,151
Sun Jan 14 09:13:11 AEDT 2018 org.apache.commons.lang3.time.FastDatePrinter,152
Sun Jan 14 09:13:11 AEDT 2018 org.apache.commons.lang3.time.FastDatePrinter,153
Sun Jan 14 09:13:12 AEDT 2018 org.apache.commons.lang3.time.FastDatePrinter,156
Sun Jan 14 09:13:13 AEDT 2018 Sun Jan 14 09:13:13 AEDT 2018 : org.apache.commons.lang3.time.FastDatePrinter,157=>Find no block
Sun Jan 14 09:13:13 AEDT 2018 org.apache.commons.lang3.time.FastDatePrinter,168
Sun Jan 14 09:13:14 AEDT 2018 org.apache.commons.lang3.time.FastDatePrinter,169
Sun Jan 14 09:13:15 AEDT 2018 org.apache.commons.lang3.time.FastDatePrinter,171
Sun Jan 14 09:13:16 AEDT 2018 org.apache.commons.lang3.time.FastDatePrinter,172
Sun Jan 14 09:13:17 AEDT 2018 org.apache.commons.lang3.time.FastDatePrinter,173
Sun Jan 14 09:13:18 AEDT 2018 org.apache.commons.lang3.time.FastDatePrinter,174
Sun Jan 14 09:13:19 AEDT 2018 org.apache.commons.lang3.time.FastDatePrinter,175
Sun Jan 14 09:13:21 AEDT 2018 org.apache.commons.lang3.time.FastDatePrinter,176
Sun Jan 14 09:16:10 AEDT 2018 org.apache.commons.lang3.time.FastDatePrinter,178
Sun Jan 14 09:19:21 AEDT 2018 org.apache.commons.lang3.time.FastDatePrinter,179
Sun Jan 14 09:19:21 AEDT 2018 org.apache.commons.lang3.time.FastDatePrinter,181
Sun Jan 14 09:50:12 AEDT 2018 org.apache.commons.lang3.time.FastDatePrinter,182
Sun Jan 14 09:50:57 AEDT 2018 org.apache.commons.lang3.time.FastDatePrinter,183
Sun Jan 14 09:50:57 AEDT 2018 org.apache.commons.lang3.time.FastDatePrinter,184
Sun Jan 14 09:55:52 AEDT 2018 org.apache.commons.lang3.time.FastDatePrinter,186
Sun Jan 14 10:05:24 AEDT 2018 org.apache.commons.lang3.time.FastDatePrinter,187
Sun Jan 14 10:05:25 AEDT 2018 org.apache.commons.lang3.time.FastDatePrinter,192
Sun Jan 14 10:08:14 AEDT 2018 Sun Jan 14 10:08:14 AEDT 2018 : org.apache.commons.lang3.time.FastDatePrinter,194=>Find no block
Sun Jan 14 10:08:14 AEDT 2018 org.apache.commons.lang3.time.FastDatePrinter,284
Sun Jan 14 10:13:26 AEDT 2018 org.apache.commons.lang3.time.FastDatePrinter,287
Sun Jan 14 10:33:54 AEDT 2018 org.apache.commons.lang3.time.FastDatePrinter,298
Sun Jan 14 10:38:15 AEDT 2018 org.apache.commons.lang3.time.FastDatePrinter,300
Sun Jan 14 10:38:16 AEDT 2018 org.apache.commons.lang3.time.FastDatePrinter,301
Sun Jan 14 10:45:06 AEDT 2018 org.apache.commons.lang3.time.FastDatePrinter,303
Sun Jan 14 10:45:07 AEDT 2018 org.apache.commons.lang3.time.FastDatePrinter,304
Sun Jan 14 10:55:42 AEDT 2018 org.apache.commons.lang3.time.FastDatePrinter,307
Sun Jan 14 10:59:57 AEDT 2018 org.apache.commons.lang3.time.FastDatePrinter,309
Sun Jan 14 10:59:58 AEDT 2018 org.apache.commons.lang3.time.FastDatePrinter,310
Sun Jan 14 11:00:00 AEDT 2018 org.apache.commons.lang3.time.FastDatePrinter,311
Sun Jan 14 11:00:01 AEDT 2018 org.apache.commons.lang3.time.FastDatePrinter,345
Sun Jan 14 11:06:15 AEDT 2018 org.apache.commons.lang3.time.FastDatePrinter,346
Sun Jan 14 11:06:15 AEDT 2018 org.apache.commons.lang3.time.FormatCache,70
Sun Jan 14 11:07:05 AEDT 2018 org.apache.commons.lang3.time.FormatCache,73
Sun Jan 14 11:07:07 AEDT 2018 org.apache.commons.lang3.time.FormatCache,76
Sun Jan 14 11:07:38 AEDT 2018 org.apache.commons.lang3.time.FormatCache,79
Sun Jan 14 11:08:53 AEDT 2018 org.apache.commons.lang3.time.FormatCache,80
Sun Jan 14 11:09:57 AEDT 2018 org.apache.commons.lang3.time.FormatCache,81
Sun Jan 14 11:09:57 AEDT 2018 org.apache.commons.lang3.time.FormatCache,90
Sun Jan 14 11:10:10 AEDT 2018 Sun Jan 14 11:10:10 AEDT 2018 : org.apache.commons.lang3.time.FormatCache,179=>Find no block
Sun Jan 14 11:10:11 AEDT 2018 org.apache.commons.lang3.time.FormatCache,180
Sun Jan 14 11:10:12 AEDT 2018 Sun Jan 14 11:10:12 AEDT 2018 : org.apache.commons.lang3.time.FormatCache,181=>Find no block
Sun Jan 14 11:10:13 AEDT 2018 org.apache.commons.lang3.time.FormatCache,199
Sun Jan 14 11:11:01 AEDT 2018 org.apache.commons.lang3.time.FormatCache,200
Sun Jan 14 11:11:02 AEDT 2018 org.apache.commons.lang3.time.FormatCache,201
Sun Jan 14 11:11:02 AEDT 2018 org.apache.commons.lang3.time.FormatCache,202
Sun Jan 14 11:11:03 AEDT 2018 org.apache.commons.lang3.time.FormatCache,203
Sun Jan 14 11:11:04 AEDT 2018 org.apache.commons.lang3.time.FormatCache,206
Sun Jan 14 11:11:04 AEDT 2018 org.apache.commons.lang3.time.FormatCache,208
Sun Jan 14 11:11:31 AEDT 2018 Sun Jan 14 11:11:31 AEDT 2018 : org.apache.commons.lang3.time.FastDatePrinter,1150=>Find no block
Sun Jan 14 11:11:31 AEDT 2018 org.apache.commons.lang3.time.FastDatePrinter,1151
Sun Jan 14 11:11:32 AEDT 2018 Sun Jan 14 11:11:32 AEDT 2018 : org.apache.commons.lang3.time.FastDatePrinter,1152=>Find no block
Sun Jan 14 11:11:32 AEDT 2018 org.apache.commons.lang3.time.FastDatePrinter,1159
Sun Jan 14 11:11:34 AEDT 2018 org.apache.commons.lang3.time.FastDatePrinter,1167
Sun Jan 14 11:13:30 AEDT 2018 org.apache.commons.lang3.time.FastDatePrinter,1169
Sun Jan 14 11:15:45 AEDT 2018 org.apache.commons.lang3.time.FastDatePrinter,1170
Sun Jan 14 11:15:45 AEDT 2018 org.apache.commons.lang3.time.FastDatePrinter,1171
Sun Jan 14 11:15:46 AEDT 2018 org.apache.commons.lang3.time.FastDatePrinter,1173
Sun Jan 14 11:15:47 AEDT 2018 org.apache.commons.lang3.time.FastDatePrinter,1176
Sun Jan 14 11:19:10 AEDT 2018 org.apache.commons.lang3.time.FastDatePrinter,1177
Sun Jan 14 11:20:58 AEDT 2018 org.apache.commons.lang3.time.FastDatePrinter,1178
Sun Jan 14 11:22:15 AEDT 2018 org.apache.commons.lang3.time.FastDatePrinter,1180
Sun Jan 14 11:23:35 AEDT 2018 org.apache.commons.lang3.time.FastDatePrinter,1181
Sun Jan 14 11:23:36 AEDT 2018 org.apache.commons.lang3.time.FastDatePrinter,1184
Sun Jan 14 11:26:33 AEDT 2018 org.apache.commons.lang3.time.FastDatePrinter,1185
Sun Jan 14 11:28:15 AEDT 2018 org.apache.commons.lang3.time.FastDatePrinter,1186
Sun Jan 14 11:28:15 AEDT 2018 Sun Jan 14 11:28:15 AEDT 2018 : org.apache.commons.lang3.time.FastDatePrinter,1187=>Find no block
Sun Jan 14 11:28:16 AEDT 2018 Sun Jan 14 11:28:16 AEDT 2018 : org.apache.commons.lang3.time.FastDateParser,701=>Find no block
Sun Jan 14 11:28:16 AEDT 2018 org.apache.commons.lang3.time.FastDateParser,702
Sun Jan 14 11:28:18 AEDT 2018 Sun Jan 14 11:28:18 AEDT 2018 : org.apache.commons.lang3.time.FastDateParser,703=>Find no block
Sun Jan 14 11:28:19 AEDT 2018 org.apache.commons.lang3.time.FastDateParser,710
Sun Jan 14 11:28:20 AEDT 2018 org.apache.commons.lang3.time.FastDateParser,719
Sun Jan 14 11:28:21 AEDT 2018 org.apache.commons.lang3.time.FastDateParser,125
Sun Jan 14 11:28:22 AEDT 2018 org.apache.commons.lang3.time.FastDateParser,139
Sun Jan 14 11:28:22 AEDT 2018 org.apache.commons.lang3.time.FastDateParser,159
Sun Jan 14 11:28:23 AEDT 2018 org.apache.commons.lang3.time.FastDateParser,167
Sun Jan 14 11:28:24 AEDT 2018 org.apache.commons.lang3.time.FastDateParser,175
Sun Jan 14 11:28:25 AEDT 2018 org.apache.commons.lang3.time.FastDateParser,193
Sun Jan 14 11:28:26 AEDT 2018 org.apache.commons.lang3.time.FastDateParser,194
Failed time : 18/01/14 11:28
