=================================================
Project : time_1	start : 17/08/24 06:05
Current failed test : org.joda.time.TestPartial_Constructors::testConstructorEx7_TypeArray_intArray_purify_3 | 17/08/24 06:07
Thu Aug 24 06:09:33 AEST 2017 org.joda.time.field.UnsupportedDurationField,227
Thu Aug 24 06:11:17 AEST 2017 org.joda.time.field.UnsupportedDurationField,228
Thu Aug 24 06:11:17 AEST 2017 org.joda.time.chrono.GJEraDateTimeField,136
Thu Aug 24 06:11:19 AEST 2017 org.joda.time.chrono.GJEraDateTimeField,140
Thu Aug 24 06:11:21 AEST 2017 org.joda.time.DurationFieldType,286
Thu Aug 24 06:13:42 AEST 2017 org.joda.time.DateTimeFieldType,484
Thu Aug 24 06:16:17 AEST 2017 Thu Aug 24 06:16:17 AEST 2017 : org.joda.time.Partial,176=>Find no block
Thu Aug 24 06:16:17 AEST 2017 org.joda.time.Partial,175
Thu Aug 24 06:16:19 AEST 2017 org.joda.time.Partial,221
Thu Aug 24 06:41:29 AEST 2017 org.joda.time.Partial,217
Thu Aug 24 06:41:31 AEST 2017 org.joda.time.Partial,218
Thu Aug 24 06:46:47 AEST 2017 org.joda.time.Partial,250
Thu Aug 24 06:51:04 AEST 2017 Thu Aug 24 06:51:04 AEST 2017 : org.joda.time.Partial,251=>Find no block
Thu Aug 24 06:51:04 AEST 2017 org.joda.time.Partial,248
Thu Aug 24 06:51:04 AEST 2017 org.joda.time.Partial,249
Thu Aug 24 06:51:05 AEST 2017 org.joda.time.Partial,212
Thu Aug 24 07:03:23 AEST 2017 org.joda.time.Partial,213
Thu Aug 24 07:10:09 AEST 2017 org.joda.time.Partial,214
Thu Aug 24 07:10:12 AEST 2017 org.joda.time.Partial,215
Thu Aug 24 07:10:12 AEST 2017 org.joda.time.Partial,216
Thu Aug 24 07:10:12 AEST 2017 org.joda.time.Partial,245
Thu Aug 24 07:12:36 AEST 2017 org.joda.time.Partial,335
Thu Aug 24 07:13:27 AEST 2017 org.joda.time.Partial,207
Thu Aug 24 07:13:27 AEST 2017 org.joda.time.Partial,208
Thu Aug 24 07:13:28 AEST 2017 org.joda.time.Partial,202
Thu Aug 24 07:16:41 AEST 2017 org.joda.time.Partial,199
Thu Aug 24 07:23:27 AEST 2017 org.joda.time.Partial,196
Thu Aug 24 07:23:29 AEST 2017 org.joda.time.Partial,323
Thu Aug 24 07:23:31 AEST 2017 org.joda.time.Partial,190
Thu Aug 24 07:26:43 AEST 2017 org.joda.time.Partial,191
Thu Aug 24 07:26:43 AEST 2017 org.joda.time.Partial,192
Thu Aug 24 07:29:27 AEST 2017 org.joda.time.Partial,193
Thu Aug 24 07:29:29 AEST 2017 org.joda.time.Partial,311
Thu Aug 24 07:29:39 AEST 2017 org.joda.time.DateTimeFieldType,363
Thu Aug 24 07:29:40 AEST 2017 org.joda.time.DurationFieldType,292
Thu Aug 24 07:31:58 AEST 2017 org.joda.time.chrono.BasicYearDateTimeField,116
Thu Aug 24 07:31:59 AEST 2017 org.joda.time.field.UnsupportedDurationField,218
Thu Aug 24 07:32:01 AEST 2017 org.joda.time.chrono.BasicMonthOfYearDateTimeField,340
Thu Aug 24 07:32:03 AEST 2017 org.joda.time.chrono.BasicMonthOfYearDateTimeField,345
Thu Aug 24 07:33:06 AEST 2017 org.joda.time.chrono.AssembledChronology,288
Thu Aug 24 07:33:07 AEST 2017 org.joda.time.chrono.AssembledChronology,292
Thu Aug 24 07:33:08 AEST 2017 org.joda.time.field.BaseDurationField,155
Thu Aug 24 07:33:09 AEST 2017 org.joda.time.field.BaseDurationField,152
Thu Aug 24 07:33:10 AEST 2017 org.joda.time.field.BaseDurationField,146
Thu Aug 24 07:36:04 AEST 2017 org.joda.time.field.BaseDurationField,147
Thu Aug 24 07:36:04 AEST 2017 org.joda.time.field.BaseDurationField,149
Thu Aug 24 07:36:05 AEST 2017 org.joda.time.DateTimeFieldType,452
Thu Aug 24 07:36:06 AEST 2017 org.joda.time.chrono.BasicYearDateTimeField,120
Thu Aug 24 07:36:07 AEST 2017 org.joda.time.DurationFieldType,294
Thu Aug 24 07:38:44 AEST 2017 Thu Aug 24 07:38:44 AEST 2017 : org.joda.time.chrono.BaseChronology,213=>Find no block
Thu Aug 24 07:38:44 AEST 2017 org.joda.time.chrono.BaseChronology,199
Thu Aug 24 08:12:57 AEST 2017 org.joda.time.chrono.BaseChronology,200
Thu Aug 24 08:12:57 AEST 2017 org.joda.time.chrono.BaseChronology,201
Thu Aug 24 08:12:58 AEST 2017 org.joda.time.chrono.BaseChronology,202
Thu Aug 24 08:12:58 AEST 2017 org.joda.time.chrono.BaseChronology,207
Thu Aug 24 08:12:58 AEST 2017 org.joda.time.chrono.BaseChronology,192
Thu Aug 24 08:22:53 AEST 2017 org.joda.time.chrono.BaseChronology,183
Timeout time : 17/08/24 08:39
Current failed test : org.joda.time.TestPartial_Constructors::testConstructorEx7_TypeArray_intArray_purify_4 | 17/08/24 08:39
Thu Aug 24 08:43:12 AEST 2017 org.joda.time.chrono.GJEraDateTimeField,136
Thu Aug 24 08:43:14 AEST 2017 org.joda.time.chrono.GJEraDateTimeField,140
Thu Aug 24 08:43:15 AEST 2017 org.joda.time.DurationFieldType,286
Thu Aug 24 08:46:09 AEST 2017 org.joda.time.chrono.BasicDayOfMonthDateTimeField,93
Thu Aug 24 09:44:42 AEST 2017 org.joda.time.DateTimeFieldType,484
Thu Aug 24 09:48:07 AEST 2017 Thu Aug 24 09:48:07 AEST 2017 : org.joda.time.Partial,176=>Find no block
Thu Aug 24 09:48:07 AEST 2017 org.joda.time.Partial,175
Thu Aug 24 09:48:09 AEST 2017 org.joda.time.Partial,221

----------------------------------------
----------------------------------------
Pass Single Test : [=>0,0]
if(compare!=0){
if(types[i-1].getRangeDurationType()==null){
if(loopType.getRangeDurationType()==null){
throw new IllegalArgumentException("Types array must not contain duplicate: "+types[i-1].getName());
}
}else {
if(loopType.getRangeDurationType()==null){
throw new IllegalArgumentException("Types array must be in order largest-smallest: "+types[i-1].getName());
}
DurationField lastRangeField=types[i-1].getRangeDurationType().getField(iChronology);
DurationField loopRangeField=loopType.getRangeDurationType().getField(iChronology);
if(lastRangeField.compareTo(loopRangeField)<0){
throw new IllegalArgumentException("Types array must be in order largest-smallest: "+types[i-1].getName());
}
if(lastRangeField.compareTo(loopRangeField)==0){
throw new IllegalArgumentException("Types array must not contain duplicate: "+types[i-1].getName());
}
}
}

Time : 17/08/24 10:19
----------------------------------------

----------------------------------------
----------------------------------------
Pass Single Test : [=>0,0]
if(i!=0){
if(types[i-1].getRangeDurationType()==null){
if(loopType.getRangeDurationType()==null){
throw new IllegalArgumentException("Types array must not contain duplicate: "+types[i-1].getName());
}
}else {
if(loopType.getRangeDurationType()==null){
throw new IllegalArgumentException("Types array must be in order largest-smallest: "+types[i-1].getName());
}
DurationField lastRangeField=types[i-1].getRangeDurationType().getField(iChronology);
DurationField loopRangeField=loopType.getRangeDurationType().getField(iChronology);
if(lastRangeField.compareTo(loopRangeField)<0){
throw new IllegalArgumentException("Types array must be in order largest-smallest: "+types[i-1].getName());
}
if(lastRangeField.compareTo(loopRangeField)==0){
throw new IllegalArgumentException("Types array must not contain duplicate: "+types[i-1].getName());
}
}
}

Time : 17/08/24 10:21
----------------------------------------
Thu Aug 24 10:22:24 AEST 2017 org.joda.time.Partial,217
Thu Aug 24 10:22:30 AEST 2017 org.joda.time.Partial,218
Thu Aug 24 10:27:42 AEST 2017 org.joda.time.Partial,346
Thu Aug 24 10:27:44 AEST 2017 org.joda.time.Partial,250
Thu Aug 24 10:31:41 AEST 2017 Thu Aug 24 10:31:41 AEST 2017 : org.joda.time.Partial,251=>Find no block
Thu Aug 24 10:31:41 AEST 2017 org.joda.time.Partial,248
Thu Aug 24 10:31:42 AEST 2017 org.joda.time.Partial,249
Thu Aug 24 10:31:42 AEST 2017 org.joda.time.Partial,212
Thu Aug 24 10:43:14 AEST 2017 org.joda.time.Partial,213
Thu Aug 24 10:49:40 AEST 2017 org.joda.time.Partial,214
Thu Aug 24 10:49:43 AEST 2017 org.joda.time.Partial,215
Thu Aug 24 10:49:43 AEST 2017 org.joda.time.Partial,216
Thu Aug 24 10:49:44 AEST 2017 org.joda.time.Partial,245
Thu Aug 24 10:52:03 AEST 2017 org.joda.time.Partial,335
Thu Aug 24 10:52:50 AEST 2017 org.joda.time.Partial,207
Thu Aug 24 10:52:50 AEST 2017 org.joda.time.Partial,208
Thu Aug 24 10:52:50 AEST 2017 org.joda.time.Partial,202
Thu Aug 24 10:55:30 AEST 2017 org.joda.time.Partial,199
Thu Aug 24 11:01:42 AEST 2017 org.joda.time.Partial,196
Thu Aug 24 11:01:43 AEST 2017 org.joda.time.Partial,323
Thu Aug 24 11:01:44 AEST 2017 org.joda.time.Partial,190
Thu Aug 24 11:04:40 AEST 2017 org.joda.time.Partial,191
Thu Aug 24 11:04:41 AEST 2017 org.joda.time.Partial,192
Thu Aug 24 11:07:33 AEST 2017 org.joda.time.Partial,193
Thu Aug 24 11:07:34 AEST 2017 org.joda.time.Partial,311
Thu Aug 24 11:07:44 AEST 2017 org.joda.time.chrono.BasicDayOfMonthDateTimeField,80
Timeout time : 17/08/24 11:13
