=================================================
Project : time_21	start : 17/08/24 12:47
Current failed test : org.joda.time.TestDateTimeZone::testGetName_berlin | 17/08/24 12:47
Thu Aug 24 12:49:32 AEST 2017 org.joda.time.DateTimeZone,755
Thu Aug 24 12:56:48 AEST 2017 org.joda.time.tz.DateTimeZoneBuilder,1524
Thu Aug 24 13:02:30 AEST 2017 org.joda.time.tz.DateTimeZoneBuilder,1183
Thu Aug 24 13:03:58 AEST 2017 org.joda.time.tz.DateTimeZoneBuilder,1521
Thu Aug 24 13:05:21 AEST 2017 org.joda.time.tz.DateTimeZoneBuilder,772
Thu Aug 24 13:05:23 AEST 2017 org.joda.time.DateTimeZone,795
Thu Aug 24 13:12:31 AEST 2017 org.joda.time.tz.DateTimeZoneBuilder,1509
Thu Aug 24 13:16:59 AEST 2017 org.joda.time.tz.DateTimeZoneBuilder,1510
Thu Aug 24 13:16:59 AEST 2017 org.joda.time.tz.DateTimeZoneBuilder,1511
Thu Aug 24 13:18:40 AEST 2017 org.joda.time.tz.DateTimeZoneBuilder,1514
Thu Aug 24 13:25:45 AEST 2017 org.joda.time.tz.DateTimeZoneBuilder,1515
Thu Aug 24 13:25:45 AEST 2017 org.joda.time.tz.CachedDateTimeZone,196
Thu Aug 24 13:25:56 AEST 2017 org.joda.time.tz.DefaultNameProvider,57
Thu Aug 24 13:38:52 AEST 2017 org.joda.time.tz.DefaultNameProvider,58
Thu Aug 24 13:38:53 AEST 2017 org.joda.time.tz.DefaultNameProvider,62
Thu Aug 24 13:42:13 AEST 2017 org.joda.time.tz.DefaultNameProvider,63
Thu Aug 24 13:57:35 AEST 2017 org.joda.time.tz.DefaultNameProvider,85
Thu Aug 24 13:59:29 AEST 2017 org.joda.time.tz.DefaultNameProvider,53
Thu Aug 24 13:59:29 AEST 2017 org.joda.time.tz.DefaultNameProvider,59
Thu Aug 24 13:59:30 AEST 2017 org.joda.time.tz.CachedDateTimeZone,107
Thu Aug 24 14:02:01 AEST 2017 org.joda.time.tz.CachedDateTimeZone,194
Thu Aug 24 14:03:22 AEST 2017 org.joda.time.tz.CachedDateTimeZone,195
Thu Aug 24 14:03:23 AEST 2017 org.joda.time.tz.CachedDateTimeZone,198
Thu Aug 24 14:03:23 AEST 2017 org.joda.time.DateTimeZone,793
Thu Aug 24 14:03:23 AEST 2017 org.joda.time.tz.DefaultNameProvider,79
Thu Aug 24 14:03:24 AEST 2017 org.joda.time.tz.DefaultNameProvider,81
Thu Aug 24 14:03:24 AEST 2017 org.joda.time.tz.DefaultNameProvider,64
Thu Aug 24 14:05:57 AEST 2017 org.joda.time.tz.DefaultNameProvider,66
Thu Aug 24 14:05:57 AEST 2017 org.joda.time.tz.DefaultNameProvider,67
Thu Aug 24 14:05:58 AEST 2017 org.joda.time.tz.DefaultNameProvider,68
Thu Aug 24 14:05:58 AEST 2017 org.joda.time.tz.DefaultNameProvider,69
Thu Aug 24 14:05:58 AEST 2017 org.joda.time.tz.DefaultNameProvider,70
Thu Aug 24 14:05:58 AEST 2017 org.joda.time.tz.DefaultNameProvider,72
Thu Aug 24 14:05:59 AEST 2017 org.joda.time.tz.DefaultNameProvider,76
Thu Aug 24 14:05:59 AEST 2017 org.joda.time.DateTimeZone,633
Thu Aug 24 14:18:00 AEST 2017 org.joda.time.DateTimeZone,791
Thu Aug 24 14:18:00 AEST 2017 org.joda.time.DateTimeZone,792
Thu Aug 24 14:18:01 AEST 2017 org.joda.time.tz.DefaultNameProvider,48
Thu Aug 24 14:18:02 AEST 2017 org.joda.time.tz.DefaultNameProvider,49
Thu Aug 24 14:18:03 AEST 2017 org.joda.time.DateTimeZone,631
Thu Aug 24 14:25:59 AEST 2017 org.joda.time.DateTimeZone,632
Thu Aug 24 14:25:59 AEST 2017 org.joda.time.DateTimeZone,639
Thu Aug 24 14:47:54 AEST 2017 org.joda.time.DateTimeZone,640
Thu Aug 24 14:56:53 AEST 2017 org.joda.time.DateTimeZone,641
Thu Aug 24 15:08:10 AEST 2017 org.joda.time.DateTimeZone,643
Thu Aug 24 15:20:54 AEST 2017 org.joda.time.DateTimeZone,644
Thu Aug 24 15:31:39 AEST 2017 org.joda.time.DateTimeZone,645
Thu Aug 24 15:44:03 AEST 2017 org.joda.time.DateTimeZone,646
Thu Aug 24 15:56:39 AEST 2017 org.joda.time.DateTimeZone,647
Thu Aug 24 16:10:27 AEST 2017 org.joda.time.DateTimeZone,648
Thu Aug 24 16:10:27 AEST 2017 org.joda.time.DateTimeZone,784
Thu Aug 24 16:10:28 AEST 2017 org.joda.time.DateTimeZone,787
Thu Aug 24 16:10:28 AEST 2017 org.joda.time.DateTimeZone,788
Thu Aug 24 16:10:28 AEST 2017 org.joda.time.DateTimeZone,753
Thu Aug 24 16:10:29 AEST 2017 org.joda.time.DateTimeZone,751
Thu Aug 24 16:10:29 AEST 2017 org.joda.time.DateTimeZone,752
Thu Aug 24 16:10:29 AEST 2017 org.joda.time.tz.DefaultNameProvider,43
Thu Aug 24 16:10:31 AEST 2017 org.joda.time.tz.DefaultNameProvider,44
Thu Aug 24 16:10:32 AEST 2017 org.joda.time.DateTimeZone,744
Thu Aug 24 16:10:33 AEST 2017 org.joda.time.DateTimeZone,747
Thu Aug 24 16:10:33 AEST 2017 org.joda.time.DateTimeZone,748
Thu Aug 24 16:10:33 AEST 2017 org.joda.time.DateTimeUtils,365
Thu Aug 24 16:10:35 AEST 2017 org.joda.time.DateTimeUtils,366
Thu Aug 24 16:10:35 AEST 2017 org.joda.time.tz.DateTimeZoneBuilder,1372
Thu Aug 24 16:11:33 AEST 2017 org.joda.time.tz.DateTimeZoneBuilder,1166
Thu Aug 24 16:11:35 AEST 2017 org.joda.time.tz.DateTimeZoneBuilder,482
Thu Aug 24 16:11:37 AEST 2017 org.joda.time.tz.DateTimeZoneBuilder,740
Thu Aug 24 16:11:39 AEST 2017 org.joda.time.tz.DateTimeZoneBuilder,200
Thu Aug 24 16:13:24 AEST 2017 org.joda.time.tz.DateTimeZoneBuilder,201
Thu Aug 24 16:14:29 AEST 2017 org.joda.time.tz.DateTimeZoneBuilder,202
Thu Aug 24 16:16:13 AEST 2017 org.joda.time.tz.DateTimeZoneBuilder,203
Thu Aug 24 16:18:07 AEST 2017 org.joda.time.tz.DateTimeZoneBuilder,204
Thu Aug 24 16:19:39 AEST 2017 org.joda.time.tz.DateTimeZoneBuilder,205
Thu Aug 24 16:20:03 AEST 2017 org.joda.time.tz.DateTimeZoneBuilder,119
Thu Aug 24 16:20:30 AEST 2017 org.joda.time.tz.DateTimeZoneBuilder,192
Thu Aug 24 16:21:17 AEST 2017 org.joda.time.tz.DateTimeZoneBuilder,193
Thu Aug 24 16:22:10 AEST 2017 org.joda.time.tz.DateTimeZoneBuilder,194
Thu Aug 24 16:23:56 AEST 2017 org.joda.time.tz.DateTimeZoneBuilder,195
Thu Aug 24 16:25:24 AEST 2017 org.joda.time.tz.DateTimeZoneBuilder,196
Thu Aug 24 16:26:27 AEST 2017 org.joda.time.tz.DateTimeZoneBuilder,209
Thu Aug 24 16:27:18 AEST 2017 org.joda.time.tz.DateTimeZoneBuilder,1341
Thu Aug 24 16:29:50 AEST 2017 org.joda.time.tz.DateTimeZoneBuilder,1342
Thu Aug 24 16:29:51 AEST 2017 org.joda.time.tz.DateTimeZoneBuilder,1343
Thu Aug 24 16:32:28 AEST 2017 org.joda.time.tz.DateTimeZoneBuilder,1344
Thu Aug 24 16:32:28 AEST 2017 org.joda.time.tz.DateTimeZoneBuilder,1347
Thu Aug 24 16:35:12 AEST 2017 org.joda.time.tz.DateTimeZoneBuilder,1348
Thu Aug 24 16:35:46 AEST 2017 org.joda.time.tz.DateTimeZoneBuilder,1349
Thu Aug 24 16:35:48 AEST 2017 org.joda.time.tz.DateTimeZoneBuilder,1350
Thu Aug 24 16:35:50 AEST 2017 org.joda.time.tz.DateTimeZoneBuilder,1351
Thu Aug 24 16:35:50 AEST 2017 org.joda.time.tz.DateTimeZoneBuilder,1353
Thu Aug 24 16:45:02 AEST 2017 org.joda.time.tz.DateTimeZoneBuilder,1354
Thu Aug 24 16:45:21 AEST 2017 org.joda.time.tz.DateTimeZoneBuilder,1355
Thu Aug 24 16:45:21 AEST 2017 org.joda.time.tz.DateTimeZoneBuilder,1356
Thu Aug 24 16:45:21 AEST 2017 org.joda.time.tz.DateTimeZoneBuilder,1359
Thu Aug 24 16:45:22 AEST 2017 org.joda.time.tz.DateTimeZoneBuilder,1360
Thu Aug 24 16:45:22 AEST 2017 org.joda.time.tz.DateTimeZoneBuilder,1364
Thu Aug 24 16:58:39 AEST 2017 Thu Aug 24 16:58:39 AEST 2017 : org.joda.time.tz.DateTimeZoneBuilder,1367=>Find no block
Thu Aug 24 16:58:39 AEST 2017 org.joda.time.tz.DateTimeZoneBuilder,1370
Thu Aug 24 16:59:38 AEST 2017 org.joda.time.tz.DateTimeZoneBuilder,1371
Thu Aug 24 16:59:39 AEST 2017 org.joda.time.tz.DateTimeZoneBuilder,1375
Thu Aug 24 16:59:58 AEST 2017 org.joda.time.tz.DateTimeZoneBuilder,1176
Thu Aug 24 17:01:24 AEST 2017 org.joda.time.tz.DateTimeZoneBuilder,1177
Thu Aug 24 17:01:25 AEST 2017 org.joda.time.tz.DateTimeZoneBuilder,1178
Thu Aug 24 17:01:25 AEST 2017 org.joda.time.tz.DateTimeZoneBuilder,1179
Thu Aug 24 17:01:25 AEST 2017 Thu Aug 24 17:01:25 AEST 2017 : org.joda.time.tz.DateTimeZoneBuilder,1180=>Find no block
Thu Aug 24 17:01:26 AEST 2017 org.joda.time.tz.ZoneInfoProvider,147
Thu Aug 24 17:04:51 AEST 2017 org.joda.time.tz.ZoneInfoProvider,224
Thu Aug 24 17:04:54 AEST 2017 org.joda.time.tz.ZoneInfoProvider,226
Thu Aug 24 17:08:06 AEST 2017 org.joda.time.tz.ZoneInfoProvider,227
Thu Aug 24 17:08:07 AEST 2017 org.joda.time.tz.ZoneInfoProvider,228
Thu Aug 24 17:10:35 AEST 2017 org.joda.time.tz.ZoneInfoProvider,229
Thu Aug 24 17:10:35 AEST 2017 org.joda.time.tz.ZoneInfoProvider,236
Thu Aug 24 17:11:17 AEST 2017 org.joda.time.tz.ZoneInfoProvider,237
Thu Aug 24 17:11:17 AEST 2017 Thu Aug 24 17:11:17 AEST 2017 : org.joda.time.tz.ZoneInfoProvider,240=>Find no block
Thu Aug 24 17:11:18 AEST 2017 org.joda.time.tz.DateTimeZoneBuilder,95
Thu Aug 24 17:11:19 AEST 2017 org.joda.time.tz.DateTimeZoneBuilder,98
Thu Aug 24 17:11:19 AEST 2017 Thu Aug 24 17:11:19 AEST 2017 : org.joda.time.tz.DateTimeZoneBuilder,110=>Find no block
Thu Aug 24 17:11:19 AEST 2017 org.joda.time.tz.DateTimeZoneBuilder,183
Thu Aug 24 17:12:43 AEST 2017 Thu Aug 24 17:12:43 AEST 2017 : org.joda.time.tz.DateTimeZoneBuilder,184=>Find no block
Thu Aug 24 17:12:43 AEST 2017 org.joda.time.tz.DateTimeZoneBuilder,187
Thu Aug 24 17:12:54 AEST 2017 org.joda.time.tz.DateTimeZoneBuilder,188
Thu Aug 24 17:13:06 AEST 2017 Thu Aug 24 17:13:06 AEST 2017 : org.joda.time.tz.DateTimeZoneBuilder,504=>Find no block
Thu Aug 24 17:13:07 AEST 2017 org.joda.time.tz.DateTimeZoneBuilder,505
Thu Aug 24 17:13:08 AEST 2017 org.joda.time.tz.DateTimeZoneBuilder,509
Thu Aug 24 17:13:09 AEST 2017 org.joda.time.tz.DateTimeZoneBuilder,510
Thu Aug 24 17:13:09 AEST 2017 org.joda.time.tz.DateTimeZoneBuilder,511
Thu Aug 24 17:13:10 AEST 2017 org.joda.time.tz.DateTimeZoneBuilder,512
Thu Aug 24 17:13:10 AEST 2017 org.joda.time.tz.DateTimeZoneBuilder,513
Thu Aug 24 17:13:10 AEST 2017 org.joda.time.tz.DateTimeZoneBuilder,514
Thu Aug 24 17:13:10 AEST 2017 Thu Aug 24 17:13:10 AEST 2017 : org.joda.time.tz.DateTimeZoneBuilder,515=>Find no block
Thu Aug 24 17:13:11 AEST 2017 Thu Aug 24 17:13:11 AEST 2017 : org.joda.time.tz.DateTimeZoneBuilder,747=>Find no block
Thu Aug 24 17:13:11 AEST 2017 org.joda.time.tz.DateTimeZoneBuilder,748
Thu Aug 24 17:13:42 AEST 2017 org.joda.time.tz.DateTimeZoneBuilder,749
Thu Aug 24 17:13:42 AEST 2017 org.joda.time.tz.DateTimeZoneBuilder,750
Thu Aug 24 17:13:42 AEST 2017 Thu Aug 24 17:13:42 AEST 2017 : org.joda.time.tz.DateTimeZoneBuilder,751=>Find no block
Thu Aug 24 17:13:43 AEST 2017 org.joda.time.tz.CachedDateTimeZone,87
Thu Aug 24 17:14:44 AEST 2017 org.joda.time.tz.CachedDateTimeZone,88
Thu Aug 24 17:14:44 AEST 2017 org.joda.time.tz.CachedDateTimeZone,89
Thu Aug 24 17:14:44 AEST 2017 Thu Aug 24 17:14:44 AEST 2017 : org.joda.time.tz.CachedDateTimeZone,90=>Find no block
Thu Aug 24 17:14:45 AEST 2017 org.joda.time.tz.CachedDateTimeZone,68
Thu Aug 24 17:14:46 AEST 2017 org.joda.time.tz.CachedDateTimeZone,71
Thu Aug 24 17:14:48 AEST 2017 org.joda.time.tz.DateTimeZoneBuilder,1500
Thu Aug 24 17:15:33 AEST 2017 org.joda.time.tz.DateTimeZoneBuilder,1501
Thu Aug 24 17:15:33 AEST 2017 org.joda.time.tz.DateTimeZoneBuilder,1502
Thu Aug 24 17:15:33 AEST 2017 org.joda.time.tz.DateTimeZoneBuilder,1503
Thu Aug 24 17:15:33 AEST 2017 org.joda.time.tz.DateTimeZoneBuilder,1504
Thu Aug 24 17:15:34 AEST 2017 org.joda.time.tz.DateTimeZoneBuilder,1505
Thu Aug 24 17:15:34 AEST 2017 Thu Aug 24 17:15:34 AEST 2017 : org.joda.time.tz.DateTimeZoneBuilder,1506=>Find no block
Thu Aug 24 17:15:35 AEST 2017 org.joda.time.tz.ZoneInfoProvider,199
Thu Aug 24 17:16:27 AEST 2017 org.joda.time.tz.ZoneInfoProvider,200
Thu Aug 24 17:16:28 AEST 2017 org.joda.time.tz.ZoneInfoProvider,201
Thu Aug 24 17:16:28 AEST 2017 org.joda.time.tz.ZoneInfoProvider,205
Thu Aug 24 17:17:18 AEST 2017 org.joda.time.tz.ZoneInfoProvider,196
Thu Aug 24 17:18:46 AEST 2017 org.joda.time.tz.ZoneInfoProvider,214
Thu Aug 24 17:20:24 AEST 2017 org.joda.time.DateTimeZone,693
Thu Aug 24 17:20:43 AEST 2017 Thu Aug 24 17:20:43 AEST 2017 : org.joda.time.DateTimeZone,694=>Find no block
Thu Aug 24 17:20:43 AEST 2017 Thu Aug 24 17:20:43 AEST 2017 : org.joda.time.DateTimeZone,689=>Find no block
Thu Aug 24 17:20:44 AEST 2017 org.joda.time.DateTimeZone,690
Thu Aug 24 17:21:15 AEST 2017 org.joda.time.tz.DateTimeZoneBuilder,551
Thu Aug 24 17:22:26 AEST 2017 org.joda.time.tz.DateTimeZoneBuilder,554
Thu Aug 24 17:22:27 AEST 2017 org.joda.time.tz.DateTimeZoneBuilder,1208
Thu Aug 24 17:26:57 AEST 2017 Thu Aug 24 17:26:57 AEST 2017 : org.joda.time.tz.DateTimeZoneBuilder,1218=>Find no block
Thu Aug 24 17:26:58 AEST 2017 org.joda.time.tz.DateTimeZoneBuilder,576
Thu Aug 24 17:35:58 AEST 2017 org.joda.time.tz.DateTimeZoneBuilder,577
Thu Aug 24 17:35:59 AEST 2017 org.joda.time.tz.DateTimeZoneBuilder,578
Thu Aug 24 17:35:59 AEST 2017 org.joda.time.tz.DateTimeZoneBuilder,1579
Timeout time : 17/08/24 17:49
