=================================================
Project : time_7	start : 17/08/24 07:43
Current failed test : org.joda.time.format.TestDateTimeFormatter::testParseInto_monthDay_feb29_newYork_startOfYear | 17/08/24 07:43
Thu Aug 24 07:45:02 AEST 2017 org.joda.time.IllegalFieldValueException,314
Thu Aug 24 07:45:05 AEST 2017 org.joda.time.IllegalFieldValueException,323
Thu Aug 24 07:47:15 AEST 2017 org.joda.time.IllegalFieldValueException,325
Thu Aug 24 07:47:16 AEST 2017 org.joda.time.IllegalFieldValueException,326
Thu Aug 24 07:47:16 AEST 2017 Thu Aug 24 07:47:16 AEST 2017 : org.joda.time.IllegalFieldValueException,328=>Find no block
Thu Aug 24 07:47:17 AEST 2017 Thu Aug 24 07:47:17 AEST 2017 : org.joda.time.format.DateTimeParserBucket,373=>Find no block
Thu Aug 24 07:47:17 AEST 2017 org.joda.time.format.DateTimeParserBucket,374
Thu Aug 24 07:52:19 AEST 2017 org.joda.time.format.DateTimeParserBucket,375
Thu Aug 24 07:52:20 AEST 2017 org.joda.time.format.DateTimeParserBucket,377
Thu Aug 24 08:02:54 AEST 2017 org.joda.time.format.DateTimeFormatter,701
Thu Aug 24 08:03:53 AEST 2017 org.joda.time.format.DateTimeFormatter,702
Thu Aug 24 08:03:56 AEST 2017 org.joda.time.format.DateTimeFormatter,706
Thu Aug 24 08:14:31 AEST 2017 org.joda.time.format.DateTimeFormatter,707
Thu Aug 24 08:32:00 AEST 2017 org.joda.time.format.DateTimeFormatter,708
Thu Aug 24 08:47:07 AEST 2017 org.joda.time.format.DateTimeFormatter,709

----------------------------------------
----------------------------------------
Pass Single Test : [=>0,0]
long instantLocal=instantMillis+chrono.getZone().getOffset(instantMillis);
chrono=selectChronology(chrono);
int defaultYear=chrono.year().get(instantMillis);

Time : 17/08/24 09:05
----------------------------------------

----------------------------------------
----------------------------------------
Similar code block : 0.9714759713788307 : [/home/hz985/jiajun/d4j/projects/time/time_7_buggy/src/main/java/org/joda/time/format/DateTimeFormatter.java=>0,0]
int millisOfDay=ISOChronology.getInstanceUTC().millisOfDay().get(millis);
setMillis(getChronology().millisOfDay().set(getMillis(),millisOfDay));

Time : 17/08/24 09:05
----------------------------------------

----------------------------------------
----------------------------------------
Original source code : [/home/hz985/jiajun/d4j/projects/time/time_7_buggy/src/main/java/org/joda/time/format/DateTimeFormatter.java=>708,710]
long instantLocal=instantMillis+chrono.getZone().getOffset(instantMillis);
chrono=selectChronology(chrono);
int defaultYear=chrono.year().get(instantLocal);

Time : 17/08/24 09:05
----------------------------------------

----------------------------------------
----------------------------------------
Find a patch : [/home/hz985/jiajun/d4j/projects/time/time_7_buggy/src/main/java/org/joda/time/format/DateTimeFormatter.java=>708,710]
long instantLocal=instantMillis+chrono.getZone().getOffset(instantMillis);
chrono=selectChronology(chrono);
int defaultYear=chrono.year().get(instantMillis);

Time : 17/08/24 09:05
----------------------------------------
Success time : 17/08/24 09:05
