=================================================
Project : time_9	start : 17/08/25 09:53
Current failed test : org.joda.time.TestDateTimeZone::testForOffsetHoursMinutes_int_int_purify_1 | 17/08/25 09:55
Fri Aug 25 09:57:27 AEST 2017 org.joda.time.IllegalFieldValueException,108
Fri Aug 25 09:57:29 AEST 2017 org.joda.time.IllegalFieldValueException,109
Fri Aug 25 09:57:29 AEST 2017 org.joda.time.IllegalFieldValueException,110
Fri Aug 25 09:57:29 AEST 2017 org.joda.time.IllegalFieldValueException,111
Fri Aug 25 09:57:29 AEST 2017 org.joda.time.IllegalFieldValueException,112
Fri Aug 25 09:57:29 AEST 2017 org.joda.time.IllegalFieldValueException,113
Fri Aug 25 09:57:29 AEST 2017 org.joda.time.IllegalFieldValueException,114
Fri Aug 25 09:57:29 AEST 2017 org.joda.time.IllegalFieldValueException,115
Fri Aug 25 09:57:29 AEST 2017 org.joda.time.IllegalFieldValueException,116
Fri Aug 25 09:57:29 AEST 2017 Fri Aug 25 09:57:29 AEST 2017 : org.joda.time.IllegalFieldValueException,117=>Find no block
Fri Aug 25 09:57:29 AEST 2017 org.joda.time.IllegalFieldValueException,129
Fri Aug 25 09:57:31 AEST 2017 org.joda.time.IllegalFieldValueException,130
Fri Aug 25 09:57:31 AEST 2017 org.joda.time.IllegalFieldValueException,131
Fri Aug 25 09:57:31 AEST 2017 org.joda.time.IllegalFieldValueException,132
Fri Aug 25 09:57:31 AEST 2017 org.joda.time.IllegalFieldValueException,133
Fri Aug 25 09:57:31 AEST 2017 org.joda.time.IllegalFieldValueException,134
Fri Aug 25 09:57:31 AEST 2017 org.joda.time.IllegalFieldValueException,135
Fri Aug 25 09:57:31 AEST 2017 org.joda.time.IllegalFieldValueException,136
Fri Aug 25 09:57:31 AEST 2017 org.joda.time.IllegalFieldValueException,137
Fri Aug 25 09:57:31 AEST 2017 Fri Aug 25 09:57:31 AEST 2017 : org.joda.time.IllegalFieldValueException,138=>Find no block
Fri Aug 25 09:57:31 AEST 2017 org.joda.time.IllegalFieldValueException,150
Fri Aug 25 09:57:33 AEST 2017 org.joda.time.IllegalFieldValueException,151
Fri Aug 25 09:57:33 AEST 2017 org.joda.time.IllegalFieldValueException,152
Fri Aug 25 09:57:33 AEST 2017 org.joda.time.IllegalFieldValueException,153
Fri Aug 25 09:57:33 AEST 2017 org.joda.time.IllegalFieldValueException,154
Fri Aug 25 09:57:33 AEST 2017 org.joda.time.IllegalFieldValueException,155
Fri Aug 25 09:57:33 AEST 2017 org.joda.time.IllegalFieldValueException,156
Fri Aug 25 09:57:33 AEST 2017 org.joda.time.IllegalFieldValueException,157
Fri Aug 25 09:57:33 AEST 2017 org.joda.time.IllegalFieldValueException,158
Fri Aug 25 09:57:33 AEST 2017 Fri Aug 25 09:57:33 AEST 2017 : org.joda.time.IllegalFieldValueException,159=>Find no block
Fri Aug 25 09:57:33 AEST 2017 org.joda.time.IllegalFieldValueException,171
Fri Aug 25 09:57:35 AEST 2017 org.joda.time.IllegalFieldValueException,172
Fri Aug 25 09:57:35 AEST 2017 org.joda.time.IllegalFieldValueException,173
Fri Aug 25 09:57:35 AEST 2017 org.joda.time.IllegalFieldValueException,174
Fri Aug 25 09:57:35 AEST 2017 org.joda.time.IllegalFieldValueException,175
Fri Aug 25 09:57:35 AEST 2017 org.joda.time.IllegalFieldValueException,176
Fri Aug 25 09:57:35 AEST 2017 org.joda.time.IllegalFieldValueException,177
Fri Aug 25 09:57:35 AEST 2017 org.joda.time.IllegalFieldValueException,178
Fri Aug 25 09:57:35 AEST 2017 org.joda.time.IllegalFieldValueException,179
Fri Aug 25 09:57:35 AEST 2017 Fri Aug 25 09:57:35 AEST 2017 : org.joda.time.IllegalFieldValueException,180=>Find no block
Fri Aug 25 09:57:35 AEST 2017 org.joda.time.IllegalFieldValueException,189
Fri Aug 25 09:57:37 AEST 2017 org.joda.time.IllegalFieldValueException,190
Fri Aug 25 09:57:37 AEST 2017 org.joda.time.IllegalFieldValueException,191
Fri Aug 25 09:57:37 AEST 2017 org.joda.time.IllegalFieldValueException,192
Fri Aug 25 09:57:37 AEST 2017 org.joda.time.IllegalFieldValueException,193
Fri Aug 25 09:57:37 AEST 2017 org.joda.time.IllegalFieldValueException,194
Fri Aug 25 09:57:37 AEST 2017 org.joda.time.IllegalFieldValueException,195
Fri Aug 25 09:57:37 AEST 2017 org.joda.time.IllegalFieldValueException,196
Fri Aug 25 09:57:37 AEST 2017 org.joda.time.IllegalFieldValueException,197
Fri Aug 25 09:57:37 AEST 2017 Fri Aug 25 09:57:37 AEST 2017 : org.joda.time.IllegalFieldValueException,198=>Find no block
Fri Aug 25 09:57:37 AEST 2017 org.joda.time.IllegalFieldValueException,207
Fri Aug 25 09:57:38 AEST 2017 org.joda.time.IllegalFieldValueException,208
Fri Aug 25 09:57:38 AEST 2017 org.joda.time.IllegalFieldValueException,209
Fri Aug 25 09:57:38 AEST 2017 org.joda.time.IllegalFieldValueException,210
Fri Aug 25 09:57:38 AEST 2017 org.joda.time.IllegalFieldValueException,211
Fri Aug 25 09:57:38 AEST 2017 org.joda.time.IllegalFieldValueException,212
Fri Aug 25 09:57:39 AEST 2017 org.joda.time.IllegalFieldValueException,213
Fri Aug 25 09:57:39 AEST 2017 org.joda.time.IllegalFieldValueException,214
Fri Aug 25 09:57:39 AEST 2017 org.joda.time.IllegalFieldValueException,215
Fri Aug 25 09:57:39 AEST 2017 Fri Aug 25 09:57:39 AEST 2017 : org.joda.time.IllegalFieldValueException,216=>Find no block
Fri Aug 25 09:57:39 AEST 2017 org.joda.time.IllegalFieldValueException,225
Fri Aug 25 09:57:40 AEST 2017 org.joda.time.IllegalFieldValueException,226
Fri Aug 25 09:57:40 AEST 2017 org.joda.time.IllegalFieldValueException,227
Fri Aug 25 09:57:40 AEST 2017 org.joda.time.IllegalFieldValueException,228
Fri Aug 25 09:57:40 AEST 2017 org.joda.time.IllegalFieldValueException,229
Fri Aug 25 09:57:40 AEST 2017 org.joda.time.IllegalFieldValueException,230
Fri Aug 25 09:57:40 AEST 2017 org.joda.time.IllegalFieldValueException,231
Fri Aug 25 09:57:40 AEST 2017 org.joda.time.IllegalFieldValueException,232
Fri Aug 25 09:57:40 AEST 2017 org.joda.time.IllegalFieldValueException,233
Fri Aug 25 09:57:40 AEST 2017 Fri Aug 25 09:57:40 AEST 2017 : org.joda.time.IllegalFieldValueException,234=>Find no block
Fri Aug 25 09:57:40 AEST 2017 org.joda.time.IllegalFieldValueException,41

----------------------------------------
----------------------------------------
Pass Single Test : [=>0,0]
if(upperBound==null){
buf.append("is not supported");
}else {
buf.append(value);
buf.append("must not be larger than ").append(upperBound);
}

Time : 17/08/25 09:58
----------------------------------------

----------------------------------------
----------------------------------------
Similar code block : 4.424595269683423 : [/home/similarfix/d4j/projects/time/time_9_buggy/src/main/java/org/joda/time/IllegalFieldValueException.java=>0,0]
if(value==null){
buf.append("null");
}else {
buf.append('\"');
buf.append(value);
buf.append('\"');
}

Time : 17/08/25 09:58
----------------------------------------

----------------------------------------
----------------------------------------
Original source code : [/home/similarfix/d4j/projects/time/time_9_buggy/src/main/java/org/joda/time/IllegalFieldValueException.java=>45,49]
if(upperBound==null){
buf.append("is not supported");
}else {
buf.append("must not be larger than ").append(upperBound);
}

Time : 17/08/25 09:58
----------------------------------------

----------------------------------------
----------------------------------------
Find a patch : [/home/similarfix/d4j/projects/time/time_9_buggy/src/main/java/org/joda/time/IllegalFieldValueException.java=>45,49]
if(upperBound==null){
buf.append("is not supported");
}else {
buf.append(value);
buf.append("must not be larger than ").append(upperBound);
}

Time : 17/08/25 09:58
----------------------------------------
Success time : 17/08/25 09:58
Current failed test : org.joda.time.TestDateTimeZone::testForOffsetHoursMinutes_int_int_purify_11 | 17/08/25 09:58
Fri Aug 25 10:00:53 AEST 2017 org.joda.time.DateTimeZone,267
Fri Aug 25 10:04:38 AEST 2017 org.joda.time.DateTimeZone,364
Fri Aug 25 10:11:15 AEST 2017 org.joda.time.DateTimeZone,365
Fri Aug 25 10:14:33 AEST 2017 org.joda.time.DateTimeZone,366
Fri Aug 25 10:14:33 AEST 2017 org.joda.time.DateTimeZone,261

----------------------------------------
----------------------------------------
Pass Single Test : [=>0,0]
if(minutesOffset<0||minutesOffset>=0){
throw new IllegalArgumentException("Minutes out of range: "+minutesOffset);
}
int offset=0;

Time : 17/08/25 10:17
----------------------------------------

----------------------------------------
----------------------------------------
Pass Single Test : [=>0,0]
if((serialVersionUID^serialVersionUID)<0||minutesOffset>=0){
throw new IllegalArgumentException("Minutes out of range: "+minutesOffset);
}
int offset=0;

Time : 17/08/25 10:19
----------------------------------------
Fri Aug 25 10:25:54 AEST 2017 org.joda.time.DateTimeZone,263
Fri Aug 25 10:28:10 AEST 2017 org.joda.time.DateTimeZone,264
Fri Aug 25 10:28:10 AEST 2017 org.joda.time.DateTimeZone,269

----------------------------------------
----------------------------------------
Pass Single Test : [=>0,0]
if(hoursInMinutes<0){
minutesOffset=FieldUtils.safeAdd(hoursInMinutes,-minutesOffset);
}else {
minutesOffset=FieldUtils.safeAdd(hoursInMinutes,minutesOffset);
}
if(offset==0){
throw new IllegalArgumentException("The offset cannot be zero");
}
offset=FieldUtils.safeMultiply(minutesOffset,DateTimeConstants.MILLIS_PER_MINUTE);

Time : 17/08/25 10:34
----------------------------------------

----------------------------------------
----------------------------------------
Pass Single Test : [=>0,0]
if(hoursInMinutes<0){
minutesOffset=FieldUtils.safeAdd(hoursInMinutes,-minutesOffset);
}else {
throw new ArithmeticException("Subtracting time zone offset caused overflow");
}
offset=FieldUtils.safeMultiply(minutesOffset,DateTimeConstants.MILLIS_PER_MINUTE);

Time : 17/08/25 10:36
----------------------------------------
Fri Aug 25 10:36:34 AEST 2017 Fri Aug 25 10:36:34 AEST 2017 : org.joda.time.DateTimeZone,272=>Find no block
Fri Aug 25 10:36:34 AEST 2017 org.joda.time.DateTimeZone,273
Fri Aug 25 10:38:35 AEST 2017 org.joda.time.DateTimeZone,255
Fri Aug 25 10:39:02 AEST 2017 org.joda.time.DateTimeZone,258
Fri Aug 25 10:39:29 AEST 2017 org.joda.time.DateTimeZone,283
Fri Aug 25 10:40:12 AEST 2017 org.joda.time.DateTimeZone,284
Fri Aug 25 10:40:12 AEST 2017 org.joda.time.DateTimeZone,634

----------------------------------------
----------------------------------------
Pass Single Test : [=>0,0]
if(offset>=0){
throw new IllegalArgumentException("The offset cannot be zero");
}else {
buf.append('-');
offset=-offset;
}

Time : 17/08/25 11:15
----------------------------------------

----------------------------------------
----------------------------------------
Pass Single Test : [=>0,0]
offset=offset;
if(offset>=0){
throw new IllegalArgumentException("The offset cannot be zero");
}else {
buf.append('-');
offset=-offset;
}

Time : 17/08/25 11:15
----------------------------------------
Fri Aug 25 11:18:04 AEST 2017 org.joda.time.DateTimeZone,350
Fri Aug 25 11:21:14 AEST 2017 org.joda.time.DateTimeZone,353
Fri Aug 25 11:21:15 AEST 2017 org.joda.time.DateTimeZone,357
Fri Aug 25 11:24:35 AEST 2017 org.joda.time.DateTimeZone,358
Fri Aug 25 11:24:35 AEST 2017 org.joda.time.DateTimeZone,632
Timeout time : 17/08/25 11:40
Current failed test : org.joda.time.TestDateTimeZone::testForOffsetHoursMinutes_int_int_purify_12 | 17/08/25 11:40
Fri Aug 25 11:42:48 AEST 2017 org.joda.time.DateTimeZone,265
Fri Aug 25 11:46:32 AEST 2017 org.joda.time.DateTimeZone,636
Fri Aug 25 12:23:40 AEST 2017 org.joda.time.DateTimeZone,637
Fri Aug 25 12:23:40 AEST 2017 org.joda.time.DateTimeZone,364
Fri Aug 25 12:30:13 AEST 2017 org.joda.time.DateTimeZone,365
Fri Aug 25 12:33:29 AEST 2017 org.joda.time.DateTimeZone,366
Fri Aug 25 12:33:29 AEST 2017 org.joda.time.DateTimeZone,261

----------------------------------------
----------------------------------------
Pass Single Test : [=>0,0]
if(minutesOffset<0||minutesOffset>=0){
throw new IllegalArgumentException("Minutes out of range: "+minutesOffset);
}
int offset=0;

Time : 17/08/25 12:36
----------------------------------------

----------------------------------------
----------------------------------------
Pass Single Test : [=>0,0]
if((serialVersionUID^serialVersionUID)<0||minutesOffset>=0){
throw new IllegalArgumentException("Minutes out of range: "+minutesOffset);
}
int offset=0;

Time : 17/08/25 12:38
----------------------------------------
Fri Aug 25 12:44:46 AEST 2017 org.joda.time.DateTimeZone,263
Fri Aug 25 12:47:02 AEST 2017 org.joda.time.DateTimeZone,264
Fri Aug 25 12:47:02 AEST 2017 org.joda.time.DateTimeZone,269

----------------------------------------
----------------------------------------
Pass Single Test : [=>0,0]
if(hoursInMinutes<0){
minutesOffset=FieldUtils.safeAdd(hoursInMinutes,-minutesOffset);
}else {
minutesOffset=FieldUtils.safeAdd(hoursInMinutes,minutesOffset);
}
if(offset==0){
throw new IllegalArgumentException("The offset cannot be zero");
}
offset=FieldUtils.safeMultiply(minutesOffset,DateTimeConstants.MILLIS_PER_MINUTE);

Time : 17/08/25 12:53
----------------------------------------

----------------------------------------
----------------------------------------
Pass Single Test : [=>0,0]
if(hoursInMinutes<0){
throw new ArithmeticException("Subtracting time zone offset caused overflow");
}else {
minutesOffset=FieldUtils.safeAdd(hoursInMinutes,minutesOffset);
}
offset=FieldUtils.safeMultiply(minutesOffset,DateTimeConstants.MILLIS_PER_MINUTE);

Time : 17/08/25 12:54
----------------------------------------
Fri Aug 25 12:55:25 AEST 2017 Fri Aug 25 12:55:25 AEST 2017 : org.joda.time.DateTimeZone,272=>Find no block
Fri Aug 25 12:55:25 AEST 2017 org.joda.time.DateTimeZone,273
Fri Aug 25 12:57:26 AEST 2017 org.joda.time.DateTimeZone,255
Fri Aug 25 12:57:53 AEST 2017 org.joda.time.DateTimeZone,258
Fri Aug 25 12:58:20 AEST 2017 org.joda.time.DateTimeZone,283
Fri Aug 25 12:59:04 AEST 2017 org.joda.time.DateTimeZone,284
Fri Aug 25 12:59:04 AEST 2017 org.joda.time.DateTimeZone,350
Fri Aug 25 13:02:14 AEST 2017 org.joda.time.DateTimeZone,353
Fri Aug 25 13:02:15 AEST 2017 org.joda.time.DateTimeZone,357
Fri Aug 25 13:05:35 AEST 2017 org.joda.time.DateTimeZone,358
Fri Aug 25 13:05:35 AEST 2017 org.joda.time.DateTimeZone,632
Timeout time : 17/08/25 13:22
