=================================================
Project : math_12	start : 18/01/16 00:37
Current failed test : org.apache.commons.math3.distribution.GammaDistributionTest::testDistributionClone | 18/01/16 00:38
Tue Jan 16 00:42:44 AEDT 2018 org.apache.commons.math3.distribution.GammaDistribution,374
Tue Jan 16 02:09:30 AEDT 2018 org.apache.commons.math3.distribution.GammaDistribution,413
Tue Jan 16 02:18:02 AEDT 2018 org.apache.commons.math3.distribution.GammaDistribution,414
Tue Jan 16 02:18:11 AEDT 2018 org.apache.commons.math3.distribution.GammaDistribution,417
Tue Jan 16 02:27:49 AEDT 2018 org.apache.commons.math3.distribution.GammaDistribution,418
Tue Jan 16 02:27:56 AEDT 2018 org.apache.commons.math3.distribution.GammaDistribution,420
Tue Jan 16 02:28:03 AEDT 2018 org.apache.commons.math3.distribution.GammaDistribution,424
Tue Jan 16 02:47:17 AEDT 2018 org.apache.commons.math3.distribution.GammaDistribution,425
Tue Jan 16 03:11:49 AEDT 2018 org.apache.commons.math3.distribution.GammaDistribution,428
Tue Jan 16 03:11:57 AEDT 2018 org.apache.commons.math3.distribution.GammaDistribution,429
Tue Jan 16 03:12:06 AEDT 2018 org.apache.commons.math3.distribution.GammaDistribution,432
Tue Jan 16 03:12:16 AEDT 2018 org.apache.commons.math3.distribution.GammaDistribution,433
Tue Jan 16 03:12:24 AEDT 2018 org.apache.commons.math3.distribution.LogNormalDistribution,311
Tue Jan 16 03:15:24 AEDT 2018 org.apache.commons.math3.distribution.LogNormalDistribution,312
Tue Jan 16 03:15:29 AEDT 2018 org.apache.commons.math3.distribution.AbstractRealDistribution,246
Tue Jan 16 03:17:58 AEDT 2018 org.apache.commons.math3.distribution.AbstractRealDistribution,247
Tue Jan 16 03:18:05 AEDT 2018 Tue Jan 16 03:18:05 AEDT 2018 : org.apache.commons.math3.distribution.AbstractRealDistribution,248=>Find no block
Tue Jan 16 03:18:12 AEDT 2018 org.apache.commons.math3.random.RandomDataGenerator,648
Tue Jan 16 03:19:05 AEDT 2018 Tue Jan 16 03:19:05 AEDT 2018 : org.apache.commons.math3.random.RandomDataGenerator,649=>Find no block
Tue Jan 16 03:19:14 AEDT 2018 org.apache.commons.math3.random.RandomDataImpl,461
Tue Jan 16 03:20:38 AEDT 2018 Tue Jan 16 03:20:38 AEDT 2018 : org.apache.commons.math3.random.RandomDataImpl,462=>Find no block
Tue Jan 16 03:20:46 AEDT 2018 org.apache.commons.math3.random.Well19937c,79
Tue Jan 16 03:21:08 AEDT 2018 Tue Jan 16 03:21:08 AEDT 2018 : org.apache.commons.math3.random.Well19937c,80=>Find no block
Tue Jan 16 03:21:15 AEDT 2018 org.apache.commons.math3.random.RandomDataGenerator,714
Tue Jan 16 03:21:34 AEDT 2018 org.apache.commons.math3.random.RandomDataGenerator,715
Tue Jan 16 03:21:41 AEDT 2018 org.apache.commons.math3.random.RandomDataGenerator,717
Tue Jan 16 03:21:59 AEDT 2018 org.apache.commons.math3.random.RandomDataGenerator,725
Tue Jan 16 03:22:18 AEDT 2018 Tue Jan 16 03:22:18 AEDT 2018 : org.apache.commons.math3.random.RandomDataGenerator,726=>Find no block
Tue Jan 16 03:22:24 AEDT 2018 org.apache.commons.math3.random.AbstractWell,132
Tue Jan 16 03:22:41 AEDT 2018 Tue Jan 16 03:22:41 AEDT 2018 : org.apache.commons.math3.random.AbstractWell,133=>Find no block
Tue Jan 16 03:22:48 AEDT 2018 org.apache.commons.math3.random.Well19937c,86
Tue Jan 16 03:27:10 AEDT 2018 org.apache.commons.math3.random.Well19937c,87
Tue Jan 16 03:27:19 AEDT 2018 org.apache.commons.math3.random.Well19937c,89
Tue Jan 16 03:31:56 AEDT 2018 org.apache.commons.math3.random.Well19937c,90
Tue Jan 16 03:36:43 AEDT 2018 org.apache.commons.math3.random.Well19937c,91
Tue Jan 16 03:38:09 AEDT 2018 org.apache.commons.math3.random.Well19937c,92
Tue Jan 16 03:39:38 AEDT 2018 org.apache.commons.math3.random.Well19937c,94
Tue Jan 16 04:16:16 AEDT 2018 org.apache.commons.math3.random.Well19937c,95
Tue Jan 16 04:19:35 AEDT 2018 org.apache.commons.math3.random.Well19937c,96
Tue Jan 16 04:21:04 AEDT 2018 org.apache.commons.math3.random.Well19937c,97
Tue Jan 16 04:24:08 AEDT 2018 org.apache.commons.math3.random.Well19937c,98
Tue Jan 16 04:35:06 AEDT 2018 org.apache.commons.math3.random.Well19937c,100
Tue Jan 16 04:49:18 AEDT 2018 org.apache.commons.math3.random.Well19937c,101
Tue Jan 16 04:52:40 AEDT 2018 org.apache.commons.math3.random.Well19937c,102
Tue Jan 16 04:59:41 AEDT 2018 org.apache.commons.math3.random.Well19937c,103
Tue Jan 16 05:05:54 AEDT 2018 org.apache.commons.math3.random.Well19937c,108
Tue Jan 16 05:10:52 AEDT 2018 org.apache.commons.math3.random.Well19937c,109
Tue Jan 16 05:12:37 AEDT 2018 org.apache.commons.math3.random.Well19937c,111
Tue Jan 16 05:12:39 AEDT 2018 org.apache.commons.math3.random.BitsStreamGenerator,101
Tue Jan 16 05:18:46 AEDT 2018 org.apache.commons.math3.random.BitsStreamGenerator,103
Tue Jan 16 05:20:15 AEDT 2018 org.apache.commons.math3.random.BitsStreamGenerator,104
Tue Jan 16 05:20:17 AEDT 2018 org.apache.commons.math3.random.BitsStreamGenerator,105
Tue Jan 16 05:28:56 AEDT 2018 org.apache.commons.math3.random.BitsStreamGenerator,106
Timeout time : 18/01/16 05:42
