=================================================
Project : math_21	start : 18/01/15 20:26
Current failed test : org.apache.commons.math3.linear.RectangularCholeskyDecompositionTest::testMath789_purify_1 | 18/01/15 20:28
Mon Jan 15 20:31:22 AEDT 2018 Mon Jan 15 20:31:22 AEDT 2018 : org.apache.commons.math3.exception.MathIllegalStateException,45=>Find no block
Mon Jan 15 20:31:30 AEDT 2018 org.apache.commons.math3.exception.MathIllegalStateException,46
Mon Jan 15 20:31:47 AEDT 2018 org.apache.commons.math3.exception.MathIllegalStateException,47
Mon Jan 15 20:31:54 AEDT 2018 Mon Jan 15 20:31:54 AEDT 2018 : org.apache.commons.math3.exception.MathIllegalStateException,48=>Find no block
Mon Jan 15 20:32:00 AEDT 2018 org.apache.commons.math3.exception.MathIllegalStateException,60

----------------------------------------
----------------------------------------
Pass Single Test : [=>0,0]
context=new ExceptionContext(this);
context.addMessage(pattern,args);

Time : 18/01/15 20:33
----------------------------------------

----------------------------------------
----------------------------------------
Similar code block : 2.6847988921993675 : [/home/hz985/jiajun/d4j/projects/math/math_21_buggy/src/main/java/org/apache/commons/math3/exception/MathIllegalStateException.java=>0,0]
context=new ExceptionContext(this);
context.addMessage(pattern,args);

Time : 18/01/15 20:35
----------------------------------------

----------------------------------------
----------------------------------------
Original source code : [/home/hz985/jiajun/d4j/projects/math/math_21_buggy/src/main/java/org/apache/commons/math3/exception/MathIllegalStateException.java=>60,62]
super(cause);
context=new ExceptionContext(this);
context.addMessage(pattern,args);

Time : 18/01/15 20:35
----------------------------------------

----------------------------------------
----------------------------------------
Find a patch : [/home/hz985/jiajun/d4j/projects/math/math_21_buggy/src/main/java/org/apache/commons/math3/exception/MathIllegalStateException.java=>60,62]
context=new ExceptionContext(this);
context.addMessage(pattern,args);

Time : 18/01/15 20:35
----------------------------------------
Success time : 18/01/15 20:35
Current failed test : org.apache.commons.math3.linear.RectangularCholeskyDecompositionTest::testMath789_purify_3 | 18/01/15 20:35
Mon Jan 15 20:38:49 AEDT 2018 org.apache.commons.math3.linear.RectangularCholeskyDecomposition,100
Mon Jan 15 20:40:06 AEDT 2018 org.apache.commons.math3.linear.RectangularCholeskyDecomposition,105
Mon Jan 15 20:56:43 AEDT 2018 org.apache.commons.math3.linear.RectangularCholeskyDecomposition,106
Mon Jan 15 20:56:49 AEDT 2018 org.apache.commons.math3.linear.RectangularCholeskyDecomposition,115
Mon Jan 15 21:42:02 AEDT 2018 org.apache.commons.math3.linear.RectangularCholeskyDecomposition,116
Mon Jan 15 21:42:09 AEDT 2018 org.apache.commons.math3.util.FastMath,3508

----------------------------------------
----------------------------------------
Pass Single Test : [=>0,0]
if(a>b){
return b;
}

Time : 18/01/15 21:43
----------------------------------------
Mon Jan 15 22:09:19 AEDT 2018 org.apache.commons.math3.util.FastMath,3511

----------------------------------------
----------------------------------------
Pass Single Test : [=>0,0]
if(a<b){
return a;
}

Time : 18/01/15 22:15
----------------------------------------
Timeout time : 18/01/15 22:25
Current failed test : org.apache.commons.math3.linear.RectangularCholeskyDecompositionTest::testFullRank_purify_2 | 18/01/15 22:25
Mon Jan 15 22:28:10 AEDT 2018 org.apache.commons.math3.util.FastMath,3508
Mon Jan 15 22:31:44 AEDT 2018 org.apache.commons.math3.util.FastMath,3511
Mon Jan 15 22:35:39 AEDT 2018 org.apache.commons.math3.linear.MatrixUtils,130
Mon Jan 15 22:35:55 AEDT 2018 org.apache.commons.math3.linear.MatrixUtils,134
Mon Jan 15 22:38:11 AEDT 2018 org.apache.commons.math3.linear.MatrixUtils,523
Mon Jan 15 22:39:47 AEDT 2018 Mon Jan 15 22:39:47 AEDT 2018 : org.apache.commons.math3.linear.MatrixUtils,528=>Find no block
Mon Jan 15 22:39:55 AEDT 2018 org.apache.commons.math3.linear.Array2DRowRealMatrix,456

----------------------------------------
----------------------------------------
Pass Single Test : [=>0,0]
for(int i=0;i<rows;++i){
visitor.visit(j,j,data[i][j]);
}

Time : 18/01/15 22:42
----------------------------------------

----------------------------------------
----------------------------------------
Pass Single Test : [=>0,0]
for(int i=0;i<=j;++i){
visitor.visit(i,j,data[i][j]);
}

Time : 18/01/15 22:48
----------------------------------------

----------------------------------------
----------------------------------------
Pass Single Test : [=>0,0]
for(int j=0;j<columns;++j){
for(int i=0;i<=j;++i){
visitor.visit(i,j,data[i][j]);
}
}

Time : 18/01/15 23:05
----------------------------------------

----------------------------------------
----------------------------------------
Pass Single Test : [=>0,0]
 final int rows=getRowDimension();
 final int columns=getColumnDimension();
visitor.start(rows,columns,0,rows-1,0,columns-1);
for(int j=0;j<columns;++j){
for(int i=0;i<=j;++i){
visitor.visit(i,j,data[i][j]);
}
}
return visitor.end();

Time : 18/01/15 23:35
----------------------------------------

----------------------------------------
----------------------------------------
Pass Single Test : [=>0,0]
 final int rows=getRowDimension();
 final int columns=getColumnDimension();
visitor.start(rows,columns,0,rows-1,0,columns-1);
for(int j=0;j<rows;++j){
for(int i=0;i<=j;++i){
visitor.visit(i,j,data[i][j]);
}
}
return visitor.end();

Time : 18/01/15 23:38
----------------------------------------
Timeout time : 18/01/16 00:08
