=================================================
Project : math_27	start : 18/01/15 20:26
Current failed test : org.apache.commons.math3.fraction.FractionTest::testMath835 | 18/01/15 20:27
Mon Jan 15 20:29:21 AEDT 2018 org.apache.commons.math3.fraction.Fraction,597
Mon Jan 15 20:29:37 AEDT 2018 org.apache.commons.math3.fraction.Fraction,555
Mon Jan 15 20:29:55 AEDT 2018 org.apache.commons.math3.fraction.Fraction,319
Mon Jan 15 20:30:10 AEDT 2018 org.apache.commons.math3.util.ArithmeticUtils,430
Mon Jan 15 20:34:31 AEDT 2018 org.apache.commons.math3.util.ArithmeticUtils,426
Mon Jan 15 20:34:43 AEDT 2018 org.apache.commons.math3.util.ArithmeticUtils,400
Mon Jan 15 20:35:31 AEDT 2018 org.apache.commons.math3.util.ArithmeticUtils,399
Mon Jan 15 20:35:36 AEDT 2018 org.apache.commons.math3.util.ArithmeticUtils,402
Mon Jan 15 20:37:11 AEDT 2018 org.apache.commons.math3.util.ArithmeticUtils,403
Mon Jan 15 20:37:14 AEDT 2018 org.apache.commons.math3.util.ArithmeticUtils,406
Mon Jan 15 20:50:37 AEDT 2018 org.apache.commons.math3.util.ArithmeticUtils,407
Mon Jan 15 20:50:41 AEDT 2018 org.apache.commons.math3.util.ArithmeticUtils,413
Mon Jan 15 20:59:55 AEDT 2018 org.apache.commons.math3.util.ArithmeticUtils,419
Mon Jan 15 21:04:58 AEDT 2018 org.apache.commons.math3.util.ArithmeticUtils,425
Mon Jan 15 21:05:03 AEDT 2018 org.apache.commons.math3.util.ArithmeticUtils,429
Mon Jan 15 21:05:08 AEDT 2018 org.apache.commons.math3.util.ArithmeticUtils,435
Mon Jan 15 21:05:20 AEDT 2018 org.apache.commons.math3.util.ArithmeticUtils,438
Mon Jan 15 21:05:25 AEDT 2018 org.apache.commons.math3.util.ArithmeticUtils,439
Mon Jan 15 21:06:57 AEDT 2018 org.apache.commons.math3.util.ArithmeticUtils,385
Mon Jan 15 21:33:08 AEDT 2018 org.apache.commons.math3.util.ArithmeticUtils,386
Mon Jan 15 21:33:14 AEDT 2018 org.apache.commons.math3.util.ArithmeticUtils,387
Mon Jan 15 21:33:18 AEDT 2018 Mon Jan 15 21:33:18 AEDT 2018 : org.apache.commons.math3.fraction.Fraction,256=>Find no block
Mon Jan 15 21:33:24 AEDT 2018 org.apache.commons.math3.fraction.Fraction,257
Mon Jan 15 21:35:02 AEDT 2018 org.apache.commons.math3.fraction.Fraction,261
Mon Jan 15 21:36:05 AEDT 2018 org.apache.commons.math3.fraction.Fraction,271
Mon Jan 15 21:41:31 AEDT 2018 org.apache.commons.math3.fraction.Fraction,272
Mon Jan 15 21:41:35 AEDT 2018 org.apache.commons.math3.fraction.Fraction,278
Mon Jan 15 21:42:44 AEDT 2018 org.apache.commons.math3.fraction.Fraction,282
Mon Jan 15 21:45:03 AEDT 2018 org.apache.commons.math3.fraction.Fraction,283
Mon Jan 15 21:45:11 AEDT 2018 Mon Jan 15 21:45:11 AEDT 2018 : org.apache.commons.math3.fraction.Fraction,284=>Find no block
Mon Jan 15 21:45:15 AEDT 2018 Mon Jan 15 21:45:15 AEDT 2018 : org.apache.commons.math3.exception.MathIllegalStateException,45=>Find no block
Mon Jan 15 21:45:18 AEDT 2018 org.apache.commons.math3.exception.MathIllegalStateException,46
Mon Jan 15 21:45:35 AEDT 2018 org.apache.commons.math3.exception.MathIllegalStateException,47
Mon Jan 15 21:45:42 AEDT 2018 Mon Jan 15 21:45:42 AEDT 2018 : org.apache.commons.math3.exception.MathIllegalStateException,48=>Find no block
Mon Jan 15 21:45:48 AEDT 2018 org.apache.commons.math3.exception.MathIllegalStateException,60
Mon Jan 15 21:47:22 AEDT 2018 org.apache.commons.math3.exception.MathIllegalStateException,61
Mon Jan 15 21:47:29 AEDT 2018 org.apache.commons.math3.exception.MathIllegalStateException,62
Mon Jan 15 21:47:34 AEDT 2018 Mon Jan 15 21:47:34 AEDT 2018 : org.apache.commons.math3.exception.MathIllegalStateException,63=>Find no block
Mon Jan 15 21:47:39 AEDT 2018 org.apache.commons.math3.exception.MathIllegalStateException,69
Mon Jan 15 21:47:55 AEDT 2018 Mon Jan 15 21:47:55 AEDT 2018 : org.apache.commons.math3.exception.MathIllegalStateException,70=>Find no block
Mon Jan 15 21:48:00 AEDT 2018 org.apache.commons.math3.exception.MathIllegalStateException,74
Mon Jan 15 21:48:17 AEDT 2018 org.apache.commons.math3.exception.MathIllegalStateException,80
Mon Jan 15 21:48:34 AEDT 2018 org.apache.commons.math3.exception.MathIllegalStateException,86
Mon Jan 15 21:48:50 AEDT 2018 org.apache.commons.math3.exception.NumberIsTooSmallException,50
Mon Jan 15 21:49:06 AEDT 2018 Mon Jan 15 21:49:06 AEDT 2018 : org.apache.commons.math3.exception.NumberIsTooSmallException,54=>Find no block
Mon Jan 15 21:49:14 AEDT 2018 org.apache.commons.math3.exception.NumberIsTooSmallException,68
Mon Jan 15 21:51:31 AEDT 2018 org.apache.commons.math3.exception.NumberIsTooSmallException,70
Mon Jan 15 21:51:37 AEDT 2018 org.apache.commons.math3.exception.NumberIsTooSmallException,71
Mon Jan 15 21:51:44 AEDT 2018 Mon Jan 15 21:51:44 AEDT 2018 : org.apache.commons.math3.exception.NumberIsTooSmallException,72=>Find no block
Mon Jan 15 21:51:47 AEDT 2018 org.apache.commons.math3.exception.NumberIsTooSmallException,78
Mon Jan 15 21:52:06 AEDT 2018 org.apache.commons.math3.exception.NumberIsTooSmallException,85
Mon Jan 15 21:52:24 AEDT 2018 org.apache.commons.math3.exception.MathIllegalNumberException,46
Mon Jan 15 21:53:49 AEDT 2018 org.apache.commons.math3.exception.MathIllegalNumberException,47
Mon Jan 15 21:53:57 AEDT 2018 Mon Jan 15 21:53:57 AEDT 2018 : org.apache.commons.math3.exception.MathIllegalNumberException,48=>Find no block
Mon Jan 15 21:54:06 AEDT 2018 org.apache.commons.math3.exception.MathIllegalNumberException,54
Mon Jan 15 21:54:25 AEDT 2018 Mon Jan 15 21:54:25 AEDT 2018 : org.apache.commons.math3.exception.MathIllegalArgumentException,44=>Find no block
Mon Jan 15 21:54:33 AEDT 2018 org.apache.commons.math3.exception.MathIllegalArgumentException,45
Mon Jan 15 21:54:41 AEDT 2018 org.apache.commons.math3.exception.MathIllegalArgumentException,46
Mon Jan 15 21:54:48 AEDT 2018 Mon Jan 15 21:54:48 AEDT 2018 : org.apache.commons.math3.exception.MathIllegalArgumentException,47=>Find no block
Mon Jan 15 21:54:54 AEDT 2018 org.apache.commons.math3.exception.MathIllegalArgumentException,51
Mon Jan 15 21:54:59 AEDT 2018 org.apache.commons.math3.exception.MathIllegalArgumentException,57
Mon Jan 15 21:55:07 AEDT 2018 org.apache.commons.math3.exception.MathIllegalArgumentException,63
Mon Jan 15 21:55:13 AEDT 2018 org.apache.commons.math3.exception.NotPositiveException,37
Mon Jan 15 21:55:30 AEDT 2018 Mon Jan 15 21:55:30 AEDT 2018 : org.apache.commons.math3.exception.NotPositiveException,38=>Find no block
Mon Jan 15 21:55:36 AEDT 2018 org.apache.commons.math3.exception.NotPositiveException,47
Mon Jan 15 21:55:52 AEDT 2018 Mon Jan 15 21:55:52 AEDT 2018 : org.apache.commons.math3.exception.NotPositiveException,48=>Find no block
Mon Jan 15 21:55:59 AEDT 2018 Mon Jan 15 21:55:59 AEDT 2018 : org.apache.commons.math3.exception.MathArithmeticException,43=>Find no block
Mon Jan 15 21:56:06 AEDT 2018 org.apache.commons.math3.exception.MathArithmeticException,44
Mon Jan 15 21:57:30 AEDT 2018 org.apache.commons.math3.exception.MathArithmeticException,45
Mon Jan 15 21:57:37 AEDT 2018 Mon Jan 15 21:57:37 AEDT 2018 : org.apache.commons.math3.exception.MathArithmeticException,46=>Find no block
Mon Jan 15 21:57:45 AEDT 2018 Mon Jan 15 21:57:45 AEDT 2018 : org.apache.commons.math3.exception.MathArithmeticException,56=>Find no block
Mon Jan 15 21:57:52 AEDT 2018 org.apache.commons.math3.exception.MathArithmeticException,57
Mon Jan 15 21:57:59 AEDT 2018 org.apache.commons.math3.exception.MathArithmeticException,58
Mon Jan 15 21:58:06 AEDT 2018 Mon Jan 15 21:58:06 AEDT 2018 : org.apache.commons.math3.exception.MathArithmeticException,59=>Find no block
Mon Jan 15 21:58:10 AEDT 2018 org.apache.commons.math3.exception.MathArithmeticException,63
Mon Jan 15 21:58:17 AEDT 2018 org.apache.commons.math3.exception.MathArithmeticException,69
Mon Jan 15 21:58:25 AEDT 2018 org.apache.commons.math3.exception.MathArithmeticException,75
Mon Jan 15 21:58:34 AEDT 2018 org.apache.commons.math3.exception.NumberIsTooLargeException,50
Mon Jan 15 21:58:51 AEDT 2018 Mon Jan 15 21:58:51 AEDT 2018 : org.apache.commons.math3.exception.NumberIsTooLargeException,54=>Find no block
Mon Jan 15 21:59:00 AEDT 2018 org.apache.commons.math3.exception.NumberIsTooLargeException,67
Mon Jan 15 22:01:10 AEDT 2018 org.apache.commons.math3.exception.NumberIsTooLargeException,69
Mon Jan 15 22:01:18 AEDT 2018 org.apache.commons.math3.exception.NumberIsTooLargeException,70
Mon Jan 15 22:01:26 AEDT 2018 Mon Jan 15 22:01:26 AEDT 2018 : org.apache.commons.math3.exception.NumberIsTooLargeException,71=>Find no block
Mon Jan 15 22:01:32 AEDT 2018 org.apache.commons.math3.exception.NumberIsTooLargeException,77
Mon Jan 15 22:01:39 AEDT 2018 org.apache.commons.math3.exception.NumberIsTooLargeException,84
Mon Jan 15 22:01:56 AEDT 2018 org.apache.commons.math3.exception.NullArgumentException,41
Mon Jan 15 22:02:13 AEDT 2018 Mon Jan 15 22:02:13 AEDT 2018 : org.apache.commons.math3.exception.NullArgumentException,42=>Find no block
Mon Jan 15 22:02:19 AEDT 2018 org.apache.commons.math3.exception.NullArgumentException,50
Mon Jan 15 22:02:36 AEDT 2018 Mon Jan 15 22:02:36 AEDT 2018 : org.apache.commons.math3.exception.NullArgumentException,51=>Find no block
Mon Jan 15 22:02:42 AEDT 2018 org.apache.commons.math3.exception.ConvergenceException,37
Mon Jan 15 22:02:57 AEDT 2018 Mon Jan 15 22:02:57 AEDT 2018 : org.apache.commons.math3.exception.ConvergenceException,38=>Find no block
Mon Jan 15 22:03:04 AEDT 2018 Mon Jan 15 22:03:04 AEDT 2018 : org.apache.commons.math3.exception.ConvergenceException,48=>Find no block
Mon Jan 15 22:03:11 AEDT 2018 org.apache.commons.math3.exception.ConvergenceException,49
Mon Jan 15 22:04:21 AEDT 2018 Mon Jan 15 22:04:21 AEDT 2018 : org.apache.commons.math3.exception.ConvergenceException,50=>Find no block
Mon Jan 15 22:04:28 AEDT 2018 Mon Jan 15 22:04:28 AEDT 2018 : org.apache.commons.math3.util.FastMath,3720=>Find no block
Mon Jan 15 22:04:29 AEDT 2018 org.apache.commons.math3.util.FastMath,3723
Mon Jan 15 22:06:04 AEDT 2018 org.apache.commons.math3.util.FastMath,3729
Mon Jan 15 22:19:35 AEDT 2018 org.apache.commons.math3.util.FastMath,3730
Mon Jan 15 22:19:41 AEDT 2018 org.apache.commons.math3.util.FastMath,3731
Mon Jan 15 22:26:46 AEDT 2018 org.apache.commons.math3.util.FastMath,3733
Mon Jan 15 22:45:43 AEDT 2018 org.apache.commons.math3.util.FastMath,3734
Mon Jan 15 23:01:35 AEDT 2018 org.apache.commons.math3.util.FastMath,3735
Mon Jan 15 23:17:06 AEDT 2018 org.apache.commons.math3.util.FastMath,3736
Mon Jan 15 23:24:56 AEDT 2018 org.apache.commons.math3.util.FastMath,3738
Mon Jan 15 23:36:31 AEDT 2018 org.apache.commons.math3.util.FastMath,3739
Mon Jan 15 23:59:25 AEDT 2018 org.apache.commons.math3.util.FastMath,3740
Tue Jan 16 00:11:21 AEDT 2018 org.apache.commons.math3.util.FastMath,3741
Tue Jan 16 00:18:07 AEDT 2018 org.apache.commons.math3.util.FastMath,3743
Tue Jan 16 00:18:19 AEDT 2018 org.apache.commons.math3.util.FastMath,3744
Tue Jan 16 00:18:24 AEDT 2018 org.apache.commons.math3.util.FastMath,3750
Tue Jan 16 00:21:12 AEDT 2018 Tue Jan 16 00:21:12 AEDT 2018 : org.apache.commons.math3.util.FastMath,3751=>Find no block
Tue Jan 16 00:21:19 AEDT 2018 org.apache.commons.math3.util.FastMath,3753
Tue Jan 16 00:26:36 AEDT 2018 org.apache.commons.math3.util.FastMath,3754
Tue Jan 16 00:26:45 AEDT 2018 org.apache.commons.math3.util.FastMath,3755
Tue Jan 16 00:26:50 AEDT 2018 Tue Jan 16 00:26:50 AEDT 2018 : org.apache.commons.math3.util.FastMath,3756=>Find no block
Tue Jan 16 00:26:57 AEDT 2018 org.apache.commons.math3.util.FastMath,3762
Tue Jan 16 00:27:11 AEDT 2018 org.apache.commons.math3.util.FastMath,3768
Tue Jan 16 00:27:25 AEDT 2018 org.apache.commons.math3.util.FastMath,3774
Tue Jan 16 00:27:39 AEDT 2018 org.apache.commons.math3.util.ArithmeticUtils,46
Tue Jan 16 00:27:51 AEDT 2018 Tue Jan 16 00:27:51 AEDT 2018 : org.apache.commons.math3.util.ArithmeticUtils,47=>Find no block
Tue Jan 16 00:27:57 AEDT 2018 org.apache.commons.math3.util.ArithmeticUtils,60
Tue Jan 16 00:36:33 AEDT 2018 org.apache.commons.math3.util.ArithmeticUtils,61
Tue Jan 16 00:42:51 AEDT 2018 org.apache.commons.math3.util.ArithmeticUtils,62
Tue Jan 16 00:42:56 AEDT 2018 org.apache.commons.math3.util.ArithmeticUtils,64
Tue Jan 16 00:43:02 AEDT 2018 org.apache.commons.math3.util.ArithmeticUtils,78
Tue Jan 16 00:43:13 AEDT 2018 org.apache.commons.math3.util.ArithmeticUtils,108
Tue Jan 16 00:51:25 AEDT 2018 org.apache.commons.math3.util.ArithmeticUtils,109
Tue Jan 16 00:59:19 AEDT 2018 org.apache.commons.math3.util.ArithmeticUtils,110
Tue Jan 16 00:59:26 AEDT 2018 org.apache.commons.math3.util.ArithmeticUtils,112
Tue Jan 16 01:09:06 AEDT 2018 org.apache.commons.math3.util.ArithmeticUtils,113
Tue Jan 16 01:09:12 AEDT 2018 org.apache.commons.math3.util.ArithmeticUtils,116
Tue Jan 16 01:14:47 AEDT 2018 org.apache.commons.math3.util.ArithmeticUtils,117
Tue Jan 16 01:14:54 AEDT 2018 org.apache.commons.math3.util.ArithmeticUtils,125
Tue Jan 16 01:22:32 AEDT 2018 org.apache.commons.math3.util.ArithmeticUtils,126
Timeout time : 18/01/16 01:29
