=================================================
Project : math_29	start : 18/01/15 15:37
Current failed test : org.apache.commons.math3.linear.SparseRealVectorTest::testEbeMultiplySameType | 18/01/15 15:39
Mon Jan 15 15:41:23 AEDT 2018 org.apache.commons.math3.linear.OpenMapRealVector,361
Mon Jan 15 15:52:39 AEDT 2018 org.apache.commons.math3.linear.OpenMapRealVector,362
Mon Jan 15 15:52:44 AEDT 2018 org.apache.commons.math3.linear.OpenMapRealVector,363
Mon Jan 15 15:52:50 AEDT 2018 org.apache.commons.math3.linear.OpenMapRealVector,364
Mon Jan 15 15:52:54 AEDT 2018 org.apache.commons.math3.linear.OpenMapRealVector,365
Mon Jan 15 15:53:01 AEDT 2018 org.apache.commons.math3.linear.OpenMapRealVector,374
Mon Jan 15 15:53:06 AEDT 2018 org.apache.commons.math3.linear.OpenMapRealVector,360
Mon Jan 15 15:53:11 AEDT 2018 org.apache.commons.math3.util.OpenIntToDoubleHashMap,281
Mon Jan 15 15:58:50 AEDT 2018 org.apache.commons.math3.util.OpenIntToDoubleHashMap,282
Mon Jan 15 15:58:56 AEDT 2018 org.apache.commons.math3.util.OpenIntToDoubleHashMap,283
Mon Jan 15 15:59:01 AEDT 2018 org.apache.commons.math3.util.OpenIntToDoubleHashMap,285
Mon Jan 15 15:59:06 AEDT 2018 org.apache.commons.math3.util.OpenIntToDoubleHashMap,292
Mon Jan 15 16:03:46 AEDT 2018 org.apache.commons.math3.util.OpenIntToDoubleHashMap,351
Mon Jan 15 16:15:53 AEDT 2018 org.apache.commons.math3.util.OpenIntToDoubleHashMap,352
Mon Jan 15 16:15:57 AEDT 2018 org.apache.commons.math3.util.OpenIntToDoubleHashMap,353
Mon Jan 15 16:17:38 AEDT 2018 org.apache.commons.math3.util.OpenIntToDoubleHashMap,354
Mon Jan 15 16:17:43 AEDT 2018 org.apache.commons.math3.util.OpenIntToDoubleHashMap,391
Mon Jan 15 16:47:26 AEDT 2018 org.apache.commons.math3.util.OpenIntToDoubleHashMap,392
Mon Jan 15 16:47:30 AEDT 2018 org.apache.commons.math3.util.OpenIntToDoubleHashMap,393
Mon Jan 15 16:47:35 AEDT 2018 org.apache.commons.math3.util.OpenIntToDoubleHashMap,394
Mon Jan 15 16:47:41 AEDT 2018 org.apache.commons.math3.util.OpenIntToDoubleHashMap,395
Mon Jan 15 16:47:47 AEDT 2018 org.apache.commons.math3.util.OpenIntToDoubleHashMap,396
Mon Jan 15 16:47:52 AEDT 2018 org.apache.commons.math3.util.OpenIntToDoubleHashMap,397
Mon Jan 15 16:47:57 AEDT 2018 org.apache.commons.math3.linear.OpenMapRealVector,592
Mon Jan 15 16:49:06 AEDT 2018 org.apache.commons.math3.util.OpenIntToDoubleHashMap,210
Mon Jan 15 16:50:53 AEDT 2018 org.apache.commons.math3.util.OpenIntToDoubleHashMap,277
Mon Jan 15 17:09:27 AEDT 2018 org.apache.commons.math3.util.OpenIntToDoubleHashMap,278
Timeout time : 18/01/15 17:21
Current failed test : org.apache.commons.math3.linear.SparseRealVectorTest::testEbeDivideMixedTypes | 18/01/15 17:21
Mon Jan 15 17:22:46 AEDT 2018 org.apache.commons.math3.linear.OpenMapRealVector,361
Mon Jan 15 17:33:53 AEDT 2018 org.apache.commons.math3.linear.OpenMapRealVector,362
Mon Jan 15 17:33:59 AEDT 2018 org.apache.commons.math3.linear.OpenMapRealVector,363
Mon Jan 15 17:34:04 AEDT 2018 org.apache.commons.math3.linear.OpenMapRealVector,364
Mon Jan 15 17:34:11 AEDT 2018 org.apache.commons.math3.linear.OpenMapRealVector,365
Mon Jan 15 17:34:16 AEDT 2018 org.apache.commons.math3.linear.OpenMapRealVector,374
Mon Jan 15 17:34:22 AEDT 2018 org.apache.commons.math3.linear.OpenMapRealVector,360
Mon Jan 15 17:34:28 AEDT 2018 org.apache.commons.math3.util.OpenIntToDoubleHashMap,281
Mon Jan 15 17:40:12 AEDT 2018 org.apache.commons.math3.util.OpenIntToDoubleHashMap,282
Mon Jan 15 17:40:17 AEDT 2018 org.apache.commons.math3.util.OpenIntToDoubleHashMap,283
Mon Jan 15 17:40:23 AEDT 2018 org.apache.commons.math3.util.OpenIntToDoubleHashMap,285
Mon Jan 15 17:40:29 AEDT 2018 org.apache.commons.math3.util.OpenIntToDoubleHashMap,292
Mon Jan 15 17:45:13 AEDT 2018 org.apache.commons.math3.util.OpenIntToDoubleHashMap,351
Mon Jan 15 17:57:31 AEDT 2018 org.apache.commons.math3.util.OpenIntToDoubleHashMap,352
Mon Jan 15 17:57:38 AEDT 2018 org.apache.commons.math3.util.OpenIntToDoubleHashMap,353
Mon Jan 15 17:59:20 AEDT 2018 org.apache.commons.math3.util.OpenIntToDoubleHashMap,354
Mon Jan 15 17:59:26 AEDT 2018 org.apache.commons.math3.util.OpenIntToDoubleHashMap,391
Mon Jan 15 18:29:42 AEDT 2018 org.apache.commons.math3.util.OpenIntToDoubleHashMap,392
Mon Jan 15 18:29:47 AEDT 2018 org.apache.commons.math3.util.OpenIntToDoubleHashMap,393
Mon Jan 15 18:29:54 AEDT 2018 org.apache.commons.math3.util.OpenIntToDoubleHashMap,394
Mon Jan 15 18:30:00 AEDT 2018 org.apache.commons.math3.util.OpenIntToDoubleHashMap,395
Mon Jan 15 18:30:05 AEDT 2018 org.apache.commons.math3.util.OpenIntToDoubleHashMap,396
Mon Jan 15 18:30:11 AEDT 2018 org.apache.commons.math3.util.OpenIntToDoubleHashMap,397
Mon Jan 15 18:30:16 AEDT 2018 org.apache.commons.math3.linear.OpenMapRealVector,592
Mon Jan 15 18:31:32 AEDT 2018 org.apache.commons.math3.util.OpenIntToDoubleHashMap,210
Mon Jan 15 18:33:19 AEDT 2018 org.apache.commons.math3.util.OpenIntToDoubleHashMap,277
Mon Jan 15 18:51:56 AEDT 2018 org.apache.commons.math3.util.OpenIntToDoubleHashMap,278
Timeout time : 18/01/15 19:02
Current failed test : org.apache.commons.math3.linear.SparseRealVectorTest::testEbeMultiplyMixedTypes | 18/01/15 19:02
Mon Jan 15 19:04:08 AEDT 2018 org.apache.commons.math3.linear.OpenMapRealVector,361
Mon Jan 15 19:15:16 AEDT 2018 org.apache.commons.math3.linear.OpenMapRealVector,362
Mon Jan 15 19:15:23 AEDT 2018 org.apache.commons.math3.linear.OpenMapRealVector,363
Mon Jan 15 19:15:30 AEDT 2018 org.apache.commons.math3.linear.OpenMapRealVector,364
Mon Jan 15 19:15:36 AEDT 2018 org.apache.commons.math3.linear.OpenMapRealVector,365
Mon Jan 15 19:15:40 AEDT 2018 org.apache.commons.math3.linear.OpenMapRealVector,374
Mon Jan 15 19:15:47 AEDT 2018 org.apache.commons.math3.linear.OpenMapRealVector,360
Mon Jan 15 19:15:52 AEDT 2018 org.apache.commons.math3.util.OpenIntToDoubleHashMap,281
Mon Jan 15 19:21:46 AEDT 2018 org.apache.commons.math3.util.OpenIntToDoubleHashMap,282
Mon Jan 15 19:21:54 AEDT 2018 org.apache.commons.math3.util.OpenIntToDoubleHashMap,283
Mon Jan 15 19:22:01 AEDT 2018 org.apache.commons.math3.util.OpenIntToDoubleHashMap,285
Mon Jan 15 19:22:07 AEDT 2018 org.apache.commons.math3.util.OpenIntToDoubleHashMap,292
Mon Jan 15 19:26:59 AEDT 2018 org.apache.commons.math3.util.OpenIntToDoubleHashMap,351
Mon Jan 15 19:39:16 AEDT 2018 org.apache.commons.math3.util.OpenIntToDoubleHashMap,352
Mon Jan 15 19:39:22 AEDT 2018 org.apache.commons.math3.util.OpenIntToDoubleHashMap,353
Mon Jan 15 19:41:10 AEDT 2018 org.apache.commons.math3.util.OpenIntToDoubleHashMap,354
Mon Jan 15 19:41:16 AEDT 2018 org.apache.commons.math3.util.OpenIntToDoubleHashMap,391
Mon Jan 15 20:11:31 AEDT 2018 org.apache.commons.math3.util.OpenIntToDoubleHashMap,392
Mon Jan 15 20:11:37 AEDT 2018 org.apache.commons.math3.util.OpenIntToDoubleHashMap,393
Mon Jan 15 20:11:45 AEDT 2018 org.apache.commons.math3.util.OpenIntToDoubleHashMap,394
Mon Jan 15 20:11:51 AEDT 2018 org.apache.commons.math3.util.OpenIntToDoubleHashMap,395
Mon Jan 15 20:11:56 AEDT 2018 org.apache.commons.math3.util.OpenIntToDoubleHashMap,396
Mon Jan 15 20:12:02 AEDT 2018 org.apache.commons.math3.util.OpenIntToDoubleHashMap,397
Mon Jan 15 20:12:09 AEDT 2018 org.apache.commons.math3.linear.OpenMapRealVector,592
Mon Jan 15 20:13:25 AEDT 2018 org.apache.commons.math3.util.OpenIntToDoubleHashMap,210
Mon Jan 15 20:15:12 AEDT 2018 org.apache.commons.math3.util.OpenIntToDoubleHashMap,277
Mon Jan 15 20:33:58 AEDT 2018 org.apache.commons.math3.util.OpenIntToDoubleHashMap,278
Timeout time : 18/01/15 20:44
