=================================================
Project : math_52	start : 18/01/15 21:21
Current failed test : org.apache.commons.math.geometry.euclidean.threed.RotationTest::testIssue639_purify_1 | 18/01/15 21:23
Mon Jan 15 21:24:30 AEDT 2018 org.apache.commons.math.geometry.euclidean.threed.Vector3D,224
Mon Jan 15 21:26:37 AEDT 2018 Mon Jan 15 21:26:37 AEDT 2018 : org.apache.commons.math.geometry.euclidean.threed.Rotation,313=>Find no block
Mon Jan 15 21:26:41 AEDT 2018 org.apache.commons.math.geometry.euclidean.threed.Rotation,316
Mon Jan 15 21:29:14 AEDT 2018 org.apache.commons.math.geometry.euclidean.threed.Rotation,317
Mon Jan 15 21:29:19 AEDT 2018 org.apache.commons.math.geometry.euclidean.threed.Rotation,318
Mon Jan 15 21:32:03 AEDT 2018 org.apache.commons.math.geometry.euclidean.threed.Rotation,319
Mon Jan 15 21:56:14 AEDT 2018 org.apache.commons.math.geometry.euclidean.threed.Rotation,320
Mon Jan 15 21:59:34 AEDT 2018 org.apache.commons.math.geometry.euclidean.threed.Rotation,325
Mon Jan 15 22:16:42 AEDT 2018 org.apache.commons.math.geometry.euclidean.threed.Rotation,328
Mon Jan 15 22:20:22 AEDT 2018 org.apache.commons.math.geometry.euclidean.threed.Rotation,329
Mon Jan 15 22:23:05 AEDT 2018 org.apache.commons.math.geometry.euclidean.threed.Rotation,330
Mon Jan 15 22:26:55 AEDT 2018 org.apache.commons.math.geometry.euclidean.threed.Rotation,331
Mon Jan 15 22:35:55 AEDT 2018 org.apache.commons.math.geometry.euclidean.threed.Rotation,332
Timeout time : 18/01/15 22:39
Current failed test : org.apache.commons.math.geometry.euclidean.threed.RotationTest::testIssue639_purify_2 | 18/01/15 22:39
Mon Jan 15 22:40:44 AEDT 2018 org.apache.commons.math.geometry.euclidean.threed.Vector3D,224
Mon Jan 15 22:42:56 AEDT 2018 Mon Jan 15 22:42:56 AEDT 2018 : org.apache.commons.math.geometry.euclidean.threed.Rotation,313=>Find no block
Mon Jan 15 22:43:01 AEDT 2018 org.apache.commons.math.geometry.euclidean.threed.Rotation,316
Mon Jan 15 22:45:32 AEDT 2018 org.apache.commons.math.geometry.euclidean.threed.Rotation,317
Mon Jan 15 22:45:40 AEDT 2018 org.apache.commons.math.geometry.euclidean.threed.Rotation,318
Mon Jan 15 22:48:23 AEDT 2018 org.apache.commons.math.geometry.euclidean.threed.Rotation,319
Mon Jan 15 23:12:39 AEDT 2018 org.apache.commons.math.geometry.euclidean.threed.Rotation,320
Mon Jan 15 23:15:59 AEDT 2018 org.apache.commons.math.geometry.euclidean.threed.Rotation,325
Mon Jan 15 23:32:51 AEDT 2018 org.apache.commons.math.geometry.euclidean.threed.Rotation,328
Mon Jan 15 23:36:34 AEDT 2018 org.apache.commons.math.geometry.euclidean.threed.Rotation,329
Mon Jan 15 23:39:15 AEDT 2018 org.apache.commons.math.geometry.euclidean.threed.Rotation,330
Mon Jan 15 23:43:03 AEDT 2018 org.apache.commons.math.geometry.euclidean.threed.Rotation,331
Mon Jan 15 23:51:58 AEDT 2018 org.apache.commons.math.geometry.euclidean.threed.Rotation,332
Timeout time : 18/01/15 23:55
Current failed test : org.apache.commons.math.geometry.euclidean.threed.RotationTest::testIssue639_purify_3 | 18/01/15 23:55
Mon Jan 15 23:56:56 AEDT 2018 org.apache.commons.math.geometry.euclidean.threed.Vector3D,224
Mon Jan 15 23:59:08 AEDT 2018 Mon Jan 15 23:59:08 AEDT 2018 : org.apache.commons.math.geometry.euclidean.threed.Rotation,313=>Find no block
Mon Jan 15 23:59:12 AEDT 2018 org.apache.commons.math.geometry.euclidean.threed.Rotation,316
Tue Jan 16 00:01:42 AEDT 2018 org.apache.commons.math.geometry.euclidean.threed.Rotation,317
Tue Jan 16 00:01:48 AEDT 2018 org.apache.commons.math.geometry.euclidean.threed.Rotation,318
Tue Jan 16 00:04:30 AEDT 2018 org.apache.commons.math.geometry.euclidean.threed.Rotation,319
Tue Jan 16 00:28:24 AEDT 2018 org.apache.commons.math.geometry.euclidean.threed.Rotation,320
Tue Jan 16 00:31:41 AEDT 2018 org.apache.commons.math.geometry.euclidean.threed.Rotation,325
Tue Jan 16 00:48:34 AEDT 2018 org.apache.commons.math.geometry.euclidean.threed.Rotation,328
Tue Jan 16 00:52:18 AEDT 2018 org.apache.commons.math.geometry.euclidean.threed.Rotation,329
Tue Jan 16 00:54:56 AEDT 2018 org.apache.commons.math.geometry.euclidean.threed.Rotation,330
Tue Jan 16 00:58:47 AEDT 2018 org.apache.commons.math.geometry.euclidean.threed.Rotation,331
Tue Jan 16 01:07:40 AEDT 2018 org.apache.commons.math.geometry.euclidean.threed.Rotation,332
Timeout time : 18/01/16 01:11
Current failed test : org.apache.commons.math.geometry.euclidean.threed.RotationTest::testIssue639_purify_4 | 18/01/16 01:11
Tue Jan 16 01:13:08 AEDT 2018 org.apache.commons.math.geometry.euclidean.threed.Vector3D,224
Tue Jan 16 01:15:19 AEDT 2018 Tue Jan 16 01:15:19 AEDT 2018 : org.apache.commons.math.geometry.euclidean.threed.Rotation,313=>Find no block
Tue Jan 16 01:15:26 AEDT 2018 org.apache.commons.math.geometry.euclidean.threed.Rotation,316
Tue Jan 16 01:17:57 AEDT 2018 org.apache.commons.math.geometry.euclidean.threed.Rotation,317
Tue Jan 16 01:18:02 AEDT 2018 org.apache.commons.math.geometry.euclidean.threed.Rotation,318
Tue Jan 16 01:20:44 AEDT 2018 org.apache.commons.math.geometry.euclidean.threed.Rotation,319
Tue Jan 16 01:43:55 AEDT 2018 org.apache.commons.math.geometry.euclidean.threed.Rotation,320
Tue Jan 16 01:47:09 AEDT 2018 org.apache.commons.math.geometry.euclidean.threed.Rotation,325
Tue Jan 16 02:03:42 AEDT 2018 org.apache.commons.math.geometry.euclidean.threed.Rotation,328
Tue Jan 16 02:06:52 AEDT 2018 org.apache.commons.math.geometry.euclidean.threed.Rotation,329
Tue Jan 16 02:09:01 AEDT 2018 org.apache.commons.math.geometry.euclidean.threed.Rotation,330
Tue Jan 16 02:12:31 AEDT 2018 org.apache.commons.math.geometry.euclidean.threed.Rotation,331
Tue Jan 16 02:21:31 AEDT 2018 org.apache.commons.math.geometry.euclidean.threed.Rotation,332
Timeout time : 18/01/16 02:28
