=================================================
Project : math_90	start : 18/01/15 23:10
Current failed test : org.apache.commons.math.stat.FrequencyTest::testAddNonComparable_purify_1 | 18/01/15 23:11
Mon Jan 15 23:12:15 AEDT 2018 Mon Jan 15 23:12:15 AEDT 2018 : org.apache.commons.math.stat.Frequency,132=>Find no block
Mon Jan 15 23:12:20 AEDT 2018 org.apache.commons.math.stat.Frequency,134
Mon Jan 15 23:13:43 AEDT 2018 org.apache.commons.math.stat.Frequency,121
Mon Jan 15 23:14:21 AEDT 2018 org.apache.commons.math.stat.Frequency,122
Mon Jan 15 23:14:26 AEDT 2018 org.apache.commons.math.stat.Frequency,126
Mon Jan 15 23:15:02 AEDT 2018 Mon Jan 15 23:15:02 AEDT 2018 : org.apache.commons.math.stat.Frequency,57=>Find no block
Mon Jan 15 23:15:07 AEDT 2018 org.apache.commons.math.stat.Frequency,58
Mon Jan 15 23:15:18 AEDT 2018 Mon Jan 15 23:15:18 AEDT 2018 : org.apache.commons.math.stat.Frequency,59=>Find no block
Mon Jan 15 23:15:23 AEDT 2018 Mon Jan 15 23:15:23 AEDT 2018 : org.apache.commons.math.stat.Frequency,66=>Find no block
Mon Jan 15 23:15:26 AEDT 2018 org.apache.commons.math.stat.Frequency,67
Mon Jan 15 23:15:37 AEDT 2018 Mon Jan 15 23:15:37 AEDT 2018 : org.apache.commons.math.stat.Frequency,68=>Find no block
Mon Jan 15 23:15:42 AEDT 2018 org.apache.commons.math.stat.Frequency,78
Mon Jan 15 23:17:48 AEDT 2018 org.apache.commons.math.stat.Frequency,79
Mon Jan 15 23:17:52 AEDT 2018 org.apache.commons.math.stat.Frequency,80
Mon Jan 15 23:21:27 AEDT 2018 org.apache.commons.math.stat.Frequency,81
Mon Jan 15 23:21:31 AEDT 2018 org.apache.commons.math.stat.Frequency,82
Mon Jan 15 23:24:38 AEDT 2018 org.apache.commons.math.stat.Frequency,83
Mon Jan 15 23:29:02 AEDT 2018 org.apache.commons.math.stat.Frequency,84
Mon Jan 15 23:29:07 AEDT 2018 org.apache.commons.math.stat.Frequency,85
Mon Jan 15 23:33:37 AEDT 2018 org.apache.commons.math.stat.Frequency,86
Mon Jan 15 23:39:17 AEDT 2018 org.apache.commons.math.stat.Frequency,87
Mon Jan 15 23:44:48 AEDT 2018 org.apache.commons.math.stat.Frequency,88
Mon Jan 15 23:49:55 AEDT 2018 org.apache.commons.math.stat.Frequency,89
Mon Jan 15 23:53:54 AEDT 2018 org.apache.commons.math.stat.Frequency,90
Mon Jan 15 23:59:11 AEDT 2018 org.apache.commons.math.stat.Frequency,91
Mon Jan 15 23:59:15 AEDT 2018 Mon Jan 15 23:59:15 AEDT 2018 : org.apache.commons.math.stat.Frequency,92=>Find no block
Mon Jan 15 23:59:20 AEDT 2018 org.apache.commons.math.stat.Frequency,93
Tue Jan 16 00:04:58 AEDT 2018 org.apache.commons.math.stat.Frequency,123
Tue Jan 16 00:05:03 AEDT 2018 org.apache.commons.math.stat.Frequency,127
Tue Jan 16 00:05:07 AEDT 2018 org.apache.commons.math.stat.Frequency,128
Tue Jan 16 00:05:09 AEDT 2018 org.apache.commons.math.stat.Frequency,130
Tue Jan 16 00:05:10 AEDT 2018 Tue Jan 16 00:05:10 AEDT 2018 : org.apache.commons.math.stat.Frequency,135=>Find no block
Tue Jan 16 00:05:14 AEDT 2018 Tue Jan 16 00:05:14 AEDT 2018 : org.apache.commons.math.stat.Frequency,136=>Find no block
Tue Jan 16 00:05:16 AEDT 2018 org.apache.commons.math.stat.Frequency,144
Tue Jan 16 00:05:21 AEDT 2018 Tue Jan 16 00:05:21 AEDT 2018 : org.apache.commons.math.stat.Frequency,145=>Find no block
Tue Jan 16 00:05:22 AEDT 2018 org.apache.commons.math.stat.Frequency,153
Tue Jan 16 00:05:25 AEDT 2018 Tue Jan 16 00:05:25 AEDT 2018 : org.apache.commons.math.stat.Frequency,154=>Find no block
Tue Jan 16 00:05:28 AEDT 2018 org.apache.commons.math.stat.Frequency,162
Tue Jan 16 00:05:29 AEDT 2018 Tue Jan 16 00:05:29 AEDT 2018 : org.apache.commons.math.stat.Frequency,163=>Find no block
Tue Jan 16 00:05:31 AEDT 2018 org.apache.commons.math.stat.Frequency,171
Tue Jan 16 00:05:35 AEDT 2018 Tue Jan 16 00:05:35 AEDT 2018 : org.apache.commons.math.stat.Frequency,172=>Find no block
Tue Jan 16 00:05:37 AEDT 2018 org.apache.commons.math.stat.Frequency,176
Tue Jan 16 00:05:41 AEDT 2018 Tue Jan 16 00:05:41 AEDT 2018 : org.apache.commons.math.stat.Frequency,177=>Find no block
Tue Jan 16 00:05:42 AEDT 2018 org.apache.commons.math.stat.Frequency,189
Tue Jan 16 00:05:45 AEDT 2018 org.apache.commons.math.stat.Frequency,200
Tue Jan 16 00:09:19 AEDT 2018 org.apache.commons.math.stat.Frequency,201
Tue Jan 16 00:09:24 AEDT 2018 org.apache.commons.math.stat.Frequency,202
Tue Jan 16 00:09:30 AEDT 2018 org.apache.commons.math.stat.Frequency,203
Tue Jan 16 00:09:35 AEDT 2018 org.apache.commons.math.stat.Frequency,205
Tue Jan 16 00:09:40 AEDT 2018 org.apache.commons.math.stat.Frequency,216
Tue Jan 16 00:10:28 AEDT 2018 org.apache.commons.math.stat.Frequency,217
Tue Jan 16 00:10:30 AEDT 2018 org.apache.commons.math.stat.Frequency,219
Tue Jan 16 00:16:00 AEDT 2018 org.apache.commons.math.stat.Frequency,221
Tue Jan 16 00:16:02 AEDT 2018 org.apache.commons.math.stat.Frequency,222
Tue Jan 16 00:16:05 AEDT 2018 org.apache.commons.math.stat.Frequency,223
Tue Jan 16 00:16:09 AEDT 2018 Tue Jan 16 00:16:09 AEDT 2018 : org.apache.commons.math.stat.Frequency,227=>Find no block
Tue Jan 16 00:16:14 AEDT 2018 Tue Jan 16 00:16:14 AEDT 2018 : org.apache.commons.math.stat.Frequency,225=>Find no block
Tue Jan 16 00:16:19 AEDT 2018 org.apache.commons.math.stat.Frequency,228
Tue Jan 16 00:16:23 AEDT 2018 org.apache.commons.math.stat.Frequency,238
Tue Jan 16 00:17:08 AEDT 2018 org.apache.commons.math.stat.Frequency,248
Tue Jan 16 00:17:12 AEDT 2018 org.apache.commons.math.stat.Frequency,258
Tue Jan 16 00:18:02 AEDT 2018 org.apache.commons.math.stat.Frequency,273
Tue Jan 16 00:19:19 AEDT 2018 org.apache.commons.math.stat.Frequency,274
Tue Jan 16 00:19:28 AEDT 2018 org.apache.commons.math.stat.Frequency,275
Tue Jan 16 00:19:32 AEDT 2018 org.apache.commons.math.stat.Frequency,277
Tue Jan 16 00:19:37 AEDT 2018 org.apache.commons.math.stat.Frequency,288
Tue Jan 16 00:20:21 AEDT 2018 org.apache.commons.math.stat.Frequency,299
Tue Jan 16 00:20:26 AEDT 2018 org.apache.commons.math.stat.Frequency,310
Tue Jan 16 00:21:14 AEDT 2018 org.apache.commons.math.stat.Frequency,324
Tue Jan 16 00:21:26 AEDT 2018 org.apache.commons.math.stat.Frequency,325
Tue Jan 16 00:21:30 AEDT 2018 org.apache.commons.math.stat.Frequency,327
Tue Jan 16 00:22:22 AEDT 2018 org.apache.commons.math.stat.Frequency,328
Tue Jan 16 00:22:26 AEDT 2018 org.apache.commons.math.stat.Frequency,330
Tue Jan 16 00:24:25 AEDT 2018 org.apache.commons.math.stat.Frequency,331
Tue Jan 16 00:24:30 AEDT 2018 org.apache.commons.math.stat.Frequency,332
Tue Jan 16 00:24:34 AEDT 2018 org.apache.commons.math.stat.Frequency,334
Tue Jan 16 00:27:31 AEDT 2018 org.apache.commons.math.stat.Frequency,337
Tue Jan 16 00:28:24 AEDT 2018 org.apache.commons.math.stat.Frequency,338
Tue Jan 16 00:28:29 AEDT 2018 org.apache.commons.math.stat.Frequency,339
Tue Jan 16 00:28:33 AEDT 2018 Tue Jan 16 00:28:33 AEDT 2018 : org.apache.commons.math.stat.Frequency,343=>Find no block
Tue Jan 16 00:28:40 AEDT 2018 Tue Jan 16 00:28:40 AEDT 2018 : org.apache.commons.math.stat.Frequency,341=>Find no block
Tue Jan 16 00:28:45 AEDT 2018 org.apache.commons.math.stat.Frequency,342
Tue Jan 16 00:31:56 AEDT 2018 org.apache.commons.math.stat.Frequency,345
Tue Jan 16 00:32:00 AEDT 2018 org.apache.commons.math.stat.Frequency,346
Tue Jan 16 00:32:05 AEDT 2018 org.apache.commons.math.stat.Frequency,349
Tue Jan 16 00:33:05 AEDT 2018 org.apache.commons.math.stat.Frequency,350
Tue Jan 16 00:33:10 AEDT 2018 org.apache.commons.math.stat.Frequency,353
Tue Jan 16 00:39:53 AEDT 2018 org.apache.commons.math.stat.Frequency,354
Tue Jan 16 00:39:58 AEDT 2018 org.apache.commons.math.stat.Frequency,355
Tue Jan 16 00:40:02 AEDT 2018 org.apache.commons.math.stat.Frequency,356
Tue Jan 16 00:40:07 AEDT 2018 org.apache.commons.math.stat.Frequency,357
Tue Jan 16 00:40:12 AEDT 2018 org.apache.commons.math.stat.Frequency,359
Tue Jan 16 00:40:16 AEDT 2018 Tue Jan 16 00:40:16 AEDT 2018 : org.apache.commons.math.stat.Frequency,361=>Find no block
Tue Jan 16 00:40:20 AEDT 2018 org.apache.commons.math.stat.Frequency,362
Tue Jan 16 00:42:53 AEDT 2018 org.apache.commons.math.stat.Frequency,374
Tue Jan 16 00:43:47 AEDT 2018 org.apache.commons.math.stat.Frequency,386
Tue Jan 16 00:43:51 AEDT 2018 org.apache.commons.math.stat.Frequency,398
Tue Jan 16 00:44:42 AEDT 2018 org.apache.commons.math.stat.Frequency,415
Tue Jan 16 00:46:03 AEDT 2018 org.apache.commons.math.stat.Frequency,416
Tue Jan 16 00:46:06 AEDT 2018 org.apache.commons.math.stat.Frequency,417
Tue Jan 16 00:46:11 AEDT 2018 org.apache.commons.math.stat.Frequency,419
Tue Jan 16 00:46:16 AEDT 2018 org.apache.commons.math.stat.Frequency,432
Tue Jan 16 00:47:04 AEDT 2018 org.apache.commons.math.stat.Frequency,445
Tue Jan 16 00:47:08 AEDT 2018 org.apache.commons.math.stat.Frequency,458
Tue Jan 16 00:47:56 AEDT 2018 Tue Jan 16 00:47:56 AEDT 2018 : org.apache.commons.math.stat.Frequency,465=>Find no block
Tue Jan 16 00:48:01 AEDT 2018 org.apache.commons.math.stat.Frequency,484
Failed time : 18/01/16 00:48
Current failed test : org.apache.commons.math.stat.FrequencyTest::testAddNonComparable_purify_2 | 18/01/16 00:48
Tue Jan 16 00:48:59 AEDT 2018 Tue Jan 16 00:48:59 AEDT 2018 : org.apache.commons.math.stat.Frequency,132=>Find no block
Tue Jan 16 00:49:00 AEDT 2018 org.apache.commons.math.stat.Frequency,134
Tue Jan 16 00:50:15 AEDT 2018 org.apache.commons.math.stat.Frequency,176
Tue Jan 16 00:50:26 AEDT 2018 Tue Jan 16 00:50:26 AEDT 2018 : org.apache.commons.math.stat.Frequency,177=>Find no block
Tue Jan 16 00:50:31 AEDT 2018 Tue Jan 16 00:50:31 AEDT 2018 : org.apache.commons.math.stat.Frequency,145=>Find no block
Tue Jan 16 00:50:34 AEDT 2018 org.apache.commons.math.stat.Frequency,121
Tue Jan 16 00:51:16 AEDT 2018 org.apache.commons.math.stat.Frequency,122
Tue Jan 16 00:51:21 AEDT 2018 org.apache.commons.math.stat.Frequency,126
Tue Jan 16 00:51:59 AEDT 2018 org.apache.commons.math.stat.Frequency,127
Tue Jan 16 00:52:04 AEDT 2018 org.apache.commons.math.stat.Frequency,128
Tue Jan 16 00:52:08 AEDT 2018 Tue Jan 16 00:52:08 AEDT 2018 : org.apache.commons.math.stat.Frequency,135=>Find no block
Tue Jan 16 00:52:13 AEDT 2018 Tue Jan 16 00:52:13 AEDT 2018 : org.apache.commons.math.stat.Frequency,136=>Find no block
Tue Jan 16 00:52:17 AEDT 2018 org.apache.commons.math.stat.Frequency,144
Tue Jan 16 00:52:28 AEDT 2018 Tue Jan 16 00:52:28 AEDT 2018 : org.apache.commons.math.stat.Frequency,57=>Find no block
Tue Jan 16 00:52:32 AEDT 2018 org.apache.commons.math.stat.Frequency,58
Tue Jan 16 00:52:43 AEDT 2018 Tue Jan 16 00:52:43 AEDT 2018 : org.apache.commons.math.stat.Frequency,59=>Find no block
Tue Jan 16 00:52:47 AEDT 2018 Tue Jan 16 00:52:47 AEDT 2018 : org.apache.commons.math.stat.Frequency,66=>Find no block
Tue Jan 16 00:52:51 AEDT 2018 org.apache.commons.math.stat.Frequency,67
Tue Jan 16 00:53:01 AEDT 2018 Tue Jan 16 00:53:01 AEDT 2018 : org.apache.commons.math.stat.Frequency,68=>Find no block
Tue Jan 16 00:53:06 AEDT 2018 org.apache.commons.math.stat.Frequency,78
Tue Jan 16 00:55:13 AEDT 2018 org.apache.commons.math.stat.Frequency,79
Tue Jan 16 00:55:18 AEDT 2018 org.apache.commons.math.stat.Frequency,80
Tue Jan 16 00:58:50 AEDT 2018 org.apache.commons.math.stat.Frequency,81
Tue Jan 16 00:58:55 AEDT 2018 org.apache.commons.math.stat.Frequency,82
Tue Jan 16 01:01:57 AEDT 2018 org.apache.commons.math.stat.Frequency,83
Tue Jan 16 01:06:16 AEDT 2018 org.apache.commons.math.stat.Frequency,84
Tue Jan 16 01:06:20 AEDT 2018 org.apache.commons.math.stat.Frequency,85
Tue Jan 16 01:10:36 AEDT 2018 org.apache.commons.math.stat.Frequency,86
Tue Jan 16 01:15:29 AEDT 2018 org.apache.commons.math.stat.Frequency,87
Tue Jan 16 01:20:15 AEDT 2018 org.apache.commons.math.stat.Frequency,88
Tue Jan 16 01:24:43 AEDT 2018 org.apache.commons.math.stat.Frequency,89
Tue Jan 16 01:28:30 AEDT 2018 org.apache.commons.math.stat.Frequency,90
Tue Jan 16 01:33:42 AEDT 2018 org.apache.commons.math.stat.Frequency,91
Tue Jan 16 01:33:47 AEDT 2018 Tue Jan 16 01:33:47 AEDT 2018 : org.apache.commons.math.stat.Frequency,92=>Find no block
Tue Jan 16 01:33:52 AEDT 2018 org.apache.commons.math.stat.Frequency,93
Tue Jan 16 01:39:34 AEDT 2018 org.apache.commons.math.stat.Frequency,123
Tue Jan 16 01:39:38 AEDT 2018 org.apache.commons.math.stat.Frequency,130
Tue Jan 16 01:39:42 AEDT 2018 org.apache.commons.math.stat.Frequency,153
Tue Jan 16 01:39:53 AEDT 2018 Tue Jan 16 01:39:53 AEDT 2018 : org.apache.commons.math.stat.Frequency,154=>Find no block
Tue Jan 16 01:39:56 AEDT 2018 org.apache.commons.math.stat.Frequency,162
Tue Jan 16 01:40:01 AEDT 2018 Tue Jan 16 01:40:01 AEDT 2018 : org.apache.commons.math.stat.Frequency,163=>Find no block
Tue Jan 16 01:40:05 AEDT 2018 org.apache.commons.math.stat.Frequency,171
Tue Jan 16 01:40:15 AEDT 2018 Tue Jan 16 01:40:15 AEDT 2018 : org.apache.commons.math.stat.Frequency,172=>Find no block
Tue Jan 16 01:40:19 AEDT 2018 org.apache.commons.math.stat.Frequency,189
Tue Jan 16 01:40:30 AEDT 2018 org.apache.commons.math.stat.Frequency,200
Tue Jan 16 01:44:11 AEDT 2018 org.apache.commons.math.stat.Frequency,201
Tue Jan 16 01:44:15 AEDT 2018 org.apache.commons.math.stat.Frequency,202
Tue Jan 16 01:44:20 AEDT 2018 org.apache.commons.math.stat.Frequency,203
Tue Jan 16 01:44:24 AEDT 2018 org.apache.commons.math.stat.Frequency,205
Tue Jan 16 01:44:28 AEDT 2018 org.apache.commons.math.stat.Frequency,216
Tue Jan 16 01:45:18 AEDT 2018 org.apache.commons.math.stat.Frequency,217
Tue Jan 16 01:45:22 AEDT 2018 org.apache.commons.math.stat.Frequency,219
Tue Jan 16 01:50:46 AEDT 2018 org.apache.commons.math.stat.Frequency,221
Tue Jan 16 01:50:50 AEDT 2018 org.apache.commons.math.stat.Frequency,222
Tue Jan 16 01:50:54 AEDT 2018 org.apache.commons.math.stat.Frequency,223
Tue Jan 16 01:50:58 AEDT 2018 Tue Jan 16 01:50:58 AEDT 2018 : org.apache.commons.math.stat.Frequency,227=>Find no block
Tue Jan 16 01:51:02 AEDT 2018 Tue Jan 16 01:51:02 AEDT 2018 : org.apache.commons.math.stat.Frequency,225=>Find no block
Tue Jan 16 01:51:06 AEDT 2018 org.apache.commons.math.stat.Frequency,228
Tue Jan 16 01:51:10 AEDT 2018 org.apache.commons.math.stat.Frequency,238
Tue Jan 16 01:52:00 AEDT 2018 org.apache.commons.math.stat.Frequency,248
Tue Jan 16 01:52:05 AEDT 2018 org.apache.commons.math.stat.Frequency,258
Tue Jan 16 01:52:53 AEDT 2018 org.apache.commons.math.stat.Frequency,273
Tue Jan 16 01:54:13 AEDT 2018 org.apache.commons.math.stat.Frequency,274
Tue Jan 16 01:54:22 AEDT 2018 org.apache.commons.math.stat.Frequency,275
Tue Jan 16 01:54:25 AEDT 2018 org.apache.commons.math.stat.Frequency,277
Tue Jan 16 01:54:27 AEDT 2018 org.apache.commons.math.stat.Frequency,288
Tue Jan 16 01:55:13 AEDT 2018 org.apache.commons.math.stat.Frequency,299
Tue Jan 16 01:55:17 AEDT 2018 org.apache.commons.math.stat.Frequency,310
Tue Jan 16 01:55:59 AEDT 2018 org.apache.commons.math.stat.Frequency,324
Tue Jan 16 01:56:02 AEDT 2018 org.apache.commons.math.stat.Frequency,325
Tue Jan 16 01:56:03 AEDT 2018 org.apache.commons.math.stat.Frequency,327
Tue Jan 16 01:56:40 AEDT 2018 org.apache.commons.math.stat.Frequency,328
Tue Jan 16 01:56:41 AEDT 2018 org.apache.commons.math.stat.Frequency,330
Tue Jan 16 01:58:12 AEDT 2018 org.apache.commons.math.stat.Frequency,331
Tue Jan 16 01:58:12 AEDT 2018 org.apache.commons.math.stat.Frequency,332
Tue Jan 16 01:58:13 AEDT 2018 org.apache.commons.math.stat.Frequency,334
Tue Jan 16 02:00:36 AEDT 2018 org.apache.commons.math.stat.Frequency,337
Tue Jan 16 02:01:08 AEDT 2018 org.apache.commons.math.stat.Frequency,338
Tue Jan 16 02:01:08 AEDT 2018 org.apache.commons.math.stat.Frequency,339
Tue Jan 16 02:01:09 AEDT 2018 Tue Jan 16 02:01:09 AEDT 2018 : org.apache.commons.math.stat.Frequency,343=>Find no block
Tue Jan 16 02:01:10 AEDT 2018 Tue Jan 16 02:01:10 AEDT 2018 : org.apache.commons.math.stat.Frequency,341=>Find no block
Tue Jan 16 02:01:10 AEDT 2018 org.apache.commons.math.stat.Frequency,342
Tue Jan 16 02:03:48 AEDT 2018 org.apache.commons.math.stat.Frequency,345
Tue Jan 16 02:03:49 AEDT 2018 org.apache.commons.math.stat.Frequency,346
Tue Jan 16 02:03:50 AEDT 2018 org.apache.commons.math.stat.Frequency,349
Tue Jan 16 02:04:28 AEDT 2018 org.apache.commons.math.stat.Frequency,350
Tue Jan 16 02:04:29 AEDT 2018 org.apache.commons.math.stat.Frequency,353
Tue Jan 16 02:10:11 AEDT 2018 org.apache.commons.math.stat.Frequency,354
Tue Jan 16 02:10:11 AEDT 2018 org.apache.commons.math.stat.Frequency,355
Tue Jan 16 02:10:12 AEDT 2018 org.apache.commons.math.stat.Frequency,356
Tue Jan 16 02:10:13 AEDT 2018 org.apache.commons.math.stat.Frequency,357
Tue Jan 16 02:10:14 AEDT 2018 org.apache.commons.math.stat.Frequency,359
Tue Jan 16 02:10:15 AEDT 2018 Tue Jan 16 02:10:15 AEDT 2018 : org.apache.commons.math.stat.Frequency,361=>Find no block
Tue Jan 16 02:10:15 AEDT 2018 org.apache.commons.math.stat.Frequency,362
Tue Jan 16 02:12:24 AEDT 2018 org.apache.commons.math.stat.Frequency,374
Tue Jan 16 02:12:58 AEDT 2018 org.apache.commons.math.stat.Frequency,386
Tue Jan 16 02:12:58 AEDT 2018 org.apache.commons.math.stat.Frequency,398
Tue Jan 16 02:13:33 AEDT 2018 org.apache.commons.math.stat.Frequency,415
Tue Jan 16 02:14:34 AEDT 2018 org.apache.commons.math.stat.Frequency,416
Tue Jan 16 02:14:34 AEDT 2018 org.apache.commons.math.stat.Frequency,417
Tue Jan 16 02:14:35 AEDT 2018 org.apache.commons.math.stat.Frequency,419
Tue Jan 16 02:14:36 AEDT 2018 org.apache.commons.math.stat.Frequency,432
Tue Jan 16 02:15:06 AEDT 2018 org.apache.commons.math.stat.Frequency,445
Tue Jan 16 02:15:07 AEDT 2018 org.apache.commons.math.stat.Frequency,458
Tue Jan 16 02:15:38 AEDT 2018 Tue Jan 16 02:15:38 AEDT 2018 : org.apache.commons.math.stat.Frequency,465=>Find no block
Tue Jan 16 02:15:38 AEDT 2018 org.apache.commons.math.stat.Frequency,484
Failed time : 18/01/16 02:15
