=================================================
Project : lang_17	start : 18/01/13 23:49
Current failed test : org.apache.commons.lang3.StringEscapeUtilsTest::testLang720 | 18/01/13 23:50
Sat Jan 13 23:50:49 AEDT 2018 org.apache.commons.lang3.StringEscapeUtils,506

----------------------------------------
----------------------------------------
Pass Single Test : [=>0,0]
return ESCAPE_CSV.translate(input);

Time : 18/01/13 23:52
----------------------------------------

----------------------------------------
----------------------------------------
Pass Single Test : [=>0,0]
return UNESCAPE_CSV.translate(input);

Time : 18/01/13 23:52
----------------------------------------
Sat Jan 13 23:53:05 AEDT 2018 org.apache.commons.lang3.text.translate.AggregateTranslator,57
Sat Jan 13 23:54:25 AEDT 2018 org.apache.commons.lang3.text.translate.AggregateTranslator,51
Sat Jan 13 23:54:26 AEDT 2018 org.apache.commons.lang3.text.translate.AggregateTranslator,52
Sat Jan 13 23:54:27 AEDT 2018 org.apache.commons.lang3.text.translate.AggregateTranslator,53
Sat Jan 13 23:54:29 AEDT 2018 org.apache.commons.lang3.text.translate.LookupTranslator,78
Sun Jan 14 00:05:44 AEDT 2018 org.apache.commons.lang3.text.translate.LookupTranslator,65
Sun Jan 14 00:11:21 AEDT 2018 org.apache.commons.lang3.text.translate.LookupTranslator,66
Sun Jan 14 00:17:47 AEDT 2018 org.apache.commons.lang3.text.translate.LookupTranslator,70
Sun Jan 14 00:17:48 AEDT 2018 org.apache.commons.lang3.text.translate.LookupTranslator,71
Sun Jan 14 00:17:49 AEDT 2018 org.apache.commons.lang3.text.translate.LookupTranslator,72
Sun Jan 14 00:17:50 AEDT 2018 org.apache.commons.lang3.text.translate.LookupTranslator,73
Sun Jan 14 00:17:51 AEDT 2018 org.apache.commons.lang3.text.translate.CharSequenceTranslator,87
Sun Jan 14 00:56:24 AEDT 2018 org.apache.commons.lang3.text.translate.CharSequenceTranslator,88
Sun Jan 14 00:56:25 AEDT 2018 Sun Jan 14 00:56:25 AEDT 2018 : org.apache.commons.lang3.text.translate.CharSequenceTranslator,89=>Find no block
Sun Jan 14 00:56:27 AEDT 2018 org.apache.commons.lang3.text.translate.CharSequenceTranslator,60
Sun Jan 14 00:57:16 AEDT 2018 org.apache.commons.lang3.text.translate.CharSequenceTranslator,54
Sun Jan 14 00:57:33 AEDT 2018 org.apache.commons.lang3.text.translate.CharSequenceTranslator,58
Sun Jan 14 00:57:34 AEDT 2018 org.apache.commons.lang3.text.translate.CharSequenceTranslator,59
Sun Jan 14 00:57:35 AEDT 2018 Sun Jan 14 00:57:35 AEDT 2018 : org.apache.commons.lang3.text.translate.CharSequenceTranslator,104=>Find no block
Sun Jan 14 00:57:36 AEDT 2018 org.apache.commons.lang3.text.translate.CharSequenceTranslator,76
Sun Jan 14 00:57:39 AEDT 2018 org.apache.commons.lang3.text.translate.CharSequenceTranslator,79
Sun Jan 14 00:58:03 AEDT 2018 org.apache.commons.lang3.text.translate.CharSequenceTranslator,82
Sun Jan 14 01:01:11 AEDT 2018 org.apache.commons.lang3.text.translate.CharSequenceTranslator,83
Sun Jan 14 01:01:12 AEDT 2018 org.apache.commons.lang3.text.translate.CharSequenceTranslator,84
Sun Jan 14 01:28:01 AEDT 2018 org.apache.commons.lang3.text.translate.CharSequenceTranslator,85
Sun Jan 14 01:28:05 AEDT 2018 org.apache.commons.lang3.text.translate.CharSequenceTranslator,86
Sun Jan 14 01:28:06 AEDT 2018 org.apache.commons.lang3.text.translate.CharSequenceTranslator,102
Sun Jan 14 01:54:40 AEDT 2018 Sun Jan 14 01:54:40 AEDT 2018 : org.apache.commons.lang3.text.translate.CharSequenceTranslator,103=>Find no block
Sun Jan 14 01:54:41 AEDT 2018 org.apache.commons.lang3.ArrayUtils,135
Sun Jan 14 01:54:44 AEDT 2018 Sun Jan 14 01:54:44 AEDT 2018 : org.apache.commons.lang3.ArrayUtils,136=>Find no block
Sun Jan 14 01:54:46 AEDT 2018 org.apache.commons.lang3.ArrayUtils,156
Sun Jan 14 01:55:58 AEDT 2018 org.apache.commons.lang3.ArrayUtils,172
Sun Jan 14 02:00:53 AEDT 2018 org.apache.commons.lang3.ArrayUtils,173
Sun Jan 14 02:00:54 AEDT 2018 org.apache.commons.lang3.ArrayUtils,175
Sun Jan 14 02:04:58 AEDT 2018 org.apache.commons.lang3.ArrayUtils,187
Sun Jan 14 02:05:39 AEDT 2018 org.apache.commons.lang3.ArrayUtils,201
Sun Jan 14 02:05:42 AEDT 2018 org.apache.commons.lang3.ArrayUtils,232
Sun Jan 14 02:06:37 AEDT 2018 org.apache.commons.lang3.ArrayUtils,233
Sun Jan 14 02:06:38 AEDT 2018 org.apache.commons.lang3.ArrayUtils,235
Sun Jan 14 02:09:23 AEDT 2018 org.apache.commons.lang3.ArrayUtils,236
Sun Jan 14 02:20:51 AEDT 2018 org.apache.commons.lang3.ArrayUtils,237
Sun Jan 14 02:20:56 AEDT 2018 org.apache.commons.lang3.ArrayUtils,238
Sun Jan 14 02:20:57 AEDT 2018 org.apache.commons.lang3.ArrayUtils,239
Sun Jan 14 02:20:58 AEDT 2018 org.apache.commons.lang3.ArrayUtils,240
Sun Jan 14 02:21:00 AEDT 2018 org.apache.commons.lang3.ArrayUtils,241
Sun Jan 14 02:21:01 AEDT 2018 org.apache.commons.lang3.ArrayUtils,242
Sun Jan 14 02:21:02 AEDT 2018 org.apache.commons.lang3.ArrayUtils,243
Sun Jan 14 02:21:03 AEDT 2018 org.apache.commons.lang3.ArrayUtils,244
Sun Jan 14 02:21:03 AEDT 2018 org.apache.commons.lang3.ArrayUtils,248
Sun Jan 14 02:21:04 AEDT 2018 Sun Jan 14 02:21:04 AEDT 2018 : org.apache.commons.lang3.ArrayUtils,249=>Find no block
Sun Jan 14 02:21:04 AEDT 2018 org.apache.commons.lang3.ArrayUtils,250
Sun Jan 14 02:21:04 AEDT 2018 org.apache.commons.lang3.ArrayUtils,255
Sun Jan 14 02:25:34 AEDT 2018 org.apache.commons.lang3.ArrayUtils,298
Sun Jan 14 02:25:38 AEDT 2018 org.apache.commons.lang3.ArrayUtils,317
Sun Jan 14 02:25:39 AEDT 2018 org.apache.commons.lang3.ArrayUtils,318
Sun Jan 14 02:25:40 AEDT 2018 org.apache.commons.lang3.ArrayUtils,320
Sun Jan 14 02:26:41 AEDT 2018 org.apache.commons.lang3.ArrayUtils,333
Sun Jan 14 02:26:42 AEDT 2018 org.apache.commons.lang3.ArrayUtils,334
Sun Jan 14 02:26:43 AEDT 2018 org.apache.commons.lang3.ArrayUtils,336
Sun Jan 14 02:26:45 AEDT 2018 org.apache.commons.lang3.ArrayUtils,349
Sun Jan 14 02:26:46 AEDT 2018 org.apache.commons.lang3.ArrayUtils,350
Sun Jan 14 02:26:47 AEDT 2018 org.apache.commons.lang3.ArrayUtils,352
Sun Jan 14 02:26:48 AEDT 2018 org.apache.commons.lang3.ArrayUtils,365
Sun Jan 14 02:26:50 AEDT 2018 org.apache.commons.lang3.ArrayUtils,366
Sun Jan 14 02:26:51 AEDT 2018 org.apache.commons.lang3.ArrayUtils,368
Sun Jan 14 02:26:52 AEDT 2018 org.apache.commons.lang3.ArrayUtils,381
Sun Jan 14 02:26:54 AEDT 2018 org.apache.commons.lang3.ArrayUtils,382
Sun Jan 14 02:26:55 AEDT 2018 org.apache.commons.lang3.ArrayUtils,384
Sun Jan 14 02:26:56 AEDT 2018 org.apache.commons.lang3.ArrayUtils,397
Sun Jan 14 02:26:57 AEDT 2018 org.apache.commons.lang3.ArrayUtils,398
Sun Jan 14 02:26:59 AEDT 2018 org.apache.commons.lang3.ArrayUtils,400
Sun Jan 14 02:27:00 AEDT 2018 org.apache.commons.lang3.ArrayUtils,413
Sun Jan 14 02:27:01 AEDT 2018 org.apache.commons.lang3.ArrayUtils,414
Sun Jan 14 02:27:02 AEDT 2018 org.apache.commons.lang3.ArrayUtils,416
Sun Jan 14 02:27:04 AEDT 2018 org.apache.commons.lang3.ArrayUtils,429
Sun Jan 14 02:27:05 AEDT 2018 org.apache.commons.lang3.ArrayUtils,430
Sun Jan 14 02:27:06 AEDT 2018 org.apache.commons.lang3.ArrayUtils,432
Sun Jan 14 02:27:07 AEDT 2018 org.apache.commons.lang3.ArrayUtils,445
Sun Jan 14 02:27:09 AEDT 2018 org.apache.commons.lang3.ArrayUtils,446
Sun Jan 14 02:27:10 AEDT 2018 org.apache.commons.lang3.ArrayUtils,448
Sun Jan 14 02:27:11 AEDT 2018 org.apache.commons.lang3.ArrayUtils,467
Sun Jan 14 02:34:03 AEDT 2018 org.apache.commons.lang3.ArrayUtils,468
Sun Jan 14 02:34:04 AEDT 2018 org.apache.commons.lang3.ArrayUtils,470
Sun Jan 14 02:38:59 AEDT 2018 org.apache.commons.lang3.ArrayUtils,487
Sun Jan 14 02:45:51 AEDT 2018 org.apache.commons.lang3.ArrayUtils,488
Sun Jan 14 02:45:52 AEDT 2018 org.apache.commons.lang3.ArrayUtils,490
Sun Jan 14 02:52:21 AEDT 2018 org.apache.commons.lang3.ArrayUtils,507
Sun Jan 14 02:59:41 AEDT 2018 org.apache.commons.lang3.ArrayUtils,508
Sun Jan 14 02:59:42 AEDT 2018 org.apache.commons.lang3.ArrayUtils,510
Sun Jan 14 03:05:13 AEDT 2018 org.apache.commons.lang3.ArrayUtils,527
Sun Jan 14 03:12:19 AEDT 2018 org.apache.commons.lang3.ArrayUtils,528
Sun Jan 14 03:12:20 AEDT 2018 org.apache.commons.lang3.ArrayUtils,530
Sun Jan 14 03:17:55 AEDT 2018 org.apache.commons.lang3.ArrayUtils,547
Sun Jan 14 03:24:58 AEDT 2018 org.apache.commons.lang3.ArrayUtils,548
Sun Jan 14 03:25:00 AEDT 2018 org.apache.commons.lang3.ArrayUtils,550
Sun Jan 14 03:30:56 AEDT 2018 org.apache.commons.lang3.ArrayUtils,567
Sun Jan 14 03:37:48 AEDT 2018 org.apache.commons.lang3.ArrayUtils,568
Sun Jan 14 03:37:49 AEDT 2018 org.apache.commons.lang3.ArrayUtils,570
Sun Jan 14 03:43:39 AEDT 2018 org.apache.commons.lang3.ArrayUtils,587
Sun Jan 14 03:50:47 AEDT 2018 org.apache.commons.lang3.ArrayUtils,588
Sun Jan 14 03:50:48 AEDT 2018 org.apache.commons.lang3.ArrayUtils,590
Sun Jan 14 03:56:21 AEDT 2018 org.apache.commons.lang3.ArrayUtils,607
Sun Jan 14 04:03:25 AEDT 2018 org.apache.commons.lang3.ArrayUtils,608
Sun Jan 14 04:03:26 AEDT 2018 org.apache.commons.lang3.ArrayUtils,610
Sun Jan 14 04:09:04 AEDT 2018 org.apache.commons.lang3.ArrayUtils,627
Sun Jan 14 04:16:05 AEDT 2018 org.apache.commons.lang3.ArrayUtils,628
Sun Jan 14 04:16:07 AEDT 2018 org.apache.commons.lang3.ArrayUtils,630
Sun Jan 14 04:21:40 AEDT 2018 org.apache.commons.lang3.ArrayUtils,647
Sun Jan 14 04:28:41 AEDT 2018 org.apache.commons.lang3.ArrayUtils,648
Sun Jan 14 04:28:43 AEDT 2018 org.apache.commons.lang3.ArrayUtils,650
Sun Jan 14 04:34:12 AEDT 2018 org.apache.commons.lang3.ArrayUtils,667
Sun Jan 14 04:40:52 AEDT 2018 org.apache.commons.lang3.ArrayUtils,668
Sun Jan 14 04:40:53 AEDT 2018 org.apache.commons.lang3.ArrayUtils,670
Sun Jan 14 04:47:00 AEDT 2018 org.apache.commons.lang3.ArrayUtils,687
Timeout time : 18/01/14 04:50
