=================================================
Project : lang_35	start : 18/01/14 20:38
Current failed test : org.apache.commons.lang3.ArrayUtilsAddTest::testLANG571_purify_1 | 18/01/14 20:39
Sun Jan 14 20:39:14 EST 2018 org.apache.commons.lang3.ArrayUtils,3292
Sun Jan 14 20:39:33 EST 2018 org.apache.commons.lang3.ArrayUtils,3295
Sun Jan 14 20:39:33 EST 2018 org.apache.commons.lang3.ArrayUtils,3290
Sun Jan 14 20:39:47 EST 2018 Sun Jan 14 20:39:47 EST 2018 : org.apache.commons.lang3.ArrayUtils,3298=>Find no block
Sun Jan 14 20:39:47 EST 2018 org.apache.commons.lang3.ArrayUtils,3299
Sun Jan 14 20:40:56 EST 2018 org.apache.commons.lang3.ArrayUtils,3300
Sun Jan 14 20:40:56 EST 2018 org.apache.commons.lang3.ArrayUtils,3535
Sun Jan 14 20:42:46 EST 2018 org.apache.commons.lang3.ArrayUtils,3529
Sun Jan 14 20:44:13 EST 2018 org.apache.commons.lang3.ArrayUtils,143
Sun Jan 14 20:44:13 EST 2018 Sun Jan 14 20:44:13 EST 2018 : org.apache.commons.lang3.ArrayUtils,144=>Find no block
Sun Jan 14 20:44:13 EST 2018 org.apache.commons.lang3.ArrayUtils,160
Sun Jan 14 20:44:31 EST 2018 org.apache.commons.lang3.ArrayUtils,176
Sun Jan 14 20:45:06 EST 2018 org.apache.commons.lang3.ArrayUtils,177
Sun Jan 14 20:45:06 EST 2018 org.apache.commons.lang3.ArrayUtils,179
Sun Jan 14 20:46:15 EST 2018 org.apache.commons.lang3.ArrayUtils,193
Sun Jan 14 20:46:16 EST 2018 org.apache.commons.lang3.ArrayUtils,224
Sun Jan 14 20:46:16 EST 2018 org.apache.commons.lang3.ArrayUtils,225
Sun Jan 14 20:46:16 EST 2018 org.apache.commons.lang3.ArrayUtils,227
Sun Jan 14 20:46:51 EST 2018 org.apache.commons.lang3.ArrayUtils,228
Sun Jan 14 20:53:00 EST 2018 org.apache.commons.lang3.ArrayUtils,229
Sun Jan 14 20:53:02 EST 2018 org.apache.commons.lang3.ArrayUtils,230
Sun Jan 14 20:53:02 EST 2018 org.apache.commons.lang3.ArrayUtils,231
Sun Jan 14 20:53:02 EST 2018 org.apache.commons.lang3.ArrayUtils,232
Sun Jan 14 20:53:02 EST 2018 org.apache.commons.lang3.ArrayUtils,233
Sun Jan 14 20:53:02 EST 2018 org.apache.commons.lang3.ArrayUtils,234
Sun Jan 14 20:53:02 EST 2018 org.apache.commons.lang3.ArrayUtils,235
Sun Jan 14 20:53:02 EST 2018 org.apache.commons.lang3.ArrayUtils,236
Sun Jan 14 20:53:02 EST 2018 org.apache.commons.lang3.ArrayUtils,240
Sun Jan 14 20:53:02 EST 2018 Sun Jan 14 20:53:02 EST 2018 : org.apache.commons.lang3.ArrayUtils,241=>Find no block
Sun Jan 14 20:53:02 EST 2018 org.apache.commons.lang3.ArrayUtils,242
Sun Jan 14 20:53:02 EST 2018 org.apache.commons.lang3.ArrayUtils,247
Sun Jan 14 20:55:36 EST 2018 org.apache.commons.lang3.ArrayUtils,292
Sun Jan 14 20:55:36 EST 2018 org.apache.commons.lang3.ArrayUtils,310
Sun Jan 14 20:55:36 EST 2018 org.apache.commons.lang3.ArrayUtils,311
Sun Jan 14 20:55:36 EST 2018 org.apache.commons.lang3.ArrayUtils,313
Sun Jan 14 20:55:54 EST 2018 org.apache.commons.lang3.ArrayUtils,326
Sun Jan 14 20:55:54 EST 2018 org.apache.commons.lang3.ArrayUtils,327
Sun Jan 14 20:55:54 EST 2018 org.apache.commons.lang3.ArrayUtils,329
Sun Jan 14 20:55:54 EST 2018 org.apache.commons.lang3.ArrayUtils,342
Sun Jan 14 20:55:54 EST 2018 org.apache.commons.lang3.ArrayUtils,343
Sun Jan 14 20:55:54 EST 2018 org.apache.commons.lang3.ArrayUtils,345
Sun Jan 14 20:55:54 EST 2018 org.apache.commons.lang3.ArrayUtils,358
Sun Jan 14 20:55:55 EST 2018 org.apache.commons.lang3.ArrayUtils,359
Sun Jan 14 20:55:55 EST 2018 org.apache.commons.lang3.ArrayUtils,361
Sun Jan 14 20:55:55 EST 2018 org.apache.commons.lang3.ArrayUtils,374
Sun Jan 14 20:55:55 EST 2018 org.apache.commons.lang3.ArrayUtils,375
Sun Jan 14 20:55:55 EST 2018 org.apache.commons.lang3.ArrayUtils,377
Sun Jan 14 20:55:55 EST 2018 org.apache.commons.lang3.ArrayUtils,390
Sun Jan 14 20:55:55 EST 2018 org.apache.commons.lang3.ArrayUtils,391
Sun Jan 14 20:55:55 EST 2018 org.apache.commons.lang3.ArrayUtils,393
Sun Jan 14 20:55:55 EST 2018 org.apache.commons.lang3.ArrayUtils,406
Sun Jan 14 20:55:55 EST 2018 org.apache.commons.lang3.ArrayUtils,407
Sun Jan 14 20:55:55 EST 2018 org.apache.commons.lang3.ArrayUtils,409
Sun Jan 14 20:55:55 EST 2018 org.apache.commons.lang3.ArrayUtils,422
Sun Jan 14 20:55:55 EST 2018 org.apache.commons.lang3.ArrayUtils,423
Sun Jan 14 20:55:55 EST 2018 org.apache.commons.lang3.ArrayUtils,425
Sun Jan 14 20:55:55 EST 2018 org.apache.commons.lang3.ArrayUtils,438
Sun Jan 14 20:55:55 EST 2018 org.apache.commons.lang3.ArrayUtils,439
Sun Jan 14 20:55:55 EST 2018 org.apache.commons.lang3.ArrayUtils,441
Sun Jan 14 20:55:55 EST 2018 org.apache.commons.lang3.ArrayUtils,474
Sun Jan 14 20:55:55 EST 2018 org.apache.commons.lang3.ArrayUtils,475
Sun Jan 14 20:55:55 EST 2018 org.apache.commons.lang3.ArrayUtils,477
Sun Jan 14 20:56:16 EST 2018 org.apache.commons.lang3.ArrayUtils,478
Sun Jan 14 20:56:16 EST 2018 org.apache.commons.lang3.ArrayUtils,480
Sun Jan 14 20:57:58 EST 2018 org.apache.commons.lang3.ArrayUtils,481
Sun Jan 14 20:57:58 EST 2018 org.apache.commons.lang3.ArrayUtils,483
Sun Jan 14 21:02:05 EST 2018 org.apache.commons.lang3.ArrayUtils,484
Sun Jan 14 21:02:55 EST 2018 org.apache.commons.lang3.ArrayUtils,485
Sun Jan 14 21:03:58 EST 2018 Sun Jan 14 21:03:58 EST 2018 : org.apache.commons.lang3.ArrayUtils,487=>Find no block
Sun Jan 14 21:03:58 EST 2018 org.apache.commons.lang3.ArrayUtils,488
Sun Jan 14 21:03:58 EST 2018 Sun Jan 14 21:03:58 EST 2018 : org.apache.commons.lang3.ArrayUtils,491=>Find no block
Sun Jan 14 21:03:58 EST 2018 org.apache.commons.lang3.ArrayUtils,492
Sun Jan 14 21:07:53 EST 2018 org.apache.commons.lang3.ArrayUtils,493
Sun Jan 14 21:07:53 EST 2018 org.apache.commons.lang3.ArrayUtils,516
Sun Jan 14 21:07:53 EST 2018 org.apache.commons.lang3.ArrayUtils,517
Sun Jan 14 21:07:53 EST 2018 org.apache.commons.lang3.ArrayUtils,519
Sun Jan 14 21:07:53 EST 2018 org.apache.commons.lang3.ArrayUtils,520
Sun Jan 14 21:07:54 EST 2018 org.apache.commons.lang3.ArrayUtils,522
Sun Jan 14 21:07:54 EST 2018 org.apache.commons.lang3.ArrayUtils,523
Sun Jan 14 21:07:54 EST 2018 org.apache.commons.lang3.ArrayUtils,525
Sun Jan 14 21:11:22 EST 2018 org.apache.commons.lang3.ArrayUtils,526
Sun Jan 14 21:11:22 EST 2018 org.apache.commons.lang3.ArrayUtils,527
Sun Jan 14 21:11:22 EST 2018 org.apache.commons.lang3.ArrayUtils,530
Sun Jan 14 21:15:32 EST 2018 org.apache.commons.lang3.ArrayUtils,531
Sun Jan 14 21:19:25 EST 2018 org.apache.commons.lang3.ArrayUtils,532
Sun Jan 14 21:19:25 EST 2018 org.apache.commons.lang3.ArrayUtils,555
Sun Jan 14 21:19:25 EST 2018 org.apache.commons.lang3.ArrayUtils,556
Sun Jan 14 21:19:25 EST 2018 org.apache.commons.lang3.ArrayUtils,558
Sun Jan 14 21:19:25 EST 2018 org.apache.commons.lang3.ArrayUtils,559
Sun Jan 14 21:19:25 EST 2018 org.apache.commons.lang3.ArrayUtils,561
Sun Jan 14 21:19:25 EST 2018 org.apache.commons.lang3.ArrayUtils,562
Sun Jan 14 21:19:25 EST 2018 org.apache.commons.lang3.ArrayUtils,564
Sun Jan 14 21:22:54 EST 2018 org.apache.commons.lang3.ArrayUtils,565
Sun Jan 14 21:22:54 EST 2018 org.apache.commons.lang3.ArrayUtils,566
Sun Jan 14 21:22:54 EST 2018 org.apache.commons.lang3.ArrayUtils,569
Sun Jan 14 21:27:05 EST 2018 org.apache.commons.lang3.ArrayUtils,570
Sun Jan 14 21:31:00 EST 2018 org.apache.commons.lang3.ArrayUtils,571
Sun Jan 14 21:31:00 EST 2018 org.apache.commons.lang3.ArrayUtils,594
Sun Jan 14 21:31:00 EST 2018 org.apache.commons.lang3.ArrayUtils,595
Sun Jan 14 21:31:00 EST 2018 org.apache.commons.lang3.ArrayUtils,597
Sun Jan 14 21:31:00 EST 2018 org.apache.commons.lang3.ArrayUtils,598
Sun Jan 14 21:31:00 EST 2018 org.apache.commons.lang3.ArrayUtils,600
Sun Jan 14 21:31:00 EST 2018 org.apache.commons.lang3.ArrayUtils,601
Sun Jan 14 21:31:00 EST 2018 org.apache.commons.lang3.ArrayUtils,603
Sun Jan 14 21:34:29 EST 2018 org.apache.commons.lang3.ArrayUtils,604
Sun Jan 14 21:34:29 EST 2018 org.apache.commons.lang3.ArrayUtils,605
Sun Jan 14 21:34:29 EST 2018 org.apache.commons.lang3.ArrayUtils,608
Sun Jan 14 21:38:38 EST 2018 org.apache.commons.lang3.ArrayUtils,609
Sun Jan 14 21:42:31 EST 2018 org.apache.commons.lang3.ArrayUtils,610
Sun Jan 14 21:42:31 EST 2018 org.apache.commons.lang3.ArrayUtils,633
Sun Jan 14 21:42:31 EST 2018 org.apache.commons.lang3.ArrayUtils,634
Sun Jan 14 21:42:31 EST 2018 org.apache.commons.lang3.ArrayUtils,636
Sun Jan 14 21:42:31 EST 2018 org.apache.commons.lang3.ArrayUtils,637
Sun Jan 14 21:42:31 EST 2018 org.apache.commons.lang3.ArrayUtils,639
Sun Jan 14 21:42:31 EST 2018 org.apache.commons.lang3.ArrayUtils,640
Sun Jan 14 21:42:31 EST 2018 org.apache.commons.lang3.ArrayUtils,642
Sun Jan 14 21:46:00 EST 2018 org.apache.commons.lang3.ArrayUtils,643
Sun Jan 14 21:46:00 EST 2018 org.apache.commons.lang3.ArrayUtils,644
Sun Jan 14 21:46:00 EST 2018 org.apache.commons.lang3.ArrayUtils,647
Sun Jan 14 21:49:06 EST 2018 org.apache.commons.lang3.ArrayUtils,648
Sun Jan 14 21:52:24 EST 2018 org.apache.commons.lang3.ArrayUtils,649
Sun Jan 14 21:52:24 EST 2018 org.apache.commons.lang3.ArrayUtils,672
Sun Jan 14 21:52:24 EST 2018 org.apache.commons.lang3.ArrayUtils,673
Sun Jan 14 21:52:24 EST 2018 org.apache.commons.lang3.ArrayUtils,675
Sun Jan 14 21:52:24 EST 2018 org.apache.commons.lang3.ArrayUtils,676
Sun Jan 14 21:52:24 EST 2018 org.apache.commons.lang3.ArrayUtils,678
Sun Jan 14 21:52:24 EST 2018 org.apache.commons.lang3.ArrayUtils,679
Sun Jan 14 21:52:24 EST 2018 org.apache.commons.lang3.ArrayUtils,681
Sun Jan 14 21:55:53 EST 2018 org.apache.commons.lang3.ArrayUtils,682
Sun Jan 14 21:55:53 EST 2018 org.apache.commons.lang3.ArrayUtils,683
Sun Jan 14 21:55:54 EST 2018 org.apache.commons.lang3.ArrayUtils,686
Sun Jan 14 22:00:03 EST 2018 org.apache.commons.lang3.ArrayUtils,687
Sun Jan 14 22:03:56 EST 2018 org.apache.commons.lang3.ArrayUtils,688
Sun Jan 14 22:03:57 EST 2018 org.apache.commons.lang3.ArrayUtils,711
Sun Jan 14 22:03:57 EST 2018 org.apache.commons.lang3.ArrayUtils,712
Sun Jan 14 22:03:57 EST 2018 org.apache.commons.lang3.ArrayUtils,714
Sun Jan 14 22:03:57 EST 2018 org.apache.commons.lang3.ArrayUtils,715
Sun Jan 14 22:03:57 EST 2018 org.apache.commons.lang3.ArrayUtils,717
Sun Jan 14 22:03:57 EST 2018 org.apache.commons.lang3.ArrayUtils,718
Sun Jan 14 22:03:57 EST 2018 org.apache.commons.lang3.ArrayUtils,720
Sun Jan 14 22:07:26 EST 2018 org.apache.commons.lang3.ArrayUtils,721
Sun Jan 14 22:07:26 EST 2018 org.apache.commons.lang3.ArrayUtils,722
Sun Jan 14 22:07:26 EST 2018 org.apache.commons.lang3.ArrayUtils,725
Sun Jan 14 22:11:35 EST 2018 org.apache.commons.lang3.ArrayUtils,726
Sun Jan 14 22:15:29 EST 2018 org.apache.commons.lang3.ArrayUtils,727
Sun Jan 14 22:15:29 EST 2018 org.apache.commons.lang3.ArrayUtils,750
Sun Jan 14 22:15:29 EST 2018 org.apache.commons.lang3.ArrayUtils,751
Sun Jan 14 22:15:29 EST 2018 org.apache.commons.lang3.ArrayUtils,753
Sun Jan 14 22:15:29 EST 2018 org.apache.commons.lang3.ArrayUtils,754
Sun Jan 14 22:15:29 EST 2018 org.apache.commons.lang3.ArrayUtils,756
Sun Jan 14 22:15:29 EST 2018 org.apache.commons.lang3.ArrayUtils,757
Sun Jan 14 22:15:29 EST 2018 org.apache.commons.lang3.ArrayUtils,759
Sun Jan 14 22:18:58 EST 2018 org.apache.commons.lang3.ArrayUtils,760
Sun Jan 14 22:18:58 EST 2018 org.apache.commons.lang3.ArrayUtils,761
Sun Jan 14 22:18:58 EST 2018 org.apache.commons.lang3.ArrayUtils,764
Sun Jan 14 22:23:07 EST 2018 org.apache.commons.lang3.ArrayUtils,765
Sun Jan 14 22:27:00 EST 2018 org.apache.commons.lang3.ArrayUtils,766
Sun Jan 14 22:27:00 EST 2018 org.apache.commons.lang3.ArrayUtils,789
Sun Jan 14 22:27:00 EST 2018 org.apache.commons.lang3.ArrayUtils,790
Sun Jan 14 22:27:00 EST 2018 org.apache.commons.lang3.ArrayUtils,792
Sun Jan 14 22:27:01 EST 2018 org.apache.commons.lang3.ArrayUtils,793
Sun Jan 14 22:27:01 EST 2018 org.apache.commons.lang3.ArrayUtils,795
Sun Jan 14 22:27:01 EST 2018 org.apache.commons.lang3.ArrayUtils,796
Sun Jan 14 22:27:01 EST 2018 org.apache.commons.lang3.ArrayUtils,798
Sun Jan 14 22:30:29 EST 2018 org.apache.commons.lang3.ArrayUtils,799
Sun Jan 14 22:30:30 EST 2018 org.apache.commons.lang3.ArrayUtils,800
Sun Jan 14 22:30:30 EST 2018 org.apache.commons.lang3.ArrayUtils,803
Sun Jan 14 22:34:39 EST 2018 org.apache.commons.lang3.ArrayUtils,804
Sun Jan 14 22:38:32 EST 2018 org.apache.commons.lang3.ArrayUtils,805
Sun Jan 14 22:38:32 EST 2018 org.apache.commons.lang3.ArrayUtils,822
Sun Jan 14 22:41:17 EST 2018 org.apache.commons.lang3.ArrayUtils,825
Sun Jan 14 22:41:17 EST 2018 org.apache.commons.lang3.ArrayUtils,827
Sun Jan 14 22:44:14 EST 2018 org.apache.commons.lang3.ArrayUtils,840
Sun Jan 14 22:44:14 EST 2018 org.apache.commons.lang3.ArrayUtils,843
Sun Jan 14 22:44:14 EST 2018 org.apache.commons.lang3.ArrayUtils,845
Sun Jan 14 22:44:15 EST 2018 org.apache.commons.lang3.ArrayUtils,858
Sun Jan 14 22:44:15 EST 2018 org.apache.commons.lang3.ArrayUtils,861
Sun Jan 14 22:44:15 EST 2018 org.apache.commons.lang3.ArrayUtils,863
Sun Jan 14 22:44:15 EST 2018 org.apache.commons.lang3.ArrayUtils,876
Sun Jan 14 22:44:15 EST 2018 org.apache.commons.lang3.ArrayUtils,879
Sun Jan 14 22:44:15 EST 2018 org.apache.commons.lang3.ArrayUtils,881
Sun Jan 14 22:44:15 EST 2018 org.apache.commons.lang3.ArrayUtils,894
Sun Jan 14 22:44:15 EST 2018 org.apache.commons.lang3.ArrayUtils,897
Sun Jan 14 22:44:15 EST 2018 org.apache.commons.lang3.ArrayUtils,899
Sun Jan 14 22:44:15 EST 2018 org.apache.commons.lang3.ArrayUtils,912
Sun Jan 14 22:44:15 EST 2018 org.apache.commons.lang3.ArrayUtils,915
Sun Jan 14 22:44:15 EST 2018 org.apache.commons.lang3.ArrayUtils,917
Sun Jan 14 22:44:15 EST 2018 org.apache.commons.lang3.ArrayUtils,930
Sun Jan 14 22:44:15 EST 2018 org.apache.commons.lang3.ArrayUtils,933
Sun Jan 14 22:44:15 EST 2018 org.apache.commons.lang3.ArrayUtils,935
Sun Jan 14 22:44:15 EST 2018 org.apache.commons.lang3.ArrayUtils,948
Sun Jan 14 22:44:15 EST 2018 org.apache.commons.lang3.ArrayUtils,951
Sun Jan 14 22:44:15 EST 2018 org.apache.commons.lang3.ArrayUtils,953
Sun Jan 14 22:44:15 EST 2018 org.apache.commons.lang3.ArrayUtils,966
Sun Jan 14 22:44:15 EST 2018 org.apache.commons.lang3.ArrayUtils,969
Sun Jan 14 22:44:15 EST 2018 org.apache.commons.lang3.ArrayUtils,971
Sun Jan 14 22:44:15 EST 2018 org.apache.commons.lang3.ArrayUtils,996
Sun Jan 14 22:44:33 EST 2018 org.apache.commons.lang3.ArrayUtils,997
Sun Jan 14 22:44:33 EST 2018 org.apache.commons.lang3.ArrayUtils,999
Sun Jan 14 22:45:04 EST 2018 org.apache.commons.lang3.ArrayUtils,1012
Failed time : 18/01/14 22:45
Current failed test : org.apache.commons.lang3.ArrayUtilsAddTest::testLANG571_purify_2 | 18/01/14 22:45
Sun Jan 14 22:45:41 EST 2018 org.apache.commons.lang3.ArrayUtils,3568
Sun Jan 14 22:46:34 EST 2018 org.apache.commons.lang3.ArrayUtils,3569
Sun Jan 14 22:46:34 EST 2018 org.apache.commons.lang3.ArrayUtils,3571
Sun Jan 14 22:46:34 EST 2018 org.apache.commons.lang3.ArrayUtils,3574
Sun Jan 14 22:46:34 EST 2018 org.apache.commons.lang3.ArrayUtils,143
Sun Jan 14 22:46:35 EST 2018 Sun Jan 14 22:46:35 EST 2018 : org.apache.commons.lang3.ArrayUtils,144=>Find no block
Sun Jan 14 22:46:35 EST 2018 org.apache.commons.lang3.ArrayUtils,160
Sun Jan 14 22:46:52 EST 2018 org.apache.commons.lang3.ArrayUtils,176
Sun Jan 14 22:47:27 EST 2018 org.apache.commons.lang3.ArrayUtils,177
Sun Jan 14 22:47:27 EST 2018 org.apache.commons.lang3.ArrayUtils,179
Sun Jan 14 22:48:37 EST 2018 org.apache.commons.lang3.ArrayUtils,193
Sun Jan 14 22:48:38 EST 2018 org.apache.commons.lang3.ArrayUtils,224
Sun Jan 14 22:48:38 EST 2018 org.apache.commons.lang3.ArrayUtils,225
Sun Jan 14 22:48:38 EST 2018 org.apache.commons.lang3.ArrayUtils,227
Sun Jan 14 22:49:13 EST 2018 org.apache.commons.lang3.ArrayUtils,228
Sun Jan 14 22:55:23 EST 2018 org.apache.commons.lang3.ArrayUtils,229
Sun Jan 14 22:55:25 EST 2018 org.apache.commons.lang3.ArrayUtils,230
Sun Jan 14 22:55:25 EST 2018 org.apache.commons.lang3.ArrayUtils,231
Sun Jan 14 22:55:25 EST 2018 org.apache.commons.lang3.ArrayUtils,232
Sun Jan 14 22:55:25 EST 2018 org.apache.commons.lang3.ArrayUtils,233
Sun Jan 14 22:55:25 EST 2018 org.apache.commons.lang3.ArrayUtils,234
Sun Jan 14 22:55:25 EST 2018 org.apache.commons.lang3.ArrayUtils,235
Sun Jan 14 22:55:25 EST 2018 org.apache.commons.lang3.ArrayUtils,236
Sun Jan 14 22:55:25 EST 2018 org.apache.commons.lang3.ArrayUtils,240
Sun Jan 14 22:55:25 EST 2018 Sun Jan 14 22:55:25 EST 2018 : org.apache.commons.lang3.ArrayUtils,241=>Find no block
Sun Jan 14 22:55:25 EST 2018 org.apache.commons.lang3.ArrayUtils,242
Sun Jan 14 22:55:25 EST 2018 org.apache.commons.lang3.ArrayUtils,247
Sun Jan 14 22:57:59 EST 2018 org.apache.commons.lang3.ArrayUtils,292
Sun Jan 14 22:57:59 EST 2018 org.apache.commons.lang3.ArrayUtils,310
Sun Jan 14 22:57:59 EST 2018 org.apache.commons.lang3.ArrayUtils,311
Sun Jan 14 22:57:59 EST 2018 org.apache.commons.lang3.ArrayUtils,313
Sun Jan 14 22:58:17 EST 2018 org.apache.commons.lang3.ArrayUtils,326
Sun Jan 14 22:58:17 EST 2018 org.apache.commons.lang3.ArrayUtils,327
Sun Jan 14 22:58:17 EST 2018 org.apache.commons.lang3.ArrayUtils,329
Sun Jan 14 22:58:17 EST 2018 org.apache.commons.lang3.ArrayUtils,342
Sun Jan 14 22:58:17 EST 2018 org.apache.commons.lang3.ArrayUtils,343
Sun Jan 14 22:58:17 EST 2018 org.apache.commons.lang3.ArrayUtils,345
Sun Jan 14 22:58:17 EST 2018 org.apache.commons.lang3.ArrayUtils,358
Sun Jan 14 22:58:17 EST 2018 org.apache.commons.lang3.ArrayUtils,359
Sun Jan 14 22:58:17 EST 2018 org.apache.commons.lang3.ArrayUtils,361
Sun Jan 14 22:58:17 EST 2018 org.apache.commons.lang3.ArrayUtils,374
Sun Jan 14 22:58:17 EST 2018 org.apache.commons.lang3.ArrayUtils,375
Sun Jan 14 22:58:17 EST 2018 org.apache.commons.lang3.ArrayUtils,377
Sun Jan 14 22:58:18 EST 2018 org.apache.commons.lang3.ArrayUtils,390
Sun Jan 14 22:58:18 EST 2018 org.apache.commons.lang3.ArrayUtils,391
Sun Jan 14 22:58:18 EST 2018 org.apache.commons.lang3.ArrayUtils,393
Sun Jan 14 22:58:18 EST 2018 org.apache.commons.lang3.ArrayUtils,406
Sun Jan 14 22:58:18 EST 2018 org.apache.commons.lang3.ArrayUtils,407
Sun Jan 14 22:58:18 EST 2018 org.apache.commons.lang3.ArrayUtils,409
Sun Jan 14 22:58:18 EST 2018 org.apache.commons.lang3.ArrayUtils,422
Sun Jan 14 22:58:18 EST 2018 org.apache.commons.lang3.ArrayUtils,423
Sun Jan 14 22:58:18 EST 2018 org.apache.commons.lang3.ArrayUtils,425
Sun Jan 14 22:58:18 EST 2018 org.apache.commons.lang3.ArrayUtils,438
Sun Jan 14 22:58:18 EST 2018 org.apache.commons.lang3.ArrayUtils,439
Sun Jan 14 22:58:18 EST 2018 org.apache.commons.lang3.ArrayUtils,441
Sun Jan 14 22:58:18 EST 2018 org.apache.commons.lang3.ArrayUtils,474
Sun Jan 14 22:58:18 EST 2018 org.apache.commons.lang3.ArrayUtils,475
Sun Jan 14 22:58:18 EST 2018 org.apache.commons.lang3.ArrayUtils,477
Sun Jan 14 22:58:39 EST 2018 org.apache.commons.lang3.ArrayUtils,478
Sun Jan 14 22:58:39 EST 2018 org.apache.commons.lang3.ArrayUtils,480
Sun Jan 14 23:00:21 EST 2018 org.apache.commons.lang3.ArrayUtils,481
Sun Jan 14 23:00:21 EST 2018 org.apache.commons.lang3.ArrayUtils,483
Sun Jan 14 23:04:29 EST 2018 org.apache.commons.lang3.ArrayUtils,484
Sun Jan 14 23:05:18 EST 2018 org.apache.commons.lang3.ArrayUtils,485
Sun Jan 14 23:06:22 EST 2018 Sun Jan 14 23:06:22 EST 2018 : org.apache.commons.lang3.ArrayUtils,487=>Find no block
Sun Jan 14 23:06:22 EST 2018 org.apache.commons.lang3.ArrayUtils,488
Sun Jan 14 23:06:22 EST 2018 Sun Jan 14 23:06:22 EST 2018 : org.apache.commons.lang3.ArrayUtils,491=>Find no block
Sun Jan 14 23:06:22 EST 2018 org.apache.commons.lang3.ArrayUtils,492
Sun Jan 14 23:10:17 EST 2018 org.apache.commons.lang3.ArrayUtils,493
Sun Jan 14 23:10:17 EST 2018 org.apache.commons.lang3.ArrayUtils,516
Sun Jan 14 23:10:17 EST 2018 org.apache.commons.lang3.ArrayUtils,517
Sun Jan 14 23:10:17 EST 2018 org.apache.commons.lang3.ArrayUtils,519
Sun Jan 14 23:10:17 EST 2018 org.apache.commons.lang3.ArrayUtils,520
Sun Jan 14 23:10:17 EST 2018 org.apache.commons.lang3.ArrayUtils,522
Sun Jan 14 23:10:17 EST 2018 org.apache.commons.lang3.ArrayUtils,523
Sun Jan 14 23:10:17 EST 2018 org.apache.commons.lang3.ArrayUtils,525
Sun Jan 14 23:13:46 EST 2018 org.apache.commons.lang3.ArrayUtils,526
Sun Jan 14 23:13:46 EST 2018 org.apache.commons.lang3.ArrayUtils,527
Sun Jan 14 23:13:46 EST 2018 org.apache.commons.lang3.ArrayUtils,530
Sun Jan 14 23:17:55 EST 2018 org.apache.commons.lang3.ArrayUtils,531
Sun Jan 14 23:21:49 EST 2018 org.apache.commons.lang3.ArrayUtils,532
Sun Jan 14 23:21:49 EST 2018 org.apache.commons.lang3.ArrayUtils,555
Sun Jan 14 23:21:49 EST 2018 org.apache.commons.lang3.ArrayUtils,556
Sun Jan 14 23:21:49 EST 2018 org.apache.commons.lang3.ArrayUtils,558
Sun Jan 14 23:21:49 EST 2018 org.apache.commons.lang3.ArrayUtils,559
Sun Jan 14 23:21:49 EST 2018 org.apache.commons.lang3.ArrayUtils,561
Sun Jan 14 23:21:49 EST 2018 org.apache.commons.lang3.ArrayUtils,562
Sun Jan 14 23:21:49 EST 2018 org.apache.commons.lang3.ArrayUtils,564
Sun Jan 14 23:25:18 EST 2018 org.apache.commons.lang3.ArrayUtils,565
Sun Jan 14 23:25:18 EST 2018 org.apache.commons.lang3.ArrayUtils,566
Sun Jan 14 23:25:18 EST 2018 org.apache.commons.lang3.ArrayUtils,569
Sun Jan 14 23:29:28 EST 2018 org.apache.commons.lang3.ArrayUtils,570
Sun Jan 14 23:33:23 EST 2018 org.apache.commons.lang3.ArrayUtils,571
Sun Jan 14 23:33:23 EST 2018 org.apache.commons.lang3.ArrayUtils,594
Sun Jan 14 23:33:24 EST 2018 org.apache.commons.lang3.ArrayUtils,595
Sun Jan 14 23:33:24 EST 2018 org.apache.commons.lang3.ArrayUtils,597
Sun Jan 14 23:33:24 EST 2018 org.apache.commons.lang3.ArrayUtils,598
Sun Jan 14 23:33:24 EST 2018 org.apache.commons.lang3.ArrayUtils,600
Sun Jan 14 23:33:24 EST 2018 org.apache.commons.lang3.ArrayUtils,601
Sun Jan 14 23:33:24 EST 2018 org.apache.commons.lang3.ArrayUtils,603
Sun Jan 14 23:36:52 EST 2018 org.apache.commons.lang3.ArrayUtils,604
Sun Jan 14 23:36:52 EST 2018 org.apache.commons.lang3.ArrayUtils,605
Sun Jan 14 23:36:52 EST 2018 org.apache.commons.lang3.ArrayUtils,608
Sun Jan 14 23:41:01 EST 2018 org.apache.commons.lang3.ArrayUtils,609
Sun Jan 14 23:44:55 EST 2018 org.apache.commons.lang3.ArrayUtils,610
Sun Jan 14 23:44:55 EST 2018 org.apache.commons.lang3.ArrayUtils,633
Sun Jan 14 23:44:55 EST 2018 org.apache.commons.lang3.ArrayUtils,634
Sun Jan 14 23:44:55 EST 2018 org.apache.commons.lang3.ArrayUtils,636
Sun Jan 14 23:44:55 EST 2018 org.apache.commons.lang3.ArrayUtils,637
Sun Jan 14 23:44:55 EST 2018 org.apache.commons.lang3.ArrayUtils,639
Sun Jan 14 23:44:55 EST 2018 org.apache.commons.lang3.ArrayUtils,640
Sun Jan 14 23:44:55 EST 2018 org.apache.commons.lang3.ArrayUtils,642
Sun Jan 14 23:48:24 EST 2018 org.apache.commons.lang3.ArrayUtils,643
Sun Jan 14 23:48:24 EST 2018 org.apache.commons.lang3.ArrayUtils,644
Sun Jan 14 23:48:24 EST 2018 org.apache.commons.lang3.ArrayUtils,647
Sun Jan 14 23:51:30 EST 2018 org.apache.commons.lang3.ArrayUtils,648
Sun Jan 14 23:54:48 EST 2018 org.apache.commons.lang3.ArrayUtils,649
Sun Jan 14 23:54:48 EST 2018 org.apache.commons.lang3.ArrayUtils,672
Sun Jan 14 23:54:48 EST 2018 org.apache.commons.lang3.ArrayUtils,673
Sun Jan 14 23:54:48 EST 2018 org.apache.commons.lang3.ArrayUtils,675
Sun Jan 14 23:54:48 EST 2018 org.apache.commons.lang3.ArrayUtils,676
Sun Jan 14 23:54:48 EST 2018 org.apache.commons.lang3.ArrayUtils,678
Sun Jan 14 23:54:48 EST 2018 org.apache.commons.lang3.ArrayUtils,679
Sun Jan 14 23:54:48 EST 2018 org.apache.commons.lang3.ArrayUtils,681
Sun Jan 14 23:58:17 EST 2018 org.apache.commons.lang3.ArrayUtils,682
Sun Jan 14 23:58:17 EST 2018 org.apache.commons.lang3.ArrayUtils,683
Sun Jan 14 23:58:17 EST 2018 org.apache.commons.lang3.ArrayUtils,686
Mon Jan 15 00:02:27 EST 2018 org.apache.commons.lang3.ArrayUtils,687
Mon Jan 15 00:06:20 EST 2018 org.apache.commons.lang3.ArrayUtils,688
Mon Jan 15 00:06:20 EST 2018 org.apache.commons.lang3.ArrayUtils,711
Mon Jan 15 00:06:20 EST 2018 org.apache.commons.lang3.ArrayUtils,712
Mon Jan 15 00:06:20 EST 2018 org.apache.commons.lang3.ArrayUtils,714
Mon Jan 15 00:06:20 EST 2018 org.apache.commons.lang3.ArrayUtils,715
Mon Jan 15 00:06:20 EST 2018 org.apache.commons.lang3.ArrayUtils,717
Mon Jan 15 00:06:20 EST 2018 org.apache.commons.lang3.ArrayUtils,718
Mon Jan 15 00:06:20 EST 2018 org.apache.commons.lang3.ArrayUtils,720
Mon Jan 15 00:09:49 EST 2018 org.apache.commons.lang3.ArrayUtils,721
Mon Jan 15 00:09:49 EST 2018 org.apache.commons.lang3.ArrayUtils,722
Mon Jan 15 00:09:49 EST 2018 org.apache.commons.lang3.ArrayUtils,725
Mon Jan 15 00:13:58 EST 2018 org.apache.commons.lang3.ArrayUtils,726
Mon Jan 15 00:17:52 EST 2018 org.apache.commons.lang3.ArrayUtils,727
Mon Jan 15 00:17:52 EST 2018 org.apache.commons.lang3.ArrayUtils,750
Mon Jan 15 00:17:52 EST 2018 org.apache.commons.lang3.ArrayUtils,751
Mon Jan 15 00:17:52 EST 2018 org.apache.commons.lang3.ArrayUtils,753
Mon Jan 15 00:17:52 EST 2018 org.apache.commons.lang3.ArrayUtils,754
Mon Jan 15 00:17:52 EST 2018 org.apache.commons.lang3.ArrayUtils,756
Mon Jan 15 00:17:52 EST 2018 org.apache.commons.lang3.ArrayUtils,757
Mon Jan 15 00:17:52 EST 2018 org.apache.commons.lang3.ArrayUtils,759
Mon Jan 15 00:21:21 EST 2018 org.apache.commons.lang3.ArrayUtils,760
Mon Jan 15 00:21:21 EST 2018 org.apache.commons.lang3.ArrayUtils,761
Mon Jan 15 00:21:21 EST 2018 org.apache.commons.lang3.ArrayUtils,764
Mon Jan 15 00:25:30 EST 2018 org.apache.commons.lang3.ArrayUtils,765
Mon Jan 15 00:29:23 EST 2018 org.apache.commons.lang3.ArrayUtils,766
Mon Jan 15 00:29:23 EST 2018 org.apache.commons.lang3.ArrayUtils,789
Mon Jan 15 00:29:23 EST 2018 org.apache.commons.lang3.ArrayUtils,790
Mon Jan 15 00:29:23 EST 2018 org.apache.commons.lang3.ArrayUtils,792
Mon Jan 15 00:29:23 EST 2018 org.apache.commons.lang3.ArrayUtils,793
Mon Jan 15 00:29:23 EST 2018 org.apache.commons.lang3.ArrayUtils,795
Mon Jan 15 00:29:23 EST 2018 org.apache.commons.lang3.ArrayUtils,796
Mon Jan 15 00:29:24 EST 2018 org.apache.commons.lang3.ArrayUtils,798
Mon Jan 15 00:32:53 EST 2018 org.apache.commons.lang3.ArrayUtils,799
Mon Jan 15 00:32:53 EST 2018 org.apache.commons.lang3.ArrayUtils,800
Mon Jan 15 00:32:53 EST 2018 org.apache.commons.lang3.ArrayUtils,803
Mon Jan 15 00:37:02 EST 2018 org.apache.commons.lang3.ArrayUtils,804
Mon Jan 15 00:40:55 EST 2018 org.apache.commons.lang3.ArrayUtils,805
Mon Jan 15 00:40:56 EST 2018 org.apache.commons.lang3.ArrayUtils,822
Mon Jan 15 00:43:40 EST 2018 org.apache.commons.lang3.ArrayUtils,825
Mon Jan 15 00:43:41 EST 2018 org.apache.commons.lang3.ArrayUtils,827
Mon Jan 15 00:46:38 EST 2018 org.apache.commons.lang3.ArrayUtils,840
Mon Jan 15 00:46:38 EST 2018 org.apache.commons.lang3.ArrayUtils,843
Mon Jan 15 00:46:38 EST 2018 org.apache.commons.lang3.ArrayUtils,845
Mon Jan 15 00:46:38 EST 2018 org.apache.commons.lang3.ArrayUtils,858
Mon Jan 15 00:46:38 EST 2018 org.apache.commons.lang3.ArrayUtils,861
Mon Jan 15 00:46:38 EST 2018 org.apache.commons.lang3.ArrayUtils,863
Mon Jan 15 00:46:38 EST 2018 org.apache.commons.lang3.ArrayUtils,876
Mon Jan 15 00:46:38 EST 2018 org.apache.commons.lang3.ArrayUtils,879
Mon Jan 15 00:46:38 EST 2018 org.apache.commons.lang3.ArrayUtils,881
Mon Jan 15 00:46:38 EST 2018 org.apache.commons.lang3.ArrayUtils,894
Mon Jan 15 00:46:39 EST 2018 org.apache.commons.lang3.ArrayUtils,897
Mon Jan 15 00:46:39 EST 2018 org.apache.commons.lang3.ArrayUtils,899
Mon Jan 15 00:46:39 EST 2018 org.apache.commons.lang3.ArrayUtils,912
Mon Jan 15 00:46:39 EST 2018 org.apache.commons.lang3.ArrayUtils,915
Mon Jan 15 00:46:39 EST 2018 org.apache.commons.lang3.ArrayUtils,917
Mon Jan 15 00:46:39 EST 2018 org.apache.commons.lang3.ArrayUtils,930
Mon Jan 15 00:46:39 EST 2018 org.apache.commons.lang3.ArrayUtils,933
Mon Jan 15 00:46:39 EST 2018 org.apache.commons.lang3.ArrayUtils,935
Mon Jan 15 00:46:39 EST 2018 org.apache.commons.lang3.ArrayUtils,948
Mon Jan 15 00:46:39 EST 2018 org.apache.commons.lang3.ArrayUtils,951
Mon Jan 15 00:46:39 EST 2018 org.apache.commons.lang3.ArrayUtils,953
Mon Jan 15 00:46:39 EST 2018 org.apache.commons.lang3.ArrayUtils,966
Mon Jan 15 00:46:39 EST 2018 org.apache.commons.lang3.ArrayUtils,969
Mon Jan 15 00:46:39 EST 2018 org.apache.commons.lang3.ArrayUtils,971
Mon Jan 15 00:46:39 EST 2018 org.apache.commons.lang3.ArrayUtils,996
Mon Jan 15 00:46:57 EST 2018 org.apache.commons.lang3.ArrayUtils,997
Mon Jan 15 00:46:57 EST 2018 org.apache.commons.lang3.ArrayUtils,999
Mon Jan 15 00:47:28 EST 2018 org.apache.commons.lang3.ArrayUtils,1012
Mon Jan 15 00:47:52 EST 2018 org.apache.commons.lang3.ArrayUtils,1013
Mon Jan 15 00:47:52 EST 2018 org.apache.commons.lang3.ArrayUtils,1015
Mon Jan 15 00:49:33 EST 2018 org.apache.commons.lang3.ArrayUtils,1030
Mon Jan 15 00:49:45 EST 2018 org.apache.commons.lang3.ArrayUtils,1031
Failed time : 18/01/15 00:49
