=================================================
Project : math_18	start : 17/08/25 09:45
Current failed test : org.apache.commons.math3.optimization.direct.CMAESOptimizerTest::testFitAccuracyDependsOnBoundary_purify_2 | 17/08/25 09:45
Fri Aug 25 09:56:54 AEST 2017 org.apache.commons.math3.optimization.direct.BaseAbstractMultivariateSimpleBoundsOptimizer,87
Fri Aug 25 09:57:20 AEST 2017 org.apache.commons.math3.optimization.direct.CMAESOptimizer,476
Fri Aug 25 09:58:01 AEST 2017 org.apache.commons.math3.optimization.direct.CMAESOptimizer,482
Fri Aug 25 10:02:31 AEST 2017 org.apache.commons.math3.optimization.direct.CMAESOptimizer,583
Fri Aug 25 10:10:41 AEST 2017 org.apache.commons.math3.optimization.direct.CMAESOptimizer,751
Fri Aug 25 10:10:44 AEST 2017 org.apache.commons.math3.optimization.direct.CMAESOptimizer,246
Fri Aug 25 10:10:47 AEST 2017 Fri Aug 25 10:10:47 AEST 2017 : org.apache.commons.math3.optimization.direct.CMAESOptimizer,247=>Find no block
Fri Aug 25 10:10:47 AEST 2017 org.apache.commons.math3.optimization.direct.CMAESOptimizer,253
Fri Aug 25 10:10:49 AEST 2017 Fri Aug 25 10:10:49 AEST 2017 : org.apache.commons.math3.optimization.direct.CMAESOptimizer,256=>Find no block
Fri Aug 25 10:10:49 AEST 2017 org.apache.commons.math3.optimization.direct.CMAESOptimizer,929
Fri Aug 25 10:54:20 AEST 2017 org.apache.commons.math3.optimization.direct.CMAESOptimizer,930
Fri Aug 25 10:54:20 AEST 2017 org.apache.commons.math3.optimization.direct.CMAESOptimizer,931
Fri Aug 25 10:54:20 AEST 2017 org.apache.commons.math3.optimization.direct.CMAESOptimizer,932
Fri Aug 25 10:54:20 AEST 2017 org.apache.commons.math3.optimization.direct.CMAESOptimizer,934
Fri Aug 25 10:54:20 AEST 2017 org.apache.commons.math3.optimization.direct.CMAESOptimizer,955

----------------------------------------
----------------------------------------
Pass Single Test : [=>0,0]
x[0]=0.0;
if(boundaries==null){
return x;
}
double[] res=new double[x.length];
for(int i=0;i<x.length;i++){
double diff=boundaries[1][i]-boundaries[0][i];
res[i]=diff*x[i]+boundaries[0][i];
}
return res;

Time : 17/08/25 11:23
----------------------------------------
Fri Aug 25 11:38:19 AEST 2017 org.apache.commons.math3.optimization.direct.CMAESOptimizer,956
Fri Aug 25 11:38:19 AEST 2017 org.apache.commons.math3.optimization.direct.CMAESOptimizer,957
Fri Aug 25 11:38:19 AEST 2017 org.apache.commons.math3.optimization.direct.CMAESOptimizer,958
Fri Aug 25 11:38:20 AEST 2017 org.apache.commons.math3.optimization.direct.CMAESOptimizer,960
Fri Aug 25 11:38:20 AEST 2017 org.apache.commons.math3.optimization.direct.CMAESOptimizer,970
Fri Aug 25 11:42:23 AEST 2017 org.apache.commons.math3.optimization.direct.CMAESOptimizer,971
Fri Aug 25 11:42:23 AEST 2017 Fri Aug 25 11:42:23 AEST 2017 : org.apache.commons.math3.optimization.direct.CMAESOptimizer,974=>Find no block
Fri Aug 25 11:42:23 AEST 2017 org.apache.commons.math3.optimization.direct.CMAESOptimizer,1014
Fri Aug 25 13:17:14 AEST 2017 org.apache.commons.math3.optimization.direct.CMAESOptimizer,1015
Fri Aug 25 13:17:14 AEST 2017 org.apache.commons.math3.optimization.direct.CMAESOptimizer,1016
Fri Aug 25 13:17:14 AEST 2017 org.apache.commons.math3.optimization.direct.CMAESOptimizer,1018
Fri Aug 25 13:17:14 AEST 2017 org.apache.commons.math3.optimization.direct.CMAESOptimizer,1021
Fri Aug 25 13:17:15 AEST 2017 org.apache.commons.math3.optimization.direct.CMAESOptimizer,1024
Fri Aug 25 13:17:15 AEST 2017 org.apache.commons.math3.optimization.direct.CMAESOptimizer,1033
Fri Aug 25 13:47:43 AEST 2017 org.apache.commons.math3.optimization.direct.CMAESOptimizer,1034
Fri Aug 25 14:12:22 AEST 2017 org.apache.commons.math3.optimization.direct.CMAESOptimizer,1035
Fri Aug 25 14:12:22 AEST 2017 org.apache.commons.math3.optimization.direct.CMAESOptimizer,1036
Fri Aug 25 14:12:22 AEST 2017 org.apache.commons.math3.optimization.direct.CMAESOptimizer,1038
Fri Aug 25 14:12:22 AEST 2017 org.apache.commons.math3.optimization.direct.CMAESOptimizer,459
Fri Aug 25 14:17:37 AEST 2017 org.apache.commons.math3.optimization.direct.CMAESOptimizer,535
Fri Aug 25 14:17:39 AEST 2017 org.apache.commons.math3.optimization.direct.CMAESOptimizer,536
Fri Aug 25 14:17:40 AEST 2017 org.apache.commons.math3.optimization.direct.CMAESOptimizer,537
Timeout time : 17/08/25 14:56
