=================================================
Project : math_28	start : 17/08/24 17:56
Current failed test : org.apache.commons.math3.optimization.linear.SimplexSolverTest::testMath828Cycle_purify_1 | 17/08/24 17:56
Thu Aug 24 17:57:26 AEST 2017 org.apache.commons.math3.exception.MathIllegalStateException,69
Thu Aug 24 17:57:29 AEST 2017 Thu Aug 24 17:57:29 AEST 2017 : org.apache.commons.math3.exception.MathIllegalStateException,70=>Find no block
Thu Aug 24 17:57:29 AEST 2017 org.apache.commons.math3.exception.MathIllegalStateException,74
Thu Aug 24 17:57:33 AEST 2017 org.apache.commons.math3.exception.MathIllegalStateException,80
Thu Aug 24 17:58:05 AEST 2017 org.apache.commons.math3.exception.MathIllegalStateException,86
Thu Aug 24 17:58:33 AEST 2017 org.apache.commons.math3.exception.MaxCountExceededException,42
Thu Aug 24 17:58:35 AEST 2017 Thu Aug 24 17:58:35 AEST 2017 : org.apache.commons.math3.exception.MaxCountExceededException,43=>Find no block
Thu Aug 24 17:58:35 AEST 2017 Thu Aug 24 17:58:35 AEST 2017 : org.apache.commons.math3.exception.MaxCountExceededException,53=>Find no block
Thu Aug 24 17:58:36 AEST 2017 org.apache.commons.math3.exception.MaxCountExceededException,54
Thu Aug 24 17:59:07 AEST 2017 org.apache.commons.math3.exception.MaxCountExceededException,55
Thu Aug 24 17:59:07 AEST 2017 Thu Aug 24 17:59:07 AEST 2017 : org.apache.commons.math3.exception.MaxCountExceededException,56=>Find no block
Thu Aug 24 17:59:07 AEST 2017 org.apache.commons.math3.optimization.linear.AbstractLinearOptimizer,128
Thu Aug 24 18:01:37 AEST 2017 org.apache.commons.math3.optimization.linear.SimplexSolver,138

----------------------------------------
----------------------------------------
Pass Single Test : [=>0,0]
if(Precision.equals(minRatio,0.0)&&row.equals(tableau.getBasicRow(column))){
return row;
}

Time : 17/08/24 18:02
----------------------------------------

----------------------------------------
----------------------------------------
Similar code block : 2.5245748805139687 : [/home/similarfix/d4j/projects/math/math_28_buggy/src/main/java/org/apache/commons/math3/optimization/linear/SimplexSolver.java=>0,0]
if(Precision.equals(vr,0.0)&&Precision.equals(vi,0.0)){
vr=Precision.EPSILON*norm;
}

Time : 17/08/24 18:03
----------------------------------------

----------------------------------------
----------------------------------------
Original source code : [/home/similarfix/d4j/projects/math/math_28_buggy/src/main/java/org/apache/commons/math3/optimization/linear/SimplexSolver.java=>123,125]
if(Precision.equals(entry,1.0,maxUlps)&&row.equals(tableau.getBasicRow(column))){
return row;
}

Time : 17/08/24 18:03
----------------------------------------

----------------------------------------
----------------------------------------
Find a patch : [/home/similarfix/d4j/projects/math/math_28_buggy/src/main/java/org/apache/commons/math3/optimization/linear/SimplexSolver.java=>123,125]
if(Precision.equals(minRatio,0.0)&&row.equals(tableau.getBasicRow(column))){
return row;
}

Time : 17/08/24 18:03
----------------------------------------
Success time : 17/08/24 18:03
Current failed test : org.apache.commons.math3.optimization.linear.SimplexSolverTest::testMath828Cycle_purify_2 | 17/08/24 18:03
Already fixed : org.apache.commons.math3.optimization.linear.SimplexSolverTest::testMath828Cycle_purify_2
