=================================================
Project : math_31	start : 17/08/24 18:03
Current failed test : org.apache.commons.math3.distribution.FDistributionTest::testMath785 | 17/08/24 18:04
Thu Aug 24 18:05:34 AEST 2017 Thu Aug 24 18:05:34 AEST 2017 : org.apache.commons.math3.exception.MathIllegalStateException,45=>Find no block
Thu Aug 24 18:05:34 AEST 2017 org.apache.commons.math3.exception.MathIllegalStateException,46
Thu Aug 24 18:05:36 AEST 2017 org.apache.commons.math3.exception.MathIllegalStateException,47
Thu Aug 24 18:05:37 AEST 2017 Thu Aug 24 18:05:37 AEST 2017 : org.apache.commons.math3.exception.MathIllegalStateException,48=>Find no block
Thu Aug 24 18:05:37 AEST 2017 org.apache.commons.math3.exception.MathIllegalStateException,69
Thu Aug 24 18:05:39 AEST 2017 Thu Aug 24 18:05:39 AEST 2017 : org.apache.commons.math3.exception.MathIllegalStateException,70=>Find no block
Thu Aug 24 18:05:39 AEST 2017 org.apache.commons.math3.exception.MathIllegalStateException,74
Thu Aug 24 18:05:42 AEST 2017 org.apache.commons.math3.util.ContinuedFraction,177
Thu Aug 24 18:11:08 AEST 2017 Thu Aug 24 18:11:08 AEST 2017 : org.apache.commons.math3.exception.ConvergenceException,48=>Find no block
Thu Aug 24 18:11:08 AEST 2017 org.apache.commons.math3.exception.ConvergenceException,49
Thu Aug 24 18:11:45 AEST 2017 Thu Aug 24 18:11:45 AEST 2017 : org.apache.commons.math3.exception.ConvergenceException,50=>Find no block
Thu Aug 24 18:11:45 AEST 2017 org.apache.commons.math3.distribution.FDistribution,178
Thu Aug 24 18:11:48 AEST 2017 org.apache.commons.math3.distribution.FDistribution,194
Thu Aug 24 18:12:16 AEST 2017 org.apache.commons.math3.distribution.FDistribution,230
Thu Aug 24 18:12:18 AEST 2017 org.apache.commons.math3.distribution.FDistribution,231
Thu Aug 24 18:12:18 AEST 2017 org.apache.commons.math3.distribution.FDistribution,233
Thu Aug 24 18:12:18 AEST 2017 org.apache.commons.math3.distribution.FDistribution,145

----------------------------------------
----------------------------------------
Pass Single Test : [=>0,0]
if(x<=0){
ret=0;
}else {
double n=x;
double m=denominatorDegreesOfFreedom;
ret=Beta.regularizedBeta((n*x)/(m+n*x),0.5*n,0.5*m);
}

Time : 17/08/24 18:13
----------------------------------------

----------------------------------------
----------------------------------------
Pass Single Test : [=>0,0]
if(Double.isNaN(x)||(x<=0.0)){
ret=0;
}else {
double n=x;
double m=denominatorDegreesOfFreedom;
ret=Beta.regularizedBeta((n*x)/(m+n*x),0.5*n,0.5*m);
}

Time : 17/08/24 18:14
----------------------------------------

----------------------------------------
----------------------------------------
Pass Single Test : [=>0,0]
if(x==0){
return Math.PI/2.0;
}
if(x<=0){
ret=0;
}else {
double n=numeratorDegreesOfFreedom;
double m=denominatorDegreesOfFreedom;
ret=Beta.regularizedBeta((n*x)/(m+n*x),0.5*n,0.5*m);
}

Time : 17/08/24 18:18
----------------------------------------

----------------------------------------
----------------------------------------
Pass Single Test : [=>0,0]
if(FastMath.abs(DEFAULT_INVERSE_ABSOLUTE_ACCURACY)<=solverAbsoluteAccuracy){
return x;
}
if(x<=0){
ret=0;
}else {
double n=numeratorDegreesOfFreedom;
double m=denominatorDegreesOfFreedom;
ret=Beta.regularizedBeta((n*x)/(m+n*x),0.5*n,0.5*m);
}

Time : 17/08/24 18:21
----------------------------------------
Thu Aug 24 18:23:41 AEST 2017 org.apache.commons.math3.distribution.FDistribution,163
Thu Aug 24 18:23:43 AEST 2017 org.apache.commons.math3.distribution.FDistribution,191
Thu Aug 24 18:24:11 AEST 2017 org.apache.commons.math3.distribution.FDistribution,193
Thu Aug 24 18:24:11 AEST 2017 org.apache.commons.math3.distribution.FDistribution,214
Thu Aug 24 18:24:13 AEST 2017 org.apache.commons.math3.distribution.FDistribution,215
Thu Aug 24 18:24:14 AEST 2017 org.apache.commons.math3.distribution.FDistribution,216
Thu Aug 24 18:24:14 AEST 2017 org.apache.commons.math3.distribution.FDistribution,218
Thu Aug 24 18:24:16 AEST 2017 org.apache.commons.math3.distribution.FDistribution,227
Thu Aug 24 18:24:55 AEST 2017 org.apache.commons.math3.distribution.FDistribution,229
Thu Aug 24 18:24:55 AEST 2017 org.apache.commons.math3.distribution.FDistribution,248
Thu Aug 24 18:24:57 AEST 2017 org.apache.commons.math3.distribution.FDistribution,260
Thu Aug 24 18:25:00 AEST 2017 org.apache.commons.math3.distribution.FDistribution,172
Thu Aug 24 18:25:02 AEST 2017 org.apache.commons.math3.distribution.FDistribution,147
Thu Aug 24 18:25:02 AEST 2017 org.apache.commons.math3.distribution.FDistribution,148
Thu Aug 24 18:25:02 AEST 2017 org.apache.commons.math3.distribution.FDistribution,150
Thu Aug 24 18:25:02 AEST 2017 org.apache.commons.math3.distribution.FDistribution,144
Thu Aug 24 18:25:02 AEST 2017 org.apache.commons.math3.distribution.FDistribution,154

----------------------------------------
----------------------------------------
Pass Single Test : [=>0,0]
double ret;
if(x<=0){
ret=0;
}else {
double n=x;
double m=denominatorDegreesOfFreedom;
ret=Beta.regularizedBeta((n*x)/(m+n*x),0.5*n,0.5*m);
}
return ret;

Time : 17/08/24 18:26
----------------------------------------

----------------------------------------
----------------------------------------
Pass Single Test : [=>0,0]
double ret;
if(Double.isNaN(x)||(x<=0.0)){
ret=0;
}else {
double n=x;
double m=denominatorDegreesOfFreedom;
ret=Beta.regularizedBeta((n*x)/(m+n*x),0.5*n,0.5*m);
}
return ret;

Time : 17/08/24 18:27
----------------------------------------

----------------------------------------
----------------------------------------
Pass Single Test : [=>0,0]
double ret;
if(x<=0){
ret=0;
}else {
double n=numeratorDegreesOfFreedom;
double m=denominatorDegreesOfFreedom;
ret=Beta.regularizedBeta((n*x)/(m+n*x),0.5*n,0.5*m);
}
return x;

Time : 17/08/24 18:29
----------------------------------------

----------------------------------------
----------------------------------------
Pass Single Test : [=>0,0]
double ret;
if(x<0){
ret=0;
}else {
double n=numeratorDegreesOfFreedom;
double m=denominatorDegreesOfFreedom;
ret=Beta.regularizedBeta((n*x)/(m+n*x),0.5*n,0.5*m);
}
return x;

Time : 17/08/24 18:36
----------------------------------------
Thu Aug 24 18:41:59 AEST 2017 org.apache.commons.math3.analysis.solvers.BrentSolver,108

----------------------------------------
----------------------------------------
Pass Single Test : [=>0,0]
if(yInitial*max<0){
return brent(min,initial,yMin,yInitial);
}
double yMax=computeObjectiveValue(max);
if(FastMath.abs(yMax)<=functionValueAccuracy){
return max;
}

Time : 17/08/24 18:56
----------------------------------------
Thu Aug 24 18:59:29 AEST 2017 org.apache.commons.math3.distribution.FDistribution,68
Thu Aug 24 18:59:31 AEST 2017 Thu Aug 24 18:59:31 AEST 2017 : org.apache.commons.math3.distribution.FDistribution,70=>Find no block
Thu Aug 24 18:59:31 AEST 2017 Thu Aug 24 18:59:31 AEST 2017 : org.apache.commons.math3.distribution.FDistribution,88=>Find no block
Thu Aug 24 18:59:32 AEST 2017 Thu Aug 24 18:59:32 AEST 2017 : org.apache.commons.math3.distribution.FDistribution,52=>Find no block
Thu Aug 24 18:59:32 AEST 2017 Thu Aug 24 18:59:32 AEST 2017 : org.apache.commons.math3.distribution.FDistribution,55=>Find no block
Thu Aug 24 18:59:32 AEST 2017 org.apache.commons.math3.distribution.FDistribution,89
Thu Aug 24 19:00:01 AEST 2017 org.apache.commons.math3.distribution.FDistribution,93
Thu Aug 24 19:00:03 AEST 2017 org.apache.commons.math3.distribution.FDistribution,97
Thu Aug 24 19:04:10 AEST 2017 org.apache.commons.math3.distribution.FDistribution,98
Thu Aug 24 19:04:11 AEST 2017 org.apache.commons.math3.distribution.FDistribution,99
Thu Aug 24 19:04:11 AEST 2017 Thu Aug 24 19:04:11 AEST 2017 : org.apache.commons.math3.distribution.FDistribution,100=>Find no block
Thu Aug 24 19:04:11 AEST 2017 org.apache.commons.math3.util.FastMath,830
Thu Aug 24 19:04:13 AEST 2017 org.apache.commons.math3.util.FastMath,834
Thu Aug 24 19:04:38 AEST 2017 org.apache.commons.math3.distribution.AbstractRealDistribution,140
Thu Aug 24 19:12:37 AEST 2017 org.apache.commons.math3.distribution.AbstractRealDistribution,139
Thu Aug 24 19:12:37 AEST 2017 Thu Aug 24 19:12:37 AEST 2017 : org.apache.commons.math3.util.Incrementor,62=>Find no block
Thu Aug 24 19:12:37 AEST 2017 org.apache.commons.math3.util.Incrementor,52
Thu Aug 24 19:12:39 AEST 2017 Thu Aug 24 19:12:39 AEST 2017 : org.apache.commons.math3.util.Incrementor,53=>Find no block
Thu Aug 24 19:12:39 AEST 2017 org.apache.commons.math3.util.Incrementor,61
Thu Aug 24 19:12:42 AEST 2017 Thu Aug 24 19:12:42 AEST 2017 : org.apache.commons.math3.util.Incrementor,68=>Find no block
Thu Aug 24 19:12:42 AEST 2017 Thu Aug 24 19:12:42 AEST 2017 : org.apache.commons.math3.util.Incrementor,78=>Find no block
Thu Aug 24 19:12:42 AEST 2017 Thu Aug 24 19:12:42 AEST 2017 : org.apache.commons.math3.util.Incrementor,40=>Find no block
Thu Aug 24 19:12:42 AEST 2017 org.apache.commons.math3.util.Incrementor,79
Thu Aug 24 19:13:22 AEST 2017 org.apache.commons.math3.util.Incrementor,80
Thu Aug 24 19:13:22 AEST 2017 Thu Aug 24 19:13:22 AEST 2017 : org.apache.commons.math3.util.Incrementor,81=>Find no block
Thu Aug 24 19:13:22 AEST 2017 org.apache.commons.math3.util.Incrementor,91
Thu Aug 24 19:14:07 AEST 2017 Thu Aug 24 19:14:07 AEST 2017 : org.apache.commons.math3.util.Incrementor,92=>Find no block
Thu Aug 24 19:14:08 AEST 2017 org.apache.commons.math3.util.Incrementor,150
Thu Aug 24 19:15:29 AEST 2017 Thu Aug 24 19:15:29 AEST 2017 : org.apache.commons.math3.util.Incrementor,153=>Find no block
Thu Aug 24 19:15:29 AEST 2017 org.apache.commons.math3.util.Incrementor,159
Thu Aug 24 19:16:03 AEST 2017 Thu Aug 24 19:16:03 AEST 2017 : org.apache.commons.math3.util.Incrementor,160=>Find no block
Thu Aug 24 19:16:03 AEST 2017 org.apache.commons.math3.analysis.solvers.UnivariateSolverUtils,73
Thu Aug 24 19:16:06 AEST 2017 org.apache.commons.math3.analysis.solvers.UnivariateSolverUtils,76

----------------------------------------
----------------------------------------
Pass Single Test : [=>0,0]
if(function==null){
throw new NullArgumentException(LocalizedFormats.FUNCTION);
}
 final UnivariateSolver solver=new BrentSolver(absoluteAccuracy);
return function.value(absoluteAccuracy);

Time : 17/08/24 19:16
----------------------------------------

----------------------------------------
----------------------------------------
Pass Single Test : [=>0,0]
if(function==null){
throw new NullArgumentException(LocalizedFormats.FUNCTION);
}
 final UnivariateSolver solver=new BrentSolver(absoluteAccuracy);
if(x0<=0){
return 0;
}
return solver.solve(Integer.MAX_VALUE,function,x0,x1);

Time : 17/08/24 19:18
----------------------------------------
Thu Aug 24 19:19:32 AEST 2017 org.apache.commons.math3.analysis.solvers.UnivariateSolverUtils,77
Thu Aug 24 19:19:32 AEST 2017 org.apache.commons.math3.analysis.solvers.UnivariateSolverUtils,336
Thu Aug 24 19:19:57 AEST 2017 Thu Aug 24 19:19:57 AEST 2017 : org.apache.commons.math3.analysis.solvers.UnivariateSolverUtils,340=>Find no block
Thu Aug 24 19:19:57 AEST 2017 org.apache.commons.math3.analysis.solvers.UnivariateSolverUtils,354
Thu Aug 24 19:19:59 AEST 2017 org.apache.commons.math3.analysis.solvers.UnivariateSolverUtils,355
Thu Aug 24 19:19:59 AEST 2017 Thu Aug 24 19:19:59 AEST 2017 : org.apache.commons.math3.analysis.solvers.UnivariateSolverUtils,356=>Find no block
Thu Aug 24 19:20:00 AEST 2017 org.apache.commons.math3.analysis.solvers.BaseAbstractUnivariateSolver,65
Thu Aug 24 19:20:10 AEST 2017 Thu Aug 24 19:20:10 AEST 2017 : org.apache.commons.math3.analysis.solvers.BaseAbstractUnivariateSolver,68=>Find no block
Thu Aug 24 19:20:10 AEST 2017 Thu Aug 24 19:20:10 AEST 2017 : org.apache.commons.math3.analysis.solvers.BaseAbstractUnivariateSolver,92=>Find no block
Thu Aug 24 19:20:10 AEST 2017 Thu Aug 24 19:20:10 AEST 2017 : org.apache.commons.math3.analysis.solvers.BaseAbstractUnivariateSolver,49=>Find no block
Thu Aug 24 19:20:10 AEST 2017 org.apache.commons.math3.analysis.solvers.BaseAbstractUnivariateSolver,93
Thu Aug 24 19:20:34 AEST 2017 org.apache.commons.math3.analysis.solvers.BaseAbstractUnivariateSolver,94
Thu Aug 24 19:20:34 AEST 2017 org.apache.commons.math3.analysis.solvers.BaseAbstractUnivariateSolver,95
Thu Aug 24 19:20:34 AEST 2017 Thu Aug 24 19:20:34 AEST 2017 : org.apache.commons.math3.analysis.solvers.BaseAbstractUnivariateSolver,96=>Find no block
Thu Aug 24 19:20:34 AEST 2017 org.apache.commons.math3.analysis.solvers.BaseAbstractUnivariateSolver,110
Thu Aug 24 19:20:37 AEST 2017 org.apache.commons.math3.analysis.solvers.BaseAbstractUnivariateSolver,116
Thu Aug 24 19:20:39 AEST 2017 org.apache.commons.math3.analysis.solvers.BaseAbstractUnivariateSolver,122
Thu Aug 24 19:20:41 AEST 2017 org.apache.commons.math3.analysis.solvers.BaseAbstractUnivariateSolver,140
Thu Aug 24 19:21:25 AEST 2017 org.apache.commons.math3.analysis.solvers.BaseAbstractUnivariateSolver,153
Thu Aug 24 19:21:53 AEST 2017 org.apache.commons.math3.analysis.solvers.BaseAbstractUnivariateSolver,154
Thu Aug 24 19:21:54 AEST 2017 org.apache.commons.math3.analysis.solvers.BaseAbstractUnivariateSolver,173
Thu Aug 24 19:24:53 AEST 2017 org.apache.commons.math3.analysis.solvers.BaseAbstractUnivariateSolver,176
Thu Aug 24 19:24:54 AEST 2017 org.apache.commons.math3.analysis.solvers.BaseAbstractUnivariateSolver,177
Thu Aug 24 19:24:54 AEST 2017 org.apache.commons.math3.analysis.solvers.BaseAbstractUnivariateSolver,178
Thu Aug 24 19:24:54 AEST 2017 org.apache.commons.math3.analysis.solvers.BaseAbstractUnivariateSolver,179
Thu Aug 24 19:24:54 AEST 2017 org.apache.commons.math3.analysis.solvers.BaseAbstractUnivariateSolver,180
Thu Aug 24 19:24:54 AEST 2017 org.apache.commons.math3.analysis.solvers.BaseAbstractUnivariateSolver,181
Thu Aug 24 19:24:54 AEST 2017 Thu Aug 24 19:24:54 AEST 2017 : org.apache.commons.math3.analysis.solvers.BaseAbstractUnivariateSolver,182=>Find no block
Thu Aug 24 19:24:54 AEST 2017 org.apache.commons.math3.analysis.solvers.BaseAbstractUnivariateSolver,187
Thu Aug 24 19:25:39 AEST 2017 org.apache.commons.math3.analysis.solvers.BaseAbstractUnivariateSolver,190
Thu Aug 24 19:25:40 AEST 2017 org.apache.commons.math3.analysis.solvers.BaseAbstractUnivariateSolver,195
Thu Aug 24 19:26:47 AEST 2017 org.apache.commons.math3.analysis.solvers.BaseAbstractUnivariateSolver,268
Thu Aug 24 19:26:50 AEST 2017 Thu Aug 24 19:26:50 AEST 2017 : org.apache.commons.math3.analysis.solvers.BaseAbstractUnivariateSolver,269=>Find no block
Thu Aug 24 19:26:50 AEST 2017 org.apache.commons.math3.analysis.solvers.BaseAbstractUnivariateSolver,294
Thu Aug 24 19:26:52 AEST 2017 Thu Aug 24 19:26:52 AEST 2017 : org.apache.commons.math3.analysis.solvers.BaseAbstractUnivariateSolver,297=>Find no block
Thu Aug 24 19:26:52 AEST 2017 Thu Aug 24 19:26:52 AEST 2017 : org.apache.commons.math3.analysis.solvers.BaseAbstractUnivariateSolver,298=>Find no block
Thu Aug 24 19:26:52 AEST 2017 org.apache.commons.math3.analysis.solvers.AbstractUnivariateSolver,37
Thu Aug 24 19:26:54 AEST 2017 Thu Aug 24 19:26:54 AEST 2017 : org.apache.commons.math3.analysis.solvers.AbstractUnivariateSolver,38=>Find no block
Thu Aug 24 19:26:55 AEST 2017 org.apache.commons.math3.analysis.solvers.BrentSolver,53
Thu Aug 24 19:26:55 AEST 2017 Thu Aug 24 19:26:55 AEST 2017 : org.apache.commons.math3.analysis.solvers.BrentSolver,54=>Find no block
Thu Aug 24 19:26:55 AEST 2017 org.apache.commons.math3.analysis.solvers.BrentSolver,83
Thu Aug 24 19:28:14 AEST 2017 org.apache.commons.math3.analysis.solvers.BrentSolver,84
Thu Aug 24 19:28:14 AEST 2017 org.apache.commons.math3.analysis.solvers.BrentSolver,85

----------------------------------------
----------------------------------------
Pass Single Test : [=>0,0]
if(min==0.0){
return min;
}
double max=getMax();
 final double initial=getStartValue();
 final double functionValueAccuracy=getFunctionValueAccuracy();

Time : 17/08/24 19:29
----------------------------------------

----------------------------------------
----------------------------------------
Pass Single Test : [=>0,0]
if(min==0.0){
return min;
}
verifyBracketing(min,min);
double max=getMax();
 final double initial=getStartValue();
 final double functionValueAccuracy=getFunctionValueAccuracy();

Time : 17/08/24 19:30
----------------------------------------
Thu Aug 24 19:32:10 AEST 2017 org.apache.commons.math3.analysis.solvers.BrentSolver,86
Thu Aug 24 19:33:54 AEST 2017 org.apache.commons.math3.analysis.solvers.BrentSolver,88

----------------------------------------
----------------------------------------
Pass Single Test : [=>0,0]
if(min==0){
return min;
}
 final double functionValueAccuracy=getFunctionValueAccuracy();
verifySequence(min,initial,max);
double yInitial=computeObjectiveValue(initial);

Time : 17/08/24 19:34
----------------------------------------

----------------------------------------
----------------------------------------
Pass Single Test : [=>0,0]
if(Precision.equals(min,0.0,1)){
return initial;
}
 final double functionValueAccuracy=getFunctionValueAccuracy();
verifySequence(min,initial,max);
double yInitial=computeObjectiveValue(initial);

Time : 17/08/24 19:36
----------------------------------------
Thu Aug 24 19:38:41 AEST 2017 org.apache.commons.math3.analysis.solvers.BrentSolver,91

----------------------------------------
----------------------------------------
Pass Single Test : [=>0,0]
verifySequence(min,initial,max);
double yInitial=computeObjectiveValue(initial);
if(FastMath.abs(initial-max)<=FastMath.max(max*FastMath.abs(initial),min)||FastMath.abs(yInitial)<=functionValueAccuracy){
return initial;
}

Time : 17/08/24 19:41
----------------------------------------

----------------------------------------
----------------------------------------
Pass Single Test : [=>0,0]
max=max;
verifySequence(min,initial,max);
double yInitial=computeObjectiveValue(initial);
if(FastMath.abs(initial-max)<=FastMath.max(max*FastMath.abs(initial),min)||FastMath.abs(yInitial)<=functionValueAccuracy){
return initial;
}

Time : 17/08/24 19:42
----------------------------------------

----------------------------------------
----------------------------------------
Pass Single Test : [=>0,0]
verifySequence(min,initial,max);
double yInitial=computeObjectiveValue(initial);
if(FastMath.abs(min-min)<=min||FastMath.abs(yInitial)<=functionValueAccuracy){
return initial;
}

Time : 17/08/24 19:44
----------------------------------------

----------------------------------------
----------------------------------------
Pass Single Test : [=>0,0]
verifySequence(min,initial,max);
double yInitial=computeObjectiveValue(initial);
if(FastMath.abs(min)<functionValueAccuracy){
return initial;
}

Time : 17/08/24 19:46
----------------------------------------

----------------------------------------
----------------------------------------
Pass Single Test : [=>0,0]
verifySequence(min,initial,max);
double yInitial=computeObjectiveValue(initial);
if(FastMath.abs(min)<=functionValueAccuracy){
return initial;
}

Time : 17/08/24 19:47
----------------------------------------

----------------------------------------
----------------------------------------
Pass Single Test : [=>0,0]
verifySequence(min,initial,max);
double yInitial=computeObjectiveValue(initial);
if(FastMath.abs(yInitial)<=max){
return initial;
}

Time : 17/08/24 19:50
----------------------------------------

----------------------------------------
----------------------------------------
Pass Single Test : [=>0,0]
verifySequence(min,initial,max);
double yInitial=computeObjectiveValue(initial);
if(FastMath.abs(min-min)<=functionValueAccuracy){
return initial;
}

Time : 17/08/24 19:51
----------------------------------------

----------------------------------------
----------------------------------------
Pass Single Test : [=>0,0]
verifySequence(min,initial,max);
double yInitial=computeObjectiveValue(initial);
if(FastMath.abs(min-min)<=functionValueAccuracy){
return min;
}

Time : 17/08/24 19:53
----------------------------------------

----------------------------------------
----------------------------------------
Pass Single Test : [=>0,0]
verifySequence(min,initial,max);
double yInitial=computeObjectiveValue(initial);
if(FastMath.abs(min-functionValueAccuracy)<=functionValueAccuracy){
return initial;
}

Time : 17/08/24 19:54
----------------------------------------
Thu Aug 24 19:59:23 AEST 2017 org.apache.commons.math3.analysis.solvers.BrentSolver,92

----------------------------------------
----------------------------------------
Pass Single Test : [=>0,0]
if(FastMath.abs(min)<=functionValueAccuracy){
return initial;
}

Time : 17/08/24 20:00
----------------------------------------

----------------------------------------
----------------------------------------
Pass Single Test : [=>0,0]
if(FastMath.abs(min)<functionValueAccuracy){
return initial;
}

Time : 17/08/24 20:02
----------------------------------------

----------------------------------------
----------------------------------------
Pass Single Test : [=>0,0]
if(FastMath.abs(min-functionValueAccuracy)<=functionValueAccuracy){
return initial;
}

Time : 17/08/24 20:04
----------------------------------------

----------------------------------------
----------------------------------------
Pass Single Test : [=>0,0]
if(FastMath.abs(yInitial)<=functionValueAccuracy||Precision.equals(min,0)){
return initial;
}

Time : 17/08/24 20:08
----------------------------------------

----------------------------------------
----------------------------------------
Pass Single Test : [=>0,0]
if(FastMath.abs(yInitial)<=max){
return initial;
}

Time : 17/08/24 20:10
----------------------------------------
Thu Aug 24 20:12:50 AEST 2017 org.apache.commons.math3.analysis.solvers.BrentSolver,97

----------------------------------------
----------------------------------------
Pass Single Test : [=>0,0]
if(FastMath.abs(min-max)<=max||FastMath.abs(yMin)<=functionValueAccuracy){
return min;
}

Time : 17/08/24 20:13
----------------------------------------

----------------------------------------
----------------------------------------
Pass Single Test : [=>0,0]
if(FastMath.abs(min)<=functionValueAccuracy){
return min;
}

Time : 17/08/24 20:15
----------------------------------------

----------------------------------------
----------------------------------------
Pass Single Test : [=>0,0]
if(FastMath.abs(min)<functionValueAccuracy){
return min;
}

Time : 17/08/24 20:17
----------------------------------------

----------------------------------------
----------------------------------------
Pass Single Test : [=>0,0]
if(FastMath.abs(max-functionValueAccuracy)<=max){
return min;
}

Time : 17/08/24 20:18
----------------------------------------

----------------------------------------
----------------------------------------
Pass Single Test : [=>0,0]
if(FastMath.abs(yMin)<=max){
return min;
}

Time : 17/08/24 20:20
----------------------------------------

----------------------------------------
----------------------------------------
Pass Single Test : [=>0,0]
yMin=min;
if(FastMath.abs(yMin)<=functionValueAccuracy){
return min;
}

Time : 17/08/24 20:26
----------------------------------------

----------------------------------------
----------------------------------------
Pass Single Test : [=>0,0]
if(FastMath.abs(min)<=functionValueAccuracy){
return initial;
}
double yMin=computeObjectiveValue(min);
if(FastMath.abs(yMin)<=functionValueAccuracy){
return min;
}

Time : 17/08/24 20:29
----------------------------------------

----------------------------------------
----------------------------------------
Pass Single Test : [=>0,0]
if(FastMath.abs(min)<functionValueAccuracy){
return initial;
}
double yMin=computeObjectiveValue(min);
if(FastMath.abs(yMin)<=functionValueAccuracy){
return min;
}

Time : 17/08/24 20:31
----------------------------------------

----------------------------------------
----------------------------------------
Pass Single Test : [=>0,0]
if(FastMath.abs(functionValueAccuracy)<=functionValueAccuracy){
return initial;
}
double yMin=computeObjectiveValue(min);
if(FastMath.abs(yMin)<=functionValueAccuracy){
return min;
}

Time : 17/08/24 20:33
----------------------------------------
Timeout time : 17/08/24 20:35
Current failed test : org.apache.commons.math3.distribution.BinomialDistributionTest::testMath718 | 17/08/24 20:35
Thu Aug 24 20:36:57 AEST 2017 Thu Aug 24 20:36:57 AEST 2017 : org.apache.commons.math3.exception.MathIllegalStateException,45=>Find no block
Thu Aug 24 20:36:57 AEST 2017 org.apache.commons.math3.exception.MathIllegalStateException,46
Thu Aug 24 20:36:59 AEST 2017 org.apache.commons.math3.exception.MathIllegalStateException,47
Thu Aug 24 20:36:59 AEST 2017 Thu Aug 24 20:36:59 AEST 2017 : org.apache.commons.math3.exception.MathIllegalStateException,48=>Find no block
Thu Aug 24 20:36:59 AEST 2017 org.apache.commons.math3.exception.MathIllegalStateException,69
Thu Aug 24 20:37:02 AEST 2017 Thu Aug 24 20:37:02 AEST 2017 : org.apache.commons.math3.exception.MathIllegalStateException,70=>Find no block
Thu Aug 24 20:37:02 AEST 2017 org.apache.commons.math3.exception.MathIllegalStateException,74
Thu Aug 24 20:37:04 AEST 2017 org.apache.commons.math3.exception.MathIllegalStateException,80
Thu Aug 24 20:37:32 AEST 2017 org.apache.commons.math3.exception.MathIllegalStateException,86
Thu Aug 24 20:37:57 AEST 2017 org.apache.commons.math3.util.ContinuedFraction,177
Thu Aug 24 20:42:01 AEST 2017 Thu Aug 24 20:42:01 AEST 2017 : org.apache.commons.math3.exception.ConvergenceException,48=>Find no block
Thu Aug 24 20:42:01 AEST 2017 org.apache.commons.math3.exception.ConvergenceException,49
Thu Aug 24 20:42:37 AEST 2017 Thu Aug 24 20:42:37 AEST 2017 : org.apache.commons.math3.exception.ConvergenceException,50=>Find no block
Thu Aug 24 20:42:37 AEST 2017 org.apache.commons.math3.distribution.BinomialDistribution,114
Thu Aug 24 20:42:48 AEST 2017 org.apache.commons.math3.distribution.BinomialDistribution,124

----------------------------------------
----------------------------------------
Pass Single Test : [=>0,0]
 final double p=probabilityOfSuccess;
return (p*(1-p))/p;

Time : 17/08/24 20:43
----------------------------------------

----------------------------------------
----------------------------------------
Pass Single Test : [=>0,0]
 final double p=probabilityOfSuccess;
return probabilityOfSuccess*FastMath.pow(p,1/probabilityOfSuccess);

Time : 17/08/24 20:44
----------------------------------------
Thu Aug 24 20:46:53 AEST 2017 org.apache.commons.math3.distribution.BinomialDistribution,125
Thu Aug 24 20:46:53 AEST 2017 org.apache.commons.math3.distribution.BinomialDistribution,137
Thu Aug 24 20:47:38 AEST 2017 org.apache.commons.math3.distribution.BinomialDistribution,149
Thu Aug 24 20:48:21 AEST 2017 org.apache.commons.math3.distribution.BinomialDistribution,96
Thu Aug 24 20:50:06 AEST 2017 org.apache.commons.math3.distribution.BinomialDistribution,98
Thu Aug 24 20:50:07 AEST 2017 org.apache.commons.math3.distribution.BinomialDistribution,101
Thu Aug 24 20:50:07 AEST 2017 Thu Aug 24 20:50:07 AEST 2017 : org.apache.commons.math3.distribution.BinomialDistribution,49=>Find no block
Thu Aug 24 20:50:07 AEST 2017 org.apache.commons.math3.distribution.BinomialDistribution,50
Thu Aug 24 20:50:09 AEST 2017 org.apache.commons.math3.distribution.BinomialDistribution,54
Thu Aug 24 20:51:15 AEST 2017 org.apache.commons.math3.distribution.BinomialDistribution,58
Thu Aug 24 20:52:54 AEST 2017 org.apache.commons.math3.distribution.BinomialDistribution,59
Thu Aug 24 20:52:54 AEST 2017 Thu Aug 24 20:52:54 AEST 2017 : org.apache.commons.math3.distribution.BinomialDistribution,60=>Find no block
Thu Aug 24 20:52:54 AEST 2017 org.apache.commons.math3.distribution.AbstractIntegerDistribution,104
Thu Aug 24 21:05:39 AEST 2017 org.apache.commons.math3.distribution.AbstractIntegerDistribution,105
Thu Aug 24 21:05:39 AEST 2017 org.apache.commons.math3.distribution.AbstractIntegerDistribution,106
Thu Aug 24 21:05:39 AEST 2017 org.apache.commons.math3.distribution.AbstractIntegerDistribution,107
Thu Aug 24 21:05:39 AEST 2017 org.apache.commons.math3.distribution.AbstractIntegerDistribution,109
Thu Aug 24 21:05:39 AEST 2017 org.apache.commons.math3.distribution.AbstractIntegerDistribution,110
Thu Aug 24 21:05:39 AEST 2017 org.apache.commons.math3.distribution.AbstractIntegerDistribution,111
Thu Aug 24 21:05:40 AEST 2017 org.apache.commons.math3.distribution.AbstractIntegerDistribution,112
Thu Aug 24 21:05:40 AEST 2017 org.apache.commons.math3.distribution.AbstractIntegerDistribution,133
Thu Aug 24 21:09:03 AEST 2017 org.apache.commons.math3.distribution.AbstractIntegerDistribution,134
Thu Aug 24 21:09:03 AEST 2017 org.apache.commons.math3.distribution.AbstractIntegerDistribution,143
Thu Aug 24 21:09:03 AEST 2017 org.apache.commons.math3.distribution.AbstractIntegerDistribution,200
Thu Aug 24 21:10:38 AEST 2017 org.apache.commons.math3.distribution.AbstractIntegerDistribution,201
Thu Aug 24 21:10:38 AEST 2017 org.apache.commons.math3.distribution.AbstractIntegerDistribution,99

----------------------------------------
----------------------------------------
Pass Single Test : [=>0,0]
if(p==1.0){
return upper;
}
 final double mu=getNumericalMean();
 final double sigma=(mu<1.0E-15)?FastMath.sqrt(getNumericalVariance()):FastMath.pow(0.01/mu,1.0/upper);

Time : 17/08/24 21:12
----------------------------------------
Thu Aug 24 21:15:59 AEST 2017 org.apache.commons.math3.distribution.AbstractIntegerDistribution,100
Thu Aug 24 21:17:10 AEST 2017 org.apache.commons.math3.distribution.AbstractIntegerDistribution,101
Thu Aug 24 21:17:10 AEST 2017 org.apache.commons.math3.distribution.AbstractIntegerDistribution,103
Thu Aug 24 21:17:11 AEST 2017 org.apache.commons.math3.distribution.AbstractIntegerDistribution,116
Thu Aug 24 21:25:27 AEST 2017 org.apache.commons.math3.distribution.AbstractIntegerDistribution,132
Thu Aug 24 21:25:27 AEST 2017 org.apache.commons.math3.distribution.AbstractIntegerDistribution,79
Thu Aug 24 21:29:37 AEST 2017 org.apache.commons.math3.distribution.AbstractIntegerDistribution,80
Thu Aug 24 21:29:38 AEST 2017 org.apache.commons.math3.distribution.AbstractIntegerDistribution,83
Thu Aug 24 21:32:10 AEST 2017 org.apache.commons.math3.distribution.AbstractIntegerDistribution,88
Thu Aug 24 21:32:10 AEST 2017 org.apache.commons.math3.distribution.AbstractIntegerDistribution,92
Thu Aug 24 21:36:44 AEST 2017 org.apache.commons.math3.distribution.AbstractIntegerDistribution,93
Thu Aug 24 21:36:44 AEST 2017 Thu Aug 24 21:36:44 AEST 2017 : org.apache.commons.math3.util.ResizableDoubleArray,93=>Find no block
Thu Aug 24 21:36:44 AEST 2017 Thu Aug 24 21:36:44 AEST 2017 : org.apache.commons.math3.util.ResizableDoubleArray,103=>Find no block
Thu Aug 24 21:36:44 AEST 2017 Thu Aug 24 21:36:44 AEST 2017 : org.apache.commons.math3.util.ResizableDoubleArray,109=>Find no block
Thu Aug 24 21:36:45 AEST 2017 Thu Aug 24 21:36:45 AEST 2017 : org.apache.commons.math3.util.ResizableDoubleArray,115=>Find no block
Thu Aug 24 21:36:45 AEST 2017 Thu Aug 24 21:36:45 AEST 2017 : org.apache.commons.math3.util.ResizableDoubleArray,126=>Find no block
Thu Aug 24 21:36:45 AEST 2017 Thu Aug 24 21:36:45 AEST 2017 : org.apache.commons.math3.util.ResizableDoubleArray,134=>Find no block
Thu Aug 24 21:36:45 AEST 2017 Thu Aug 24 21:36:45 AEST 2017 : org.apache.commons.math3.util.ResizableDoubleArray,160=>Find no block
Thu Aug 24 21:36:45 AEST 2017 org.apache.commons.math3.util.ResizableDoubleArray,161
Thu Aug 24 21:40:25 AEST 2017 org.apache.commons.math3.util.ResizableDoubleArray,162
Thu Aug 24 21:40:25 AEST 2017 Thu Aug 24 21:40:25 AEST 2017 : org.apache.commons.math3.util.ResizableDoubleArray,163=>Find no block
Thu Aug 24 21:40:26 AEST 2017 org.apache.commons.math3.util.ResizableDoubleArray,301
Thu Aug 24 22:09:01 AEST 2017 org.apache.commons.math3.util.ResizableDoubleArray,302
Thu Aug 24 22:09:01 AEST 2017 org.apache.commons.math3.util.ResizableDoubleArray,303
Thu Aug 24 22:09:01 AEST 2017 org.apache.commons.math3.util.ResizableDoubleArray,305
Thu Aug 24 22:09:01 AEST 2017 org.apache.commons.math3.util.ResizableDoubleArray,306
Thu Aug 24 22:09:02 AEST 2017 org.apache.commons.math3.util.ResizableDoubleArray,307
Thu Aug 24 22:09:02 AEST 2017 Thu Aug 24 22:09:02 AEST 2017 : org.apache.commons.math3.util.ResizableDoubleArray,309=>Find no block
Thu Aug 24 22:09:02 AEST 2017 org.apache.commons.math3.util.ResizableDoubleArray,432
Thu Aug 24 22:19:06 AEST 2017 org.apache.commons.math3.util.ResizableDoubleArray,435
Thu Aug 24 22:19:06 AEST 2017 org.apache.commons.math3.util.ResizableDoubleArray,436
Thu Aug 24 22:19:06 AEST 2017 org.apache.commons.math3.util.ResizableDoubleArray,439
Thu Aug 24 22:19:07 AEST 2017 Thu Aug 24 22:19:07 AEST 2017 : org.apache.commons.math3.util.ResizableDoubleArray,440=>Find no block
Thu Aug 24 22:19:07 AEST 2017 org.apache.commons.math3.util.ResizableDoubleArray,532
Thu Aug 24 22:49:48 AEST 2017 org.apache.commons.math3.util.ResizableDoubleArray,533
Thu Aug 24 22:49:48 AEST 2017 org.apache.commons.math3.util.ResizableDoubleArray,534
Thu Aug 24 22:49:48 AEST 2017 org.apache.commons.math3.util.ResizableDoubleArray,538
Thu Aug 24 22:49:48 AEST 2017 org.apache.commons.math3.util.ResizableDoubleArray,541
Thu Aug 24 22:49:48 AEST 2017 org.apache.commons.math3.util.ResizableDoubleArray,542
Thu Aug 24 22:49:48 AEST 2017 Thu Aug 24 22:49:48 AEST 2017 : org.apache.commons.math3.util.ResizableDoubleArray,543=>Find no block
Thu Aug 24 22:49:48 AEST 2017 org.apache.commons.math3.util.ResizableDoubleArray,599
Thu Aug 24 22:53:59 AEST 2017 org.apache.commons.math3.util.ResizableDoubleArray,600
Thu Aug 24 22:54:00 AEST 2017 org.apache.commons.math3.util.ResizableDoubleArray,602
Thu Aug 24 22:54:00 AEST 2017 org.apache.commons.math3.util.ResizableDoubleArray,755
Thu Aug 24 22:54:02 AEST 2017 Thu Aug 24 22:54:02 AEST 2017 : org.apache.commons.math3.util.ResizableDoubleArray,756=>Find no block
Thu Aug 24 22:54:02 AEST 2017 org.apache.commons.math3.util.ResizableDoubleArray,757
Thu Aug 24 22:54:02 AEST 2017 Thu Aug 24 22:54:02 AEST 2017 : org.apache.commons.math3.util.ResizableDoubleArray,758=>Find no block
Thu Aug 24 22:54:02 AEST 2017 Thu Aug 24 22:54:02 AEST 2017 : org.apache.commons.math3.util.ResizableDoubleArray,764=>Find no block
Thu Aug 24 22:54:02 AEST 2017 org.apache.commons.math3.util.ResizableDoubleArray,800
Timeout time : 17/08/24 23:06
