=================================================
Project : math_35	start : 17/08/23 09:39
Current failed test : org.apache.commons.math3.genetics.ElitisticListPopulationTest::testChromosomeListConstructorTooHigh | 17/08/23 09:39
Wed Aug 23 09:40:08 AEST 2017 org.apache.commons.math3.genetics.ElitisticListPopulation,50

----------------------------------------
----------------------------------------
Pass Single Test : [=>0,0]
super(chromosomes,populationLimit);
if(elitismRate<0||elitismRate>1){
throw new OutOfRangeException(LocalizedFormats.ELITISM_RATE,elitismRate,0,1);
}
this.elitismRate=elitismRate;

Time : 17/08/23 09:40
----------------------------------------

----------------------------------------
----------------------------------------
Similar code block : 1.1195324975698817 : [/home/similarfix/d4j/projects/math/math_35_buggy/src/main/java/org/apache/commons/math3/genetics/ElitisticListPopulation.java=>0,0]
if(elitismRate<0||elitismRate>1){
throw new OutOfRangeException(LocalizedFormats.ELITISM_RATE,elitismRate,0,1);
}
this.elitismRate=elitismRate;

Time : 17/08/23 09:42
----------------------------------------

----------------------------------------
----------------------------------------
Original source code : [/home/similarfix/d4j/projects/math/math_35_buggy/src/main/java/org/apache/commons/math3/genetics/ElitisticListPopulation.java=>50,51]
super(chromosomes,populationLimit);
this.elitismRate=elitismRate;

Time : 17/08/23 09:42
----------------------------------------

----------------------------------------
----------------------------------------
Find a patch : [/home/similarfix/d4j/projects/math/math_35_buggy/src/main/java/org/apache/commons/math3/genetics/ElitisticListPopulation.java=>50,51]
super(chromosomes,populationLimit);
if(elitismRate<0||elitismRate>1){
throw new OutOfRangeException(LocalizedFormats.ELITISM_RATE,elitismRate,0,1);
}
this.elitismRate=elitismRate;

Time : 17/08/23 09:42
----------------------------------------
Success time : 17/08/23 09:42
Current failed test : org.apache.commons.math3.genetics.ElitisticListPopulationTest::testConstructorTooHigh | 17/08/23 09:42
Wed Aug 23 09:42:53 AEST 2017 Wed Aug 23 09:42:53 AEST 2017 : org.apache.commons.math3.genetics.ElitisticListPopulation,36=>Find no block
Wed Aug 23 09:42:53 AEST 2017 org.apache.commons.math3.genetics.ElitisticListPopulation,64

----------------------------------------
----------------------------------------
Pass Single Test : [=>0,0]
super(populationLimit);
if(elitismRate<0||elitismRate>1){
throw new OutOfRangeException(LocalizedFormats.ELITISM_RATE,elitismRate,0,1);
}
this.elitismRate=elitismRate;

Time : 17/08/23 09:43
----------------------------------------

----------------------------------------
----------------------------------------
Similar code block : 1.1673083711820307 : [/home/similarfix/d4j/projects/math/math_35_buggy/src/main/java/org/apache/commons/math3/genetics/ElitisticListPopulation.java=>0,0]
if(elitismRate<0||elitismRate>1){
throw new OutOfRangeException(LocalizedFormats.ELITISM_RATE,elitismRate,0,1);
}
this.elitismRate=elitismRate;

Time : 17/08/23 09:44
----------------------------------------

----------------------------------------
----------------------------------------
Original source code : [/home/similarfix/d4j/projects/math/math_35_buggy/src/main/java/org/apache/commons/math3/genetics/ElitisticListPopulation.java=>64,65]
super(populationLimit);
this.elitismRate=elitismRate;

Time : 17/08/23 09:44
----------------------------------------

----------------------------------------
----------------------------------------
Find a patch : [/home/similarfix/d4j/projects/math/math_35_buggy/src/main/java/org/apache/commons/math3/genetics/ElitisticListPopulation.java=>64,65]
super(populationLimit);
if(elitismRate<0||elitismRate>1){
throw new OutOfRangeException(LocalizedFormats.ELITISM_RATE,elitismRate,0,1);
}
this.elitismRate=elitismRate;

Time : 17/08/23 09:44
----------------------------------------
Success time : 17/08/23 09:44
Current failed test : org.apache.commons.math3.genetics.ElitisticListPopulationTest::testChromosomeListConstructorTooLow | 17/08/23 09:44
Already fixed : org.apache.commons.math3.genetics.ElitisticListPopulationTest::testChromosomeListConstructorTooLow
Current failed test : org.apache.commons.math3.genetics.ElitisticListPopulationTest::testConstructorTooLow | 17/08/23 09:44
Already fixed : org.apache.commons.math3.genetics.ElitisticListPopulationTest::testConstructorTooLow
