=================================================
Project : math_47	start : 17/08/24 05:12
Current failed test : org.apache.commons.math.complex.ComplexTest::testAtanI | 17/08/24 05:12
Thu Aug 24 05:13:29 AEST 2017 org.apache.commons.math.complex.Complex,1179
Thu Aug 24 05:13:40 AEST 2017 org.apache.commons.math.util.FastMath,2991
Thu Aug 24 05:16:44 AEST 2017 org.apache.commons.math.util.FastMath,2994
Thu Aug 24 05:16:45 AEST 2017 org.apache.commons.math.complex.Complex,257
Thu Aug 24 05:16:47 AEST 2017 org.apache.commons.math.complex.Complex,583
Thu Aug 24 05:18:10 AEST 2017 org.apache.commons.math.complex.Complex,579
Thu Aug 24 05:18:12 AEST 2017 org.apache.commons.math.complex.Complex,268
Thu Aug 24 05:30:28 AEST 2017 org.apache.commons.math.complex.Complex,269
Thu Aug 24 05:30:28 AEST 2017 org.apache.commons.math.complex.Complex,270
Thu Aug 24 05:30:28 AEST 2017 org.apache.commons.math.util.FastMath,1315
Thu Aug 24 06:05:13 AEST 2017 org.apache.commons.math.complex.Complex,747
Thu Aug 24 06:05:13 AEST 2017 org.apache.commons.math.util.FastMath,2990
Thu Aug 24 06:16:36 AEST 2017 org.apache.commons.math.util.FastMath,2997
Thu Aug 24 06:16:36 AEST 2017 org.apache.commons.math.util.FastMath,2978
Thu Aug 24 06:24:58 AEST 2017 org.apache.commons.math.util.FastMath,2979
Thu Aug 24 06:24:58 AEST 2017 org.apache.commons.math.util.FastMath,2980
Thu Aug 24 06:44:27 AEST 2017 org.apache.commons.math.util.FastMath,2982
Thu Aug 24 06:44:27 AEST 2017 org.apache.commons.math.complex.Complex,273
Thu Aug 24 06:44:28 AEST 2017 org.apache.commons.math.complex.Complex,274
Thu Aug 24 06:44:28 AEST 2017 org.apache.commons.math.complex.Complex,275
Thu Aug 24 06:44:28 AEST 2017 org.apache.commons.math.util.FastMath,1429
Thu Aug 24 06:46:00 AEST 2017 org.apache.commons.math.util.FastMath,1430
Thu Aug 24 06:46:00 AEST 2017 org.apache.commons.math.util.FastMath,1431
Thu Aug 24 06:48:30 AEST 2017 org.apache.commons.math.util.FastMath,1432
Thu Aug 24 06:50:53 AEST 2017 org.apache.commons.math.util.FastMath,1433
Thu Aug 24 06:54:22 AEST 2017 org.apache.commons.math.util.FastMath,1434
Thu Aug 24 06:56:13 AEST 2017 org.apache.commons.math.util.FastMath,1435
Thu Aug 24 06:56:13 AEST 2017 org.apache.commons.math.complex.Complex,260
Thu Aug 24 06:56:15 AEST 2017 org.apache.commons.math.complex.Complex,264
Thu Aug 24 06:56:42 AEST 2017 org.apache.commons.math.complex.Complex,265
Thu Aug 24 07:07:05 AEST 2017 org.apache.commons.math.complex.Complex,267
Thu Aug 24 07:07:05 AEST 2017 org.apache.commons.math.complex.Complex,419
Thu Aug 24 07:07:42 AEST 2017 org.apache.commons.math.complex.Complex,256
Thu Aug 24 07:07:42 AEST 2017 org.apache.commons.math.util.FastMath,1256
Thu Aug 24 07:08:21 AEST 2017 org.apache.commons.math.util.FastMath,1362
Thu Aug 24 07:09:20 AEST 2017 org.apache.commons.math.util.FastMath,1373
Thu Aug 24 07:09:21 AEST 2017 org.apache.commons.math.util.FastMath,1375
Thu Aug 24 07:10:27 AEST 2017 org.apache.commons.math.util.FastMath,1376
Thu Aug 24 07:10:27 AEST 2017 org.apache.commons.math.util.FastMath,1378
Thu Aug 24 07:38:39 AEST 2017 org.apache.commons.math.util.FastMath,1452
Thu Aug 24 07:41:25 AEST 2017 org.apache.commons.math.util.FastMath,1453
Thu Aug 24 07:41:26 AEST 2017 org.apache.commons.math.util.FastMath,1454
Timeout time : 17/08/24 07:43
Current failed test : org.apache.commons.math.complex.ComplexTest::testDivideZero | 17/08/24 07:43
Thu Aug 24 07:44:04 AEST 2017 org.apache.commons.math.complex.Complex,1179
Thu Aug 24 07:44:14 AEST 2017 org.apache.commons.math.complex.Complex,257
Thu Aug 24 07:44:17 AEST 2017 org.apache.commons.math.complex.Complex,256
Thu Aug 24 07:44:17 AEST 2017 org.apache.commons.math.complex.Complex,251
Thu Aug 24 07:45:41 AEST 2017 org.apache.commons.math.complex.Complex,252
Thu Aug 24 07:46:19 AEST 2017 org.apache.commons.math.complex.Complex,327
Thu Aug 24 07:46:43 AEST 2017 org.apache.commons.math.complex.Complex,323
Thu Aug 24 07:47:53 AEST 2017 org.apache.commons.math.complex.Complex,324
Thu Aug 24 07:47:53 AEST 2017 org.apache.commons.math.complex.Complex,322
Thu Aug 24 07:47:53 AEST 2017 org.apache.commons.math.complex.Complex,319

----------------------------------------
----------------------------------------
Pass Single Test : [=>0,0]
if(this!=other){
return true;
}

Time : 17/08/24 07:48
----------------------------------------

----------------------------------------
----------------------------------------
Pass Single Test : [=>0,0]
if(this!=null){
return true;
}

Time : 17/08/24 07:50
----------------------------------------
Thu Aug 24 07:51:29 AEST 2017 Thu Aug 24 07:51:29 AEST 2017 : org.apache.commons.math.util.MathUtils,2337=>Find no block
Thu Aug 24 07:51:29 AEST 2017 org.apache.commons.math.util.MathUtils,2334
Thu Aug 24 07:51:31 AEST 2017 org.apache.commons.math.complex.Complex,364
Thu Aug 24 07:52:02 AEST 2017 org.apache.commons.math.complex.Complex,355
Thu Aug 24 07:52:33 AEST 2017 Thu Aug 24 07:52:33 AEST 2017 : org.apache.commons.math.complex.Complex,98=>Find no block
Thu Aug 24 07:52:33 AEST 2017 org.apache.commons.math.complex.Complex,99

----------------------------------------
----------------------------------------
Pass Single Test : [=>0,0]
this.real=real;
this.imaginary=imaginary;
isNaN=Double.isInfinite(imaginary)||Double.isNaN(imaginary);
isInfinite=!isNaN&&(Double.isInfinite(real)||Double.isInfinite(imaginary));

Time : 17/08/24 07:53
----------------------------------------

----------------------------------------
----------------------------------------
Pass Single Test : [=>0,0]
this.real=real;
this.imaginary=imaginary;
isNaN=Double.isNaN(real)||Double.isInfinite(real);
isInfinite=!isNaN&&(Double.isInfinite(real)||Double.isInfinite(imaginary));

Time : 17/08/24 07:54
----------------------------------------

----------------------------------------
----------------------------------------
Pass Single Test : [=>0,0]
this.real=real;
this.imaginary=imaginary;
isNaN=Double.isInfinite(real)||Double.isNaN(imaginary);
isInfinite=!isNaN&&(Double.isInfinite(real)||Double.isInfinite(imaginary));

Time : 17/08/24 07:55
----------------------------------------

----------------------------------------
----------------------------------------
Pass Single Test : [=>0,0]
this.real=real;
this.imaginary=imaginary;
isNaN=Double.isNaN(real)||Double.isInfinite(imaginary);
isInfinite=!isNaN&&(Double.isInfinite(real)||Double.isInfinite(imaginary));

Time : 17/08/24 07:57
----------------------------------------
Thu Aug 24 07:59:05 AEST 2017 org.apache.commons.math.complex.Complex,100
Thu Aug 24 07:59:05 AEST 2017 org.apache.commons.math.complex.Complex,102
Thu Aug 24 07:59:05 AEST 2017 org.apache.commons.math.complex.Complex,103
Thu Aug 24 07:59:05 AEST 2017 Thu Aug 24 07:59:05 AEST 2017 : org.apache.commons.math.complex.Complex,105=>Find no block
Thu Aug 24 07:59:05 AEST 2017 Thu Aug 24 07:59:05 AEST 2017 : org.apache.commons.math.util.MathUtils,2229=>Find no block
Thu Aug 24 07:59:05 AEST 2017 Thu Aug 24 07:59:05 AEST 2017 : org.apache.commons.math.util.MathUtils,2233=>Find no block
Thu Aug 24 07:59:05 AEST 2017 org.apache.commons.math.util.MathUtils,2235
Thu Aug 24 07:59:08 AEST 2017 org.apache.commons.math.util.MathUtils,2236
Thu Aug 24 07:59:12 AEST 2017 org.apache.commons.math.util.MathUtils,2238
Thu Aug 24 07:59:14 AEST 2017 org.apache.commons.math.util.MathUtils,2239
Thu Aug 24 07:59:18 AEST 2017 org.apache.commons.math.util.MathUtils,2242
Thu Aug 24 07:59:20 AEST 2017 org.apache.commons.math.util.MathUtils,2244
Thu Aug 24 07:59:22 AEST 2017 org.apache.commons.math.util.MathUtils,101
Thu Aug 24 07:59:24 AEST 2017 Thu Aug 24 07:59:24 AEST 2017 : org.apache.commons.math.util.MathUtils,102=>Find no block
Thu Aug 24 07:59:24 AEST 2017 org.apache.commons.math.util.MathUtils,115
Thu Aug 24 08:00:41 AEST 2017 org.apache.commons.math.util.MathUtils,116
Thu Aug 24 08:02:50 AEST 2017 org.apache.commons.math.util.MathUtils,117
Thu Aug 24 08:02:50 AEST 2017 org.apache.commons.math.util.MathUtils,119
Thu Aug 24 08:02:50 AEST 2017 org.apache.commons.math.util.MathUtils,133
Thu Aug 24 08:02:53 AEST 2017 org.apache.commons.math.util.MathUtils,149
Thu Aug 24 08:08:07 AEST 2017 org.apache.commons.math.util.MathUtils,151
Thu Aug 24 08:08:10 AEST 2017 org.apache.commons.math.util.MathUtils,155
Thu Aug 24 08:08:10 AEST 2017 org.apache.commons.math.util.MathUtils,156
Thu Aug 24 08:08:10 AEST 2017 org.apache.commons.math.util.MathUtils,158
Thu Aug 24 08:08:10 AEST 2017 org.apache.commons.math.util.MathUtils,159
Thu Aug 24 08:08:10 AEST 2017 org.apache.commons.math.util.MathUtils,161
Thu Aug 24 08:08:10 AEST 2017 org.apache.commons.math.util.MathUtils,165
Thu Aug 24 08:08:10 AEST 2017 org.apache.commons.math.util.MathUtils,172
Thu Aug 24 08:08:10 AEST 2017 org.apache.commons.math.util.MathUtils,173
Thu Aug 24 08:08:10 AEST 2017 org.apache.commons.math.util.MathUtils,175
Thu Aug 24 08:08:11 AEST 2017 org.apache.commons.math.util.MathUtils,179
Thu Aug 24 08:09:17 AEST 2017 org.apache.commons.math.util.MathUtils,208
Thu Aug 24 08:20:00 AEST 2017 org.apache.commons.math.util.MathUtils,209
Thu Aug 24 08:30:28 AEST 2017 org.apache.commons.math.util.MathUtils,210
Thu Aug 24 08:30:28 AEST 2017 org.apache.commons.math.util.MathUtils,212
Thu Aug 24 08:42:19 AEST 2017 org.apache.commons.math.util.MathUtils,213
Thu Aug 24 08:42:19 AEST 2017 org.apache.commons.math.util.MathUtils,216
Thu Aug 24 08:49:56 AEST 2017 org.apache.commons.math.util.MathUtils,217
Thu Aug 24 08:49:57 AEST 2017 org.apache.commons.math.util.MathUtils,225
Thu Aug 24 09:00:31 AEST 2017 org.apache.commons.math.util.MathUtils,226
Thu Aug 24 09:58:22 AEST 2017 org.apache.commons.math.util.MathUtils,228
Thu Aug 24 10:09:44 AEST 2017 org.apache.commons.math.util.MathUtils,229
Thu Aug 24 10:09:44 AEST 2017 org.apache.commons.math.util.MathUtils,230
Thu Aug 24 10:09:45 AEST 2017 org.apache.commons.math.util.MathUtils,231
Thu Aug 24 10:09:45 AEST 2017 org.apache.commons.math.util.MathUtils,233
Thu Aug 24 10:09:45 AEST 2017 org.apache.commons.math.util.MathUtils,236
Timeout time : 17/08/24 10:14
