=================================================
Project : math_54	start : 17/08/24 05:17
Current failed test : org.apache.commons.math.dfp.DfpTest::testIssue567_purify_1 | 17/08/24 05:18
Thu Aug 24 05:24:36 AEST 2017 org.apache.commons.math.dfp.DfpField,226
Thu Aug 24 05:26:01 AEST 2017 org.apache.commons.math.dfp.DfpField,227
Thu Aug 24 05:26:02 AEST 2017 org.apache.commons.math.dfp.DfpField,228
Thu Aug 24 05:27:36 AEST 2017 org.apache.commons.math.dfp.DfpField,229
Thu Aug 24 05:28:22 AEST 2017 org.apache.commons.math.dfp.DfpField,230
Thu Aug 24 05:29:17 AEST 2017 org.apache.commons.math.dfp.DfpField,231
Thu Aug 24 05:30:09 AEST 2017 org.apache.commons.math.dfp.DfpField,232
Thu Aug 24 05:31:00 AEST 2017 org.apache.commons.math.dfp.DfpField,233
Thu Aug 24 05:32:22 AEST 2017 org.apache.commons.math.dfp.DfpField,234
Thu Aug 24 05:33:12 AEST 2017 org.apache.commons.math.dfp.DfpField,235
Thu Aug 24 05:34:04 AEST 2017 org.apache.commons.math.dfp.DfpField,236
Thu Aug 24 05:34:52 AEST 2017 org.apache.commons.math.dfp.DfpField,237
Thu Aug 24 05:35:23 AEST 2017 org.apache.commons.math.dfp.DfpField,238
Thu Aug 24 05:35:49 AEST 2017 org.apache.commons.math.dfp.DfpField,239
Thu Aug 24 05:35:50 AEST 2017 org.apache.commons.math.dfp.DfpField,573
Thu Aug 24 05:35:53 AEST 2017 org.apache.commons.math.dfp.DfpField,574
Thu Aug 24 05:35:54 AEST 2017 org.apache.commons.math.dfp.DfpField,575
Thu Aug 24 05:35:58 AEST 2017 org.apache.commons.math.dfp.DfpField,576
Thu Aug 24 05:36:46 AEST 2017 org.apache.commons.math.dfp.DfpField,578
Thu Aug 24 05:40:22 AEST 2017 org.apache.commons.math.dfp.DfpField,579
Thu Aug 24 05:44:02 AEST 2017 org.apache.commons.math.dfp.DfpField,580
Thu Aug 24 05:45:54 AEST 2017 org.apache.commons.math.dfp.DfpField,582
Thu Aug 24 05:48:01 AEST 2017 org.apache.commons.math.dfp.DfpField,583
Thu Aug 24 05:50:18 AEST 2017 org.apache.commons.math.dfp.DfpField,584
Thu Aug 24 05:51:30 AEST 2017 org.apache.commons.math.dfp.DfpField,586
Thu Aug 24 05:52:34 AEST 2017 org.apache.commons.math.dfp.DfpField,587
Thu Aug 24 05:53:57 AEST 2017 org.apache.commons.math.dfp.DfpField,588
Thu Aug 24 05:55:05 AEST 2017 org.apache.commons.math.dfp.DfpField,589
Thu Aug 24 05:55:49 AEST 2017 org.apache.commons.math.dfp.DfpField,590
Thu Aug 24 05:55:50 AEST 2017 org.apache.commons.math.dfp.DfpField,603
Thu Aug 24 05:58:26 AEST 2017 org.apache.commons.math.dfp.DfpField,604
Thu Aug 24 05:58:27 AEST 2017 org.apache.commons.math.dfp.DfpField,605
Thu Aug 24 06:02:25 AEST 2017 org.apache.commons.math.dfp.DfpField,606
Thu Aug 24 06:06:26 AEST 2017 org.apache.commons.math.dfp.DfpField,607
Thu Aug 24 06:06:27 AEST 2017 org.apache.commons.math.dfp.DfpField,615
Thu Aug 24 06:35:59 AEST 2017 org.apache.commons.math.dfp.DfpField,616
Thu Aug 24 06:39:42 AEST 2017 org.apache.commons.math.dfp.DfpField,618
Thu Aug 24 06:39:42 AEST 2017 org.apache.commons.math.dfp.DfpField,619
Thu Aug 24 06:42:26 AEST 2017 org.apache.commons.math.dfp.DfpField,620
Thu Aug 24 06:45:15 AEST 2017 org.apache.commons.math.dfp.DfpField,621
Thu Aug 24 06:50:55 AEST 2017 org.apache.commons.math.dfp.DfpField,623
Thu Aug 24 06:55:57 AEST 2017 org.apache.commons.math.dfp.DfpField,625
Thu Aug 24 07:00:44 AEST 2017 org.apache.commons.math.dfp.DfpField,626
Timeout time : 17/08/24 07:04
Current failed test : org.apache.commons.math.dfp.DfpTest::testIssue567_purify_2 | 17/08/24 07:04
Thu Aug 24 07:10:41 AEST 2017 org.apache.commons.math.dfp.Dfp,273
Thu Aug 24 07:14:07 AEST 2017 org.apache.commons.math.dfp.Dfp,271
Thu Aug 24 07:14:09 AEST 2017 org.apache.commons.math.dfp.DfpField,226
Thu Aug 24 07:15:42 AEST 2017 org.apache.commons.math.dfp.DfpField,227
Thu Aug 24 07:15:44 AEST 2017 org.apache.commons.math.dfp.DfpField,228
Thu Aug 24 07:17:17 AEST 2017 org.apache.commons.math.dfp.DfpField,229
Thu Aug 24 07:18:13 AEST 2017 org.apache.commons.math.dfp.DfpField,230
Thu Aug 24 07:18:57 AEST 2017 org.apache.commons.math.dfp.DfpField,231
Thu Aug 24 07:19:43 AEST 2017 org.apache.commons.math.dfp.DfpField,232
Thu Aug 24 07:20:27 AEST 2017 org.apache.commons.math.dfp.DfpField,233
Thu Aug 24 07:21:43 AEST 2017 org.apache.commons.math.dfp.DfpField,234
Thu Aug 24 07:22:29 AEST 2017 org.apache.commons.math.dfp.DfpField,235
Thu Aug 24 07:23:14 AEST 2017 org.apache.commons.math.dfp.DfpField,236
Thu Aug 24 07:23:58 AEST 2017 org.apache.commons.math.dfp.DfpField,237
Thu Aug 24 07:24:23 AEST 2017 org.apache.commons.math.dfp.DfpField,238
Thu Aug 24 07:24:47 AEST 2017 org.apache.commons.math.dfp.DfpField,239
Thu Aug 24 07:24:48 AEST 2017 org.apache.commons.math.dfp.DfpField,573
Thu Aug 24 07:24:52 AEST 2017 org.apache.commons.math.dfp.DfpField,574
Thu Aug 24 07:24:53 AEST 2017 org.apache.commons.math.dfp.DfpField,575
Thu Aug 24 07:24:56 AEST 2017 org.apache.commons.math.dfp.DfpField,576
Thu Aug 24 07:25:43 AEST 2017 org.apache.commons.math.dfp.DfpField,578
Thu Aug 24 07:29:01 AEST 2017 org.apache.commons.math.dfp.DfpField,579
Thu Aug 24 07:31:53 AEST 2017 org.apache.commons.math.dfp.DfpField,580
Thu Aug 24 07:33:44 AEST 2017 org.apache.commons.math.dfp.DfpField,582
Thu Aug 24 07:35:51 AEST 2017 org.apache.commons.math.dfp.DfpField,583
Thu Aug 24 07:38:04 AEST 2017 org.apache.commons.math.dfp.DfpField,584
Thu Aug 24 07:39:15 AEST 2017 org.apache.commons.math.dfp.DfpField,586
Thu Aug 24 07:40:17 AEST 2017 org.apache.commons.math.dfp.DfpField,587
Thu Aug 24 07:41:26 AEST 2017 org.apache.commons.math.dfp.DfpField,588
Thu Aug 24 07:42:31 AEST 2017 org.apache.commons.math.dfp.DfpField,589
Thu Aug 24 07:43:13 AEST 2017 org.apache.commons.math.dfp.DfpField,590
Thu Aug 24 07:43:14 AEST 2017 org.apache.commons.math.dfp.DfpField,603
Thu Aug 24 07:45:50 AEST 2017 org.apache.commons.math.dfp.DfpField,604
Thu Aug 24 07:45:51 AEST 2017 org.apache.commons.math.dfp.DfpField,605
Thu Aug 24 07:49:48 AEST 2017 org.apache.commons.math.dfp.DfpField,606
Thu Aug 24 07:53:48 AEST 2017 org.apache.commons.math.dfp.DfpField,607
Thu Aug 24 07:53:49 AEST 2017 org.apache.commons.math.dfp.DfpField,615
Thu Aug 24 08:23:35 AEST 2017 org.apache.commons.math.dfp.DfpField,616
Thu Aug 24 08:27:14 AEST 2017 org.apache.commons.math.dfp.DfpField,618
Thu Aug 24 08:27:15 AEST 2017 org.apache.commons.math.dfp.DfpField,619
Thu Aug 24 08:29:59 AEST 2017 org.apache.commons.math.dfp.DfpField,620
Thu Aug 24 08:32:49 AEST 2017 org.apache.commons.math.dfp.DfpField,621
Thu Aug 24 08:38:35 AEST 2017 org.apache.commons.math.dfp.DfpField,623
Thu Aug 24 08:43:32 AEST 2017 org.apache.commons.math.dfp.DfpField,625
Thu Aug 24 08:48:20 AEST 2017 org.apache.commons.math.dfp.DfpField,626
Timeout time : 17/08/24 08:50
Current failed test : org.apache.commons.math.dfp.DfpTest::testIssue567_purify_4 | 17/08/24 08:50
Thu Aug 24 08:56:45 AEST 2017 org.apache.commons.math.util.FastMath,3996

----------------------------------------
----------------------------------------
Pass Single Test : [=>0,0]
if(m<Integer.MIN_VALUE||m>Integer.MAX_VALUE){
return magnitude;
}

Time : 17/08/24 08:57
----------------------------------------

----------------------------------------
----------------------------------------
Pass Single Test : [=>0,0]
if((m>=0&&s>=0)||m>Integer.MAX_VALUE){
return magnitude;
}

Time : 17/08/24 08:58
----------------------------------------

----------------------------------------
----------------------------------------
Pass Single Test : [=>0,0]
if(s<Integer.MIN_VALUE||s>Integer.MAX_VALUE){
return magnitude;
}

Time : 17/08/24 08:59
----------------------------------------

----------------------------------------
----------------------------------------
Pass Single Test : [=>0,0]
if(s<Integer.MIN_VALUE||(m<0&&s<0)){
return magnitude;
}

Time : 17/08/24 09:01
----------------------------------------

----------------------------------------
----------------------------------------
Pass Single Test : [=>0,0]
long m=Double.doubleToLongBits(sign);
long s=Double.doubleToLongBits(sign);
if((m>=0&&s>=0)||(m<0&&s<0)){
return magnitude;
}
return -magnitude;

Time : 17/08/24 09:02
----------------------------------------

----------------------------------------
----------------------------------------
Pass Single Test : [=>0,0]
if(sign==0){
return Double.NEGATIVE_INFINITY;
}
long m=Double.doubleToLongBits(sign);
long s=Double.doubleToLongBits(sign);
if((m>=0&&s>=0)||(m<0&&s<0)){
return magnitude;
}
return -magnitude;

Time : 17/08/24 09:04
----------------------------------------

----------------------------------------
----------------------------------------
Pass Single Test : [=>0,0]
long m=Double.doubleToLongBits(sign);
long s=Double.doubleToLongBits(sign);
if((m>=0&&s>=0)||(m<0&&s<0)){
if(E<0&&E==m&&(m&1)==1){
return -0.0;
}
return magnitude;
}
return -magnitude;

Time : 17/08/24 09:05
----------------------------------------

----------------------------------------
----------------------------------------
Pass Single Test : [=>0,0]
long m=Double.doubleToLongBits(sign);
long s=Double.doubleToLongBits(sign);
if((m>=0&&s>=0)||(m<0&&s<0)){
if(E>0&&E==m&&(m&1)==1){
return -0.0;
}
return magnitude;
}
return -magnitude;

Time : 17/08/24 09:07
----------------------------------------

----------------------------------------
----------------------------------------
Pass Single Test : [=>0,0]
long m=Double.doubleToLongBits(sign);
long s=Double.doubleToLongBits(sign);
if((m>=0&&s>=0)||(m<0&&s<0)){
if(E<0&&E==m&&(m&1)==1){
return -0.0;
}
if(E>0&&E==m&&(m&1)==1){
return -0.0;
}

return magnitude;
}
return -magnitude;

Time : 17/08/24 09:08
----------------------------------------

----------------------------------------
----------------------------------------
Pass Single Test : [=>0,0]
long m=Double.doubleToLongBits(sign);
long s=Double.doubleToLongBits(sign);
if((m>=0&&s>=0)||(m<0&&s<0)){
if(E<0&&E==m&&(m&1)==1){
return -0.0;
}
if(E>0&&E==m&&(m&1)==1){
return -0.0;
}
return magnitude;
}
return -magnitude;

Time : 17/08/24 09:10
----------------------------------------

----------------------------------------
----------------------------------------
Pass Single Test : [=>0,0]
long m=Double.doubleToLongBits(sign);
long s=Double.doubleToLongBits(sign);
if((m>=0&&s>=0)||(m<0&&s<0)){
if(E<0&&E==m&&(m&1)==1){
return -0.0;
}
if(E<0&&E==m&&(m&1)==1){
return -0.0;
}
if(E>0&&E==m&&(m&1)==1){
return -0.0;
}

return magnitude;
}
return -magnitude;

Time : 17/08/24 09:11
----------------------------------------

----------------------------------------
----------------------------------------
Pass Single Test : [=>0,0]
long m=Double.doubleToLongBits(sign);
long s=Double.doubleToLongBits(sign);
if((m>=0&&s>=0)||(m<0&&s<0)){
if(E>0&&E==m&&(m&1)==1){
return -0.0;
}
if(E<0&&E==m&&(m&1)==1){
return -0.0;
}
if(E>0&&E==m&&(m&1)==1){
return -0.0;
}

return magnitude;
}
return -magnitude;

Time : 17/08/24 09:12
----------------------------------------

----------------------------------------
----------------------------------------
Pass Single Test : [=>0,0]
long m=Double.doubleToLongBits(sign);
long s=Double.doubleToLongBits(sign);
if((m>=0&&s>=0)||(m<0&&s<0)){
if(E<0&&E==m&&(m&1)==1){
return -0.0;
}
if(E>0&&E==m&&(m&1)==1){
return -0.0;
}
if(E<0&&E==m&&(m&1)==1){
return -0.0;
}
if(E>0&&E==m&&(m&1)==1){
return -0.0;
}

return magnitude;
}
return -magnitude;

Time : 17/08/24 09:13
----------------------------------------

----------------------------------------
----------------------------------------
Pass Single Test : [=>0,0]
long m=Double.doubleToLongBits(magnitude);
long s=Double.doubleToLongBits(sign);
if(m<Integer.MIN_VALUE||m>Integer.MAX_VALUE){
return magnitude;
}
return -magnitude;

Time : 17/08/24 09:15
----------------------------------------

----------------------------------------
----------------------------------------
Pass Single Test : [=>0,0]
long m=Double.doubleToLongBits(magnitude);
long s=Double.doubleToLongBits(sign);
if((m>=0&&s>=0)||m>Integer.MAX_VALUE){
return magnitude;
}
return -magnitude;

Time : 17/08/24 09:16
----------------------------------------

----------------------------------------
----------------------------------------
Pass Single Test : [=>0,0]
long m=Double.doubleToLongBits(magnitude);
long s=Double.doubleToLongBits(sign);
if(s<Integer.MIN_VALUE||s>Integer.MAX_VALUE){
return magnitude;
}
return -magnitude;

Time : 17/08/24 09:17
----------------------------------------

----------------------------------------
----------------------------------------
Pass Single Test : [=>0,0]
long m=Double.doubleToLongBits(magnitude);
long s=Double.doubleToLongBits(sign);
if(s<Integer.MIN_VALUE||(m<0&&s<0)){
return magnitude;
}
return -magnitude;

Time : 17/08/24 09:19
----------------------------------------
Thu Aug 24 09:20:17 AEST 2017 org.apache.commons.math.util.FastMath,3997
Thu Aug 24 09:20:18 AEST 2017 org.apache.commons.math.util.FastMath,3998
Thu Aug 24 09:20:19 AEST 2017 org.apache.commons.math.util.FastMath,4001
Thu Aug 24 09:20:20 AEST 2017 org.apache.commons.math.dfp.Dfp,273
Thu Aug 24 09:23:36 AEST 2017 org.apache.commons.math.dfp.Dfp,271
Thu Aug 24 09:23:37 AEST 2017 org.apache.commons.math.dfp.Dfp,2119

----------------------------------------
----------------------------------------
Pass Single Test : [=>0,0]
if(nans<0){
buffer[--q]='-';
}

Time : 17/08/24 09:26
----------------------------------------

----------------------------------------
----------------------------------------
Pass Single Test : [=>0,0]
if(INFINITE<0){
buffer[--q]='-';
}

Time : 17/08/24 09:27
----------------------------------------

----------------------------------------
----------------------------------------
Pass Single Test : [=>0,0]
if(q<0){
buffer[--q]='-';
}

Time : 17/08/24 09:29
----------------------------------------

----------------------------------------
----------------------------------------
Pass Single Test : [=>0,0]
if(FINITE<0){
buffer[--q]='-';
}

Time : 17/08/24 09:30
----------------------------------------

----------------------------------------
----------------------------------------
Pass Single Test : [=>0,0]
if(exp<0){
buffer[--q]='-';
}

Time : 17/08/24 09:32
----------------------------------------

----------------------------------------
----------------------------------------
Pass Single Test : [=>0,0]
if(sign<MIN_EXP){
buffer[--q]='-';
}

Time : 17/08/24 09:33
----------------------------------------

----------------------------------------
----------------------------------------
Pass Single Test : [=>0,0]
if(exp<MIN_EXP){
buffer[--q]='-';
}

Time : 17/08/24 09:34
----------------------------------------
Thu Aug 24 09:36:02 AEST 2017 org.apache.commons.math.dfp.Dfp,1773
Thu Aug 24 10:06:55 AEST 2017 org.apache.commons.math.dfp.Dfp,1041
Timeout time : 17/08/24 10:36
