=================================================
Project : math_55	start : 17/08/24 05:17
Current failed test : org.apache.commons.math.geometry.Vector3DTest::testCrossProductCancellation | 17/08/24 05:18
Thu Aug 24 05:19:03 AEST 2017 org.apache.commons.math.geometry.Vector3D,473
Thu Aug 24 05:19:11 AEST 2017 org.apache.commons.math.geometry.Vector3D,181
Thu Aug 24 05:20:51 AEST 2017 org.apache.commons.math.geometry.Vector3D,189
Thu Aug 24 05:21:56 AEST 2017 org.apache.commons.math.geometry.Vector3D,197
Thu Aug 24 05:22:55 AEST 2017 Thu Aug 24 05:22:55 AEST 2017 : org.apache.commons.math.geometry.Vector3D,93=>Find no block
Thu Aug 24 05:22:56 AEST 2017 org.apache.commons.math.geometry.Vector3D,94
Thu Aug 24 05:33:41 AEST 2017 org.apache.commons.math.geometry.Vector3D,95
Thu Aug 24 05:33:42 AEST 2017 org.apache.commons.math.geometry.Vector3D,96
Thu Aug 24 05:33:43 AEST 2017 Thu Aug 24 05:33:43 AEST 2017 : org.apache.commons.math.geometry.Vector3D,97=>Find no block
Thu Aug 24 05:33:45 AEST 2017 Thu Aug 24 05:33:45 AEST 2017 : org.apache.commons.math.exception.MathArithmeticException,38=>Find no block
Thu Aug 24 05:33:46 AEST 2017 org.apache.commons.math.exception.MathArithmeticException,39
Thu Aug 24 05:34:47 AEST 2017 Thu Aug 24 05:34:47 AEST 2017 : org.apache.commons.math.exception.MathArithmeticException,40=>Find no block
Thu Aug 24 05:34:47 AEST 2017 Thu Aug 24 05:34:47 AEST 2017 : org.apache.commons.math.exception.MathArithmeticException,50=>Find no block
Thu Aug 24 05:34:51 AEST 2017 org.apache.commons.math.exception.MathArithmeticException,51
Thu Aug 24 05:35:42 AEST 2017 Thu Aug 24 05:35:42 AEST 2017 : org.apache.commons.math.exception.MathArithmeticException,52=>Find no block
Thu Aug 24 05:35:42 AEST 2017 Thu Aug 24 05:35:42 AEST 2017 : org.apache.commons.math.exception.MathRuntimeException,63=>Find no block
Thu Aug 24 05:35:46 AEST 2017 Thu Aug 24 05:35:46 AEST 2017 : org.apache.commons.math.exception.MathRuntimeException,47=>Find no block
Thu Aug 24 05:35:47 AEST 2017 Thu Aug 24 05:35:47 AEST 2017 : org.apache.commons.math.exception.MathRuntimeException,53=>Find no block
Thu Aug 24 05:35:48 AEST 2017 Thu Aug 24 05:35:48 AEST 2017 : org.apache.commons.math.exception.MathRuntimeException,58=>Find no block
Thu Aug 24 05:35:49 AEST 2017 org.apache.commons.math.exception.MathRuntimeException,71
Thu Aug 24 05:36:05 AEST 2017 Thu Aug 24 05:36:05 AEST 2017 : org.apache.commons.math.exception.MathRuntimeException,72=>Find no block
Thu Aug 24 05:36:06 AEST 2017 org.apache.commons.math.exception.MathRuntimeException,77
Thu Aug 24 05:37:21 AEST 2017 org.apache.commons.math.exception.MathRuntimeException,78
Thu Aug 24 05:37:22 AEST 2017 Thu Aug 24 05:37:22 AEST 2017 : org.apache.commons.math.exception.MathRuntimeException,79=>Find no block
Thu Aug 24 05:37:23 AEST 2017 org.apache.commons.math.exception.MathRuntimeException,83
Thu Aug 24 05:38:06 AEST 2017 Thu Aug 24 05:38:06 AEST 2017 : org.apache.commons.math.exception.MathRuntimeException,84=>Find no block
Thu Aug 24 05:38:07 AEST 2017 org.apache.commons.math.exception.MathRuntimeException,88
Thu Aug 24 05:38:12 AEST 2017 org.apache.commons.math.exception.MathRuntimeException,93
Thu Aug 24 05:38:15 AEST 2017 org.apache.commons.math.exception.MathRuntimeException,103
Thu Aug 24 05:38:18 AEST 2017 org.apache.commons.math.exception.MathRuntimeException,115
Thu Aug 24 05:38:23 AEST 2017 org.apache.commons.math.exception.MathRuntimeException,121
Thu Aug 24 05:38:32 AEST 2017 org.apache.commons.math.exception.MathRuntimeException,127
Thu Aug 24 05:38:35 AEST 2017 org.apache.commons.math.exception.MathRuntimeException,139
Thu Aug 24 05:40:13 AEST 2017 org.apache.commons.math.exception.MathRuntimeException,140
Thu Aug 24 05:40:14 AEST 2017 org.apache.commons.math.exception.MathRuntimeException,141
Thu Aug 24 06:03:19 AEST 2017 org.apache.commons.math.exception.MathRuntimeException,142
Thu Aug 24 06:03:20 AEST 2017 org.apache.commons.math.exception.MathRuntimeException,143
Thu Aug 24 06:03:21 AEST 2017 org.apache.commons.math.exception.MathRuntimeException,144
Thu Aug 24 06:03:23 AEST 2017 org.apache.commons.math.exception.MathRuntimeException,145
Thu Aug 24 06:03:24 AEST 2017 org.apache.commons.math.exception.MathRuntimeException,147
Thu Aug 24 06:03:24 AEST 2017 org.apache.commons.math.exception.MathRuntimeException,148
Thu Aug 24 06:03:25 AEST 2017 org.apache.commons.math.exception.MathRuntimeException,150
Thu Aug 24 06:03:27 AEST 2017 org.apache.commons.math.exception.MathRuntimeException,154
Thu Aug 24 06:17:12 AEST 2017 org.apache.commons.math.exception.MathRuntimeException,165
Thu Aug 24 06:17:15 AEST 2017 org.apache.commons.math.exception.MathRuntimeException,166
Thu Aug 24 06:17:16 AEST 2017 Thu Aug 24 06:17:16 AEST 2017 : org.apache.commons.math.exception.MathRuntimeException,167=>Find no block
Thu Aug 24 06:17:17 AEST 2017 org.apache.commons.math.exception.MathRuntimeException,178
Thu Aug 24 06:17:20 AEST 2017 org.apache.commons.math.exception.MathRuntimeException,179
Thu Aug 24 06:17:21 AEST 2017 Thu Aug 24 06:17:21 AEST 2017 : org.apache.commons.math.exception.MathRuntimeException,180=>Find no block
Thu Aug 24 06:17:22 AEST 2017 org.apache.commons.math.exception.MathRuntimeException,191
Thu Aug 24 06:19:24 AEST 2017 org.apache.commons.math.exception.MathRuntimeException,192
Thu Aug 24 06:19:25 AEST 2017 org.apache.commons.math.exception.MathRuntimeException,194
Thu Aug 24 06:39:30 AEST 2017 org.apache.commons.math.exception.MathRuntimeException,195
Thu Aug 24 06:42:25 AEST 2017 org.apache.commons.math.exception.MathRuntimeException,197
Thu Aug 24 06:42:26 AEST 2017 org.apache.commons.math.exception.MathRuntimeException,198
Thu Aug 24 06:51:21 AEST 2017 org.apache.commons.math.exception.MathRuntimeException,199
Thu Aug 24 07:00:25 AEST 2017 org.apache.commons.math.exception.MathRuntimeException,201
Thu Aug 24 07:14:22 AEST 2017 org.apache.commons.math.exception.MathRuntimeException,202
Thu Aug 24 07:14:23 AEST 2017 org.apache.commons.math.exception.MathRuntimeException,203
Thu Aug 24 07:14:24 AEST 2017 org.apache.commons.math.exception.MathRuntimeException,205
Thu Aug 24 07:14:25 AEST 2017 org.apache.commons.math.exception.MathRuntimeException,208
Thu Aug 24 07:14:26 AEST 2017 Thu Aug 24 07:14:26 AEST 2017 : org.apache.commons.math.exception.MathRuntimeException,212=>Find no block
Thu Aug 24 07:14:27 AEST 2017 org.apache.commons.math.exception.MathRuntimeException,225
Thu Aug 24 07:15:29 AEST 2017 org.apache.commons.math.exception.MathRuntimeException,226
Thu Aug 24 07:15:30 AEST 2017 org.apache.commons.math.exception.MathRuntimeException,227
Thu Aug 24 07:56:01 AEST 2017 org.apache.commons.math.exception.MathRuntimeException,229
Thu Aug 24 07:56:02 AEST 2017 org.apache.commons.math.exception.MathRuntimeException,231
Thu Aug 24 07:56:03 AEST 2017 org.apache.commons.math.exception.MathRuntimeException,232
Thu Aug 24 07:56:04 AEST 2017 org.apache.commons.math.exception.MathRuntimeException,234
Thu Aug 24 07:56:05 AEST 2017 org.apache.commons.math.exception.MathRuntimeException,235
Thu Aug 24 07:56:06 AEST 2017 org.apache.commons.math.exception.MathRuntimeException,236
Thu Aug 24 07:56:07 AEST 2017 org.apache.commons.math.exception.MathRuntimeException,238
Thu Aug 24 07:56:08 AEST 2017 org.apache.commons.math.exception.MathRuntimeException,240
Thu Aug 24 07:56:10 AEST 2017 Thu Aug 24 07:56:10 AEST 2017 : org.apache.commons.math.exception.MathRuntimeException,242=>Find no block
Thu Aug 24 07:56:12 AEST 2017 org.apache.commons.math.exception.MathRuntimeException,253
Thu Aug 24 08:04:39 AEST 2017 org.apache.commons.math.exception.MathRuntimeException,254
Thu Aug 24 08:04:40 AEST 2017 org.apache.commons.math.exception.MathRuntimeException,255
Thu Aug 24 08:04:41 AEST 2017 org.apache.commons.math.exception.MathRuntimeException,257
Thu Aug 24 08:04:41 AEST 2017 org.apache.commons.math.exception.MathRuntimeException,258
Thu Aug 24 08:04:42 AEST 2017 org.apache.commons.math.exception.MathRuntimeException,259
Thu Aug 24 08:04:44 AEST 2017 org.apache.commons.math.exception.MathRuntimeException,261
Thu Aug 24 08:04:45 AEST 2017 org.apache.commons.math.exception.MathRuntimeException,264
Thu Aug 24 08:04:46 AEST 2017 Thu Aug 24 08:04:46 AEST 2017 : org.apache.commons.math.exception.MathRuntimeException,266=>Find no block
Thu Aug 24 08:04:47 AEST 2017 Thu Aug 24 08:04:47 AEST 2017 : org.apache.commons.math.exception.MathRuntimeException,267=>Find no block
Thu Aug 24 08:04:48 AEST 2017 org.apache.commons.math.exception.MathRuntimeException,280
Thu Aug 24 08:16:38 AEST 2017 org.apache.commons.math.exception.MathRuntimeException,281
Thu Aug 24 08:16:40 AEST 2017 org.apache.commons.math.exception.MathRuntimeException,282
Thu Aug 24 08:30:45 AEST 2017 org.apache.commons.math.exception.MathRuntimeException,284
Thu Aug 24 08:30:46 AEST 2017 org.apache.commons.math.exception.MathRuntimeException,286
Thu Aug 24 08:30:47 AEST 2017 org.apache.commons.math.exception.MathRuntimeException,287
Thu Aug 24 08:30:48 AEST 2017 Thu Aug 24 08:30:48 AEST 2017 : org.apache.commons.math.exception.MathRuntimeException,289=>Find no block
Thu Aug 24 08:30:49 AEST 2017 org.apache.commons.math.exception.MathRuntimeException,299
Thu Aug 24 08:30:52 AEST 2017 Thu Aug 24 08:30:52 AEST 2017 : org.apache.commons.math.exception.MathParseException,40=>Find no block
Thu Aug 24 08:30:53 AEST 2017 org.apache.commons.math.exception.MathParseException,41
Thu Aug 24 08:31:30 AEST 2017 Thu Aug 24 08:31:30 AEST 2017 : org.apache.commons.math.exception.MathParseException,43=>Find no block
Thu Aug 24 08:31:31 AEST 2017 Thu Aug 24 08:31:31 AEST 2017 : org.apache.commons.math.exception.MathParseException,51=>Find no block
Thu Aug 24 08:31:32 AEST 2017 org.apache.commons.math.exception.MathParseException,52
Thu Aug 24 08:32:21 AEST 2017 Thu Aug 24 08:32:21 AEST 2017 : org.apache.commons.math.exception.MathParseException,54=>Find no block
Thu Aug 24 08:32:23 AEST 2017 Thu Aug 24 08:32:23 AEST 2017 : org.apache.commons.math.util.CompositeFormat,36=>Find no block
Thu Aug 24 08:32:24 AEST 2017 org.apache.commons.math.util.CompositeFormat,45
Thu Aug 24 08:32:27 AEST 2017 org.apache.commons.math.util.CompositeFormat,56
Thu Aug 24 08:33:07 AEST 2017 org.apache.commons.math.util.CompositeFormat,57
Thu Aug 24 08:33:08 AEST 2017 org.apache.commons.math.util.CompositeFormat,58
Thu Aug 24 08:33:09 AEST 2017 org.apache.commons.math.util.CompositeFormat,70
Thu Aug 24 08:34:19 AEST 2017 org.apache.commons.math.util.CompositeFormat,71
Thu Aug 24 08:34:20 AEST 2017 Thu Aug 24 08:34:20 AEST 2017 : org.apache.commons.math.util.CompositeFormat,72=>Find no block
Thu Aug 24 08:34:21 AEST 2017 org.apache.commons.math.util.CompositeFormat,83
Thu Aug 24 08:38:39 AEST 2017 org.apache.commons.math.util.CompositeFormat,84
Thu Aug 24 08:38:41 AEST 2017 org.apache.commons.math.util.CompositeFormat,85
Thu Aug 24 09:00:36 AEST 2017 org.apache.commons.math.util.CompositeFormat,87
Thu Aug 24 09:00:37 AEST 2017 org.apache.commons.math.util.CompositeFormat,90
Thu Aug 24 09:00:38 AEST 2017 org.apache.commons.math.util.CompositeFormat,91
Thu Aug 24 09:00:39 AEST 2017 org.apache.commons.math.util.CompositeFormat,92
Thu Aug 24 09:00:39 AEST 2017 org.apache.commons.math.util.CompositeFormat,94
Thu Aug 24 09:00:40 AEST 2017 org.apache.commons.math.util.CompositeFormat,95
Thu Aug 24 09:00:41 AEST 2017 org.apache.commons.math.util.CompositeFormat,99
Thu Aug 24 09:06:08 AEST 2017 org.apache.commons.math.util.CompositeFormat,113
Thu Aug 24 09:07:04 AEST 2017 org.apache.commons.math.util.CompositeFormat,115
Thu Aug 24 09:07:05 AEST 2017 org.apache.commons.math.util.CompositeFormat,116
Thu Aug 24 09:09:32 AEST 2017 org.apache.commons.math.util.CompositeFormat,117
Thu Aug 24 09:12:52 AEST 2017 org.apache.commons.math.util.CompositeFormat,118
Thu Aug 24 09:18:14 AEST 2017 org.apache.commons.math.util.CompositeFormat,120
Thu Aug 24 09:24:39 AEST 2017 org.apache.commons.math.util.CompositeFormat,121
Thu Aug 24 09:30:46 AEST 2017 org.apache.commons.math.util.CompositeFormat,122
Thu Aug 24 09:47:39 AEST 2017 org.apache.commons.math.util.CompositeFormat,123
Thu Aug 24 09:47:39 AEST 2017 org.apache.commons.math.util.CompositeFormat,124
Thu Aug 24 09:47:40 AEST 2017 org.apache.commons.math.util.CompositeFormat,125
Thu Aug 24 09:47:41 AEST 2017 org.apache.commons.math.util.CompositeFormat,126
Thu Aug 24 09:47:42 AEST 2017 org.apache.commons.math.util.CompositeFormat,130
Thu Aug 24 09:56:09 AEST 2017 org.apache.commons.math.util.CompositeFormat,145
Thu Aug 24 09:58:02 AEST 2017 org.apache.commons.math.util.CompositeFormat,146
Thu Aug 24 09:58:03 AEST 2017 org.apache.commons.math.util.CompositeFormat,147
Timeout time : 17/08/24 10:19
