=================================================
Project : math_60	start : 17/08/24 10:19
Current failed test : org.apache.commons.math.distribution.NormalDistributionTest::testExtremeValues | 17/08/24 10:19
Thu Aug 24 10:19:42 AEST 2017 Thu Aug 24 10:19:42 AEST 2017 : org.apache.commons.math.MathException,84=>Find no block
Thu Aug 24 10:19:43 AEST 2017 org.apache.commons.math.MathException,85
Thu Aug 24 10:19:55 AEST 2017 org.apache.commons.math.MathException,86
Thu Aug 24 10:19:56 AEST 2017 Thu Aug 24 10:19:56 AEST 2017 : org.apache.commons.math.MathException,87=>Find no block
Thu Aug 24 10:19:57 AEST 2017 org.apache.commons.math.MathException,168
Thu Aug 24 10:20:06 AEST 2017 org.apache.commons.math.MathException,169
Thu Aug 24 10:20:07 AEST 2017 org.apache.commons.math.MathException,177
Thu Aug 24 10:20:11 AEST 2017 org.apache.commons.math.MathException,183
Thu Aug 24 10:20:14 AEST 2017 org.apache.commons.math.ConvergenceException,62
Thu Aug 24 10:20:34 AEST 2017 Thu Aug 24 10:20:34 AEST 2017 : org.apache.commons.math.ConvergenceException,63=>Find no block
Thu Aug 24 10:20:35 AEST 2017 Thu Aug 24 10:20:35 AEST 2017 : org.apache.commons.math.util.FastMath,653=>Find no block
Thu Aug 24 10:20:36 AEST 2017 Thu Aug 24 10:20:36 AEST 2017 : org.apache.commons.math.util.FastMath,654=>Find no block
Thu Aug 24 10:20:37 AEST 2017 Thu Aug 24 10:20:37 AEST 2017 : org.apache.commons.math.util.FastMath,658=>Find no block
Thu Aug 24 10:20:38 AEST 2017 Thu Aug 24 10:20:38 AEST 2017 : org.apache.commons.math.util.ContinuedFraction,163=>Find no block
Thu Aug 24 10:20:39 AEST 2017 Thu Aug 24 10:20:39 AEST 2017 : org.apache.commons.math.util.ContinuedFraction,164=>Find no block
Thu Aug 24 10:20:39 AEST 2017 Thu Aug 24 10:20:39 AEST 2017 : org.apache.commons.math.util.ContinuedFraction,186=>Find no block
Thu Aug 24 10:20:40 AEST 2017 Thu Aug 24 10:20:40 AEST 2017 : org.apache.commons.math.util.ContinuedFraction,149=>Find no block
Thu Aug 24 10:20:41 AEST 2017 Thu Aug 24 10:20:41 AEST 2017 : org.apache.commons.math.util.ContinuedFraction,150=>Find no block
Thu Aug 24 10:20:42 AEST 2017 Thu Aug 24 10:20:42 AEST 2017 : org.apache.commons.math.util.ContinuedFraction,151=>Find no block
Thu Aug 24 10:20:43 AEST 2017 Thu Aug 24 10:20:43 AEST 2017 : org.apache.commons.math.util.ContinuedFraction,152=>Find no block
Thu Aug 24 10:20:43 AEST 2017 Thu Aug 24 10:20:43 AEST 2017 : org.apache.commons.math.util.ContinuedFraction,153=>Find no block
Thu Aug 24 10:20:44 AEST 2017 Thu Aug 24 10:20:44 AEST 2017 : org.apache.commons.math.util.ContinuedFraction,158=>Find no block
Thu Aug 24 10:20:45 AEST 2017 Thu Aug 24 10:20:45 AEST 2017 : org.apache.commons.math.util.ContinuedFraction,159=>Find no block
Thu Aug 24 10:20:46 AEST 2017 Thu Aug 24 10:20:46 AEST 2017 : org.apache.commons.math.util.ContinuedFraction,160=>Find no block
Thu Aug 24 10:20:47 AEST 2017 Thu Aug 24 10:20:47 AEST 2017 : org.apache.commons.math.util.ContinuedFraction,161=>Find no block
Thu Aug 24 10:20:48 AEST 2017 Thu Aug 24 10:20:48 AEST 2017 : org.apache.commons.math.util.ContinuedFraction,162=>Find no block
Thu Aug 24 10:20:49 AEST 2017 Thu Aug 24 10:20:49 AEST 2017 : org.apache.commons.math.util.ContinuedFraction,169=>Find no block
Thu Aug 24 10:20:50 AEST 2017 Thu Aug 24 10:20:50 AEST 2017 : org.apache.commons.math.util.ContinuedFraction,170=>Find no block
Thu Aug 24 10:20:51 AEST 2017 Thu Aug 24 10:20:51 AEST 2017 : org.apache.commons.math.util.ContinuedFraction,171=>Find no block
Thu Aug 24 10:20:52 AEST 2017 org.apache.commons.math.util.FastMath,644
Thu Aug 24 10:22:43 AEST 2017 Thu Aug 24 10:22:43 AEST 2017 : org.apache.commons.math.util.FastMath,648=>Find no block
Thu Aug 24 10:22:44 AEST 2017 Thu Aug 24 10:22:44 AEST 2017 : org.apache.commons.math.special.Gamma,169=>Find no block
Thu Aug 24 10:22:46 AEST 2017 Thu Aug 24 10:22:46 AEST 2017 : org.apache.commons.math.util.FastMath,3491=>Find no block
Thu Aug 24 10:22:47 AEST 2017 org.apache.commons.math.special.Gamma,173
Thu Aug 24 10:27:27 AEST 2017 org.apache.commons.math.special.Erf,53
Thu Aug 24 10:28:27 AEST 2017 org.apache.commons.math.distribution.NormalDistributionImpl,125
Thu Aug 24 10:37:14 AEST 2017 org.apache.commons.math.distribution.NormalDistributionImpl,127
Thu Aug 24 10:37:18 AEST 2017 org.apache.commons.math.special.Erf,51
Thu Aug 24 10:41:37 AEST 2017 Thu Aug 24 10:41:37 AEST 2017 : org.apache.commons.math.special.Erf,52=>Find no block
Thu Aug 24 10:41:39 AEST 2017 Thu Aug 24 10:41:39 AEST 2017 : org.apache.commons.math.special.Erf,55=>Find no block
Thu Aug 24 10:41:40 AEST 2017 org.apache.commons.math.util.ContinuedFraction,47
Thu Aug 24 10:41:44 AEST 2017 Thu Aug 24 10:41:44 AEST 2017 : org.apache.commons.math.util.ContinuedFraction,48=>Find no block
Thu Aug 24 10:41:45 AEST 2017 Thu Aug 24 10:41:45 AEST 2017 : org.apache.commons.math.util.ContinuedFraction,129=>Find no block
Thu Aug 24 10:41:45 AEST 2017 Thu Aug 24 10:41:45 AEST 2017 : org.apache.commons.math.util.ContinuedFraction,130=>Find no block
Thu Aug 24 10:41:46 AEST 2017 Thu Aug 24 10:41:46 AEST 2017 : org.apache.commons.math.util.ContinuedFraction,131=>Find no block
Thu Aug 24 10:41:47 AEST 2017 Thu Aug 24 10:41:47 AEST 2017 : org.apache.commons.math.util.ContinuedFraction,132=>Find no block
Thu Aug 24 10:41:48 AEST 2017 Thu Aug 24 10:41:48 AEST 2017 : org.apache.commons.math.util.ContinuedFraction,133=>Find no block
Thu Aug 24 10:41:49 AEST 2017 Thu Aug 24 10:41:49 AEST 2017 : org.apache.commons.math.util.ContinuedFraction,134=>Find no block
Thu Aug 24 10:41:50 AEST 2017 Thu Aug 24 10:41:50 AEST 2017 : org.apache.commons.math.util.ContinuedFraction,135=>Find no block
Thu Aug 24 10:41:51 AEST 2017 Thu Aug 24 10:41:51 AEST 2017 : org.apache.commons.math.util.ContinuedFraction,136=>Find no block
Thu Aug 24 10:41:51 AEST 2017 Thu Aug 24 10:41:51 AEST 2017 : org.apache.commons.math.util.ContinuedFraction,137=>Find no block
Thu Aug 24 10:41:52 AEST 2017 Thu Aug 24 10:41:52 AEST 2017 : org.apache.commons.math.util.ContinuedFraction,138=>Find no block
Thu Aug 24 10:41:53 AEST 2017 Thu Aug 24 10:41:53 AEST 2017 : org.apache.commons.math.util.ContinuedFraction,139=>Find no block
Thu Aug 24 10:41:54 AEST 2017 Thu Aug 24 10:41:54 AEST 2017 : org.apache.commons.math.util.ContinuedFraction,140=>Find no block
Thu Aug 24 10:41:55 AEST 2017 Thu Aug 24 10:41:55 AEST 2017 : org.apache.commons.math.util.ContinuedFraction,141=>Find no block
Thu Aug 24 10:41:56 AEST 2017 Thu Aug 24 10:41:56 AEST 2017 : org.apache.commons.math.util.ContinuedFraction,142=>Find no block
Thu Aug 24 10:41:57 AEST 2017 Thu Aug 24 10:41:57 AEST 2017 : org.apache.commons.math.util.ContinuedFraction,143=>Find no block
Thu Aug 24 10:41:58 AEST 2017 Thu Aug 24 10:41:58 AEST 2017 : org.apache.commons.math.util.ContinuedFraction,176=>Find no block
Thu Aug 24 10:41:59 AEST 2017 Thu Aug 24 10:41:59 AEST 2017 : org.apache.commons.math.util.ContinuedFraction,183=>Find no block
Thu Aug 24 10:41:59 AEST 2017 Thu Aug 24 10:41:59 AEST 2017 : org.apache.commons.math.util.ContinuedFraction,185=>Find no block
Thu Aug 24 10:42:00 AEST 2017 Thu Aug 24 10:42:00 AEST 2017 : org.apache.commons.math.util.ContinuedFraction,190=>Find no block
Thu Aug 24 10:42:01 AEST 2017 Thu Aug 24 10:42:01 AEST 2017 : org.apache.commons.math.util.ContinuedFraction,193=>Find no block
Thu Aug 24 10:42:02 AEST 2017 Thu Aug 24 10:42:02 AEST 2017 : org.apache.commons.math.util.ContinuedFraction,194=>Find no block
Thu Aug 24 10:42:03 AEST 2017 Thu Aug 24 10:42:03 AEST 2017 : org.apache.commons.math.util.ContinuedFraction,195=>Find no block
Thu Aug 24 10:42:04 AEST 2017 Thu Aug 24 10:42:04 AEST 2017 : org.apache.commons.math.util.ContinuedFraction,196=>Find no block
Thu Aug 24 10:42:05 AEST 2017 Thu Aug 24 10:42:05 AEST 2017 : org.apache.commons.math.util.ContinuedFraction,197=>Find no block
Thu Aug 24 10:42:06 AEST 2017 Thu Aug 24 10:42:06 AEST 2017 : org.apache.commons.math.util.ContinuedFraction,198=>Find no block
Thu Aug 24 10:42:06 AEST 2017 Thu Aug 24 10:42:06 AEST 2017 : org.apache.commons.math.util.ContinuedFraction,200=>Find no block
Thu Aug 24 10:42:07 AEST 2017 Thu Aug 24 10:42:07 AEST 2017 : org.apache.commons.math.util.ContinuedFraction,206=>Find no block
Thu Aug 24 10:42:08 AEST 2017 Thu Aug 24 10:42:08 AEST 2017 : org.apache.commons.math.special.Gamma,253=>Find no block
Thu Aug 24 10:42:09 AEST 2017 Thu Aug 24 10:42:09 AEST 2017 : org.apache.commons.math.special.Gamma,257=>Find no block
Thu Aug 24 10:42:10 AEST 2017 Thu Aug 24 10:42:10 AEST 2017 : org.apache.commons.math.special.Gamma,262=>Find no block
Thu Aug 24 10:42:10 AEST 2017 Thu Aug 24 10:42:10 AEST 2017 : org.apache.commons.math.special.Gamma,243=>Find no block
Thu Aug 24 10:42:11 AEST 2017 Thu Aug 24 10:42:11 AEST 2017 : org.apache.commons.math.special.Gamma,245=>Find no block
Thu Aug 24 10:42:12 AEST 2017 Thu Aug 24 10:42:12 AEST 2017 : org.apache.commons.math.special.Gamma,247=>Find no block
Thu Aug 24 10:42:14 AEST 2017 Thu Aug 24 10:42:14 AEST 2017 : org.apache.commons.math.special.Gamma,253=>Find no block
Thu Aug 24 10:42:15 AEST 2017 org.apache.commons.math.special.Gamma,266
Thu Aug 24 11:08:01 AEST 2017 Thu Aug 24 11:08:01 AEST 2017 : org.apache.commons.math.special.Gamma,267=>Find no block
Thu Aug 24 11:08:02 AEST 2017 org.apache.commons.math.special.Gamma,270
Thu Aug 24 11:08:02 AEST 2017 Thu Aug 24 11:08:02 AEST 2017 : org.apache.commons.math.special.Gamma,166=>Find no block
Thu Aug 24 11:08:03 AEST 2017 org.apache.commons.math.special.Gamma,168
Thu Aug 24 11:08:04 AEST 2017 org.apache.commons.math.special.Gamma,170
Thu Aug 24 11:08:09 AEST 2017 Thu Aug 24 11:08:09 AEST 2017 : org.apache.commons.math.special.Gamma,176=>Find no block
Thu Aug 24 11:08:10 AEST 2017 Thu Aug 24 11:08:10 AEST 2017 : org.apache.commons.math.special.Gamma,177=>Find no block
Thu Aug 24 11:08:11 AEST 2017 Thu Aug 24 11:08:11 AEST 2017 : org.apache.commons.math.special.Gamma,178=>Find no block
Thu Aug 24 11:08:11 AEST 2017 Thu Aug 24 11:08:11 AEST 2017 : org.apache.commons.math.special.Gamma,179=>Find no block
Thu Aug 24 11:08:12 AEST 2017 Thu Aug 24 11:08:12 AEST 2017 : org.apache.commons.math.special.Gamma,181=>Find no block
Thu Aug 24 11:08:13 AEST 2017 Thu Aug 24 11:08:13 AEST 2017 : org.apache.commons.math.special.Gamma,182=>Find no block
Thu Aug 24 11:08:14 AEST 2017 Thu Aug 24 11:08:14 AEST 2017 : org.apache.commons.math.special.Gamma,185=>Find no block
Thu Aug 24 11:08:15 AEST 2017 Thu Aug 24 11:08:15 AEST 2017 : org.apache.commons.math.special.Gamma,187=>Find no block
Thu Aug 24 11:08:15 AEST 2017 Thu Aug 24 11:08:15 AEST 2017 : org.apache.commons.math.special.Gamma,189=>Find no block
Thu Aug 24 11:08:16 AEST 2017 Thu Aug 24 11:08:16 AEST 2017 : org.apache.commons.math.special.Gamma,192=>Find no block
Thu Aug 24 11:08:17 AEST 2017 Thu Aug 24 11:08:17 AEST 2017 : org.apache.commons.math.special.Gamma,196=>Find no block
Thu Aug 24 11:08:18 AEST 2017 Thu Aug 24 11:08:18 AEST 2017 : org.apache.commons.math.util.FastMath,1211=>Find no block
Thu Aug 24 11:08:19 AEST 2017 Thu Aug 24 11:08:19 AEST 2017 : org.apache.commons.math.special.Gamma,42=>Find no block
Thu Aug 24 11:08:19 AEST 2017 Thu Aug 24 11:08:19 AEST 2017 : org.apache.commons.math.special.Gamma,62=>Find no block
Thu Aug 24 11:08:21 AEST 2017 org.apache.commons.math.special.Gamma,98
Thu Aug 24 11:25:02 AEST 2017 org.apache.commons.math.special.Gamma,101
Thu Aug 24 11:37:10 AEST 2017 org.apache.commons.math.special.Gamma,103
Thu Aug 24 11:37:11 AEST 2017 org.apache.commons.math.special.Gamma,104
Thu Aug 24 11:37:12 AEST 2017 org.apache.commons.math.special.Gamma,105
Thu Aug 24 11:37:12 AEST 2017 org.apache.commons.math.special.Gamma,107
Thu Aug 24 11:59:42 AEST 2017 org.apache.commons.math.special.Gamma,109
Thu Aug 24 12:09:38 AEST 2017 org.apache.commons.math.special.Gamma,110
Thu Aug 24 12:09:39 AEST 2017 org.apache.commons.math.special.Gamma,114
Thu Aug 24 12:26:34 AEST 2017 org.apache.commons.math.util.FastMath,1155
Thu Aug 24 12:26:42 AEST 2017 Thu Aug 24 12:26:42 AEST 2017 : org.apache.commons.math.util.FastMath,1165=>Find no block
Thu Aug 24 12:26:44 AEST 2017 Thu Aug 24 12:26:44 AEST 2017 : org.apache.commons.math.util.FastMath,1168=>Find no block
Thu Aug 24 12:26:45 AEST 2017 org.apache.commons.math.util.FastMath,1179
Thu Aug 24 12:32:39 AEST 2017 Thu Aug 24 12:32:39 AEST 2017 : org.apache.commons.math.util.FastMath,1188=>Find no block
Thu Aug 24 12:32:39 AEST 2017 org.apache.commons.math.util.FastMath,1190
Thu Aug 24 12:34:47 AEST 2017 Thu Aug 24 12:34:47 AEST 2017 : org.apache.commons.math.util.FastMath,1210=>Find no block
Thu Aug 24 12:34:48 AEST 2017 org.apache.commons.math.util.FastMath,1258
Thu Aug 24 12:41:13 AEST 2017 org.apache.commons.math.util.FastMath,1269
Thu Aug 24 12:42:10 AEST 2017 Thu Aug 24 12:42:10 AEST 2017 : org.apache.commons.math.util.FastMath,1271=>Find no block
Thu Aug 24 12:42:10 AEST 2017 Thu Aug 24 12:42:10 AEST 2017 : org.apache.commons.math.util.FastMath,1272=>Find no block
Thu Aug 24 12:42:11 AEST 2017 Thu Aug 24 12:42:11 AEST 2017 : org.apache.commons.math.util.FastMath,1274=>Find no block
Thu Aug 24 12:42:12 AEST 2017 Thu Aug 24 12:42:12 AEST 2017 : org.apache.commons.math.util.FastMath,1325=>Find no block
Thu Aug 24 12:42:13 AEST 2017 Thu Aug 24 12:42:13 AEST 2017 : org.apache.commons.math.util.FastMath,1326=>Find no block
Thu Aug 24 12:42:13 AEST 2017 Thu Aug 24 12:42:13 AEST 2017 : org.apache.commons.math.util.FastMath,1327=>Find no block
Thu Aug 24 12:42:14 AEST 2017 Thu Aug 24 12:42:14 AEST 2017 : org.apache.commons.math.util.FastMath,1328=>Find no block
Thu Aug 24 12:42:15 AEST 2017 Thu Aug 24 12:42:15 AEST 2017 : org.apache.commons.math.util.FastMath,1329=>Find no block
Thu Aug 24 12:42:16 AEST 2017 Thu Aug 24 12:42:16 AEST 2017 : org.apache.commons.math.util.FastMath,1330=>Find no block
Thu Aug 24 12:42:17 AEST 2017 org.apache.commons.math.util.FastMath,1331
Thu Aug 24 12:56:54 AEST 2017 Thu Aug 24 12:56:54 AEST 2017 : org.apache.commons.math.util.FastMath,1348=>Find no block
Thu Aug 24 12:56:55 AEST 2017 Thu Aug 24 12:56:55 AEST 2017 : org.apache.commons.math.util.FastMath,1349=>Find no block
Thu Aug 24 12:56:56 AEST 2017 Thu Aug 24 12:56:56 AEST 2017 : org.apache.commons.math.util.FastMath,1350=>Find no block
Thu Aug 24 12:56:57 AEST 2017 Thu Aug 24 12:56:57 AEST 2017 : org.apache.commons.math.util.FastMath,1351=>Find no block
Thu Aug 24 12:56:57 AEST 2017 Thu Aug 24 12:56:57 AEST 2017 : org.apache.commons.math.util.FastMath,1352=>Find no block
Thu Aug 24 12:56:58 AEST 2017 Thu Aug 24 12:56:58 AEST 2017 : org.apache.commons.math.util.FastMath,1353=>Find no block
Thu Aug 24 12:56:59 AEST 2017 Thu Aug 24 12:56:59 AEST 2017 : org.apache.commons.math.util.FastMath,1355=>Find no block
Thu Aug 24 12:57:00 AEST 2017 Thu Aug 24 12:57:00 AEST 2017 : org.apache.commons.math.util.FastMath,1356=>Find no block
Thu Aug 24 12:57:02 AEST 2017 Thu Aug 24 12:57:02 AEST 2017 : org.apache.commons.math.util.FastMath,1357=>Find no block
Thu Aug 24 12:57:03 AEST 2017 Thu Aug 24 12:57:03 AEST 2017 : org.apache.commons.math.util.FastMath,1358=>Find no block
Thu Aug 24 12:57:04 AEST 2017 org.apache.commons.math.util.FastMath,1360
Thu Aug 24 12:59:44 AEST 2017 org.apache.commons.math.util.FastMath,1361
Thu Aug 24 13:02:20 AEST 2017 org.apache.commons.math.util.FastMath,1362
Thu Aug 24 13:07:22 AEST 2017 org.apache.commons.math.util.FastMath,1363
Thu Aug 24 13:12:41 AEST 2017 Thu Aug 24 13:12:41 AEST 2017 : org.apache.commons.math.util.FastMath,1365=>Find no block
Thu Aug 24 13:12:42 AEST 2017 org.apache.commons.math.util.FastMath,1366
Thu Aug 24 13:18:53 AEST 2017 org.apache.commons.math.util.FastMath,1367
Thu Aug 24 13:25:13 AEST 2017 org.apache.commons.math.util.FastMath,1368
Thu Aug 24 13:30:19 AEST 2017 Thu Aug 24 13:30:19 AEST 2017 : org.apache.commons.math.util.FastMath,1370=>Find no block
Thu Aug 24 13:30:20 AEST 2017 org.apache.commons.math.util.FastMath,1371
Thu Aug 24 13:35:06 AEST 2017 org.apache.commons.math.util.FastMath,1372
Thu Aug 24 13:40:57 AEST 2017 org.apache.commons.math.util.FastMath,1373
Thu Aug 24 13:40:57 AEST 2017 Thu Aug 24 13:40:57 AEST 2017 : org.apache.commons.math.util.FastMath,1375=>Find no block
Thu Aug 24 13:40:58 AEST 2017 Thu Aug 24 13:40:58 AEST 2017 : org.apache.commons.math.util.FastMath,1380=>Find no block
Thu Aug 24 13:40:59 AEST 2017 Thu Aug 24 13:40:59 AEST 2017 : org.apache.commons.math.util.FastMath,3265=>Find no block
Thu Aug 24 13:41:00 AEST 2017 org.apache.commons.math.util.FastMath,641
Thu Aug 24 13:43:43 AEST 2017 Thu Aug 24 13:43:43 AEST 2017 : org.apache.commons.math.util.FastMath,643=>Find no block
Thu Aug 24 13:43:44 AEST 2017 Thu Aug 24 13:43:44 AEST 2017 : org.apache.commons.math.util.FastMath,651=>Find no block
Thu Aug 24 13:43:44 AEST 2017 Thu Aug 24 13:43:44 AEST 2017 : org.apache.commons.math.util.FastMath,661=>Find no block
Thu Aug 24 13:43:45 AEST 2017 Thu Aug 24 13:43:45 AEST 2017 : org.apache.commons.math.util.FastMath,671=>Find no block
Thu Aug 24 13:43:46 AEST 2017 Thu Aug 24 13:43:46 AEST 2017 : org.apache.commons.math.util.FastMath,673=>Find no block
Thu Aug 24 13:43:47 AEST 2017 org.apache.commons.math.util.FastMath,674
Thu Aug 24 13:47:37 AEST 2017 org.apache.commons.math.util.FastMath,676
Thu Aug 24 13:47:38 AEST 2017 org.apache.commons.math.util.FastMath,621
Thu Aug 24 13:47:48 AEST 2017 org.apache.commons.math.util.FastMath,640
Timeout time : 17/08/24 15:19
