=================================================
Project : math_67	start : 17/08/24 15:22
Current failed test : org.apache.commons.math.optimization.MultiStartUnivariateRealOptimizerTest::testQuinticMin_purify_1 | 17/08/24 15:23
Thu Aug 24 15:24:32 AEST 2017 org.apache.commons.math.MathRuntimeException,136
Thu Aug 24 15:24:44 AEST 2017 Thu Aug 24 15:24:44 AEST 2017 : org.apache.commons.math.util.LocalizedFormats,305=>Find no block
Thu Aug 24 15:24:45 AEST 2017 org.apache.commons.math.util.LocalizedFormats,306
Thu Aug 24 15:24:48 AEST 2017 Thu Aug 24 15:24:48 AEST 2017 : org.apache.commons.math.util.LocalizedFormats,307=>Find no block
Thu Aug 24 15:24:48 AEST 2017 org.apache.commons.math.util.LocalizedFormats,317
Thu Aug 24 15:26:04 AEST 2017 Thu Aug 24 15:26:04 AEST 2017 : org.apache.commons.math.util.LocalizedFormats,324=>Find no block
Thu Aug 24 15:26:05 AEST 2017 org.apache.commons.math.util.LocalizedFormats,330
Thu Aug 24 15:26:05 AEST 2017 org.apache.commons.math.MathRuntimeException,452
Thu Aug 24 15:26:07 AEST 2017 org.apache.commons.math.MathRuntimeException,458
Thu Aug 24 15:26:10 AEST 2017 org.apache.commons.math.optimization.MultiStartUnivariateRealOptimizer,194
Thu Aug 24 15:26:42 AEST 2017 org.apache.commons.math.optimization.MultiStartUnivariateRealOptimizer,193
Thu Aug 24 15:26:43 AEST 2017 org.apache.commons.math.MathRuntimeException,444
Thu Aug 24 15:26:45 AEST 2017 org.apache.commons.math.MathRuntimeException,444
Thu Aug 24 15:26:46 AEST 2017 org.apache.commons.math.ConvergingAlgorithmImpl,78
Thu Aug 24 15:27:37 AEST 2017 Thu Aug 24 15:27:37 AEST 2017 : org.apache.commons.math.ConvergingAlgorithmImpl,79=>Find no block
Thu Aug 24 15:27:38 AEST 2017 org.apache.commons.math.ConvergingAlgorithmImpl,83
Thu Aug 24 15:28:15 AEST 2017 org.apache.commons.math.ConvergingAlgorithmImpl,108
Thu Aug 24 15:29:00 AEST 2017 Thu Aug 24 15:29:00 AEST 2017 : org.apache.commons.math.ConvergingAlgorithmImpl,109=>Find no block
Thu Aug 24 15:29:01 AEST 2017 org.apache.commons.math.ConvergingAlgorithmImpl,113
Thu Aug 24 15:29:30 AEST 2017 org.apache.commons.math.optimization.MultiStartUnivariateRealOptimizer,102
Thu Aug 24 15:29:32 AEST 2017 org.apache.commons.math.optimization.MultiStartUnivariateRealOptimizer,127
Thu Aug 24 15:29:35 AEST 2017 org.apache.commons.math.optimization.MultiStartUnivariateRealOptimizer,147
Thu Aug 24 15:30:10 AEST 2017 Thu Aug 24 15:30:10 AEST 2017 : org.apache.commons.math.optimization.MultiStartUnivariateRealOptimizer,148=>Find no block
Thu Aug 24 15:30:11 AEST 2017 org.apache.commons.math.optimization.MultiStartUnivariateRealOptimizer,162
Thu Aug 24 15:30:47 AEST 2017 Thu Aug 24 15:30:47 AEST 2017 : org.apache.commons.math.optimization.MultiStartUnivariateRealOptimizer,163=>Find no block
Thu Aug 24 15:30:48 AEST 2017 org.apache.commons.math.optimization.univariate.BrentOptimizer,43
Thu Aug 24 15:30:50 AEST 2017 Thu Aug 24 15:30:50 AEST 2017 : org.apache.commons.math.optimization.univariate.BrentOptimizer,44=>Find no block
Thu Aug 24 15:30:51 AEST 2017 org.apache.commons.math.optimization.univariate.AbstractUnivariateRealOptimizer,63
Thu Aug 24 15:34:37 AEST 2017 org.apache.commons.math.optimization.univariate.AbstractUnivariateRealOptimizer,64
Thu Aug 24 15:34:37 AEST 2017 org.apache.commons.math.optimization.univariate.AbstractUnivariateRealOptimizer,65
Thu Aug 24 15:34:38 AEST 2017 Thu Aug 24 15:34:38 AEST 2017 : org.apache.commons.math.optimization.univariate.AbstractUnivariateRealOptimizer,66=>Find no block
Thu Aug 24 15:34:39 AEST 2017 org.apache.commons.math.optimization.univariate.AbstractUnivariateRealOptimizer,113
Thu Aug 24 15:35:04 AEST 2017 Thu Aug 24 15:35:04 AEST 2017 : org.apache.commons.math.optimization.univariate.AbstractUnivariateRealOptimizer,114=>Find no block
Thu Aug 24 15:35:05 AEST 2017 Thu Aug 24 15:35:05 AEST 2017 : org.apache.commons.math.ConvergingAlgorithmImpl,61=>Find no block
Thu Aug 24 15:35:05 AEST 2017 org.apache.commons.math.ConvergingAlgorithmImpl,62
Thu Aug 24 15:36:46 AEST 2017 org.apache.commons.math.ConvergingAlgorithmImpl,63
Thu Aug 24 15:36:46 AEST 2017 org.apache.commons.math.ConvergingAlgorithmImpl,64
Thu Aug 24 15:36:47 AEST 2017 org.apache.commons.math.ConvergingAlgorithmImpl,65
Thu Aug 24 15:36:48 AEST 2017 org.apache.commons.math.ConvergingAlgorithmImpl,66
Thu Aug 24 15:36:48 AEST 2017 org.apache.commons.math.ConvergingAlgorithmImpl,67
Thu Aug 24 15:36:49 AEST 2017 org.apache.commons.math.ConvergingAlgorithmImpl,68
Thu Aug 24 15:36:50 AEST 2017 Thu Aug 24 15:36:50 AEST 2017 : org.apache.commons.math.ConvergingAlgorithmImpl,69=>Find no block
Thu Aug 24 15:36:50 AEST 2017 Thu Aug 24 15:36:50 AEST 2017 : org.apache.commons.math.optimization.MultiStartUnivariateRealOptimizer,80=>Find no block
Thu Aug 24 15:36:51 AEST 2017 org.apache.commons.math.optimization.MultiStartUnivariateRealOptimizer,81
Thu Aug 24 15:37:52 AEST 2017 org.apache.commons.math.optimization.MultiStartUnivariateRealOptimizer,82
Thu Aug 24 15:37:53 AEST 2017 org.apache.commons.math.optimization.MultiStartUnivariateRealOptimizer,83
Thu Aug 24 15:37:54 AEST 2017 org.apache.commons.math.optimization.MultiStartUnivariateRealOptimizer,84
Thu Aug 24 15:37:54 AEST 2017 org.apache.commons.math.optimization.MultiStartUnivariateRealOptimizer,85
Thu Aug 24 15:37:55 AEST 2017 org.apache.commons.math.optimization.MultiStartUnivariateRealOptimizer,86
Thu Aug 24 15:37:56 AEST 2017 org.apache.commons.math.optimization.MultiStartUnivariateRealOptimizer,87
Thu Aug 24 15:37:57 AEST 2017 Thu Aug 24 15:37:57 AEST 2017 : org.apache.commons.math.optimization.MultiStartUnivariateRealOptimizer,88=>Find no block
Thu Aug 24 15:37:57 AEST 2017 org.apache.commons.math.optimization.MultiStartUnivariateRealOptimizer,152
Thu Aug 24 15:38:37 AEST 2017 Thu Aug 24 15:38:37 AEST 2017 : org.apache.commons.math.optimization.MultiStartUnivariateRealOptimizer,153=>Find no block
Thu Aug 24 15:38:38 AEST 2017 org.apache.commons.math.optimization.MultiStartUnivariateRealOptimizer,157
Thu Aug 24 15:38:39 AEST 2017 Thu Aug 24 15:38:39 AEST 2017 : org.apache.commons.math.optimization.MultiStartUnivariateRealOptimizer,158=>Find no block
Thu Aug 24 15:38:40 AEST 2017 Thu Aug 24 15:38:40 AEST 2017 : org.apache.commons.math.random.JDKRandomGenerator,28=>Find no block
Thu Aug 24 15:38:40 AEST 2017 org.apache.commons.math.optimization.univariate.BrentOptimizer,50
Thu Aug 24 15:39:12 AEST 2017 org.apache.commons.math.optimization.univariate.BrentOptimizer,57
Thu Aug 24 15:40:09 AEST 2017 org.apache.commons.math.optimization.univariate.BrentOptimizer,58
Thu Aug 24 15:40:10 AEST 2017 org.apache.commons.math.optimization.univariate.BrentOptimizer,88
Thu Aug 24 15:47:10 AEST 2017 org.apache.commons.math.optimization.univariate.BrentOptimizer,89
Thu Aug 24 15:47:11 AEST 2017 org.apache.commons.math.optimization.univariate.BrentOptimizer,90
Thu Aug 24 15:50:42 AEST 2017 org.apache.commons.math.optimization.univariate.BrentOptimizer,91
Thu Aug 24 15:55:37 AEST 2017 org.apache.commons.math.optimization.univariate.BrentOptimizer,92
Thu Aug 24 15:57:14 AEST 2017 org.apache.commons.math.optimization.univariate.BrentOptimizer,93
Thu Aug 24 15:57:17 AEST 2017 org.apache.commons.math.optimization.univariate.BrentOptimizer,94
Thu Aug 24 15:57:18 AEST 2017 org.apache.commons.math.optimization.univariate.BrentOptimizer,96
Thu Aug 24 15:58:33 AEST 2017 org.apache.commons.math.optimization.univariate.BrentOptimizer,97
Thu Aug 24 15:59:06 AEST 2017 org.apache.commons.math.optimization.univariate.BrentOptimizer,99
Thu Aug 24 15:59:06 AEST 2017 org.apache.commons.math.optimization.univariate.BrentOptimizer,100
Timeout time : 17/08/24 16:06
Current failed test : org.apache.commons.math.optimization.MultiStartUnivariateRealOptimizerTest::testQuinticMin_purify_2 | 17/08/24 16:06
Thu Aug 24 16:07:41 AEST 2017 org.apache.commons.math.MathRuntimeException,136
Thu Aug 24 16:07:53 AEST 2017 Thu Aug 24 16:07:53 AEST 2017 : org.apache.commons.math.util.LocalizedFormats,305=>Find no block
Thu Aug 24 16:07:54 AEST 2017 org.apache.commons.math.util.LocalizedFormats,306
Thu Aug 24 16:07:57 AEST 2017 Thu Aug 24 16:07:57 AEST 2017 : org.apache.commons.math.util.LocalizedFormats,307=>Find no block
Thu Aug 24 16:07:58 AEST 2017 org.apache.commons.math.util.LocalizedFormats,317
Thu Aug 24 16:09:13 AEST 2017 Thu Aug 24 16:09:13 AEST 2017 : org.apache.commons.math.util.LocalizedFormats,324=>Find no block
Thu Aug 24 16:09:14 AEST 2017 org.apache.commons.math.util.LocalizedFormats,330
Thu Aug 24 16:09:14 AEST 2017 org.apache.commons.math.MathRuntimeException,452
Thu Aug 24 16:09:17 AEST 2017 org.apache.commons.math.MathRuntimeException,458
Thu Aug 24 16:09:19 AEST 2017 org.apache.commons.math.optimization.MultiStartUnivariateRealOptimizer,194
Thu Aug 24 16:09:50 AEST 2017 org.apache.commons.math.optimization.MultiStartUnivariateRealOptimizer,193
Thu Aug 24 16:09:51 AEST 2017 org.apache.commons.math.MathRuntimeException,444
Thu Aug 24 16:09:53 AEST 2017 org.apache.commons.math.MathRuntimeException,444
Thu Aug 24 16:09:54 AEST 2017 org.apache.commons.math.ConvergingAlgorithmImpl,78
Thu Aug 24 16:10:44 AEST 2017 Thu Aug 24 16:10:44 AEST 2017 : org.apache.commons.math.ConvergingAlgorithmImpl,79=>Find no block
Thu Aug 24 16:10:45 AEST 2017 org.apache.commons.math.ConvergingAlgorithmImpl,83
Thu Aug 24 16:11:21 AEST 2017 org.apache.commons.math.ConvergingAlgorithmImpl,108
Thu Aug 24 16:12:05 AEST 2017 Thu Aug 24 16:12:05 AEST 2017 : org.apache.commons.math.ConvergingAlgorithmImpl,109=>Find no block
Thu Aug 24 16:12:05 AEST 2017 org.apache.commons.math.ConvergingAlgorithmImpl,113
Thu Aug 24 16:12:34 AEST 2017 org.apache.commons.math.optimization.MultiStartUnivariateRealOptimizer,102
Thu Aug 24 16:12:37 AEST 2017 org.apache.commons.math.optimization.MultiStartUnivariateRealOptimizer,127
Thu Aug 24 16:12:39 AEST 2017 org.apache.commons.math.optimization.MultiStartUnivariateRealOptimizer,147
Thu Aug 24 16:13:14 AEST 2017 Thu Aug 24 16:13:14 AEST 2017 : org.apache.commons.math.optimization.MultiStartUnivariateRealOptimizer,148=>Find no block
Thu Aug 24 16:13:15 AEST 2017 org.apache.commons.math.optimization.MultiStartUnivariateRealOptimizer,162
Thu Aug 24 16:13:51 AEST 2017 Thu Aug 24 16:13:51 AEST 2017 : org.apache.commons.math.optimization.MultiStartUnivariateRealOptimizer,163=>Find no block
Thu Aug 24 16:13:52 AEST 2017 org.apache.commons.math.optimization.univariate.BrentOptimizer,43
Thu Aug 24 16:13:54 AEST 2017 Thu Aug 24 16:13:54 AEST 2017 : org.apache.commons.math.optimization.univariate.BrentOptimizer,44=>Find no block
Thu Aug 24 16:13:55 AEST 2017 org.apache.commons.math.optimization.univariate.AbstractUnivariateRealOptimizer,63
Thu Aug 24 16:17:42 AEST 2017 org.apache.commons.math.optimization.univariate.AbstractUnivariateRealOptimizer,64
Thu Aug 24 16:17:43 AEST 2017 org.apache.commons.math.optimization.univariate.AbstractUnivariateRealOptimizer,65
Thu Aug 24 16:17:43 AEST 2017 Thu Aug 24 16:17:43 AEST 2017 : org.apache.commons.math.optimization.univariate.AbstractUnivariateRealOptimizer,66=>Find no block
Thu Aug 24 16:17:44 AEST 2017 org.apache.commons.math.optimization.univariate.AbstractUnivariateRealOptimizer,113
Thu Aug 24 16:18:09 AEST 2017 Thu Aug 24 16:18:09 AEST 2017 : org.apache.commons.math.optimization.univariate.AbstractUnivariateRealOptimizer,114=>Find no block
Thu Aug 24 16:18:10 AEST 2017 Thu Aug 24 16:18:10 AEST 2017 : org.apache.commons.math.ConvergingAlgorithmImpl,61=>Find no block
Thu Aug 24 16:18:10 AEST 2017 org.apache.commons.math.ConvergingAlgorithmImpl,62
Thu Aug 24 16:19:51 AEST 2017 org.apache.commons.math.ConvergingAlgorithmImpl,63
Thu Aug 24 16:19:52 AEST 2017 org.apache.commons.math.ConvergingAlgorithmImpl,64
Thu Aug 24 16:19:52 AEST 2017 org.apache.commons.math.ConvergingAlgorithmImpl,65
Thu Aug 24 16:19:53 AEST 2017 org.apache.commons.math.ConvergingAlgorithmImpl,66
Thu Aug 24 16:19:54 AEST 2017 org.apache.commons.math.ConvergingAlgorithmImpl,67
Thu Aug 24 16:19:55 AEST 2017 org.apache.commons.math.ConvergingAlgorithmImpl,68
Thu Aug 24 16:19:56 AEST 2017 Thu Aug 24 16:19:56 AEST 2017 : org.apache.commons.math.ConvergingAlgorithmImpl,69=>Find no block
Thu Aug 24 16:19:56 AEST 2017 Thu Aug 24 16:19:56 AEST 2017 : org.apache.commons.math.optimization.MultiStartUnivariateRealOptimizer,80=>Find no block
Thu Aug 24 16:19:57 AEST 2017 org.apache.commons.math.optimization.MultiStartUnivariateRealOptimizer,81
Thu Aug 24 16:21:01 AEST 2017 org.apache.commons.math.optimization.MultiStartUnivariateRealOptimizer,82
Thu Aug 24 16:21:01 AEST 2017 org.apache.commons.math.optimization.MultiStartUnivariateRealOptimizer,83
Thu Aug 24 16:21:02 AEST 2017 org.apache.commons.math.optimization.MultiStartUnivariateRealOptimizer,84
Thu Aug 24 16:21:03 AEST 2017 org.apache.commons.math.optimization.MultiStartUnivariateRealOptimizer,85
Thu Aug 24 16:21:03 AEST 2017 org.apache.commons.math.optimization.MultiStartUnivariateRealOptimizer,86
Thu Aug 24 16:21:04 AEST 2017 org.apache.commons.math.optimization.MultiStartUnivariateRealOptimizer,87
Thu Aug 24 16:21:05 AEST 2017 Thu Aug 24 16:21:05 AEST 2017 : org.apache.commons.math.optimization.MultiStartUnivariateRealOptimizer,88=>Find no block
Thu Aug 24 16:21:06 AEST 2017 org.apache.commons.math.optimization.MultiStartUnivariateRealOptimizer,152
Thu Aug 24 16:21:46 AEST 2017 Thu Aug 24 16:21:46 AEST 2017 : org.apache.commons.math.optimization.MultiStartUnivariateRealOptimizer,153=>Find no block
Thu Aug 24 16:21:46 AEST 2017 org.apache.commons.math.optimization.MultiStartUnivariateRealOptimizer,157
Thu Aug 24 16:21:47 AEST 2017 Thu Aug 24 16:21:47 AEST 2017 : org.apache.commons.math.optimization.MultiStartUnivariateRealOptimizer,158=>Find no block
Thu Aug 24 16:21:48 AEST 2017 Thu Aug 24 16:21:48 AEST 2017 : org.apache.commons.math.random.JDKRandomGenerator,28=>Find no block
Thu Aug 24 16:21:48 AEST 2017 org.apache.commons.math.optimization.univariate.BrentOptimizer,50
Thu Aug 24 16:22:21 AEST 2017 org.apache.commons.math.optimization.univariate.BrentOptimizer,57
Thu Aug 24 16:23:18 AEST 2017 org.apache.commons.math.optimization.univariate.BrentOptimizer,58
Thu Aug 24 16:23:19 AEST 2017 org.apache.commons.math.optimization.univariate.BrentOptimizer,88
Thu Aug 24 16:30:21 AEST 2017 org.apache.commons.math.optimization.univariate.BrentOptimizer,89
Thu Aug 24 16:30:23 AEST 2017 org.apache.commons.math.optimization.univariate.BrentOptimizer,90
Thu Aug 24 16:33:54 AEST 2017 org.apache.commons.math.optimization.univariate.BrentOptimizer,91
Thu Aug 24 16:38:50 AEST 2017 org.apache.commons.math.optimization.univariate.BrentOptimizer,92
Thu Aug 24 16:40:26 AEST 2017 org.apache.commons.math.optimization.univariate.BrentOptimizer,93
Thu Aug 24 16:40:29 AEST 2017 org.apache.commons.math.optimization.univariate.BrentOptimizer,94
Thu Aug 24 16:40:29 AEST 2017 org.apache.commons.math.optimization.univariate.BrentOptimizer,96
Thu Aug 24 16:41:44 AEST 2017 org.apache.commons.math.optimization.univariate.BrentOptimizer,97
Thu Aug 24 16:42:16 AEST 2017 org.apache.commons.math.optimization.univariate.BrentOptimizer,99
Thu Aug 24 16:42:16 AEST 2017 org.apache.commons.math.optimization.univariate.BrentOptimizer,100
Timeout time : 17/08/24 16:50
Current failed test : org.apache.commons.math.optimization.MultiStartUnivariateRealOptimizerTest::testQuinticMin_purify_3 | 17/08/24 16:50
Thu Aug 24 16:50:47 AEST 2017 org.apache.commons.math.MathRuntimeException,136
Thu Aug 24 16:50:58 AEST 2017 Thu Aug 24 16:50:58 AEST 2017 : org.apache.commons.math.util.LocalizedFormats,305=>Find no block
Thu Aug 24 16:50:59 AEST 2017 org.apache.commons.math.util.LocalizedFormats,306
Thu Aug 24 16:51:02 AEST 2017 Thu Aug 24 16:51:02 AEST 2017 : org.apache.commons.math.util.LocalizedFormats,307=>Find no block
Thu Aug 24 16:51:02 AEST 2017 org.apache.commons.math.util.LocalizedFormats,317
Thu Aug 24 16:52:18 AEST 2017 Thu Aug 24 16:52:18 AEST 2017 : org.apache.commons.math.util.LocalizedFormats,324=>Find no block
Thu Aug 24 16:52:18 AEST 2017 org.apache.commons.math.util.LocalizedFormats,330
Thu Aug 24 16:52:19 AEST 2017 org.apache.commons.math.MathRuntimeException,452
Thu Aug 24 16:52:21 AEST 2017 org.apache.commons.math.MathRuntimeException,458
Thu Aug 24 16:52:24 AEST 2017 org.apache.commons.math.optimization.MultiStartUnivariateRealOptimizer,194
Thu Aug 24 16:52:55 AEST 2017 org.apache.commons.math.optimization.MultiStartUnivariateRealOptimizer,193
Thu Aug 24 16:52:55 AEST 2017 org.apache.commons.math.MathRuntimeException,444
Thu Aug 24 16:52:58 AEST 2017 org.apache.commons.math.MathRuntimeException,444
Thu Aug 24 16:52:59 AEST 2017 org.apache.commons.math.ConvergingAlgorithmImpl,78
Thu Aug 24 16:53:49 AEST 2017 Thu Aug 24 16:53:49 AEST 2017 : org.apache.commons.math.ConvergingAlgorithmImpl,79=>Find no block
Thu Aug 24 16:53:50 AEST 2017 org.apache.commons.math.ConvergingAlgorithmImpl,83
Thu Aug 24 16:54:27 AEST 2017 org.apache.commons.math.ConvergingAlgorithmImpl,108
Thu Aug 24 16:55:11 AEST 2017 Thu Aug 24 16:55:11 AEST 2017 : org.apache.commons.math.ConvergingAlgorithmImpl,109=>Find no block
Thu Aug 24 16:55:11 AEST 2017 org.apache.commons.math.ConvergingAlgorithmImpl,113
Thu Aug 24 16:55:40 AEST 2017 org.apache.commons.math.optimization.MultiStartUnivariateRealOptimizer,102
Thu Aug 24 16:55:42 AEST 2017 org.apache.commons.math.optimization.MultiStartUnivariateRealOptimizer,127
Thu Aug 24 16:55:45 AEST 2017 org.apache.commons.math.optimization.MultiStartUnivariateRealOptimizer,147
Thu Aug 24 16:56:22 AEST 2017 Thu Aug 24 16:56:22 AEST 2017 : org.apache.commons.math.optimization.MultiStartUnivariateRealOptimizer,148=>Find no block
Thu Aug 24 16:56:23 AEST 2017 org.apache.commons.math.optimization.MultiStartUnivariateRealOptimizer,162
Thu Aug 24 16:57:00 AEST 2017 Thu Aug 24 16:57:00 AEST 2017 : org.apache.commons.math.optimization.MultiStartUnivariateRealOptimizer,163=>Find no block
Thu Aug 24 16:57:01 AEST 2017 org.apache.commons.math.optimization.univariate.BrentOptimizer,43
Thu Aug 24 16:57:04 AEST 2017 Thu Aug 24 16:57:04 AEST 2017 : org.apache.commons.math.optimization.univariate.BrentOptimizer,44=>Find no block
Thu Aug 24 16:57:05 AEST 2017 org.apache.commons.math.optimization.univariate.AbstractUnivariateRealOptimizer,63
Thu Aug 24 17:00:50 AEST 2017 org.apache.commons.math.optimization.univariate.AbstractUnivariateRealOptimizer,64
Thu Aug 24 17:00:51 AEST 2017 org.apache.commons.math.optimization.univariate.AbstractUnivariateRealOptimizer,65
Thu Aug 24 17:00:52 AEST 2017 Thu Aug 24 17:00:52 AEST 2017 : org.apache.commons.math.optimization.univariate.AbstractUnivariateRealOptimizer,66=>Find no block
Thu Aug 24 17:00:53 AEST 2017 org.apache.commons.math.optimization.univariate.AbstractUnivariateRealOptimizer,113
Thu Aug 24 17:01:18 AEST 2017 Thu Aug 24 17:01:18 AEST 2017 : org.apache.commons.math.optimization.univariate.AbstractUnivariateRealOptimizer,114=>Find no block
Thu Aug 24 17:01:19 AEST 2017 Thu Aug 24 17:01:19 AEST 2017 : org.apache.commons.math.ConvergingAlgorithmImpl,61=>Find no block
Thu Aug 24 17:01:19 AEST 2017 org.apache.commons.math.ConvergingAlgorithmImpl,62
Thu Aug 24 17:03:00 AEST 2017 org.apache.commons.math.ConvergingAlgorithmImpl,63
Thu Aug 24 17:03:01 AEST 2017 org.apache.commons.math.ConvergingAlgorithmImpl,64
Thu Aug 24 17:03:01 AEST 2017 org.apache.commons.math.ConvergingAlgorithmImpl,65
Thu Aug 24 17:03:02 AEST 2017 org.apache.commons.math.ConvergingAlgorithmImpl,66
Thu Aug 24 17:03:03 AEST 2017 org.apache.commons.math.ConvergingAlgorithmImpl,67
Thu Aug 24 17:03:03 AEST 2017 org.apache.commons.math.ConvergingAlgorithmImpl,68
Thu Aug 24 17:03:04 AEST 2017 Thu Aug 24 17:03:04 AEST 2017 : org.apache.commons.math.ConvergingAlgorithmImpl,69=>Find no block
Thu Aug 24 17:03:05 AEST 2017 Thu Aug 24 17:03:05 AEST 2017 : org.apache.commons.math.optimization.MultiStartUnivariateRealOptimizer,80=>Find no block
Thu Aug 24 17:03:06 AEST 2017 org.apache.commons.math.optimization.MultiStartUnivariateRealOptimizer,81
Thu Aug 24 17:04:07 AEST 2017 org.apache.commons.math.optimization.MultiStartUnivariateRealOptimizer,82
Thu Aug 24 17:04:08 AEST 2017 org.apache.commons.math.optimization.MultiStartUnivariateRealOptimizer,83
Thu Aug 24 17:04:09 AEST 2017 org.apache.commons.math.optimization.MultiStartUnivariateRealOptimizer,84
Thu Aug 24 17:04:10 AEST 2017 org.apache.commons.math.optimization.MultiStartUnivariateRealOptimizer,85
Thu Aug 24 17:04:10 AEST 2017 org.apache.commons.math.optimization.MultiStartUnivariateRealOptimizer,86
Thu Aug 24 17:04:11 AEST 2017 org.apache.commons.math.optimization.MultiStartUnivariateRealOptimizer,87
Thu Aug 24 17:04:12 AEST 2017 Thu Aug 24 17:04:12 AEST 2017 : org.apache.commons.math.optimization.MultiStartUnivariateRealOptimizer,88=>Find no block
Thu Aug 24 17:04:12 AEST 2017 org.apache.commons.math.optimization.MultiStartUnivariateRealOptimizer,152
Thu Aug 24 17:04:52 AEST 2017 Thu Aug 24 17:04:52 AEST 2017 : org.apache.commons.math.optimization.MultiStartUnivariateRealOptimizer,153=>Find no block
Thu Aug 24 17:04:53 AEST 2017 org.apache.commons.math.optimization.MultiStartUnivariateRealOptimizer,157
Thu Aug 24 17:04:54 AEST 2017 Thu Aug 24 17:04:54 AEST 2017 : org.apache.commons.math.optimization.MultiStartUnivariateRealOptimizer,158=>Find no block
Thu Aug 24 17:04:54 AEST 2017 Thu Aug 24 17:04:54 AEST 2017 : org.apache.commons.math.random.JDKRandomGenerator,28=>Find no block
Thu Aug 24 17:04:55 AEST 2017 org.apache.commons.math.optimization.univariate.BrentOptimizer,50
Thu Aug 24 17:05:29 AEST 2017 org.apache.commons.math.optimization.univariate.BrentOptimizer,57
Thu Aug 24 17:06:26 AEST 2017 org.apache.commons.math.optimization.univariate.BrentOptimizer,58
Thu Aug 24 17:06:27 AEST 2017 org.apache.commons.math.optimization.univariate.BrentOptimizer,88
Thu Aug 24 17:13:37 AEST 2017 org.apache.commons.math.optimization.univariate.BrentOptimizer,89
Thu Aug 24 17:13:37 AEST 2017 org.apache.commons.math.optimization.univariate.BrentOptimizer,90
Thu Aug 24 17:17:15 AEST 2017 org.apache.commons.math.optimization.univariate.BrentOptimizer,91
Thu Aug 24 17:22:14 AEST 2017 org.apache.commons.math.optimization.univariate.BrentOptimizer,92
Thu Aug 24 17:23:50 AEST 2017 org.apache.commons.math.optimization.univariate.BrentOptimizer,93
Thu Aug 24 17:23:53 AEST 2017 org.apache.commons.math.optimization.univariate.BrentOptimizer,94
Thu Aug 24 17:23:53 AEST 2017 org.apache.commons.math.optimization.univariate.BrentOptimizer,96
Thu Aug 24 17:25:11 AEST 2017 org.apache.commons.math.optimization.univariate.BrentOptimizer,97
Thu Aug 24 17:25:43 AEST 2017 org.apache.commons.math.optimization.univariate.BrentOptimizer,99
Thu Aug 24 17:25:44 AEST 2017 org.apache.commons.math.optimization.univariate.BrentOptimizer,100
Timeout time : 17/08/24 17:32
Current failed test : org.apache.commons.math.optimization.MultiStartUnivariateRealOptimizerTest::testQuinticMin_purify_7 | 17/08/24 17:32
Thu Aug 24 17:33:24 AEST 2017 org.apache.commons.math.optimization.univariate.AbstractUnivariateRealOptimizer,73
Thu Aug 24 17:33:39 AEST 2017 org.apache.commons.math.optimization.univariate.AbstractUnivariateRealOptimizer,79
Thu Aug 24 17:34:15 AEST 2017 org.apache.commons.math.optimization.MultiStartUnivariateRealOptimizer,97
Thu Aug 24 17:34:30 AEST 2017 org.apache.commons.math.MathRuntimeException,136
Thu Aug 24 17:34:41 AEST 2017 org.apache.commons.math.util.LocalizedFormats,317
Thu Aug 24 17:35:56 AEST 2017 Thu Aug 24 17:35:56 AEST 2017 : org.apache.commons.math.util.LocalizedFormats,324=>Find no block
Thu Aug 24 17:35:57 AEST 2017 org.apache.commons.math.util.LocalizedFormats,330
Thu Aug 24 17:35:57 AEST 2017 org.apache.commons.math.MathRuntimeException,452
Thu Aug 24 17:36:00 AEST 2017 org.apache.commons.math.MathRuntimeException,458
Thu Aug 24 17:36:02 AEST 2017 org.apache.commons.math.optimization.univariate.AbstractUnivariateRealOptimizer,72
Thu Aug 24 17:36:03 AEST 2017 org.apache.commons.math.MathRuntimeException,444
Thu Aug 24 17:36:06 AEST 2017 org.apache.commons.math.MathRuntimeException,444
Thu Aug 24 17:36:06 AEST 2017 org.apache.commons.math.ConvergingAlgorithmImpl,78
Thu Aug 24 17:36:58 AEST 2017 Thu Aug 24 17:36:58 AEST 2017 : org.apache.commons.math.ConvergingAlgorithmImpl,79=>Find no block
Thu Aug 24 17:36:58 AEST 2017 org.apache.commons.math.ConvergingAlgorithmImpl,83
Thu Aug 24 17:37:38 AEST 2017 org.apache.commons.math.ConvergingAlgorithmImpl,108
Thu Aug 24 17:38:22 AEST 2017 Thu Aug 24 17:38:22 AEST 2017 : org.apache.commons.math.ConvergingAlgorithmImpl,109=>Find no block
Thu Aug 24 17:38:23 AEST 2017 org.apache.commons.math.ConvergingAlgorithmImpl,113
Thu Aug 24 17:38:51 AEST 2017 org.apache.commons.math.optimization.MultiStartUnivariateRealOptimizer,102
Thu Aug 24 17:38:53 AEST 2017 org.apache.commons.math.optimization.MultiStartUnivariateRealOptimizer,127
Thu Aug 24 17:38:55 AEST 2017 org.apache.commons.math.optimization.MultiStartUnivariateRealOptimizer,147
Thu Aug 24 17:39:32 AEST 2017 Thu Aug 24 17:39:32 AEST 2017 : org.apache.commons.math.optimization.MultiStartUnivariateRealOptimizer,148=>Find no block
Thu Aug 24 17:39:32 AEST 2017 org.apache.commons.math.optimization.MultiStartUnivariateRealOptimizer,162
Thu Aug 24 17:40:08 AEST 2017 Thu Aug 24 17:40:08 AEST 2017 : org.apache.commons.math.optimization.MultiStartUnivariateRealOptimizer,163=>Find no block
Thu Aug 24 17:40:09 AEST 2017 org.apache.commons.math.optimization.univariate.BrentOptimizer,43
Thu Aug 24 17:40:12 AEST 2017 Thu Aug 24 17:40:12 AEST 2017 : org.apache.commons.math.optimization.univariate.BrentOptimizer,44=>Find no block
Thu Aug 24 17:40:12 AEST 2017 org.apache.commons.math.optimization.univariate.AbstractUnivariateRealOptimizer,63
Thu Aug 24 17:43:59 AEST 2017 org.apache.commons.math.optimization.univariate.AbstractUnivariateRealOptimizer,64
Thu Aug 24 17:44:00 AEST 2017 org.apache.commons.math.optimization.univariate.AbstractUnivariateRealOptimizer,65
Thu Aug 24 17:44:01 AEST 2017 Thu Aug 24 17:44:01 AEST 2017 : org.apache.commons.math.optimization.univariate.AbstractUnivariateRealOptimizer,66=>Find no block
Thu Aug 24 17:44:02 AEST 2017 org.apache.commons.math.optimization.univariate.AbstractUnivariateRealOptimizer,113
Thu Aug 24 17:44:27 AEST 2017 Thu Aug 24 17:44:27 AEST 2017 : org.apache.commons.math.optimization.univariate.AbstractUnivariateRealOptimizer,114=>Find no block
Thu Aug 24 17:44:27 AEST 2017 Thu Aug 24 17:44:27 AEST 2017 : org.apache.commons.math.ConvergingAlgorithmImpl,61=>Find no block
Thu Aug 24 17:44:28 AEST 2017 org.apache.commons.math.ConvergingAlgorithmImpl,62
Thu Aug 24 17:46:10 AEST 2017 org.apache.commons.math.ConvergingAlgorithmImpl,63
Thu Aug 24 17:46:11 AEST 2017 org.apache.commons.math.ConvergingAlgorithmImpl,64
Thu Aug 24 17:46:11 AEST 2017 org.apache.commons.math.ConvergingAlgorithmImpl,65
Thu Aug 24 17:46:12 AEST 2017 org.apache.commons.math.ConvergingAlgorithmImpl,66
Thu Aug 24 17:46:13 AEST 2017 org.apache.commons.math.ConvergingAlgorithmImpl,67
Thu Aug 24 17:46:13 AEST 2017 org.apache.commons.math.ConvergingAlgorithmImpl,68
Thu Aug 24 17:46:14 AEST 2017 Thu Aug 24 17:46:14 AEST 2017 : org.apache.commons.math.ConvergingAlgorithmImpl,69=>Find no block
Thu Aug 24 17:46:15 AEST 2017 Thu Aug 24 17:46:15 AEST 2017 : org.apache.commons.math.optimization.MultiStartUnivariateRealOptimizer,80=>Find no block
Thu Aug 24 17:46:15 AEST 2017 org.apache.commons.math.optimization.MultiStartUnivariateRealOptimizer,81
Thu Aug 24 17:47:17 AEST 2017 org.apache.commons.math.optimization.MultiStartUnivariateRealOptimizer,82
Thu Aug 24 17:47:18 AEST 2017 org.apache.commons.math.optimization.MultiStartUnivariateRealOptimizer,83
Thu Aug 24 17:47:19 AEST 2017 org.apache.commons.math.optimization.MultiStartUnivariateRealOptimizer,84
Thu Aug 24 17:47:20 AEST 2017 org.apache.commons.math.optimization.MultiStartUnivariateRealOptimizer,85
Thu Aug 24 17:47:20 AEST 2017 org.apache.commons.math.optimization.MultiStartUnivariateRealOptimizer,86
Thu Aug 24 17:47:21 AEST 2017 org.apache.commons.math.optimization.MultiStartUnivariateRealOptimizer,87
Thu Aug 24 17:47:22 AEST 2017 Thu Aug 24 17:47:22 AEST 2017 : org.apache.commons.math.optimization.MultiStartUnivariateRealOptimizer,88=>Find no block
Thu Aug 24 17:47:22 AEST 2017 org.apache.commons.math.optimization.MultiStartUnivariateRealOptimizer,152
Thu Aug 24 17:48:02 AEST 2017 Thu Aug 24 17:48:02 AEST 2017 : org.apache.commons.math.optimization.MultiStartUnivariateRealOptimizer,153=>Find no block
Thu Aug 24 17:48:03 AEST 2017 org.apache.commons.math.optimization.MultiStartUnivariateRealOptimizer,157
Thu Aug 24 17:48:04 AEST 2017 Thu Aug 24 17:48:04 AEST 2017 : org.apache.commons.math.optimization.MultiStartUnivariateRealOptimizer,158=>Find no block
Thu Aug 24 17:48:04 AEST 2017 Thu Aug 24 17:48:04 AEST 2017 : org.apache.commons.math.random.JDKRandomGenerator,28=>Find no block
Thu Aug 24 17:48:05 AEST 2017 org.apache.commons.math.optimization.univariate.BrentOptimizer,50
Thu Aug 24 17:48:38 AEST 2017 org.apache.commons.math.optimization.univariate.BrentOptimizer,57
Thu Aug 24 17:49:36 AEST 2017 org.apache.commons.math.optimization.univariate.BrentOptimizer,58
Thu Aug 24 17:49:37 AEST 2017 org.apache.commons.math.optimization.univariate.BrentOptimizer,88
Thu Aug 24 17:56:42 AEST 2017 org.apache.commons.math.optimization.univariate.BrentOptimizer,89
Thu Aug 24 17:56:43 AEST 2017 org.apache.commons.math.optimization.univariate.BrentOptimizer,90
Thu Aug 24 18:00:17 AEST 2017 org.apache.commons.math.optimization.univariate.BrentOptimizer,91
Thu Aug 24 18:05:16 AEST 2017 org.apache.commons.math.optimization.univariate.BrentOptimizer,92
Thu Aug 24 18:06:54 AEST 2017 org.apache.commons.math.optimization.univariate.BrentOptimizer,93
Thu Aug 24 18:06:56 AEST 2017 org.apache.commons.math.optimization.univariate.BrentOptimizer,94
Thu Aug 24 18:06:57 AEST 2017 org.apache.commons.math.optimization.univariate.BrentOptimizer,96
Thu Aug 24 18:08:13 AEST 2017 org.apache.commons.math.optimization.univariate.BrentOptimizer,97
Thu Aug 24 18:08:44 AEST 2017 org.apache.commons.math.optimization.univariate.BrentOptimizer,99
Thu Aug 24 18:08:45 AEST 2017 org.apache.commons.math.optimization.univariate.BrentOptimizer,100
Timeout time : 17/08/24 18:15
Current failed test : org.apache.commons.math.optimization.MultiStartUnivariateRealOptimizerTest::testQuinticMin_purify_8 | 17/08/24 18:15
Thu Aug 24 18:16:04 AEST 2017 org.apache.commons.math.optimization.univariate.AbstractUnivariateRealOptimizer,73
Thu Aug 24 18:16:20 AEST 2017 org.apache.commons.math.optimization.MultiStartUnivariateRealOptimizer,92
Thu Aug 24 18:16:22 AEST 2017 org.apache.commons.math.MathRuntimeException,136
Thu Aug 24 18:16:35 AEST 2017 org.apache.commons.math.util.LocalizedFormats,317
Thu Aug 24 18:17:52 AEST 2017 Thu Aug 24 18:17:52 AEST 2017 : org.apache.commons.math.util.LocalizedFormats,324=>Find no block
Thu Aug 24 18:17:53 AEST 2017 org.apache.commons.math.util.LocalizedFormats,330
Thu Aug 24 18:17:54 AEST 2017 org.apache.commons.math.MathRuntimeException,452
Thu Aug 24 18:17:56 AEST 2017 org.apache.commons.math.MathRuntimeException,458
Thu Aug 24 18:17:59 AEST 2017 org.apache.commons.math.optimization.univariate.AbstractUnivariateRealOptimizer,72
Thu Aug 24 18:18:00 AEST 2017 org.apache.commons.math.optimization.univariate.AbstractUnivariateRealOptimizer,85
Thu Aug 24 18:18:33 AEST 2017 org.apache.commons.math.MathRuntimeException,444
Thu Aug 24 18:18:35 AEST 2017 org.apache.commons.math.MathRuntimeException,444
Thu Aug 24 18:18:36 AEST 2017 org.apache.commons.math.ConvergingAlgorithmImpl,78
Thu Aug 24 18:19:27 AEST 2017 Thu Aug 24 18:19:27 AEST 2017 : org.apache.commons.math.ConvergingAlgorithmImpl,79=>Find no block
Thu Aug 24 18:19:27 AEST 2017 org.apache.commons.math.ConvergingAlgorithmImpl,83
Thu Aug 24 18:20:03 AEST 2017 org.apache.commons.math.ConvergingAlgorithmImpl,108
Thu Aug 24 18:20:47 AEST 2017 Thu Aug 24 18:20:47 AEST 2017 : org.apache.commons.math.ConvergingAlgorithmImpl,109=>Find no block
Thu Aug 24 18:20:47 AEST 2017 org.apache.commons.math.ConvergingAlgorithmImpl,113
Thu Aug 24 18:21:16 AEST 2017 org.apache.commons.math.optimization.MultiStartUnivariateRealOptimizer,102
Thu Aug 24 18:21:18 AEST 2017 org.apache.commons.math.optimization.MultiStartUnivariateRealOptimizer,127
Thu Aug 24 18:21:21 AEST 2017 org.apache.commons.math.optimization.MultiStartUnivariateRealOptimizer,147
Thu Aug 24 18:21:57 AEST 2017 Thu Aug 24 18:21:57 AEST 2017 : org.apache.commons.math.optimization.MultiStartUnivariateRealOptimizer,148=>Find no block
Thu Aug 24 18:21:57 AEST 2017 org.apache.commons.math.optimization.MultiStartUnivariateRealOptimizer,162
Thu Aug 24 18:22:33 AEST 2017 Thu Aug 24 18:22:33 AEST 2017 : org.apache.commons.math.optimization.MultiStartUnivariateRealOptimizer,163=>Find no block
Thu Aug 24 18:22:34 AEST 2017 org.apache.commons.math.optimization.univariate.BrentOptimizer,43
Thu Aug 24 18:22:36 AEST 2017 Thu Aug 24 18:22:36 AEST 2017 : org.apache.commons.math.optimization.univariate.BrentOptimizer,44=>Find no block
Thu Aug 24 18:22:36 AEST 2017 org.apache.commons.math.optimization.univariate.AbstractUnivariateRealOptimizer,63
Thu Aug 24 18:26:20 AEST 2017 org.apache.commons.math.optimization.univariate.AbstractUnivariateRealOptimizer,64
Thu Aug 24 18:26:21 AEST 2017 org.apache.commons.math.optimization.univariate.AbstractUnivariateRealOptimizer,65
Thu Aug 24 18:26:22 AEST 2017 Thu Aug 24 18:26:22 AEST 2017 : org.apache.commons.math.optimization.univariate.AbstractUnivariateRealOptimizer,66=>Find no block
Thu Aug 24 18:26:22 AEST 2017 org.apache.commons.math.optimization.univariate.AbstractUnivariateRealOptimizer,113
Thu Aug 24 18:26:56 AEST 2017 Thu Aug 24 18:26:56 AEST 2017 : org.apache.commons.math.optimization.univariate.AbstractUnivariateRealOptimizer,114=>Find no block
Thu Aug 24 18:26:57 AEST 2017 Thu Aug 24 18:26:57 AEST 2017 : org.apache.commons.math.ConvergingAlgorithmImpl,61=>Find no block
Thu Aug 24 18:26:57 AEST 2017 org.apache.commons.math.ConvergingAlgorithmImpl,62
Thu Aug 24 18:28:41 AEST 2017 org.apache.commons.math.ConvergingAlgorithmImpl,63
Thu Aug 24 18:28:42 AEST 2017 org.apache.commons.math.ConvergingAlgorithmImpl,64
Thu Aug 24 18:28:42 AEST 2017 org.apache.commons.math.ConvergingAlgorithmImpl,65
Thu Aug 24 18:28:43 AEST 2017 org.apache.commons.math.ConvergingAlgorithmImpl,66
Thu Aug 24 18:28:44 AEST 2017 org.apache.commons.math.ConvergingAlgorithmImpl,67
Thu Aug 24 18:28:44 AEST 2017 org.apache.commons.math.ConvergingAlgorithmImpl,68
Thu Aug 24 18:28:45 AEST 2017 Thu Aug 24 18:28:45 AEST 2017 : org.apache.commons.math.ConvergingAlgorithmImpl,69=>Find no block
Thu Aug 24 18:28:46 AEST 2017 Thu Aug 24 18:28:46 AEST 2017 : org.apache.commons.math.optimization.MultiStartUnivariateRealOptimizer,80=>Find no block
Thu Aug 24 18:28:46 AEST 2017 org.apache.commons.math.optimization.MultiStartUnivariateRealOptimizer,81
Thu Aug 24 18:29:49 AEST 2017 org.apache.commons.math.optimization.MultiStartUnivariateRealOptimizer,82
Thu Aug 24 18:29:50 AEST 2017 org.apache.commons.math.optimization.MultiStartUnivariateRealOptimizer,83
Thu Aug 24 18:29:51 AEST 2017 org.apache.commons.math.optimization.MultiStartUnivariateRealOptimizer,84
Thu Aug 24 18:29:52 AEST 2017 org.apache.commons.math.optimization.MultiStartUnivariateRealOptimizer,85
Thu Aug 24 18:29:52 AEST 2017 org.apache.commons.math.optimization.MultiStartUnivariateRealOptimizer,86
Thu Aug 24 18:29:53 AEST 2017 org.apache.commons.math.optimization.MultiStartUnivariateRealOptimizer,87
Thu Aug 24 18:29:54 AEST 2017 Thu Aug 24 18:29:54 AEST 2017 : org.apache.commons.math.optimization.MultiStartUnivariateRealOptimizer,88=>Find no block
Thu Aug 24 18:29:54 AEST 2017 org.apache.commons.math.optimization.MultiStartUnivariateRealOptimizer,152
Thu Aug 24 18:30:35 AEST 2017 Thu Aug 24 18:30:35 AEST 2017 : org.apache.commons.math.optimization.MultiStartUnivariateRealOptimizer,153=>Find no block
Thu Aug 24 18:30:35 AEST 2017 org.apache.commons.math.optimization.MultiStartUnivariateRealOptimizer,157
Thu Aug 24 18:30:36 AEST 2017 Thu Aug 24 18:30:36 AEST 2017 : org.apache.commons.math.optimization.MultiStartUnivariateRealOptimizer,158=>Find no block
Thu Aug 24 18:30:37 AEST 2017 Thu Aug 24 18:30:37 AEST 2017 : org.apache.commons.math.random.JDKRandomGenerator,28=>Find no block
Thu Aug 24 18:30:37 AEST 2017 org.apache.commons.math.optimization.univariate.BrentOptimizer,50
Thu Aug 24 18:31:09 AEST 2017 org.apache.commons.math.optimization.univariate.BrentOptimizer,57
Thu Aug 24 18:32:09 AEST 2017 org.apache.commons.math.optimization.univariate.BrentOptimizer,58
Thu Aug 24 18:32:09 AEST 2017 org.apache.commons.math.optimization.univariate.BrentOptimizer,88
Thu Aug 24 18:39:13 AEST 2017 org.apache.commons.math.optimization.univariate.BrentOptimizer,89
Thu Aug 24 18:39:14 AEST 2017 org.apache.commons.math.optimization.univariate.BrentOptimizer,90
Thu Aug 24 18:42:47 AEST 2017 org.apache.commons.math.optimization.univariate.BrentOptimizer,91
Thu Aug 24 18:47:48 AEST 2017 org.apache.commons.math.optimization.univariate.BrentOptimizer,92
Thu Aug 24 18:49:31 AEST 2017 org.apache.commons.math.optimization.univariate.BrentOptimizer,93
Thu Aug 24 18:49:39 AEST 2017 org.apache.commons.math.optimization.univariate.BrentOptimizer,94
Thu Aug 24 18:49:39 AEST 2017 org.apache.commons.math.optimization.univariate.BrentOptimizer,96
Thu Aug 24 18:51:05 AEST 2017 org.apache.commons.math.optimization.univariate.BrentOptimizer,97
Thu Aug 24 18:51:39 AEST 2017 org.apache.commons.math.optimization.univariate.BrentOptimizer,99
Thu Aug 24 18:51:40 AEST 2017 org.apache.commons.math.optimization.univariate.BrentOptimizer,100
Timeout time : 17/08/24 18:58
Current failed test : org.apache.commons.math.optimization.MultiStartUnivariateRealOptimizerTest::testQuinticMin_purify_9 | 17/08/24 18:58
Thu Aug 24 18:59:00 AEST 2017 org.apache.commons.math.MathRuntimeException,136
Thu Aug 24 18:59:12 AEST 2017 org.apache.commons.math.util.LocalizedFormats,317
Thu Aug 24 19:00:27 AEST 2017 Thu Aug 24 19:00:27 AEST 2017 : org.apache.commons.math.util.LocalizedFormats,324=>Find no block
Thu Aug 24 19:00:28 AEST 2017 org.apache.commons.math.util.LocalizedFormats,330
Thu Aug 24 19:00:28 AEST 2017 org.apache.commons.math.MathRuntimeException,452
Thu Aug 24 19:00:32 AEST 2017 org.apache.commons.math.MathRuntimeException,458
Thu Aug 24 19:00:35 AEST 2017 org.apache.commons.math.optimization.MultiStartUnivariateRealOptimizer,194
Thu Aug 24 19:01:07 AEST 2017 org.apache.commons.math.optimization.MultiStartUnivariateRealOptimizer,193
Thu Aug 24 19:01:08 AEST 2017 org.apache.commons.math.MathRuntimeException,444
Thu Aug 24 19:01:10 AEST 2017 org.apache.commons.math.MathRuntimeException,444
Thu Aug 24 19:01:11 AEST 2017 org.apache.commons.math.ConvergingAlgorithmImpl,78
Thu Aug 24 19:02:01 AEST 2017 Thu Aug 24 19:02:01 AEST 2017 : org.apache.commons.math.ConvergingAlgorithmImpl,79=>Find no block
Thu Aug 24 19:02:02 AEST 2017 org.apache.commons.math.ConvergingAlgorithmImpl,83
Thu Aug 24 19:02:39 AEST 2017 org.apache.commons.math.ConvergingAlgorithmImpl,108
Thu Aug 24 19:03:22 AEST 2017 Thu Aug 24 19:03:22 AEST 2017 : org.apache.commons.math.ConvergingAlgorithmImpl,109=>Find no block
Thu Aug 24 19:03:23 AEST 2017 org.apache.commons.math.ConvergingAlgorithmImpl,113
Thu Aug 24 19:03:52 AEST 2017 org.apache.commons.math.optimization.MultiStartUnivariateRealOptimizer,102
Thu Aug 24 19:03:54 AEST 2017 org.apache.commons.math.optimization.MultiStartUnivariateRealOptimizer,127
Thu Aug 24 19:03:57 AEST 2017 org.apache.commons.math.optimization.MultiStartUnivariateRealOptimizer,147
Thu Aug 24 19:04:32 AEST 2017 Thu Aug 24 19:04:32 AEST 2017 : org.apache.commons.math.optimization.MultiStartUnivariateRealOptimizer,148=>Find no block
Thu Aug 24 19:04:33 AEST 2017 org.apache.commons.math.optimization.MultiStartUnivariateRealOptimizer,162
Thu Aug 24 19:05:09 AEST 2017 Thu Aug 24 19:05:09 AEST 2017 : org.apache.commons.math.optimization.MultiStartUnivariateRealOptimizer,163=>Find no block
Thu Aug 24 19:05:10 AEST 2017 org.apache.commons.math.optimization.univariate.BrentOptimizer,43
Thu Aug 24 19:05:12 AEST 2017 Thu Aug 24 19:05:12 AEST 2017 : org.apache.commons.math.optimization.univariate.BrentOptimizer,44=>Find no block
Thu Aug 24 19:05:13 AEST 2017 org.apache.commons.math.optimization.univariate.AbstractUnivariateRealOptimizer,63
Thu Aug 24 19:08:59 AEST 2017 org.apache.commons.math.optimization.univariate.AbstractUnivariateRealOptimizer,64
Thu Aug 24 19:09:00 AEST 2017 org.apache.commons.math.optimization.univariate.AbstractUnivariateRealOptimizer,65
Thu Aug 24 19:09:01 AEST 2017 Thu Aug 24 19:09:01 AEST 2017 : org.apache.commons.math.optimization.univariate.AbstractUnivariateRealOptimizer,66=>Find no block
Thu Aug 24 19:09:01 AEST 2017 org.apache.commons.math.optimization.univariate.AbstractUnivariateRealOptimizer,113
Thu Aug 24 19:09:26 AEST 2017 Thu Aug 24 19:09:26 AEST 2017 : org.apache.commons.math.optimization.univariate.AbstractUnivariateRealOptimizer,114=>Find no block
Thu Aug 24 19:09:27 AEST 2017 Thu Aug 24 19:09:27 AEST 2017 : org.apache.commons.math.ConvergingAlgorithmImpl,61=>Find no block
Thu Aug 24 19:09:27 AEST 2017 org.apache.commons.math.ConvergingAlgorithmImpl,62
Thu Aug 24 19:11:07 AEST 2017 org.apache.commons.math.ConvergingAlgorithmImpl,63
Thu Aug 24 19:11:08 AEST 2017 org.apache.commons.math.ConvergingAlgorithmImpl,64
Thu Aug 24 19:11:09 AEST 2017 org.apache.commons.math.ConvergingAlgorithmImpl,65
Thu Aug 24 19:11:09 AEST 2017 org.apache.commons.math.ConvergingAlgorithmImpl,66
Thu Aug 24 19:11:10 AEST 2017 org.apache.commons.math.ConvergingAlgorithmImpl,67
Thu Aug 24 19:11:11 AEST 2017 org.apache.commons.math.ConvergingAlgorithmImpl,68
Thu Aug 24 19:11:11 AEST 2017 Thu Aug 24 19:11:11 AEST 2017 : org.apache.commons.math.ConvergingAlgorithmImpl,69=>Find no block
Thu Aug 24 19:11:12 AEST 2017 Thu Aug 24 19:11:12 AEST 2017 : org.apache.commons.math.optimization.MultiStartUnivariateRealOptimizer,80=>Find no block
Thu Aug 24 19:11:13 AEST 2017 org.apache.commons.math.optimization.MultiStartUnivariateRealOptimizer,81
Thu Aug 24 19:12:24 AEST 2017 org.apache.commons.math.optimization.MultiStartUnivariateRealOptimizer,82
Thu Aug 24 19:12:25 AEST 2017 org.apache.commons.math.optimization.MultiStartUnivariateRealOptimizer,83
Thu Aug 24 19:12:26 AEST 2017 org.apache.commons.math.optimization.MultiStartUnivariateRealOptimizer,84
Thu Aug 24 19:12:26 AEST 2017 org.apache.commons.math.optimization.MultiStartUnivariateRealOptimizer,85
Thu Aug 24 19:12:27 AEST 2017 org.apache.commons.math.optimization.MultiStartUnivariateRealOptimizer,86
Thu Aug 24 19:12:28 AEST 2017 org.apache.commons.math.optimization.MultiStartUnivariateRealOptimizer,87
Thu Aug 24 19:12:28 AEST 2017 Thu Aug 24 19:12:28 AEST 2017 : org.apache.commons.math.optimization.MultiStartUnivariateRealOptimizer,88=>Find no block
Thu Aug 24 19:12:29 AEST 2017 org.apache.commons.math.optimization.MultiStartUnivariateRealOptimizer,152
Thu Aug 24 19:13:14 AEST 2017 Thu Aug 24 19:13:14 AEST 2017 : org.apache.commons.math.optimization.MultiStartUnivariateRealOptimizer,153=>Find no block
Thu Aug 24 19:13:14 AEST 2017 org.apache.commons.math.optimization.MultiStartUnivariateRealOptimizer,157
Thu Aug 24 19:13:15 AEST 2017 Thu Aug 24 19:13:15 AEST 2017 : org.apache.commons.math.optimization.MultiStartUnivariateRealOptimizer,158=>Find no block
Thu Aug 24 19:13:16 AEST 2017 Thu Aug 24 19:13:16 AEST 2017 : org.apache.commons.math.random.JDKRandomGenerator,28=>Find no block
Thu Aug 24 19:13:16 AEST 2017 org.apache.commons.math.optimization.univariate.BrentOptimizer,50
Thu Aug 24 19:13:49 AEST 2017 org.apache.commons.math.optimization.univariate.BrentOptimizer,57
Thu Aug 24 19:14:46 AEST 2017 org.apache.commons.math.optimization.univariate.BrentOptimizer,58
Thu Aug 24 19:14:47 AEST 2017 org.apache.commons.math.optimization.univariate.BrentOptimizer,88
Thu Aug 24 19:21:51 AEST 2017 org.apache.commons.math.optimization.univariate.BrentOptimizer,89
Thu Aug 24 19:21:55 AEST 2017 org.apache.commons.math.optimization.univariate.BrentOptimizer,90
Thu Aug 24 19:25:29 AEST 2017 org.apache.commons.math.optimization.univariate.BrentOptimizer,91
Thu Aug 24 19:30:24 AEST 2017 org.apache.commons.math.optimization.univariate.BrentOptimizer,92
Thu Aug 24 19:32:02 AEST 2017 org.apache.commons.math.optimization.univariate.BrentOptimizer,93
Thu Aug 24 19:32:05 AEST 2017 org.apache.commons.math.optimization.univariate.BrentOptimizer,94
Thu Aug 24 19:32:06 AEST 2017 org.apache.commons.math.optimization.univariate.BrentOptimizer,96
Thu Aug 24 19:33:20 AEST 2017 org.apache.commons.math.optimization.univariate.BrentOptimizer,97
Thu Aug 24 19:33:51 AEST 2017 org.apache.commons.math.optimization.univariate.BrentOptimizer,99
Thu Aug 24 19:33:52 AEST 2017 org.apache.commons.math.optimization.univariate.BrentOptimizer,100
Timeout time : 17/08/24 19:40
Current failed test : org.apache.commons.math.optimization.MultiStartUnivariateRealOptimizerTest::testQuinticMin_purify_10 | 17/08/24 19:40
Thu Aug 24 19:41:41 AEST 2017 org.apache.commons.math.MathRuntimeException,136
Thu Aug 24 19:41:53 AEST 2017 org.apache.commons.math.util.LocalizedFormats,317
Thu Aug 24 19:43:07 AEST 2017 Thu Aug 24 19:43:07 AEST 2017 : org.apache.commons.math.util.LocalizedFormats,324=>Find no block
Thu Aug 24 19:43:08 AEST 2017 org.apache.commons.math.util.LocalizedFormats,330
Thu Aug 24 19:43:09 AEST 2017 org.apache.commons.math.MathRuntimeException,452
Thu Aug 24 19:43:11 AEST 2017 org.apache.commons.math.MathRuntimeException,458
Thu Aug 24 19:43:14 AEST 2017 org.apache.commons.math.optimization.MultiStartUnivariateRealOptimizer,194
Thu Aug 24 19:43:45 AEST 2017 org.apache.commons.math.optimization.MultiStartUnivariateRealOptimizer,193
Thu Aug 24 19:43:46 AEST 2017 org.apache.commons.math.MathRuntimeException,444
Thu Aug 24 19:43:48 AEST 2017 org.apache.commons.math.MathRuntimeException,444
Thu Aug 24 19:43:49 AEST 2017 org.apache.commons.math.ConvergingAlgorithmImpl,78
Thu Aug 24 19:44:39 AEST 2017 Thu Aug 24 19:44:39 AEST 2017 : org.apache.commons.math.ConvergingAlgorithmImpl,79=>Find no block
Thu Aug 24 19:44:40 AEST 2017 org.apache.commons.math.ConvergingAlgorithmImpl,83
Thu Aug 24 19:45:15 AEST 2017 org.apache.commons.math.ConvergingAlgorithmImpl,108
Thu Aug 24 19:45:59 AEST 2017 Thu Aug 24 19:45:59 AEST 2017 : org.apache.commons.math.ConvergingAlgorithmImpl,109=>Find no block
Thu Aug 24 19:46:00 AEST 2017 org.apache.commons.math.ConvergingAlgorithmImpl,113
Thu Aug 24 19:46:31 AEST 2017 org.apache.commons.math.optimization.MultiStartUnivariateRealOptimizer,102
Thu Aug 24 19:46:33 AEST 2017 org.apache.commons.math.optimization.MultiStartUnivariateRealOptimizer,127
Thu Aug 24 19:46:36 AEST 2017 org.apache.commons.math.optimization.MultiStartUnivariateRealOptimizer,147
Thu Aug 24 19:47:12 AEST 2017 Thu Aug 24 19:47:12 AEST 2017 : org.apache.commons.math.optimization.MultiStartUnivariateRealOptimizer,148=>Find no block
Thu Aug 24 19:47:13 AEST 2017 org.apache.commons.math.optimization.MultiStartUnivariateRealOptimizer,162
Thu Aug 24 19:47:48 AEST 2017 Thu Aug 24 19:47:48 AEST 2017 : org.apache.commons.math.optimization.MultiStartUnivariateRealOptimizer,163=>Find no block
Thu Aug 24 19:47:49 AEST 2017 org.apache.commons.math.optimization.univariate.BrentOptimizer,43
Thu Aug 24 19:47:51 AEST 2017 Thu Aug 24 19:47:51 AEST 2017 : org.apache.commons.math.optimization.univariate.BrentOptimizer,44=>Find no block
Thu Aug 24 19:47:52 AEST 2017 org.apache.commons.math.optimization.univariate.AbstractUnivariateRealOptimizer,63
Thu Aug 24 19:51:36 AEST 2017 org.apache.commons.math.optimization.univariate.AbstractUnivariateRealOptimizer,64
Thu Aug 24 19:51:36 AEST 2017 org.apache.commons.math.optimization.univariate.AbstractUnivariateRealOptimizer,65
Thu Aug 24 19:51:37 AEST 2017 Thu Aug 24 19:51:37 AEST 2017 : org.apache.commons.math.optimization.univariate.AbstractUnivariateRealOptimizer,66=>Find no block
Thu Aug 24 19:51:38 AEST 2017 org.apache.commons.math.optimization.univariate.AbstractUnivariateRealOptimizer,113
Thu Aug 24 19:52:10 AEST 2017 Thu Aug 24 19:52:10 AEST 2017 : org.apache.commons.math.optimization.univariate.AbstractUnivariateRealOptimizer,114=>Find no block
Thu Aug 24 19:52:11 AEST 2017 Thu Aug 24 19:52:11 AEST 2017 : org.apache.commons.math.ConvergingAlgorithmImpl,61=>Find no block
Thu Aug 24 19:52:12 AEST 2017 org.apache.commons.math.ConvergingAlgorithmImpl,62
Thu Aug 24 19:53:54 AEST 2017 org.apache.commons.math.ConvergingAlgorithmImpl,63
Thu Aug 24 19:53:55 AEST 2017 org.apache.commons.math.ConvergingAlgorithmImpl,64
Thu Aug 24 19:53:56 AEST 2017 org.apache.commons.math.ConvergingAlgorithmImpl,65
Thu Aug 24 19:53:56 AEST 2017 org.apache.commons.math.ConvergingAlgorithmImpl,66
Thu Aug 24 19:53:57 AEST 2017 org.apache.commons.math.ConvergingAlgorithmImpl,67
Thu Aug 24 19:53:59 AEST 2017 org.apache.commons.math.ConvergingAlgorithmImpl,68
Thu Aug 24 19:53:59 AEST 2017 Thu Aug 24 19:53:59 AEST 2017 : org.apache.commons.math.ConvergingAlgorithmImpl,69=>Find no block
Thu Aug 24 19:54:00 AEST 2017 Thu Aug 24 19:54:00 AEST 2017 : org.apache.commons.math.optimization.MultiStartUnivariateRealOptimizer,80=>Find no block
Thu Aug 24 19:54:01 AEST 2017 org.apache.commons.math.optimization.MultiStartUnivariateRealOptimizer,81
Thu Aug 24 19:55:02 AEST 2017 org.apache.commons.math.optimization.MultiStartUnivariateRealOptimizer,82
Thu Aug 24 19:55:03 AEST 2017 org.apache.commons.math.optimization.MultiStartUnivariateRealOptimizer,83
Thu Aug 24 19:55:04 AEST 2017 org.apache.commons.math.optimization.MultiStartUnivariateRealOptimizer,84
Thu Aug 24 19:55:04 AEST 2017 org.apache.commons.math.optimization.MultiStartUnivariateRealOptimizer,85
Thu Aug 24 19:55:05 AEST 2017 org.apache.commons.math.optimization.MultiStartUnivariateRealOptimizer,86
Thu Aug 24 19:55:06 AEST 2017 org.apache.commons.math.optimization.MultiStartUnivariateRealOptimizer,87
Thu Aug 24 19:55:06 AEST 2017 Thu Aug 24 19:55:06 AEST 2017 : org.apache.commons.math.optimization.MultiStartUnivariateRealOptimizer,88=>Find no block
Thu Aug 24 19:55:07 AEST 2017 org.apache.commons.math.optimization.MultiStartUnivariateRealOptimizer,152
Thu Aug 24 19:55:50 AEST 2017 Thu Aug 24 19:55:50 AEST 2017 : org.apache.commons.math.optimization.MultiStartUnivariateRealOptimizer,153=>Find no block
Thu Aug 24 19:55:50 AEST 2017 org.apache.commons.math.optimization.MultiStartUnivariateRealOptimizer,157
Thu Aug 24 19:55:51 AEST 2017 Thu Aug 24 19:55:51 AEST 2017 : org.apache.commons.math.optimization.MultiStartUnivariateRealOptimizer,158=>Find no block
Thu Aug 24 19:55:52 AEST 2017 Thu Aug 24 19:55:52 AEST 2017 : org.apache.commons.math.random.JDKRandomGenerator,28=>Find no block
Thu Aug 24 19:55:52 AEST 2017 org.apache.commons.math.optimization.univariate.BrentOptimizer,50
Thu Aug 24 19:56:25 AEST 2017 org.apache.commons.math.optimization.univariate.BrentOptimizer,57
Thu Aug 24 19:57:22 AEST 2017 org.apache.commons.math.optimization.univariate.BrentOptimizer,58
Thu Aug 24 19:57:23 AEST 2017 org.apache.commons.math.optimization.univariate.BrentOptimizer,88
Thu Aug 24 20:04:30 AEST 2017 org.apache.commons.math.optimization.univariate.BrentOptimizer,89
Thu Aug 24 20:04:31 AEST 2017 org.apache.commons.math.optimization.univariate.BrentOptimizer,90
Thu Aug 24 20:08:03 AEST 2017 org.apache.commons.math.optimization.univariate.BrentOptimizer,91
Thu Aug 24 20:13:04 AEST 2017 org.apache.commons.math.optimization.univariate.BrentOptimizer,92
Thu Aug 24 20:14:45 AEST 2017 org.apache.commons.math.optimization.univariate.BrentOptimizer,93
Thu Aug 24 20:14:47 AEST 2017 org.apache.commons.math.optimization.univariate.BrentOptimizer,94
Thu Aug 24 20:14:48 AEST 2017 org.apache.commons.math.optimization.univariate.BrentOptimizer,96
Thu Aug 24 20:16:04 AEST 2017 org.apache.commons.math.optimization.univariate.BrentOptimizer,97
Thu Aug 24 20:16:36 AEST 2017 org.apache.commons.math.optimization.univariate.BrentOptimizer,99
Thu Aug 24 20:16:37 AEST 2017 org.apache.commons.math.optimization.univariate.BrentOptimizer,100
Timeout time : 17/08/24 20:23
