=================================================
Project : math_81	start : 17/08/24 10:22
Current failed test : org.apache.commons.math.linear.EigenDecompositionImplTest::testMath308 | 17/08/24 10:22
Thu Aug 24 10:22:51 AEST 2017 org.apache.commons.math.linear.EigenDecompositionImpl,1509
Thu Aug 24 10:24:57 AEST 2017 org.apache.commons.math.linear.EigenDecompositionImpl,1529
Thu Aug 24 10:32:38 AEST 2017 org.apache.commons.math.linear.EigenDecompositionImpl,1530
Thu Aug 24 10:32:38 AEST 2017 org.apache.commons.math.linear.EigenDecompositionImpl,1533
Thu Aug 24 10:37:29 AEST 2017 org.apache.commons.math.linear.EigenDecompositionImpl,1534
Thu Aug 24 10:39:31 AEST 2017 org.apache.commons.math.linear.EigenDecompositionImpl,1535

----------------------------------------
----------------------------------------
Pass Single Test : [=>0,0]
work[4]=TOLERANCE;
double b1=work[np-2];
double b2=work[np-6];
 final double gam=dN2;

Time : 17/08/24 10:42
----------------------------------------
Thu Aug 24 10:44:27 AEST 2017 org.apache.commons.math.linear.EigenDecompositionImpl,1536

----------------------------------------
----------------------------------------
Pass Single Test : [=>0,0]
double b2=work[np-6];
 final double gam=dN2;
if(b2>0.0&&b2>b2*b1/(1+b2*b2)){
return ;
}

Time : 17/08/24 10:45
----------------------------------------

----------------------------------------
----------------------------------------
Similar code block : 1.2053370772744245 : [/home/similarfix/d4j/projects/math/math_81_buggy/src/main/java/org/apache/commons/math/linear/EigenDecompositionImpl.java=>0,0]
 final double a2=dMin2/(1+b2*b2);
 final double gap2=work[nn-7]+work[nn-9]-Math.sqrt(work[nn-11])*Math.sqrt(work[nn-9])-a2;
if(gap2>0.0&&gap2>b2*a2){
tau=Math.max(s,a2*(1-cnst2*a2));
}else {
tau=Math.max(s,a2*(1-cnst2*b2));
}

Time : 17/08/24 10:46
----------------------------------------

----------------------------------------
----------------------------------------
Original source code : [/home/similarfix/d4j/projects/math/math_81_buggy/src/main/java/org/apache/commons/math/linear/EigenDecompositionImpl.java=>1535,1539]
double b2=work[np-6];
 final double gam=dN2;
if(work[np-8]>b2||work[np-4]>b1){
return ;
}

Time : 17/08/24 10:46
----------------------------------------

----------------------------------------
----------------------------------------
Find a patch : [/home/similarfix/d4j/projects/math/math_81_buggy/src/main/java/org/apache/commons/math/linear/EigenDecompositionImpl.java=>1535,1539]
double b2=work[np-6];
 final double gam=dN2;
if(b2>0.0&&b2>b2*b1/(1+b2*b2)){
return ;
}

Time : 17/08/24 10:46
----------------------------------------
Success time : 17/08/24 10:46
