=================================================
Project : math_87	start : 17/08/24 05:17
Current failed test : org.apache.commons.math.optimization.linear.SimplexSolverTest::testSingleVariableAndConstraint | 17/08/24 05:18
Thu Aug 24 05:19:05 AEST 2017 org.apache.commons.math.optimization.linear.SimplexTableau,291
Thu Aug 24 05:19:10 AEST 2017 org.apache.commons.math.optimization.linear.SimplexSolver,168
Thu Aug 24 05:19:15 AEST 2017 org.apache.commons.math.optimization.linear.SimplexSolver,151
Thu Aug 24 05:21:31 AEST 2017 org.apache.commons.math.optimization.linear.SimplexSolver,190
Thu Aug 24 05:22:16 AEST 2017 org.apache.commons.math.optimization.RealPointValuePair,70
Thu Aug 24 05:23:27 AEST 2017 Thu Aug 24 05:23:27 AEST 2017 : org.apache.commons.math.optimization.RealPointValuePair,48=>Find no block
Thu Aug 24 05:23:28 AEST 2017 org.apache.commons.math.optimization.RealPointValuePair,49
Thu Aug 24 05:26:33 AEST 2017 org.apache.commons.math.optimization.RealPointValuePair,50
Thu Aug 24 05:26:34 AEST 2017 Thu Aug 24 05:26:34 AEST 2017 : org.apache.commons.math.optimization.RealPointValuePair,51=>Find no block
Thu Aug 24 05:26:35 AEST 2017 org.apache.commons.math.optimization.linear.SimplexTableau,325
Thu Aug 24 05:27:26 AEST 2017 org.apache.commons.math.optimization.linear.SimplexTableau,326
Thu Aug 24 05:27:27 AEST 2017 org.apache.commons.math.optimization.linear.SimplexTableau,328
Thu Aug 24 05:27:34 AEST 2017 org.apache.commons.math.optimization.linear.SimplexTableau,329

----------------------------------------
----------------------------------------
Pass Single Test : [=>0,0]
mostNegative=mostNegative-mostNegative;
for(int i=0;i<coefficients.length;i++){
basicRow=getBasicRow(getNumObjectiveFunctions()+i);
if(basicRows.contains(basicRow)){
coefficients[i]=0;
}else {
basicRows.add(basicRow);
coefficients[i]=(basicRow==null?0:getEntry(basicRow,getRhsOffset()))-(restrictToNonNegative?0:mostNegative);
}
}

Time : 17/08/24 05:34
----------------------------------------

----------------------------------------
----------------------------------------
Pass Single Test : [=>0,0]
mostNegative=mostNegative;
mostNegative=mostNegative-mostNegative;
for(int i=0;i<coefficients.length;i++){
basicRow=getBasicRow(getNumObjectiveFunctions()+i);
if(basicRows.contains(basicRow)){
coefficients[i]=0;
}else {
basicRows.add(basicRow);
coefficients[i]=(basicRow==null?0:getEntry(basicRow,getRhsOffset()))-(restrictToNonNegative?0:mostNegative);
}
}

Time : 17/08/24 05:34
----------------------------------------

----------------------------------------
----------------------------------------
Pass Single Test : [=>0,0]
mostNegative=coefficients[0];
for(int i=0;i<coefficients.length;i++){
basicRow=getBasicRow(getNumObjectiveFunctions()+i);
if(basicRows.contains(basicRow)){
coefficients[i]=0;
}else {
basicRows.add(basicRow);
coefficients[i]=(basicRow==null?0:getEntry(basicRow,getRhsOffset()))-(restrictToNonNegative?0:mostNegative);
}
}

Time : 17/08/24 05:39
----------------------------------------
Thu Aug 24 05:52:34 AEST 2017 org.apache.commons.math.optimization.linear.SimplexTableau,330
Thu Aug 24 05:52:46 AEST 2017 org.apache.commons.math.optimization.linear.SimplexTableau,331
Thu Aug 24 05:52:47 AEST 2017 org.apache.commons.math.optimization.linear.SimplexTableau,332
Thu Aug 24 05:52:48 AEST 2017 org.apache.commons.math.optimization.linear.SimplexTableau,337
Thu Aug 24 05:52:49 AEST 2017 org.apache.commons.math.optimization.linear.SimplexTableau,338
Thu Aug 24 05:52:49 AEST 2017 org.apache.commons.math.optimization.linear.SimplexTableau,343

----------------------------------------
----------------------------------------
Pass Single Test : [=>0,0]
mostNegative=mostNegative-mostNegative;
for(int i=0;i<coefficients.length;i++){
basicRow=getBasicRow(getNumObjectiveFunctions()+i);
if(basicRows.contains(basicRow)){
coefficients[i]=0;
}else {
basicRows.add(basicRow);
coefficients[i]=(basicRow==null?0:getEntry(basicRow,getRhsOffset()))-(restrictToNonNegative?0:mostNegative);
}
}
return new RealPointValuePair(coefficients,f.getValue(coefficients));

Time : 17/08/24 06:01
----------------------------------------

----------------------------------------
----------------------------------------
Pass Single Test : [=>0,0]
mostNegative=mostNegative;
mostNegative=mostNegative-mostNegative;
for(int i=0;i<coefficients.length;i++){
basicRow=getBasicRow(getNumObjectiveFunctions()+i);
if(basicRows.contains(basicRow)){
coefficients[i]=0;
}else {
basicRows.add(basicRow);
coefficients[i]=(basicRow==null?0:getEntry(basicRow,getRhsOffset()))-(restrictToNonNegative?0:mostNegative);
}
}
return new RealPointValuePair(coefficients,f.getValue(coefficients));

Time : 17/08/24 06:01
----------------------------------------
Thu Aug 24 06:05:44 AEST 2017 org.apache.commons.math.optimization.linear.SimplexTableau,458
Thu Aug 24 06:05:48 AEST 2017 org.apache.commons.math.optimization.linear.LinearObjectiveFunction,92
Thu Aug 24 06:06:34 AEST 2017 org.apache.commons.math.optimization.linear.SimplexSolver,154
Thu Aug 24 06:10:30 AEST 2017 org.apache.commons.math.optimization.linear.SimplexSolver,192
Thu Aug 24 06:11:32 AEST 2017 org.apache.commons.math.linear.RealVectorImpl,884
Thu Aug 24 06:38:54 AEST 2017 org.apache.commons.math.linear.RealVectorImpl,885
Thu Aug 24 06:38:55 AEST 2017 org.apache.commons.math.linear.RealVectorImpl,886
Thu Aug 24 06:38:56 AEST 2017 org.apache.commons.math.linear.RealVectorImpl,887
Thu Aug 24 06:38:57 AEST 2017 org.apache.commons.math.linear.RealVectorImpl,889
Thu Aug 24 06:38:58 AEST 2017 org.apache.commons.math.linear.RealVectorImpl,1287
Thu Aug 24 06:49:00 AEST 2017 Thu Aug 24 06:49:00 AEST 2017 : org.apache.commons.math.linear.RealVectorImpl,1292=>Find no block
Thu Aug 24 06:49:01 AEST 2017 org.apache.commons.math.optimization.linear.SimplexSolver,146
Thu Aug 24 06:49:02 AEST 2017 org.apache.commons.math.optimization.linear.SimplexSolver,149
Thu Aug 24 06:49:03 AEST 2017 org.apache.commons.math.optimization.linear.SimplexSolver,150
Thu Aug 24 06:49:04 AEST 2017 org.apache.commons.math.optimization.linear.SimplexSolver,188
Thu Aug 24 06:49:04 AEST 2017 org.apache.commons.math.optimization.linear.SimplexSolver,189
Thu Aug 24 06:49:05 AEST 2017 org.apache.commons.math.optimization.linear.SimplexTableau,145
Thu Aug 24 06:49:08 AEST 2017 org.apache.commons.math.optimization.linear.SimplexTableau,161
Thu Aug 24 06:49:12 AEST 2017 org.apache.commons.math.optimization.linear.SimplexTableau,170
Thu Aug 24 06:51:37 AEST 2017 org.apache.commons.math.optimization.linear.SimplexTableau,260
Thu Aug 24 06:53:49 AEST 2017 org.apache.commons.math.optimization.linear.SimplexTableau,261

----------------------------------------
----------------------------------------
Pass Single Test : [=>0,0]
for(double coefficient : coefficients.getData()){
sum-=sum;
}

Time : 17/08/24 06:56
----------------------------------------
Thu Aug 24 06:57:23 AEST 2017 org.apache.commons.math.optimization.linear.SimplexTableau,262
Thu Aug 24 06:57:24 AEST 2017 org.apache.commons.math.optimization.linear.SimplexTableau,264
Thu Aug 24 06:57:25 AEST 2017 org.apache.commons.math.optimization.linear.SimplexTableau,290
Thu Aug 24 06:57:26 AEST 2017 org.apache.commons.math.optimization.linear.SimplexTableau,356
Thu Aug 24 07:02:43 AEST 2017 org.apache.commons.math.optimization.linear.SimplexTableau,357
Thu Aug 24 07:02:44 AEST 2017 Thu Aug 24 07:02:44 AEST 2017 : org.apache.commons.math.optimization.linear.SimplexTableau,359=>Find no block
Thu Aug 24 07:02:45 AEST 2017 org.apache.commons.math.optimization.linear.SimplexTableau,474
Thu Aug 24 07:03:27 AEST 2017 org.apache.commons.math.optimization.linear.SimplexSolver,42
Thu Aug 24 07:03:32 AEST 2017 Thu Aug 24 07:03:32 AEST 2017 : org.apache.commons.math.optimization.linear.SimplexSolver,43=>Find no block
Thu Aug 24 07:03:33 AEST 2017 Thu Aug 24 07:03:33 AEST 2017 : org.apache.commons.math.optimization.linear.SimplexSolver,49=>Find no block
Thu Aug 24 07:03:34 AEST 2017 org.apache.commons.math.optimization.linear.SimplexSolver,50
Thu Aug 24 07:04:03 AEST 2017 Thu Aug 24 07:04:03 AEST 2017 : org.apache.commons.math.optimization.linear.SimplexSolver,51=>Find no block
Thu Aug 24 07:04:04 AEST 2017 org.apache.commons.math.optimization.linear.SimplexSolver,59
Thu Aug 24 07:10:40 AEST 2017 org.apache.commons.math.optimization.linear.SimplexSolver,60
Thu Aug 24 07:10:41 AEST 2017 org.apache.commons.math.optimization.linear.SimplexSolver,61
Thu Aug 24 07:10:42 AEST 2017 org.apache.commons.math.optimization.linear.SimplexSolver,62
Thu Aug 24 07:10:43 AEST 2017 org.apache.commons.math.optimization.linear.SimplexSolver,63
Thu Aug 24 07:10:44 AEST 2017 org.apache.commons.math.optimization.linear.SimplexSolver,64
Thu Aug 24 07:10:45 AEST 2017 org.apache.commons.math.optimization.linear.SimplexSolver,67
Thu Aug 24 07:10:46 AEST 2017 org.apache.commons.math.optimization.linear.SimplexSolver,77
Thu Aug 24 07:24:54 AEST 2017 org.apache.commons.math.optimization.linear.SimplexSolver,78
Thu Aug 24 07:24:54 AEST 2017 org.apache.commons.math.optimization.linear.SimplexSolver,79
Thu Aug 24 07:24:55 AEST 2017 org.apache.commons.math.optimization.linear.SimplexSolver,80
Thu Aug 24 07:24:56 AEST 2017 org.apache.commons.math.optimization.linear.SimplexSolver,81
Thu Aug 24 07:24:57 AEST 2017 org.apache.commons.math.optimization.linear.SimplexSolver,82
Thu Aug 24 07:24:58 AEST 2017 org.apache.commons.math.optimization.linear.SimplexSolver,83
Thu Aug 24 07:24:59 AEST 2017 org.apache.commons.math.optimization.linear.SimplexSolver,84
Thu Aug 24 07:24:59 AEST 2017 org.apache.commons.math.optimization.linear.SimplexSolver,85
Thu Aug 24 07:25:00 AEST 2017 org.apache.commons.math.optimization.linear.SimplexSolver,89
Thu Aug 24 07:28:50 AEST 2017 org.apache.commons.math.optimization.linear.SimplexSolver,102
Thu Aug 24 07:29:42 AEST 2017 org.apache.commons.math.optimization.linear.SimplexSolver,104
Thu Aug 24 07:29:43 AEST 2017 org.apache.commons.math.optimization.linear.SimplexSolver,105
Thu Aug 24 07:30:31 AEST 2017 org.apache.commons.math.optimization.linear.SimplexSolver,106
Thu Aug 24 07:30:34 AEST 2017 org.apache.commons.math.optimization.linear.SimplexSolver,111
Thu Aug 24 07:31:38 AEST 2017 org.apache.commons.math.optimization.linear.SimplexSolver,112
Thu Aug 24 07:37:40 AEST 2017 org.apache.commons.math.optimization.linear.SimplexSolver,115
Thu Aug 24 07:37:40 AEST 2017 org.apache.commons.math.optimization.linear.SimplexSolver,116
Thu Aug 24 07:37:41 AEST 2017 org.apache.commons.math.optimization.linear.SimplexSolver,117
Thu Aug 24 07:37:42 AEST 2017 org.apache.commons.math.optimization.linear.SimplexSolver,118
Thu Aug 24 07:37:43 AEST 2017 Thu Aug 24 07:37:43 AEST 2017 : org.apache.commons.math.optimization.linear.SimplexSolver,121=>Find no block
Thu Aug 24 07:37:44 AEST 2017 org.apache.commons.math.optimization.linear.SimplexSolver,167
Thu Aug 24 07:37:45 AEST 2017 org.apache.commons.math.optimization.linear.SimplexSolver,185
Thu Aug 24 07:37:46 AEST 2017 org.apache.commons.math.optimization.linear.SimplexSolver,187
Thu Aug 24 07:37:46 AEST 2017 Thu Aug 24 07:37:46 AEST 2017 : org.apache.commons.math.optimization.linear.AbstractLinearOptimizer,61=>Find no block
Thu Aug 24 07:37:48 AEST 2017 org.apache.commons.math.optimization.linear.AbstractLinearOptimizer,62
Thu Aug 24 07:38:34 AEST 2017 Thu Aug 24 07:38:34 AEST 2017 : org.apache.commons.math.optimization.linear.AbstractLinearOptimizer,63=>Find no block
Thu Aug 24 07:38:34 AEST 2017 org.apache.commons.math.optimization.linear.AbstractLinearOptimizer,67
Thu Aug 24 07:39:14 AEST 2017 Thu Aug 24 07:39:14 AEST 2017 : org.apache.commons.math.optimization.linear.AbstractLinearOptimizer,68=>Find no block
Thu Aug 24 07:39:14 AEST 2017 org.apache.commons.math.optimization.linear.AbstractLinearOptimizer,86
Thu Aug 24 07:41:49 AEST 2017 Thu Aug 24 07:41:49 AEST 2017 : org.apache.commons.math.optimization.linear.AbstractLinearOptimizer,91=>Find no block
Thu Aug 24 07:41:50 AEST 2017 org.apache.commons.math.optimization.linear.AbstractLinearOptimizer,100
Thu Aug 24 07:42:30 AEST 2017 org.apache.commons.math.optimization.linear.AbstractLinearOptimizer,101
Thu Aug 24 07:42:31 AEST 2017 org.apache.commons.math.optimization.linear.AbstractLinearOptimizer,102
Thu Aug 24 07:42:32 AEST 2017 org.apache.commons.math.optimization.linear.AbstractLinearOptimizer,103
Thu Aug 24 07:42:33 AEST 2017 org.apache.commons.math.optimization.linear.AbstractLinearOptimizer,105
Thu Aug 24 07:42:34 AEST 2017 org.apache.commons.math.optimization.linear.AbstractLinearOptimizer,108
Thu Aug 24 07:42:35 AEST 2017 org.apache.commons.math.util.MathUtils,367
Thu Aug 24 07:45:23 AEST 2017 org.apache.commons.math.util.MathUtils,368
Thu Aug 24 07:45:23 AEST 2017 org.apache.commons.math.util.MathUtils,369
Thu Aug 24 07:45:24 AEST 2017 org.apache.commons.math.util.MathUtils,370
Thu Aug 24 07:45:24 AEST 2017 org.apache.commons.math.util.MathUtils,372
Thu Aug 24 07:46:32 AEST 2017 org.apache.commons.math.optimization.linear.SimplexTableau,435
Thu Aug 24 07:46:34 AEST 2017 org.apache.commons.math.linear.RealVectorImpl,338
Thu Aug 24 08:04:22 AEST 2017 org.apache.commons.math.linear.RealVectorImpl,339
Thu Aug 24 08:23:33 AEST 2017 org.apache.commons.math.linear.RealVectorImpl,340
Thu Aug 24 08:23:34 AEST 2017 org.apache.commons.math.linear.RealVectorImpl,342
Thu Aug 24 08:23:35 AEST 2017 org.apache.commons.math.optimization.linear.LinearConstraint,81
Thu Aug 24 08:23:54 AEST 2017 Thu Aug 24 08:23:54 AEST 2017 : org.apache.commons.math.optimization.linear.LinearConstraint,82=>Find no block
Thu Aug 24 08:23:55 AEST 2017 org.apache.commons.math.optimization.linear.SimplexTableau,273
Thu Aug 24 08:31:17 AEST 2017 org.apache.commons.math.optimization.linear.SimplexTableau,274
Thu Aug 24 08:31:17 AEST 2017 org.apache.commons.math.optimization.linear.SimplexTableau,275
Thu Aug 24 08:31:18 AEST 2017 org.apache.commons.math.optimization.linear.SimplexTableau,276
Thu Aug 24 08:31:19 AEST 2017 org.apache.commons.math.optimization.linear.SimplexTableau,277
Thu Aug 24 08:31:20 AEST 2017 org.apache.commons.math.optimization.linear.SimplexTableau,283
Thu Aug 24 08:31:20 AEST 2017 org.apache.commons.math.optimization.linear.SimplexTableau,373
Thu Aug 24 08:35:36 AEST 2017 org.apache.commons.math.optimization.linear.SimplexTableau,374
Thu Aug 24 08:35:37 AEST 2017 Thu Aug 24 08:35:37 AEST 2017 : org.apache.commons.math.optimization.linear.SimplexTableau,377=>Find no block
Thu Aug 24 08:35:38 AEST 2017 org.apache.commons.math.optimization.linear.SimplexTableau,384
Thu Aug 24 08:35:55 AEST 2017 org.apache.commons.math.optimization.linear.SimplexTableau,392
Thu Aug 24 08:36:12 AEST 2017 org.apache.commons.math.optimization.linear.SimplexTableau,401
Thu Aug 24 08:36:35 AEST 2017 org.apache.commons.math.optimization.linear.SimplexTableau,419
Thu Aug 24 08:36:37 AEST 2017 org.apache.commons.math.util.MathUtils,395
Thu Aug 24 08:36:41 AEST 2017 org.apache.commons.math.util.MathUtils,411
Thu Aug 24 08:39:05 AEST 2017 org.apache.commons.math.linear.RealMatrixImpl,354
Thu Aug 24 08:39:09 AEST 2017 org.apache.commons.math.linear.RealMatrixImpl,367
Thu Aug 24 08:39:13 AEST 2017 Thu Aug 24 08:39:13 AEST 2017 : org.apache.commons.math.linear.RealMatrixImpl,372=>Find no block
Thu Aug 24 08:39:13 AEST 2017 Thu Aug 24 08:39:13 AEST 2017 : org.apache.commons.math.linear.RealMatrixImpl,373=>Find no block
Thu Aug 24 08:39:14 AEST 2017 Thu Aug 24 08:39:14 AEST 2017 : org.apache.commons.math.optimization.linear.LinearConstraint,99=>Find no block
Thu Aug 24 08:39:15 AEST 2017 org.apache.commons.math.optimization.linear.LinearConstraint,100
Thu Aug 24 08:40:29 AEST 2017 org.apache.commons.math.optimization.linear.LinearConstraint,101
Thu Aug 24 08:40:30 AEST 2017 org.apache.commons.math.optimization.linear.LinearConstraint,102
Thu Aug 24 08:40:31 AEST 2017 Thu Aug 24 08:40:31 AEST 2017 : org.apache.commons.math.optimization.linear.LinearConstraint,103=>Find no block
Thu Aug 24 08:40:32 AEST 2017 org.apache.commons.math.optimization.linear.LinearConstraint,168
Thu Aug 24 08:40:34 AEST 2017 org.apache.commons.math.optimization.linear.LinearConstraint,176
Thu Aug 24 08:40:36 AEST 2017 org.apache.commons.math.optimization.linear.LinearConstraint,184
Thu Aug 24 08:41:05 AEST 2017 Thu Aug 24 08:41:05 AEST 2017 : org.apache.commons.math.optimization.linear.SimplexTableau,104=>Find no block
Thu Aug 24 08:41:06 AEST 2017 org.apache.commons.math.optimization.linear.SimplexTableau,105
Thu Aug 24 08:42:15 AEST 2017 org.apache.commons.math.optimization.linear.SimplexTableau,106
Thu Aug 24 08:42:16 AEST 2017 org.apache.commons.math.optimization.linear.SimplexTableau,107
Thu Aug 24 08:42:17 AEST 2017 org.apache.commons.math.optimization.linear.SimplexTableau,108
Thu Aug 24 08:42:18 AEST 2017 org.apache.commons.math.optimization.linear.SimplexTableau,109
Thu Aug 24 08:42:18 AEST 2017 org.apache.commons.math.optimization.linear.SimplexTableau,110
Thu Aug 24 08:42:19 AEST 2017 org.apache.commons.math.optimization.linear.SimplexTableau,112
Thu Aug 24 08:42:20 AEST 2017 org.apache.commons.math.optimization.linear.SimplexTableau,114
Thu Aug 24 08:42:21 AEST 2017 org.apache.commons.math.optimization.linear.SimplexTableau,115
Thu Aug 24 08:42:21 AEST 2017 Thu Aug 24 08:42:21 AEST 2017 : org.apache.commons.math.optimization.linear.SimplexTableau,116=>Find no block
Thu Aug 24 08:42:22 AEST 2017 org.apache.commons.math.optimization.linear.SimplexTableau,126
Thu Aug 24 08:43:52 AEST 2017 org.apache.commons.math.optimization.linear.SimplexTableau,127
Thu Aug 24 08:43:53 AEST 2017 org.apache.commons.math.optimization.linear.SimplexTableau,129
Thu Aug 24 08:46:53 AEST 2017 org.apache.commons.math.optimization.linear.SimplexTableau,130
Thu Aug 24 08:48:03 AEST 2017 org.apache.commons.math.optimization.linear.SimplexTableau,133
Thu Aug 24 08:48:06 AEST 2017 org.apache.commons.math.optimization.linear.SimplexTableau,136
Thu Aug 24 08:49:05 AEST 2017 org.apache.commons.math.optimization.linear.SimplexTableau,137
Thu Aug 24 08:49:56 AEST 2017 org.apache.commons.math.optimization.linear.SimplexTableau,138
Thu Aug 24 08:51:09 AEST 2017 org.apache.commons.math.optimization.linear.SimplexTableau,140
Thu Aug 24 08:52:17 AEST 2017 org.apache.commons.math.optimization.linear.SimplexTableau,141
Thu Aug 24 08:53:30 AEST 2017 org.apache.commons.math.optimization.linear.SimplexTableau,144
Thu Aug 24 08:53:31 AEST 2017 org.apache.commons.math.optimization.linear.SimplexTableau,150
Thu Aug 24 08:54:18 AEST 2017 org.apache.commons.math.optimization.linear.SimplexTableau,151
Thu Aug 24 08:54:19 AEST 2017 org.apache.commons.math.optimization.linear.SimplexTableau,152
Thu Aug 24 09:06:53 AEST 2017 org.apache.commons.math.optimization.linear.SimplexTableau,153
Thu Aug 24 09:13:09 AEST 2017 org.apache.commons.math.optimization.linear.SimplexTableau,154
Thu Aug 24 09:13:09 AEST 2017 org.apache.commons.math.optimization.linear.SimplexTableau,157
Thu Aug 24 09:16:50 AEST 2017 org.apache.commons.math.optimization.linear.SimplexTableau,160
Thu Aug 24 09:16:51 AEST 2017 org.apache.commons.math.optimization.linear.SimplexTableau,166
Thu Aug 24 09:19:32 AEST 2017 org.apache.commons.math.optimization.linear.SimplexTableau,169
Thu Aug 24 09:19:32 AEST 2017 org.apache.commons.math.optimization.linear.SimplexTableau,176
Thu Aug 24 09:19:37 AEST 2017 org.apache.commons.math.optimization.linear.SimplexTableau,183
Thu Aug 24 09:26:54 AEST 2017 org.apache.commons.math.optimization.linear.SimplexTableau,190
Thu Aug 24 09:26:57 AEST 2017 org.apache.commons.math.optimization.linear.SimplexTableau,198
Thu Aug 24 09:28:06 AEST 2017 org.apache.commons.math.optimization.linear.SimplexTableau,199
Thu Aug 24 09:30:10 AEST 2017 org.apache.commons.math.optimization.linear.SimplexTableau,200
Thu Aug 24 09:30:10 AEST 2017 Thu Aug 24 09:30:10 AEST 2017 : org.apache.commons.math.optimization.linear.SimplexTableau,201=>Find no block
Thu Aug 24 09:30:11 AEST 2017 org.apache.commons.math.optimization.linear.SimplexTableau,202
Thu Aug 24 09:30:13 AEST 2017 org.apache.commons.math.optimization.linear.SimplexTableau,211
Thu Aug 24 09:30:16 AEST 2017 org.apache.commons.math.optimization.linear.SimplexTableau,216
Thu Aug 24 09:30:19 AEST 2017 org.apache.commons.math.optimization.linear.SimplexTableau,225
Thu Aug 24 09:30:26 AEST 2017 org.apache.commons.math.optimization.linear.SimplexTableau,234
Thu Aug 24 09:32:42 AEST 2017 org.apache.commons.math.optimization.linear.SimplexTableau,235
Thu Aug 24 09:32:42 AEST 2017 org.apache.commons.math.optimization.linear.SimplexTableau,236
Thu Aug 24 09:32:43 AEST 2017 org.apache.commons.math.optimization.linear.SimplexTableau,237
Thu Aug 24 09:32:44 AEST 2017 Thu Aug 24 09:32:44 AEST 2017 : org.apache.commons.math.optimization.linear.SimplexTableau,239=>Find no block
Thu Aug 24 09:32:45 AEST 2017 org.apache.commons.math.optimization.linear.SimplexTableau,240
Thu Aug 24 09:32:45 AEST 2017 org.apache.commons.math.optimization.linear.SimplexTableau,248
Thu Aug 24 09:39:59 AEST 2017 Thu Aug 24 09:39:59 AEST 2017 : org.apache.commons.math.optimization.linear.SimplexTableau,252=>Find no block
Thu Aug 24 09:39:59 AEST 2017 org.apache.commons.math.optimization.linear.SimplexTableau,314
Thu Aug 24 09:44:33 AEST 2017 Thu Aug 24 09:44:33 AEST 2017 : org.apache.commons.math.optimization.linear.SimplexTableau,315=>Find no block
Thu Aug 24 09:44:34 AEST 2017 org.apache.commons.math.optimization.linear.LinearObjectiveFunction,58
Thu Aug 24 09:44:38 AEST 2017 Thu Aug 24 09:44:38 AEST 2017 : org.apache.commons.math.optimization.linear.LinearObjectiveFunction,59=>Find no block
Thu Aug 24 09:44:39 AEST 2017 Thu Aug 24 09:44:39 AEST 2017 : org.apache.commons.math.optimization.linear.LinearObjectiveFunction,65=>Find no block
Thu Aug 24 09:44:40 AEST 2017 org.apache.commons.math.optimization.linear.LinearObjectiveFunction,66
Thu Aug 24 09:45:17 AEST 2017 org.apache.commons.math.optimization.linear.LinearObjectiveFunction,67
Thu Aug 24 09:45:18 AEST 2017 Thu Aug 24 09:45:18 AEST 2017 : org.apache.commons.math.optimization.linear.LinearObjectiveFunction,68=>Find no block
Thu Aug 24 09:45:19 AEST 2017 org.apache.commons.math.optimization.linear.LinearObjectiveFunction,75
Thu Aug 24 09:45:20 AEST 2017 org.apache.commons.math.optimization.linear.LinearObjectiveFunction,83
Thu Aug 24 09:45:24 AEST 2017 Thu Aug 24 09:45:24 AEST 2017 : org.apache.commons.math.linear.RealVectorImpl,77=>Find no block
Thu Aug 24 09:45:24 AEST 2017 org.apache.commons.math.linear.RealVectorImpl,78
Thu Aug 24 09:47:20 AEST 2017 Thu Aug 24 09:47:20 AEST 2017 : org.apache.commons.math.linear.RealVectorImpl,79=>Find no block
Thu Aug 24 09:47:21 AEST 2017 org.apache.commons.math.linear.RealVectorImpl,854
Thu Aug 24 09:49:28 AEST 2017 org.apache.commons.math.linear.RealVectorImpl,1157
Failed time : 17/08/24 09:50
