=================================================
Project : math_93	start : 17/08/24 05:17
Current failed test : org.apache.commons.math.util.MathUtilsTest::testFactorial_purify_1 | 17/08/24 05:18
Thu Aug 24 05:19:29 AEST 2017 org.apache.commons.math.util.MathUtils,350
Thu Aug 24 05:21:42 AEST 2017 org.apache.commons.math.util.MathUtils,345
Thu Aug 24 05:21:43 AEST 2017 org.apache.commons.math.util.MathUtils,346
Thu Aug 24 05:21:46 AEST 2017 org.apache.commons.math.util.MathUtils,399
Thu Aug 24 05:30:31 AEST 2017 org.apache.commons.math.util.MathUtils,374
Thu Aug 24 05:31:21 AEST 2017 org.apache.commons.math.util.MathUtils,377
Thu Aug 24 05:33:07 AEST 2017 org.apache.commons.math.util.MathUtils,394
Thu Aug 24 05:33:59 AEST 2017 org.apache.commons.math.util.MathUtils,397
Thu Aug 24 05:42:39 AEST 2017 org.apache.commons.math.util.MathUtils,398
Thu Aug 24 05:42:40 AEST 2017 org.apache.commons.math.util.MathUtils,401
Thu Aug 24 05:42:40 AEST 2017 org.apache.commons.math.util.MathUtils,63
Thu Aug 24 05:42:43 AEST 2017 Thu Aug 24 05:42:43 AEST 2017 : org.apache.commons.math.util.MathUtils,64=>Find no block
Thu Aug 24 05:42:43 AEST 2017 org.apache.commons.math.util.MathUtils,77
Thu Aug 24 05:43:01 AEST 2017 org.apache.commons.math.util.MathUtils,78
Thu Aug 24 05:43:04 AEST 2017 org.apache.commons.math.util.MathUtils,79
Thu Aug 24 05:43:04 AEST 2017 org.apache.commons.math.util.MathUtils,81
Thu Aug 24 05:43:05 AEST 2017 org.apache.commons.math.util.MathUtils,95
Thu Aug 24 05:43:07 AEST 2017 org.apache.commons.math.util.MathUtils,111
Thu Aug 24 05:45:40 AEST 2017 org.apache.commons.math.util.MathUtils,113
Thu Aug 24 05:45:43 AEST 2017 org.apache.commons.math.util.MathUtils,117
Thu Aug 24 05:45:43 AEST 2017 org.apache.commons.math.util.MathUtils,118
Thu Aug 24 05:45:44 AEST 2017 org.apache.commons.math.util.MathUtils,120
Thu Aug 24 05:45:45 AEST 2017 org.apache.commons.math.util.MathUtils,121
Thu Aug 24 05:45:46 AEST 2017 org.apache.commons.math.util.MathUtils,123
Thu Aug 24 05:45:46 AEST 2017 org.apache.commons.math.util.MathUtils,127
Thu Aug 24 05:45:47 AEST 2017 org.apache.commons.math.util.MathUtils,134
Thu Aug 24 05:45:47 AEST 2017 org.apache.commons.math.util.MathUtils,135
Thu Aug 24 05:45:48 AEST 2017 org.apache.commons.math.util.MathUtils,137
Thu Aug 24 05:45:49 AEST 2017 org.apache.commons.math.util.MathUtils,141
Thu Aug 24 05:46:41 AEST 2017 org.apache.commons.math.util.MathUtils,170
Thu Aug 24 05:49:23 AEST 2017 org.apache.commons.math.util.MathUtils,171
Thu Aug 24 05:49:26 AEST 2017 org.apache.commons.math.util.MathUtils,174
Thu Aug 24 05:50:35 AEST 2017 org.apache.commons.math.util.MathUtils,175
Thu Aug 24 05:50:36 AEST 2017 org.apache.commons.math.util.MathUtils,178
Thu Aug 24 05:56:13 AEST 2017 org.apache.commons.math.util.MathUtils,179
Thu Aug 24 05:56:14 AEST 2017 org.apache.commons.math.util.MathUtils,181
Thu Aug 24 06:02:09 AEST 2017 org.apache.commons.math.util.MathUtils,182
Thu Aug 24 06:02:11 AEST 2017 org.apache.commons.math.util.MathUtils,185
Thu Aug 24 06:12:24 AEST 2017 org.apache.commons.math.util.MathUtils,186
Thu Aug 24 06:12:25 AEST 2017 org.apache.commons.math.util.MathUtils,187
Thu Aug 24 06:12:25 AEST 2017 org.apache.commons.math.util.MathUtils,190
Thu Aug 24 06:12:29 AEST 2017 org.apache.commons.math.util.MathUtils,216
Thu Aug 24 06:13:32 AEST 2017 org.apache.commons.math.util.MathUtils,238
Thu Aug 24 06:13:33 AEST 2017 org.apache.commons.math.util.MathUtils,239
Thu Aug 24 06:13:33 AEST 2017 org.apache.commons.math.util.MathUtils,242
Thu Aug 24 06:13:34 AEST 2017 org.apache.commons.math.util.MathUtils,243
Thu Aug 24 06:13:34 AEST 2017 org.apache.commons.math.util.MathUtils,246
Thu Aug 24 06:20:41 AEST 2017 org.apache.commons.math.util.MathUtils,247
Thu Aug 24 06:20:42 AEST 2017 org.apache.commons.math.util.MathUtils,249
Thu Aug 24 06:28:25 AEST 2017 org.apache.commons.math.util.MathUtils,250
Thu Aug 24 06:28:26 AEST 2017 org.apache.commons.math.util.MathUtils,252
Thu Aug 24 06:58:25 AEST 2017 org.apache.commons.math.util.MathUtils,255
Thu Aug 24 06:58:25 AEST 2017 org.apache.commons.math.util.MathUtils,256
Thu Aug 24 06:58:26 AEST 2017 org.apache.commons.math.util.MathUtils,260
Thu Aug 24 07:07:18 AEST 2017 org.apache.commons.math.util.MathUtils,261
Thu Aug 24 07:07:19 AEST 2017 org.apache.commons.math.util.MathUtils,264
Thu Aug 24 07:14:09 AEST 2017 org.apache.commons.math.util.MathUtils,275
Thu Aug 24 07:15:18 AEST 2017 org.apache.commons.math.util.MathUtils,287
Thu Aug 24 07:15:27 AEST 2017 org.apache.commons.math.util.MathUtils,301
Thu Aug 24 07:18:04 AEST 2017 org.apache.commons.math.util.MathUtils,302
Thu Aug 24 07:18:04 AEST 2017 org.apache.commons.math.util.MathUtils,304
Thu Aug 24 07:27:00 AEST 2017 org.apache.commons.math.util.MathUtils,305
Thu Aug 24 07:27:01 AEST 2017 org.apache.commons.math.util.MathUtils,307
Thu Aug 24 07:39:25 AEST 2017 org.apache.commons.math.util.MathUtils,308
Thu Aug 24 07:39:28 AEST 2017 org.apache.commons.math.util.MathUtils,309
Thu Aug 24 07:39:29 AEST 2017 org.apache.commons.math.util.MathUtils,312
Thu Aug 24 07:59:03 AEST 2017 org.apache.commons.math.util.MathUtils,347
Thu Aug 24 07:59:04 AEST 2017 org.apache.commons.math.util.MathUtils,375
Thu Aug 24 07:59:07 AEST 2017 org.apache.commons.math.util.MathUtils,395
Thu Aug 24 07:59:08 AEST 2017 org.apache.commons.math.util.MathUtils,418
Thu Aug 24 08:01:27 AEST 2017 org.apache.commons.math.util.MathUtils,419
Thu Aug 24 08:01:27 AEST 2017 org.apache.commons.math.util.MathUtils,426
Thu Aug 24 08:01:44 AEST 2017 org.apache.commons.math.util.MathUtils,427
Thu Aug 24 08:01:45 AEST 2017 org.apache.commons.math.util.MathUtils,429
Thu Aug 24 08:02:24 AEST 2017 org.apache.commons.math.util.MathUtils,430
Thu Aug 24 08:02:25 AEST 2017 org.apache.commons.math.util.MathUtils,433
Thu Aug 24 08:05:17 AEST 2017 org.apache.commons.math.util.MathUtils,434
Thu Aug 24 08:05:18 AEST 2017 org.apache.commons.math.util.MathUtils,436
Thu Aug 24 08:05:19 AEST 2017 org.apache.commons.math.util.MathUtils,437
Thu Aug 24 08:05:21 AEST 2017 org.apache.commons.math.util.MathUtils,438
Thu Aug 24 08:05:21 AEST 2017 org.apache.commons.math.util.MathUtils,440
Thu Aug 24 08:06:43 AEST 2017 org.apache.commons.math.util.MathUtils,441
Thu Aug 24 08:06:44 AEST 2017 org.apache.commons.math.util.MathUtils,445
Thu Aug 24 08:07:53 AEST 2017 org.apache.commons.math.util.MathUtils,451
Thu Aug 24 08:08:31 AEST 2017 org.apache.commons.math.util.MathUtils,452
Thu Aug 24 08:08:32 AEST 2017 org.apache.commons.math.util.MathUtils,455
Thu Aug 24 08:09:17 AEST 2017 org.apache.commons.math.util.MathUtils,456
Thu Aug 24 08:09:18 AEST 2017 org.apache.commons.math.util.MathUtils,458
Thu Aug 24 08:09:18 AEST 2017 org.apache.commons.math.util.MathUtils,461
Thu Aug 24 08:09:20 AEST 2017 org.apache.commons.math.util.MathUtils,464
Thu Aug 24 08:09:21 AEST 2017 org.apache.commons.math.util.MathUtils,465
Thu Aug 24 08:10:17 AEST 2017 org.apache.commons.math.util.MathUtils,475
Thu Aug 24 08:10:32 AEST 2017 org.apache.commons.math.util.MathUtils,486
Thu Aug 24 08:10:34 AEST 2017 org.apache.commons.math.util.MathUtils,497
Thu Aug 24 08:11:28 AEST 2017 org.apache.commons.math.util.MathUtils,509
Thu Aug 24 08:12:42 AEST 2017 org.apache.commons.math.util.MathUtils,510
Thu Aug 24 08:12:43 AEST 2017 org.apache.commons.math.util.MathUtils,512
Thu Aug 24 08:14:00 AEST 2017 org.apache.commons.math.util.MathUtils,523
Thu Aug 24 08:14:54 AEST 2017 org.apache.commons.math.util.MathUtils,524
Thu Aug 24 08:14:54 AEST 2017 org.apache.commons.math.util.MathUtils,526
Thu Aug 24 08:15:27 AEST 2017 org.apache.commons.math.util.MathUtils,536
Thu Aug 24 08:15:29 AEST 2017 org.apache.commons.math.util.MathUtils,546
Thu Aug 24 08:15:31 AEST 2017 org.apache.commons.math.util.MathUtils,557
Thu Aug 24 08:16:23 AEST 2017 org.apache.commons.math.util.MathUtils,570
Thu Aug 24 08:16:45 AEST 2017 org.apache.commons.math.util.MathUtils,590
Thu Aug 24 08:17:46 AEST 2017 org.apache.commons.math.util.MathUtils,604
Thu Aug 24 08:18:07 AEST 2017 org.apache.commons.math.util.MathUtils,605
Thu Aug 24 08:18:11 AEST 2017 org.apache.commons.math.util.MathUtils,606
Thu Aug 24 08:18:11 AEST 2017 org.apache.commons.math.util.MathUtils,608
Thu Aug 24 08:18:14 AEST 2017 org.apache.commons.math.util.MathUtils,623
Thu Aug 24 08:21:14 AEST 2017 org.apache.commons.math.util.MathUtils,624
Thu Aug 24 08:21:32 AEST 2017 org.apache.commons.math.util.MathUtils,626
Thu Aug 24 08:21:38 AEST 2017 org.apache.commons.math.util.MathUtils,628
Thu Aug 24 08:21:38 AEST 2017 org.apache.commons.math.util.MathUtils,629
Thu Aug 24 08:21:39 AEST 2017 org.apache.commons.math.util.MathUtils,631
Thu Aug 24 08:21:40 AEST 2017 org.apache.commons.math.util.MathUtils,632
Thu Aug 24 08:21:40 AEST 2017 org.apache.commons.math.util.MathUtils,634
Thu Aug 24 08:21:41 AEST 2017 org.apache.commons.math.util.MathUtils,636
Thu Aug 24 08:21:41 AEST 2017 org.apache.commons.math.util.MathUtils,638
Thu Aug 24 08:21:43 AEST 2017 org.apache.commons.math.util.MathUtils,639
Thu Aug 24 08:21:44 AEST 2017 org.apache.commons.math.util.MathUtils,641
Thu Aug 24 08:21:44 AEST 2017 org.apache.commons.math.util.MathUtils,646
Thu Aug 24 08:21:45 AEST 2017 org.apache.commons.math.util.MathUtils,648
Thu Aug 24 08:21:46 AEST 2017 org.apache.commons.math.util.MathUtils,653
Thu Aug 24 08:21:46 AEST 2017 org.apache.commons.math.util.MathUtils,654
Thu Aug 24 08:21:46 AEST 2017 org.apache.commons.math.util.MathUtils,656
Thu Aug 24 08:21:47 AEST 2017 org.apache.commons.math.util.MathUtils,660
Thu Aug 24 08:21:48 AEST 2017 org.apache.commons.math.util.MathUtils,663
Thu Aug 24 08:22:09 AEST 2017 org.apache.commons.math.util.MathUtils,686
Thu Aug 24 08:24:29 AEST 2017 org.apache.commons.math.util.MathUtils,687
Thu Aug 24 08:24:30 AEST 2017 org.apache.commons.math.util.MathUtils,688
Thu Aug 24 08:24:30 AEST 2017 org.apache.commons.math.util.MathUtils,689
Thu Aug 24 08:24:31 AEST 2017 org.apache.commons.math.util.MathUtils,695
Thu Aug 24 08:27:27 AEST 2017 org.apache.commons.math.util.MathUtils,696
Thu Aug 24 08:29:54 AEST 2017 org.apache.commons.math.util.MathUtils,697
Thu Aug 24 08:30:29 AEST 2017 org.apache.commons.math.util.MathUtils,698
Thu Aug 24 08:30:30 AEST 2017 org.apache.commons.math.util.MathUtils,700
Thu Aug 24 08:31:36 AEST 2017 org.apache.commons.math.util.MathUtils,702
Thu Aug 24 08:31:36 AEST 2017 org.apache.commons.math.util.MathUtils,703
Thu Aug 24 08:31:37 AEST 2017 org.apache.commons.math.util.MathUtils,706
Thu Aug 24 08:31:37 AEST 2017 org.apache.commons.math.util.MathUtils,711
Thu Aug 24 08:31:38 AEST 2017 org.apache.commons.math.util.MathUtils,712
Thu Aug 24 08:31:38 AEST 2017 org.apache.commons.math.util.MathUtils,716
Thu Aug 24 08:31:39 AEST 2017 org.apache.commons.math.util.MathUtils,735
Thu Aug 24 08:33:00 AEST 2017 org.apache.commons.math.util.MathUtils,736
Thu Aug 24 08:33:01 AEST 2017 org.apache.commons.math.util.MathUtils,740
Thu Aug 24 08:35:23 AEST 2017 org.apache.commons.math.util.MathUtils,741
Thu Aug 24 08:35:24 AEST 2017 org.apache.commons.math.util.MathUtils,742
Thu Aug 24 08:35:25 AEST 2017 org.apache.commons.math.util.MathUtils,745
Thu Aug 24 08:35:25 AEST 2017 org.apache.commons.math.util.MathUtils,746
Thu Aug 24 08:35:26 AEST 2017 org.apache.commons.math.util.MathUtils,770
Thu Aug 24 08:35:39 AEST 2017 org.apache.commons.math.util.MathUtils,783
Thu Aug 24 08:35:41 AEST 2017 org.apache.commons.math.util.MathUtils,800
Thu Aug 24 08:35:45 AEST 2017 Thu Aug 24 08:35:45 AEST 2017 : org.apache.commons.math.util.MathUtils,804=>Find no block
Thu Aug 24 08:35:45 AEST 2017 org.apache.commons.math.util.MathUtils,805
Thu Aug 24 08:37:12 AEST 2017 org.apache.commons.math.util.MathUtils,806
Thu Aug 24 08:37:12 AEST 2017 org.apache.commons.math.util.MathUtils,808
Thu Aug 24 08:37:13 AEST 2017 org.apache.commons.math.util.MathUtils,823
Thu Aug 24 08:37:14 AEST 2017 org.apache.commons.math.util.MathUtils,839
Thu Aug 24 08:37:55 AEST 2017 org.apache.commons.math.util.MathUtils,840
Thu Aug 24 08:37:56 AEST 2017 org.apache.commons.math.util.MathUtils,841
Thu Aug 24 08:37:57 AEST 2017 Thu Aug 24 08:37:57 AEST 2017 : org.apache.commons.math.util.MathUtils,858=>Find no block
Thu Aug 24 08:37:58 AEST 2017 org.apache.commons.math.util.MathUtils,860
Thu Aug 24 08:40:50 AEST 2017 org.apache.commons.math.util.MathUtils,861
Thu Aug 24 08:40:51 AEST 2017 org.apache.commons.math.util.MathUtils,863
Thu Aug 24 08:40:51 AEST 2017 org.apache.commons.math.util.MathUtils,865
Thu Aug 24 08:42:22 AEST 2017 org.apache.commons.math.util.MathUtils,867
Thu Aug 24 08:43:07 AEST 2017 org.apache.commons.math.util.MathUtils,868
Thu Aug 24 08:43:52 AEST 2017 org.apache.commons.math.util.MathUtils,870
Thu Aug 24 08:47:28 AEST 2017 org.apache.commons.math.util.MathUtils,871
Thu Aug 24 08:47:29 AEST 2017 org.apache.commons.math.util.MathUtils,873
Thu Aug 24 08:47:30 AEST 2017 org.apache.commons.math.util.MathUtils,875
Thu Aug 24 08:48:47 AEST 2017 org.apache.commons.math.util.MathUtils,877
Thu Aug 24 08:50:37 AEST 2017 org.apache.commons.math.util.MathUtils,878
Thu Aug 24 08:50:38 AEST 2017 org.apache.commons.math.util.MathUtils,879
Thu Aug 24 08:51:59 AEST 2017 org.apache.commons.math.util.MathUtils,880
Thu Aug 24 08:52:00 AEST 2017 org.apache.commons.math.util.MathUtils,882
Thu Aug 24 08:52:00 AEST 2017 org.apache.commons.math.util.MathUtils,884
Thu Aug 24 08:53:24 AEST 2017 org.apache.commons.math.util.MathUtils,887
Thu Aug 24 08:58:15 AEST 2017 org.apache.commons.math.util.MathUtils,888
Thu Aug 24 08:58:16 AEST 2017 org.apache.commons.math.util.MathUtils,889
Thu Aug 24 08:58:17 AEST 2017 org.apache.commons.math.util.MathUtils,890
Thu Aug 24 08:58:17 AEST 2017 org.apache.commons.math.util.MathUtils,891
Thu Aug 24 08:58:18 AEST 2017 org.apache.commons.math.util.MathUtils,894
Thu Aug 24 08:58:18 AEST 2017 org.apache.commons.math.util.MathUtils,896
Thu Aug 24 08:58:19 AEST 2017 org.apache.commons.math.util.MathUtils,898
Thu Aug 24 08:58:19 AEST 2017 org.apache.commons.math.util.MathUtils,901
Thu Aug 24 08:59:45 AEST 2017 org.apache.commons.math.util.MathUtils,904
Thu Aug 24 09:01:32 AEST 2017 org.apache.commons.math.util.MathUtils,905
Thu Aug 24 09:01:33 AEST 2017 org.apache.commons.math.util.MathUtils,906
Thu Aug 24 09:02:48 AEST 2017 org.apache.commons.math.util.MathUtils,907
Thu Aug 24 09:02:49 AEST 2017 org.apache.commons.math.util.MathUtils,909
Thu Aug 24 09:02:50 AEST 2017 org.apache.commons.math.util.MathUtils,911
Thu Aug 24 09:04:09 AEST 2017 org.apache.commons.math.util.MathUtils,914
Thu Aug 24 09:06:02 AEST 2017 org.apache.commons.math.util.MathUtils,915
Thu Aug 24 09:06:03 AEST 2017 org.apache.commons.math.util.MathUtils,919
Thu Aug 24 09:06:48 AEST 2017 org.apache.commons.math.util.MathUtils,920
Thu Aug 24 09:07:22 AEST 2017 org.apache.commons.math.util.MathUtils,922
Thu Aug 24 09:07:26 AEST 2017 org.apache.commons.math.util.MathUtils,924
Thu Aug 24 09:10:48 AEST 2017 org.apache.commons.math.util.MathUtils,938
Failed time : 17/08/24 09:11
