=================================================
Project : math_25	start : 18/01/14 01:56
Current failed test : org.apache.commons.math3.optimization.fitting.HarmonicFitterTest::testMath844 | 18/01/14 01:58
Sun Jan 14 01:59:44 AEDT 2018 org.apache.commons.math3.optimization.fitting.HarmonicFitter,326
Sun Jan 14 02:00:10 AEDT 2018 org.apache.commons.math3.optimization.fitting.HarmonicFitter,327
Sun Jan 14 02:00:18 AEDT 2018 org.apache.commons.math3.optimization.fitting.HarmonicFitter,201
Sun Jan 14 02:15:03 AEDT 2018 Sun Jan 14 02:15:03 AEDT 2018 : org.apache.commons.math3.optimization.fitting.HarmonicFitter,202=>Find no block
Sun Jan 14 02:15:11 AEDT 2018 org.apache.commons.math3.optimization.fitting.HarmonicFitter,215
Sun Jan 14 02:15:31 AEDT 2018 org.apache.commons.math3.optimization.fitting.HarmonicFitter,216
Sun Jan 14 02:15:40 AEDT 2018 org.apache.commons.math3.optimization.fitting.HarmonicFitter,217
Sun Jan 14 02:15:48 AEDT 2018 org.apache.commons.math3.optimization.fitting.HarmonicFitter,218
Sun Jan 14 02:15:56 AEDT 2018 org.apache.commons.math3.optimization.fitting.HarmonicFitter,228
Sun Jan 14 02:22:11 AEDT 2018 org.apache.commons.math3.optimization.fitting.HarmonicFitter,229
Sun Jan 14 02:47:03 AEDT 2018 org.apache.commons.math3.optimization.fitting.HarmonicFitter,230
Sun Jan 14 02:47:31 AEDT 2018 org.apache.commons.math3.optimization.fitting.HarmonicFitter,231
Sun Jan 14 02:47:39 AEDT 2018 org.apache.commons.math3.optimization.fitting.HarmonicFitter,232
Sun Jan 14 02:47:47 AEDT 2018 Sun Jan 14 02:47:47 AEDT 2018 : org.apache.commons.math3.optimization.fitting.HarmonicFitter,246=>Find no block
Sun Jan 14 02:47:54 AEDT 2018 org.apache.commons.math3.optimization.fitting.HarmonicFitter,259
Sun Jan 14 02:48:14 AEDT 2018 org.apache.commons.math3.optimization.fitting.HarmonicFitter,260
Sun Jan 14 02:48:22 AEDT 2018 org.apache.commons.math3.optimization.fitting.HarmonicFitter,261
Sun Jan 14 02:48:41 AEDT 2018 org.apache.commons.math3.optimization.fitting.HarmonicFitter,262
Sun Jan 14 02:48:59 AEDT 2018 org.apache.commons.math3.optimization.fitting.HarmonicFitter,263
Sun Jan 14 02:50:27 AEDT 2018 org.apache.commons.math3.optimization.fitting.HarmonicFitter,265
Sun Jan 14 02:51:56 AEDT 2018 org.apache.commons.math3.optimization.fitting.HarmonicFitter,266
Sun Jan 14 02:53:33 AEDT 2018 org.apache.commons.math3.optimization.fitting.HarmonicFitter,267
Sun Jan 14 02:54:53 AEDT 2018 org.apache.commons.math3.optimization.fitting.HarmonicFitter,268
Sun Jan 14 02:56:09 AEDT 2018 org.apache.commons.math3.optimization.fitting.HarmonicFitter,269
Sun Jan 14 02:56:18 AEDT 2018 org.apache.commons.math3.optimization.fitting.HarmonicFitter,270
Sun Jan 14 03:47:22 AEDT 2018 org.apache.commons.math3.optimization.fitting.HarmonicFitter,272
Sun Jan 14 03:53:09 AEDT 2018 org.apache.commons.math3.optimization.fitting.HarmonicFitter,273
Sun Jan 14 03:53:17 AEDT 2018 org.apache.commons.math3.optimization.fitting.HarmonicFitter,274
Sun Jan 14 03:58:24 AEDT 2018 org.apache.commons.math3.optimization.fitting.HarmonicFitter,275
Sun Jan 14 04:04:36 AEDT 2018 org.apache.commons.math3.optimization.fitting.HarmonicFitter,279
Sun Jan 14 04:16:24 AEDT 2018 org.apache.commons.math3.optimization.fitting.HarmonicFitter,280
Sun Jan 14 04:26:20 AEDT 2018 org.apache.commons.math3.optimization.fitting.HarmonicFitter,281
Sun Jan 14 04:30:09 AEDT 2018 org.apache.commons.math3.optimization.fitting.HarmonicFitter,283
Sun Jan 14 04:39:36 AEDT 2018 org.apache.commons.math3.optimization.fitting.HarmonicFitter,285
Sun Jan 14 05:00:43 AEDT 2018 org.apache.commons.math3.optimization.fitting.HarmonicFitter,286
Sun Jan 14 05:18:58 AEDT 2018 org.apache.commons.math3.optimization.fitting.HarmonicFitter,287
Sun Jan 14 05:28:56 AEDT 2018 org.apache.commons.math3.optimization.fitting.HarmonicFitter,289
Sun Jan 14 05:36:07 AEDT 2018 org.apache.commons.math3.optimization.fitting.HarmonicFitter,290
Sun Jan 14 05:42:18 AEDT 2018 org.apache.commons.math3.optimization.fitting.HarmonicFitter,291
Sun Jan 14 05:48:19 AEDT 2018 org.apache.commons.math3.optimization.fitting.HarmonicFitter,292
Sun Jan 14 05:55:31 AEDT 2018 org.apache.commons.math3.optimization.fitting.HarmonicFitter,293
Sun Jan 14 05:55:38 AEDT 2018 org.apache.commons.math3.optimization.fitting.HarmonicFitter,297
Sun Jan 14 05:57:56 AEDT 2018 org.apache.commons.math3.optimization.fitting.HarmonicFitter,298
Sun Jan 14 05:58:04 AEDT 2018 org.apache.commons.math3.optimization.fitting.HarmonicFitter,299
Sun Jan 14 05:58:12 AEDT 2018 org.apache.commons.math3.optimization.fitting.HarmonicFitter,300
Sun Jan 14 06:46:05 AEDT 2018 Sun Jan 14 06:46:05 AEDT 2018 : org.apache.commons.math3.optimization.fitting.HarmonicFitter,329=>Find no block
Sun Jan 14 06:46:10 AEDT 2018 org.apache.commons.math3.optimization.fitting.HarmonicFitter,336
Sun Jan 14 06:47:36 AEDT 2018 org.apache.commons.math3.optimization.fitting.HarmonicFitter,337
Sun Jan 14 06:47:43 AEDT 2018 org.apache.commons.math3.optimization.fitting.HarmonicFitter,339
Sun Jan 14 06:49:08 AEDT 2018 org.apache.commons.math3.optimization.fitting.HarmonicFitter,340
Sun Jan 14 06:49:16 AEDT 2018 org.apache.commons.math3.optimization.fitting.HarmonicFitter,341
Timeout time : 18/01/14 06:59
