=================================================
Project : math_30	start : 18/01/14 07:27
Current failed test : org.apache.commons.math3.stat.inference.MannWhitneyUTestTest::testBigDataSet | 18/01/14 07:28
Sun Jan 14 07:29:56 AEDT 2018 org.apache.commons.math3.util.ArithmeticUtils,299
Sun Jan 14 07:34:06 AEDT 2018 org.apache.commons.math3.util.ArithmeticUtils,303
Sun Jan 14 07:41:11 AEDT 2018 org.apache.commons.math3.util.ArithmeticUtils,306
Sun Jan 14 07:45:51 AEDT 2018 org.apache.commons.math3.util.FastMath,920
Sun Jan 14 07:48:48 AEDT 2018 org.apache.commons.math3.util.FastMath,1220
Sun Jan 14 07:54:54 AEDT 2018 org.apache.commons.math3.util.FastMath,1221
Sun Jan 14 07:55:01 AEDT 2018 org.apache.commons.math3.util.FastMath,1222
Sun Jan 14 08:06:55 AEDT 2018 org.apache.commons.math3.util.FastMath,1223
Sun Jan 14 08:23:53 AEDT 2018 org.apache.commons.math3.util.FastMath,1224
Sun Jan 14 08:34:56 AEDT 2018 org.apache.commons.math3.util.FastMath,1227
Sun Jan 14 08:47:17 AEDT 2018 org.apache.commons.math3.util.FastMath,1228
Sun Jan 14 08:53:40 AEDT 2018 org.apache.commons.math3.util.FastMath,1229
Sun Jan 14 09:06:16 AEDT 2018 org.apache.commons.math3.util.FastMath,1230
Sun Jan 14 09:20:43 AEDT 2018 org.apache.commons.math3.util.FastMath,1233
Sun Jan 14 09:29:13 AEDT 2018 org.apache.commons.math3.util.FastMath,1234
Sun Jan 14 09:29:18 AEDT 2018 org.apache.commons.math3.util.FastMath,1236
Sun Jan 14 10:17:48 AEDT 2018 org.apache.commons.math3.util.FastMath,1238
Sun Jan 14 10:32:54 AEDT 2018 org.apache.commons.math3.util.FastMath,1239
Sun Jan 14 10:32:58 AEDT 2018 org.apache.commons.math3.util.FastMath,1241
Sun Jan 14 10:49:57 AEDT 2018 org.apache.commons.math3.util.FastMath,1242
Sun Jan 14 11:19:05 AEDT 2018 org.apache.commons.math3.util.FastMath,1243
Sun Jan 14 11:37:06 AEDT 2018 org.apache.commons.math3.util.FastMath,1246
Sun Jan 14 11:53:28 AEDT 2018 org.apache.commons.math3.util.FastMath,1247
Sun Jan 14 12:15:17 AEDT 2018 org.apache.commons.math3.util.FastMath,1249
Timeout time : 18/01/14 12:29
