=================================================
Project : math_32	start : 18/01/14 02:04
Current failed test : org.apache.commons.math3.geometry.euclidean.threed.PolyhedronsSetTest::testIssue780 | 18/01/14 02:05
Sun Jan 14 02:06:30 AEDT 2018 org.apache.commons.math3.geometry.partitioning.utilities.AVLTree,167
Sun Jan 14 02:15:41 AEDT 2018 org.apache.commons.math3.geometry.euclidean.threed.PolyhedronsSet,83
Sun Jan 14 02:15:55 AEDT 2018 Sun Jan 14 02:15:55 AEDT 2018 : org.apache.commons.math3.geometry.euclidean.threed.PolyhedronsSet,84=>Find no block
Sun Jan 14 02:16:01 AEDT 2018 org.apache.commons.math3.geometry.euclidean.twod.SubLine,56
Sun Jan 14 02:16:15 AEDT 2018 Sun Jan 14 02:16:15 AEDT 2018 : org.apache.commons.math3.geometry.euclidean.twod.SubLine,57=>Find no block
Sun Jan 14 02:16:22 AEDT 2018 org.apache.commons.math3.geometry.euclidean.twod.SubLine,139
Sun Jan 14 02:16:37 AEDT 2018 org.apache.commons.math3.geometry.euclidean.twod.SubLine,140
Sun Jan 14 02:16:42 AEDT 2018 org.apache.commons.math3.geometry.euclidean.twod.PolygonsSet,135
Sun Jan 14 02:18:24 AEDT 2018 org.apache.commons.math3.geometry.euclidean.twod.PolygonsSet,136
Sun Jan 14 02:18:40 AEDT 2018 org.apache.commons.math3.geometry.euclidean.twod.PolygonsSet,330
Sun Jan 14 02:18:56 AEDT 2018 org.apache.commons.math3.util.FastMath,2480

----------------------------------------
----------------------------------------
Pass Single Test : [=>0,0]
 final double denom=1.0/(1.0+(xa+xb)*(TANGENT_TABLE_A[idx]+TANGENT_TABLE_B[idx]));
ya=epsA*denom;
yb=ya*denom;

Time : 18/01/14 02:25
----------------------------------------

----------------------------------------
----------------------------------------
Pass Single Test : [=>0,0]
 final double denom=1.0/(1.0+(xa+xb)*(TANGENT_TABLE_A[idx]+TANGENT_TABLE_B[idx]));
ya=epsA*denom;
yb=epsA*denom;

Time : 18/01/14 02:38
----------------------------------------

----------------------------------------
----------------------------------------
Pass Single Test : [=>0,0]
yb+=epsB/E;
 final double denom=1.0/(1.0+(xa+xb)*(TANGENT_TABLE_A[idx]+TANGENT_TABLE_B[idx]));
ya=epsA*denom;
yb=epsA*denom;

Time : 18/01/14 02:41
----------------------------------------

----------------------------------------
----------------------------------------
Pass Single Test : [=>0,0]
 final double denom=1.0/(1.0+(xa+xb)*(TANGENT_TABLE_A[idx]+TANGENT_TABLE_B[idx]));
ya=epsA*denom;
temp=denom+epsA;
yb=temp*ya;

Time : 18/01/14 02:43
----------------------------------------

----------------------------------------
----------------------------------------
Pass Single Test : [=>0,0]
 final double denom=1.0/(1.0+(xa+xb)*(TANGENT_TABLE_A[idx]+TANGENT_TABLE_B[idx]));
ya=epsA*denom;
temp=denom+epsB;
yb=temp*ya;

Time : 18/01/14 02:47
----------------------------------------
Sun Jan 14 02:54:02 AEDT 2018 org.apache.commons.math3.util.FastMath,2482
Sun Jan 14 02:54:08 AEDT 2018 org.apache.commons.math3.util.FastMath,2483
Sun Jan 14 02:54:15 AEDT 2018 Sun Jan 14 02:54:15 AEDT 2018 : org.apache.commons.math3.util.FastMath,2484=>Find no block
Sun Jan 14 02:54:21 AEDT 2018 org.apache.commons.math3.geometry.euclidean.threed.Plane,81
Sun Jan 14 02:54:36 AEDT 2018 Sun Jan 14 02:54:36 AEDT 2018 : org.apache.commons.math3.geometry.euclidean.threed.Plane,82=>Find no block
Sun Jan 14 02:54:41 AEDT 2018 org.apache.commons.math3.geometry.partitioning.AbstractRegion,204
Sun Jan 14 02:55:37 AEDT 2018 org.apache.commons.math3.geometry.partitioning.AbstractRegion,205
Sun Jan 14 02:56:21 AEDT 2018 org.apache.commons.math3.geometry.partitioning.AbstractRegion,206
Sun Jan 14 02:58:34 AEDT 2018 org.apache.commons.math3.geometry.partitioning.AbstractRegion,207
Sun Jan 14 03:00:12 AEDT 2018 org.apache.commons.math3.geometry.euclidean.threed.Plane,324
Sun Jan 14 03:00:26 AEDT 2018 org.apache.commons.math3.geometry.euclidean.threed.Plane,406
Sun Jan 14 03:01:54 AEDT 2018 org.apache.commons.math3.geometry.euclidean.threed.Plane,427
Sun Jan 14 03:03:19 AEDT 2018 org.apache.commons.math3.geometry.euclidean.threed.SubPlane,63
Sun Jan 14 03:03:33 AEDT 2018 org.apache.commons.math3.geometry.euclidean.threed.SubPlane,64
Sun Jan 14 03:03:36 AEDT 2018 org.apache.commons.math3.geometry.euclidean.threed.SubPlane,105
Sun Jan 14 03:03:52 AEDT 2018 org.apache.commons.math3.geometry.euclidean.threed.SubPlane,106
Sun Jan 14 03:03:59 AEDT 2018 org.apache.commons.math3.util.MathArrays,674
Sun Jan 14 03:07:24 AEDT 2018 org.apache.commons.math3.util.MathArrays,675
Sun Jan 14 03:07:30 AEDT 2018 org.apache.commons.math3.util.MathArrays,676
Sun Jan 14 03:17:05 AEDT 2018 org.apache.commons.math3.util.MathArrays,677
Sun Jan 14 03:21:20 AEDT 2018 org.apache.commons.math3.util.MathArrays,678
Sun Jan 14 03:22:37 AEDT 2018 org.apache.commons.math3.util.MathArrays,679
Sun Jan 14 03:39:33 AEDT 2018 org.apache.commons.math3.util.MathArrays,682
Sun Jan 14 03:44:18 AEDT 2018 org.apache.commons.math3.util.MathArrays,683
Sun Jan 14 04:29:26 AEDT 2018 org.apache.commons.math3.util.MathArrays,686
Sun Jan 14 04:41:27 AEDT 2018 org.apache.commons.math3.util.MathArrays,687
Sun Jan 14 04:49:08 AEDT 2018 org.apache.commons.math3.util.MathArrays,688
Sun Jan 14 04:56:10 AEDT 2018 org.apache.commons.math3.util.MathArrays,689

----------------------------------------
----------------------------------------
Pass Single Test : [=>0,0]
 final double a2Low=a2-a2High;
 final double cb2=SPLIT_FACTOR*b2;
 final double b2High=a2Low-(cb2-a2High);

Time : 18/01/14 04:58
----------------------------------------

----------------------------------------
----------------------------------------
Pass Single Test : [=>0,0]
 final double a2Low=a2-a2High;
 final double cb2=SPLIT_FACTOR*b2;
 final double b2High=cb2-(a2Low-a2High);

Time : 18/01/14 05:01
----------------------------------------

----------------------------------------
----------------------------------------
Pass Single Test : [=>0,0]
 final double a2Low=a2-a2High;
 final double cb2=SPLIT_FACTOR*b2;
 final double b2High=a2-(cb2-b2);

Time : 18/01/14 05:12
----------------------------------------
Sun Jan 14 05:15:05 AEDT 2018 org.apache.commons.math3.util.MathArrays,690
Sun Jan 14 05:17:56 AEDT 2018 org.apache.commons.math3.util.MathArrays,691
Sun Jan 14 05:29:57 AEDT 2018 org.apache.commons.math3.util.MathArrays,694
Sun Jan 14 05:46:57 AEDT 2018 org.apache.commons.math3.util.MathArrays,695
Sun Jan 14 06:01:57 AEDT 2018 org.apache.commons.math3.util.MathArrays,698
Sun Jan 14 06:15:50 AEDT 2018 org.apache.commons.math3.util.MathArrays,699
Sun Jan 14 06:33:52 AEDT 2018 org.apache.commons.math3.util.MathArrays,700
Sun Jan 14 06:56:43 AEDT 2018 org.apache.commons.math3.util.MathArrays,704
Sun Jan 14 07:03:55 AEDT 2018 org.apache.commons.math3.util.MathArrays,706
Timeout time : 18/01/14 07:06
