=================================================
Project : math_56	start : 18/01/14 09:54
Current failed test : org.apache.commons.math.util.MultidimensionalCounterTest::testIterationConsistency | 18/01/14 09:55
Sun Jan 14 09:56:18 AEDT 2018 org.apache.commons.math.util.MultidimensionalCounter,93
Sun Jan 14 10:09:49 AEDT 2018 org.apache.commons.math.util.MultidimensionalCounter,94
Sun Jan 14 10:09:50 AEDT 2018 org.apache.commons.math.util.MultidimensionalCounter,95
Sun Jan 14 10:09:52 AEDT 2018 org.apache.commons.math.util.MultidimensionalCounter,106
Sun Jan 14 10:25:01 AEDT 2018 org.apache.commons.math.util.MultidimensionalCounter,107
Sun Jan 14 10:25:04 AEDT 2018 org.apache.commons.math.util.MultidimensionalCounter,110
Sun Jan 14 10:25:08 AEDT 2018 org.apache.commons.math.util.MultidimensionalCounter,111
Sun Jan 14 10:25:11 AEDT 2018 org.apache.commons.math.util.MultidimensionalCounter,115
Sun Jan 14 10:35:14 AEDT 2018 org.apache.commons.math.util.MultidimensionalCounter,222
Sun Jan 14 10:42:15 AEDT 2018 org.apache.commons.math.util.MultidimensionalCounter,224
Sun Jan 14 10:42:18 AEDT 2018 org.apache.commons.math.util.MultidimensionalCounter,225
Sun Jan 14 11:15:39 AEDT 2018 org.apache.commons.math.util.MultidimensionalCounter,226
Sun Jan 14 11:15:41 AEDT 2018 org.apache.commons.math.util.MultidimensionalCounter,227
Sun Jan 14 11:15:44 AEDT 2018 org.apache.commons.math.util.MultidimensionalCounter,228
Sun Jan 14 11:15:48 AEDT 2018 org.apache.commons.math.util.MultidimensionalCounter,229
Sun Jan 14 11:15:52 AEDT 2018 org.apache.commons.math.util.MultidimensionalCounter,230
Sun Jan 14 11:15:54 AEDT 2018 org.apache.commons.math.util.MultidimensionalCounter,232
Sun Jan 14 11:15:55 AEDT 2018 org.apache.commons.math.util.MultidimensionalCounter,233
Sun Jan 14 11:15:56 AEDT 2018 org.apache.commons.math.util.MultidimensionalCounter,234
Sun Jan 14 11:15:58 AEDT 2018 org.apache.commons.math.util.MultidimensionalCounter,237
Sun Jan 14 12:02:38 AEDT 2018 org.apache.commons.math.util.MultidimensionalCounter,238
Sun Jan 14 12:05:12 AEDT 2018 org.apache.commons.math.util.MultidimensionalCounter,239
Sun Jan 14 12:05:13 AEDT 2018 org.apache.commons.math.util.MultidimensionalCounter,240
Sun Jan 14 12:05:14 AEDT 2018 org.apache.commons.math.util.MultidimensionalCounter,242
Sun Jan 14 12:10:37 AEDT 2018 org.apache.commons.math.util.MultidimensionalCounter,243
Sun Jan 14 12:11:39 AEDT 2018 org.apache.commons.math.util.MultidimensionalCounter,245
Sun Jan 14 12:11:40 AEDT 2018 org.apache.commons.math.util.MultidimensionalCounter,281
Sun Jan 14 12:11:46 AEDT 2018 org.apache.commons.math.util.FastMath,987
Sun Jan 14 12:12:13 AEDT 2018 org.apache.commons.math.util.FastMath,988
Sun Jan 14 12:12:18 AEDT 2018 org.apache.commons.math.util.FastMath,989
Sun Jan 14 12:13:07 AEDT 2018 org.apache.commons.math.util.FastMath,990
Sun Jan 14 12:15:40 AEDT 2018 org.apache.commons.math.util.FastMath,991
Sun Jan 14 12:18:11 AEDT 2018 org.apache.commons.math.util.FastMath,992
Sun Jan 14 12:18:15 AEDT 2018 org.apache.commons.math.util.FastMath,994
Sun Jan 14 12:39:27 AEDT 2018 org.apache.commons.math.util.FastMath,995
Sun Jan 14 12:39:31 AEDT 2018 org.apache.commons.math.util.FastMath,996
Sun Jan 14 12:39:33 AEDT 2018 org.apache.commons.math.util.FastMath,997
Sun Jan 14 12:39:34 AEDT 2018 org.apache.commons.math.util.FastMath,999
Sun Jan 14 12:39:35 AEDT 2018 org.apache.commons.math.util.FastMath,1000
Sun Jan 14 12:39:36 AEDT 2018 org.apache.commons.math.util.FastMath,1002
Sun Jan 14 12:39:37 AEDT 2018 org.apache.commons.math.util.FastMath,1003
Sun Jan 14 12:39:38 AEDT 2018 org.apache.commons.math.util.FastMath,1004
Sun Jan 14 12:39:42 AEDT 2018 org.apache.commons.math.util.FastMath,1007
Sun Jan 14 12:40:36 AEDT 2018 org.apache.commons.math.util.FastMath,1008
Sun Jan 14 12:40:37 AEDT 2018 org.apache.commons.math.util.FastMath,1009
Sun Jan 14 12:40:39 AEDT 2018 org.apache.commons.math.util.FastMath,1012
Sun Jan 14 12:41:25 AEDT 2018 org.apache.commons.math.util.FastMath,1021
Sun Jan 14 12:44:09 AEDT 2018 org.apache.commons.math.util.FastMath,1022
Sun Jan 14 12:44:10 AEDT 2018 org.apache.commons.math.util.FastMath,1023
Sun Jan 14 12:44:14 AEDT 2018 org.apache.commons.math.util.FastMath,1024
Sun Jan 14 12:44:17 AEDT 2018 Sun Jan 14 12:44:17 AEDT 2018 : org.apache.commons.math.util.FastMath,1025=>Find no block
Sun Jan 14 12:44:20 AEDT 2018 Sun Jan 14 12:44:20 AEDT 2018 : org.apache.commons.math.util.FastMath,1030=>Find no block
Sun Jan 14 12:44:24 AEDT 2018 org.apache.commons.math.util.FastMath,1037
Sun Jan 14 12:46:19 AEDT 2018 org.apache.commons.math.util.FastMath,1038
Sun Jan 14 12:46:21 AEDT 2018 org.apache.commons.math.util.FastMath,1040
Sun Jan 14 12:48:07 AEDT 2018 org.apache.commons.math.util.FastMath,1041
Sun Jan 14 12:48:08 AEDT 2018 org.apache.commons.math.util.FastMath,1042
Sun Jan 14 12:48:09 AEDT 2018 org.apache.commons.math.util.FastMath,1043
Sun Jan 14 12:48:10 AEDT 2018 Sun Jan 14 12:48:10 AEDT 2018 : org.apache.commons.math.util.FastMath,1044=>Find no block
Sun Jan 14 12:48:11 AEDT 2018 org.apache.commons.math.util.FastMath,1045
Sun Jan 14 12:48:12 AEDT 2018 org.apache.commons.math.util.FastMath,1046
Sun Jan 14 12:48:13 AEDT 2018 org.apache.commons.math.util.FastMath,1047
Sun Jan 14 12:48:17 AEDT 2018 Sun Jan 14 12:48:17 AEDT 2018 : org.apache.commons.math.util.FastMath,1049=>Find no block
Sun Jan 14 12:48:20 AEDT 2018 org.apache.commons.math.util.FastMath,1057
Sun Jan 14 12:48:34 AEDT 2018 org.apache.commons.math.util.FastMath,1058
Sun Jan 14 12:48:37 AEDT 2018 org.apache.commons.math.util.FastMath,1061
Sun Jan 14 12:48:40 AEDT 2018 Sun Jan 14 12:48:40 AEDT 2018 : org.apache.commons.math.util.FastMath,1062=>Find no block
Sun Jan 14 12:48:43 AEDT 2018 org.apache.commons.math.util.FastMath,1070
Sun Jan 14 12:49:12 AEDT 2018 org.apache.commons.math.util.FastMath,1071
Sun Jan 14 12:49:13 AEDT 2018 org.apache.commons.math.util.FastMath,1073
Sun Jan 14 12:49:14 AEDT 2018 Sun Jan 14 12:49:14 AEDT 2018 : org.apache.commons.math.util.FastMath,1074=>Find no block
Sun Jan 14 12:49:15 AEDT 2018 org.apache.commons.math.util.FastMath,1095
Sun Jan 14 12:50:17 AEDT 2018 org.apache.commons.math.util.FastMath,1096
Sun Jan 14 12:50:18 AEDT 2018 org.apache.commons.math.util.FastMath,1098
Sun Jan 14 12:53:06 AEDT 2018 org.apache.commons.math.util.FastMath,1103
Sun Jan 14 12:54:05 AEDT 2018 org.apache.commons.math.util.FastMath,1104
Sun Jan 14 12:55:02 AEDT 2018 org.apache.commons.math.util.FastMath,1106
Sun Jan 14 12:56:07 AEDT 2018 org.apache.commons.math.util.FastMath,1107
Sun Jan 14 12:56:08 AEDT 2018 org.apache.commons.math.util.FastMath,1111
Sun Jan 14 13:05:13 AEDT 2018 org.apache.commons.math.util.FastMath,1113
Sun Jan 14 13:05:15 AEDT 2018 org.apache.commons.math.util.FastMath,1115
Sun Jan 14 13:05:15 AEDT 2018 org.apache.commons.math.util.FastMath,1118
Sun Jan 14 13:05:16 AEDT 2018 org.apache.commons.math.util.FastMath,1120
Sun Jan 14 13:05:17 AEDT 2018 Sun Jan 14 13:05:17 AEDT 2018 : org.apache.commons.math.util.FastMath,1122=>Find no block
Sun Jan 14 13:05:18 AEDT 2018 org.apache.commons.math.util.FastMath,1130
Sun Jan 14 13:05:48 AEDT 2018 org.apache.commons.math.util.FastMath,1131
Sun Jan 14 13:05:52 AEDT 2018 org.apache.commons.math.util.FastMath,1132
Sun Jan 14 13:07:24 AEDT 2018 org.apache.commons.math.util.FastMath,1135
Sun Jan 14 13:08:49 AEDT 2018 org.apache.commons.math.util.FastMath,1136
Sun Jan 14 13:10:47 AEDT 2018 org.apache.commons.math.util.FastMath,1137
Sun Jan 14 13:13:39 AEDT 2018 org.apache.commons.math.util.FastMath,1139
Sun Jan 14 13:15:21 AEDT 2018 org.apache.commons.math.util.FastMath,1140
Sun Jan 14 13:16:02 AEDT 2018 org.apache.commons.math.util.FastMath,1143
Sun Jan 14 13:17:13 AEDT 2018 org.apache.commons.math.util.FastMath,1144
Sun Jan 14 13:20:45 AEDT 2018 org.apache.commons.math.util.FastMath,1146
Sun Jan 14 13:24:04 AEDT 2018 org.apache.commons.math.util.FastMath,1147
Sun Jan 14 13:25:22 AEDT 2018 org.apache.commons.math.util.FastMath,1148
Sun Jan 14 13:27:32 AEDT 2018 org.apache.commons.math.util.FastMath,1149
Sun Jan 14 13:29:24 AEDT 2018 org.apache.commons.math.util.FastMath,1150
Sun Jan 14 13:31:14 AEDT 2018 org.apache.commons.math.util.FastMath,1151
Sun Jan 14 13:32:08 AEDT 2018 org.apache.commons.math.util.FastMath,1154
Sun Jan 14 13:33:21 AEDT 2018 org.apache.commons.math.util.FastMath,1155
Sun Jan 14 13:35:30 AEDT 2018 org.apache.commons.math.util.FastMath,1156
Sun Jan 14 13:41:06 AEDT 2018 org.apache.commons.math.util.FastMath,1158
Sun Jan 14 13:44:00 AEDT 2018 org.apache.commons.math.util.FastMath,1159
Sun Jan 14 13:45:50 AEDT 2018 org.apache.commons.math.util.FastMath,1160
Sun Jan 14 13:45:52 AEDT 2018 org.apache.commons.math.util.FastMath,1161
Sun Jan 14 13:45:53 AEDT 2018 org.apache.commons.math.util.FastMath,1162
Sun Jan 14 13:45:54 AEDT 2018 org.apache.commons.math.util.FastMath,1163
Sun Jan 14 13:45:55 AEDT 2018 org.apache.commons.math.util.FastMath,1166
Sun Jan 14 13:47:09 AEDT 2018 org.apache.commons.math.util.FastMath,1167
Sun Jan 14 13:49:18 AEDT 2018 org.apache.commons.math.util.FastMath,1168
Sun Jan 14 13:54:55 AEDT 2018 org.apache.commons.math.util.FastMath,1170
Sun Jan 14 13:54:57 AEDT 2018 org.apache.commons.math.util.FastMath,1171
Sun Jan 14 13:54:58 AEDT 2018 org.apache.commons.math.util.FastMath,1172
Sun Jan 14 13:54:59 AEDT 2018 org.apache.commons.math.util.FastMath,1173
Sun Jan 14 13:55:00 AEDT 2018 org.apache.commons.math.util.FastMath,1174
Sun Jan 14 13:55:01 AEDT 2018 org.apache.commons.math.util.FastMath,1175
Sun Jan 14 13:55:02 AEDT 2018 Sun Jan 14 13:55:02 AEDT 2018 : org.apache.commons.math.util.FastMath,1176=>Find no block
Sun Jan 14 13:55:04 AEDT 2018 org.apache.commons.math.util.FastMath,1185
Sun Jan 14 13:55:30 AEDT 2018 org.apache.commons.math.util.FastMath,1186
Sun Jan 14 13:55:33 AEDT 2018 org.apache.commons.math.util.FastMath,1187
Sun Jan 14 13:57:26 AEDT 2018 org.apache.commons.math.util.FastMath,1196
Sun Jan 14 13:58:51 AEDT 2018 org.apache.commons.math.util.FastMath,1197
Sun Jan 14 14:02:39 AEDT 2018 org.apache.commons.math.util.FastMath,1199
Sun Jan 14 14:02:42 AEDT 2018 org.apache.commons.math.util.FastMath,1201
Sun Jan 14 14:13:28 AEDT 2018 org.apache.commons.math.util.FastMath,1202
Sun Jan 14 14:13:29 AEDT 2018 org.apache.commons.math.util.FastMath,1203
Sun Jan 14 14:13:30 AEDT 2018 org.apache.commons.math.util.FastMath,1204
Sun Jan 14 14:13:31 AEDT 2018 org.apache.commons.math.util.FastMath,1207
Sun Jan 14 14:13:32 AEDT 2018 org.apache.commons.math.util.FastMath,1208
Sun Jan 14 14:13:35 AEDT 2018 org.apache.commons.math.util.FastMath,1210
Sun Jan 14 14:13:37 AEDT 2018 org.apache.commons.math.util.FastMath,1213
Sun Jan 14 14:13:43 AEDT 2018 org.apache.commons.math.util.FastMath,1214
Sun Jan 14 14:13:46 AEDT 2018 org.apache.commons.math.util.FastMath,1215
Sun Jan 14 14:13:48 AEDT 2018 org.apache.commons.math.util.FastMath,1217
Sun Jan 14 14:13:49 AEDT 2018 org.apache.commons.math.util.FastMath,1220
Sun Jan 14 14:14:34 AEDT 2018 org.apache.commons.math.util.FastMath,1716
Sun Jan 14 14:15:50 AEDT 2018 org.apache.commons.math.util.FastMath,1717
Sun Jan 14 14:15:53 AEDT 2018 org.apache.commons.math.util.FastMath,1718
Sun Jan 14 14:17:19 AEDT 2018 org.apache.commons.math.util.FastMath,1719
Sun Jan 14 14:20:51 AEDT 2018 org.apache.commons.math.util.FastMath,1721
Sun Jan 14 14:23:04 AEDT 2018 org.apache.commons.math.util.FastMath,1724
Sun Jan 14 14:23:47 AEDT 2018 org.apache.commons.math.util.FastMath,1725
Sun Jan 14 14:25:40 AEDT 2018 org.apache.commons.math.util.FastMath,1726
Sun Jan 14 14:28:16 AEDT 2018 org.apache.commons.math.util.FastMath,1727
Sun Jan 14 14:30:53 AEDT 2018 org.apache.commons.math.util.FastMath,1728
Sun Jan 14 14:33:18 AEDT 2018 org.apache.commons.math.util.FastMath,1729
Sun Jan 14 14:35:19 AEDT 2018 org.apache.commons.math.util.FastMath,1730
Sun Jan 14 14:37:50 AEDT 2018 org.apache.commons.math.util.FastMath,1731
Sun Jan 14 14:39:13 AEDT 2018 org.apache.commons.math.util.FastMath,1734
Sun Jan 14 14:41:11 AEDT 2018 org.apache.commons.math.util.FastMath,1740
Sun Jan 14 14:43:18 AEDT 2018 org.apache.commons.math.util.FastMath,1741
Sun Jan 14 14:50:57 AEDT 2018 org.apache.commons.math.util.FastMath,1743
Timeout time : 18/01/14 14:56
