=================================================
Project : math_97	start : 18/01/14 13:07
Current failed test : org.apache.commons.math.analysis.BrentSolverTest::testRootEndpoints | 18/01/14 13:07
Sun Jan 14 13:08:31 AEDT 2018 org.apache.commons.math.analysis.UnivariateRealSolverImpl,169
Sun Jan 14 13:09:18 AEDT 2018 org.apache.commons.math.analysis.BrentSolver,141
Sun Jan 14 13:15:04 AEDT 2018 org.apache.commons.math.analysis.BrentSolver,193
Sun Jan 14 13:19:38 AEDT 2018 org.apache.commons.math.analysis.BrentSolver,194
Sun Jan 14 13:19:39 AEDT 2018 org.apache.commons.math.analysis.BrentSolver,182
Sun Jan 14 13:50:53 AEDT 2018 org.apache.commons.math.analysis.BrentSolver,183
Sun Jan 14 13:50:55 AEDT 2018 org.apache.commons.math.analysis.BrentSolver,184
Sun Jan 14 13:50:56 AEDT 2018 org.apache.commons.math.analysis.BrentSolver,185
Sun Jan 14 13:50:56 AEDT 2018 org.apache.commons.math.analysis.BrentSolver,186
Sun Jan 14 13:50:58 AEDT 2018 org.apache.commons.math.analysis.BrentSolver,187
Sun Jan 14 13:51:00 AEDT 2018 org.apache.commons.math.analysis.UnivariateRealSolverImpl,140
Sun Jan 14 13:51:18 AEDT 2018 org.apache.commons.math.analysis.UnivariateRealSolverImpl,141
Sun Jan 14 13:51:20 AEDT 2018 org.apache.commons.math.analysis.UnivariateRealSolverImpl,142
Sun Jan 14 13:51:22 AEDT 2018 Sun Jan 14 13:51:22 AEDT 2018 : org.apache.commons.math.analysis.UnivariateRealSolverImpl,143=>Find no block
Sun Jan 14 13:51:24 AEDT 2018 org.apache.commons.math.analysis.BrentSolver,151

----------------------------------------
----------------------------------------
Pass Single Test : [=>0,0]
if(sign*ret>=0){
throw new IllegalArgumentException("Function values at endpoints do not have different signs."+"  Endpoints: ["+min);
}else {
ret=solve(min,yMin,max,yMax,min,yMin);
}
return ret;

Time : 18/01/14 13:53
----------------------------------------

----------------------------------------
----------------------------------------
Pass Single Test : [=>0,0]
clearResult();
if(sign*ret>=0){
throw new IllegalArgumentException("Function values at endpoints do not have different signs."+"  Endpoints: ["+min);
}else {
ret=solve(min,yMin,max,yMax,min,yMin);
}
return ret;

Time : 18/01/14 13:54
----------------------------------------

----------------------------------------
----------------------------------------
Pass Single Test : [=>0,0]
verifyInterval(min,max);
if(sign*ret>=0){
throw new IllegalArgumentException("Function values at endpoints do not have different signs."+"  Endpoints: ["+min);
}else {
ret=solve(min,yMin,max,yMax,min,yMin);
}
return ret;

Time : 18/01/14 13:54
----------------------------------------

----------------------------------------
----------------------------------------
Pass Single Test : [=>0,0]
clearResult();
verifyInterval(min,max);
if(sign*ret>=0){
throw new IllegalArgumentException("Function values at endpoints do not have different signs."+"  Endpoints: ["+min);
}else {
ret=solve(min,yMin,max,yMax,min,yMin);
}
return ret;

Time : 18/01/14 13:55
----------------------------------------
Sun Jan 14 14:00:46 AEDT 2018 org.apache.commons.math.analysis.BrentSolver,147
Sun Jan 14 14:00:48 AEDT 2018 org.apache.commons.math.analysis.BrentSolver,175
Sun Jan 14 14:04:31 AEDT 2018 org.apache.commons.math.analysis.BrentSolver,176
Sun Jan 14 14:04:32 AEDT 2018 org.apache.commons.math.analysis.BrentSolver,178
Sun Jan 14 14:04:33 AEDT 2018 org.apache.commons.math.analysis.BrentSolver,179
Sun Jan 14 17:02:59 AEDT 2018 org.apache.commons.math.analysis.BrentSolver,180
Sun Jan 14 17:03:01 AEDT 2018 org.apache.commons.math.analysis.BrentSolver,189
Sun Jan 14 17:03:02 AEDT 2018 org.apache.commons.math.analysis.UnivariateRealSolverImpl,149
Sun Jan 14 17:04:16 AEDT 2018 Sun Jan 14 17:04:16 AEDT 2018 : org.apache.commons.math.analysis.UnivariateRealSolverImpl,150=>Find no block
Sun Jan 14 17:04:18 AEDT 2018 org.apache.commons.math.analysis.UnivariateRealSolverImpl,295
Sun Jan 14 17:04:59 AEDT 2018 Sun Jan 14 17:04:59 AEDT 2018 : org.apache.commons.math.analysis.UnivariateRealSolverImpl,300=>Find no block
Sun Jan 14 17:05:01 AEDT 2018 org.apache.commons.math.analysis.BrentSolver,128
Sun Jan 14 17:05:50 AEDT 2018 org.apache.commons.math.analysis.BrentSolver,129
Sun Jan 14 17:05:52 AEDT 2018 org.apache.commons.math.analysis.BrentSolver,131
Sun Jan 14 17:08:51 AEDT 2018 org.apache.commons.math.analysis.BrentSolver,133
Sun Jan 14 17:11:57 AEDT 2018 org.apache.commons.math.analysis.BrentSolver,134
Sun Jan 14 17:14:28 AEDT 2018 org.apache.commons.math.analysis.BrentSolver,137

----------------------------------------
----------------------------------------
Pass Single Test : [=>0,0]
double yMax=f.value(max);
double sign=yMin*yMax;
sign=Math.max(ret*Math.abs(min),yMin);
if(sign>=0){
throw new IllegalArgumentException("Function values at endpoints do not have different signs."+"  Endpoints: ["+min);
}else {
ret=solve(min,yMin,max,yMax,min,yMin);
}

Time : 18/01/14 17:27
----------------------------------------
Sun Jan 14 17:29:08 AEDT 2018 org.apache.commons.math.analysis.BrentSolver,138
Sun Jan 14 17:29:10 AEDT 2018 Sun Jan 14 17:29:10 AEDT 2018 : org.apache.commons.math.analysis.BrentSolver,43=>Find no block
Sun Jan 14 17:29:12 AEDT 2018 org.apache.commons.math.analysis.BrentSolver,42
Sun Jan 14 17:29:25 AEDT 2018 org.apache.commons.math.analysis.UnivariateRealSolverImpl,93
Sun Jan 14 17:32:21 AEDT 2018 org.apache.commons.math.analysis.UnivariateRealSolverImpl,94
Sun Jan 14 17:35:38 AEDT 2018 org.apache.commons.math.analysis.UnivariateRealSolverImpl,95
Sun Jan 14 17:36:46 AEDT 2018 org.apache.commons.math.analysis.UnivariateRealSolverImpl,96
Sun Jan 14 17:39:23 AEDT 2018 org.apache.commons.math.analysis.UnivariateRealSolverImpl,97
Sun Jan 14 17:40:39 AEDT 2018 org.apache.commons.math.analysis.UnivariateRealSolverImpl,98
Sun Jan 14 17:41:53 AEDT 2018 org.apache.commons.math.analysis.UnivariateRealSolverImpl,99
Sun Jan 14 17:42:47 AEDT 2018 org.apache.commons.math.analysis.UnivariateRealSolverImpl,100
Sun Jan 14 17:44:09 AEDT 2018 org.apache.commons.math.analysis.UnivariateRealSolverImpl,101
Sun Jan 14 17:44:12 AEDT 2018 Sun Jan 14 17:44:12 AEDT 2018 : org.apache.commons.math.analysis.UnivariateRealSolverImpl,102=>Find no block
Sun Jan 14 17:44:13 AEDT 2018 org.apache.commons.math.analysis.UnivariateRealSolverImpl,87
Sun Jan 14 17:45:22 AEDT 2018 Sun Jan 14 17:45:22 AEDT 2018 : org.apache.commons.math.analysis.UnivariateRealSolverImpl,61=>Find no block
Sun Jan 14 17:45:23 AEDT 2018 org.apache.commons.math.analysis.UnivariateRealSolverImpl,89
Sun Jan 14 17:46:32 AEDT 2018 org.apache.commons.math.MaxIterationsExceededException,43
Sun Jan 14 17:46:36 AEDT 2018 org.apache.commons.math.MaxIterationsExceededException,45
Sun Jan 14 17:46:37 AEDT 2018 Sun Jan 14 17:46:37 AEDT 2018 : org.apache.commons.math.MaxIterationsExceededException,46=>Find no block
Sun Jan 14 17:46:39 AEDT 2018 org.apache.commons.math.MaxIterationsExceededException,57
Sun Jan 14 17:47:34 AEDT 2018 org.apache.commons.math.MaxIterationsExceededException,58
Sun Jan 14 17:47:36 AEDT 2018 Sun Jan 14 17:47:36 AEDT 2018 : org.apache.commons.math.MaxIterationsExceededException,59=>Find no block
Sun Jan 14 17:47:38 AEDT 2018 org.apache.commons.math.MaxIterationsExceededException,65
Sun Jan 14 17:47:43 AEDT 2018 org.apache.commons.math.ConvergenceException,34
Sun Jan 14 17:47:48 AEDT 2018 Sun Jan 14 17:47:48 AEDT 2018 : org.apache.commons.math.ConvergenceException,35=>Find no block
Sun Jan 14 17:47:49 AEDT 2018 org.apache.commons.math.ConvergenceException,45
Sun Jan 14 17:48:23 AEDT 2018 Sun Jan 14 17:48:23 AEDT 2018 : org.apache.commons.math.ConvergenceException,46=>Find no block
Sun Jan 14 17:48:23 AEDT 2018 org.apache.commons.math.ConvergenceException,53
Sun Jan 14 17:48:28 AEDT 2018 Sun Jan 14 17:48:28 AEDT 2018 : org.apache.commons.math.ConvergenceException,54=>Find no block
Sun Jan 14 17:48:30 AEDT 2018 org.apache.commons.math.ConvergenceException,65
Sun Jan 14 17:49:23 AEDT 2018 Sun Jan 14 17:49:23 AEDT 2018 : org.apache.commons.math.ConvergenceException,66=>Find no block
Sun Jan 14 17:49:24 AEDT 2018 org.apache.commons.math.MathException,124
Sun Jan 14 17:49:27 AEDT 2018 org.apache.commons.math.MathException,125
Sun Jan 14 17:49:29 AEDT 2018 org.apache.commons.math.MathException,126
Sun Jan 14 17:49:31 AEDT 2018 org.apache.commons.math.MathException,127
Sun Jan 14 17:49:32 AEDT 2018 Sun Jan 14 17:49:32 AEDT 2018 : org.apache.commons.math.MathException,128=>Find no block
Sun Jan 14 17:49:34 AEDT 2018 org.apache.commons.math.MathException,138
Sun Jan 14 17:49:45 AEDT 2018 org.apache.commons.math.MathException,139
Sun Jan 14 17:49:46 AEDT 2018 org.apache.commons.math.MathException,140
Sun Jan 14 17:49:49 AEDT 2018 org.apache.commons.math.MathException,141
Sun Jan 14 17:49:50 AEDT 2018 Sun Jan 14 17:49:50 AEDT 2018 : org.apache.commons.math.MathException,142=>Find no block
Sun Jan 14 17:49:52 AEDT 2018 org.apache.commons.math.MathException,152
Sun Jan 14 17:49:56 AEDT 2018 org.apache.commons.math.MathException,153
Sun Jan 14 17:49:58 AEDT 2018 org.apache.commons.math.MathException,154
Sun Jan 14 17:50:00 AEDT 2018 org.apache.commons.math.MathException,155
Sun Jan 14 17:50:02 AEDT 2018 Sun Jan 14 17:50:02 AEDT 2018 : org.apache.commons.math.MathException,156=>Find no block
Sun Jan 14 17:50:04 AEDT 2018 org.apache.commons.math.MathException,169
Sun Jan 14 17:50:16 AEDT 2018 org.apache.commons.math.MathException,170
Sun Jan 14 17:50:17 AEDT 2018 org.apache.commons.math.MathException,171
Sun Jan 14 17:50:18 AEDT 2018 org.apache.commons.math.MathException,172
Sun Jan 14 17:50:19 AEDT 2018 Sun Jan 14 17:50:19 AEDT 2018 : org.apache.commons.math.MathException,173=>Find no block
Sun Jan 14 17:50:20 AEDT 2018 org.apache.commons.math.MathException,84
Sun Jan 14 17:50:24 AEDT 2018 org.apache.commons.math.MathException,86
Sun Jan 14 17:50:26 AEDT 2018 org.apache.commons.math.MathException,90
Sun Jan 14 17:50:38 AEDT 2018 org.apache.commons.math.MathException,92
Sun Jan 14 17:50:40 AEDT 2018 Sun Jan 14 17:50:40 AEDT 2018 : org.apache.commons.math.MathException,97=>Find no block
Sun Jan 14 17:50:41 AEDT 2018 Sun Jan 14 17:50:41 AEDT 2018 : org.apache.commons.math.MathException,95=>Find no block
Sun Jan 14 17:50:44 AEDT 2018 org.apache.commons.math.MathException,101
Sun Jan 14 17:50:47 AEDT 2018 org.apache.commons.math.MathException,114
Sun Jan 14 17:51:24 AEDT 2018 org.apache.commons.math.MathException,115
Sun Jan 14 17:51:24 AEDT 2018 org.apache.commons.math.MathException,116
Sun Jan 14 17:51:27 AEDT 2018 org.apache.commons.math.MathException,181
Sun Jan 14 17:51:32 AEDT 2018 org.apache.commons.math.MathException,190
Sun Jan 14 17:51:36 AEDT 2018 org.apache.commons.math.MathException,201
Sun Jan 14 17:51:41 AEDT 2018 org.apache.commons.math.MathException,210
Sun Jan 14 17:51:45 AEDT 2018 org.apache.commons.math.MathException,217
Sun Jan 14 17:51:49 AEDT 2018 Sun Jan 14 17:51:49 AEDT 2018 : org.apache.commons.math.MathException,218=>Find no block
Sun Jan 14 17:51:51 AEDT 2018 Sun Jan 14 17:51:51 AEDT 2018 : org.apache.commons.math.MathException,226=>Find no block
Sun Jan 14 17:51:53 AEDT 2018 org.apache.commons.math.MathException,227
Sun Jan 14 17:52:39 AEDT 2018 org.apache.commons.math.MathException,228
Sun Jan 14 17:52:40 AEDT 2018 org.apache.commons.math.MathException,230
Sun Jan 14 17:52:42 AEDT 2018 Sun Jan 14 17:52:42 AEDT 2018 : org.apache.commons.math.MathException,231=>Find no block
Sun Jan 14 17:52:43 AEDT 2018 Sun Jan 14 17:52:43 AEDT 2018 : org.apache.commons.math.MathException,232=>Find no block
Sun Jan 14 17:52:45 AEDT 2018 Sun Jan 14 17:52:45 AEDT 2018 : org.apache.commons.math.MathException,240=>Find no block
Sun Jan 14 17:52:47 AEDT 2018 org.apache.commons.math.MathException,241
Sun Jan 14 17:52:51 AEDT 2018 org.apache.commons.math.MathException,242
Sun Jan 14 17:52:55 AEDT 2018 org.apache.commons.math.MathException,243
Sun Jan 14 17:52:57 AEDT 2018 org.apache.commons.math.MathException,244
Sun Jan 14 17:52:58 AEDT 2018 Sun Jan 14 17:52:58 AEDT 2018 : org.apache.commons.math.MathException,246=>Find no block
Sun Jan 14 17:53:00 AEDT 2018 Sun Jan 14 17:53:00 AEDT 2018 : org.apache.commons.math.MathException,247=>Find no block
Sun Jan 14 17:53:00 AEDT 2018 org.apache.commons.math.analysis.UnivariateRealSolverImpl,90
Sun Jan 14 17:53:01 AEDT 2018 org.apache.commons.math.analysis.UnivariateRealSolverImpl,111
Sun Jan 14 17:57:38 AEDT 2018 org.apache.commons.math.analysis.UnivariateRealSolverImpl,112
Sun Jan 14 17:57:39 AEDT 2018 org.apache.commons.math.analysis.UnivariateRealSolverImpl,114
Sun Jan 14 17:57:40 AEDT 2018 org.apache.commons.math.analysis.UnivariateRealSolverImpl,126
Sun Jan 14 17:59:10 AEDT 2018 org.apache.commons.math.analysis.UnivariateRealSolverImpl,127
Sun Jan 14 17:59:13 AEDT 2018 org.apache.commons.math.analysis.UnivariateRealSolverImpl,129
Sun Jan 14 17:59:15 AEDT 2018 org.apache.commons.math.analysis.UnivariateRealSolverImpl,160
Sun Jan 14 17:59:54 AEDT 2018 Sun Jan 14 17:59:54 AEDT 2018 : org.apache.commons.math.analysis.UnivariateRealSolverImpl,161=>Find no block
Sun Jan 14 17:59:56 AEDT 2018 org.apache.commons.math.analysis.UnivariateRealSolverImpl,176
Sun Jan 14 18:00:33 AEDT 2018 Sun Jan 14 18:00:33 AEDT 2018 : org.apache.commons.math.analysis.UnivariateRealSolverImpl,177=>Find no block
Sun Jan 14 18:00:35 AEDT 2018 org.apache.commons.math.analysis.UnivariateRealSolverImpl,185
Sun Jan 14 18:01:06 AEDT 2018 Sun Jan 14 18:01:06 AEDT 2018 : org.apache.commons.math.analysis.UnivariateRealSolverImpl,186=>Find no block
Sun Jan 14 18:01:08 AEDT 2018 org.apache.commons.math.analysis.UnivariateRealSolverImpl,194
Sun Jan 14 18:01:26 AEDT 2018 org.apache.commons.math.analysis.UnivariateRealSolverImpl,201
Sun Jan 14 18:01:36 AEDT 2018 Sun Jan 14 18:01:36 AEDT 2018 : org.apache.commons.math.analysis.UnivariateRealSolverImpl,202=>Find no block
Sun Jan 14 18:01:38 AEDT 2018 org.apache.commons.math.analysis.UnivariateRealSolverImpl,212
Sun Jan 14 18:02:10 AEDT 2018 Sun Jan 14 18:02:10 AEDT 2018 : org.apache.commons.math.analysis.UnivariateRealSolverImpl,213=>Find no block
Sun Jan 14 18:02:12 AEDT 2018 org.apache.commons.math.analysis.UnivariateRealSolverImpl,220
Sun Jan 14 18:02:50 AEDT 2018 org.apache.commons.math.analysis.UnivariateRealSolverImpl,227
Sun Jan 14 18:03:01 AEDT 2018 Sun Jan 14 18:03:01 AEDT 2018 : org.apache.commons.math.analysis.UnivariateRealSolverImpl,228=>Find no block
Sun Jan 14 18:03:04 AEDT 2018 org.apache.commons.math.analysis.UnivariateRealSolverImpl,238
Sun Jan 14 18:03:33 AEDT 2018 Sun Jan 14 18:03:33 AEDT 2018 : org.apache.commons.math.analysis.UnivariateRealSolverImpl,239=>Find no block
Sun Jan 14 18:03:35 AEDT 2018 org.apache.commons.math.analysis.UnivariateRealSolverImpl,246
Sun Jan 14 18:04:07 AEDT 2018 org.apache.commons.math.analysis.UnivariateRealSolverImpl,253
Sun Jan 14 18:04:18 AEDT 2018 Sun Jan 14 18:04:18 AEDT 2018 : org.apache.commons.math.analysis.UnivariateRealSolverImpl,254=>Find no block
Sun Jan 14 18:04:19 AEDT 2018 org.apache.commons.math.analysis.UnivariateRealSolverImpl,269
Sun Jan 14 18:05:34 AEDT 2018 org.apache.commons.math.analysis.UnivariateRealSolverImpl,270
Sun Jan 14 18:05:35 AEDT 2018 org.apache.commons.math.analysis.UnivariateRealSolverImpl,271
Sun Jan 14 18:05:36 AEDT 2018 org.apache.commons.math.analysis.UnivariateRealSolverImpl,283
Sun Jan 14 18:05:39 AEDT 2018 org.apache.commons.math.analysis.UnivariateRealSolverImpl,296
Sun Jan 14 18:05:40 AEDT 2018 org.apache.commons.math.analysis.UnivariateRealSolverImpl,312
Sun Jan 14 18:06:45 AEDT 2018 org.apache.commons.math.analysis.UnivariateRealSolverImpl,313
Sun Jan 14 18:06:46 AEDT 2018 Sun Jan 14 18:06:46 AEDT 2018 : org.apache.commons.math.analysis.UnivariateRealSolverImpl,317=>Find no block
Sun Jan 14 18:06:49 AEDT 2018 org.apache.commons.math.analysis.UnivariateRealSolverImpl,333
Timeout time : 18/01/14 18:08
