=================================================
Project : time_1	start : 18/01/15 18:12
Current failed test : org.joda.time.TestPartial_Constructors::testConstructorEx7_TypeArray_intArray_purify_3 | 18/01/15 18:13
Mon Jan 15 18:15:58 AEDT 2018 org.joda.time.field.UnsupportedDurationField,227
Mon Jan 15 18:16:24 AEDT 2018 org.joda.time.field.UnsupportedDurationField,228
Mon Jan 15 18:16:24 AEDT 2018 org.joda.time.chrono.GJEraDateTimeField,136
Mon Jan 15 18:16:26 AEDT 2018 org.joda.time.chrono.GJEraDateTimeField,140
Mon Jan 15 18:16:28 AEDT 2018 org.joda.time.DurationFieldType,286
Mon Jan 15 18:18:43 AEDT 2018 org.joda.time.DateTimeFieldType,484
Mon Jan 15 18:21:06 AEDT 2018 Mon Jan 15 18:21:06 AEDT 2018 : org.joda.time.Partial,176=>Find no block
Mon Jan 15 18:21:06 AEDT 2018 org.joda.time.Partial,175
Mon Jan 15 18:21:08 AEDT 2018 org.joda.time.Partial,221
Mon Jan 15 18:45:08 AEDT 2018 org.joda.time.Partial,217
Mon Jan 15 18:45:10 AEDT 2018 org.joda.time.Partial,218
Mon Jan 15 18:55:03 AEDT 2018 org.joda.time.Partial,250
Mon Jan 15 19:01:48 AEDT 2018 Mon Jan 15 19:01:48 AEDT 2018 : org.joda.time.Partial,251=>Find no block
Mon Jan 15 19:01:49 AEDT 2018 org.joda.time.Partial,248
Mon Jan 15 19:01:49 AEDT 2018 org.joda.time.Partial,249
Mon Jan 15 19:01:50 AEDT 2018 org.joda.time.Partial,212
Mon Jan 15 19:21:35 AEDT 2018 org.joda.time.Partial,213
Mon Jan 15 19:28:33 AEDT 2018 org.joda.time.Partial,214
Mon Jan 15 19:28:38 AEDT 2018 org.joda.time.Partial,215
Mon Jan 15 19:28:40 AEDT 2018 org.joda.time.Partial,216
Mon Jan 15 19:28:42 AEDT 2018 org.joda.time.Partial,245
Mon Jan 15 19:31:17 AEDT 2018 org.joda.time.Partial,335
Mon Jan 15 19:32:21 AEDT 2018 org.joda.time.Partial,207
Mon Jan 15 19:32:24 AEDT 2018 org.joda.time.Partial,208
Mon Jan 15 19:32:25 AEDT 2018 org.joda.time.Partial,202
Mon Jan 15 19:36:13 AEDT 2018 org.joda.time.Partial,199
Mon Jan 15 19:45:22 AEDT 2018 org.joda.time.Partial,196
Mon Jan 15 19:45:36 AEDT 2018 org.joda.time.Partial,323
Mon Jan 15 19:45:40 AEDT 2018 org.joda.time.Partial,190
Mon Jan 15 19:52:34 AEDT 2018 org.joda.time.Partial,191
Mon Jan 15 19:52:36 AEDT 2018 org.joda.time.Partial,192
Mon Jan 15 20:00:15 AEDT 2018 org.joda.time.Partial,193
Mon Jan 15 20:00:27 AEDT 2018 org.joda.time.Partial,311
Mon Jan 15 20:00:41 AEDT 2018 org.joda.time.DateTimeFieldType,363
Mon Jan 15 20:00:43 AEDT 2018 org.joda.time.DurationFieldType,292
Mon Jan 15 20:03:16 AEDT 2018 org.joda.time.chrono.BasicYearDateTimeField,116
Mon Jan 15 20:03:18 AEDT 2018 org.joda.time.field.UnsupportedDurationField,218
Mon Jan 15 20:03:21 AEDT 2018 org.joda.time.chrono.BasicMonthOfYearDateTimeField,340
Mon Jan 15 20:03:25 AEDT 2018 org.joda.time.chrono.BasicMonthOfYearDateTimeField,345
Mon Jan 15 20:04:44 AEDT 2018 org.joda.time.chrono.AssembledChronology,288
Mon Jan 15 20:04:48 AEDT 2018 org.joda.time.chrono.AssembledChronology,292
Mon Jan 15 20:04:50 AEDT 2018 org.joda.time.field.BaseDurationField,155
Mon Jan 15 20:04:54 AEDT 2018 org.joda.time.field.BaseDurationField,152
Mon Jan 15 20:04:56 AEDT 2018 org.joda.time.field.BaseDurationField,146
Mon Jan 15 20:08:25 AEDT 2018 org.joda.time.field.BaseDurationField,147
Mon Jan 15 20:08:26 AEDT 2018 org.joda.time.field.BaseDurationField,149
Mon Jan 15 20:08:27 AEDT 2018 org.joda.time.DateTimeFieldType,452
Mon Jan 15 20:08:32 AEDT 2018 org.joda.time.chrono.BasicYearDateTimeField,120
Mon Jan 15 20:08:36 AEDT 2018 org.joda.time.DurationFieldType,294
Mon Jan 15 20:11:08 AEDT 2018 Mon Jan 15 20:11:08 AEDT 2018 : org.joda.time.chrono.BaseChronology,213=>Find no block
Mon Jan 15 20:11:10 AEDT 2018 org.joda.time.chrono.BaseChronology,199
Timeout time : 18/01/15 20:45
Current failed test : org.joda.time.TestPartial_Constructors::testConstructorEx7_TypeArray_intArray_purify_4 | 18/01/15 20:45
Mon Jan 15 20:48:49 AEDT 2018 org.joda.time.chrono.GJEraDateTimeField,136
Mon Jan 15 20:48:50 AEDT 2018 org.joda.time.chrono.GJEraDateTimeField,140
Mon Jan 15 20:48:52 AEDT 2018 org.joda.time.DurationFieldType,286
Mon Jan 15 20:51:25 AEDT 2018 org.joda.time.chrono.BasicDayOfMonthDateTimeField,93
Mon Jan 15 21:27:07 AEDT 2018 org.joda.time.DateTimeFieldType,484
Mon Jan 15 21:29:48 AEDT 2018 Mon Jan 15 21:29:48 AEDT 2018 : org.joda.time.Partial,176=>Find no block
Mon Jan 15 21:29:49 AEDT 2018 org.joda.time.Partial,175
Mon Jan 15 21:29:50 AEDT 2018 org.joda.time.Partial,221

----------------------------------------
----------------------------------------
Pass Single Test : [=>0,0]
if(compare!=0){
if(types[i-1].getRangeDurationType()==null){
if(loopType.getRangeDurationType()==null){
throw new IllegalArgumentException("Types array must not contain duplicate: "+types[i-1].getName());
}
}else {
if(loopType.getRangeDurationType()==null){
throw new IllegalArgumentException("Types array must be in order largest-smallest: "+types[i-1].getName());
}
DurationField lastRangeField=types[i-1].getRangeDurationType().getField(iChronology);
DurationField loopRangeField=loopType.getRangeDurationType().getField(iChronology);
if(lastRangeField.compareTo(loopRangeField)<0){
throw new IllegalArgumentException("Types array must be in order largest-smallest: "+types[i-1].getName());
}
if(lastRangeField.compareTo(loopRangeField)==0){
throw new IllegalArgumentException("Types array must not contain duplicate: "+types[i-1].getName());
}
}
}

Time : 18/01/15 21:57
----------------------------------------

----------------------------------------
----------------------------------------
Pass Single Test : [=>0,0]
if(i!=0){
if(types[i-1].getRangeDurationType()==null){
if(loopType.getRangeDurationType()==null){
throw new IllegalArgumentException("Types array must not contain duplicate: "+types[i-1].getName());
}
}else {
if(loopType.getRangeDurationType()==null){
throw new IllegalArgumentException("Types array must be in order largest-smallest: "+types[i-1].getName());
}
DurationField lastRangeField=types[i-1].getRangeDurationType().getField(iChronology);
DurationField loopRangeField=loopType.getRangeDurationType().getField(iChronology);
if(lastRangeField.compareTo(loopRangeField)<0){
throw new IllegalArgumentException("Types array must be in order largest-smallest: "+types[i-1].getName());
}
if(lastRangeField.compareTo(loopRangeField)==0){
throw new IllegalArgumentException("Types array must not contain duplicate: "+types[i-1].getName());
}
}
}

Time : 18/01/15 21:58
----------------------------------------
Mon Jan 15 21:59:34 AEDT 2018 org.joda.time.Partial,217
Mon Jan 15 21:59:36 AEDT 2018 org.joda.time.Partial,218
Mon Jan 15 22:07:32 AEDT 2018 org.joda.time.Partial,346
Mon Jan 15 22:07:33 AEDT 2018 org.joda.time.Partial,250
Mon Jan 15 22:12:28 AEDT 2018 Mon Jan 15 22:12:28 AEDT 2018 : org.joda.time.Partial,251=>Find no block
Mon Jan 15 22:12:28 AEDT 2018 org.joda.time.Partial,248
Mon Jan 15 22:12:28 AEDT 2018 org.joda.time.Partial,249
Mon Jan 15 22:12:29 AEDT 2018 org.joda.time.Partial,212
Mon Jan 15 22:26:26 AEDT 2018 org.joda.time.Partial,213
Mon Jan 15 22:32:29 AEDT 2018 org.joda.time.Partial,214
Mon Jan 15 22:32:32 AEDT 2018 org.joda.time.Partial,215
Mon Jan 15 22:32:32 AEDT 2018 org.joda.time.Partial,216
Mon Jan 15 22:32:33 AEDT 2018 org.joda.time.Partial,245
Mon Jan 15 22:34:53 AEDT 2018 org.joda.time.Partial,335
Mon Jan 15 22:35:41 AEDT 2018 org.joda.time.Partial,207
Mon Jan 15 22:35:42 AEDT 2018 org.joda.time.Partial,208
Mon Jan 15 22:35:42 AEDT 2018 org.joda.time.Partial,202
Mon Jan 15 22:38:20 AEDT 2018 org.joda.time.Partial,199
Mon Jan 15 22:44:53 AEDT 2018 org.joda.time.Partial,196
Mon Jan 15 22:45:04 AEDT 2018 org.joda.time.Partial,323
Mon Jan 15 22:45:05 AEDT 2018 org.joda.time.Partial,190
Mon Jan 15 22:50:26 AEDT 2018 org.joda.time.Partial,191
Mon Jan 15 22:50:27 AEDT 2018 org.joda.time.Partial,192
Mon Jan 15 22:56:08 AEDT 2018 org.joda.time.Partial,193
Mon Jan 15 22:56:18 AEDT 2018 org.joda.time.Partial,311
Mon Jan 15 22:56:29 AEDT 2018 org.joda.time.chrono.BasicDayOfMonthDateTimeField,80
Mon Jan 15 23:04:52 AEDT 2018 org.joda.time.chrono.BasicDayOfMonthDateTimeField,81
Mon Jan 15 23:04:53 AEDT 2018 org.joda.time.chrono.BasicDayOfMonthDateTimeField,82
Mon Jan 15 23:04:53 AEDT 2018 org.joda.time.DateTimeFieldType,363
Mon Jan 15 23:04:54 AEDT 2018 org.joda.time.chrono.BasicChronology,573
Mon Jan 15 23:04:56 AEDT 2018 org.joda.time.DurationFieldType,292
Mon Jan 15 23:07:11 AEDT 2018 org.joda.time.chrono.BasicDayOfMonthDateTimeField,60
Mon Jan 15 23:07:12 AEDT 2018 org.joda.time.chrono.BasicYearDateTimeField,116
Mon Jan 15 23:07:13 AEDT 2018 org.joda.time.field.UnsupportedDurationField,218
Mon Jan 15 23:07:15 AEDT 2018 org.joda.time.chrono.AssembledChronology,288
Mon Jan 15 23:07:17 AEDT 2018 org.joda.time.chrono.AssembledChronology,292
Mon Jan 15 23:07:19 AEDT 2018 org.joda.time.field.BaseDurationField,155
Mon Jan 15 23:07:20 AEDT 2018 org.joda.time.field.BaseDurationField,152
Mon Jan 15 23:07:20 AEDT 2018 org.joda.time.field.BaseDurationField,146

----------------------------------------
----------------------------------------
Pass Single Test : [=>0,0]
long otherMillis=otherField.getUnitMillis();
long thisMillis=getUnitMillis();
thisMillis=(int)(otherMillis/getUnitMillis());
if(thisMillis==otherMillis){
return 0;
}
if(thisMillis<otherMillis){
return -1;
}else {
return 1;
}

Time : 18/01/15 23:08
----------------------------------------
Mon Jan 15 23:10:37 AEDT 2018 org.joda.time.field.BaseDurationField,147
Mon Jan 15 23:10:38 AEDT 2018 org.joda.time.field.BaseDurationField,149
Mon Jan 15 23:10:38 AEDT 2018 org.joda.time.DateTimeFieldType,452
Mon Jan 15 23:10:39 AEDT 2018 org.joda.time.chrono.BasicYearDateTimeField,120
Mon Jan 15 23:10:41 AEDT 2018 Mon Jan 15 23:10:41 AEDT 2018 : org.joda.time.chrono.BaseChronology,213=>Find no block
Mon Jan 15 23:10:41 AEDT 2018 org.joda.time.chrono.BaseChronology,199
Timeout time : 18/01/15 23:18
