=================================================
Project : time_10	start : 18/01/15 19:02
Current failed test : org.joda.time.TestDays::testFactory_daysBetween_RPartial_MonthDay | 18/01/15 19:02
Mon Jan 15 19:04:22 AEDT 2018 org.joda.time.DateTimeFieldType,378
Mon Jan 15 19:04:40 AEDT 2018 org.joda.time.IllegalFieldValueException,108
Mon Jan 15 19:17:13 AEDT 2018 org.joda.time.IllegalFieldValueException,109
Mon Jan 15 19:17:16 AEDT 2018 org.joda.time.IllegalFieldValueException,110
Mon Jan 15 19:17:18 AEDT 2018 org.joda.time.IllegalFieldValueException,111
Mon Jan 15 19:17:21 AEDT 2018 org.joda.time.IllegalFieldValueException,112
Mon Jan 15 19:17:23 AEDT 2018 org.joda.time.IllegalFieldValueException,113
Mon Jan 15 19:17:25 AEDT 2018 org.joda.time.IllegalFieldValueException,114
Mon Jan 15 19:17:28 AEDT 2018 org.joda.time.IllegalFieldValueException,115
Mon Jan 15 19:17:30 AEDT 2018 org.joda.time.IllegalFieldValueException,116
Mon Jan 15 19:17:33 AEDT 2018 Mon Jan 15 19:17:33 AEDT 2018 : org.joda.time.IllegalFieldValueException,117=>Find no block
Mon Jan 15 19:17:35 AEDT 2018 org.joda.time.IllegalFieldValueException,41
Mon Jan 15 19:49:27 AEDT 2018 org.joda.time.IllegalFieldValueException,44
Mon Jan 15 19:49:29 AEDT 2018 org.joda.time.IllegalFieldValueException,50
Mon Jan 15 19:49:32 AEDT 2018 org.joda.time.IllegalFieldValueException,53
Mon Jan 15 19:49:34 AEDT 2018 org.joda.time.IllegalFieldValueException,59
Mon Jan 15 20:04:54 AEDT 2018 org.joda.time.IllegalFieldValueException,63
Mon Jan 15 20:22:06 AEDT 2018 org.joda.time.IllegalFieldValueException,314
Mon Jan 15 20:22:09 AEDT 2018 org.joda.time.field.FieldUtils,218
Mon Jan 15 20:30:16 AEDT 2018 org.joda.time.format.DateTimeFormat,170
Mon Jan 15 20:30:17 AEDT 2018 org.joda.time.format.DateTimeFormat,400
Mon Jan 15 21:56:02 AEDT 2018 org.joda.time.format.DateTimeFormat,401
Mon Jan 15 21:56:03 AEDT 2018 org.joda.time.format.DateTimeFormat,403
Mon Jan 15 22:04:18 AEDT 2018 org.joda.time.format.DateTimeFormat,404
Mon Jan 15 22:07:20 AEDT 2018 org.joda.time.format.DateTimeFormat,405
Mon Jan 15 22:07:20 AEDT 2018 org.joda.time.format.DateTimeFormat,406
Mon Jan 15 22:14:55 AEDT 2018 org.joda.time.format.DateTimeFormat,408
Mon Jan 15 22:39:11 AEDT 2018 org.joda.time.format.DateTimeFormat,409
Mon Jan 15 22:39:11 AEDT 2018 org.joda.time.format.DateTimeFormat,412
Mon Jan 15 22:47:50 AEDT 2018 Mon Jan 15 22:47:50 AEDT 2018 : org.joda.time.format.DateTimeFormat,414=>Find no block
Mon Jan 15 22:47:51 AEDT 2018 org.joda.time.format.DateTimeFormat,479
Mon Jan 15 22:47:52 AEDT 2018 org.joda.time.format.DateTimeFormat,486
Mon Jan 15 22:47:53 AEDT 2018 org.joda.time.format.DateTimeFormat,488
Mon Jan 15 22:53:00 AEDT 2018 org.joda.time.format.DateTimeFormat,490
Mon Jan 15 22:53:01 AEDT 2018 org.joda.time.format.DateTimeFormat,491
Mon Jan 15 22:55:44 AEDT 2018 org.joda.time.format.DateTimeFormat,549
Mon Jan 15 22:57:06 AEDT 2018 org.joda.time.format.DateTimeFormat,550
Mon Jan 15 22:57:07 AEDT 2018 org.joda.time.format.DateTimeFormat,551
Mon Jan 15 22:57:07 AEDT 2018 org.joda.time.format.DateTimeFormat,555
Mon Jan 15 22:57:08 AEDT 2018 org.joda.time.format.DateTimeFormat,557
Mon Jan 15 23:13:16 AEDT 2018 Mon Jan 15 23:13:16 AEDT 2018 : org.joda.time.format.DateTimeFormat,563=>Find no block
Mon Jan 15 23:13:17 AEDT 2018 org.joda.time.format.DateTimeFormat,574
Mon Jan 15 23:19:43 AEDT 2018 org.joda.time.format.DateTimeFormat,576
Mon Jan 15 23:19:44 AEDT 2018 org.joda.time.format.DateTimeFormat,577
Mon Jan 15 23:29:21 AEDT 2018 org.joda.time.format.DateTimeFormat,579
Mon Jan 15 23:29:21 AEDT 2018 org.joda.time.format.DateTimeFormat,580
Timeout time : 18/01/16 00:04
