=================================================
Project : time_15	start : 18/01/16 02:52
Current failed test : org.joda.time.field.TestFieldUtils::testSafeMultiplyLongInt | 18/01/16 02:52
Tue Jan 16 02:54:43 AEDT 2018 org.joda.time.field.FieldUtils,140
Tue Jan 16 02:54:53 AEDT 2018 org.joda.time.field.FieldUtils,138
Tue Jan 16 02:55:15 AEDT 2018 org.joda.time.field.FieldUtils,142
Tue Jan 16 02:56:14 AEDT 2018 org.joda.time.field.FieldUtils,144
Tue Jan 16 03:14:50 AEDT 2018 org.joda.time.field.FieldUtils,145
Tue Jan 16 03:14:52 AEDT 2018 org.joda.time.field.FieldUtils,148
Tue Jan 16 03:31:27 AEDT 2018 Tue Jan 16 03:31:27 AEDT 2018 : org.joda.time.field.FieldUtils,136=>Find no block
Tue Jan 16 03:31:30 AEDT 2018 org.joda.time.field.FieldUtils,36
Tue Jan 16 03:31:35 AEDT 2018 Tue Jan 16 03:31:35 AEDT 2018 : org.joda.time.field.FieldUtils,37=>Find no block
Tue Jan 16 03:31:37 AEDT 2018 org.joda.time.field.FieldUtils,49
Tue Jan 16 03:35:55 AEDT 2018 org.joda.time.field.FieldUtils,50
Tue Jan 16 03:35:57 AEDT 2018 org.joda.time.field.FieldUtils,52
Tue Jan 16 03:41:56 AEDT 2018 org.joda.time.field.FieldUtils,64
Tue Jan 16 03:47:55 AEDT 2018 org.joda.time.field.FieldUtils,66
Tue Jan 16 03:50:00 AEDT 2018 org.joda.time.field.FieldUtils,67
Tue Jan 16 03:50:02 AEDT 2018 org.joda.time.field.FieldUtils,70
Tue Jan 16 03:50:04 AEDT 2018 org.joda.time.field.FieldUtils,82
Tue Jan 16 03:56:36 AEDT 2018 org.joda.time.field.FieldUtils,84
Tue Jan 16 03:56:38 AEDT 2018 org.joda.time.field.FieldUtils,85
Tue Jan 16 03:56:41 AEDT 2018 org.joda.time.field.FieldUtils,88
Tue Jan 16 03:56:42 AEDT 2018 org.joda.time.field.FieldUtils,100
Tue Jan 16 04:02:50 AEDT 2018 org.joda.time.field.FieldUtils,102
Tue Jan 16 04:08:02 AEDT 2018 org.joda.time.field.FieldUtils,103
Tue Jan 16 04:08:02 AEDT 2018 org.joda.time.field.FieldUtils,106
Tue Jan 16 04:08:03 AEDT 2018 org.joda.time.field.FieldUtils,119
Tue Jan 16 04:19:55 AEDT 2018 org.joda.time.field.FieldUtils,120
Tue Jan 16 04:42:51 AEDT 2018 org.joda.time.field.FieldUtils,121
Tue Jan 16 04:42:52 AEDT 2018 org.joda.time.field.FieldUtils,123
Tue Jan 16 04:42:54 AEDT 2018 org.joda.time.field.FieldUtils,146
Tue Jan 16 04:42:56 AEDT 2018 org.joda.time.field.FieldUtils,160
Tue Jan 16 04:47:02 AEDT 2018 org.joda.time.field.FieldUtils,161
Tue Jan 16 04:47:04 AEDT 2018 org.joda.time.field.FieldUtils,163
Tue Jan 16 04:51:06 AEDT 2018 org.joda.time.field.FieldUtils,164
Tue Jan 16 04:51:08 AEDT 2018 org.joda.time.field.FieldUtils,166
Tue Jan 16 04:53:01 AEDT 2018 org.joda.time.field.FieldUtils,167
Tue Jan 16 04:53:02 AEDT 2018 org.joda.time.field.FieldUtils,169
Tue Jan 16 05:25:55 AEDT 2018 org.joda.time.field.FieldUtils,170
Tue Jan 16 05:25:56 AEDT 2018 org.joda.time.field.FieldUtils,171
Tue Jan 16 05:25:58 AEDT 2018 org.joda.time.field.FieldUtils,173
Tue Jan 16 05:54:13 AEDT 2018 org.joda.time.field.FieldUtils,184
Tue Jan 16 05:54:31 AEDT 2018 org.joda.time.field.FieldUtils,185
Tue Jan 16 05:54:32 AEDT 2018 org.joda.time.field.FieldUtils,187
Tue Jan 16 05:55:36 AEDT 2018 org.joda.time.field.FieldUtils,199
Tue Jan 16 05:57:00 AEDT 2018 org.joda.time.field.FieldUtils,200
Tue Jan 16 05:57:02 AEDT 2018 org.joda.time.field.FieldUtils,214
Tue Jan 16 06:06:48 AEDT 2018 org.joda.time.field.FieldUtils,215
Tue Jan 16 06:06:49 AEDT 2018 Tue Jan 16 06:06:49 AEDT 2018 : org.joda.time.field.FieldUtils,219=>Find no block
Tue Jan 16 06:06:51 AEDT 2018 org.joda.time.field.FieldUtils,232
Tue Jan 16 06:13:12 AEDT 2018 org.joda.time.field.FieldUtils,233
Tue Jan 16 06:13:14 AEDT 2018 Tue Jan 16 06:13:14 AEDT 2018 : org.joda.time.field.FieldUtils,237=>Find no block
Tue Jan 16 06:13:16 AEDT 2018 org.joda.time.field.FieldUtils,249
Tue Jan 16 06:17:20 AEDT 2018 org.joda.time.field.FieldUtils,250
Tue Jan 16 06:17:22 AEDT 2018 Tue Jan 16 06:17:22 AEDT 2018 : org.joda.time.field.FieldUtils,254=>Find no block
Tue Jan 16 06:17:23 AEDT 2018 org.joda.time.field.FieldUtils,273
Tue Jan 16 06:17:28 AEDT 2018 org.joda.time.field.FieldUtils,289
Tue Jan 16 06:19:11 AEDT 2018 org.joda.time.field.FieldUtils,290
Tue Jan 16 06:19:13 AEDT 2018 org.joda.time.field.FieldUtils,293
Tue Jan 16 06:49:43 AEDT 2018 org.joda.time.field.FieldUtils,294
Tue Jan 16 07:08:48 AEDT 2018 org.joda.time.field.FieldUtils,296
Tue Jan 16 07:11:53 AEDT 2018 org.joda.time.field.FieldUtils,297
Tue Jan 16 07:11:55 AEDT 2018 org.joda.time.field.FieldUtils,300
Tue Jan 16 07:25:58 AEDT 2018 org.joda.time.field.FieldUtils,302
Tue Jan 16 07:26:01 AEDT 2018 org.joda.time.field.FieldUtils,303
Tue Jan 16 07:26:04 AEDT 2018 org.joda.time.field.FieldUtils,305
Tue Jan 16 07:28:42 AEDT 2018 org.joda.time.field.FieldUtils,318
Tue Jan 16 07:29:43 AEDT 2018 org.joda.time.field.FieldUtils,319
Tue Jan 16 07:29:44 AEDT 2018 org.joda.time.field.FieldUtils,321
Tue Jan 16 07:31:53 AEDT 2018 org.joda.time.field.FieldUtils,322
Tue Jan 16 07:31:55 AEDT 2018 org.joda.time.field.FieldUtils,324
Tue Jan 16 07:34:44 AEDT 2018 org.joda.time.IllegalFieldValueException,108
Tue Jan 16 07:46:23 AEDT 2018 org.joda.time.IllegalFieldValueException,109
Tue Jan 16 07:46:25 AEDT 2018 org.joda.time.IllegalFieldValueException,110
Tue Jan 16 07:46:27 AEDT 2018 org.joda.time.IllegalFieldValueException,111
Tue Jan 16 07:46:29 AEDT 2018 org.joda.time.IllegalFieldValueException,112
Tue Jan 16 07:46:31 AEDT 2018 org.joda.time.IllegalFieldValueException,113
Tue Jan 16 07:46:33 AEDT 2018 org.joda.time.IllegalFieldValueException,114
Tue Jan 16 07:46:34 AEDT 2018 org.joda.time.IllegalFieldValueException,115
Tue Jan 16 07:46:35 AEDT 2018 org.joda.time.IllegalFieldValueException,116
Tue Jan 16 07:46:36 AEDT 2018 Tue Jan 16 07:46:36 AEDT 2018 : org.joda.time.IllegalFieldValueException,117=>Find no block
Tue Jan 16 07:46:38 AEDT 2018 org.joda.time.IllegalFieldValueException,129
Timeout time : 18/01/16 07:54
