=================================================
Project : time_18	start : 18/01/16 05:24
Current failed test : org.joda.time.chrono.TestGJChronology::testLeapYearRulesConstruction | 18/01/16 05:24
Tue Jan 16 05:26:26 AEDT 2018 org.joda.time.IllegalFieldValueException,314
Tue Jan 16 05:26:27 AEDT 2018 org.joda.time.field.FieldUtils,233
Tue Jan 16 05:30:14 AEDT 2018 org.joda.time.chrono.GJChronology,356
Tue Jan 16 05:31:04 AEDT 2018 org.joda.time.chrono.GJChronology,364
Tue Jan 16 06:09:18 AEDT 2018 org.joda.time.DateMidnight,343
Tue Jan 16 06:09:50 AEDT 2018 org.joda.time.chrono.GJChronology,123
Tue Jan 16 06:09:51 AEDT 2018 org.joda.time.IllegalFieldValueException,53
Tue Jan 16 06:17:30 AEDT 2018 org.joda.time.IllegalFieldValueException,50
Tue Jan 16 06:17:30 AEDT 2018 org.joda.time.IllegalFieldValueException,108
Tue Jan 16 06:25:37 AEDT 2018 org.joda.time.IllegalFieldValueException,109
Tue Jan 16 06:25:37 AEDT 2018 org.joda.time.IllegalFieldValueException,110
Tue Jan 16 06:25:37 AEDT 2018 org.joda.time.IllegalFieldValueException,111
Tue Jan 16 06:25:37 AEDT 2018 org.joda.time.IllegalFieldValueException,112
Tue Jan 16 06:25:38 AEDT 2018 org.joda.time.IllegalFieldValueException,113
Tue Jan 16 06:25:38 AEDT 2018 org.joda.time.IllegalFieldValueException,114
Tue Jan 16 06:25:38 AEDT 2018 org.joda.time.IllegalFieldValueException,115
Tue Jan 16 06:25:38 AEDT 2018 org.joda.time.IllegalFieldValueException,116
Tue Jan 16 06:25:39 AEDT 2018 Tue Jan 16 06:25:39 AEDT 2018 : org.joda.time.IllegalFieldValueException,117=>Find no block
Tue Jan 16 06:25:39 AEDT 2018 org.joda.time.IllegalFieldValueException,41
Tue Jan 16 06:32:57 AEDT 2018 org.joda.time.IllegalFieldValueException,44
Tue Jan 16 06:32:57 AEDT 2018 org.joda.time.IllegalFieldValueException,59
Tue Jan 16 06:44:47 AEDT 2018 org.joda.time.IllegalFieldValueException,63
Tue Jan 16 06:58:11 AEDT 2018 org.joda.time.chrono.GJChronology,204
Tue Jan 16 07:00:42 AEDT 2018 org.joda.time.chrono.GJChronology,205
Tue Jan 16 07:00:42 AEDT 2018 org.joda.time.chrono.GJChronology,206
Tue Jan 16 07:00:42 AEDT 2018 org.joda.time.chrono.GJChronology,209
Tue Jan 16 07:00:42 AEDT 2018 org.joda.time.chrono.GJChronology,385
Tue Jan 16 07:00:43 AEDT 2018 org.joda.time.chrono.GJChronology,394
Tue Jan 16 07:00:44 AEDT 2018 org.joda.time.base.AbstractInstant,260
Tue Jan 16 07:01:18 AEDT 2018 org.joda.time.chrono.GJChronology,194
Tue Jan 16 07:01:18 AEDT 2018 org.joda.time.Instant,144
Tue Jan 16 07:01:19 AEDT 2018 org.joda.time.chrono.GJChronology,189
Tue Jan 16 07:04:30 AEDT 2018 org.joda.time.chrono.GJChronology,191
Tue Jan 16 07:04:31 AEDT 2018 org.joda.time.chrono.GJChronology,199
Tue Jan 16 07:12:46 AEDT 2018 org.joda.time.chrono.GJChronology,200
Tue Jan 16 07:12:46 AEDT 2018 org.joda.time.DateTimeFieldType,378
Tue Jan 16 07:12:54 AEDT 2018 org.joda.time.chrono.BasicChronology,185
Tue Jan 16 07:12:54 AEDT 2018 org.joda.time.Instant,256
Tue Jan 16 07:12:55 AEDT 2018 org.joda.time.DateTimeUtils,272
Tue Jan 16 07:14:23 AEDT 2018 org.joda.time.DateTimeUtils,269
Tue Jan 16 07:15:21 AEDT 2018 org.joda.time.tz.FixedDateTimeZone,102
Tue Jan 16 07:15:22 AEDT 2018 org.joda.time.base.AbstractInstant,262
Tue Jan 16 07:15:55 AEDT 2018 org.joda.time.base.AbstractInstant,265
Tue Jan 16 07:20:40 AEDT 2018 org.joda.time.base.AbstractInstant,266
Tue Jan 16 07:20:40 AEDT 2018 org.joda.time.base.AbstractInstant,259
Tue Jan 16 07:20:40 AEDT 2018 org.joda.time.DateTimeZone,706
Tue Jan 16 07:20:54 AEDT 2018 org.joda.time.base.BaseDateTime,252
Tue Jan 16 07:45:49 AEDT 2018 org.joda.time.base.BaseDateTime,253
Tue Jan 16 07:45:49 AEDT 2018 org.joda.time.base.BaseDateTime,254
Tue Jan 16 07:45:49 AEDT 2018 org.joda.time.chrono.BasicChronology,167
Tue Jan 16 07:45:50 AEDT 2018 org.joda.time.chrono.BasicChronology,172
Tue Jan 16 08:40:25 AEDT 2018 org.joda.time.chrono.BasicChronology,173
Tue Jan 16 08:40:25 AEDT 2018 org.joda.time.chrono.BasicChronology,174
Tue Jan 16 08:40:25 AEDT 2018 org.joda.time.chrono.BasicChronology,175
Tue Jan 16 08:40:25 AEDT 2018 org.joda.time.chrono.BasicChronology,177
Tue Jan 16 08:40:26 AEDT 2018 org.joda.time.DateTimeFieldType,164
Tue Jan 16 08:40:27 AEDT 2018 org.joda.time.chrono.BasicChronology,691
Tue Jan 16 08:40:28 AEDT 2018 org.joda.time.DateTimeFieldType,182
Tue Jan 16 08:40:29 AEDT 2018 org.joda.time.chrono.BasicChronology,605

----------------------------------------
----------------------------------------
Pass Single Test : [=>0,0]
FieldUtils.verifyValueBounds(DateTimeFieldType.year(),year,getMinYear(),getMaxYear());
FieldUtils.verifyValueBounds(DateTimeFieldType.monthOfYear(),monthOfYear,1,getMaxMonth(year));
return getYearMonthDayMillis(year,monthOfYear,dayOfMonth);

Time : 18/01/16 08:41
----------------------------------------

----------------------------------------
----------------------------------------
Pass Single Test : [=>0,0]
FieldUtils.verifyValueBounds(DateTimeFieldType.year(),dayOfMonth,getMinYear(),getMaxYear());
FieldUtils.verifyValueBounds(DateTimeFieldType.monthOfYear(),monthOfYear,1,getMaxMonth(year));
return getYearMonthDayMillis(year,monthOfYear,dayOfMonth);

Time : 18/01/16 08:42
----------------------------------------

----------------------------------------
----------------------------------------
Pass Single Test : [=>0,0]
FieldUtils.verifyValueBounds(DateTimeFieldType.year(),year,getMinYear(),getMaxYear());
return getYearMonthDayMillis(year,monthOfYear,dayOfMonth);

Time : 18/01/16 08:43
----------------------------------------

----------------------------------------
----------------------------------------
Pass Single Test : [=>0,0]
FieldUtils.verifyValueBounds(DateTimeFieldType.year(),dayOfMonth,getMinYear(),getMaxYear());
return getYearMonthDayMillis(year,monthOfYear,dayOfMonth);

Time : 18/01/16 08:44
----------------------------------------

----------------------------------------
----------------------------------------
Pass Single Test : [=>0,0]
FieldUtils.verifyValueBounds(DateTimeFieldType.year(),monthOfYear,getMinYear(),getMaxYear());
FieldUtils.verifyValueBounds(DateTimeFieldType.monthOfYear(),monthOfYear,1,getMaxMonth(year));
return getYearMonthDayMillis(year,monthOfYear,dayOfMonth);

Time : 18/01/16 08:45
----------------------------------------

----------------------------------------
----------------------------------------
Pass Single Test : [=>0,0]
FieldUtils.verifyValueBounds(DateTimeFieldType.year(),monthOfYear,getMinYear(),getMaxYear());
return getYearMonthDayMillis(year,monthOfYear,dayOfMonth);

Time : 18/01/16 08:46
----------------------------------------

----------------------------------------
----------------------------------------
Pass Single Test : [=>0,0]
FieldUtils.verifyValueBounds(DateTimeFieldType.monthOfYear(),monthOfYear,1,getMaxMonth(year));
return getYearMonthDayMillis(year,monthOfYear,dayOfMonth);

Time : 18/01/16 08:47
----------------------------------------

----------------------------------------
----------------------------------------
Pass Single Test : [=>0,0]
return getYearMonthDayMillis(year,monthOfYear,dayOfMonth);

Time : 18/01/16 08:48
----------------------------------------
Tue Jan 16 08:52:11 AEDT 2018 org.joda.time.DateTimeFieldType,200
Tue Jan 16 08:52:12 AEDT 2018 Tue Jan 16 08:52:12 AEDT 2018 : org.joda.time.field.FieldUtils,237=>Find no block
Tue Jan 16 08:52:12 AEDT 2018 org.joda.time.chrono.BasicChronology,603
Tue Jan 16 08:52:13 AEDT 2018 org.joda.time.chrono.BasicChronology,604
Tue Jan 16 08:52:13 AEDT 2018 org.joda.time.chrono.BasicChronology,682
Tue Jan 16 08:52:14 AEDT 2018 org.joda.time.field.FieldUtils,232
Tue Jan 16 08:52:14 AEDT 2018 org.joda.time.DateTimeFieldType,218
Tue Jan 16 08:52:15 AEDT 2018 org.joda.time.chrono.BasicGJChronology,123
Tue Jan 16 08:52:52 AEDT 2018 org.joda.time.chrono.BasicGJChronology,120
Tue Jan 16 08:52:52 AEDT 2018 org.joda.time.base.BaseDateTime,270
Tue Jan 16 08:53:06 AEDT 2018 org.joda.time.chrono.GregorianChronology,221
Tue Jan 16 08:53:07 AEDT 2018 org.joda.time.base.AbstractDateTime,51
Tue Jan 16 08:53:08 AEDT 2018 Tue Jan 16 08:53:08 AEDT 2018 : org.joda.time.base.AbstractDateTime,52=>Find no block
Tue Jan 16 08:53:08 AEDT 2018 org.joda.time.DateTimeFieldType,273
Tue Jan 16 08:53:09 AEDT 2018 org.joda.time.chrono.GregorianChronology,225
Tue Jan 16 08:53:10 AEDT 2018 org.joda.time.base.AbstractInstant,61
Tue Jan 16 08:53:10 AEDT 2018 Tue Jan 16 08:53:10 AEDT 2018 : org.joda.time.base.AbstractInstant,62=>Find no block
Tue Jan 16 08:53:10 AEDT 2018 org.joda.time.DateTimeFieldType,318
Tue Jan 16 08:53:11 AEDT 2018 org.joda.time.DateTimeFieldType,327
Tue Jan 16 08:53:12 AEDT 2018 org.joda.time.chrono.AssembledChronology,308
Tue Jan 16 08:53:20 AEDT 2018 org.joda.time.chrono.GregorianChronology,197
Tue Jan 16 08:54:25 AEDT 2018 org.joda.time.DateTimeUtils,255
Tue Jan 16 08:54:52 AEDT 2018 org.joda.time.DateTimeUtils,82
Tue Jan 16 08:54:53 AEDT 2018 org.joda.time.DateTimeUtils,83
Tue Jan 16 08:54:53 AEDT 2018 Tue Jan 16 08:54:53 AEDT 2018 : org.joda.time.DateTimeUtils,84=>Find no block
Tue Jan 16 08:54:53 AEDT 2018 Tue Jan 16 08:54:53 AEDT 2018 : org.joda.time.DateTimeUtils,414=>Find no block
Tue Jan 16 08:54:54 AEDT 2018 org.joda.time.DateTimeUtils,415
Tue Jan 16 08:56:07 AEDT 2018 Tue Jan 16 08:56:07 AEDT 2018 : org.joda.time.DateTimeUtils,416=>Find no block
Tue Jan 16 08:56:07 AEDT 2018 org.joda.time.DateTimeUtils,68
Tue Jan 16 08:56:08 AEDT 2018 org.joda.time.DateTimeUtils,69
Tue Jan 16 08:56:09 AEDT 2018 Tue Jan 16 08:56:09 AEDT 2018 : org.joda.time.DateTimeUtils,70=>Find no block
Tue Jan 16 08:56:09 AEDT 2018 org.joda.time.DateTimeUtils,129
Tue Jan 16 08:56:10 AEDT 2018 org.joda.time.DateTimeUtils,130
Tue Jan 16 08:56:11 AEDT 2018 Tue Jan 16 08:56:11 AEDT 2018 : org.joda.time.DateTimeUtils,133=>Find no block
Tue Jan 16 08:56:11 AEDT 2018 org.joda.time.DateTimeUtils,252
Tue Jan 16 08:56:24 AEDT 2018 org.joda.time.DateTimeZone,174
Tue Jan 16 09:25:33 AEDT 2018 org.joda.time.DateTimeZone,175
Tue Jan 16 09:25:33 AEDT 2018 org.joda.time.DateTimeZone,178
Tue Jan 16 09:25:34 AEDT 2018 Tue Jan 16 09:25:34 AEDT 2018 : org.joda.time.DateTimeZone,181=>Find no block
Tue Jan 16 09:25:34 AEDT 2018 org.joda.time.DateTimeZone,182
Tue Jan 16 09:25:34 AEDT 2018 Tue Jan 16 09:25:34 AEDT 2018 : org.joda.time.DateTimeZone,183=>Find no block
Tue Jan 16 09:25:34 AEDT 2018 Tue Jan 16 09:25:34 AEDT 2018 : org.joda.time.DateTimeZone,184=>Find no block
Tue Jan 16 09:25:35 AEDT 2018 org.joda.time.DateTimeZone,133
Tue Jan 16 09:27:18 AEDT 2018 org.joda.time.DateTimeZone,134
Tue Jan 16 09:28:56 AEDT 2018 org.joda.time.DateTimeZone,161
Tue Jan 16 09:31:27 AEDT 2018 Tue Jan 16 09:31:27 AEDT 2018 : org.joda.time.DateTimeField,33=>Find no block
Tue Jan 16 09:31:28 AEDT 2018 org.joda.time.field.ImpreciseDateTimeField,55
Tue Jan 16 09:32:51 AEDT 2018 org.joda.time.field.ImpreciseDateTimeField,56
Tue Jan 16 09:32:51 AEDT 2018 org.joda.time.field.ImpreciseDateTimeField,57
Tue Jan 16 09:32:52 AEDT 2018 Tue Jan 16 09:32:52 AEDT 2018 : org.joda.time.field.ImpreciseDateTimeField,58=>Find no block
Tue Jan 16 09:32:52 AEDT 2018 org.joda.time.field.ImpreciseDateTimeField,91
Tue Jan 16 09:33:32 AEDT 2018 org.joda.time.field.ImpreciseDateTimeField,118
Tue Jan 16 09:33:40 AEDT 2018 org.joda.time.field.ImpreciseDateTimeField,119
Tue Jan 16 09:33:40 AEDT 2018 org.joda.time.field.ImpreciseDateTimeField,122
Tue Jan 16 09:34:43 AEDT 2018 org.joda.time.field.ImpreciseDateTimeField,123
Tue Jan 16 09:40:16 AEDT 2018 org.joda.time.field.ImpreciseDateTimeField,125
Tue Jan 16 09:40:17 AEDT 2018 org.joda.time.field.ImpreciseDateTimeField,126
Tue Jan 16 09:40:17 AEDT 2018 org.joda.time.field.ImpreciseDateTimeField,127
Tue Jan 16 09:40:17 AEDT 2018 org.joda.time.field.ImpreciseDateTimeField,128
Tue Jan 16 09:40:17 AEDT 2018 org.joda.time.field.ImpreciseDateTimeField,130
Tue Jan 16 09:40:18 AEDT 2018 org.joda.time.field.ImpreciseDateTimeField,131
Tue Jan 16 09:40:18 AEDT 2018 org.joda.time.field.ImpreciseDateTimeField,133
Tue Jan 16 09:44:13 AEDT 2018 org.joda.time.field.ImpreciseDateTimeField,137
Tue Jan 16 09:44:14 AEDT 2018 org.joda.time.field.ImpreciseDateTimeField,145
Tue Jan 16 09:44:31 AEDT 2018 org.joda.time.field.BaseDateTimeField,50
Tue Jan 16 09:48:41 AEDT 2018 org.joda.time.field.BaseDateTimeField,51
Tue Jan 16 09:50:10 AEDT 2018 org.joda.time.field.BaseDateTimeField,52
Tue Jan 16 09:50:10 AEDT 2018 org.joda.time.field.BaseDateTimeField,54
Tue Jan 16 09:50:10 AEDT 2018 Tue Jan 16 09:50:10 AEDT 2018 : org.joda.time.field.BaseDateTimeField,55=>Find no block
Tue Jan 16 09:50:10 AEDT 2018 org.joda.time.field.BaseDateTimeField,58
Tue Jan 16 09:50:11 AEDT 2018 org.joda.time.field.BaseDateTimeField,62
Tue Jan 16 09:50:12 AEDT 2018 org.joda.time.field.BaseDateTimeField,69
Tue Jan 16 09:50:13 AEDT 2018 org.joda.time.field.BaseDateTimeField,94
Tue Jan 16 09:50:15 AEDT 2018 org.joda.time.field.BaseDateTimeField,106
Tue Jan 16 09:50:58 AEDT 2018 org.joda.time.field.BaseDateTimeField,121
Tue Jan 16 09:50:59 AEDT 2018 org.joda.time.field.BaseDateTimeField,136
Tue Jan 16 09:51:00 AEDT 2018 org.joda.time.field.BaseDateTimeField,153
Tue Jan 16 09:51:37 AEDT 2018 org.joda.time.field.BaseDateTimeField,168
Tue Jan 16 09:51:38 AEDT 2018 org.joda.time.field.BaseDateTimeField,180
Tue Jan 16 09:52:21 AEDT 2018 org.joda.time.field.BaseDateTimeField,195
Tue Jan 16 09:52:22 AEDT 2018 org.joda.time.field.BaseDateTimeField,210
Tue Jan 16 09:52:23 AEDT 2018 org.joda.time.field.BaseDateTimeField,227
Tue Jan 16 09:52:24 AEDT 2018 org.joda.time.field.BaseDateTimeField,253
Tue Jan 16 09:54:19 AEDT 2018 org.joda.time.field.BaseDateTimeField,267
Tue Jan 16 09:54:19 AEDT 2018 org.joda.time.field.BaseDateTimeField,298
Tue Jan 16 09:56:02 AEDT 2018 org.joda.time.field.BaseDateTimeField,299
Tue Jan 16 09:56:03 AEDT 2018 org.joda.time.field.BaseDateTimeField,304
Tue Jan 16 09:57:49 AEDT 2018 org.joda.time.field.BaseDateTimeField,306
Tue Jan 16 10:04:42 AEDT 2018 org.joda.time.field.BaseDateTimeField,307
Tue Jan 16 10:06:42 AEDT 2018 org.joda.time.field.BaseDateTimeField,308
Tue Jan 16 10:06:43 AEDT 2018 org.joda.time.field.BaseDateTimeField,309
Tue Jan 16 10:06:43 AEDT 2018 org.joda.time.field.BaseDateTimeField,310
Tue Jan 16 10:06:43 AEDT 2018 org.joda.time.field.BaseDateTimeField,311
Tue Jan 16 10:06:43 AEDT 2018 org.joda.time.field.BaseDateTimeField,313
Tue Jan 16 10:06:44 AEDT 2018 org.joda.time.field.BaseDateTimeField,314
Tue Jan 16 10:06:44 AEDT 2018 org.joda.time.field.BaseDateTimeField,315
Tue Jan 16 10:06:44 AEDT 2018 org.joda.time.field.BaseDateTimeField,317
Tue Jan 16 10:06:44 AEDT 2018 org.joda.time.field.BaseDateTimeField,319
Tue Jan 16 10:06:44 AEDT 2018 org.joda.time.field.BaseDateTimeField,320
Tue Jan 16 10:06:45 AEDT 2018 org.joda.time.field.BaseDateTimeField,323
Tue Jan 16 10:19:10 AEDT 2018 org.joda.time.field.BaseDateTimeField,324
Tue Jan 16 10:25:39 AEDT 2018 org.joda.time.field.BaseDateTimeField,325
Tue Jan 16 10:25:39 AEDT 2018 Tue Jan 16 10:25:39 AEDT 2018 : org.joda.time.field.BaseDateTimeField,326=>Find no block
Tue Jan 16 10:25:39 AEDT 2018 org.joda.time.field.BaseDateTimeField,327
Timeout time : 18/01/16 10:26
