=================================================
Project : time_23	start : 18/01/15 19:26
Current failed test : org.joda.time.TestDateTimeZone::testForID_String_old | 18/01/15 19:27
Mon Jan 15 19:32:29 AEDT 2018 org.joda.time.DateTimeZone,314
Mon Jan 15 19:34:29 AEDT 2018 org.joda.time.DateTimeZone,562
Mon Jan 15 19:41:06 AEDT 2018 org.joda.time.DateTimeZone,563
Mon Jan 15 19:41:09 AEDT 2018 org.joda.time.DateTimeZone,564
Mon Jan 15 19:58:28 AEDT 2018 org.joda.time.DateTimeZone,565
Mon Jan 15 20:15:50 AEDT 2018 org.joda.time.DateTimeZone,566
Mon Jan 15 20:31:52 AEDT 2018 org.joda.time.DateTimeZone,567
Mon Jan 15 20:48:13 AEDT 2018 org.joda.time.DateTimeZone,568
Mon Jan 15 21:03:33 AEDT 2018 org.joda.time.DateTimeZone,569
Mon Jan 15 21:18:36 AEDT 2018 org.joda.time.DateTimeZone,570
Mon Jan 15 21:32:58 AEDT 2018 org.joda.time.DateTimeZone,571
Mon Jan 15 21:47:31 AEDT 2018 org.joda.time.DateTimeZone,572
Mon Jan 15 22:02:03 AEDT 2018 org.joda.time.DateTimeZone,573
Mon Jan 15 22:16:07 AEDT 2018 org.joda.time.DateTimeZone,574
Mon Jan 15 22:30:13 AEDT 2018 org.joda.time.DateTimeZone,575
Mon Jan 15 22:44:03 AEDT 2018 org.joda.time.DateTimeZone,576
Mon Jan 15 22:56:57 AEDT 2018 org.joda.time.DateTimeZone,577
Mon Jan 15 23:06:37 AEDT 2018 org.joda.time.DateTimeZone,578
Mon Jan 15 23:15:34 AEDT 2018 org.joda.time.DateTimeZone,579
Mon Jan 15 23:24:33 AEDT 2018 org.joda.time.DateTimeZone,580
Mon Jan 15 23:33:32 AEDT 2018 org.joda.time.DateTimeZone,581
Mon Jan 15 23:44:39 AEDT 2018 org.joda.time.DateTimeZone,582
Mon Jan 15 23:55:20 AEDT 2018 org.joda.time.DateTimeZone,583
Tue Jan 16 00:04:39 AEDT 2018 org.joda.time.DateTimeZone,584
Tue Jan 16 00:13:57 AEDT 2018 org.joda.time.DateTimeZone,585
Tue Jan 16 00:24:50 AEDT 2018 org.joda.time.DateTimeZone,586
Timeout time : 18/01/16 00:32
