=================================================
Project : time_7	start : 18/01/15 18:57
Current failed test : org.joda.time.format.TestDateTimeFormatter::testParseInto_monthDay_feb29_newYork_startOfYear | 18/01/15 18:58
Mon Jan 15 19:02:06 AEDT 2018 org.joda.time.IllegalFieldValueException,314
Mon Jan 15 19:02:19 AEDT 2018 org.joda.time.IllegalFieldValueException,323
Mon Jan 15 19:02:51 AEDT 2018 org.joda.time.IllegalFieldValueException,325
Mon Jan 15 19:02:53 AEDT 2018 org.joda.time.IllegalFieldValueException,326
Mon Jan 15 19:02:55 AEDT 2018 Mon Jan 15 19:02:55 AEDT 2018 : org.joda.time.IllegalFieldValueException,328=>Find no block
Mon Jan 15 19:02:57 AEDT 2018 Mon Jan 15 19:02:57 AEDT 2018 : org.joda.time.format.DateTimeParserBucket,373=>Find no block
Mon Jan 15 19:03:00 AEDT 2018 org.joda.time.format.DateTimeParserBucket,374
Mon Jan 15 19:07:23 AEDT 2018 org.joda.time.format.DateTimeParserBucket,375
Mon Jan 15 19:07:24 AEDT 2018 org.joda.time.format.DateTimeParserBucket,377
Mon Jan 15 19:21:43 AEDT 2018 org.joda.time.format.DateTimeFormatter,701
Mon Jan 15 19:26:40 AEDT 2018 org.joda.time.format.DateTimeFormatter,702
Mon Jan 15 19:26:43 AEDT 2018 org.joda.time.format.DateTimeFormatter,706
Mon Jan 15 19:52:44 AEDT 2018 org.joda.time.format.DateTimeFormatter,707
Mon Jan 15 20:34:20 AEDT 2018 org.joda.time.format.DateTimeFormatter,708
Mon Jan 15 21:00:12 AEDT 2018 org.joda.time.format.DateTimeFormatter,709

----------------------------------------
----------------------------------------
Pass Single Test : [=>0,0]
long instantLocal=instantMillis+chrono.getZone().getOffset(instantMillis);
int defaultYear=chrono.year().get(instantMillis);

Time : 18/01/15 21:48
----------------------------------------
Mon Jan 15 21:56:27 AEDT 2018 org.joda.time.format.DateTimeFormatter,710
Mon Jan 15 22:39:37 AEDT 2018 org.joda.time.format.DateTimeFormatter,712
Mon Jan 15 23:29:54 AEDT 2018 org.joda.time.format.DateTimeFormatter,714
Timeout time : 18/01/16 00:02
