=================================================
Project : time_8	start : 18/01/16 00:02
Current failed test : org.joda.time.TestDateTimeZone::testForOffsetHoursMinutes_int_int | 18/01/16 00:03
Tue Jan 16 00:06:57 AEDT 2018 org.joda.time.DateTimeZone,280
Tue Jan 16 00:10:47 AEDT 2018 org.joda.time.DateTimeZone,218
Tue Jan 16 00:17:02 AEDT 2018 org.joda.time.DateTimeZone,274
Tue Jan 16 00:17:08 AEDT 2018 org.joda.time.DateTimeZone,216
Tue Jan 16 00:23:29 AEDT 2018 org.joda.time.DateTimeZone,217
Tue Jan 16 00:23:31 AEDT 2018 org.joda.time.DateTimeZone,220
Tue Jan 16 00:23:32 AEDT 2018 org.joda.time.DateTimeZone,221
Tue Jan 16 00:23:34 AEDT 2018 org.joda.time.DateTimeZone,215
Tue Jan 16 00:23:35 AEDT 2018 org.joda.time.DateTimeZone,629
Tue Jan 16 00:23:43 AEDT 2018 org.joda.time.DateTimeZone,631
Tue Jan 16 00:23:48 AEDT 2018 org.joda.time.DateTimeZone,634
Tue Jan 16 00:23:53 AEDT 2018 org.joda.time.DateTimeZone,629
Tue Jan 16 00:23:54 AEDT 2018 org.joda.time.DateTimeZone,643
Tue Jan 16 00:24:03 AEDT 2018 org.joda.time.DateTimeZone,695
Tue Jan 16 00:36:03 AEDT 2018 org.joda.time.DateTimeZone,700
Tue Jan 16 00:49:05 AEDT 2018 org.joda.time.DateTimeZone,660
Tue Jan 16 02:20:06 AEDT 2018 org.joda.time.DateTimeZone,661
Tue Jan 16 02:20:08 AEDT 2018 org.joda.time.tz.ZoneInfoProvider,142
Tue Jan 16 02:20:26 AEDT 2018 org.joda.time.DateTimeZone,288
Tue Jan 16 02:23:43 AEDT 2018 org.joda.time.DateTimeZone,388
Tue Jan 16 02:39:37 AEDT 2018 org.joda.time.DateTimeZone,389
Tue Jan 16 02:55:51 AEDT 2018 org.joda.time.DateTimeZone,390
Tue Jan 16 02:55:53 AEDT 2018 org.joda.time.DateTimeZone,273
Tue Jan 16 02:55:55 AEDT 2018 org.joda.time.DateTimeZone,276
Tue Jan 16 02:57:22 AEDT 2018 org.joda.time.DateTimeZone,279
Tue Jan 16 02:57:23 AEDT 2018 org.joda.time.DateTimeZone,282
Tue Jan 16 03:47:55 AEDT 2018 org.joda.time.DateTimeZone,284
Tue Jan 16 03:50:03 AEDT 2018 org.joda.time.DateTimeZone,285
Tue Jan 16 03:50:05 AEDT 2018 org.joda.time.DateTimeZone,290
Tue Jan 16 04:18:49 AEDT 2018 Tue Jan 16 04:18:49 AEDT 2018 : org.joda.time.DateTimeZone,293=>Find no block
Tue Jan 16 04:18:51 AEDT 2018 org.joda.time.DateTimeZone,294
Tue Jan 16 04:18:56 AEDT 2018 org.joda.time.format.DateTimeFormatterBuilder,2308
Timeout time : 18/01/16 05:06
