=================================================
Project : time_11	start : 18/01/14 12:23
Current failed test : org.joda.time.tz.TestCompiler::testDateTimeZoneBuilder | 18/01/14 12:23
Sun Jan 14 12:25:18 AEDT 2018 org.joda.time.chrono.BaseChronology,276
Sun Jan 14 12:50:11 AEDT 2018 org.joda.time.chrono.BaseChronology,277
Sun Jan 14 12:50:11 AEDT 2018 org.joda.time.chrono.BaseChronology,278
Sun Jan 14 12:50:11 AEDT 2018 org.joda.time.chrono.BaseChronology,289
Sun Jan 14 12:59:02 AEDT 2018 org.joda.time.DateTimeUtils,86
Sun Jan 14 13:00:56 AEDT 2018 org.joda.time.DateTimeUtils,317
Sun Jan 14 13:01:43 AEDT 2018 org.joda.time.PeriodType,595
Sun Jan 14 13:02:28 AEDT 2018 org.joda.time.PeriodType,596
Sun Jan 14 13:02:28 AEDT 2018 org.joda.time.PeriodType,597
Sun Jan 14 13:02:29 AEDT 2018 org.joda.time.PeriodType,598
Sun Jan 14 13:02:29 AEDT 2018 Sun Jan 14 13:02:29 AEDT 2018 : org.joda.time.PeriodType,599=>Find no block
Sun Jan 14 13:02:30 AEDT 2018 org.joda.time.PeriodType,102
Sun Jan 14 13:12:03 AEDT 2018 org.joda.time.PeriodType,103
Sun Jan 14 13:13:05 AEDT 2018 org.joda.time.PeriodType,104
Sun Jan 14 13:13:06 AEDT 2018 org.joda.time.PeriodType,114
Sun Jan 14 13:13:07 AEDT 2018 org.joda.time.PeriodType,116
Sun Jan 14 13:13:08 AEDT 2018 org.joda.time.PeriodType,165
Sun Jan 14 13:13:10 AEDT 2018 org.joda.time.PeriodType,173
Sun Jan 14 13:13:11 AEDT 2018 org.joda.time.PeriodType,674
Sun Jan 14 13:13:41 AEDT 2018 org.joda.time.PeriodType,675
Sun Jan 14 13:13:42 AEDT 2018 org.joda.time.DateTimeUtils,515
Sun Jan 14 13:14:05 AEDT 2018 org.joda.time.Period,298
Sun Jan 14 13:14:07 AEDT 2018 Sun Jan 14 13:14:07 AEDT 2018 : org.joda.time.Period,299=>Find no block
Sun Jan 14 13:14:08 AEDT 2018 org.joda.time.Period,704
Sun Jan 14 13:18:29 AEDT 2018 org.joda.time.Period,713
Sun Jan 14 13:22:46 AEDT 2018 org.joda.time.base.BasePeriod,254
Sun Jan 14 13:27:37 AEDT 2018 org.joda.time.base.BasePeriod,255
Sun Jan 14 13:27:37 AEDT 2018 org.joda.time.base.BasePeriod,256
Sun Jan 14 13:27:39 AEDT 2018 org.joda.time.base.BasePeriod,257
Sun Jan 14 13:27:40 AEDT 2018 org.joda.time.base.BasePeriod,258
Sun Jan 14 13:27:40 AEDT 2018 Sun Jan 14 13:27:40 AEDT 2018 : org.joda.time.base.BasePeriod,259=>Find no block
Sun Jan 14 13:27:41 AEDT 2018 org.joda.time.base.BasePeriod,329
Sun Jan 14 13:27:43 AEDT 2018 org.joda.time.tz.DateTimeZoneBuilder,1460
Sun Jan 14 13:29:31 AEDT 2018 org.joda.time.tz.DateTimeZoneBuilder,1464
Sun Jan 14 13:29:52 AEDT 2018 org.joda.time.tz.DateTimeZoneBuilder,1465
Sun Jan 14 13:29:53 AEDT 2018 org.joda.time.tz.DateTimeZoneBuilder,800
Sun Jan 14 13:29:55 AEDT 2018 org.joda.time.tz.DateTimeZoneBuilder,804
Sun Jan 14 13:29:58 AEDT 2018 org.joda.time.chrono.GregorianChronology,209
Sun Jan 14 13:34:30 AEDT 2018 Sun Jan 14 13:34:30 AEDT 2018 : org.joda.time.base.BasePeriod,57=>Find no block
Sun Jan 14 13:34:31 AEDT 2018 org.joda.time.field.ImpreciseDateTimeField,91
Sun Jan 14 13:36:33 AEDT 2018 org.joda.time.field.BaseDateTimeField,253
Sun Jan 14 13:43:01 AEDT 2018 org.joda.time.field.PreciseDurationField,114
Sun Jan 14 13:44:25 AEDT 2018 org.joda.time.field.PreciseDurationField,115
Sun Jan 14 13:44:26 AEDT 2018 org.joda.time.field.BaseDurationField,141
Sun Jan 14 13:44:27 AEDT 2018 org.joda.time.DurationFieldType,114
Sun Jan 14 13:44:29 AEDT 2018 org.joda.time.DurationFieldType,123
Sun Jan 14 13:44:31 AEDT 2018 org.joda.time.DurationFieldType,132
Sun Jan 14 13:44:33 AEDT 2018 org.joda.time.DurationFieldType,160
Sun Jan 14 13:44:36 AEDT 2018 org.joda.time.DurationFieldType,187
Sun Jan 14 13:44:39 AEDT 2018 org.joda.time.field.PreciseDateTimeField,79
Sun Jan 14 13:49:38 AEDT 2018 org.joda.time.field.PreciseDateTimeField,82
Sun Jan 14 13:49:39 AEDT 2018 org.joda.time.field.PreciseDateTimeField,111
Sun Jan 14 14:20:17 AEDT 2018 org.joda.time.field.PreciseDateTimeField,112
Sun Jan 14 14:20:18 AEDT 2018 org.joda.time.field.PreciseDateTimeField,131
Sun Jan 14 14:20:43 AEDT 2018 org.joda.time.field.FieldUtils,100
Sun Jan 14 14:26:01 AEDT 2018 org.joda.time.field.FieldUtils,102
Sun Jan 14 14:31:20 AEDT 2018 org.joda.time.field.FieldUtils,106
Sun Jan 14 14:31:20 AEDT 2018 org.joda.time.field.FieldUtils,187
Sun Jan 14 14:31:43 AEDT 2018 org.joda.time.field.FieldUtils,188
Sun Jan 14 14:31:43 AEDT 2018 org.joda.time.field.ImpreciseDateTimeField,190
Sun Jan 14 14:32:04 AEDT 2018 org.joda.time.field.MillisDurationField,117

----------------------------------------
----------------------------------------
Pass Single Test : [=>0,0]
return INSTANCE.getValueAsLong(serialVersionUID,instant);

Time : 18/01/14 14:37
----------------------------------------
Sun Jan 14 14:41:28 AEDT 2018 org.joda.time.chrono.BaseChronology,255
Sun Jan 14 15:16:40 AEDT 2018 org.joda.time.chrono.BaseChronology,256
Sun Jan 14 15:16:41 AEDT 2018 org.joda.time.chrono.BaseChronology,257
Sun Jan 14 15:16:42 AEDT 2018 org.joda.time.chrono.BaseChronology,258
Sun Jan 14 15:16:43 AEDT 2018 org.joda.time.chrono.BaseChronology,259
Sun Jan 14 15:16:44 AEDT 2018 org.joda.time.chrono.BaseChronology,260
Sun Jan 14 15:16:45 AEDT 2018 org.joda.time.chrono.BaseChronology,261
Sun Jan 14 15:16:46 AEDT 2018 org.joda.time.chrono.BaseChronology,262
Sun Jan 14 15:16:47 AEDT 2018 org.joda.time.chrono.BaseChronology,265
Sun Jan 14 15:16:47 AEDT 2018 org.joda.time.DateTimeUtils,283
Sun Jan 14 15:17:28 AEDT 2018 org.joda.time.DateTimeUtils,316
Sun Jan 14 15:17:28 AEDT 2018 org.joda.time.DateTimeUtils,319
Sun Jan 14 15:18:32 AEDT 2018 org.joda.time.chrono.ISOChronology,86
Sun Jan 14 15:19:02 AEDT 2018 Sun Jan 14 15:19:02 AEDT 2018 : org.joda.time.chrono.ISOChronology,104=>Find no block
Sun Jan 14 15:19:02 AEDT 2018 org.joda.time.chrono.ISOChronology,105
Sun Jan 14 15:21:05 AEDT 2018 org.joda.time.chrono.ISOChronology,106
Sun Jan 14 15:23:18 AEDT 2018 Sun Jan 14 15:23:18 AEDT 2018 : org.joda.time.chrono.ISOChronology,110=>Find no block
Sun Jan 14 15:23:19 AEDT 2018 org.joda.time.chrono.ISOChronology,111
Sun Jan 14 15:25:16 AEDT 2018 org.joda.time.chrono.ISOChronology,112
Sun Jan 14 15:25:17 AEDT 2018 org.joda.time.PeriodType,163
Sun Jan 14 15:36:08 AEDT 2018 org.joda.time.PeriodType,164
Sun Jan 14 15:36:09 AEDT 2018 org.joda.time.PeriodType,175
Sun Jan 14 15:36:10 AEDT 2018 org.joda.time.PeriodType,617
Sun Jan 14 15:36:48 AEDT 2018 org.joda.time.PeriodType,628
Sun Jan 14 15:36:51 AEDT 2018 org.joda.time.DurationFieldType,282
Sun Jan 14 16:31:33 AEDT 2018 Sun Jan 14 16:31:33 AEDT 2018 : org.joda.time.DurationFieldType,284=>Find no block
Sun Jan 14 16:31:33 AEDT 2018 org.joda.time.DurationFieldType,292
Sun Jan 14 16:34:57 AEDT 2018 org.joda.time.DurationFieldType,294
Sun Jan 14 16:39:51 AEDT 2018 org.joda.time.DurationFieldType,298
Sun Jan 14 16:44:43 AEDT 2018 org.joda.time.Period,490
Sun Jan 14 16:46:04 AEDT 2018 Sun Jan 14 16:46:04 AEDT 2018 : org.joda.time.Period,491=>Find no block
Sun Jan 14 16:46:05 AEDT 2018 org.joda.time.base.BasePeriod,106
Sun Jan 14 16:50:39 AEDT 2018 org.joda.time.base.BasePeriod,107
Sun Jan 14 16:50:40 AEDT 2018 org.joda.time.base.BasePeriod,108
Sun Jan 14 16:50:40 AEDT 2018 org.joda.time.base.BasePeriod,109
Sun Jan 14 16:50:41 AEDT 2018 org.joda.time.base.BasePeriod,110
Sun Jan 14 16:50:42 AEDT 2018 Sun Jan 14 16:50:42 AEDT 2018 : org.joda.time.base.BasePeriod,111=>Find no block
Sun Jan 14 16:50:42 AEDT 2018 org.joda.time.base.BasePeriod,308
Sun Jan 14 16:51:58 AEDT 2018 org.joda.time.base.BasePeriod,318
Sun Jan 14 16:52:01 AEDT 2018 org.joda.time.base.AbstractPeriod,45
Sun Jan 14 16:52:04 AEDT 2018 Sun Jan 14 16:52:04 AEDT 2018 : org.joda.time.base.AbstractPeriod,46=>Find no block
Sun Jan 14 16:52:05 AEDT 2018 org.joda.time.base.AbstractPeriod,56
Sun Jan 14 16:52:07 AEDT 2018 org.joda.time.base.AbstractPeriod,68
Sun Jan 14 16:53:40 AEDT 2018 Sun Jan 14 16:53:40 AEDT 2018 : org.joda.time.tz.DateTimeZoneBuilder,225=>Find no block
Sun Jan 14 16:53:41 AEDT 2018 org.joda.time.tz.DateTimeZoneBuilder,226
Sun Jan 14 16:53:43 AEDT 2018 Sun Jan 14 16:53:43 AEDT 2018 : org.joda.time.tz.DateTimeZoneBuilder,227=>Find no block
Sun Jan 14 16:53:44 AEDT 2018 org.joda.time.tz.DateTimeZoneBuilder,252
Sun Jan 14 16:54:29 AEDT 2018 org.joda.time.tz.DateTimeZoneBuilder,258
Sun Jan 14 16:58:42 AEDT 2018 org.joda.time.tz.DateTimeZoneBuilder,259
Sun Jan 14 16:58:43 AEDT 2018 org.joda.time.tz.DateTimeZoneBuilder,268
Sun Jan 14 16:58:45 AEDT 2018 org.joda.time.tz.DateTimeZoneBuilder,269
Sun Jan 14 16:58:46 AEDT 2018 org.joda.time.tz.DateTimeZoneBuilder,309

----------------------------------------
----------------------------------------
Pass Single Test : [=>0,0]
if(toYear<Integer.MAX_VALUE){
OfYear ofYear=new OfYear(mode,monthOfYear,dayOfMonth,dayOfWeek,advanceDayOfWeek,millisOfDay);
Recurrence recurrence=new Recurrence(ofYear,nameKey,saveMillis);
Rule rule=new Rule(recurrence,fromYear,toYear);
getLastRuleSet().addRule(rule);
}

Time : 18/01/14 17:01
----------------------------------------

----------------------------------------
----------------------------------------
Pass Single Test : [=>0,0]
if(fromYear<=dayOfMonth){
OfYear ofYear=new OfYear(mode,monthOfYear,dayOfMonth,dayOfWeek,advanceDayOfWeek,millisOfDay);
Recurrence recurrence=new Recurrence(ofYear,nameKey,saveMillis);
Rule rule=new Rule(recurrence,fromYear,toYear);
getLastRuleSet().addRule(rule);
}

Time : 18/01/14 17:05
----------------------------------------

----------------------------------------
----------------------------------------
Pass Single Test : [=>0,0]
if(monthOfYear<=dayOfMonth){
OfYear ofYear=new OfYear(mode,monthOfYear,dayOfMonth,dayOfWeek,advanceDayOfWeek,millisOfDay);
Recurrence recurrence=new Recurrence(ofYear,nameKey,saveMillis);
Rule rule=new Rule(recurrence,fromYear,toYear);
getLastRuleSet().addRule(rule);
}

Time : 18/01/14 17:06
----------------------------------------
Sun Jan 14 17:07:20 AEDT 2018 org.joda.time.tz.DateTimeZoneBuilder,310
Sun Jan 14 17:07:20 AEDT 2018 org.joda.time.tz.DateTimeZoneBuilder,312
Sun Jan 14 17:07:21 AEDT 2018 org.joda.time.tz.DateTimeZoneBuilder,313
Sun Jan 14 17:07:22 AEDT 2018 org.joda.time.tz.DateTimeZoneBuilder,314
Sun Jan 14 17:07:23 AEDT 2018 org.joda.time.tz.DateTimeZoneBuilder,316

----------------------------------------
----------------------------------------
Pass Single Test : [=>0,0]
if(toYear<Integer.MAX_VALUE){
OfYear ofYear=new OfYear(mode,monthOfYear,dayOfMonth,dayOfWeek,advanceDayOfWeek,millisOfDay);
Recurrence recurrence=new Recurrence(ofYear,nameKey,saveMillis);
Rule rule=new Rule(recurrence,fromYear,toYear);
getLastRuleSet().addRule(rule);
}
return this;

Time : 18/01/14 17:10
----------------------------------------

----------------------------------------
----------------------------------------
Pass Single Test : [=>0,0]
if(fromYear<=dayOfMonth){
OfYear ofYear=new OfYear(mode,monthOfYear,dayOfMonth,dayOfWeek,advanceDayOfWeek,millisOfDay);
Recurrence recurrence=new Recurrence(ofYear,nameKey,saveMillis);
Rule rule=new Rule(recurrence,fromYear,toYear);
getLastRuleSet().addRule(rule);
}
return this;

Time : 18/01/14 17:14
----------------------------------------

----------------------------------------
----------------------------------------
Pass Single Test : [=>0,0]
if(monthOfYear<=dayOfMonth){
OfYear ofYear=new OfYear(mode,monthOfYear,dayOfMonth,dayOfWeek,advanceDayOfWeek,millisOfDay);
Recurrence recurrence=new Recurrence(ofYear,nameKey,saveMillis);
Rule rule=new Rule(recurrence,fromYear,toYear);
getLastRuleSet().addRule(rule);
}
return this;

Time : 18/01/14 17:16
----------------------------------------
Sun Jan 14 17:17:07 AEDT 2018 org.joda.time.tz.DateTimeZoneBuilder,320
Sun Jan 14 17:17:10 AEDT 2018 org.joda.time.tz.DateTimeZoneBuilder,323
Sun Jan 14 17:18:35 AEDT 2018 org.joda.time.tz.DateTimeZoneBuilder,333
Sun Jan 14 17:20:43 AEDT 2018 org.joda.time.tz.DateTimeZoneBuilder,339
Sun Jan 14 17:22:56 AEDT 2018 org.joda.time.tz.DateTimeZoneBuilder,343
Timeout time : 18/01/14 17:25
