=================================================
Project : time_18	start : 18/01/15 07:23
Current failed test : org.joda.time.chrono.TestGJChronology::testLeapYearRulesConstruction | 18/01/15 07:23
Mon Jan 15 07:24:06 EST 2018 org.joda.time.IllegalFieldValueException,314
Mon Jan 15 07:24:07 EST 2018 org.joda.time.chrono.GJChronology,356
Mon Jan 15 07:24:31 EST 2018 org.joda.time.chrono.GJChronology,364
Mon Jan 15 07:40:42 EST 2018 org.joda.time.field.FieldUtils,233
Mon Jan 15 07:42:27 EST 2018 org.joda.time.DateMidnight,343
Mon Jan 15 07:42:42 EST 2018 org.joda.time.chrono.GJChronology,123
Mon Jan 15 07:42:43 EST 2018 org.joda.time.IllegalFieldValueException,53
Mon Jan 15 07:46:11 EST 2018 org.joda.time.IllegalFieldValueException,50
Mon Jan 15 07:46:12 EST 2018 org.joda.time.IllegalFieldValueException,108
Mon Jan 15 07:46:12 EST 2018 org.joda.time.IllegalFieldValueException,109
Mon Jan 15 07:46:12 EST 2018 org.joda.time.IllegalFieldValueException,110
Mon Jan 15 07:46:13 EST 2018 org.joda.time.IllegalFieldValueException,111
Mon Jan 15 07:46:13 EST 2018 org.joda.time.IllegalFieldValueException,112
Mon Jan 15 07:46:13 EST 2018 org.joda.time.IllegalFieldValueException,113
Mon Jan 15 07:46:13 EST 2018 org.joda.time.IllegalFieldValueException,114
Mon Jan 15 07:46:13 EST 2018 org.joda.time.IllegalFieldValueException,115
Mon Jan 15 07:46:13 EST 2018 org.joda.time.IllegalFieldValueException,116
Mon Jan 15 07:46:13 EST 2018 Mon Jan 15 07:46:13 EST 2018 : org.joda.time.IllegalFieldValueException,117=>Find no block
Mon Jan 15 07:46:13 EST 2018 org.joda.time.IllegalFieldValueException,41
Mon Jan 15 07:49:40 EST 2018 org.joda.time.IllegalFieldValueException,44
Mon Jan 15 07:49:40 EST 2018 org.joda.time.IllegalFieldValueException,59
Mon Jan 15 07:54:55 EST 2018 org.joda.time.IllegalFieldValueException,63
Mon Jan 15 08:01:11 EST 2018 org.joda.time.chrono.GJChronology,204
Mon Jan 15 08:02:37 EST 2018 org.joda.time.chrono.GJChronology,205
Mon Jan 15 08:02:37 EST 2018 org.joda.time.chrono.GJChronology,206
Mon Jan 15 08:02:37 EST 2018 org.joda.time.chrono.GJChronology,209
Mon Jan 15 08:02:37 EST 2018 org.joda.time.chrono.GJChronology,385
Mon Jan 15 08:02:38 EST 2018 org.joda.time.chrono.GJChronology,394
Mon Jan 15 08:02:39 EST 2018 org.joda.time.chrono.GJChronology,194
Mon Jan 15 08:02:39 EST 2018 org.joda.time.Instant,144
Mon Jan 15 08:02:40 EST 2018 org.joda.time.base.AbstractInstant,260
Mon Jan 15 08:02:56 EST 2018 org.joda.time.chrono.GJChronology,189
Mon Jan 15 08:04:12 EST 2018 org.joda.time.chrono.GJChronology,191
Mon Jan 15 08:04:12 EST 2018 org.joda.time.chrono.GJChronology,199
Mon Jan 15 08:06:47 EST 2018 org.joda.time.chrono.GJChronology,200
Mon Jan 15 08:06:47 EST 2018 org.joda.time.DateTimeFieldType,378
Mon Jan 15 08:06:51 EST 2018 org.joda.time.chrono.BasicChronology,185
Mon Jan 15 08:06:52 EST 2018 org.joda.time.Instant,256
Mon Jan 15 08:06:53 EST 2018 org.joda.time.DateTimeUtils,272
Mon Jan 15 08:07:40 EST 2018 org.joda.time.DateTimeUtils,269
Mon Jan 15 08:08:10 EST 2018 org.joda.time.tz.FixedDateTimeZone,102
Mon Jan 15 08:08:11 EST 2018 org.joda.time.base.AbstractInstant,262
Mon Jan 15 08:08:27 EST 2018 org.joda.time.base.AbstractInstant,265
Mon Jan 15 08:09:57 EST 2018 org.joda.time.base.AbstractInstant,266
Mon Jan 15 08:09:57 EST 2018 org.joda.time.base.AbstractInstant,259
Mon Jan 15 08:09:57 EST 2018 org.joda.time.DateTimeZone,706
Mon Jan 15 08:10:04 EST 2018 org.joda.time.chrono.BasicChronology,167
Mon Jan 15 08:10:04 EST 2018 org.joda.time.chrono.BasicChronology,172
Mon Jan 15 08:12:08 EST 2018 org.joda.time.chrono.BasicChronology,173
Mon Jan 15 08:12:08 EST 2018 org.joda.time.chrono.BasicChronology,174
Mon Jan 15 08:12:08 EST 2018 org.joda.time.chrono.BasicChronology,175
Mon Jan 15 08:12:08 EST 2018 org.joda.time.chrono.BasicChronology,177
Mon Jan 15 08:12:08 EST 2018 org.joda.time.base.BaseDateTime,252
Mon Jan 15 08:16:49 EST 2018 org.joda.time.base.BaseDateTime,253
Mon Jan 15 08:16:49 EST 2018 org.joda.time.base.BaseDateTime,254
Mon Jan 15 08:16:49 EST 2018 org.joda.time.DateTimeFieldType,164
Mon Jan 15 08:16:50 EST 2018 org.joda.time.chrono.BasicChronology,691
Mon Jan 15 08:16:51 EST 2018 org.joda.time.DateTimeFieldType,182
Mon Jan 15 08:16:52 EST 2018 org.joda.time.chrono.BasicChronology,605
Mon Jan 15 08:18:06 EST 2018 org.joda.time.DateTimeFieldType,200
Mon Jan 15 08:18:06 EST 2018 org.joda.time.chrono.BasicChronology,603
Mon Jan 15 08:18:06 EST 2018 org.joda.time.chrono.BasicChronology,604
Mon Jan 15 08:18:07 EST 2018 org.joda.time.chrono.BasicChronology,682
Mon Jan 15 08:18:07 EST 2018 Mon Jan 15 08:18:07 EST 2018 : org.joda.time.field.FieldUtils,237=>Find no block
Mon Jan 15 08:18:07 EST 2018 org.joda.time.field.FieldUtils,232
Mon Jan 15 08:18:07 EST 2018 org.joda.time.DateTimeFieldType,218
Mon Jan 15 08:18:08 EST 2018 org.joda.time.chrono.BasicGJChronology,123
Mon Jan 15 08:18:27 EST 2018 org.joda.time.chrono.BasicGJChronology,120
Mon Jan 15 08:18:27 EST 2018 org.joda.time.base.BaseDateTime,270
Mon Jan 15 08:18:35 EST 2018 org.joda.time.chrono.GregorianChronology,221
Mon Jan 15 08:18:35 EST 2018 org.joda.time.base.AbstractDateTime,51
Mon Jan 15 08:18:36 EST 2018 Mon Jan 15 08:18:36 EST 2018 : org.joda.time.base.AbstractDateTime,52=>Find no block
Mon Jan 15 08:18:36 EST 2018 org.joda.time.DateTimeFieldType,273
Mon Jan 15 08:18:37 EST 2018 org.joda.time.chrono.GregorianChronology,225
Mon Jan 15 08:18:38 EST 2018 org.joda.time.base.AbstractInstant,61
Mon Jan 15 08:18:38 EST 2018 Mon Jan 15 08:18:38 EST 2018 : org.joda.time.base.AbstractInstant,62=>Find no block
Mon Jan 15 08:18:38 EST 2018 org.joda.time.DateTimeFieldType,318
Mon Jan 15 08:18:38 EST 2018 org.joda.time.DateTimeFieldType,327
Mon Jan 15 08:18:39 EST 2018 org.joda.time.chrono.AssembledChronology,308
Mon Jan 15 08:18:43 EST 2018 org.joda.time.chrono.GregorianChronology,197
Mon Jan 15 08:19:32 EST 2018 org.joda.time.DateTimeUtils,255
Mon Jan 15 08:19:49 EST 2018 org.joda.time.DateTimeUtils,82
Mon Jan 15 08:19:49 EST 2018 org.joda.time.DateTimeUtils,83
Mon Jan 15 08:19:49 EST 2018 Mon Jan 15 08:19:49 EST 2018 : org.joda.time.DateTimeUtils,84=>Find no block
Mon Jan 15 08:19:49 EST 2018 Mon Jan 15 08:19:49 EST 2018 : org.joda.time.DateTimeUtils,414=>Find no block
Mon Jan 15 08:19:49 EST 2018 org.joda.time.DateTimeUtils,415
Mon Jan 15 08:20:25 EST 2018 Mon Jan 15 08:20:25 EST 2018 : org.joda.time.DateTimeUtils,416=>Find no block
Mon Jan 15 08:20:25 EST 2018 org.joda.time.DateTimeUtils,68
Mon Jan 15 08:20:26 EST 2018 org.joda.time.DateTimeUtils,69
Mon Jan 15 08:20:26 EST 2018 Mon Jan 15 08:20:26 EST 2018 : org.joda.time.DateTimeUtils,70=>Find no block
Mon Jan 15 08:20:26 EST 2018 org.joda.time.DateTimeUtils,129
Mon Jan 15 08:20:27 EST 2018 org.joda.time.DateTimeUtils,130
Mon Jan 15 08:20:27 EST 2018 Mon Jan 15 08:20:27 EST 2018 : org.joda.time.DateTimeUtils,133=>Find no block
Mon Jan 15 08:20:27 EST 2018 org.joda.time.DateTimeUtils,252
Mon Jan 15 08:20:35 EST 2018 org.joda.time.DateTimeZone,174
Mon Jan 15 08:24:09 EST 2018 org.joda.time.DateTimeZone,175
Mon Jan 15 08:24:09 EST 2018 org.joda.time.DateTimeZone,178
Mon Jan 15 08:24:09 EST 2018 Mon Jan 15 08:24:09 EST 2018 : org.joda.time.DateTimeZone,181=>Find no block
Mon Jan 15 08:24:09 EST 2018 org.joda.time.DateTimeZone,182
Mon Jan 15 08:24:09 EST 2018 Mon Jan 15 08:24:09 EST 2018 : org.joda.time.DateTimeZone,183=>Find no block
Mon Jan 15 08:24:09 EST 2018 Mon Jan 15 08:24:09 EST 2018 : org.joda.time.DateTimeZone,184=>Find no block
Mon Jan 15 08:24:09 EST 2018 org.joda.time.DateTimeZone,133
Mon Jan 15 08:25:08 EST 2018 org.joda.time.DateTimeZone,134
Mon Jan 15 08:26:00 EST 2018 org.joda.time.DateTimeZone,161
Mon Jan 15 08:27:21 EST 2018 org.joda.time.chrono.BaseChronology,54
Mon Jan 15 08:27:21 EST 2018 Mon Jan 15 08:27:21 EST 2018 : org.joda.time.chrono.BaseChronology,55=>Find no block
Mon Jan 15 08:27:21 EST 2018 org.joda.time.chrono.BaseChronology,102
Mon Jan 15 08:32:52 EST 2018 org.joda.time.chrono.BaseChronology,103
Mon Jan 15 08:32:52 EST 2018 org.joda.time.chrono.BaseChronology,104
Mon Jan 15 08:32:52 EST 2018 org.joda.time.chrono.BaseChronology,105
Mon Jan 15 08:32:52 EST 2018 org.joda.time.chrono.BaseChronology,132
Mon Jan 15 08:40:21 EST 2018 org.joda.time.chrono.BaseChronology,133
Mon Jan 15 08:40:21 EST 2018 org.joda.time.chrono.BaseChronology,134
Mon Jan 15 08:40:21 EST 2018 org.joda.time.chrono.BaseChronology,135
Mon Jan 15 08:40:21 EST 2018 org.joda.time.chrono.BaseChronology,136
Mon Jan 15 08:40:21 EST 2018 org.joda.time.chrono.BaseChronology,137
Mon Jan 15 08:40:21 EST 2018 org.joda.time.chrono.BaseChronology,138
Mon Jan 15 08:40:21 EST 2018 org.joda.time.chrono.BaseChronology,163
Mon Jan 15 08:44:42 EST 2018 org.joda.time.chrono.BaseChronology,164
Mon Jan 15 08:44:42 EST 2018 org.joda.time.chrono.BaseChronology,165
Mon Jan 15 08:44:42 EST 2018 org.joda.time.chrono.BaseChronology,166
Mon Jan 15 08:44:42 EST 2018 org.joda.time.chrono.BaseChronology,183
Mon Jan 15 09:04:04 EST 2018 org.joda.time.chrono.BaseChronology,184
Mon Jan 15 09:04:04 EST 2018 org.joda.time.chrono.BaseChronology,185
Mon Jan 15 09:04:05 EST 2018 org.joda.time.chrono.BaseChronology,186
Mon Jan 15 09:04:05 EST 2018 org.joda.time.chrono.BaseChronology,187
Mon Jan 15 09:04:05 EST 2018 org.joda.time.chrono.BaseChronology,188
Mon Jan 15 09:04:05 EST 2018 org.joda.time.chrono.BaseChronology,192
Mon Jan 15 09:04:05 EST 2018 org.joda.time.chrono.BaseChronology,193
Mon Jan 15 09:04:05 EST 2018 org.joda.time.chrono.BaseChronology,199
Mon Jan 15 09:22:20 EST 2018 org.joda.time.chrono.BaseChronology,200
Mon Jan 15 09:22:20 EST 2018 org.joda.time.chrono.BaseChronology,201
Mon Jan 15 09:22:20 EST 2018 org.joda.time.chrono.BaseChronology,202
Mon Jan 15 09:22:20 EST 2018 org.joda.time.chrono.BaseChronology,203
Mon Jan 15 09:22:20 EST 2018 org.joda.time.chrono.BaseChronology,207
Mon Jan 15 09:22:20 EST 2018 org.joda.time.chrono.BaseChronology,208
Mon Jan 15 09:22:20 EST 2018 Mon Jan 15 09:22:20 EST 2018 : org.joda.time.chrono.BaseChronology,213=>Find no block
Mon Jan 15 09:22:20 EST 2018 org.joda.time.chrono.BaseChronology,223
Mon Jan 15 09:27:07 EST 2018 org.joda.time.chrono.BaseChronology,224
Mon Jan 15 09:27:07 EST 2018 org.joda.time.chrono.BaseChronology,225
Mon Jan 15 09:27:07 EST 2018 org.joda.time.chrono.BaseChronology,226
Mon Jan 15 09:27:07 EST 2018 org.joda.time.chrono.BaseChronology,228
Mon Jan 15 09:27:07 EST 2018 org.joda.time.chrono.BaseChronology,239
Mon Jan 15 09:29:14 EST 2018 org.joda.time.chrono.BaseChronology,240
Mon Jan 15 09:29:14 EST 2018 org.joda.time.chrono.BaseChronology,242
Mon Jan 15 09:30:59 EST 2018 org.joda.time.chrono.BaseChronology,255
Mon Jan 15 09:40:03 EST 2018 org.joda.time.chrono.BaseChronology,256
Mon Jan 15 09:40:03 EST 2018 org.joda.time.chrono.BaseChronology,257
Mon Jan 15 09:40:03 EST 2018 org.joda.time.chrono.BaseChronology,258
Mon Jan 15 09:40:03 EST 2018 org.joda.time.chrono.BaseChronology,259
Mon Jan 15 09:40:03 EST 2018 org.joda.time.chrono.BaseChronology,260
Mon Jan 15 09:40:03 EST 2018 org.joda.time.chrono.BaseChronology,261
Mon Jan 15 09:40:03 EST 2018 org.joda.time.chrono.BaseChronology,262
Mon Jan 15 09:40:03 EST 2018 org.joda.time.chrono.BaseChronology,265
Mon Jan 15 09:40:03 EST 2018 org.joda.time.chrono.BaseChronology,276
Mon Jan 15 09:48:34 EST 2018 org.joda.time.chrono.BaseChronology,277
Mon Jan 15 09:48:34 EST 2018 org.joda.time.chrono.BaseChronology,278
Mon Jan 15 09:48:34 EST 2018 org.joda.time.chrono.BaseChronology,279
Mon Jan 15 09:48:34 EST 2018 org.joda.time.chrono.BaseChronology,280
Mon Jan 15 09:48:34 EST 2018 org.joda.time.chrono.BaseChronology,281
Mon Jan 15 09:48:34 EST 2018 org.joda.time.chrono.BaseChronology,282
Mon Jan 15 09:48:34 EST 2018 org.joda.time.chrono.BaseChronology,283
Mon Jan 15 09:48:34 EST 2018 org.joda.time.chrono.BaseChronology,284
Mon Jan 15 09:48:34 EST 2018 org.joda.time.chrono.BaseChronology,285
Mon Jan 15 09:48:34 EST 2018 org.joda.time.chrono.BaseChronology,289
Mon Jan 15 09:51:21 EST 2018 org.joda.time.chrono.BaseChronology,301
Mon Jan 15 09:58:14 EST 2018 org.joda.time.chrono.BaseChronology,302
Mon Jan 15 09:58:14 EST 2018 org.joda.time.chrono.BaseChronology,303
Mon Jan 15 09:58:14 EST 2018 org.joda.time.chrono.BaseChronology,304
Mon Jan 15 09:58:14 EST 2018 org.joda.time.chrono.BaseChronology,305
Mon Jan 15 09:58:14 EST 2018 org.joda.time.chrono.BaseChronology,309
Mon Jan 15 10:02:24 EST 2018 org.joda.time.chrono.BaseChronology,322
Mon Jan 15 10:05:14 EST 2018 org.joda.time.chrono.BaseChronology,323
Mon Jan 15 10:05:14 EST 2018 org.joda.time.chrono.BaseChronology,325
Mon Jan 15 10:09:21 EST 2018 org.joda.time.chrono.BaseChronology,326
Mon Jan 15 10:09:21 EST 2018 org.joda.time.chrono.BaseChronology,337
Mon Jan 15 10:09:22 EST 2018 org.joda.time.chrono.BaseChronology,346
Mon Jan 15 10:09:22 EST 2018 org.joda.time.chrono.BaseChronology,355
Mon Jan 15 10:09:23 EST 2018 org.joda.time.chrono.BaseChronology,366
Mon Jan 15 10:09:27 EST 2018 org.joda.time.chrono.BaseChronology,375
Mon Jan 15 10:09:28 EST 2018 org.joda.time.chrono.BaseChronology,384
Mon Jan 15 10:09:29 EST 2018 org.joda.time.chrono.BaseChronology,395
Mon Jan 15 10:09:33 EST 2018 org.joda.time.chrono.BaseChronology,404
Mon Jan 15 10:09:34 EST 2018 org.joda.time.chrono.BaseChronology,413
Mon Jan 15 10:09:34 EST 2018 org.joda.time.chrono.BaseChronology,424
Mon Jan 15 10:09:38 EST 2018 org.joda.time.chrono.BaseChronology,433
Mon Jan 15 10:09:39 EST 2018 org.joda.time.chrono.BaseChronology,442
Mon Jan 15 10:09:40 EST 2018 org.joda.time.chrono.BaseChronology,453
Mon Jan 15 10:09:41 EST 2018 org.joda.time.chrono.BaseChronology,462
Mon Jan 15 10:09:42 EST 2018 org.joda.time.chrono.BaseChronology,471
Mon Jan 15 10:09:42 EST 2018 org.joda.time.chrono.BaseChronology,480
Mon Jan 15 10:09:43 EST 2018 org.joda.time.chrono.BaseChronology,491
Mon Jan 15 10:09:47 EST 2018 org.joda.time.chrono.BaseChronology,504
Mon Jan 15 10:09:48 EST 2018 org.joda.time.chrono.BaseChronology,513
Mon Jan 15 10:09:59 EST 2018 org.joda.time.chrono.BaseChronology,522
Mon Jan 15 10:09:59 EST 2018 org.joda.time.chrono.BaseChronology,533
Mon Jan 15 10:10:03 EST 2018 org.joda.time.chrono.BaseChronology,542
Mon Jan 15 10:10:04 EST 2018 org.joda.time.chrono.BaseChronology,553
Mon Jan 15 10:10:05 EST 2018 org.joda.time.chrono.BaseChronology,562
Mon Jan 15 10:10:06 EST 2018 org.joda.time.chrono.BaseChronology,571
Failed time : 18/01/15 10:10
