=================================================
Project : time_2	start : 18/01/14 11:48
Current failed test : org.joda.time.TestPartial_Basics::testWith_baseAndArgHaveNoRange_purify_1 | 18/01/14 11:50
Sun Jan 14 11:54:53 AEDT 2018 org.joda.time.Partial,224

----------------------------------------
----------------------------------------
Pass Single Test : [=>0,0]
if(loopType.getRangeDurationType()!=null){
throw new IllegalArgumentException("Types array must not contain duplicate: "+types[i-1].getName());
}

Time : 18/01/14 11:57
----------------------------------------

----------------------------------------
----------------------------------------
Pass Single Test : [=>0,0]
if(loopType.getRangeDurationType()!=null){
throw new ClassCastException("ReadablePartial objects must have matching field types");
}

Time : 18/01/14 12:00
----------------------------------------
Sun Jan 14 12:02:16 AEDT 2018 org.joda.time.field.UnsupportedDurationField,227
Sun Jan 14 12:02:17 AEDT 2018 org.joda.time.Partial,223
Sun Jan 14 12:02:17 AEDT 2018 org.joda.time.DurationFieldType,286

----------------------------------------
----------------------------------------
Pass Single Test : [=>0,0]
case ERAS :
return chronology.months();


Time : 18/01/14 12:07
----------------------------------------

----------------------------------------
----------------------------------------
Pass Single Test : [=>0,0]
case ERAS :
return chronology.days();


Time : 18/01/14 12:08
----------------------------------------

----------------------------------------
----------------------------------------
Pass Single Test : [=>0,0]
case ERAS :
return chronology.hours();


Time : 18/01/14 12:10
----------------------------------------

----------------------------------------
----------------------------------------
Pass Single Test : [=>0,0]
case ERAS :
return chronology.seconds();


Time : 18/01/14 12:11
----------------------------------------

----------------------------------------
----------------------------------------
Pass Single Test : [=>0,0]
case ERAS :
return chronology.months();

case CENTURIES :


Time : 18/01/14 12:14
----------------------------------------

----------------------------------------
----------------------------------------
Pass Single Test : [=>0,0]
case ERAS :
return chronology.days();

case CENTURIES :


Time : 18/01/14 12:15
----------------------------------------

----------------------------------------
----------------------------------------
Pass Single Test : [=>0,0]
case ERAS :
return chronology.hours();

case CENTURIES :


Time : 18/01/14 12:16
----------------------------------------

----------------------------------------
----------------------------------------
Pass Single Test : [=>0,0]
case ERAS :
return chronology.seconds();

case CENTURIES :


Time : 18/01/14 12:17
----------------------------------------
Sun Jan 14 12:18:30 AEDT 2018 org.joda.time.Partial,222
Sun Jan 14 12:51:19 AEDT 2018 Sun Jan 14 12:51:19 AEDT 2018 : org.joda.time.Partial,140=>Find no block
Sun Jan 14 12:51:20 AEDT 2018 Sun Jan 14 12:51:20 AEDT 2018 : org.joda.time.Partial,162=>Find no block
Sun Jan 14 12:51:20 AEDT 2018 org.joda.time.Partial,139
Sun Jan 14 12:51:22 AEDT 2018 org.joda.time.Partial,159
Sun Jan 14 13:06:52 AEDT 2018 org.joda.time.Partial,160
Sun Jan 14 13:06:53 AEDT 2018 org.joda.time.Partial,161
Sun Jan 14 13:06:53 AEDT 2018 org.joda.time.Partial,153
Sun Jan 14 13:06:53 AEDT 2018 org.joda.time.Partial,154
Sun Jan 14 13:06:54 AEDT 2018 org.joda.time.Partial,155
Sun Jan 14 13:06:54 AEDT 2018 org.joda.time.Partial,156
Sun Jan 14 13:06:54 AEDT 2018 org.joda.time.Partial,434
Sun Jan 14 13:09:08 AEDT 2018 org.joda.time.Partial,435
Sun Jan 14 13:09:10 AEDT 2018 org.joda.time.Partial,438
Sun Jan 14 13:20:40 AEDT 2018 org.joda.time.Partial,439
Sun Jan 14 13:20:41 AEDT 2018 org.joda.time.Partial,440
Timeout time : 18/01/14 13:34
Current failed test : org.joda.time.TestPartial_Basics::testWith_baseAndArgHaveNoRange_purify_2 | 18/01/14 13:34
Sun Jan 14 13:39:13 AEDT 2018 org.joda.time.Partial,224

----------------------------------------
----------------------------------------
Pass Single Test : [=>0,0]
if(loopType.getRangeDurationType()!=null){
throw new IllegalArgumentException("Types array must not contain duplicate: "+types[i-1].getName());
}

Time : 18/01/14 13:42
----------------------------------------

----------------------------------------
----------------------------------------
Pass Single Test : [=>0,0]
if(loopType.getRangeDurationType()!=null){
throw new ClassCastException("ReadablePartial objects must have matching field types");
}

Time : 18/01/14 13:45
----------------------------------------
Sun Jan 14 13:47:26 AEDT 2018 org.joda.time.field.UnsupportedDurationField,227
Sun Jan 14 13:47:28 AEDT 2018 org.joda.time.Partial,223
Sun Jan 14 13:47:29 AEDT 2018 org.joda.time.DurationFieldType,286
Sun Jan 14 13:57:22 AEDT 2018 org.joda.time.Partial,222
Sun Jan 14 14:32:52 AEDT 2018 Sun Jan 14 14:32:52 AEDT 2018 : org.joda.time.Partial,140=>Find no block
Sun Jan 14 14:32:52 AEDT 2018 Sun Jan 14 14:32:52 AEDT 2018 : org.joda.time.Partial,162=>Find no block
Sun Jan 14 14:32:53 AEDT 2018 org.joda.time.Partial,139
Sun Jan 14 14:32:55 AEDT 2018 org.joda.time.Partial,159
Sun Jan 14 14:50:36 AEDT 2018 org.joda.time.Partial,160
Sun Jan 14 14:50:36 AEDT 2018 org.joda.time.Partial,161
Sun Jan 14 14:50:37 AEDT 2018 org.joda.time.Partial,153
Sun Jan 14 14:50:38 AEDT 2018 org.joda.time.Partial,154
Sun Jan 14 14:50:38 AEDT 2018 org.joda.time.Partial,155
Sun Jan 14 14:50:39 AEDT 2018 org.joda.time.Partial,156
Sun Jan 14 14:50:40 AEDT 2018 org.joda.time.Partial,434
Sun Jan 14 14:52:59 AEDT 2018 org.joda.time.Partial,435
Sun Jan 14 14:53:02 AEDT 2018 org.joda.time.Partial,438
Sun Jan 14 15:05:12 AEDT 2018 org.joda.time.Partial,439
Sun Jan 14 15:05:13 AEDT 2018 org.joda.time.Partial,440
Timeout time : 18/01/14 15:19
Current failed test : org.joda.time.TestPartial_Basics::testWith_baseAndArgHaveNoRange_purify_3 | 18/01/14 15:19
Sun Jan 14 15:23:20 AEDT 2018 org.joda.time.Partial,224

----------------------------------------
----------------------------------------
Pass Single Test : [=>0,0]
if(loopType.getRangeDurationType()!=null){
throw new IllegalArgumentException("Types array must not contain duplicate: "+types[i-1].getName());
}

Time : 18/01/14 15:26
----------------------------------------

----------------------------------------
----------------------------------------
Pass Single Test : [=>0,0]
if(loopType.getRangeDurationType()!=null){
throw new ClassCastException("ReadablePartial objects must have matching field types");
}

Time : 18/01/14 15:29
----------------------------------------
Sun Jan 14 15:31:36 AEDT 2018 org.joda.time.field.UnsupportedDurationField,227
Sun Jan 14 15:31:38 AEDT 2018 org.joda.time.Partial,223
Sun Jan 14 15:31:39 AEDT 2018 org.joda.time.DurationFieldType,286
Sun Jan 14 15:42:13 AEDT 2018 org.joda.time.Partial,222
Sun Jan 14 16:20:26 AEDT 2018 Sun Jan 14 16:20:26 AEDT 2018 : org.joda.time.Partial,140=>Find no block
Sun Jan 14 16:20:27 AEDT 2018 Sun Jan 14 16:20:27 AEDT 2018 : org.joda.time.Partial,162=>Find no block
Sun Jan 14 16:20:28 AEDT 2018 org.joda.time.Partial,139
Sun Jan 14 16:20:30 AEDT 2018 org.joda.time.Partial,159
Sun Jan 14 16:38:04 AEDT 2018 org.joda.time.Partial,160
Sun Jan 14 16:38:05 AEDT 2018 org.joda.time.Partial,161
Sun Jan 14 16:38:06 AEDT 2018 org.joda.time.Partial,153
Sun Jan 14 16:38:06 AEDT 2018 org.joda.time.Partial,154
Sun Jan 14 16:38:07 AEDT 2018 org.joda.time.Partial,155
Sun Jan 14 16:38:08 AEDT 2018 org.joda.time.Partial,156
Sun Jan 14 16:38:10 AEDT 2018 org.joda.time.Partial,434
Sun Jan 14 16:40:28 AEDT 2018 org.joda.time.Partial,435
Sun Jan 14 16:40:29 AEDT 2018 org.joda.time.Partial,438
Sun Jan 14 16:52:41 AEDT 2018 org.joda.time.Partial,439
Sun Jan 14 16:52:42 AEDT 2018 org.joda.time.Partial,440
Timeout time : 18/01/14 17:03
